[2024-05-12T20:20:32.856+0500] {processor.py:161} INFO - Started process (PID=9214) to work on /home/awahab02/mlops_assignment_2/myenv/lib/python3.10/site-packages/airflow/example_dags/subdags/subdag.py
[2024-05-12T20:20:32.857+0500] {processor.py:830} INFO - Processing file /home/awahab02/mlops_assignment_2/myenv/lib/python3.10/site-packages/airflow/example_dags/subdags/subdag.py for tasks to queue
[2024-05-12T20:20:32.859+0500] {logging_mixin.py:188} INFO - [2024-05-12T20:20:32.858+0500] {dagbag.py:545} INFO - Filling up the DagBag from /home/awahab02/mlops_assignment_2/myenv/lib/python3.10/site-packages/airflow/example_dags/subdags/subdag.py
[2024-05-12T20:20:32.860+0500] {processor.py:842} WARNING - No viable dags retrieved from /home/awahab02/mlops_assignment_2/myenv/lib/python3.10/site-packages/airflow/example_dags/subdags/subdag.py
[2024-05-12T20:20:32.868+0500] {processor.py:183} INFO - Processing /home/awahab02/mlops_assignment_2/myenv/lib/python3.10/site-packages/airflow/example_dags/subdags/subdag.py took 0.017 seconds
[2024-05-12T20:21:31.163+0500] {processor.py:161} INFO - Started process (PID=9571) to work on /home/awahab02/mlops_assignment_2/myenv/lib/python3.10/site-packages/airflow/example_dags/subdags/subdag.py
[2024-05-12T20:21:31.175+0500] {processor.py:830} INFO - Processing file /home/awahab02/mlops_assignment_2/myenv/lib/python3.10/site-packages/airflow/example_dags/subdags/subdag.py for tasks to queue
[2024-05-12T20:21:31.176+0500] {logging_mixin.py:188} INFO - [2024-05-12T20:21:31.176+0500] {dagbag.py:545} INFO - Filling up the DagBag from /home/awahab02/mlops_assignment_2/myenv/lib/python3.10/site-packages/airflow/example_dags/subdags/subdag.py
[2024-05-12T20:21:31.178+0500] {processor.py:842} WARNING - No viable dags retrieved from /home/awahab02/mlops_assignment_2/myenv/lib/python3.10/site-packages/airflow/example_dags/subdags/subdag.py
[2024-05-12T20:21:31.186+0500] {processor.py:183} INFO - Processing /home/awahab02/mlops_assignment_2/myenv/lib/python3.10/site-packages/airflow/example_dags/subdags/subdag.py took 0.028 seconds
[2024-05-12T20:22:17.359+0500] {processor.py:161} INFO - Started process (PID=9758) to work on /home/awahab02/mlops_assignment_2/myenv/lib/python3.10/site-packages/airflow/example_dags/subdags/subdag.py
[2024-05-12T20:22:17.360+0500] {processor.py:830} INFO - Processing file /home/awahab02/mlops_assignment_2/myenv/lib/python3.10/site-packages/airflow/example_dags/subdags/subdag.py for tasks to queue
[2024-05-12T20:22:17.362+0500] {logging_mixin.py:188} INFO - [2024-05-12T20:22:17.361+0500] {dagbag.py:545} INFO - Filling up the DagBag from /home/awahab02/mlops_assignment_2/myenv/lib/python3.10/site-packages/airflow/example_dags/subdags/subdag.py
[2024-05-12T20:22:17.363+0500] {processor.py:842} WARNING - No viable dags retrieved from /home/awahab02/mlops_assignment_2/myenv/lib/python3.10/site-packages/airflow/example_dags/subdags/subdag.py
[2024-05-12T20:22:17.371+0500] {processor.py:183} INFO - Processing /home/awahab02/mlops_assignment_2/myenv/lib/python3.10/site-packages/airflow/example_dags/subdags/subdag.py took 0.017 seconds
[2024-05-12T20:23:06.645+0500] {processor.py:161} INFO - Started process (PID=10076) to work on /home/awahab02/mlops_assignment_2/myenv/lib/python3.10/site-packages/airflow/example_dags/subdags/subdag.py
[2024-05-12T20:23:06.699+0500] {processor.py:830} INFO - Processing file /home/awahab02/mlops_assignment_2/myenv/lib/python3.10/site-packages/airflow/example_dags/subdags/subdag.py for tasks to queue
[2024-05-12T20:23:06.701+0500] {logging_mixin.py:188} INFO - [2024-05-12T20:23:06.700+0500] {dagbag.py:545} INFO - Filling up the DagBag from /home/awahab02/mlops_assignment_2/myenv/lib/python3.10/site-packages/airflow/example_dags/subdags/subdag.py
[2024-05-12T20:23:06.703+0500] {processor.py:842} WARNING - No viable dags retrieved from /home/awahab02/mlops_assignment_2/myenv/lib/python3.10/site-packages/airflow/example_dags/subdags/subdag.py
[2024-05-12T20:23:06.712+0500] {processor.py:183} INFO - Processing /home/awahab02/mlops_assignment_2/myenv/lib/python3.10/site-packages/airflow/example_dags/subdags/subdag.py took 0.072 seconds
[2024-05-12T20:23:48.187+0500] {processor.py:161} INFO - Started process (PID=10437) to work on /home/awahab02/mlops_assignment_2/myenv/lib/python3.10/site-packages/airflow/example_dags/subdags/subdag.py
[2024-05-12T20:23:48.188+0500] {processor.py:830} INFO - Processing file /home/awahab02/mlops_assignment_2/myenv/lib/python3.10/site-packages/airflow/example_dags/subdags/subdag.py for tasks to queue
[2024-05-12T20:23:48.190+0500] {logging_mixin.py:188} INFO - [2024-05-12T20:23:48.190+0500] {dagbag.py:545} INFO - Filling up the DagBag from /home/awahab02/mlops_assignment_2/myenv/lib/python3.10/site-packages/airflow/example_dags/subdags/subdag.py
[2024-05-12T20:23:48.192+0500] {processor.py:842} WARNING - No viable dags retrieved from /home/awahab02/mlops_assignment_2/myenv/lib/python3.10/site-packages/airflow/example_dags/subdags/subdag.py
[2024-05-12T20:23:48.200+0500] {processor.py:183} INFO - Processing /home/awahab02/mlops_assignment_2/myenv/lib/python3.10/site-packages/airflow/example_dags/subdags/subdag.py took 0.018 seconds
[2024-05-12T20:24:30.556+0500] {processor.py:161} INFO - Started process (PID=10634) to work on /home/awahab02/mlops_assignment_2/myenv/lib/python3.10/site-packages/airflow/example_dags/subdags/subdag.py
[2024-05-12T20:24:30.582+0500] {processor.py:830} INFO - Processing file /home/awahab02/mlops_assignment_2/myenv/lib/python3.10/site-packages/airflow/example_dags/subdags/subdag.py for tasks to queue
[2024-05-12T20:24:30.583+0500] {logging_mixin.py:188} INFO - [2024-05-12T20:24:30.583+0500] {dagbag.py:545} INFO - Filling up the DagBag from /home/awahab02/mlops_assignment_2/myenv/lib/python3.10/site-packages/airflow/example_dags/subdags/subdag.py
[2024-05-12T20:24:30.584+0500] {processor.py:842} WARNING - No viable dags retrieved from /home/awahab02/mlops_assignment_2/myenv/lib/python3.10/site-packages/airflow/example_dags/subdags/subdag.py
[2024-05-12T20:24:30.591+0500] {processor.py:183} INFO - Processing /home/awahab02/mlops_assignment_2/myenv/lib/python3.10/site-packages/airflow/example_dags/subdags/subdag.py took 0.041 seconds
[2024-05-12T20:25:08.395+0500] {processor.py:161} INFO - Started process (PID=10804) to work on /home/awahab02/mlops_assignment_2/myenv/lib/python3.10/site-packages/airflow/example_dags/subdags/subdag.py
[2024-05-12T20:25:08.396+0500] {processor.py:830} INFO - Processing file /home/awahab02/mlops_assignment_2/myenv/lib/python3.10/site-packages/airflow/example_dags/subdags/subdag.py for tasks to queue
[2024-05-12T20:25:08.398+0500] {logging_mixin.py:188} INFO - [2024-05-12T20:25:08.397+0500] {dagbag.py:545} INFO - Filling up the DagBag from /home/awahab02/mlops_assignment_2/myenv/lib/python3.10/site-packages/airflow/example_dags/subdags/subdag.py
[2024-05-12T20:25:08.399+0500] {processor.py:842} WARNING - No viable dags retrieved from /home/awahab02/mlops_assignment_2/myenv/lib/python3.10/site-packages/airflow/example_dags/subdags/subdag.py
[2024-05-12T20:25:08.408+0500] {processor.py:183} INFO - Processing /home/awahab02/mlops_assignment_2/myenv/lib/python3.10/site-packages/airflow/example_dags/subdags/subdag.py took 0.019 seconds
[2024-05-12T20:25:49.884+0500] {processor.py:161} INFO - Started process (PID=11042) to work on /home/awahab02/mlops_assignment_2/myenv/lib/python3.10/site-packages/airflow/example_dags/subdags/subdag.py
[2024-05-12T20:25:49.926+0500] {processor.py:830} INFO - Processing file /home/awahab02/mlops_assignment_2/myenv/lib/python3.10/site-packages/airflow/example_dags/subdags/subdag.py for tasks to queue
[2024-05-12T20:25:49.928+0500] {logging_mixin.py:188} INFO - [2024-05-12T20:25:49.927+0500] {dagbag.py:545} INFO - Filling up the DagBag from /home/awahab02/mlops_assignment_2/myenv/lib/python3.10/site-packages/airflow/example_dags/subdags/subdag.py
[2024-05-12T20:25:49.930+0500] {processor.py:842} WARNING - No viable dags retrieved from /home/awahab02/mlops_assignment_2/myenv/lib/python3.10/site-packages/airflow/example_dags/subdags/subdag.py
[2024-05-12T20:25:49.938+0500] {processor.py:183} INFO - Processing /home/awahab02/mlops_assignment_2/myenv/lib/python3.10/site-packages/airflow/example_dags/subdags/subdag.py took 0.060 seconds
[2024-05-12T20:26:32.815+0500] {processor.py:161} INFO - Started process (PID=11249) to work on /home/awahab02/mlops_assignment_2/myenv/lib/python3.10/site-packages/airflow/example_dags/subdags/subdag.py
[2024-05-12T20:26:32.835+0500] {processor.py:830} INFO - Processing file /home/awahab02/mlops_assignment_2/myenv/lib/python3.10/site-packages/airflow/example_dags/subdags/subdag.py for tasks to queue
[2024-05-12T20:26:32.836+0500] {logging_mixin.py:188} INFO - [2024-05-12T20:26:32.836+0500] {dagbag.py:545} INFO - Filling up the DagBag from /home/awahab02/mlops_assignment_2/myenv/lib/python3.10/site-packages/airflow/example_dags/subdags/subdag.py
[2024-05-12T20:26:32.837+0500] {processor.py:842} WARNING - No viable dags retrieved from /home/awahab02/mlops_assignment_2/myenv/lib/python3.10/site-packages/airflow/example_dags/subdags/subdag.py
[2024-05-12T20:26:32.845+0500] {processor.py:183} INFO - Processing /home/awahab02/mlops_assignment_2/myenv/lib/python3.10/site-packages/airflow/example_dags/subdags/subdag.py took 0.035 seconds
[2024-05-12T20:27:15.971+0500] {processor.py:161} INFO - Started process (PID=11637) to work on /home/awahab02/mlops_assignment_2/myenv/lib/python3.10/site-packages/airflow/example_dags/subdags/subdag.py
[2024-05-12T20:27:16.012+0500] {processor.py:830} INFO - Processing file /home/awahab02/mlops_assignment_2/myenv/lib/python3.10/site-packages/airflow/example_dags/subdags/subdag.py for tasks to queue
[2024-05-12T20:27:16.013+0500] {logging_mixin.py:188} INFO - [2024-05-12T20:27:16.013+0500] {dagbag.py:545} INFO - Filling up the DagBag from /home/awahab02/mlops_assignment_2/myenv/lib/python3.10/site-packages/airflow/example_dags/subdags/subdag.py
[2024-05-12T20:27:16.016+0500] {processor.py:842} WARNING - No viable dags retrieved from /home/awahab02/mlops_assignment_2/myenv/lib/python3.10/site-packages/airflow/example_dags/subdags/subdag.py
[2024-05-12T20:27:16.023+0500] {processor.py:183} INFO - Processing /home/awahab02/mlops_assignment_2/myenv/lib/python3.10/site-packages/airflow/example_dags/subdags/subdag.py took 0.058 seconds
[2024-05-12T20:27:42.990+0500] {processor.py:161} INFO - Started process (PID=11881) to work on /home/awahab02/mlops_assignment_2/myenv/lib/python3.10/site-packages/airflow/example_dags/subdags/subdag.py
[2024-05-12T20:27:42.991+0500] {processor.py:830} INFO - Processing file /home/awahab02/mlops_assignment_2/myenv/lib/python3.10/site-packages/airflow/example_dags/subdags/subdag.py for tasks to queue
[2024-05-12T20:27:42.992+0500] {logging_mixin.py:188} INFO - [2024-05-12T20:27:42.992+0500] {dagbag.py:545} INFO - Filling up the DagBag from /home/awahab02/mlops_assignment_2/myenv/lib/python3.10/site-packages/airflow/example_dags/subdags/subdag.py
[2024-05-12T20:27:42.994+0500] {processor.py:842} WARNING - No viable dags retrieved from /home/awahab02/mlops_assignment_2/myenv/lib/python3.10/site-packages/airflow/example_dags/subdags/subdag.py
[2024-05-12T20:27:43.001+0500] {processor.py:183} INFO - Processing /home/awahab02/mlops_assignment_2/myenv/lib/python3.10/site-packages/airflow/example_dags/subdags/subdag.py took 0.016 seconds
[2024-05-12T20:28:33.310+0500] {processor.py:161} INFO - Started process (PID=12178) to work on /home/awahab02/mlops_assignment_2/myenv/lib/python3.10/site-packages/airflow/example_dags/subdags/subdag.py
[2024-05-12T20:28:33.338+0500] {processor.py:830} INFO - Processing file /home/awahab02/mlops_assignment_2/myenv/lib/python3.10/site-packages/airflow/example_dags/subdags/subdag.py for tasks to queue
[2024-05-12T20:28:33.339+0500] {logging_mixin.py:188} INFO - [2024-05-12T20:28:33.339+0500] {dagbag.py:545} INFO - Filling up the DagBag from /home/awahab02/mlops_assignment_2/myenv/lib/python3.10/site-packages/airflow/example_dags/subdags/subdag.py
[2024-05-12T20:28:33.341+0500] {processor.py:842} WARNING - No viable dags retrieved from /home/awahab02/mlops_assignment_2/myenv/lib/python3.10/site-packages/airflow/example_dags/subdags/subdag.py
[2024-05-12T20:28:33.349+0500] {processor.py:183} INFO - Processing /home/awahab02/mlops_assignment_2/myenv/lib/python3.10/site-packages/airflow/example_dags/subdags/subdag.py took 0.044 seconds
[2024-05-12T20:29:19.558+0500] {processor.py:161} INFO - Started process (PID=12395) to work on /home/awahab02/mlops_assignment_2/myenv/lib/python3.10/site-packages/airflow/example_dags/subdags/subdag.py
[2024-05-12T20:29:19.584+0500] {processor.py:830} INFO - Processing file /home/awahab02/mlops_assignment_2/myenv/lib/python3.10/site-packages/airflow/example_dags/subdags/subdag.py for tasks to queue
[2024-05-12T20:29:19.585+0500] {logging_mixin.py:188} INFO - [2024-05-12T20:29:19.585+0500] {dagbag.py:545} INFO - Filling up the DagBag from /home/awahab02/mlops_assignment_2/myenv/lib/python3.10/site-packages/airflow/example_dags/subdags/subdag.py
[2024-05-12T20:29:19.587+0500] {processor.py:842} WARNING - No viable dags retrieved from /home/awahab02/mlops_assignment_2/myenv/lib/python3.10/site-packages/airflow/example_dags/subdags/subdag.py
[2024-05-12T20:29:19.594+0500] {processor.py:183} INFO - Processing /home/awahab02/mlops_assignment_2/myenv/lib/python3.10/site-packages/airflow/example_dags/subdags/subdag.py took 0.042 seconds
[2024-05-12T20:30:28.231+0500] {processor.py:161} INFO - Started process (PID=12940) to work on /home/awahab02/mlops_assignment_2/myenv/lib/python3.10/site-packages/airflow/example_dags/subdags/subdag.py
[2024-05-12T20:30:28.269+0500] {processor.py:830} INFO - Processing file /home/awahab02/mlops_assignment_2/myenv/lib/python3.10/site-packages/airflow/example_dags/subdags/subdag.py for tasks to queue
[2024-05-12T20:30:28.270+0500] {logging_mixin.py:188} INFO - [2024-05-12T20:30:28.270+0500] {dagbag.py:545} INFO - Filling up the DagBag from /home/awahab02/mlops_assignment_2/myenv/lib/python3.10/site-packages/airflow/example_dags/subdags/subdag.py
[2024-05-12T20:30:28.272+0500] {processor.py:842} WARNING - No viable dags retrieved from /home/awahab02/mlops_assignment_2/myenv/lib/python3.10/site-packages/airflow/example_dags/subdags/subdag.py
[2024-05-12T20:30:28.280+0500] {processor.py:183} INFO - Processing /home/awahab02/mlops_assignment_2/myenv/lib/python3.10/site-packages/airflow/example_dags/subdags/subdag.py took 0.055 seconds
[2024-05-12T20:31:29.935+0500] {processor.py:161} INFO - Started process (PID=13295) to work on /home/awahab02/mlops_assignment_2/myenv/lib/python3.10/site-packages/airflow/example_dags/subdags/subdag.py
[2024-05-12T20:31:29.989+0500] {processor.py:830} INFO - Processing file /home/awahab02/mlops_assignment_2/myenv/lib/python3.10/site-packages/airflow/example_dags/subdags/subdag.py for tasks to queue
[2024-05-12T20:31:29.991+0500] {logging_mixin.py:188} INFO - [2024-05-12T20:31:29.990+0500] {dagbag.py:545} INFO - Filling up the DagBag from /home/awahab02/mlops_assignment_2/myenv/lib/python3.10/site-packages/airflow/example_dags/subdags/subdag.py
[2024-05-12T20:31:29.992+0500] {processor.py:842} WARNING - No viable dags retrieved from /home/awahab02/mlops_assignment_2/myenv/lib/python3.10/site-packages/airflow/example_dags/subdags/subdag.py
[2024-05-12T20:31:30.000+0500] {processor.py:183} INFO - Processing /home/awahab02/mlops_assignment_2/myenv/lib/python3.10/site-packages/airflow/example_dags/subdags/subdag.py took 0.071 seconds
[2024-05-12T20:34:22.631+0500] {processor.py:161} INFO - Started process (PID=14497) to work on /home/awahab02/mlops_assignment_2/myenv/lib/python3.10/site-packages/airflow/example_dags/subdags/subdag.py
[2024-05-12T20:34:22.664+0500] {processor.py:830} INFO - Processing file /home/awahab02/mlops_assignment_2/myenv/lib/python3.10/site-packages/airflow/example_dags/subdags/subdag.py for tasks to queue
[2024-05-12T20:34:22.665+0500] {logging_mixin.py:188} INFO - [2024-05-12T20:34:22.665+0500] {dagbag.py:545} INFO - Filling up the DagBag from /home/awahab02/mlops_assignment_2/myenv/lib/python3.10/site-packages/airflow/example_dags/subdags/subdag.py
[2024-05-12T20:34:22.667+0500] {processor.py:842} WARNING - No viable dags retrieved from /home/awahab02/mlops_assignment_2/myenv/lib/python3.10/site-packages/airflow/example_dags/subdags/subdag.py
[2024-05-12T20:34:22.678+0500] {processor.py:183} INFO - Processing /home/awahab02/mlops_assignment_2/myenv/lib/python3.10/site-packages/airflow/example_dags/subdags/subdag.py took 0.054 seconds
[2024-05-12T20:35:14.363+0500] {processor.py:161} INFO - Started process (PID=14794) to work on /home/awahab02/mlops_assignment_2/myenv/lib/python3.10/site-packages/airflow/example_dags/subdags/subdag.py
[2024-05-12T20:35:14.385+0500] {processor.py:830} INFO - Processing file /home/awahab02/mlops_assignment_2/myenv/lib/python3.10/site-packages/airflow/example_dags/subdags/subdag.py for tasks to queue
[2024-05-12T20:35:14.386+0500] {logging_mixin.py:188} INFO - [2024-05-12T20:35:14.386+0500] {dagbag.py:545} INFO - Filling up the DagBag from /home/awahab02/mlops_assignment_2/myenv/lib/python3.10/site-packages/airflow/example_dags/subdags/subdag.py
[2024-05-12T20:35:14.388+0500] {processor.py:842} WARNING - No viable dags retrieved from /home/awahab02/mlops_assignment_2/myenv/lib/python3.10/site-packages/airflow/example_dags/subdags/subdag.py
[2024-05-12T20:35:14.397+0500] {processor.py:183} INFO - Processing /home/awahab02/mlops_assignment_2/myenv/lib/python3.10/site-packages/airflow/example_dags/subdags/subdag.py took 0.040 seconds
[2024-05-12T20:35:59.943+0500] {processor.py:161} INFO - Started process (PID=14999) to work on /home/awahab02/mlops_assignment_2/myenv/lib/python3.10/site-packages/airflow/example_dags/subdags/subdag.py
[2024-05-12T20:35:59.979+0500] {processor.py:830} INFO - Processing file /home/awahab02/mlops_assignment_2/myenv/lib/python3.10/site-packages/airflow/example_dags/subdags/subdag.py for tasks to queue
[2024-05-12T20:35:59.980+0500] {logging_mixin.py:188} INFO - [2024-05-12T20:35:59.980+0500] {dagbag.py:545} INFO - Filling up the DagBag from /home/awahab02/mlops_assignment_2/myenv/lib/python3.10/site-packages/airflow/example_dags/subdags/subdag.py
[2024-05-12T20:35:59.982+0500] {processor.py:842} WARNING - No viable dags retrieved from /home/awahab02/mlops_assignment_2/myenv/lib/python3.10/site-packages/airflow/example_dags/subdags/subdag.py
[2024-05-12T20:35:59.991+0500] {processor.py:183} INFO - Processing /home/awahab02/mlops_assignment_2/myenv/lib/python3.10/site-packages/airflow/example_dags/subdags/subdag.py took 0.053 seconds
[2024-05-12T20:36:46.522+0500] {processor.py:161} INFO - Started process (PID=15233) to work on /home/awahab02/mlops_assignment_2/myenv/lib/python3.10/site-packages/airflow/example_dags/subdags/subdag.py
[2024-05-12T20:36:46.523+0500] {processor.py:830} INFO - Processing file /home/awahab02/mlops_assignment_2/myenv/lib/python3.10/site-packages/airflow/example_dags/subdags/subdag.py for tasks to queue
[2024-05-12T20:36:46.524+0500] {logging_mixin.py:188} INFO - [2024-05-12T20:36:46.524+0500] {dagbag.py:545} INFO - Filling up the DagBag from /home/awahab02/mlops_assignment_2/myenv/lib/python3.10/site-packages/airflow/example_dags/subdags/subdag.py
[2024-05-12T20:36:46.526+0500] {processor.py:842} WARNING - No viable dags retrieved from /home/awahab02/mlops_assignment_2/myenv/lib/python3.10/site-packages/airflow/example_dags/subdags/subdag.py
[2024-05-12T20:36:46.535+0500] {processor.py:183} INFO - Processing /home/awahab02/mlops_assignment_2/myenv/lib/python3.10/site-packages/airflow/example_dags/subdags/subdag.py took 0.018 seconds
[2024-05-12T20:38:56.149+0500] {processor.py:161} INFO - Started process (PID=16329) to work on /home/awahab02/mlops_assignment_2/myenv/lib/python3.10/site-packages/airflow/example_dags/subdags/subdag.py
[2024-05-12T20:38:56.177+0500] {processor.py:830} INFO - Processing file /home/awahab02/mlops_assignment_2/myenv/lib/python3.10/site-packages/airflow/example_dags/subdags/subdag.py for tasks to queue
[2024-05-12T20:38:56.178+0500] {logging_mixin.py:188} INFO - [2024-05-12T20:38:56.178+0500] {dagbag.py:545} INFO - Filling up the DagBag from /home/awahab02/mlops_assignment_2/myenv/lib/python3.10/site-packages/airflow/example_dags/subdags/subdag.py
[2024-05-12T20:38:56.180+0500] {processor.py:842} WARNING - No viable dags retrieved from /home/awahab02/mlops_assignment_2/myenv/lib/python3.10/site-packages/airflow/example_dags/subdags/subdag.py
[2024-05-12T20:38:56.189+0500] {processor.py:183} INFO - Processing /home/awahab02/mlops_assignment_2/myenv/lib/python3.10/site-packages/airflow/example_dags/subdags/subdag.py took 0.049 seconds
[2024-05-12T20:39:47.998+0500] {processor.py:161} INFO - Started process (PID=16604) to work on /home/awahab02/mlops_assignment_2/myenv/lib/python3.10/site-packages/airflow/example_dags/subdags/subdag.py
[2024-05-12T20:39:47.999+0500] {processor.py:830} INFO - Processing file /home/awahab02/mlops_assignment_2/myenv/lib/python3.10/site-packages/airflow/example_dags/subdags/subdag.py for tasks to queue
[2024-05-12T20:39:48.000+0500] {logging_mixin.py:188} INFO - [2024-05-12T20:39:48.000+0500] {dagbag.py:545} INFO - Filling up the DagBag from /home/awahab02/mlops_assignment_2/myenv/lib/python3.10/site-packages/airflow/example_dags/subdags/subdag.py
[2024-05-12T20:39:48.002+0500] {processor.py:842} WARNING - No viable dags retrieved from /home/awahab02/mlops_assignment_2/myenv/lib/python3.10/site-packages/airflow/example_dags/subdags/subdag.py
[2024-05-12T20:39:48.010+0500] {processor.py:183} INFO - Processing /home/awahab02/mlops_assignment_2/myenv/lib/python3.10/site-packages/airflow/example_dags/subdags/subdag.py took 0.017 seconds
[2024-05-12T20:40:33.216+0500] {processor.py:161} INFO - Started process (PID=16895) to work on /home/awahab02/mlops_assignment_2/myenv/lib/python3.10/site-packages/airflow/example_dags/subdags/subdag.py
[2024-05-12T20:40:33.247+0500] {processor.py:830} INFO - Processing file /home/awahab02/mlops_assignment_2/myenv/lib/python3.10/site-packages/airflow/example_dags/subdags/subdag.py for tasks to queue
[2024-05-12T20:40:33.249+0500] {logging_mixin.py:188} INFO - [2024-05-12T20:40:33.249+0500] {dagbag.py:545} INFO - Filling up the DagBag from /home/awahab02/mlops_assignment_2/myenv/lib/python3.10/site-packages/airflow/example_dags/subdags/subdag.py
[2024-05-12T20:40:33.252+0500] {processor.py:842} WARNING - No viable dags retrieved from /home/awahab02/mlops_assignment_2/myenv/lib/python3.10/site-packages/airflow/example_dags/subdags/subdag.py
[2024-05-12T20:40:33.264+0500] {processor.py:183} INFO - Processing /home/awahab02/mlops_assignment_2/myenv/lib/python3.10/site-packages/airflow/example_dags/subdags/subdag.py took 0.054 seconds
[2024-05-12T20:41:18.678+0500] {processor.py:161} INFO - Started process (PID=17202) to work on /home/awahab02/mlops_assignment_2/myenv/lib/python3.10/site-packages/airflow/example_dags/subdags/subdag.py
[2024-05-12T20:41:18.711+0500] {processor.py:830} INFO - Processing file /home/awahab02/mlops_assignment_2/myenv/lib/python3.10/site-packages/airflow/example_dags/subdags/subdag.py for tasks to queue
[2024-05-12T20:41:18.712+0500] {logging_mixin.py:188} INFO - [2024-05-12T20:41:18.711+0500] {dagbag.py:545} INFO - Filling up the DagBag from /home/awahab02/mlops_assignment_2/myenv/lib/python3.10/site-packages/airflow/example_dags/subdags/subdag.py
[2024-05-12T20:41:18.713+0500] {processor.py:842} WARNING - No viable dags retrieved from /home/awahab02/mlops_assignment_2/myenv/lib/python3.10/site-packages/airflow/example_dags/subdags/subdag.py
[2024-05-12T20:41:18.722+0500] {processor.py:183} INFO - Processing /home/awahab02/mlops_assignment_2/myenv/lib/python3.10/site-packages/airflow/example_dags/subdags/subdag.py took 0.050 seconds
