[2024-05-12T20:30:06.387+0500] {local_task_job_runner.py:120} INFO - ::group::Pre task execution logs
[2024-05-12T20:30:06.401+0500] {taskinstance.py:2076} INFO - Dependencies all met for dep_context=non-requeueable deps ti=<TaskInstance: extract_transform_load_data_dag.extract_data manual__2024-05-12T15:30:03.761985+00:00 [queued]>
[2024-05-12T20:30:06.407+0500] {taskinstance.py:2076} INFO - Dependencies all met for dep_context=requeueable deps ti=<TaskInstance: extract_transform_load_data_dag.extract_data manual__2024-05-12T15:30:03.761985+00:00 [queued]>
[2024-05-12T20:30:06.407+0500] {taskinstance.py:2306} INFO - Starting attempt 1 of 2
[2024-05-12T20:30:06.427+0500] {taskinstance.py:2330} INFO - Executing <Task(PythonOperator): extract_data> on 2024-05-12 15:30:03.761985+00:00
[2024-05-12T20:30:06.429+0500] {standard_task_runner.py:63} INFO - Started process 12752 to run task
[2024-05-12T20:30:06.432+0500] {standard_task_runner.py:90} INFO - Running: ['airflow', 'tasks', 'run', 'extract_transform_load_data_dag', 'extract_data', 'manual__2024-05-12T15:30:03.761985+00:00', '--job-id', '3', '--raw', '--subdir', '/home/awahab02/mlops_assignment_2/myenv/lib/python3.10/site-packages/airflow/example_dags/dagfile.py', '--cfg-path', '/tmp/tmpsgrce9km']
[2024-05-12T20:30:06.433+0500] {standard_task_runner.py:91} INFO - Job 3: Subtask extract_data
[2024-05-12T20:30:06.471+0500] {task_command.py:426} INFO - Running <TaskInstance: extract_transform_load_data_dag.extract_data manual__2024-05-12T15:30:03.761985+00:00 [running]> on host LAPTOP-DNNCGPVF.
[2024-05-12T20:30:06.637+0500] {taskinstance.py:2648} INFO - Exporting env vars: AIRFLOW_CTX_DAG_OWNER='airflow' AIRFLOW_CTX_DAG_ID='extract_transform_load_data_dag' AIRFLOW_CTX_TASK_ID='extract_data' AIRFLOW_CTX_EXECUTION_DATE='2024-05-12T15:30:03.761985+00:00' AIRFLOW_CTX_TRY_NUMBER='1' AIRFLOW_CTX_DAG_RUN_ID='manual__2024-05-12T15:30:03.761985+00:00'
[2024-05-12T20:30:06.637+0500] {taskinstance.py:430} INFO - ::endgroup::
[2024-05-12T20:30:07.391+0500] {logging_mixin.py:188} INFO - Total links: 522
[2024-05-12T20:30:07.392+0500] {logging_mixin.py:188} INFO - Extracting articles from BBC...
[2024-05-12T20:30:07.846+0500] {logging_mixin.py:188} INFO - 83/522 links done from BBC.
[2024-05-12T20:30:08.265+0500] {logging_mixin.py:188} INFO - 146/522 links done from BBC.
[2024-05-12T20:30:08.979+0500] {logging_mixin.py:188} INFO - 156/522 links done from BBC.
[2024-05-12T20:30:09.387+0500] {logging_mixin.py:188} INFO - 183/522 links done from BBC.
[2024-05-12T20:30:09.776+0500] {logging_mixin.py:188} INFO - 194/522 links done from BBC.
[2024-05-12T20:30:10.402+0500] {logging_mixin.py:188} INFO - 198/522 links done from BBC.
[2024-05-12T20:30:10.996+0500] {logging_mixin.py:188} INFO - 199/522 links done from BBC.
[2024-05-12T20:30:11.502+0500] {logging_mixin.py:188} INFO - 202/522 links done from BBC.
[2024-05-12T20:30:11.814+0500] {logging_mixin.py:188} INFO - 203/522 links done from BBC.
[2024-05-12T20:30:12.198+0500] {logging_mixin.py:188} INFO - 204/522 links done from BBC.
[2024-05-12T20:30:12.198+0500] {logging_mixin.py:188} INFO - Extracting articles from Dawn...
[2024-05-12T20:30:13.106+0500] {logging_mixin.py:188} INFO - 212/522 links done from Dawn.
[2024-05-12T20:30:13.622+0500] {logging_mixin.py:188} INFO - 214/522 links done from Dawn.
[2024-05-12T20:30:13.971+0500] {logging_mixin.py:188} INFO - 217/522 links done from Dawn.
[2024-05-12T20:30:14.374+0500] {logging_mixin.py:188} INFO - 221/522 links done from Dawn.
[2024-05-12T20:30:14.799+0500] {logging_mixin.py:188} INFO - 237/522 links done from Dawn.
[2024-05-12T20:30:15.169+0500] {logging_mixin.py:188} INFO - 254/522 links done from Dawn.
[2024-05-12T20:30:15.522+0500] {logging_mixin.py:188} INFO - 255/522 links done from Dawn.
[2024-05-12T20:30:15.850+0500] {logging_mixin.py:188} INFO - 256/522 links done from Dawn.
[2024-05-12T20:30:16.193+0500] {logging_mixin.py:188} INFO - 257/522 links done from Dawn.
[2024-05-12T20:30:16.551+0500] {logging_mixin.py:188} INFO - 258/522 links done from Dawn.
[2024-05-12T20:30:16.925+0500] {logging_mixin.py:188} INFO - 259/522 links done from Dawn.
[2024-05-12T20:30:17.241+0500] {logging_mixin.py:188} INFO - 260/522 links done from Dawn.
[2024-05-12T20:30:17.600+0500] {logging_mixin.py:188} INFO - 261/522 links done from Dawn.
[2024-05-12T20:30:17.934+0500] {logging_mixin.py:188} INFO - 262/522 links done from Dawn.
[2024-05-12T20:30:18.389+0500] {logging_mixin.py:188} INFO - 263/522 links done from Dawn.
[2024-05-12T20:30:18.715+0500] {logging_mixin.py:188} INFO - 264/522 links done from Dawn.
[2024-05-12T20:30:19.052+0500] {logging_mixin.py:188} INFO - 265/522 links done from Dawn.
[2024-05-12T20:30:19.383+0500] {logging_mixin.py:188} INFO - 266/522 links done from Dawn.
[2024-05-12T20:30:19.720+0500] {logging_mixin.py:188} INFO - 267/522 links done from Dawn.
[2024-05-12T20:30:20.045+0500] {logging_mixin.py:188} INFO - 268/522 links done from Dawn.
[2024-05-12T20:30:20.445+0500] {logging_mixin.py:188} INFO - 269/522 links done from Dawn.
[2024-05-12T20:30:20.782+0500] {logging_mixin.py:188} INFO - 270/522 links done from Dawn.
[2024-05-12T20:30:21.101+0500] {logging_mixin.py:188} INFO - 271/522 links done from Dawn.
[2024-05-12T20:30:21.439+0500] {logging_mixin.py:188} INFO - 272/522 links done from Dawn.
[2024-05-12T20:30:21.871+0500] {logging_mixin.py:188} INFO - 273/522 links done from Dawn.
[2024-05-12T20:30:22.199+0500] {logging_mixin.py:188} INFO - 274/522 links done from Dawn.
[2024-05-12T20:30:22.521+0500] {logging_mixin.py:188} INFO - 275/522 links done from Dawn.
[2024-05-12T20:30:22.839+0500] {logging_mixin.py:188} INFO - 276/522 links done from Dawn.
[2024-05-12T20:30:23.153+0500] {logging_mixin.py:188} INFO - 296/522 links done from Dawn.
[2024-05-12T20:30:23.419+0500] {logging_mixin.py:188} INFO - 297/522 links done from Dawn.
[2024-05-12T20:30:23.732+0500] {logging_mixin.py:188} INFO - 298/522 links done from Dawn.
[2024-05-12T20:30:24.041+0500] {logging_mixin.py:188} INFO - 299/522 links done from Dawn.
[2024-05-12T20:30:24.415+0500] {logging_mixin.py:188} INFO - 300/522 links done from Dawn.
[2024-05-12T20:30:24.735+0500] {logging_mixin.py:188} INFO - 301/522 links done from Dawn.
[2024-05-12T20:30:25.022+0500] {logging_mixin.py:188} INFO - 302/522 links done from Dawn.
[2024-05-12T20:30:25.311+0500] {logging_mixin.py:188} INFO - 303/522 links done from Dawn.
[2024-05-12T20:30:25.570+0500] {logging_mixin.py:188} INFO - 304/522 links done from Dawn.
[2024-05-12T20:30:25.987+0500] {logging_mixin.py:188} INFO - 305/522 links done from Dawn.
[2024-05-12T20:30:26.321+0500] {logging_mixin.py:188} INFO - 308/522 links done from Dawn.
[2024-05-12T20:30:26.577+0500] {logging_mixin.py:188} INFO - 309/522 links done from Dawn.
[2024-05-12T20:30:26.705+0500] {local_task_job_runner.py:310} WARNING - State of this instance has been externally set to failed. Terminating instance.
[2024-05-12T20:30:26.705+0500] {local_task_job_runner.py:222} INFO - ::endgroup::
[2024-05-12T20:30:26.706+0500] {process_utils.py:132} INFO - Sending Signals.SIGTERM to group 12752. PIDs of all processes in the group: [12752]
[2024-05-12T20:30:26.706+0500] {process_utils.py:87} INFO - Sending the signal Signals.SIGTERM to group 12752
[2024-05-12T20:30:26.707+0500] {taskinstance.py:2611} ERROR - Received SIGTERM. Terminating subprocesses.
[2024-05-12T20:30:26.707+0500] {taskinstance.py:441} INFO - ::group::Post task execution logs
[2024-05-12T20:30:26.733+0500] {process_utils.py:80} INFO - Process psutil.Process(pid=12752, status='terminated', exitcode=0, started='20:30:05') (12752) terminated with exit code 0
