[2024-05-12T20:20:36.520+0500] {processor.py:161} INFO - Started process (PID=9237) to work on /home/awahab02/mlops_assignment_2/myenv/lib/python3.10/site-packages/airflow/example_dags/plugins/event_listener.py
[2024-05-12T20:20:36.521+0500] {processor.py:830} INFO - Processing file /home/awahab02/mlops_assignment_2/myenv/lib/python3.10/site-packages/airflow/example_dags/plugins/event_listener.py for tasks to queue
[2024-05-12T20:20:36.523+0500] {logging_mixin.py:188} INFO - [2024-05-12T20:20:36.522+0500] {dagbag.py:545} INFO - Filling up the DagBag from /home/awahab02/mlops_assignment_2/myenv/lib/python3.10/site-packages/airflow/example_dags/plugins/event_listener.py
[2024-05-12T20:20:36.525+0500] {processor.py:842} WARNING - No viable dags retrieved from /home/awahab02/mlops_assignment_2/myenv/lib/python3.10/site-packages/airflow/example_dags/plugins/event_listener.py
[2024-05-12T20:20:36.534+0500] {processor.py:183} INFO - Processing /home/awahab02/mlops_assignment_2/myenv/lib/python3.10/site-packages/airflow/example_dags/plugins/event_listener.py took 0.019 seconds
[2024-05-12T20:21:35.493+0500] {processor.py:161} INFO - Started process (PID=9587) to work on /home/awahab02/mlops_assignment_2/myenv/lib/python3.10/site-packages/airflow/example_dags/plugins/event_listener.py
[2024-05-12T20:21:35.495+0500] {processor.py:830} INFO - Processing file /home/awahab02/mlops_assignment_2/myenv/lib/python3.10/site-packages/airflow/example_dags/plugins/event_listener.py for tasks to queue
[2024-05-12T20:21:35.497+0500] {logging_mixin.py:188} INFO - [2024-05-12T20:21:35.496+0500] {dagbag.py:545} INFO - Filling up the DagBag from /home/awahab02/mlops_assignment_2/myenv/lib/python3.10/site-packages/airflow/example_dags/plugins/event_listener.py
[2024-05-12T20:21:35.499+0500] {processor.py:842} WARNING - No viable dags retrieved from /home/awahab02/mlops_assignment_2/myenv/lib/python3.10/site-packages/airflow/example_dags/plugins/event_listener.py
[2024-05-12T20:21:35.506+0500] {processor.py:183} INFO - Processing /home/awahab02/mlops_assignment_2/myenv/lib/python3.10/site-packages/airflow/example_dags/plugins/event_listener.py took 0.019 seconds
[2024-05-12T20:22:25.175+0500] {processor.py:161} INFO - Started process (PID=9790) to work on /home/awahab02/mlops_assignment_2/myenv/lib/python3.10/site-packages/airflow/example_dags/plugins/event_listener.py
[2024-05-12T20:22:25.220+0500] {processor.py:830} INFO - Processing file /home/awahab02/mlops_assignment_2/myenv/lib/python3.10/site-packages/airflow/example_dags/plugins/event_listener.py for tasks to queue
[2024-05-12T20:22:25.222+0500] {logging_mixin.py:188} INFO - [2024-05-12T20:22:25.221+0500] {dagbag.py:545} INFO - Filling up the DagBag from /home/awahab02/mlops_assignment_2/myenv/lib/python3.10/site-packages/airflow/example_dags/plugins/event_listener.py
[2024-05-12T20:22:25.224+0500] {processor.py:842} WARNING - No viable dags retrieved from /home/awahab02/mlops_assignment_2/myenv/lib/python3.10/site-packages/airflow/example_dags/plugins/event_listener.py
[2024-05-12T20:22:25.232+0500] {processor.py:183} INFO - Processing /home/awahab02/mlops_assignment_2/myenv/lib/python3.10/site-packages/airflow/example_dags/plugins/event_listener.py took 0.062 seconds
[2024-05-12T20:23:09.406+0500] {processor.py:161} INFO - Started process (PID=10090) to work on /home/awahab02/mlops_assignment_2/myenv/lib/python3.10/site-packages/airflow/example_dags/plugins/event_listener.py
[2024-05-12T20:23:09.408+0500] {processor.py:830} INFO - Processing file /home/awahab02/mlops_assignment_2/myenv/lib/python3.10/site-packages/airflow/example_dags/plugins/event_listener.py for tasks to queue
[2024-05-12T20:23:09.410+0500] {logging_mixin.py:188} INFO - [2024-05-12T20:23:09.409+0500] {dagbag.py:545} INFO - Filling up the DagBag from /home/awahab02/mlops_assignment_2/myenv/lib/python3.10/site-packages/airflow/example_dags/plugins/event_listener.py
[2024-05-12T20:23:09.412+0500] {processor.py:842} WARNING - No viable dags retrieved from /home/awahab02/mlops_assignment_2/myenv/lib/python3.10/site-packages/airflow/example_dags/plugins/event_listener.py
[2024-05-12T20:23:09.419+0500] {processor.py:183} INFO - Processing /home/awahab02/mlops_assignment_2/myenv/lib/python3.10/site-packages/airflow/example_dags/plugins/event_listener.py took 0.019 seconds
[2024-05-12T20:23:52.154+0500] {processor.py:161} INFO - Started process (PID=10457) to work on /home/awahab02/mlops_assignment_2/myenv/lib/python3.10/site-packages/airflow/example_dags/plugins/event_listener.py
[2024-05-12T20:23:52.155+0500] {processor.py:830} INFO - Processing file /home/awahab02/mlops_assignment_2/myenv/lib/python3.10/site-packages/airflow/example_dags/plugins/event_listener.py for tasks to queue
[2024-05-12T20:23:52.157+0500] {logging_mixin.py:188} INFO - [2024-05-12T20:23:52.156+0500] {dagbag.py:545} INFO - Filling up the DagBag from /home/awahab02/mlops_assignment_2/myenv/lib/python3.10/site-packages/airflow/example_dags/plugins/event_listener.py
[2024-05-12T20:23:52.158+0500] {processor.py:842} WARNING - No viable dags retrieved from /home/awahab02/mlops_assignment_2/myenv/lib/python3.10/site-packages/airflow/example_dags/plugins/event_listener.py
[2024-05-12T20:23:52.166+0500] {processor.py:183} INFO - Processing /home/awahab02/mlops_assignment_2/myenv/lib/python3.10/site-packages/airflow/example_dags/plugins/event_listener.py took 0.017 seconds
[2024-05-12T20:24:33.590+0500] {processor.py:161} INFO - Started process (PID=10648) to work on /home/awahab02/mlops_assignment_2/myenv/lib/python3.10/site-packages/airflow/example_dags/plugins/event_listener.py
[2024-05-12T20:24:33.591+0500] {processor.py:830} INFO - Processing file /home/awahab02/mlops_assignment_2/myenv/lib/python3.10/site-packages/airflow/example_dags/plugins/event_listener.py for tasks to queue
[2024-05-12T20:24:33.593+0500] {logging_mixin.py:188} INFO - [2024-05-12T20:24:33.592+0500] {dagbag.py:545} INFO - Filling up the DagBag from /home/awahab02/mlops_assignment_2/myenv/lib/python3.10/site-packages/airflow/example_dags/plugins/event_listener.py
[2024-05-12T20:24:33.595+0500] {processor.py:842} WARNING - No viable dags retrieved from /home/awahab02/mlops_assignment_2/myenv/lib/python3.10/site-packages/airflow/example_dags/plugins/event_listener.py
[2024-05-12T20:24:33.604+0500] {processor.py:183} INFO - Processing /home/awahab02/mlops_assignment_2/myenv/lib/python3.10/site-packages/airflow/example_dags/plugins/event_listener.py took 0.019 seconds
[2024-05-12T20:25:31.847+0500] {processor.py:161} INFO - Started process (PID=10907) to work on /home/awahab02/mlops_assignment_2/myenv/lib/python3.10/site-packages/airflow/example_dags/plugins/event_listener.py
[2024-05-12T20:25:31.849+0500] {processor.py:830} INFO - Processing file /home/awahab02/mlops_assignment_2/myenv/lib/python3.10/site-packages/airflow/example_dags/plugins/event_listener.py for tasks to queue
[2024-05-12T20:25:31.850+0500] {logging_mixin.py:188} INFO - [2024-05-12T20:25:31.850+0500] {dagbag.py:545} INFO - Filling up the DagBag from /home/awahab02/mlops_assignment_2/myenv/lib/python3.10/site-packages/airflow/example_dags/plugins/event_listener.py
[2024-05-12T20:25:31.852+0500] {processor.py:842} WARNING - No viable dags retrieved from /home/awahab02/mlops_assignment_2/myenv/lib/python3.10/site-packages/airflow/example_dags/plugins/event_listener.py
[2024-05-12T20:25:31.860+0500] {processor.py:183} INFO - Processing /home/awahab02/mlops_assignment_2/myenv/lib/python3.10/site-packages/airflow/example_dags/plugins/event_listener.py took 0.017 seconds
[2024-05-12T20:26:14.757+0500] {processor.py:161} INFO - Started process (PID=11142) to work on /home/awahab02/mlops_assignment_2/myenv/lib/python3.10/site-packages/airflow/example_dags/plugins/event_listener.py
[2024-05-12T20:26:14.759+0500] {processor.py:830} INFO - Processing file /home/awahab02/mlops_assignment_2/myenv/lib/python3.10/site-packages/airflow/example_dags/plugins/event_listener.py for tasks to queue
[2024-05-12T20:26:14.762+0500] {logging_mixin.py:188} INFO - [2024-05-12T20:26:14.762+0500] {dagbag.py:545} INFO - Filling up the DagBag from /home/awahab02/mlops_assignment_2/myenv/lib/python3.10/site-packages/airflow/example_dags/plugins/event_listener.py
[2024-05-12T20:26:14.764+0500] {processor.py:842} WARNING - No viable dags retrieved from /home/awahab02/mlops_assignment_2/myenv/lib/python3.10/site-packages/airflow/example_dags/plugins/event_listener.py
[2024-05-12T20:26:14.775+0500] {processor.py:183} INFO - Processing /home/awahab02/mlops_assignment_2/myenv/lib/python3.10/site-packages/airflow/example_dags/plugins/event_listener.py took 0.034 seconds
[2024-05-12T20:26:57.332+0500] {processor.py:161} INFO - Started process (PID=11484) to work on /home/awahab02/mlops_assignment_2/myenv/lib/python3.10/site-packages/airflow/example_dags/plugins/event_listener.py
[2024-05-12T20:26:57.360+0500] {processor.py:830} INFO - Processing file /home/awahab02/mlops_assignment_2/myenv/lib/python3.10/site-packages/airflow/example_dags/plugins/event_listener.py for tasks to queue
[2024-05-12T20:26:57.362+0500] {logging_mixin.py:188} INFO - [2024-05-12T20:26:57.361+0500] {dagbag.py:545} INFO - Filling up the DagBag from /home/awahab02/mlops_assignment_2/myenv/lib/python3.10/site-packages/airflow/example_dags/plugins/event_listener.py
[2024-05-12T20:26:57.364+0500] {processor.py:842} WARNING - No viable dags retrieved from /home/awahab02/mlops_assignment_2/myenv/lib/python3.10/site-packages/airflow/example_dags/plugins/event_listener.py
[2024-05-12T20:26:57.371+0500] {processor.py:183} INFO - Processing /home/awahab02/mlops_assignment_2/myenv/lib/python3.10/site-packages/airflow/example_dags/plugins/event_listener.py took 0.044 seconds
[2024-05-12T20:27:46.850+0500] {processor.py:161} INFO - Started process (PID=11912) to work on /home/awahab02/mlops_assignment_2/myenv/lib/python3.10/site-packages/airflow/example_dags/plugins/event_listener.py
[2024-05-12T20:27:46.893+0500] {processor.py:830} INFO - Processing file /home/awahab02/mlops_assignment_2/myenv/lib/python3.10/site-packages/airflow/example_dags/plugins/event_listener.py for tasks to queue
[2024-05-12T20:27:46.894+0500] {logging_mixin.py:188} INFO - [2024-05-12T20:27:46.894+0500] {dagbag.py:545} INFO - Filling up the DagBag from /home/awahab02/mlops_assignment_2/myenv/lib/python3.10/site-packages/airflow/example_dags/plugins/event_listener.py
[2024-05-12T20:27:46.896+0500] {processor.py:842} WARNING - No viable dags retrieved from /home/awahab02/mlops_assignment_2/myenv/lib/python3.10/site-packages/airflow/example_dags/plugins/event_listener.py
[2024-05-12T20:27:46.904+0500] {processor.py:183} INFO - Processing /home/awahab02/mlops_assignment_2/myenv/lib/python3.10/site-packages/airflow/example_dags/plugins/event_listener.py took 0.059 seconds
[2024-05-12T20:28:37.677+0500] {processor.py:161} INFO - Started process (PID=12198) to work on /home/awahab02/mlops_assignment_2/myenv/lib/python3.10/site-packages/airflow/example_dags/plugins/event_listener.py
[2024-05-12T20:28:37.680+0500] {processor.py:830} INFO - Processing file /home/awahab02/mlops_assignment_2/myenv/lib/python3.10/site-packages/airflow/example_dags/plugins/event_listener.py for tasks to queue
[2024-05-12T20:28:37.689+0500] {logging_mixin.py:188} INFO - [2024-05-12T20:28:37.689+0500] {dagbag.py:545} INFO - Filling up the DagBag from /home/awahab02/mlops_assignment_2/myenv/lib/python3.10/site-packages/airflow/example_dags/plugins/event_listener.py
[2024-05-12T20:28:37.691+0500] {processor.py:842} WARNING - No viable dags retrieved from /home/awahab02/mlops_assignment_2/myenv/lib/python3.10/site-packages/airflow/example_dags/plugins/event_listener.py
[2024-05-12T20:28:37.720+0500] {processor.py:183} INFO - Processing /home/awahab02/mlops_assignment_2/myenv/lib/python3.10/site-packages/airflow/example_dags/plugins/event_listener.py took 0.050 seconds
[2024-05-12T20:29:30.844+0500] {processor.py:161} INFO - Started process (PID=12454) to work on /home/awahab02/mlops_assignment_2/myenv/lib/python3.10/site-packages/airflow/example_dags/plugins/event_listener.py
[2024-05-12T20:29:30.871+0500] {processor.py:830} INFO - Processing file /home/awahab02/mlops_assignment_2/myenv/lib/python3.10/site-packages/airflow/example_dags/plugins/event_listener.py for tasks to queue
[2024-05-12T20:29:30.872+0500] {logging_mixin.py:188} INFO - [2024-05-12T20:29:30.872+0500] {dagbag.py:545} INFO - Filling up the DagBag from /home/awahab02/mlops_assignment_2/myenv/lib/python3.10/site-packages/airflow/example_dags/plugins/event_listener.py
[2024-05-12T20:29:30.874+0500] {processor.py:842} WARNING - No viable dags retrieved from /home/awahab02/mlops_assignment_2/myenv/lib/python3.10/site-packages/airflow/example_dags/plugins/event_listener.py
[2024-05-12T20:29:30.882+0500] {processor.py:183} INFO - Processing /home/awahab02/mlops_assignment_2/myenv/lib/python3.10/site-packages/airflow/example_dags/plugins/event_listener.py took 0.043 seconds
[2024-05-12T20:30:52.068+0500] {processor.py:161} INFO - Started process (PID=13107) to work on /home/awahab02/mlops_assignment_2/myenv/lib/python3.10/site-packages/airflow/example_dags/plugins/event_listener.py
[2024-05-12T20:30:52.069+0500] {processor.py:830} INFO - Processing file /home/awahab02/mlops_assignment_2/myenv/lib/python3.10/site-packages/airflow/example_dags/plugins/event_listener.py for tasks to queue
[2024-05-12T20:30:52.071+0500] {logging_mixin.py:188} INFO - [2024-05-12T20:30:52.071+0500] {dagbag.py:545} INFO - Filling up the DagBag from /home/awahab02/mlops_assignment_2/myenv/lib/python3.10/site-packages/airflow/example_dags/plugins/event_listener.py
[2024-05-12T20:30:52.073+0500] {processor.py:842} WARNING - No viable dags retrieved from /home/awahab02/mlops_assignment_2/myenv/lib/python3.10/site-packages/airflow/example_dags/plugins/event_listener.py
[2024-05-12T20:30:52.082+0500] {processor.py:183} INFO - Processing /home/awahab02/mlops_assignment_2/myenv/lib/python3.10/site-packages/airflow/example_dags/plugins/event_listener.py took 0.019 seconds
[2024-05-12T20:31:42.691+0500] {processor.py:161} INFO - Started process (PID=13344) to work on /home/awahab02/mlops_assignment_2/myenv/lib/python3.10/site-packages/airflow/example_dags/plugins/event_listener.py
[2024-05-12T20:31:42.692+0500] {processor.py:830} INFO - Processing file /home/awahab02/mlops_assignment_2/myenv/lib/python3.10/site-packages/airflow/example_dags/plugins/event_listener.py for tasks to queue
[2024-05-12T20:31:42.693+0500] {logging_mixin.py:188} INFO - [2024-05-12T20:31:42.693+0500] {dagbag.py:545} INFO - Filling up the DagBag from /home/awahab02/mlops_assignment_2/myenv/lib/python3.10/site-packages/airflow/example_dags/plugins/event_listener.py
[2024-05-12T20:31:42.695+0500] {processor.py:842} WARNING - No viable dags retrieved from /home/awahab02/mlops_assignment_2/myenv/lib/python3.10/site-packages/airflow/example_dags/plugins/event_listener.py
[2024-05-12T20:31:42.704+0500] {processor.py:183} INFO - Processing /home/awahab02/mlops_assignment_2/myenv/lib/python3.10/site-packages/airflow/example_dags/plugins/event_listener.py took 0.018 seconds
[2024-05-12T20:34:26.545+0500] {processor.py:161} INFO - Started process (PID=14517) to work on /home/awahab02/mlops_assignment_2/myenv/lib/python3.10/site-packages/airflow/example_dags/plugins/event_listener.py
[2024-05-12T20:34:26.581+0500] {processor.py:830} INFO - Processing file /home/awahab02/mlops_assignment_2/myenv/lib/python3.10/site-packages/airflow/example_dags/plugins/event_listener.py for tasks to queue
[2024-05-12T20:34:26.581+0500] {logging_mixin.py:188} INFO - [2024-05-12T20:34:26.581+0500] {dagbag.py:545} INFO - Filling up the DagBag from /home/awahab02/mlops_assignment_2/myenv/lib/python3.10/site-packages/airflow/example_dags/plugins/event_listener.py
[2024-05-12T20:34:26.583+0500] {processor.py:842} WARNING - No viable dags retrieved from /home/awahab02/mlops_assignment_2/myenv/lib/python3.10/site-packages/airflow/example_dags/plugins/event_listener.py
[2024-05-12T20:34:26.591+0500] {processor.py:183} INFO - Processing /home/awahab02/mlops_assignment_2/myenv/lib/python3.10/site-packages/airflow/example_dags/plugins/event_listener.py took 0.051 seconds
[2024-05-12T20:35:18.397+0500] {processor.py:161} INFO - Started process (PID=14813) to work on /home/awahab02/mlops_assignment_2/myenv/lib/python3.10/site-packages/airflow/example_dags/plugins/event_listener.py
[2024-05-12T20:35:18.432+0500] {processor.py:830} INFO - Processing file /home/awahab02/mlops_assignment_2/myenv/lib/python3.10/site-packages/airflow/example_dags/plugins/event_listener.py for tasks to queue
[2024-05-12T20:35:18.433+0500] {logging_mixin.py:188} INFO - [2024-05-12T20:35:18.433+0500] {dagbag.py:545} INFO - Filling up the DagBag from /home/awahab02/mlops_assignment_2/myenv/lib/python3.10/site-packages/airflow/example_dags/plugins/event_listener.py
[2024-05-12T20:35:18.435+0500] {processor.py:842} WARNING - No viable dags retrieved from /home/awahab02/mlops_assignment_2/myenv/lib/python3.10/site-packages/airflow/example_dags/plugins/event_listener.py
[2024-05-12T20:35:18.442+0500] {processor.py:183} INFO - Processing /home/awahab02/mlops_assignment_2/myenv/lib/python3.10/site-packages/airflow/example_dags/plugins/event_listener.py took 0.051 seconds
[2024-05-12T20:36:12.382+0500] {processor.py:161} INFO - Started process (PID=15060) to work on /home/awahab02/mlops_assignment_2/myenv/lib/python3.10/site-packages/airflow/example_dags/plugins/event_listener.py
[2024-05-12T20:36:12.384+0500] {processor.py:830} INFO - Processing file /home/awahab02/mlops_assignment_2/myenv/lib/python3.10/site-packages/airflow/example_dags/plugins/event_listener.py for tasks to queue
[2024-05-12T20:36:12.385+0500] {logging_mixin.py:188} INFO - [2024-05-12T20:36:12.384+0500] {dagbag.py:545} INFO - Filling up the DagBag from /home/awahab02/mlops_assignment_2/myenv/lib/python3.10/site-packages/airflow/example_dags/plugins/event_listener.py
[2024-05-12T20:36:12.387+0500] {processor.py:842} WARNING - No viable dags retrieved from /home/awahab02/mlops_assignment_2/myenv/lib/python3.10/site-packages/airflow/example_dags/plugins/event_listener.py
[2024-05-12T20:36:12.395+0500] {processor.py:183} INFO - Processing /home/awahab02/mlops_assignment_2/myenv/lib/python3.10/site-packages/airflow/example_dags/plugins/event_listener.py took 0.018 seconds
[2024-05-12T20:37:00.160+0500] {processor.py:161} INFO - Started process (PID=15286) to work on /home/awahab02/mlops_assignment_2/myenv/lib/python3.10/site-packages/airflow/example_dags/plugins/event_listener.py
[2024-05-12T20:37:00.162+0500] {processor.py:830} INFO - Processing file /home/awahab02/mlops_assignment_2/myenv/lib/python3.10/site-packages/airflow/example_dags/plugins/event_listener.py for tasks to queue
[2024-05-12T20:37:00.163+0500] {logging_mixin.py:188} INFO - [2024-05-12T20:37:00.163+0500] {dagbag.py:545} INFO - Filling up the DagBag from /home/awahab02/mlops_assignment_2/myenv/lib/python3.10/site-packages/airflow/example_dags/plugins/event_listener.py
[2024-05-12T20:37:00.165+0500] {processor.py:842} WARNING - No viable dags retrieved from /home/awahab02/mlops_assignment_2/myenv/lib/python3.10/site-packages/airflow/example_dags/plugins/event_listener.py
[2024-05-12T20:37:00.174+0500] {processor.py:183} INFO - Processing /home/awahab02/mlops_assignment_2/myenv/lib/python3.10/site-packages/airflow/example_dags/plugins/event_listener.py took 0.019 seconds
[2024-05-12T20:38:58.913+0500] {processor.py:161} INFO - Started process (PID=16339) to work on /home/awahab02/mlops_assignment_2/myenv/lib/python3.10/site-packages/airflow/example_dags/plugins/event_listener.py
[2024-05-12T20:38:58.949+0500] {processor.py:830} INFO - Processing file /home/awahab02/mlops_assignment_2/myenv/lib/python3.10/site-packages/airflow/example_dags/plugins/event_listener.py for tasks to queue
[2024-05-12T20:38:58.949+0500] {logging_mixin.py:188} INFO - [2024-05-12T20:38:58.949+0500] {dagbag.py:545} INFO - Filling up the DagBag from /home/awahab02/mlops_assignment_2/myenv/lib/python3.10/site-packages/airflow/example_dags/plugins/event_listener.py
[2024-05-12T20:38:58.951+0500] {processor.py:842} WARNING - No viable dags retrieved from /home/awahab02/mlops_assignment_2/myenv/lib/python3.10/site-packages/airflow/example_dags/plugins/event_listener.py
[2024-05-12T20:38:58.959+0500] {processor.py:183} INFO - Processing /home/awahab02/mlops_assignment_2/myenv/lib/python3.10/site-packages/airflow/example_dags/plugins/event_listener.py took 0.054 seconds
[2024-05-12T20:39:51.926+0500] {processor.py:161} INFO - Started process (PID=16637) to work on /home/awahab02/mlops_assignment_2/myenv/lib/python3.10/site-packages/airflow/example_dags/plugins/event_listener.py
[2024-05-12T20:39:51.928+0500] {processor.py:830} INFO - Processing file /home/awahab02/mlops_assignment_2/myenv/lib/python3.10/site-packages/airflow/example_dags/plugins/event_listener.py for tasks to queue
[2024-05-12T20:39:51.929+0500] {logging_mixin.py:188} INFO - [2024-05-12T20:39:51.929+0500] {dagbag.py:545} INFO - Filling up the DagBag from /home/awahab02/mlops_assignment_2/myenv/lib/python3.10/site-packages/airflow/example_dags/plugins/event_listener.py
[2024-05-12T20:39:51.931+0500] {processor.py:842} WARNING - No viable dags retrieved from /home/awahab02/mlops_assignment_2/myenv/lib/python3.10/site-packages/airflow/example_dags/plugins/event_listener.py
[2024-05-12T20:39:51.940+0500] {processor.py:183} INFO - Processing /home/awahab02/mlops_assignment_2/myenv/lib/python3.10/site-packages/airflow/example_dags/plugins/event_listener.py took 0.021 seconds
[2024-05-12T20:40:44.526+0500] {processor.py:161} INFO - Started process (PID=16959) to work on /home/awahab02/mlops_assignment_2/myenv/lib/python3.10/site-packages/airflow/example_dags/plugins/event_listener.py
[2024-05-12T20:40:44.527+0500] {processor.py:830} INFO - Processing file /home/awahab02/mlops_assignment_2/myenv/lib/python3.10/site-packages/airflow/example_dags/plugins/event_listener.py for tasks to queue
[2024-05-12T20:40:44.528+0500] {logging_mixin.py:188} INFO - [2024-05-12T20:40:44.528+0500] {dagbag.py:545} INFO - Filling up the DagBag from /home/awahab02/mlops_assignment_2/myenv/lib/python3.10/site-packages/airflow/example_dags/plugins/event_listener.py
[2024-05-12T20:40:44.530+0500] {processor.py:842} WARNING - No viable dags retrieved from /home/awahab02/mlops_assignment_2/myenv/lib/python3.10/site-packages/airflow/example_dags/plugins/event_listener.py
[2024-05-12T20:40:44.539+0500] {processor.py:183} INFO - Processing /home/awahab02/mlops_assignment_2/myenv/lib/python3.10/site-packages/airflow/example_dags/plugins/event_listener.py took 0.018 seconds
[2024-05-12T20:41:28.608+0500] {processor.py:161} INFO - Started process (PID=17273) to work on /home/awahab02/mlops_assignment_2/myenv/lib/python3.10/site-packages/airflow/example_dags/plugins/event_listener.py
[2024-05-12T20:41:28.610+0500] {processor.py:830} INFO - Processing file /home/awahab02/mlops_assignment_2/myenv/lib/python3.10/site-packages/airflow/example_dags/plugins/event_listener.py for tasks to queue
[2024-05-12T20:41:28.611+0500] {logging_mixin.py:188} INFO - [2024-05-12T20:41:28.611+0500] {dagbag.py:545} INFO - Filling up the DagBag from /home/awahab02/mlops_assignment_2/myenv/lib/python3.10/site-packages/airflow/example_dags/plugins/event_listener.py
[2024-05-12T20:41:28.613+0500] {processor.py:842} WARNING - No viable dags retrieved from /home/awahab02/mlops_assignment_2/myenv/lib/python3.10/site-packages/airflow/example_dags/plugins/event_listener.py
[2024-05-12T20:41:28.621+0500] {processor.py:183} INFO - Processing /home/awahab02/mlops_assignment_2/myenv/lib/python3.10/site-packages/airflow/example_dags/plugins/event_listener.py took 0.020 seconds
[2024-05-12T20:42:15.103+0500] {processor.py:161} INFO - Started process (PID=17570) to work on /home/awahab02/mlops_assignment_2/myenv/lib/python3.10/site-packages/airflow/example_dags/plugins/event_listener.py
[2024-05-12T20:42:15.133+0500] {processor.py:830} INFO - Processing file /home/awahab02/mlops_assignment_2/myenv/lib/python3.10/site-packages/airflow/example_dags/plugins/event_listener.py for tasks to queue
[2024-05-12T20:42:15.134+0500] {logging_mixin.py:188} INFO - [2024-05-12T20:42:15.133+0500] {dagbag.py:545} INFO - Filling up the DagBag from /home/awahab02/mlops_assignment_2/myenv/lib/python3.10/site-packages/airflow/example_dags/plugins/event_listener.py
[2024-05-12T20:42:15.135+0500] {processor.py:842} WARNING - No viable dags retrieved from /home/awahab02/mlops_assignment_2/myenv/lib/python3.10/site-packages/airflow/example_dags/plugins/event_listener.py
[2024-05-12T20:42:15.143+0500] {processor.py:183} INFO - Processing /home/awahab02/mlops_assignment_2/myenv/lib/python3.10/site-packages/airflow/example_dags/plugins/event_listener.py took 0.046 seconds
[2024-05-12T20:42:58.632+0500] {processor.py:161} INFO - Started process (PID=17883) to work on /home/awahab02/mlops_assignment_2/myenv/lib/python3.10/site-packages/airflow/example_dags/plugins/event_listener.py
[2024-05-12T20:42:58.641+0500] {processor.py:830} INFO - Processing file /home/awahab02/mlops_assignment_2/myenv/lib/python3.10/site-packages/airflow/example_dags/plugins/event_listener.py for tasks to queue
[2024-05-12T20:42:58.643+0500] {logging_mixin.py:188} INFO - [2024-05-12T20:42:58.642+0500] {dagbag.py:545} INFO - Filling up the DagBag from /home/awahab02/mlops_assignment_2/myenv/lib/python3.10/site-packages/airflow/example_dags/plugins/event_listener.py
[2024-05-12T20:42:58.646+0500] {processor.py:842} WARNING - No viable dags retrieved from /home/awahab02/mlops_assignment_2/myenv/lib/python3.10/site-packages/airflow/example_dags/plugins/event_listener.py
[2024-05-12T20:42:58.660+0500] {processor.py:183} INFO - Processing /home/awahab02/mlops_assignment_2/myenv/lib/python3.10/site-packages/airflow/example_dags/plugins/event_listener.py took 0.042 seconds
[2024-05-12T20:43:45.226+0500] {processor.py:161} INFO - Started process (PID=18167) to work on /home/awahab02/mlops_assignment_2/myenv/lib/python3.10/site-packages/airflow/example_dags/plugins/event_listener.py
[2024-05-12T20:43:45.252+0500] {processor.py:830} INFO - Processing file /home/awahab02/mlops_assignment_2/myenv/lib/python3.10/site-packages/airflow/example_dags/plugins/event_listener.py for tasks to queue
[2024-05-12T20:43:45.253+0500] {logging_mixin.py:188} INFO - [2024-05-12T20:43:45.252+0500] {dagbag.py:545} INFO - Filling up the DagBag from /home/awahab02/mlops_assignment_2/myenv/lib/python3.10/site-packages/airflow/example_dags/plugins/event_listener.py
[2024-05-12T20:43:45.255+0500] {processor.py:842} WARNING - No viable dags retrieved from /home/awahab02/mlops_assignment_2/myenv/lib/python3.10/site-packages/airflow/example_dags/plugins/event_listener.py
[2024-05-12T20:43:45.263+0500] {processor.py:183} INFO - Processing /home/awahab02/mlops_assignment_2/myenv/lib/python3.10/site-packages/airflow/example_dags/plugins/event_listener.py took 0.041 seconds
