[2024-05-12T20:20:35.196+0500] {processor.py:161} INFO - Started process (PID=9224) to work on /home/awahab02/mlops_assignment_2/myenv/lib/python3.10/site-packages/airflow/example_dags/plugins/listener_plugin.py
[2024-05-12T20:20:35.197+0500] {processor.py:830} INFO - Processing file /home/awahab02/mlops_assignment_2/myenv/lib/python3.10/site-packages/airflow/example_dags/plugins/listener_plugin.py for tasks to queue
[2024-05-12T20:20:35.198+0500] {logging_mixin.py:188} INFO - [2024-05-12T20:20:35.198+0500] {dagbag.py:545} INFO - Filling up the DagBag from /home/awahab02/mlops_assignment_2/myenv/lib/python3.10/site-packages/airflow/example_dags/plugins/listener_plugin.py
[2024-05-12T20:20:35.200+0500] {processor.py:842} WARNING - No viable dags retrieved from /home/awahab02/mlops_assignment_2/myenv/lib/python3.10/site-packages/airflow/example_dags/plugins/listener_plugin.py
[2024-05-12T20:20:35.208+0500] {processor.py:183} INFO - Processing /home/awahab02/mlops_assignment_2/myenv/lib/python3.10/site-packages/airflow/example_dags/plugins/listener_plugin.py took 0.018 seconds
[2024-05-12T20:21:33.191+0500] {processor.py:161} INFO - Started process (PID=9579) to work on /home/awahab02/mlops_assignment_2/myenv/lib/python3.10/site-packages/airflow/example_dags/plugins/listener_plugin.py
[2024-05-12T20:21:33.192+0500] {processor.py:830} INFO - Processing file /home/awahab02/mlops_assignment_2/myenv/lib/python3.10/site-packages/airflow/example_dags/plugins/listener_plugin.py for tasks to queue
[2024-05-12T20:21:33.195+0500] {logging_mixin.py:188} INFO - [2024-05-12T20:21:33.194+0500] {dagbag.py:545} INFO - Filling up the DagBag from /home/awahab02/mlops_assignment_2/myenv/lib/python3.10/site-packages/airflow/example_dags/plugins/listener_plugin.py
[2024-05-12T20:21:33.198+0500] {processor.py:842} WARNING - No viable dags retrieved from /home/awahab02/mlops_assignment_2/myenv/lib/python3.10/site-packages/airflow/example_dags/plugins/listener_plugin.py
[2024-05-12T20:21:33.205+0500] {processor.py:183} INFO - Processing /home/awahab02/mlops_assignment_2/myenv/lib/python3.10/site-packages/airflow/example_dags/plugins/listener_plugin.py took 0.019 seconds
[2024-05-12T20:22:18.494+0500] {processor.py:161} INFO - Started process (PID=9760) to work on /home/awahab02/mlops_assignment_2/myenv/lib/python3.10/site-packages/airflow/example_dags/plugins/listener_plugin.py
[2024-05-12T20:22:18.521+0500] {processor.py:830} INFO - Processing file /home/awahab02/mlops_assignment_2/myenv/lib/python3.10/site-packages/airflow/example_dags/plugins/listener_plugin.py for tasks to queue
[2024-05-12T20:22:18.523+0500] {logging_mixin.py:188} INFO - [2024-05-12T20:22:18.523+0500] {dagbag.py:545} INFO - Filling up the DagBag from /home/awahab02/mlops_assignment_2/myenv/lib/python3.10/site-packages/airflow/example_dags/plugins/listener_plugin.py
[2024-05-12T20:22:18.525+0500] {processor.py:842} WARNING - No viable dags retrieved from /home/awahab02/mlops_assignment_2/myenv/lib/python3.10/site-packages/airflow/example_dags/plugins/listener_plugin.py
[2024-05-12T20:22:18.532+0500] {processor.py:183} INFO - Processing /home/awahab02/mlops_assignment_2/myenv/lib/python3.10/site-packages/airflow/example_dags/plugins/listener_plugin.py took 0.047 seconds
[2024-05-12T20:23:08.915+0500] {processor.py:161} INFO - Started process (PID=10088) to work on /home/awahab02/mlops_assignment_2/myenv/lib/python3.10/site-packages/airflow/example_dags/plugins/listener_plugin.py
[2024-05-12T20:23:08.968+0500] {processor.py:830} INFO - Processing file /home/awahab02/mlops_assignment_2/myenv/lib/python3.10/site-packages/airflow/example_dags/plugins/listener_plugin.py for tasks to queue
[2024-05-12T20:23:08.970+0500] {logging_mixin.py:188} INFO - [2024-05-12T20:23:08.970+0500] {dagbag.py:545} INFO - Filling up the DagBag from /home/awahab02/mlops_assignment_2/myenv/lib/python3.10/site-packages/airflow/example_dags/plugins/listener_plugin.py
[2024-05-12T20:23:08.972+0500] {processor.py:842} WARNING - No viable dags retrieved from /home/awahab02/mlops_assignment_2/myenv/lib/python3.10/site-packages/airflow/example_dags/plugins/listener_plugin.py
[2024-05-12T20:23:08.979+0500] {processor.py:183} INFO - Processing /home/awahab02/mlops_assignment_2/myenv/lib/python3.10/site-packages/airflow/example_dags/plugins/listener_plugin.py took 0.071 seconds
[2024-05-12T20:23:49.893+0500] {processor.py:161} INFO - Started process (PID=10445) to work on /home/awahab02/mlops_assignment_2/myenv/lib/python3.10/site-packages/airflow/example_dags/plugins/listener_plugin.py
[2024-05-12T20:23:49.893+0500] {processor.py:830} INFO - Processing file /home/awahab02/mlops_assignment_2/myenv/lib/python3.10/site-packages/airflow/example_dags/plugins/listener_plugin.py for tasks to queue
[2024-05-12T20:23:49.894+0500] {logging_mixin.py:188} INFO - [2024-05-12T20:23:49.894+0500] {dagbag.py:545} INFO - Filling up the DagBag from /home/awahab02/mlops_assignment_2/myenv/lib/python3.10/site-packages/airflow/example_dags/plugins/listener_plugin.py
[2024-05-12T20:23:49.896+0500] {processor.py:842} WARNING - No viable dags retrieved from /home/awahab02/mlops_assignment_2/myenv/lib/python3.10/site-packages/airflow/example_dags/plugins/listener_plugin.py
[2024-05-12T20:23:49.904+0500] {processor.py:183} INFO - Processing /home/awahab02/mlops_assignment_2/myenv/lib/python3.10/site-packages/airflow/example_dags/plugins/listener_plugin.py took 0.016 seconds
[2024-05-12T20:24:32.271+0500] {processor.py:161} INFO - Started process (PID=10646) to work on /home/awahab02/mlops_assignment_2/myenv/lib/python3.10/site-packages/airflow/example_dags/plugins/listener_plugin.py
[2024-05-12T20:24:32.273+0500] {processor.py:830} INFO - Processing file /home/awahab02/mlops_assignment_2/myenv/lib/python3.10/site-packages/airflow/example_dags/plugins/listener_plugin.py for tasks to queue
[2024-05-12T20:24:32.274+0500] {logging_mixin.py:188} INFO - [2024-05-12T20:24:32.274+0500] {dagbag.py:545} INFO - Filling up the DagBag from /home/awahab02/mlops_assignment_2/myenv/lib/python3.10/site-packages/airflow/example_dags/plugins/listener_plugin.py
[2024-05-12T20:24:32.276+0500] {processor.py:842} WARNING - No viable dags retrieved from /home/awahab02/mlops_assignment_2/myenv/lib/python3.10/site-packages/airflow/example_dags/plugins/listener_plugin.py
[2024-05-12T20:24:32.286+0500] {processor.py:183} INFO - Processing /home/awahab02/mlops_assignment_2/myenv/lib/python3.10/site-packages/airflow/example_dags/plugins/listener_plugin.py took 0.021 seconds
[2024-05-12T20:25:09.884+0500] {processor.py:161} INFO - Started process (PID=10816) to work on /home/awahab02/mlops_assignment_2/myenv/lib/python3.10/site-packages/airflow/example_dags/plugins/listener_plugin.py
[2024-05-12T20:25:09.885+0500] {processor.py:830} INFO - Processing file /home/awahab02/mlops_assignment_2/myenv/lib/python3.10/site-packages/airflow/example_dags/plugins/listener_plugin.py for tasks to queue
[2024-05-12T20:25:09.887+0500] {logging_mixin.py:188} INFO - [2024-05-12T20:25:09.887+0500] {dagbag.py:545} INFO - Filling up the DagBag from /home/awahab02/mlops_assignment_2/myenv/lib/python3.10/site-packages/airflow/example_dags/plugins/listener_plugin.py
[2024-05-12T20:25:09.889+0500] {processor.py:842} WARNING - No viable dags retrieved from /home/awahab02/mlops_assignment_2/myenv/lib/python3.10/site-packages/airflow/example_dags/plugins/listener_plugin.py
[2024-05-12T20:25:09.905+0500] {processor.py:183} INFO - Processing /home/awahab02/mlops_assignment_2/myenv/lib/python3.10/site-packages/airflow/example_dags/plugins/listener_plugin.py took 0.027 seconds
[2024-05-12T20:25:52.176+0500] {processor.py:161} INFO - Started process (PID=11050) to work on /home/awahab02/mlops_assignment_2/myenv/lib/python3.10/site-packages/airflow/example_dags/plugins/listener_plugin.py
[2024-05-12T20:25:52.214+0500] {processor.py:830} INFO - Processing file /home/awahab02/mlops_assignment_2/myenv/lib/python3.10/site-packages/airflow/example_dags/plugins/listener_plugin.py for tasks to queue
[2024-05-12T20:25:52.216+0500] {logging_mixin.py:188} INFO - [2024-05-12T20:25:52.216+0500] {dagbag.py:545} INFO - Filling up the DagBag from /home/awahab02/mlops_assignment_2/myenv/lib/python3.10/site-packages/airflow/example_dags/plugins/listener_plugin.py
[2024-05-12T20:25:52.219+0500] {processor.py:842} WARNING - No viable dags retrieved from /home/awahab02/mlops_assignment_2/myenv/lib/python3.10/site-packages/airflow/example_dags/plugins/listener_plugin.py
[2024-05-12T20:25:52.229+0500] {processor.py:183} INFO - Processing /home/awahab02/mlops_assignment_2/myenv/lib/python3.10/site-packages/airflow/example_dags/plugins/listener_plugin.py took 0.058 seconds
[2024-05-12T20:26:34.945+0500] {processor.py:161} INFO - Started process (PID=11272) to work on /home/awahab02/mlops_assignment_2/myenv/lib/python3.10/site-packages/airflow/example_dags/plugins/listener_plugin.py
[2024-05-12T20:26:34.951+0500] {processor.py:830} INFO - Processing file /home/awahab02/mlops_assignment_2/myenv/lib/python3.10/site-packages/airflow/example_dags/plugins/listener_plugin.py for tasks to queue
[2024-05-12T20:26:34.952+0500] {logging_mixin.py:188} INFO - [2024-05-12T20:26:34.952+0500] {dagbag.py:545} INFO - Filling up the DagBag from /home/awahab02/mlops_assignment_2/myenv/lib/python3.10/site-packages/airflow/example_dags/plugins/listener_plugin.py
[2024-05-12T20:26:34.954+0500] {processor.py:842} WARNING - No viable dags retrieved from /home/awahab02/mlops_assignment_2/myenv/lib/python3.10/site-packages/airflow/example_dags/plugins/listener_plugin.py
[2024-05-12T20:26:34.962+0500] {processor.py:183} INFO - Processing /home/awahab02/mlops_assignment_2/myenv/lib/python3.10/site-packages/airflow/example_dags/plugins/listener_plugin.py took 0.023 seconds
[2024-05-12T20:27:17.435+0500] {processor.py:161} INFO - Started process (PID=11648) to work on /home/awahab02/mlops_assignment_2/myenv/lib/python3.10/site-packages/airflow/example_dags/plugins/listener_plugin.py
[2024-05-12T20:27:17.482+0500] {processor.py:830} INFO - Processing file /home/awahab02/mlops_assignment_2/myenv/lib/python3.10/site-packages/airflow/example_dags/plugins/listener_plugin.py for tasks to queue
[2024-05-12T20:27:17.493+0500] {logging_mixin.py:188} INFO - [2024-05-12T20:27:17.491+0500] {dagbag.py:545} INFO - Filling up the DagBag from /home/awahab02/mlops_assignment_2/myenv/lib/python3.10/site-packages/airflow/example_dags/plugins/listener_plugin.py
[2024-05-12T20:27:17.499+0500] {processor.py:842} WARNING - No viable dags retrieved from /home/awahab02/mlops_assignment_2/myenv/lib/python3.10/site-packages/airflow/example_dags/plugins/listener_plugin.py
[2024-05-12T20:27:17.512+0500] {processor.py:183} INFO - Processing /home/awahab02/mlops_assignment_2/myenv/lib/python3.10/site-packages/airflow/example_dags/plugins/listener_plugin.py took 0.082 seconds
[2024-05-12T20:27:45.275+0500] {processor.py:161} INFO - Started process (PID=11889) to work on /home/awahab02/mlops_assignment_2/myenv/lib/python3.10/site-packages/airflow/example_dags/plugins/listener_plugin.py
[2024-05-12T20:27:45.276+0500] {processor.py:830} INFO - Processing file /home/awahab02/mlops_assignment_2/myenv/lib/python3.10/site-packages/airflow/example_dags/plugins/listener_plugin.py for tasks to queue
[2024-05-12T20:27:45.277+0500] {logging_mixin.py:188} INFO - [2024-05-12T20:27:45.277+0500] {dagbag.py:545} INFO - Filling up the DagBag from /home/awahab02/mlops_assignment_2/myenv/lib/python3.10/site-packages/airflow/example_dags/plugins/listener_plugin.py
[2024-05-12T20:27:45.279+0500] {processor.py:842} WARNING - No viable dags retrieved from /home/awahab02/mlops_assignment_2/myenv/lib/python3.10/site-packages/airflow/example_dags/plugins/listener_plugin.py
[2024-05-12T20:27:45.286+0500] {processor.py:183} INFO - Processing /home/awahab02/mlops_assignment_2/myenv/lib/python3.10/site-packages/airflow/example_dags/plugins/listener_plugin.py took 0.016 seconds
[2024-05-12T20:28:35.574+0500] {processor.py:161} INFO - Started process (PID=12190) to work on /home/awahab02/mlops_assignment_2/myenv/lib/python3.10/site-packages/airflow/example_dags/plugins/listener_plugin.py
[2024-05-12T20:28:35.575+0500] {processor.py:830} INFO - Processing file /home/awahab02/mlops_assignment_2/myenv/lib/python3.10/site-packages/airflow/example_dags/plugins/listener_plugin.py for tasks to queue
[2024-05-12T20:28:35.576+0500] {logging_mixin.py:188} INFO - [2024-05-12T20:28:35.576+0500] {dagbag.py:545} INFO - Filling up the DagBag from /home/awahab02/mlops_assignment_2/myenv/lib/python3.10/site-packages/airflow/example_dags/plugins/listener_plugin.py
[2024-05-12T20:28:35.578+0500] {processor.py:842} WARNING - No viable dags retrieved from /home/awahab02/mlops_assignment_2/myenv/lib/python3.10/site-packages/airflow/example_dags/plugins/listener_plugin.py
[2024-05-12T20:28:35.586+0500] {processor.py:183} INFO - Processing /home/awahab02/mlops_assignment_2/myenv/lib/python3.10/site-packages/airflow/example_dags/plugins/listener_plugin.py took 0.017 seconds
[2024-05-12T20:29:28.568+0500] {processor.py:161} INFO - Started process (PID=12440) to work on /home/awahab02/mlops_assignment_2/myenv/lib/python3.10/site-packages/airflow/example_dags/plugins/listener_plugin.py
[2024-05-12T20:29:28.601+0500] {processor.py:830} INFO - Processing file /home/awahab02/mlops_assignment_2/myenv/lib/python3.10/site-packages/airflow/example_dags/plugins/listener_plugin.py for tasks to queue
[2024-05-12T20:29:28.602+0500] {logging_mixin.py:188} INFO - [2024-05-12T20:29:28.602+0500] {dagbag.py:545} INFO - Filling up the DagBag from /home/awahab02/mlops_assignment_2/myenv/lib/python3.10/site-packages/airflow/example_dags/plugins/listener_plugin.py
[2024-05-12T20:29:28.605+0500] {processor.py:842} WARNING - No viable dags retrieved from /home/awahab02/mlops_assignment_2/myenv/lib/python3.10/site-packages/airflow/example_dags/plugins/listener_plugin.py
[2024-05-12T20:29:28.612+0500] {processor.py:183} INFO - Processing /home/awahab02/mlops_assignment_2/myenv/lib/python3.10/site-packages/airflow/example_dags/plugins/listener_plugin.py took 0.053 seconds
[2024-05-12T20:30:49.808+0500] {processor.py:161} INFO - Started process (PID=13098) to work on /home/awahab02/mlops_assignment_2/myenv/lib/python3.10/site-packages/airflow/example_dags/plugins/listener_plugin.py
[2024-05-12T20:30:49.809+0500] {processor.py:830} INFO - Processing file /home/awahab02/mlops_assignment_2/myenv/lib/python3.10/site-packages/airflow/example_dags/plugins/listener_plugin.py for tasks to queue
[2024-05-12T20:30:49.811+0500] {logging_mixin.py:188} INFO - [2024-05-12T20:30:49.811+0500] {dagbag.py:545} INFO - Filling up the DagBag from /home/awahab02/mlops_assignment_2/myenv/lib/python3.10/site-packages/airflow/example_dags/plugins/listener_plugin.py
[2024-05-12T20:30:49.813+0500] {processor.py:842} WARNING - No viable dags retrieved from /home/awahab02/mlops_assignment_2/myenv/lib/python3.10/site-packages/airflow/example_dags/plugins/listener_plugin.py
[2024-05-12T20:30:49.821+0500] {processor.py:183} INFO - Processing /home/awahab02/mlops_assignment_2/myenv/lib/python3.10/site-packages/airflow/example_dags/plugins/listener_plugin.py took 0.018 seconds
[2024-05-12T20:31:40.427+0500] {processor.py:161} INFO - Started process (PID=13336) to work on /home/awahab02/mlops_assignment_2/myenv/lib/python3.10/site-packages/airflow/example_dags/plugins/listener_plugin.py
[2024-05-12T20:31:40.458+0500] {processor.py:830} INFO - Processing file /home/awahab02/mlops_assignment_2/myenv/lib/python3.10/site-packages/airflow/example_dags/plugins/listener_plugin.py for tasks to queue
[2024-05-12T20:31:40.460+0500] {logging_mixin.py:188} INFO - [2024-05-12T20:31:40.459+0500] {dagbag.py:545} INFO - Filling up the DagBag from /home/awahab02/mlops_assignment_2/myenv/lib/python3.10/site-packages/airflow/example_dags/plugins/listener_plugin.py
[2024-05-12T20:31:40.462+0500] {processor.py:842} WARNING - No viable dags retrieved from /home/awahab02/mlops_assignment_2/myenv/lib/python3.10/site-packages/airflow/example_dags/plugins/listener_plugin.py
[2024-05-12T20:31:40.469+0500] {processor.py:183} INFO - Processing /home/awahab02/mlops_assignment_2/myenv/lib/python3.10/site-packages/airflow/example_dags/plugins/listener_plugin.py took 0.047 seconds
[2024-05-12T20:34:24.895+0500] {processor.py:161} INFO - Started process (PID=14509) to work on /home/awahab02/mlops_assignment_2/myenv/lib/python3.10/site-packages/airflow/example_dags/plugins/listener_plugin.py
[2024-05-12T20:34:24.920+0500] {processor.py:830} INFO - Processing file /home/awahab02/mlops_assignment_2/myenv/lib/python3.10/site-packages/airflow/example_dags/plugins/listener_plugin.py for tasks to queue
[2024-05-12T20:34:24.920+0500] {logging_mixin.py:188} INFO - [2024-05-12T20:34:24.920+0500] {dagbag.py:545} INFO - Filling up the DagBag from /home/awahab02/mlops_assignment_2/myenv/lib/python3.10/site-packages/airflow/example_dags/plugins/listener_plugin.py
[2024-05-12T20:34:24.924+0500] {processor.py:842} WARNING - No viable dags retrieved from /home/awahab02/mlops_assignment_2/myenv/lib/python3.10/site-packages/airflow/example_dags/plugins/listener_plugin.py
[2024-05-12T20:34:24.933+0500] {processor.py:183} INFO - Processing /home/awahab02/mlops_assignment_2/myenv/lib/python3.10/site-packages/airflow/example_dags/plugins/listener_plugin.py took 0.043 seconds
[2024-05-12T20:35:16.624+0500] {processor.py:161} INFO - Started process (PID=14805) to work on /home/awahab02/mlops_assignment_2/myenv/lib/python3.10/site-packages/airflow/example_dags/plugins/listener_plugin.py
[2024-05-12T20:35:16.652+0500] {processor.py:830} INFO - Processing file /home/awahab02/mlops_assignment_2/myenv/lib/python3.10/site-packages/airflow/example_dags/plugins/listener_plugin.py for tasks to queue
[2024-05-12T20:35:16.653+0500] {logging_mixin.py:188} INFO - [2024-05-12T20:35:16.653+0500] {dagbag.py:545} INFO - Filling up the DagBag from /home/awahab02/mlops_assignment_2/myenv/lib/python3.10/site-packages/airflow/example_dags/plugins/listener_plugin.py
[2024-05-12T20:35:16.656+0500] {processor.py:842} WARNING - No viable dags retrieved from /home/awahab02/mlops_assignment_2/myenv/lib/python3.10/site-packages/airflow/example_dags/plugins/listener_plugin.py
[2024-05-12T20:35:16.665+0500] {processor.py:183} INFO - Processing /home/awahab02/mlops_assignment_2/myenv/lib/python3.10/site-packages/airflow/example_dags/plugins/listener_plugin.py took 0.046 seconds
[2024-05-12T20:36:10.235+0500] {processor.py:161} INFO - Started process (PID=15049) to work on /home/awahab02/mlops_assignment_2/myenv/lib/python3.10/site-packages/airflow/example_dags/plugins/listener_plugin.py
[2024-05-12T20:36:10.236+0500] {processor.py:830} INFO - Processing file /home/awahab02/mlops_assignment_2/myenv/lib/python3.10/site-packages/airflow/example_dags/plugins/listener_plugin.py for tasks to queue
[2024-05-12T20:36:10.237+0500] {logging_mixin.py:188} INFO - [2024-05-12T20:36:10.237+0500] {dagbag.py:545} INFO - Filling up the DagBag from /home/awahab02/mlops_assignment_2/myenv/lib/python3.10/site-packages/airflow/example_dags/plugins/listener_plugin.py
[2024-05-12T20:36:10.239+0500] {processor.py:842} WARNING - No viable dags retrieved from /home/awahab02/mlops_assignment_2/myenv/lib/python3.10/site-packages/airflow/example_dags/plugins/listener_plugin.py
[2024-05-12T20:36:10.248+0500] {processor.py:183} INFO - Processing /home/awahab02/mlops_assignment_2/myenv/lib/python3.10/site-packages/airflow/example_dags/plugins/listener_plugin.py took 0.019 seconds
[2024-05-12T20:36:57.898+0500] {processor.py:161} INFO - Started process (PID=15278) to work on /home/awahab02/mlops_assignment_2/myenv/lib/python3.10/site-packages/airflow/example_dags/plugins/listener_plugin.py
[2024-05-12T20:36:57.900+0500] {processor.py:830} INFO - Processing file /home/awahab02/mlops_assignment_2/myenv/lib/python3.10/site-packages/airflow/example_dags/plugins/listener_plugin.py for tasks to queue
[2024-05-12T20:36:57.901+0500] {logging_mixin.py:188} INFO - [2024-05-12T20:36:57.900+0500] {dagbag.py:545} INFO - Filling up the DagBag from /home/awahab02/mlops_assignment_2/myenv/lib/python3.10/site-packages/airflow/example_dags/plugins/listener_plugin.py
[2024-05-12T20:36:57.904+0500] {processor.py:842} WARNING - No viable dags retrieved from /home/awahab02/mlops_assignment_2/myenv/lib/python3.10/site-packages/airflow/example_dags/plugins/listener_plugin.py
[2024-05-12T20:36:57.913+0500] {processor.py:183} INFO - Processing /home/awahab02/mlops_assignment_2/myenv/lib/python3.10/site-packages/airflow/example_dags/plugins/listener_plugin.py took 0.022 seconds
[2024-05-12T20:38:58.404+0500] {processor.py:161} INFO - Started process (PID=16337) to work on /home/awahab02/mlops_assignment_2/myenv/lib/python3.10/site-packages/airflow/example_dags/plugins/listener_plugin.py
[2024-05-12T20:38:58.405+0500] {processor.py:830} INFO - Processing file /home/awahab02/mlops_assignment_2/myenv/lib/python3.10/site-packages/airflow/example_dags/plugins/listener_plugin.py for tasks to queue
[2024-05-12T20:38:58.406+0500] {logging_mixin.py:188} INFO - [2024-05-12T20:38:58.406+0500] {dagbag.py:545} INFO - Filling up the DagBag from /home/awahab02/mlops_assignment_2/myenv/lib/python3.10/site-packages/airflow/example_dags/plugins/listener_plugin.py
[2024-05-12T20:38:58.408+0500] {processor.py:842} WARNING - No viable dags retrieved from /home/awahab02/mlops_assignment_2/myenv/lib/python3.10/site-packages/airflow/example_dags/plugins/listener_plugin.py
[2024-05-12T20:38:58.418+0500] {processor.py:183} INFO - Processing /home/awahab02/mlops_assignment_2/myenv/lib/python3.10/site-packages/airflow/example_dags/plugins/listener_plugin.py took 0.019 seconds
[2024-05-12T20:39:50.260+0500] {processor.py:161} INFO - Started process (PID=16615) to work on /home/awahab02/mlops_assignment_2/myenv/lib/python3.10/site-packages/airflow/example_dags/plugins/listener_plugin.py
[2024-05-12T20:39:50.284+0500] {processor.py:830} INFO - Processing file /home/awahab02/mlops_assignment_2/myenv/lib/python3.10/site-packages/airflow/example_dags/plugins/listener_plugin.py for tasks to queue
[2024-05-12T20:39:50.286+0500] {logging_mixin.py:188} INFO - [2024-05-12T20:39:50.285+0500] {dagbag.py:545} INFO - Filling up the DagBag from /home/awahab02/mlops_assignment_2/myenv/lib/python3.10/site-packages/airflow/example_dags/plugins/listener_plugin.py
[2024-05-12T20:39:50.288+0500] {processor.py:842} WARNING - No viable dags retrieved from /home/awahab02/mlops_assignment_2/myenv/lib/python3.10/site-packages/airflow/example_dags/plugins/listener_plugin.py
[2024-05-12T20:39:50.296+0500] {processor.py:183} INFO - Processing /home/awahab02/mlops_assignment_2/myenv/lib/python3.10/site-packages/airflow/example_dags/plugins/listener_plugin.py took 0.041 seconds
[2024-05-12T20:40:42.246+0500] {processor.py:161} INFO - Started process (PID=16947) to work on /home/awahab02/mlops_assignment_2/myenv/lib/python3.10/site-packages/airflow/example_dags/plugins/listener_plugin.py
[2024-05-12T20:40:42.248+0500] {processor.py:830} INFO - Processing file /home/awahab02/mlops_assignment_2/myenv/lib/python3.10/site-packages/airflow/example_dags/plugins/listener_plugin.py for tasks to queue
[2024-05-12T20:40:42.248+0500] {logging_mixin.py:188} INFO - [2024-05-12T20:40:42.248+0500] {dagbag.py:545} INFO - Filling up the DagBag from /home/awahab02/mlops_assignment_2/myenv/lib/python3.10/site-packages/airflow/example_dags/plugins/listener_plugin.py
[2024-05-12T20:40:42.250+0500] {processor.py:842} WARNING - No viable dags retrieved from /home/awahab02/mlops_assignment_2/myenv/lib/python3.10/site-packages/airflow/example_dags/plugins/listener_plugin.py
[2024-05-12T20:40:42.259+0500] {processor.py:183} INFO - Processing /home/awahab02/mlops_assignment_2/myenv/lib/python3.10/site-packages/airflow/example_dags/plugins/listener_plugin.py took 0.018 seconds
[2024-05-12T20:41:26.883+0500] {processor.py:161} INFO - Started process (PID=17254) to work on /home/awahab02/mlops_assignment_2/myenv/lib/python3.10/site-packages/airflow/example_dags/plugins/listener_plugin.py
[2024-05-12T20:41:26.884+0500] {processor.py:830} INFO - Processing file /home/awahab02/mlops_assignment_2/myenv/lib/python3.10/site-packages/airflow/example_dags/plugins/listener_plugin.py for tasks to queue
[2024-05-12T20:41:26.885+0500] {logging_mixin.py:188} INFO - [2024-05-12T20:41:26.885+0500] {dagbag.py:545} INFO - Filling up the DagBag from /home/awahab02/mlops_assignment_2/myenv/lib/python3.10/site-packages/airflow/example_dags/plugins/listener_plugin.py
[2024-05-12T20:41:26.887+0500] {processor.py:842} WARNING - No viable dags retrieved from /home/awahab02/mlops_assignment_2/myenv/lib/python3.10/site-packages/airflow/example_dags/plugins/listener_plugin.py
[2024-05-12T20:41:26.896+0500] {processor.py:183} INFO - Processing /home/awahab02/mlops_assignment_2/myenv/lib/python3.10/site-packages/airflow/example_dags/plugins/listener_plugin.py took 0.017 seconds
[2024-05-12T20:42:12.823+0500] {processor.py:161} INFO - Started process (PID=17555) to work on /home/awahab02/mlops_assignment_2/myenv/lib/python3.10/site-packages/airflow/example_dags/plugins/listener_plugin.py
[2024-05-12T20:42:12.825+0500] {processor.py:830} INFO - Processing file /home/awahab02/mlops_assignment_2/myenv/lib/python3.10/site-packages/airflow/example_dags/plugins/listener_plugin.py for tasks to queue
[2024-05-12T20:42:12.826+0500] {logging_mixin.py:188} INFO - [2024-05-12T20:42:12.826+0500] {dagbag.py:545} INFO - Filling up the DagBag from /home/awahab02/mlops_assignment_2/myenv/lib/python3.10/site-packages/airflow/example_dags/plugins/listener_plugin.py
[2024-05-12T20:42:12.829+0500] {processor.py:842} WARNING - No viable dags retrieved from /home/awahab02/mlops_assignment_2/myenv/lib/python3.10/site-packages/airflow/example_dags/plugins/listener_plugin.py
[2024-05-12T20:42:12.839+0500] {processor.py:183} INFO - Processing /home/awahab02/mlops_assignment_2/myenv/lib/python3.10/site-packages/airflow/example_dags/plugins/listener_plugin.py took 0.026 seconds
[2024-05-12T20:42:57.208+0500] {processor.py:161} INFO - Started process (PID=17881) to work on /home/awahab02/mlops_assignment_2/myenv/lib/python3.10/site-packages/airflow/example_dags/plugins/listener_plugin.py
[2024-05-12T20:42:57.210+0500] {processor.py:830} INFO - Processing file /home/awahab02/mlops_assignment_2/myenv/lib/python3.10/site-packages/airflow/example_dags/plugins/listener_plugin.py for tasks to queue
[2024-05-12T20:42:57.211+0500] {logging_mixin.py:188} INFO - [2024-05-12T20:42:57.211+0500] {dagbag.py:545} INFO - Filling up the DagBag from /home/awahab02/mlops_assignment_2/myenv/lib/python3.10/site-packages/airflow/example_dags/plugins/listener_plugin.py
[2024-05-12T20:42:57.214+0500] {processor.py:842} WARNING - No viable dags retrieved from /home/awahab02/mlops_assignment_2/myenv/lib/python3.10/site-packages/airflow/example_dags/plugins/listener_plugin.py
[2024-05-12T20:42:57.224+0500] {processor.py:183} INFO - Processing /home/awahab02/mlops_assignment_2/myenv/lib/python3.10/site-packages/airflow/example_dags/plugins/listener_plugin.py took 0.024 seconds
[2024-05-12T20:43:43.598+0500] {processor.py:161} INFO - Started process (PID=18156) to work on /home/awahab02/mlops_assignment_2/myenv/lib/python3.10/site-packages/airflow/example_dags/plugins/listener_plugin.py
[2024-05-12T20:43:43.599+0500] {processor.py:830} INFO - Processing file /home/awahab02/mlops_assignment_2/myenv/lib/python3.10/site-packages/airflow/example_dags/plugins/listener_plugin.py for tasks to queue
[2024-05-12T20:43:43.600+0500] {logging_mixin.py:188} INFO - [2024-05-12T20:43:43.599+0500] {dagbag.py:545} INFO - Filling up the DagBag from /home/awahab02/mlops_assignment_2/myenv/lib/python3.10/site-packages/airflow/example_dags/plugins/listener_plugin.py
[2024-05-12T20:43:43.602+0500] {processor.py:842} WARNING - No viable dags retrieved from /home/awahab02/mlops_assignment_2/myenv/lib/python3.10/site-packages/airflow/example_dags/plugins/listener_plugin.py
[2024-05-12T20:43:43.611+0500] {processor.py:183} INFO - Processing /home/awahab02/mlops_assignment_2/myenv/lib/python3.10/site-packages/airflow/example_dags/plugins/listener_plugin.py took 0.018 seconds
