[2024-05-12T20:20:36.364+0500] {processor.py:161} INFO - Started process (PID=9236) to work on /home/awahab02/mlops_assignment_2/myenv/lib/python3.10/site-packages/airflow/example_dags/plugins/workday.py
[2024-05-12T20:20:36.365+0500] {processor.py:830} INFO - Processing file /home/awahab02/mlops_assignment_2/myenv/lib/python3.10/site-packages/airflow/example_dags/plugins/workday.py for tasks to queue
[2024-05-12T20:20:36.366+0500] {logging_mixin.py:188} INFO - [2024-05-12T20:20:36.366+0500] {dagbag.py:545} INFO - Filling up the DagBag from /home/awahab02/mlops_assignment_2/myenv/lib/python3.10/site-packages/airflow/example_dags/plugins/workday.py
[2024-05-12T20:20:36.369+0500] {logging_mixin.py:188} INFO - [2024-05-12T20:20:36.369+0500] {workday.py:41} WARNING - Could not import pandas. Holidays will not be considered.
[2024-05-12T20:20:36.369+0500] {processor.py:842} WARNING - No viable dags retrieved from /home/awahab02/mlops_assignment_2/myenv/lib/python3.10/site-packages/airflow/example_dags/plugins/workday.py
[2024-05-12T20:20:36.378+0500] {processor.py:183} INFO - Processing /home/awahab02/mlops_assignment_2/myenv/lib/python3.10/site-packages/airflow/example_dags/plugins/workday.py took 0.020 seconds
[2024-05-12T20:21:34.342+0500] {processor.py:161} INFO - Started process (PID=9586) to work on /home/awahab02/mlops_assignment_2/myenv/lib/python3.10/site-packages/airflow/example_dags/plugins/workday.py
[2024-05-12T20:21:34.358+0500] {processor.py:830} INFO - Processing file /home/awahab02/mlops_assignment_2/myenv/lib/python3.10/site-packages/airflow/example_dags/plugins/workday.py for tasks to queue
[2024-05-12T20:21:34.360+0500] {logging_mixin.py:188} INFO - [2024-05-12T20:21:34.359+0500] {dagbag.py:545} INFO - Filling up the DagBag from /home/awahab02/mlops_assignment_2/myenv/lib/python3.10/site-packages/airflow/example_dags/plugins/workday.py
[2024-05-12T20:21:34.362+0500] {logging_mixin.py:188} INFO - [2024-05-12T20:21:34.362+0500] {workday.py:41} WARNING - Could not import pandas. Holidays will not be considered.
[2024-05-12T20:21:34.362+0500] {processor.py:842} WARNING - No viable dags retrieved from /home/awahab02/mlops_assignment_2/myenv/lib/python3.10/site-packages/airflow/example_dags/plugins/workday.py
[2024-05-12T20:21:34.370+0500] {processor.py:183} INFO - Processing /home/awahab02/mlops_assignment_2/myenv/lib/python3.10/site-packages/airflow/example_dags/plugins/workday.py took 0.036 seconds
[2024-05-12T20:22:19.620+0500] {processor.py:161} INFO - Started process (PID=9767) to work on /home/awahab02/mlops_assignment_2/myenv/lib/python3.10/site-packages/airflow/example_dags/plugins/workday.py
[2024-05-12T20:22:19.643+0500] {processor.py:830} INFO - Processing file /home/awahab02/mlops_assignment_2/myenv/lib/python3.10/site-packages/airflow/example_dags/plugins/workday.py for tasks to queue
[2024-05-12T20:22:19.644+0500] {logging_mixin.py:188} INFO - [2024-05-12T20:22:19.644+0500] {dagbag.py:545} INFO - Filling up the DagBag from /home/awahab02/mlops_assignment_2/myenv/lib/python3.10/site-packages/airflow/example_dags/plugins/workday.py
[2024-05-12T20:22:19.646+0500] {logging_mixin.py:188} INFO - [2024-05-12T20:22:19.646+0500] {workday.py:41} WARNING - Could not import pandas. Holidays will not be considered.
[2024-05-12T20:22:19.646+0500] {processor.py:842} WARNING - No viable dags retrieved from /home/awahab02/mlops_assignment_2/myenv/lib/python3.10/site-packages/airflow/example_dags/plugins/workday.py
[2024-05-12T20:22:19.654+0500] {processor.py:183} INFO - Processing /home/awahab02/mlops_assignment_2/myenv/lib/python3.10/site-packages/airflow/example_dags/plugins/workday.py took 0.040 seconds
[2024-05-12T20:23:09.267+0500] {processor.py:161} INFO - Started process (PID=10089) to work on /home/awahab02/mlops_assignment_2/myenv/lib/python3.10/site-packages/airflow/example_dags/plugins/workday.py
[2024-05-12T20:23:09.269+0500] {processor.py:830} INFO - Processing file /home/awahab02/mlops_assignment_2/myenv/lib/python3.10/site-packages/airflow/example_dags/plugins/workday.py for tasks to queue
[2024-05-12T20:23:09.271+0500] {logging_mixin.py:188} INFO - [2024-05-12T20:23:09.270+0500] {dagbag.py:545} INFO - Filling up the DagBag from /home/awahab02/mlops_assignment_2/myenv/lib/python3.10/site-packages/airflow/example_dags/plugins/workday.py
[2024-05-12T20:23:09.273+0500] {logging_mixin.py:188} INFO - [2024-05-12T20:23:09.273+0500] {workday.py:41} WARNING - Could not import pandas. Holidays will not be considered.
[2024-05-12T20:23:09.273+0500] {processor.py:842} WARNING - No viable dags retrieved from /home/awahab02/mlops_assignment_2/myenv/lib/python3.10/site-packages/airflow/example_dags/plugins/workday.py
[2024-05-12T20:23:09.281+0500] {processor.py:183} INFO - Processing /home/awahab02/mlops_assignment_2/myenv/lib/python3.10/site-packages/airflow/example_dags/plugins/workday.py took 0.021 seconds
[2024-05-12T20:23:51.009+0500] {processor.py:161} INFO - Started process (PID=10456) to work on /home/awahab02/mlops_assignment_2/myenv/lib/python3.10/site-packages/airflow/example_dags/plugins/workday.py
[2024-05-12T20:23:51.010+0500] {processor.py:830} INFO - Processing file /home/awahab02/mlops_assignment_2/myenv/lib/python3.10/site-packages/airflow/example_dags/plugins/workday.py for tasks to queue
[2024-05-12T20:23:51.011+0500] {logging_mixin.py:188} INFO - [2024-05-12T20:23:51.011+0500] {dagbag.py:545} INFO - Filling up the DagBag from /home/awahab02/mlops_assignment_2/myenv/lib/python3.10/site-packages/airflow/example_dags/plugins/workday.py
[2024-05-12T20:23:51.013+0500] {logging_mixin.py:188} INFO - [2024-05-12T20:23:51.013+0500] {workday.py:41} WARNING - Could not import pandas. Holidays will not be considered.
[2024-05-12T20:23:51.013+0500] {processor.py:842} WARNING - No viable dags retrieved from /home/awahab02/mlops_assignment_2/myenv/lib/python3.10/site-packages/airflow/example_dags/plugins/workday.py
[2024-05-12T20:23:51.022+0500] {processor.py:183} INFO - Processing /home/awahab02/mlops_assignment_2/myenv/lib/python3.10/site-packages/airflow/example_dags/plugins/workday.py took 0.018 seconds
[2024-05-12T20:24:33.421+0500] {processor.py:161} INFO - Started process (PID=10647) to work on /home/awahab02/mlops_assignment_2/myenv/lib/python3.10/site-packages/airflow/example_dags/plugins/workday.py
[2024-05-12T20:24:33.423+0500] {processor.py:830} INFO - Processing file /home/awahab02/mlops_assignment_2/myenv/lib/python3.10/site-packages/airflow/example_dags/plugins/workday.py for tasks to queue
[2024-05-12T20:24:33.424+0500] {logging_mixin.py:188} INFO - [2024-05-12T20:24:33.424+0500] {dagbag.py:545} INFO - Filling up the DagBag from /home/awahab02/mlops_assignment_2/myenv/lib/python3.10/site-packages/airflow/example_dags/plugins/workday.py
[2024-05-12T20:24:33.426+0500] {logging_mixin.py:188} INFO - [2024-05-12T20:24:33.426+0500] {workday.py:41} WARNING - Could not import pandas. Holidays will not be considered.
[2024-05-12T20:24:33.427+0500] {processor.py:842} WARNING - No viable dags retrieved from /home/awahab02/mlops_assignment_2/myenv/lib/python3.10/site-packages/airflow/example_dags/plugins/workday.py
[2024-05-12T20:24:33.434+0500] {processor.py:183} INFO - Processing /home/awahab02/mlops_assignment_2/myenv/lib/python3.10/site-packages/airflow/example_dags/plugins/workday.py took 0.019 seconds
[2024-05-12T20:25:31.672+0500] {processor.py:161} INFO - Started process (PID=10906) to work on /home/awahab02/mlops_assignment_2/myenv/lib/python3.10/site-packages/airflow/example_dags/plugins/workday.py
[2024-05-12T20:25:31.674+0500] {processor.py:830} INFO - Processing file /home/awahab02/mlops_assignment_2/myenv/lib/python3.10/site-packages/airflow/example_dags/plugins/workday.py for tasks to queue
[2024-05-12T20:25:31.675+0500] {logging_mixin.py:188} INFO - [2024-05-12T20:25:31.675+0500] {dagbag.py:545} INFO - Filling up the DagBag from /home/awahab02/mlops_assignment_2/myenv/lib/python3.10/site-packages/airflow/example_dags/plugins/workday.py
[2024-05-12T20:25:31.677+0500] {logging_mixin.py:188} INFO - [2024-05-12T20:25:31.677+0500] {workday.py:41} WARNING - Could not import pandas. Holidays will not be considered.
[2024-05-12T20:25:31.677+0500] {processor.py:842} WARNING - No viable dags retrieved from /home/awahab02/mlops_assignment_2/myenv/lib/python3.10/site-packages/airflow/example_dags/plugins/workday.py
[2024-05-12T20:25:31.685+0500] {processor.py:183} INFO - Processing /home/awahab02/mlops_assignment_2/myenv/lib/python3.10/site-packages/airflow/example_dags/plugins/workday.py took 0.018 seconds
[2024-05-12T20:26:13.585+0500] {processor.py:161} INFO - Started process (PID=11135) to work on /home/awahab02/mlops_assignment_2/myenv/lib/python3.10/site-packages/airflow/example_dags/plugins/workday.py
[2024-05-12T20:26:13.615+0500] {processor.py:830} INFO - Processing file /home/awahab02/mlops_assignment_2/myenv/lib/python3.10/site-packages/airflow/example_dags/plugins/workday.py for tasks to queue
[2024-05-12T20:26:13.616+0500] {logging_mixin.py:188} INFO - [2024-05-12T20:26:13.616+0500] {dagbag.py:545} INFO - Filling up the DagBag from /home/awahab02/mlops_assignment_2/myenv/lib/python3.10/site-packages/airflow/example_dags/plugins/workday.py
[2024-05-12T20:26:13.619+0500] {logging_mixin.py:188} INFO - [2024-05-12T20:26:13.619+0500] {workday.py:41} WARNING - Could not import pandas. Holidays will not be considered.
[2024-05-12T20:26:13.620+0500] {processor.py:842} WARNING - No viable dags retrieved from /home/awahab02/mlops_assignment_2/myenv/lib/python3.10/site-packages/airflow/example_dags/plugins/workday.py
[2024-05-12T20:26:13.629+0500] {processor.py:183} INFO - Processing /home/awahab02/mlops_assignment_2/myenv/lib/python3.10/site-packages/airflow/example_dags/plugins/workday.py took 0.049 seconds
[2024-05-12T20:26:56.635+0500] {processor.py:161} INFO - Started process (PID=11477) to work on /home/awahab02/mlops_assignment_2/myenv/lib/python3.10/site-packages/airflow/example_dags/plugins/workday.py
[2024-05-12T20:26:56.636+0500] {processor.py:830} INFO - Processing file /home/awahab02/mlops_assignment_2/myenv/lib/python3.10/site-packages/airflow/example_dags/plugins/workday.py for tasks to queue
[2024-05-12T20:26:56.637+0500] {logging_mixin.py:188} INFO - [2024-05-12T20:26:56.637+0500] {dagbag.py:545} INFO - Filling up the DagBag from /home/awahab02/mlops_assignment_2/myenv/lib/python3.10/site-packages/airflow/example_dags/plugins/workday.py
[2024-05-12T20:26:56.639+0500] {logging_mixin.py:188} INFO - [2024-05-12T20:26:56.639+0500] {workday.py:41} WARNING - Could not import pandas. Holidays will not be considered.
[2024-05-12T20:26:56.640+0500] {processor.py:842} WARNING - No viable dags retrieved from /home/awahab02/mlops_assignment_2/myenv/lib/python3.10/site-packages/airflow/example_dags/plugins/workday.py
[2024-05-12T20:26:56.648+0500] {processor.py:183} INFO - Processing /home/awahab02/mlops_assignment_2/myenv/lib/python3.10/site-packages/airflow/example_dags/plugins/workday.py took 0.018 seconds
[2024-05-12T20:27:46.415+0500] {processor.py:161} INFO - Started process (PID=11911) to work on /home/awahab02/mlops_assignment_2/myenv/lib/python3.10/site-packages/airflow/example_dags/plugins/workday.py
[2024-05-12T20:27:46.416+0500] {processor.py:830} INFO - Processing file /home/awahab02/mlops_assignment_2/myenv/lib/python3.10/site-packages/airflow/example_dags/plugins/workday.py for tasks to queue
[2024-05-12T20:27:46.418+0500] {logging_mixin.py:188} INFO - [2024-05-12T20:27:46.417+0500] {dagbag.py:545} INFO - Filling up the DagBag from /home/awahab02/mlops_assignment_2/myenv/lib/python3.10/site-packages/airflow/example_dags/plugins/workday.py
[2024-05-12T20:27:46.420+0500] {logging_mixin.py:188} INFO - [2024-05-12T20:27:46.420+0500] {workday.py:41} WARNING - Could not import pandas. Holidays will not be considered.
[2024-05-12T20:27:46.420+0500] {processor.py:842} WARNING - No viable dags retrieved from /home/awahab02/mlops_assignment_2/myenv/lib/python3.10/site-packages/airflow/example_dags/plugins/workday.py
[2024-05-12T20:27:46.428+0500] {processor.py:183} INFO - Processing /home/awahab02/mlops_assignment_2/myenv/lib/python3.10/site-packages/airflow/example_dags/plugins/workday.py took 0.019 seconds
[2024-05-12T20:28:36.727+0500] {processor.py:161} INFO - Started process (PID=12191) to work on /home/awahab02/mlops_assignment_2/myenv/lib/python3.10/site-packages/airflow/example_dags/plugins/workday.py
[2024-05-12T20:28:36.751+0500] {processor.py:830} INFO - Processing file /home/awahab02/mlops_assignment_2/myenv/lib/python3.10/site-packages/airflow/example_dags/plugins/workday.py for tasks to queue
[2024-05-12T20:28:36.752+0500] {logging_mixin.py:188} INFO - [2024-05-12T20:28:36.752+0500] {dagbag.py:545} INFO - Filling up the DagBag from /home/awahab02/mlops_assignment_2/myenv/lib/python3.10/site-packages/airflow/example_dags/plugins/workday.py
[2024-05-12T20:28:36.754+0500] {logging_mixin.py:188} INFO - [2024-05-12T20:28:36.754+0500] {workday.py:41} WARNING - Could not import pandas. Holidays will not be considered.
[2024-05-12T20:28:36.754+0500] {processor.py:842} WARNING - No viable dags retrieved from /home/awahab02/mlops_assignment_2/myenv/lib/python3.10/site-packages/airflow/example_dags/plugins/workday.py
[2024-05-12T20:28:36.762+0500] {processor.py:183} INFO - Processing /home/awahab02/mlops_assignment_2/myenv/lib/python3.10/site-packages/airflow/example_dags/plugins/workday.py took 0.040 seconds
[2024-05-12T20:29:29.714+0500] {processor.py:161} INFO - Started process (PID=12445) to work on /home/awahab02/mlops_assignment_2/myenv/lib/python3.10/site-packages/airflow/example_dags/plugins/workday.py
[2024-05-12T20:29:29.717+0500] {processor.py:830} INFO - Processing file /home/awahab02/mlops_assignment_2/myenv/lib/python3.10/site-packages/airflow/example_dags/plugins/workday.py for tasks to queue
[2024-05-12T20:29:29.719+0500] {logging_mixin.py:188} INFO - [2024-05-12T20:29:29.719+0500] {dagbag.py:545} INFO - Filling up the DagBag from /home/awahab02/mlops_assignment_2/myenv/lib/python3.10/site-packages/airflow/example_dags/plugins/workday.py
[2024-05-12T20:29:29.721+0500] {logging_mixin.py:188} INFO - [2024-05-12T20:29:29.721+0500] {workday.py:41} WARNING - Could not import pandas. Holidays will not be considered.
[2024-05-12T20:29:29.722+0500] {processor.py:842} WARNING - No viable dags retrieved from /home/awahab02/mlops_assignment_2/myenv/lib/python3.10/site-packages/airflow/example_dags/plugins/workday.py
[2024-05-12T20:29:29.730+0500] {processor.py:183} INFO - Processing /home/awahab02/mlops_assignment_2/myenv/lib/python3.10/site-packages/airflow/example_dags/plugins/workday.py took 0.023 seconds
[2024-05-12T20:30:50.938+0500] {processor.py:161} INFO - Started process (PID=13105) to work on /home/awahab02/mlops_assignment_2/myenv/lib/python3.10/site-packages/airflow/example_dags/plugins/workday.py
[2024-05-12T20:30:50.987+0500] {processor.py:830} INFO - Processing file /home/awahab02/mlops_assignment_2/myenv/lib/python3.10/site-packages/airflow/example_dags/plugins/workday.py for tasks to queue
[2024-05-12T20:30:50.989+0500] {logging_mixin.py:188} INFO - [2024-05-12T20:30:50.989+0500] {dagbag.py:545} INFO - Filling up the DagBag from /home/awahab02/mlops_assignment_2/myenv/lib/python3.10/site-packages/airflow/example_dags/plugins/workday.py
[2024-05-12T20:30:50.992+0500] {logging_mixin.py:188} INFO - [2024-05-12T20:30:50.992+0500] {workday.py:41} WARNING - Could not import pandas. Holidays will not be considered.
[2024-05-12T20:30:50.992+0500] {processor.py:842} WARNING - No viable dags retrieved from /home/awahab02/mlops_assignment_2/myenv/lib/python3.10/site-packages/airflow/example_dags/plugins/workday.py
[2024-05-12T20:30:50.999+0500] {processor.py:183} INFO - Processing /home/awahab02/mlops_assignment_2/myenv/lib/python3.10/site-packages/airflow/example_dags/plugins/workday.py took 0.066 seconds
[2024-05-12T20:31:41.559+0500] {processor.py:161} INFO - Started process (PID=13343) to work on /home/awahab02/mlops_assignment_2/myenv/lib/python3.10/site-packages/airflow/example_dags/plugins/workday.py
[2024-05-12T20:31:41.561+0500] {processor.py:830} INFO - Processing file /home/awahab02/mlops_assignment_2/myenv/lib/python3.10/site-packages/airflow/example_dags/plugins/workday.py for tasks to queue
[2024-05-12T20:31:41.563+0500] {logging_mixin.py:188} INFO - [2024-05-12T20:31:41.562+0500] {dagbag.py:545} INFO - Filling up the DagBag from /home/awahab02/mlops_assignment_2/myenv/lib/python3.10/site-packages/airflow/example_dags/plugins/workday.py
[2024-05-12T20:31:41.565+0500] {logging_mixin.py:188} INFO - [2024-05-12T20:31:41.564+0500] {workday.py:41} WARNING - Could not import pandas. Holidays will not be considered.
[2024-05-12T20:31:41.565+0500] {processor.py:842} WARNING - No viable dags retrieved from /home/awahab02/mlops_assignment_2/myenv/lib/python3.10/site-packages/airflow/example_dags/plugins/workday.py
[2024-05-12T20:31:41.573+0500] {processor.py:183} INFO - Processing /home/awahab02/mlops_assignment_2/myenv/lib/python3.10/site-packages/airflow/example_dags/plugins/workday.py took 0.018 seconds
[2024-05-12T20:34:25.397+0500] {processor.py:161} INFO - Started process (PID=14516) to work on /home/awahab02/mlops_assignment_2/myenv/lib/python3.10/site-packages/airflow/example_dags/plugins/workday.py
[2024-05-12T20:34:25.440+0500] {processor.py:830} INFO - Processing file /home/awahab02/mlops_assignment_2/myenv/lib/python3.10/site-packages/airflow/example_dags/plugins/workday.py for tasks to queue
[2024-05-12T20:34:25.441+0500] {logging_mixin.py:188} INFO - [2024-05-12T20:34:25.440+0500] {dagbag.py:545} INFO - Filling up the DagBag from /home/awahab02/mlops_assignment_2/myenv/lib/python3.10/site-packages/airflow/example_dags/plugins/workday.py
[2024-05-12T20:34:25.443+0500] {logging_mixin.py:188} INFO - [2024-05-12T20:34:25.443+0500] {workday.py:41} WARNING - Could not import pandas. Holidays will not be considered.
[2024-05-12T20:34:25.443+0500] {processor.py:842} WARNING - No viable dags retrieved from /home/awahab02/mlops_assignment_2/myenv/lib/python3.10/site-packages/airflow/example_dags/plugins/workday.py
[2024-05-12T20:34:25.451+0500] {processor.py:183} INFO - Processing /home/awahab02/mlops_assignment_2/myenv/lib/python3.10/site-packages/airflow/example_dags/plugins/workday.py took 0.060 seconds
[2024-05-12T20:35:17.233+0500] {processor.py:161} INFO - Started process (PID=14806) to work on /home/awahab02/mlops_assignment_2/myenv/lib/python3.10/site-packages/airflow/example_dags/plugins/workday.py
[2024-05-12T20:35:17.262+0500] {processor.py:830} INFO - Processing file /home/awahab02/mlops_assignment_2/myenv/lib/python3.10/site-packages/airflow/example_dags/plugins/workday.py for tasks to queue
[2024-05-12T20:35:17.263+0500] {logging_mixin.py:188} INFO - [2024-05-12T20:35:17.263+0500] {dagbag.py:545} INFO - Filling up the DagBag from /home/awahab02/mlops_assignment_2/myenv/lib/python3.10/site-packages/airflow/example_dags/plugins/workday.py
[2024-05-12T20:35:17.265+0500] {logging_mixin.py:188} INFO - [2024-05-12T20:35:17.265+0500] {workday.py:41} WARNING - Could not import pandas. Holidays will not be considered.
[2024-05-12T20:35:17.265+0500] {processor.py:842} WARNING - No viable dags retrieved from /home/awahab02/mlops_assignment_2/myenv/lib/python3.10/site-packages/airflow/example_dags/plugins/workday.py
[2024-05-12T20:35:17.273+0500] {processor.py:183} INFO - Processing /home/awahab02/mlops_assignment_2/myenv/lib/python3.10/site-packages/airflow/example_dags/plugins/workday.py took 0.047 seconds
[2024-05-12T20:36:11.242+0500] {processor.py:161} INFO - Started process (PID=15053) to work on /home/awahab02/mlops_assignment_2/myenv/lib/python3.10/site-packages/airflow/example_dags/plugins/workday.py
[2024-05-12T20:36:11.270+0500] {processor.py:830} INFO - Processing file /home/awahab02/mlops_assignment_2/myenv/lib/python3.10/site-packages/airflow/example_dags/plugins/workday.py for tasks to queue
[2024-05-12T20:36:11.271+0500] {logging_mixin.py:188} INFO - [2024-05-12T20:36:11.270+0500] {dagbag.py:545} INFO - Filling up the DagBag from /home/awahab02/mlops_assignment_2/myenv/lib/python3.10/site-packages/airflow/example_dags/plugins/workday.py
[2024-05-12T20:36:11.274+0500] {logging_mixin.py:188} INFO - [2024-05-12T20:36:11.274+0500] {workday.py:41} WARNING - Could not import pandas. Holidays will not be considered.
[2024-05-12T20:36:11.274+0500] {processor.py:842} WARNING - No viable dags retrieved from /home/awahab02/mlops_assignment_2/myenv/lib/python3.10/site-packages/airflow/example_dags/plugins/workday.py
[2024-05-12T20:36:11.284+0500] {processor.py:183} INFO - Processing /home/awahab02/mlops_assignment_2/myenv/lib/python3.10/site-packages/airflow/example_dags/plugins/workday.py took 0.048 seconds
[2024-05-12T20:36:59.025+0500] {processor.py:161} INFO - Started process (PID=15285) to work on /home/awahab02/mlops_assignment_2/myenv/lib/python3.10/site-packages/airflow/example_dags/plugins/workday.py
[2024-05-12T20:36:59.026+0500] {processor.py:830} INFO - Processing file /home/awahab02/mlops_assignment_2/myenv/lib/python3.10/site-packages/airflow/example_dags/plugins/workday.py for tasks to queue
[2024-05-12T20:36:59.027+0500] {logging_mixin.py:188} INFO - [2024-05-12T20:36:59.027+0500] {dagbag.py:545} INFO - Filling up the DagBag from /home/awahab02/mlops_assignment_2/myenv/lib/python3.10/site-packages/airflow/example_dags/plugins/workday.py
[2024-05-12T20:36:59.029+0500] {logging_mixin.py:188} INFO - [2024-05-12T20:36:59.029+0500] {workday.py:41} WARNING - Could not import pandas. Holidays will not be considered.
[2024-05-12T20:36:59.029+0500] {processor.py:842} WARNING - No viable dags retrieved from /home/awahab02/mlops_assignment_2/myenv/lib/python3.10/site-packages/airflow/example_dags/plugins/workday.py
[2024-05-12T20:36:59.038+0500] {processor.py:183} INFO - Processing /home/awahab02/mlops_assignment_2/myenv/lib/python3.10/site-packages/airflow/example_dags/plugins/workday.py took 0.018 seconds
[2024-05-12T20:38:58.563+0500] {processor.py:161} INFO - Started process (PID=16338) to work on /home/awahab02/mlops_assignment_2/myenv/lib/python3.10/site-packages/airflow/example_dags/plugins/workday.py
[2024-05-12T20:38:58.564+0500] {processor.py:830} INFO - Processing file /home/awahab02/mlops_assignment_2/myenv/lib/python3.10/site-packages/airflow/example_dags/plugins/workday.py for tasks to queue
[2024-05-12T20:38:58.565+0500] {logging_mixin.py:188} INFO - [2024-05-12T20:38:58.565+0500] {dagbag.py:545} INFO - Filling up the DagBag from /home/awahab02/mlops_assignment_2/myenv/lib/python3.10/site-packages/airflow/example_dags/plugins/workday.py
[2024-05-12T20:38:58.567+0500] {logging_mixin.py:188} INFO - [2024-05-12T20:38:58.567+0500] {workday.py:41} WARNING - Could not import pandas. Holidays will not be considered.
[2024-05-12T20:38:58.568+0500] {processor.py:842} WARNING - No viable dags retrieved from /home/awahab02/mlops_assignment_2/myenv/lib/python3.10/site-packages/airflow/example_dags/plugins/workday.py
[2024-05-12T20:38:58.575+0500] {processor.py:183} INFO - Processing /home/awahab02/mlops_assignment_2/myenv/lib/python3.10/site-packages/airflow/example_dags/plugins/workday.py took 0.018 seconds
[2024-05-12T20:39:50.769+0500] {processor.py:161} INFO - Started process (PID=16631) to work on /home/awahab02/mlops_assignment_2/myenv/lib/python3.10/site-packages/airflow/example_dags/plugins/workday.py
[2024-05-12T20:39:50.771+0500] {processor.py:830} INFO - Processing file /home/awahab02/mlops_assignment_2/myenv/lib/python3.10/site-packages/airflow/example_dags/plugins/workday.py for tasks to queue
[2024-05-12T20:39:50.772+0500] {logging_mixin.py:188} INFO - [2024-05-12T20:39:50.772+0500] {dagbag.py:545} INFO - Filling up the DagBag from /home/awahab02/mlops_assignment_2/myenv/lib/python3.10/site-packages/airflow/example_dags/plugins/workday.py
[2024-05-12T20:39:50.775+0500] {logging_mixin.py:188} INFO - [2024-05-12T20:39:50.775+0500] {workday.py:41} WARNING - Could not import pandas. Holidays will not be considered.
[2024-05-12T20:39:50.775+0500] {processor.py:842} WARNING - No viable dags retrieved from /home/awahab02/mlops_assignment_2/myenv/lib/python3.10/site-packages/airflow/example_dags/plugins/workday.py
[2024-05-12T20:39:50.785+0500] {processor.py:183} INFO - Processing /home/awahab02/mlops_assignment_2/myenv/lib/python3.10/site-packages/airflow/example_dags/plugins/workday.py took 0.022 seconds
[2024-05-12T20:40:43.395+0500] {processor.py:161} INFO - Started process (PID=16952) to work on /home/awahab02/mlops_assignment_2/myenv/lib/python3.10/site-packages/airflow/example_dags/plugins/workday.py
[2024-05-12T20:40:43.397+0500] {processor.py:830} INFO - Processing file /home/awahab02/mlops_assignment_2/myenv/lib/python3.10/site-packages/airflow/example_dags/plugins/workday.py for tasks to queue
[2024-05-12T20:40:43.397+0500] {logging_mixin.py:188} INFO - [2024-05-12T20:40:43.397+0500] {dagbag.py:545} INFO - Filling up the DagBag from /home/awahab02/mlops_assignment_2/myenv/lib/python3.10/site-packages/airflow/example_dags/plugins/workday.py
[2024-05-12T20:40:43.399+0500] {logging_mixin.py:188} INFO - [2024-05-12T20:40:43.399+0500] {workday.py:41} WARNING - Could not import pandas. Holidays will not be considered.
[2024-05-12T20:40:43.400+0500] {processor.py:842} WARNING - No viable dags retrieved from /home/awahab02/mlops_assignment_2/myenv/lib/python3.10/site-packages/airflow/example_dags/plugins/workday.py
[2024-05-12T20:40:43.408+0500] {processor.py:183} INFO - Processing /home/awahab02/mlops_assignment_2/myenv/lib/python3.10/site-packages/airflow/example_dags/plugins/workday.py took 0.018 seconds
