[2024-05-12T20:20:58.112+0500] {processor.py:161} INFO - Started process (PID=9439) to work on /home/awahab02/mlops_assignment_2/myenv/lib/python3.10/site-packages/airflow/example_dags/example_setup_teardown.py
[2024-05-12T20:20:58.112+0500] {processor.py:830} INFO - Processing file /home/awahab02/mlops_assignment_2/myenv/lib/python3.10/site-packages/airflow/example_dags/example_setup_teardown.py for tasks to queue
[2024-05-12T20:20:58.113+0500] {logging_mixin.py:188} INFO - [2024-05-12T20:20:58.113+0500] {dagbag.py:545} INFO - Filling up the DagBag from /home/awahab02/mlops_assignment_2/myenv/lib/python3.10/site-packages/airflow/example_dags/example_setup_teardown.py
[2024-05-12T20:20:58.119+0500] {processor.py:840} INFO - DAG(s) 'example_setup_teardown' retrieved from /home/awahab02/mlops_assignment_2/myenv/lib/python3.10/site-packages/airflow/example_dags/example_setup_teardown.py
[2024-05-12T20:20:58.242+0500] {logging_mixin.py:188} INFO - [2024-05-12T20:20:58.241+0500] {override.py:1829} INFO - Created Permission View: can read on DAG:example_setup_teardown
[2024-05-12T20:20:58.258+0500] {logging_mixin.py:188} INFO - [2024-05-12T20:20:58.257+0500] {override.py:1829} INFO - Created Permission View: can edit on DAG:example_setup_teardown
[2024-05-12T20:20:58.272+0500] {logging_mixin.py:188} INFO - [2024-05-12T20:20:58.271+0500] {override.py:1829} INFO - Created Permission View: can delete on DAG:example_setup_teardown
[2024-05-12T20:20:58.272+0500] {logging_mixin.py:188} INFO - [2024-05-12T20:20:58.272+0500] {dag.py:3096} INFO - Sync 1 DAGs
[2024-05-12T20:20:58.280+0500] {logging_mixin.py:188} INFO - [2024-05-12T20:20:58.279+0500] {dag.py:3118} INFO - Creating ORM DAG for example_setup_teardown
[2024-05-12T20:20:58.286+0500] {logging_mixin.py:188} INFO - [2024-05-12T20:20:58.286+0500] {dag.py:3954} INFO - Setting next_dagrun for example_setup_teardown to 2024-05-11 00:00:00+00:00, run_after=2024-05-12 00:00:00+00:00
[2024-05-12T20:20:58.312+0500] {processor.py:183} INFO - Processing /home/awahab02/mlops_assignment_2/myenv/lib/python3.10/site-packages/airflow/example_dags/example_setup_teardown.py took 0.206 seconds
[2024-05-12T20:21:51.571+0500] {processor.py:161} INFO - Started process (PID=9653) to work on /home/awahab02/mlops_assignment_2/myenv/lib/python3.10/site-packages/airflow/example_dags/example_setup_teardown.py
[2024-05-12T20:21:51.610+0500] {processor.py:830} INFO - Processing file /home/awahab02/mlops_assignment_2/myenv/lib/python3.10/site-packages/airflow/example_dags/example_setup_teardown.py for tasks to queue
[2024-05-12T20:21:51.611+0500] {logging_mixin.py:188} INFO - [2024-05-12T20:21:51.611+0500] {dagbag.py:545} INFO - Filling up the DagBag from /home/awahab02/mlops_assignment_2/myenv/lib/python3.10/site-packages/airflow/example_dags/example_setup_teardown.py
[2024-05-12T20:21:51.617+0500] {processor.py:840} INFO - DAG(s) 'example_setup_teardown' retrieved from /home/awahab02/mlops_assignment_2/myenv/lib/python3.10/site-packages/airflow/example_dags/example_setup_teardown.py
[2024-05-12T20:21:51.631+0500] {logging_mixin.py:188} INFO - [2024-05-12T20:21:51.630+0500] {dag.py:3096} INFO - Sync 1 DAGs
[2024-05-12T20:21:51.647+0500] {logging_mixin.py:188} INFO - [2024-05-12T20:21:51.647+0500] {dag.py:3954} INFO - Setting next_dagrun for example_setup_teardown to 2024-05-11 00:00:00+00:00, run_after=2024-05-12 00:00:00+00:00
[2024-05-12T20:21:51.671+0500] {processor.py:183} INFO - Processing /home/awahab02/mlops_assignment_2/myenv/lib/python3.10/site-packages/airflow/example_dags/example_setup_teardown.py took 0.106 seconds
[2024-05-12T20:22:39.984+0500] {processor.py:161} INFO - Started process (PID=9854) to work on /home/awahab02/mlops_assignment_2/myenv/lib/python3.10/site-packages/airflow/example_dags/example_setup_teardown.py
[2024-05-12T20:22:39.986+0500] {processor.py:830} INFO - Processing file /home/awahab02/mlops_assignment_2/myenv/lib/python3.10/site-packages/airflow/example_dags/example_setup_teardown.py for tasks to queue
[2024-05-12T20:22:39.987+0500] {logging_mixin.py:188} INFO - [2024-05-12T20:22:39.987+0500] {dagbag.py:545} INFO - Filling up the DagBag from /home/awahab02/mlops_assignment_2/myenv/lib/python3.10/site-packages/airflow/example_dags/example_setup_teardown.py
[2024-05-12T20:22:39.994+0500] {processor.py:840} INFO - DAG(s) 'example_setup_teardown' retrieved from /home/awahab02/mlops_assignment_2/myenv/lib/python3.10/site-packages/airflow/example_dags/example_setup_teardown.py
[2024-05-12T20:22:40.011+0500] {logging_mixin.py:188} INFO - [2024-05-12T20:22:40.011+0500] {dag.py:3096} INFO - Sync 1 DAGs
[2024-05-12T20:22:40.029+0500] {logging_mixin.py:188} INFO - [2024-05-12T20:22:40.028+0500] {dag.py:3954} INFO - Setting next_dagrun for example_setup_teardown to 2024-05-11 00:00:00+00:00, run_after=2024-05-12 00:00:00+00:00
[2024-05-12T20:22:40.055+0500] {processor.py:183} INFO - Processing /home/awahab02/mlops_assignment_2/myenv/lib/python3.10/site-packages/airflow/example_dags/example_setup_teardown.py took 0.076 seconds
[2024-05-12T20:23:37.726+0500] {processor.py:161} INFO - Started process (PID=10364) to work on /home/awahab02/mlops_assignment_2/myenv/lib/python3.10/site-packages/airflow/example_dags/example_setup_teardown.py
[2024-05-12T20:23:37.732+0500] {processor.py:830} INFO - Processing file /home/awahab02/mlops_assignment_2/myenv/lib/python3.10/site-packages/airflow/example_dags/example_setup_teardown.py for tasks to queue
[2024-05-12T20:23:37.737+0500] {logging_mixin.py:188} INFO - [2024-05-12T20:23:37.736+0500] {dagbag.py:545} INFO - Filling up the DagBag from /home/awahab02/mlops_assignment_2/myenv/lib/python3.10/site-packages/airflow/example_dags/example_setup_teardown.py
[2024-05-12T20:23:37.745+0500] {processor.py:840} INFO - DAG(s) 'example_setup_teardown' retrieved from /home/awahab02/mlops_assignment_2/myenv/lib/python3.10/site-packages/airflow/example_dags/example_setup_teardown.py
[2024-05-12T20:23:37.773+0500] {logging_mixin.py:188} INFO - [2024-05-12T20:23:37.772+0500] {dag.py:3096} INFO - Sync 1 DAGs
[2024-05-12T20:23:37.791+0500] {logging_mixin.py:188} INFO - [2024-05-12T20:23:37.791+0500] {dag.py:3954} INFO - Setting next_dagrun for example_setup_teardown to 2024-05-11 00:00:00+00:00, run_after=2024-05-12 00:00:00+00:00
[2024-05-12T20:23:37.824+0500] {processor.py:183} INFO - Processing /home/awahab02/mlops_assignment_2/myenv/lib/python3.10/site-packages/airflow/example_dags/example_setup_teardown.py took 0.103 seconds
[2024-05-12T20:24:38.687+0500] {processor.py:161} INFO - Started process (PID=10680) to work on /home/awahab02/mlops_assignment_2/myenv/lib/python3.10/site-packages/airflow/example_dags/example_setup_teardown.py
[2024-05-12T20:24:38.717+0500] {processor.py:830} INFO - Processing file /home/awahab02/mlops_assignment_2/myenv/lib/python3.10/site-packages/airflow/example_dags/example_setup_teardown.py for tasks to queue
[2024-05-12T20:24:38.718+0500] {logging_mixin.py:188} INFO - [2024-05-12T20:24:38.718+0500] {dagbag.py:545} INFO - Filling up the DagBag from /home/awahab02/mlops_assignment_2/myenv/lib/python3.10/site-packages/airflow/example_dags/example_setup_teardown.py
[2024-05-12T20:24:38.724+0500] {processor.py:840} INFO - DAG(s) 'example_setup_teardown' retrieved from /home/awahab02/mlops_assignment_2/myenv/lib/python3.10/site-packages/airflow/example_dags/example_setup_teardown.py
[2024-05-12T20:24:38.736+0500] {logging_mixin.py:188} INFO - [2024-05-12T20:24:38.736+0500] {dag.py:3096} INFO - Sync 1 DAGs
[2024-05-12T20:24:38.752+0500] {logging_mixin.py:188} INFO - [2024-05-12T20:24:38.752+0500] {dag.py:3954} INFO - Setting next_dagrun for example_setup_teardown to 2024-05-11 00:00:00+00:00, run_after=2024-05-12 00:00:00+00:00
[2024-05-12T20:24:38.776+0500] {processor.py:183} INFO - Processing /home/awahab02/mlops_assignment_2/myenv/lib/python3.10/site-packages/airflow/example_dags/example_setup_teardown.py took 0.093 seconds
[2024-05-12T20:25:39.284+0500] {processor.py:161} INFO - Started process (PID=10971) to work on /home/awahab02/mlops_assignment_2/myenv/lib/python3.10/site-packages/airflow/example_dags/example_setup_teardown.py
[2024-05-12T20:25:39.285+0500] {processor.py:830} INFO - Processing file /home/awahab02/mlops_assignment_2/myenv/lib/python3.10/site-packages/airflow/example_dags/example_setup_teardown.py for tasks to queue
[2024-05-12T20:25:39.286+0500] {logging_mixin.py:188} INFO - [2024-05-12T20:25:39.286+0500] {dagbag.py:545} INFO - Filling up the DagBag from /home/awahab02/mlops_assignment_2/myenv/lib/python3.10/site-packages/airflow/example_dags/example_setup_teardown.py
[2024-05-12T20:25:39.291+0500] {processor.py:840} INFO - DAG(s) 'example_setup_teardown' retrieved from /home/awahab02/mlops_assignment_2/myenv/lib/python3.10/site-packages/airflow/example_dags/example_setup_teardown.py
[2024-05-12T20:25:39.305+0500] {logging_mixin.py:188} INFO - [2024-05-12T20:25:39.304+0500] {dag.py:3096} INFO - Sync 1 DAGs
[2024-05-12T20:25:39.320+0500] {logging_mixin.py:188} INFO - [2024-05-12T20:25:39.319+0500] {dag.py:3954} INFO - Setting next_dagrun for example_setup_teardown to 2024-05-11 00:00:00+00:00, run_after=2024-05-12 00:00:00+00:00
[2024-05-12T20:25:39.346+0500] {processor.py:183} INFO - Processing /home/awahab02/mlops_assignment_2/myenv/lib/python3.10/site-packages/airflow/example_dags/example_setup_teardown.py took 0.067 seconds
[2024-05-12T20:26:42.912+0500] {processor.py:161} INFO - Started process (PID=11368) to work on /home/awahab02/mlops_assignment_2/myenv/lib/python3.10/site-packages/airflow/example_dags/example_setup_teardown.py
[2024-05-12T20:26:42.913+0500] {processor.py:830} INFO - Processing file /home/awahab02/mlops_assignment_2/myenv/lib/python3.10/site-packages/airflow/example_dags/example_setup_teardown.py for tasks to queue
[2024-05-12T20:26:42.917+0500] {logging_mixin.py:188} INFO - [2024-05-12T20:26:42.916+0500] {dagbag.py:545} INFO - Filling up the DagBag from /home/awahab02/mlops_assignment_2/myenv/lib/python3.10/site-packages/airflow/example_dags/example_setup_teardown.py
[2024-05-12T20:26:42.923+0500] {processor.py:840} INFO - DAG(s) 'example_setup_teardown' retrieved from /home/awahab02/mlops_assignment_2/myenv/lib/python3.10/site-packages/airflow/example_dags/example_setup_teardown.py
[2024-05-12T20:26:42.945+0500] {logging_mixin.py:188} INFO - [2024-05-12T20:26:42.945+0500] {dag.py:3096} INFO - Sync 1 DAGs
[2024-05-12T20:26:42.970+0500] {logging_mixin.py:188} INFO - [2024-05-12T20:26:42.969+0500] {dag.py:3954} INFO - Setting next_dagrun for example_setup_teardown to 2024-05-11 00:00:00+00:00, run_after=2024-05-12 00:00:00+00:00
[2024-05-12T20:26:43.017+0500] {processor.py:183} INFO - Processing /home/awahab02/mlops_assignment_2/myenv/lib/python3.10/site-packages/airflow/example_dags/example_setup_teardown.py took 0.111 seconds
[2024-05-12T20:28:02.060+0500] {processor.py:161} INFO - Started process (PID=12023) to work on /home/awahab02/mlops_assignment_2/myenv/lib/python3.10/site-packages/airflow/example_dags/example_setup_teardown.py
[2024-05-12T20:28:02.064+0500] {processor.py:830} INFO - Processing file /home/awahab02/mlops_assignment_2/myenv/lib/python3.10/site-packages/airflow/example_dags/example_setup_teardown.py for tasks to queue
[2024-05-12T20:28:02.067+0500] {logging_mixin.py:188} INFO - [2024-05-12T20:28:02.067+0500] {dagbag.py:545} INFO - Filling up the DagBag from /home/awahab02/mlops_assignment_2/myenv/lib/python3.10/site-packages/airflow/example_dags/example_setup_teardown.py
[2024-05-12T20:28:02.074+0500] {processor.py:840} INFO - DAG(s) 'example_setup_teardown' retrieved from /home/awahab02/mlops_assignment_2/myenv/lib/python3.10/site-packages/airflow/example_dags/example_setup_teardown.py
[2024-05-12T20:28:02.096+0500] {logging_mixin.py:188} INFO - [2024-05-12T20:28:02.095+0500] {dag.py:3096} INFO - Sync 1 DAGs
[2024-05-12T20:28:02.129+0500] {logging_mixin.py:188} INFO - [2024-05-12T20:28:02.128+0500] {dag.py:3954} INFO - Setting next_dagrun for example_setup_teardown to 2024-05-11 00:00:00+00:00, run_after=2024-05-12 00:00:00+00:00
[2024-05-12T20:28:02.160+0500] {processor.py:183} INFO - Processing /home/awahab02/mlops_assignment_2/myenv/lib/python3.10/site-packages/airflow/example_dags/example_setup_teardown.py took 0.108 seconds
[2024-05-12T20:28:53.913+0500] {processor.py:161} INFO - Started process (PID=12276) to work on /home/awahab02/mlops_assignment_2/myenv/lib/python3.10/site-packages/airflow/example_dags/example_setup_teardown.py
[2024-05-12T20:28:53.955+0500] {processor.py:830} INFO - Processing file /home/awahab02/mlops_assignment_2/myenv/lib/python3.10/site-packages/airflow/example_dags/example_setup_teardown.py for tasks to queue
[2024-05-12T20:28:53.958+0500] {logging_mixin.py:188} INFO - [2024-05-12T20:28:53.957+0500] {dagbag.py:545} INFO - Filling up the DagBag from /home/awahab02/mlops_assignment_2/myenv/lib/python3.10/site-packages/airflow/example_dags/example_setup_teardown.py
[2024-05-12T20:28:53.966+0500] {processor.py:840} INFO - DAG(s) 'example_setup_teardown' retrieved from /home/awahab02/mlops_assignment_2/myenv/lib/python3.10/site-packages/airflow/example_dags/example_setup_teardown.py
[2024-05-12T20:28:53.982+0500] {logging_mixin.py:188} INFO - [2024-05-12T20:28:53.981+0500] {dag.py:3096} INFO - Sync 1 DAGs
[2024-05-12T20:28:53.996+0500] {logging_mixin.py:188} INFO - [2024-05-12T20:28:53.996+0500] {dag.py:3954} INFO - Setting next_dagrun for example_setup_teardown to 2024-05-11 00:00:00+00:00, run_after=2024-05-12 00:00:00+00:00
[2024-05-12T20:28:54.021+0500] {processor.py:183} INFO - Processing /home/awahab02/mlops_assignment_2/myenv/lib/python3.10/site-packages/airflow/example_dags/example_setup_teardown.py took 0.116 seconds
[2024-05-12T20:29:47.635+0500] {processor.py:161} INFO - Started process (PID=12583) to work on /home/awahab02/mlops_assignment_2/myenv/lib/python3.10/site-packages/airflow/example_dags/example_setup_teardown.py
[2024-05-12T20:29:47.676+0500] {processor.py:830} INFO - Processing file /home/awahab02/mlops_assignment_2/myenv/lib/python3.10/site-packages/airflow/example_dags/example_setup_teardown.py for tasks to queue
[2024-05-12T20:29:47.677+0500] {logging_mixin.py:188} INFO - [2024-05-12T20:29:47.677+0500] {dagbag.py:545} INFO - Filling up the DagBag from /home/awahab02/mlops_assignment_2/myenv/lib/python3.10/site-packages/airflow/example_dags/example_setup_teardown.py
[2024-05-12T20:29:47.683+0500] {processor.py:840} INFO - DAG(s) 'example_setup_teardown' retrieved from /home/awahab02/mlops_assignment_2/myenv/lib/python3.10/site-packages/airflow/example_dags/example_setup_teardown.py
[2024-05-12T20:29:47.696+0500] {logging_mixin.py:188} INFO - [2024-05-12T20:29:47.696+0500] {dag.py:3096} INFO - Sync 1 DAGs
[2024-05-12T20:29:47.714+0500] {logging_mixin.py:188} INFO - [2024-05-12T20:29:47.714+0500] {dag.py:3954} INFO - Setting next_dagrun for example_setup_teardown to 2024-05-11 00:00:00+00:00, run_after=2024-05-12 00:00:00+00:00
[2024-05-12T20:29:47.740+0500] {processor.py:183} INFO - Processing /home/awahab02/mlops_assignment_2/myenv/lib/python3.10/site-packages/airflow/example_dags/example_setup_teardown.py took 0.111 seconds
[2024-05-12T20:31:07.734+0500] {processor.py:161} INFO - Started process (PID=13179) to work on /home/awahab02/mlops_assignment_2/myenv/lib/python3.10/site-packages/airflow/example_dags/example_setup_teardown.py
[2024-05-12T20:31:07.736+0500] {processor.py:830} INFO - Processing file /home/awahab02/mlops_assignment_2/myenv/lib/python3.10/site-packages/airflow/example_dags/example_setup_teardown.py for tasks to queue
[2024-05-12T20:31:07.737+0500] {logging_mixin.py:188} INFO - [2024-05-12T20:31:07.737+0500] {dagbag.py:545} INFO - Filling up the DagBag from /home/awahab02/mlops_assignment_2/myenv/lib/python3.10/site-packages/airflow/example_dags/example_setup_teardown.py
[2024-05-12T20:31:07.743+0500] {processor.py:840} INFO - DAG(s) 'example_setup_teardown' retrieved from /home/awahab02/mlops_assignment_2/myenv/lib/python3.10/site-packages/airflow/example_dags/example_setup_teardown.py
[2024-05-12T20:31:07.757+0500] {logging_mixin.py:188} INFO - [2024-05-12T20:31:07.757+0500] {dag.py:3096} INFO - Sync 1 DAGs
[2024-05-12T20:31:07.773+0500] {logging_mixin.py:188} INFO - [2024-05-12T20:31:07.773+0500] {dag.py:3954} INFO - Setting next_dagrun for example_setup_teardown to 2024-05-11 00:00:00+00:00, run_after=2024-05-12 00:00:00+00:00
[2024-05-12T20:31:07.811+0500] {processor.py:183} INFO - Processing /home/awahab02/mlops_assignment_2/myenv/lib/python3.10/site-packages/airflow/example_dags/example_setup_teardown.py took 0.084 seconds
[2024-05-12T20:31:58.397+0500] {processor.py:161} INFO - Started process (PID=13413) to work on /home/awahab02/mlops_assignment_2/myenv/lib/python3.10/site-packages/airflow/example_dags/example_setup_teardown.py
[2024-05-12T20:31:58.417+0500] {processor.py:830} INFO - Processing file /home/awahab02/mlops_assignment_2/myenv/lib/python3.10/site-packages/airflow/example_dags/example_setup_teardown.py for tasks to queue
[2024-05-12T20:31:58.419+0500] {logging_mixin.py:188} INFO - [2024-05-12T20:31:58.418+0500] {dagbag.py:545} INFO - Filling up the DagBag from /home/awahab02/mlops_assignment_2/myenv/lib/python3.10/site-packages/airflow/example_dags/example_setup_teardown.py
[2024-05-12T20:31:58.425+0500] {processor.py:840} INFO - DAG(s) 'example_setup_teardown' retrieved from /home/awahab02/mlops_assignment_2/myenv/lib/python3.10/site-packages/airflow/example_dags/example_setup_teardown.py
[2024-05-12T20:31:58.437+0500] {logging_mixin.py:188} INFO - [2024-05-12T20:31:58.437+0500] {dag.py:3096} INFO - Sync 1 DAGs
[2024-05-12T20:31:58.452+0500] {logging_mixin.py:188} INFO - [2024-05-12T20:31:58.452+0500] {dag.py:3954} INFO - Setting next_dagrun for example_setup_teardown to 2024-05-11 00:00:00+00:00, run_after=2024-05-12 00:00:00+00:00
[2024-05-12T20:31:58.477+0500] {processor.py:183} INFO - Processing /home/awahab02/mlops_assignment_2/myenv/lib/python3.10/site-packages/airflow/example_dags/example_setup_teardown.py took 0.084 seconds
[2024-05-12T20:34:42.119+0500] {processor.py:161} INFO - Started process (PID=14595) to work on /home/awahab02/mlops_assignment_2/myenv/lib/python3.10/site-packages/airflow/example_dags/example_setup_teardown.py
[2024-05-12T20:34:42.156+0500] {processor.py:830} INFO - Processing file /home/awahab02/mlops_assignment_2/myenv/lib/python3.10/site-packages/airflow/example_dags/example_setup_teardown.py for tasks to queue
[2024-05-12T20:34:42.157+0500] {logging_mixin.py:188} INFO - [2024-05-12T20:34:42.156+0500] {dagbag.py:545} INFO - Filling up the DagBag from /home/awahab02/mlops_assignment_2/myenv/lib/python3.10/site-packages/airflow/example_dags/example_setup_teardown.py
[2024-05-12T20:34:42.163+0500] {processor.py:840} INFO - DAG(s) 'example_setup_teardown' retrieved from /home/awahab02/mlops_assignment_2/myenv/lib/python3.10/site-packages/airflow/example_dags/example_setup_teardown.py
[2024-05-12T20:34:42.177+0500] {logging_mixin.py:188} INFO - [2024-05-12T20:34:42.176+0500] {dag.py:3096} INFO - Sync 1 DAGs
[2024-05-12T20:34:42.191+0500] {logging_mixin.py:188} INFO - [2024-05-12T20:34:42.191+0500] {dag.py:3954} INFO - Setting next_dagrun for example_setup_teardown to 2024-05-11 00:00:00+00:00, run_after=2024-05-12 00:00:00+00:00
[2024-05-12T20:34:42.216+0500] {processor.py:183} INFO - Processing /home/awahab02/mlops_assignment_2/myenv/lib/python3.10/site-packages/airflow/example_dags/example_setup_teardown.py took 0.102 seconds
[2024-05-12T20:35:35.195+0500] {processor.py:161} INFO - Started process (PID=14878) to work on /home/awahab02/mlops_assignment_2/myenv/lib/python3.10/site-packages/airflow/example_dags/example_setup_teardown.py
[2024-05-12T20:35:35.250+0500] {processor.py:830} INFO - Processing file /home/awahab02/mlops_assignment_2/myenv/lib/python3.10/site-packages/airflow/example_dags/example_setup_teardown.py for tasks to queue
[2024-05-12T20:35:35.253+0500] {logging_mixin.py:188} INFO - [2024-05-12T20:35:35.252+0500] {dagbag.py:545} INFO - Filling up the DagBag from /home/awahab02/mlops_assignment_2/myenv/lib/python3.10/site-packages/airflow/example_dags/example_setup_teardown.py
[2024-05-12T20:35:35.269+0500] {processor.py:840} INFO - DAG(s) 'example_setup_teardown' retrieved from /home/awahab02/mlops_assignment_2/myenv/lib/python3.10/site-packages/airflow/example_dags/example_setup_teardown.py
[2024-05-12T20:35:35.286+0500] {logging_mixin.py:188} INFO - [2024-05-12T20:35:35.286+0500] {dag.py:3096} INFO - Sync 1 DAGs
[2024-05-12T20:35:35.300+0500] {logging_mixin.py:188} INFO - [2024-05-12T20:35:35.300+0500] {dag.py:3954} INFO - Setting next_dagrun for example_setup_teardown to 2024-05-11 00:00:00+00:00, run_after=2024-05-12 00:00:00+00:00
[2024-05-12T20:35:35.325+0500] {processor.py:183} INFO - Processing /home/awahab02/mlops_assignment_2/myenv/lib/python3.10/site-packages/airflow/example_dags/example_setup_teardown.py took 0.134 seconds
[2024-05-12T20:36:28.730+0500] {processor.py:161} INFO - Started process (PID=15153) to work on /home/awahab02/mlops_assignment_2/myenv/lib/python3.10/site-packages/airflow/example_dags/example_setup_teardown.py
[2024-05-12T20:36:28.732+0500] {processor.py:830} INFO - Processing file /home/awahab02/mlops_assignment_2/myenv/lib/python3.10/site-packages/airflow/example_dags/example_setup_teardown.py for tasks to queue
[2024-05-12T20:36:28.733+0500] {logging_mixin.py:188} INFO - [2024-05-12T20:36:28.733+0500] {dagbag.py:545} INFO - Filling up the DagBag from /home/awahab02/mlops_assignment_2/myenv/lib/python3.10/site-packages/airflow/example_dags/example_setup_teardown.py
[2024-05-12T20:36:28.739+0500] {processor.py:840} INFO - DAG(s) 'example_setup_teardown' retrieved from /home/awahab02/mlops_assignment_2/myenv/lib/python3.10/site-packages/airflow/example_dags/example_setup_teardown.py
[2024-05-12T20:36:28.752+0500] {logging_mixin.py:188} INFO - [2024-05-12T20:36:28.752+0500] {dag.py:3096} INFO - Sync 1 DAGs
[2024-05-12T20:36:28.765+0500] {logging_mixin.py:188} INFO - [2024-05-12T20:36:28.764+0500] {dag.py:3954} INFO - Setting next_dagrun for example_setup_teardown to 2024-05-11 00:00:00+00:00, run_after=2024-05-12 00:00:00+00:00
[2024-05-12T20:36:28.790+0500] {processor.py:183} INFO - Processing /home/awahab02/mlops_assignment_2/myenv/lib/python3.10/site-packages/airflow/example_dags/example_setup_teardown.py took 0.065 seconds
[2024-05-12T20:39:15.697+0500] {processor.py:161} INFO - Started process (PID=16409) to work on /home/awahab02/mlops_assignment_2/myenv/lib/python3.10/site-packages/airflow/example_dags/example_setup_teardown.py
[2024-05-12T20:39:15.699+0500] {processor.py:830} INFO - Processing file /home/awahab02/mlops_assignment_2/myenv/lib/python3.10/site-packages/airflow/example_dags/example_setup_teardown.py for tasks to queue
[2024-05-12T20:39:15.700+0500] {logging_mixin.py:188} INFO - [2024-05-12T20:39:15.700+0500] {dagbag.py:545} INFO - Filling up the DagBag from /home/awahab02/mlops_assignment_2/myenv/lib/python3.10/site-packages/airflow/example_dags/example_setup_teardown.py
[2024-05-12T20:39:15.706+0500] {processor.py:840} INFO - DAG(s) 'example_setup_teardown' retrieved from /home/awahab02/mlops_assignment_2/myenv/lib/python3.10/site-packages/airflow/example_dags/example_setup_teardown.py
[2024-05-12T20:39:15.722+0500] {logging_mixin.py:188} INFO - [2024-05-12T20:39:15.722+0500] {dag.py:3096} INFO - Sync 1 DAGs
[2024-05-12T20:39:15.737+0500] {logging_mixin.py:188} INFO - [2024-05-12T20:39:15.737+0500] {dag.py:3954} INFO - Setting next_dagrun for example_setup_teardown to 2024-05-11 00:00:00+00:00, run_after=2024-05-12 00:00:00+00:00
[2024-05-12T20:39:15.763+0500] {processor.py:183} INFO - Processing /home/awahab02/mlops_assignment_2/myenv/lib/python3.10/site-packages/airflow/example_dags/example_setup_teardown.py took 0.071 seconds
[2024-05-12T20:40:08.607+0500] {processor.py:161} INFO - Started process (PID=16732) to work on /home/awahab02/mlops_assignment_2/myenv/lib/python3.10/site-packages/airflow/example_dags/example_setup_teardown.py
[2024-05-12T20:40:08.609+0500] {processor.py:830} INFO - Processing file /home/awahab02/mlops_assignment_2/myenv/lib/python3.10/site-packages/airflow/example_dags/example_setup_teardown.py for tasks to queue
[2024-05-12T20:40:08.611+0500] {logging_mixin.py:188} INFO - [2024-05-12T20:40:08.610+0500] {dagbag.py:545} INFO - Filling up the DagBag from /home/awahab02/mlops_assignment_2/myenv/lib/python3.10/site-packages/airflow/example_dags/example_setup_teardown.py
[2024-05-12T20:40:08.618+0500] {processor.py:840} INFO - DAG(s) 'example_setup_teardown' retrieved from /home/awahab02/mlops_assignment_2/myenv/lib/python3.10/site-packages/airflow/example_dags/example_setup_teardown.py
[2024-05-12T20:40:08.631+0500] {logging_mixin.py:188} INFO - [2024-05-12T20:40:08.630+0500] {dag.py:3096} INFO - Sync 1 DAGs
[2024-05-12T20:40:08.644+0500] {logging_mixin.py:188} INFO - [2024-05-12T20:40:08.644+0500] {dag.py:3954} INFO - Setting next_dagrun for example_setup_teardown to 2024-05-11 00:00:00+00:00, run_after=2024-05-12 00:00:00+00:00
[2024-05-12T20:40:08.668+0500] {processor.py:183} INFO - Processing /home/awahab02/mlops_assignment_2/myenv/lib/python3.10/site-packages/airflow/example_dags/example_setup_teardown.py took 0.067 seconds
[2024-05-12T20:40:59.967+0500] {processor.py:161} INFO - Started process (PID=17106) to work on /home/awahab02/mlops_assignment_2/myenv/lib/python3.10/site-packages/airflow/example_dags/example_setup_teardown.py
[2024-05-12T20:40:59.974+0500] {processor.py:830} INFO - Processing file /home/awahab02/mlops_assignment_2/myenv/lib/python3.10/site-packages/airflow/example_dags/example_setup_teardown.py for tasks to queue
[2024-05-12T20:40:59.975+0500] {logging_mixin.py:188} INFO - [2024-05-12T20:40:59.975+0500] {dagbag.py:545} INFO - Filling up the DagBag from /home/awahab02/mlops_assignment_2/myenv/lib/python3.10/site-packages/airflow/example_dags/example_setup_teardown.py
[2024-05-12T20:40:59.980+0500] {processor.py:840} INFO - DAG(s) 'example_setup_teardown' retrieved from /home/awahab02/mlops_assignment_2/myenv/lib/python3.10/site-packages/airflow/example_dags/example_setup_teardown.py
[2024-05-12T20:40:59.994+0500] {logging_mixin.py:188} INFO - [2024-05-12T20:40:59.994+0500] {dag.py:3096} INFO - Sync 1 DAGs
[2024-05-12T20:41:00.008+0500] {logging_mixin.py:188} INFO - [2024-05-12T20:41:00.008+0500] {dag.py:3954} INFO - Setting next_dagrun for example_setup_teardown to 2024-05-11 00:00:00+00:00, run_after=2024-05-12 00:00:00+00:00
[2024-05-12T20:41:00.038+0500] {processor.py:183} INFO - Processing /home/awahab02/mlops_assignment_2/myenv/lib/python3.10/site-packages/airflow/example_dags/example_setup_teardown.py took 0.076 seconds
