[2024-05-12T20:21:10.195+0500] {processor.py:161} INFO - Started process (PID=9490) to work on /home/awahab02/mlops_assignment_2/myenv/lib/python3.10/site-packages/airflow/example_dags/example_nested_branch_dag.py
[2024-05-12T20:21:10.196+0500] {processor.py:830} INFO - Processing file /home/awahab02/mlops_assignment_2/myenv/lib/python3.10/site-packages/airflow/example_dags/example_nested_branch_dag.py for tasks to queue
[2024-05-12T20:21:10.197+0500] {logging_mixin.py:188} INFO - [2024-05-12T20:21:10.197+0500] {dagbag.py:545} INFO - Filling up the DagBag from /home/awahab02/mlops_assignment_2/myenv/lib/python3.10/site-packages/airflow/example_dags/example_nested_branch_dag.py
[2024-05-12T20:21:10.207+0500] {processor.py:840} INFO - DAG(s) 'example_nested_branch_dag' retrieved from /home/awahab02/mlops_assignment_2/myenv/lib/python3.10/site-packages/airflow/example_dags/example_nested_branch_dag.py
[2024-05-12T20:21:10.301+0500] {logging_mixin.py:188} INFO - [2024-05-12T20:21:10.300+0500] {override.py:1829} INFO - Created Permission View: can read on DAG:example_nested_branch_dag
[2024-05-12T20:21:10.317+0500] {logging_mixin.py:188} INFO - [2024-05-12T20:21:10.317+0500] {override.py:1829} INFO - Created Permission View: can edit on DAG:example_nested_branch_dag
[2024-05-12T20:21:10.334+0500] {logging_mixin.py:188} INFO - [2024-05-12T20:21:10.334+0500] {override.py:1829} INFO - Created Permission View: can delete on DAG:example_nested_branch_dag
[2024-05-12T20:21:10.335+0500] {logging_mixin.py:188} INFO - [2024-05-12T20:21:10.335+0500] {dag.py:3096} INFO - Sync 1 DAGs
[2024-05-12T20:21:10.343+0500] {logging_mixin.py:188} INFO - [2024-05-12T20:21:10.342+0500] {dag.py:3118} INFO - Creating ORM DAG for example_nested_branch_dag
[2024-05-12T20:21:10.350+0500] {logging_mixin.py:188} INFO - [2024-05-12T20:21:10.350+0500] {dag.py:3954} INFO - Setting next_dagrun for example_nested_branch_dag to 2024-05-11 00:00:00+00:00, run_after=2024-05-12 00:00:00+00:00
[2024-05-12T20:21:10.385+0500] {processor.py:183} INFO - Processing /home/awahab02/mlops_assignment_2/myenv/lib/python3.10/site-packages/airflow/example_dags/example_nested_branch_dag.py took 0.197 seconds
[2024-05-12T20:22:02.211+0500] {processor.py:161} INFO - Started process (PID=9694) to work on /home/awahab02/mlops_assignment_2/myenv/lib/python3.10/site-packages/airflow/example_dags/example_nested_branch_dag.py
[2024-05-12T20:22:02.212+0500] {processor.py:830} INFO - Processing file /home/awahab02/mlops_assignment_2/myenv/lib/python3.10/site-packages/airflow/example_dags/example_nested_branch_dag.py for tasks to queue
[2024-05-12T20:22:02.214+0500] {logging_mixin.py:188} INFO - [2024-05-12T20:22:02.213+0500] {dagbag.py:545} INFO - Filling up the DagBag from /home/awahab02/mlops_assignment_2/myenv/lib/python3.10/site-packages/airflow/example_dags/example_nested_branch_dag.py
[2024-05-12T20:22:02.222+0500] {processor.py:840} INFO - DAG(s) 'example_nested_branch_dag' retrieved from /home/awahab02/mlops_assignment_2/myenv/lib/python3.10/site-packages/airflow/example_dags/example_nested_branch_dag.py
[2024-05-12T20:22:02.236+0500] {logging_mixin.py:188} INFO - [2024-05-12T20:22:02.236+0500] {dag.py:3096} INFO - Sync 1 DAGs
[2024-05-12T20:22:02.252+0500] {logging_mixin.py:188} INFO - [2024-05-12T20:22:02.252+0500] {dag.py:3954} INFO - Setting next_dagrun for example_nested_branch_dag to 2024-05-11 00:00:00+00:00, run_after=2024-05-12 00:00:00+00:00
[2024-05-12T20:22:02.278+0500] {processor.py:183} INFO - Processing /home/awahab02/mlops_assignment_2/myenv/lib/python3.10/site-packages/airflow/example_dags/example_nested_branch_dag.py took 0.072 seconds
[2024-05-12T20:23:01.397+0500] {processor.py:161} INFO - Started process (PID=10024) to work on /home/awahab02/mlops_assignment_2/myenv/lib/python3.10/site-packages/airflow/example_dags/example_nested_branch_dag.py
[2024-05-12T20:23:01.398+0500] {processor.py:830} INFO - Processing file /home/awahab02/mlops_assignment_2/myenv/lib/python3.10/site-packages/airflow/example_dags/example_nested_branch_dag.py for tasks to queue
[2024-05-12T20:23:01.400+0500] {logging_mixin.py:188} INFO - [2024-05-12T20:23:01.399+0500] {dagbag.py:545} INFO - Filling up the DagBag from /home/awahab02/mlops_assignment_2/myenv/lib/python3.10/site-packages/airflow/example_dags/example_nested_branch_dag.py
[2024-05-12T20:23:01.408+0500] {processor.py:840} INFO - DAG(s) 'example_nested_branch_dag' retrieved from /home/awahab02/mlops_assignment_2/myenv/lib/python3.10/site-packages/airflow/example_dags/example_nested_branch_dag.py
[2024-05-12T20:23:01.421+0500] {logging_mixin.py:188} INFO - [2024-05-12T20:23:01.421+0500] {dag.py:3096} INFO - Sync 1 DAGs
[2024-05-12T20:23:01.437+0500] {logging_mixin.py:188} INFO - [2024-05-12T20:23:01.437+0500] {dag.py:3954} INFO - Setting next_dagrun for example_nested_branch_dag to 2024-05-11 00:00:00+00:00, run_after=2024-05-12 00:00:00+00:00
[2024-05-12T20:23:01.462+0500] {processor.py:183} INFO - Processing /home/awahab02/mlops_assignment_2/myenv/lib/python3.10/site-packages/airflow/example_dags/example_nested_branch_dag.py took 0.071 seconds
[2024-05-12T20:24:01.179+0500] {processor.py:161} INFO - Started process (PID=10493) to work on /home/awahab02/mlops_assignment_2/myenv/lib/python3.10/site-packages/airflow/example_dags/example_nested_branch_dag.py
[2024-05-12T20:24:01.214+0500] {processor.py:830} INFO - Processing file /home/awahab02/mlops_assignment_2/myenv/lib/python3.10/site-packages/airflow/example_dags/example_nested_branch_dag.py for tasks to queue
[2024-05-12T20:24:01.216+0500] {logging_mixin.py:188} INFO - [2024-05-12T20:24:01.215+0500] {dagbag.py:545} INFO - Filling up the DagBag from /home/awahab02/mlops_assignment_2/myenv/lib/python3.10/site-packages/airflow/example_dags/example_nested_branch_dag.py
[2024-05-12T20:24:01.224+0500] {processor.py:840} INFO - DAG(s) 'example_nested_branch_dag' retrieved from /home/awahab02/mlops_assignment_2/myenv/lib/python3.10/site-packages/airflow/example_dags/example_nested_branch_dag.py
[2024-05-12T20:24:01.237+0500] {logging_mixin.py:188} INFO - [2024-05-12T20:24:01.237+0500] {dag.py:3096} INFO - Sync 1 DAGs
[2024-05-12T20:24:01.252+0500] {logging_mixin.py:188} INFO - [2024-05-12T20:24:01.252+0500] {dag.py:3954} INFO - Setting next_dagrun for example_nested_branch_dag to 2024-05-11 00:00:00+00:00, run_after=2024-05-12 00:00:00+00:00
[2024-05-12T20:24:01.276+0500] {processor.py:183} INFO - Processing /home/awahab02/mlops_assignment_2/myenv/lib/python3.10/site-packages/airflow/example_dags/example_nested_branch_dag.py took 0.106 seconds
[2024-05-12T20:25:00.817+0500] {processor.py:161} INFO - Started process (PID=10773) to work on /home/awahab02/mlops_assignment_2/myenv/lib/python3.10/site-packages/airflow/example_dags/example_nested_branch_dag.py
[2024-05-12T20:25:00.867+0500] {processor.py:830} INFO - Processing file /home/awahab02/mlops_assignment_2/myenv/lib/python3.10/site-packages/airflow/example_dags/example_nested_branch_dag.py for tasks to queue
[2024-05-12T20:25:00.869+0500] {logging_mixin.py:188} INFO - [2024-05-12T20:25:00.869+0500] {dagbag.py:545} INFO - Filling up the DagBag from /home/awahab02/mlops_assignment_2/myenv/lib/python3.10/site-packages/airflow/example_dags/example_nested_branch_dag.py
[2024-05-12T20:25:00.877+0500] {processor.py:840} INFO - DAG(s) 'example_nested_branch_dag' retrieved from /home/awahab02/mlops_assignment_2/myenv/lib/python3.10/site-packages/airflow/example_dags/example_nested_branch_dag.py
[2024-05-12T20:25:00.890+0500] {logging_mixin.py:188} INFO - [2024-05-12T20:25:00.890+0500] {dag.py:3096} INFO - Sync 1 DAGs
[2024-05-12T20:25:00.907+0500] {logging_mixin.py:188} INFO - [2024-05-12T20:25:00.907+0500] {dag.py:3954} INFO - Setting next_dagrun for example_nested_branch_dag to 2024-05-11 00:00:00+00:00, run_after=2024-05-12 00:00:00+00:00
[2024-05-12T20:25:00.933+0500] {processor.py:183} INFO - Processing /home/awahab02/mlops_assignment_2/myenv/lib/python3.10/site-packages/airflow/example_dags/example_nested_branch_dag.py took 0.121 seconds
[2024-05-12T20:26:03.462+0500] {processor.py:161} INFO - Started process (PID=11091) to work on /home/awahab02/mlops_assignment_2/myenv/lib/python3.10/site-packages/airflow/example_dags/example_nested_branch_dag.py
[2024-05-12T20:26:03.464+0500] {processor.py:830} INFO - Processing file /home/awahab02/mlops_assignment_2/myenv/lib/python3.10/site-packages/airflow/example_dags/example_nested_branch_dag.py for tasks to queue
[2024-05-12T20:26:03.465+0500] {logging_mixin.py:188} INFO - [2024-05-12T20:26:03.465+0500] {dagbag.py:545} INFO - Filling up the DagBag from /home/awahab02/mlops_assignment_2/myenv/lib/python3.10/site-packages/airflow/example_dags/example_nested_branch_dag.py
[2024-05-12T20:26:03.474+0500] {processor.py:840} INFO - DAG(s) 'example_nested_branch_dag' retrieved from /home/awahab02/mlops_assignment_2/myenv/lib/python3.10/site-packages/airflow/example_dags/example_nested_branch_dag.py
[2024-05-12T20:26:03.489+0500] {logging_mixin.py:188} INFO - [2024-05-12T20:26:03.488+0500] {dag.py:3096} INFO - Sync 1 DAGs
[2024-05-12T20:26:03.518+0500] {logging_mixin.py:188} INFO - [2024-05-12T20:26:03.517+0500] {dag.py:3954} INFO - Setting next_dagrun for example_nested_branch_dag to 2024-05-11 00:00:00+00:00, run_after=2024-05-12 00:00:00+00:00
[2024-05-12T20:26:03.580+0500] {processor.py:183} INFO - Processing /home/awahab02/mlops_assignment_2/myenv/lib/python3.10/site-packages/airflow/example_dags/example_nested_branch_dag.py took 0.126 seconds
[2024-05-12T20:27:07.580+0500] {processor.py:161} INFO - Started process (PID=11547) to work on /home/awahab02/mlops_assignment_2/myenv/lib/python3.10/site-packages/airflow/example_dags/example_nested_branch_dag.py
[2024-05-12T20:27:07.615+0500] {processor.py:830} INFO - Processing file /home/awahab02/mlops_assignment_2/myenv/lib/python3.10/site-packages/airflow/example_dags/example_nested_branch_dag.py for tasks to queue
[2024-05-12T20:27:07.617+0500] {logging_mixin.py:188} INFO - [2024-05-12T20:27:07.616+0500] {dagbag.py:545} INFO - Filling up the DagBag from /home/awahab02/mlops_assignment_2/myenv/lib/python3.10/site-packages/airflow/example_dags/example_nested_branch_dag.py
[2024-05-12T20:27:07.626+0500] {processor.py:840} INFO - DAG(s) 'example_nested_branch_dag' retrieved from /home/awahab02/mlops_assignment_2/myenv/lib/python3.10/site-packages/airflow/example_dags/example_nested_branch_dag.py
[2024-05-12T20:27:07.639+0500] {logging_mixin.py:188} INFO - [2024-05-12T20:27:07.639+0500] {dag.py:3096} INFO - Sync 1 DAGs
[2024-05-12T20:27:07.654+0500] {logging_mixin.py:188} INFO - [2024-05-12T20:27:07.654+0500] {dag.py:3954} INFO - Setting next_dagrun for example_nested_branch_dag to 2024-05-11 00:00:00+00:00, run_after=2024-05-12 00:00:00+00:00
[2024-05-12T20:27:07.680+0500] {processor.py:183} INFO - Processing /home/awahab02/mlops_assignment_2/myenv/lib/python3.10/site-packages/airflow/example_dags/example_nested_branch_dag.py took 0.105 seconds
[2024-05-12T20:28:12.762+0500] {processor.py:161} INFO - Started process (PID=12078) to work on /home/awahab02/mlops_assignment_2/myenv/lib/python3.10/site-packages/airflow/example_dags/example_nested_branch_dag.py
[2024-05-12T20:28:12.763+0500] {processor.py:830} INFO - Processing file /home/awahab02/mlops_assignment_2/myenv/lib/python3.10/site-packages/airflow/example_dags/example_nested_branch_dag.py for tasks to queue
[2024-05-12T20:28:12.765+0500] {logging_mixin.py:188} INFO - [2024-05-12T20:28:12.764+0500] {dagbag.py:545} INFO - Filling up the DagBag from /home/awahab02/mlops_assignment_2/myenv/lib/python3.10/site-packages/airflow/example_dags/example_nested_branch_dag.py
[2024-05-12T20:28:12.775+0500] {processor.py:840} INFO - DAG(s) 'example_nested_branch_dag' retrieved from /home/awahab02/mlops_assignment_2/myenv/lib/python3.10/site-packages/airflow/example_dags/example_nested_branch_dag.py
[2024-05-12T20:28:12.791+0500] {logging_mixin.py:188} INFO - [2024-05-12T20:28:12.791+0500] {dag.py:3096} INFO - Sync 1 DAGs
[2024-05-12T20:28:12.809+0500] {logging_mixin.py:188} INFO - [2024-05-12T20:28:12.809+0500] {dag.py:3954} INFO - Setting next_dagrun for example_nested_branch_dag to 2024-05-11 00:00:00+00:00, run_after=2024-05-12 00:00:00+00:00
[2024-05-12T20:28:12.837+0500] {processor.py:183} INFO - Processing /home/awahab02/mlops_assignment_2/myenv/lib/python3.10/site-packages/airflow/example_dags/example_nested_branch_dag.py took 0.080 seconds
[2024-05-12T20:29:21.817+0500] {processor.py:161} INFO - Started process (PID=12405) to work on /home/awahab02/mlops_assignment_2/myenv/lib/python3.10/site-packages/airflow/example_dags/example_nested_branch_dag.py
[2024-05-12T20:29:21.850+0500] {processor.py:830} INFO - Processing file /home/awahab02/mlops_assignment_2/myenv/lib/python3.10/site-packages/airflow/example_dags/example_nested_branch_dag.py for tasks to queue
[2024-05-12T20:29:21.851+0500] {logging_mixin.py:188} INFO - [2024-05-12T20:29:21.851+0500] {dagbag.py:545} INFO - Filling up the DagBag from /home/awahab02/mlops_assignment_2/myenv/lib/python3.10/site-packages/airflow/example_dags/example_nested_branch_dag.py
[2024-05-12T20:29:21.860+0500] {processor.py:840} INFO - DAG(s) 'example_nested_branch_dag' retrieved from /home/awahab02/mlops_assignment_2/myenv/lib/python3.10/site-packages/airflow/example_dags/example_nested_branch_dag.py
[2024-05-12T20:29:21.873+0500] {logging_mixin.py:188} INFO - [2024-05-12T20:29:21.873+0500] {dag.py:3096} INFO - Sync 1 DAGs
[2024-05-12T20:29:21.890+0500] {logging_mixin.py:188} INFO - [2024-05-12T20:29:21.890+0500] {dag.py:3954} INFO - Setting next_dagrun for example_nested_branch_dag to 2024-05-11 00:00:00+00:00, run_after=2024-05-12 00:00:00+00:00
[2024-05-12T20:29:21.914+0500] {processor.py:183} INFO - Processing /home/awahab02/mlops_assignment_2/myenv/lib/python3.10/site-packages/airflow/example_dags/example_nested_branch_dag.py took 0.103 seconds
[2024-05-12T20:30:36.715+0500] {processor.py:161} INFO - Started process (PID=13037) to work on /home/awahab02/mlops_assignment_2/myenv/lib/python3.10/site-packages/airflow/example_dags/example_nested_branch_dag.py
[2024-05-12T20:30:36.744+0500] {processor.py:830} INFO - Processing file /home/awahab02/mlops_assignment_2/myenv/lib/python3.10/site-packages/airflow/example_dags/example_nested_branch_dag.py for tasks to queue
[2024-05-12T20:30:36.746+0500] {logging_mixin.py:188} INFO - [2024-05-12T20:30:36.746+0500] {dagbag.py:545} INFO - Filling up the DagBag from /home/awahab02/mlops_assignment_2/myenv/lib/python3.10/site-packages/airflow/example_dags/example_nested_branch_dag.py
[2024-05-12T20:30:36.756+0500] {processor.py:840} INFO - DAG(s) 'example_nested_branch_dag' retrieved from /home/awahab02/mlops_assignment_2/myenv/lib/python3.10/site-packages/airflow/example_dags/example_nested_branch_dag.py
[2024-05-12T20:30:36.769+0500] {logging_mixin.py:188} INFO - [2024-05-12T20:30:36.768+0500] {dag.py:3096} INFO - Sync 1 DAGs
[2024-05-12T20:30:36.786+0500] {logging_mixin.py:188} INFO - [2024-05-12T20:30:36.786+0500] {dag.py:3954} INFO - Setting next_dagrun for example_nested_branch_dag to 2024-05-11 00:00:00+00:00, run_after=2024-05-12 00:00:00+00:00
[2024-05-12T20:30:36.812+0500] {processor.py:183} INFO - Processing /home/awahab02/mlops_assignment_2/myenv/lib/python3.10/site-packages/airflow/example_dags/example_nested_branch_dag.py took 0.105 seconds
[2024-05-12T20:31:38.149+0500] {processor.py:161} INFO - Started process (PID=13328) to work on /home/awahab02/mlops_assignment_2/myenv/lib/python3.10/site-packages/airflow/example_dags/example_nested_branch_dag.py
[2024-05-12T20:31:38.151+0500] {processor.py:830} INFO - Processing file /home/awahab02/mlops_assignment_2/myenv/lib/python3.10/site-packages/airflow/example_dags/example_nested_branch_dag.py for tasks to queue
[2024-05-12T20:31:38.153+0500] {logging_mixin.py:188} INFO - [2024-05-12T20:31:38.152+0500] {dagbag.py:545} INFO - Filling up the DagBag from /home/awahab02/mlops_assignment_2/myenv/lib/python3.10/site-packages/airflow/example_dags/example_nested_branch_dag.py
[2024-05-12T20:31:38.162+0500] {processor.py:840} INFO - DAG(s) 'example_nested_branch_dag' retrieved from /home/awahab02/mlops_assignment_2/myenv/lib/python3.10/site-packages/airflow/example_dags/example_nested_branch_dag.py
[2024-05-12T20:31:38.176+0500] {logging_mixin.py:188} INFO - [2024-05-12T20:31:38.176+0500] {dag.py:3096} INFO - Sync 1 DAGs
[2024-05-12T20:31:38.191+0500] {logging_mixin.py:188} INFO - [2024-05-12T20:31:38.191+0500] {dag.py:3954} INFO - Setting next_dagrun for example_nested_branch_dag to 2024-05-11 00:00:00+00:00, run_after=2024-05-12 00:00:00+00:00
[2024-05-12T20:31:38.216+0500] {processor.py:183} INFO - Processing /home/awahab02/mlops_assignment_2/myenv/lib/python3.10/site-packages/airflow/example_dags/example_nested_branch_dag.py took 0.074 seconds
[2024-05-12T20:34:53.680+0500] {processor.py:161} INFO - Started process (PID=14639) to work on /home/awahab02/mlops_assignment_2/myenv/lib/python3.10/site-packages/airflow/example_dags/example_nested_branch_dag.py
[2024-05-12T20:34:53.726+0500] {processor.py:830} INFO - Processing file /home/awahab02/mlops_assignment_2/myenv/lib/python3.10/site-packages/airflow/example_dags/example_nested_branch_dag.py for tasks to queue
[2024-05-12T20:34:53.727+0500] {logging_mixin.py:188} INFO - [2024-05-12T20:34:53.727+0500] {dagbag.py:545} INFO - Filling up the DagBag from /home/awahab02/mlops_assignment_2/myenv/lib/python3.10/site-packages/airflow/example_dags/example_nested_branch_dag.py
[2024-05-12T20:34:53.738+0500] {processor.py:840} INFO - DAG(s) 'example_nested_branch_dag' retrieved from /home/awahab02/mlops_assignment_2/myenv/lib/python3.10/site-packages/airflow/example_dags/example_nested_branch_dag.py
[2024-05-12T20:34:53.754+0500] {logging_mixin.py:188} INFO - [2024-05-12T20:34:53.754+0500] {dag.py:3096} INFO - Sync 1 DAGs
[2024-05-12T20:34:53.769+0500] {logging_mixin.py:188} INFO - [2024-05-12T20:34:53.768+0500] {dag.py:3954} INFO - Setting next_dagrun for example_nested_branch_dag to 2024-05-11 00:00:00+00:00, run_after=2024-05-12 00:00:00+00:00
[2024-05-12T20:34:53.794+0500] {processor.py:183} INFO - Processing /home/awahab02/mlops_assignment_2/myenv/lib/python3.10/site-packages/airflow/example_dags/example_nested_branch_dag.py took 0.118 seconds
[2024-05-12T20:36:02.243+0500] {processor.py:161} INFO - Started process (PID=15007) to work on /home/awahab02/mlops_assignment_2/myenv/lib/python3.10/site-packages/airflow/example_dags/example_nested_branch_dag.py
[2024-05-12T20:36:02.288+0500] {processor.py:830} INFO - Processing file /home/awahab02/mlops_assignment_2/myenv/lib/python3.10/site-packages/airflow/example_dags/example_nested_branch_dag.py for tasks to queue
[2024-05-12T20:36:02.289+0500] {logging_mixin.py:188} INFO - [2024-05-12T20:36:02.289+0500] {dagbag.py:545} INFO - Filling up the DagBag from /home/awahab02/mlops_assignment_2/myenv/lib/python3.10/site-packages/airflow/example_dags/example_nested_branch_dag.py
[2024-05-12T20:36:02.298+0500] {processor.py:840} INFO - DAG(s) 'example_nested_branch_dag' retrieved from /home/awahab02/mlops_assignment_2/myenv/lib/python3.10/site-packages/airflow/example_dags/example_nested_branch_dag.py
[2024-05-12T20:36:02.313+0500] {logging_mixin.py:188} INFO - [2024-05-12T20:36:02.312+0500] {dag.py:3096} INFO - Sync 1 DAGs
[2024-05-12T20:36:02.327+0500] {logging_mixin.py:188} INFO - [2024-05-12T20:36:02.327+0500] {dag.py:3954} INFO - Setting next_dagrun for example_nested_branch_dag to 2024-05-11 00:00:00+00:00, run_after=2024-05-12 00:00:00+00:00
[2024-05-12T20:36:02.354+0500] {processor.py:183} INFO - Processing /home/awahab02/mlops_assignment_2/myenv/lib/python3.10/site-packages/airflow/example_dags/example_nested_branch_dag.py took 0.115 seconds
[2024-05-12T20:36:54.272+0500] {processor.py:161} INFO - Started process (PID=15263) to work on /home/awahab02/mlops_assignment_2/myenv/lib/python3.10/site-packages/airflow/example_dags/example_nested_branch_dag.py
[2024-05-12T20:36:54.300+0500] {processor.py:830} INFO - Processing file /home/awahab02/mlops_assignment_2/myenv/lib/python3.10/site-packages/airflow/example_dags/example_nested_branch_dag.py for tasks to queue
[2024-05-12T20:36:54.301+0500] {logging_mixin.py:188} INFO - [2024-05-12T20:36:54.301+0500] {dagbag.py:545} INFO - Filling up the DagBag from /home/awahab02/mlops_assignment_2/myenv/lib/python3.10/site-packages/airflow/example_dags/example_nested_branch_dag.py
[2024-05-12T20:36:54.312+0500] {processor.py:840} INFO - DAG(s) 'example_nested_branch_dag' retrieved from /home/awahab02/mlops_assignment_2/myenv/lib/python3.10/site-packages/airflow/example_dags/example_nested_branch_dag.py
[2024-05-12T20:36:54.332+0500] {logging_mixin.py:188} INFO - [2024-05-12T20:36:54.332+0500] {dag.py:3096} INFO - Sync 1 DAGs
[2024-05-12T20:36:54.352+0500] {logging_mixin.py:188} INFO - [2024-05-12T20:36:54.352+0500] {dag.py:3954} INFO - Setting next_dagrun for example_nested_branch_dag to 2024-05-11 00:00:00+00:00, run_after=2024-05-12 00:00:00+00:00
[2024-05-12T20:36:54.381+0500] {processor.py:183} INFO - Processing /home/awahab02/mlops_assignment_2/myenv/lib/python3.10/site-packages/airflow/example_dags/example_nested_branch_dag.py took 0.116 seconds
[2024-05-12T20:39:27.196+0500] {processor.py:161} INFO - Started process (PID=16459) to work on /home/awahab02/mlops_assignment_2/myenv/lib/python3.10/site-packages/airflow/example_dags/example_nested_branch_dag.py
[2024-05-12T20:39:27.197+0500] {processor.py:830} INFO - Processing file /home/awahab02/mlops_assignment_2/myenv/lib/python3.10/site-packages/airflow/example_dags/example_nested_branch_dag.py for tasks to queue
[2024-05-12T20:39:27.198+0500] {logging_mixin.py:188} INFO - [2024-05-12T20:39:27.198+0500] {dagbag.py:545} INFO - Filling up the DagBag from /home/awahab02/mlops_assignment_2/myenv/lib/python3.10/site-packages/airflow/example_dags/example_nested_branch_dag.py
[2024-05-12T20:39:27.207+0500] {processor.py:840} INFO - DAG(s) 'example_nested_branch_dag' retrieved from /home/awahab02/mlops_assignment_2/myenv/lib/python3.10/site-packages/airflow/example_dags/example_nested_branch_dag.py
[2024-05-12T20:39:27.223+0500] {logging_mixin.py:188} INFO - [2024-05-12T20:39:27.223+0500] {dag.py:3096} INFO - Sync 1 DAGs
[2024-05-12T20:39:27.236+0500] {logging_mixin.py:188} INFO - [2024-05-12T20:39:27.236+0500] {dag.py:3954} INFO - Setting next_dagrun for example_nested_branch_dag to 2024-05-11 00:00:00+00:00, run_after=2024-05-12 00:00:00+00:00
[2024-05-12T20:39:27.260+0500] {processor.py:183} INFO - Processing /home/awahab02/mlops_assignment_2/myenv/lib/python3.10/site-packages/airflow/example_dags/example_nested_branch_dag.py took 0.068 seconds
[2024-05-12T20:40:34.732+0500] {processor.py:161} INFO - Started process (PID=16904) to work on /home/awahab02/mlops_assignment_2/myenv/lib/python3.10/site-packages/airflow/example_dags/example_nested_branch_dag.py
[2024-05-12T20:40:34.761+0500] {processor.py:830} INFO - Processing file /home/awahab02/mlops_assignment_2/myenv/lib/python3.10/site-packages/airflow/example_dags/example_nested_branch_dag.py for tasks to queue
[2024-05-12T20:40:34.762+0500] {logging_mixin.py:188} INFO - [2024-05-12T20:40:34.761+0500] {dagbag.py:545} INFO - Filling up the DagBag from /home/awahab02/mlops_assignment_2/myenv/lib/python3.10/site-packages/airflow/example_dags/example_nested_branch_dag.py
[2024-05-12T20:40:34.771+0500] {processor.py:840} INFO - DAG(s) 'example_nested_branch_dag' retrieved from /home/awahab02/mlops_assignment_2/myenv/lib/python3.10/site-packages/airflow/example_dags/example_nested_branch_dag.py
[2024-05-12T20:40:34.784+0500] {logging_mixin.py:188} INFO - [2024-05-12T20:40:34.784+0500] {dag.py:3096} INFO - Sync 1 DAGs
[2024-05-12T20:40:34.799+0500] {logging_mixin.py:188} INFO - [2024-05-12T20:40:34.799+0500] {dag.py:3954} INFO - Setting next_dagrun for example_nested_branch_dag to 2024-05-11 00:00:00+00:00, run_after=2024-05-12 00:00:00+00:00
[2024-05-12T20:40:34.829+0500] {processor.py:183} INFO - Processing /home/awahab02/mlops_assignment_2/myenv/lib/python3.10/site-packages/airflow/example_dags/example_nested_branch_dag.py took 0.103 seconds
[2024-05-12T20:41:41.682+0500] {processor.py:161} INFO - Started process (PID=17355) to work on /home/awahab02/mlops_assignment_2/myenv/lib/python3.10/site-packages/airflow/example_dags/example_nested_branch_dag.py
[2024-05-12T20:41:41.727+0500] {processor.py:830} INFO - Processing file /home/awahab02/mlops_assignment_2/myenv/lib/python3.10/site-packages/airflow/example_dags/example_nested_branch_dag.py for tasks to queue
[2024-05-12T20:41:41.728+0500] {logging_mixin.py:188} INFO - [2024-05-12T20:41:41.728+0500] {dagbag.py:545} INFO - Filling up the DagBag from /home/awahab02/mlops_assignment_2/myenv/lib/python3.10/site-packages/airflow/example_dags/example_nested_branch_dag.py
[2024-05-12T20:41:41.737+0500] {processor.py:840} INFO - DAG(s) 'example_nested_branch_dag' retrieved from /home/awahab02/mlops_assignment_2/myenv/lib/python3.10/site-packages/airflow/example_dags/example_nested_branch_dag.py
[2024-05-12T20:41:41.751+0500] {logging_mixin.py:188} INFO - [2024-05-12T20:41:41.751+0500] {dag.py:3096} INFO - Sync 1 DAGs
[2024-05-12T20:41:41.767+0500] {logging_mixin.py:188} INFO - [2024-05-12T20:41:41.767+0500] {dag.py:3954} INFO - Setting next_dagrun for example_nested_branch_dag to 2024-05-11 00:00:00+00:00, run_after=2024-05-12 00:00:00+00:00
[2024-05-12T20:41:41.792+0500] {processor.py:183} INFO - Processing /home/awahab02/mlops_assignment_2/myenv/lib/python3.10/site-packages/airflow/example_dags/example_nested_branch_dag.py took 0.115 seconds
[2024-05-12T20:42:48.186+0500] {processor.py:161} INFO - Started process (PID=17807) to work on /home/awahab02/mlops_assignment_2/myenv/lib/python3.10/site-packages/airflow/example_dags/example_nested_branch_dag.py
[2024-05-12T20:42:48.197+0500] {processor.py:830} INFO - Processing file /home/awahab02/mlops_assignment_2/myenv/lib/python3.10/site-packages/airflow/example_dags/example_nested_branch_dag.py for tasks to queue
[2024-05-12T20:42:48.198+0500] {logging_mixin.py:188} INFO - [2024-05-12T20:42:48.197+0500] {dagbag.py:545} INFO - Filling up the DagBag from /home/awahab02/mlops_assignment_2/myenv/lib/python3.10/site-packages/airflow/example_dags/example_nested_branch_dag.py
[2024-05-12T20:42:48.207+0500] {processor.py:840} INFO - DAG(s) 'example_nested_branch_dag' retrieved from /home/awahab02/mlops_assignment_2/myenv/lib/python3.10/site-packages/airflow/example_dags/example_nested_branch_dag.py
[2024-05-12T20:42:48.220+0500] {logging_mixin.py:188} INFO - [2024-05-12T20:42:48.219+0500] {dag.py:3096} INFO - Sync 1 DAGs
[2024-05-12T20:42:48.234+0500] {logging_mixin.py:188} INFO - [2024-05-12T20:42:48.234+0500] {dag.py:3954} INFO - Setting next_dagrun for example_nested_branch_dag to 2024-05-11 00:00:00+00:00, run_after=2024-05-12 00:00:00+00:00
[2024-05-12T20:42:48.258+0500] {processor.py:183} INFO - Processing /home/awahab02/mlops_assignment_2/myenv/lib/python3.10/site-packages/airflow/example_dags/example_nested_branch_dag.py took 0.078 seconds
[2024-05-12T20:43:56.732+0500] {processor.py:161} INFO - Started process (PID=18231) to work on /home/awahab02/mlops_assignment_2/myenv/lib/python3.10/site-packages/airflow/example_dags/example_nested_branch_dag.py
[2024-05-12T20:43:56.770+0500] {processor.py:830} INFO - Processing file /home/awahab02/mlops_assignment_2/myenv/lib/python3.10/site-packages/airflow/example_dags/example_nested_branch_dag.py for tasks to queue
[2024-05-12T20:43:56.771+0500] {logging_mixin.py:188} INFO - [2024-05-12T20:43:56.770+0500] {dagbag.py:545} INFO - Filling up the DagBag from /home/awahab02/mlops_assignment_2/myenv/lib/python3.10/site-packages/airflow/example_dags/example_nested_branch_dag.py
[2024-05-12T20:43:56.780+0500] {processor.py:840} INFO - DAG(s) 'example_nested_branch_dag' retrieved from /home/awahab02/mlops_assignment_2/myenv/lib/python3.10/site-packages/airflow/example_dags/example_nested_branch_dag.py
[2024-05-12T20:43:56.793+0500] {logging_mixin.py:188} INFO - [2024-05-12T20:43:56.793+0500] {dag.py:3096} INFO - Sync 1 DAGs
[2024-05-12T20:43:56.811+0500] {logging_mixin.py:188} INFO - [2024-05-12T20:43:56.811+0500] {dag.py:3954} INFO - Setting next_dagrun for example_nested_branch_dag to 2024-05-11 00:00:00+00:00, run_after=2024-05-12 00:00:00+00:00
[2024-05-12T20:43:56.837+0500] {processor.py:183} INFO - Processing /home/awahab02/mlops_assignment_2/myenv/lib/python3.10/site-packages/airflow/example_dags/example_nested_branch_dag.py took 0.110 seconds
