[2024-05-12T20:21:14.118+0500] {processor.py:161} INFO - Started process (PID=9505) to work on /home/awahab02/mlops_assignment_2/myenv/lib/python3.10/site-packages/airflow/example_dags/example_sensor_decorator.py
[2024-05-12T20:21:14.118+0500] {processor.py:830} INFO - Processing file /home/awahab02/mlops_assignment_2/myenv/lib/python3.10/site-packages/airflow/example_dags/example_sensor_decorator.py for tasks to queue
[2024-05-12T20:21:14.120+0500] {logging_mixin.py:188} INFO - [2024-05-12T20:21:14.119+0500] {dagbag.py:545} INFO - Filling up the DagBag from /home/awahab02/mlops_assignment_2/myenv/lib/python3.10/site-packages/airflow/example_dags/example_sensor_decorator.py
[2024-05-12T20:21:14.126+0500] {processor.py:840} INFO - DAG(s) 'example_sensor_decorator' retrieved from /home/awahab02/mlops_assignment_2/myenv/lib/python3.10/site-packages/airflow/example_dags/example_sensor_decorator.py
[2024-05-12T20:21:14.264+0500] {logging_mixin.py:188} INFO - [2024-05-12T20:21:14.264+0500] {override.py:1829} INFO - Created Permission View: can read on DAG:example_sensor_decorator
[2024-05-12T20:21:14.283+0500] {logging_mixin.py:188} INFO - [2024-05-12T20:21:14.283+0500] {override.py:1829} INFO - Created Permission View: can edit on DAG:example_sensor_decorator
[2024-05-12T20:21:14.297+0500] {logging_mixin.py:188} INFO - [2024-05-12T20:21:14.297+0500] {override.py:1829} INFO - Created Permission View: can delete on DAG:example_sensor_decorator
[2024-05-12T20:21:14.297+0500] {logging_mixin.py:188} INFO - [2024-05-12T20:21:14.297+0500] {dag.py:3096} INFO - Sync 1 DAGs
[2024-05-12T20:21:14.306+0500] {logging_mixin.py:188} INFO - [2024-05-12T20:21:14.306+0500] {dag.py:3118} INFO - Creating ORM DAG for example_sensor_decorator
[2024-05-12T20:21:14.307+0500] {logging_mixin.py:188} INFO - [2024-05-12T20:21:14.306+0500] {dag.py:3954} INFO - Setting next_dagrun for example_sensor_decorator to None, run_after=None
[2024-05-12T20:21:14.331+0500] {processor.py:183} INFO - Processing /home/awahab02/mlops_assignment_2/myenv/lib/python3.10/site-packages/airflow/example_dags/example_sensor_decorator.py took 0.218 seconds
[2024-05-12T20:22:21.903+0500] {processor.py:161} INFO - Started process (PID=9775) to work on /home/awahab02/mlops_assignment_2/myenv/lib/python3.10/site-packages/airflow/example_dags/example_sensor_decorator.py
[2024-05-12T20:22:21.939+0500] {processor.py:830} INFO - Processing file /home/awahab02/mlops_assignment_2/myenv/lib/python3.10/site-packages/airflow/example_dags/example_sensor_decorator.py for tasks to queue
[2024-05-12T20:22:21.941+0500] {logging_mixin.py:188} INFO - [2024-05-12T20:22:21.940+0500] {dagbag.py:545} INFO - Filling up the DagBag from /home/awahab02/mlops_assignment_2/myenv/lib/python3.10/site-packages/airflow/example_dags/example_sensor_decorator.py
[2024-05-12T20:22:21.946+0500] {processor.py:840} INFO - DAG(s) 'example_sensor_decorator' retrieved from /home/awahab02/mlops_assignment_2/myenv/lib/python3.10/site-packages/airflow/example_dags/example_sensor_decorator.py
[2024-05-12T20:22:21.958+0500] {logging_mixin.py:188} INFO - [2024-05-12T20:22:21.958+0500] {dag.py:3096} INFO - Sync 1 DAGs
[2024-05-12T20:22:21.972+0500] {logging_mixin.py:188} INFO - [2024-05-12T20:22:21.972+0500] {dag.py:3954} INFO - Setting next_dagrun for example_sensor_decorator to None, run_after=None
[2024-05-12T20:22:22.000+0500] {processor.py:183} INFO - Processing /home/awahab02/mlops_assignment_2/myenv/lib/python3.10/site-packages/airflow/example_dags/example_sensor_decorator.py took 0.105 seconds
[2024-05-12T20:23:19.392+0500] {processor.py:161} INFO - Started process (PID=10168) to work on /home/awahab02/mlops_assignment_2/myenv/lib/python3.10/site-packages/airflow/example_dags/example_sensor_decorator.py
[2024-05-12T20:23:19.393+0500] {processor.py:830} INFO - Processing file /home/awahab02/mlops_assignment_2/myenv/lib/python3.10/site-packages/airflow/example_dags/example_sensor_decorator.py for tasks to queue
[2024-05-12T20:23:19.395+0500] {logging_mixin.py:188} INFO - [2024-05-12T20:23:19.394+0500] {dagbag.py:545} INFO - Filling up the DagBag from /home/awahab02/mlops_assignment_2/myenv/lib/python3.10/site-packages/airflow/example_dags/example_sensor_decorator.py
[2024-05-12T20:23:19.399+0500] {processor.py:840} INFO - DAG(s) 'example_sensor_decorator' retrieved from /home/awahab02/mlops_assignment_2/myenv/lib/python3.10/site-packages/airflow/example_dags/example_sensor_decorator.py
[2024-05-12T20:23:19.411+0500] {logging_mixin.py:188} INFO - [2024-05-12T20:23:19.411+0500] {dag.py:3096} INFO - Sync 1 DAGs
[2024-05-12T20:23:19.423+0500] {logging_mixin.py:188} INFO - [2024-05-12T20:23:19.423+0500] {dag.py:3954} INFO - Setting next_dagrun for example_sensor_decorator to None, run_after=None
[2024-05-12T20:23:19.457+0500] {processor.py:183} INFO - Processing /home/awahab02/mlops_assignment_2/myenv/lib/python3.10/site-packages/airflow/example_dags/example_sensor_decorator.py took 0.069 seconds
[2024-05-12T20:24:21.561+0500] {processor.py:161} INFO - Started process (PID=10577) to work on /home/awahab02/mlops_assignment_2/myenv/lib/python3.10/site-packages/airflow/example_dags/example_sensor_decorator.py
[2024-05-12T20:24:21.601+0500] {processor.py:830} INFO - Processing file /home/awahab02/mlops_assignment_2/myenv/lib/python3.10/site-packages/airflow/example_dags/example_sensor_decorator.py for tasks to queue
[2024-05-12T20:24:21.602+0500] {logging_mixin.py:188} INFO - [2024-05-12T20:24:21.602+0500] {dagbag.py:545} INFO - Filling up the DagBag from /home/awahab02/mlops_assignment_2/myenv/lib/python3.10/site-packages/airflow/example_dags/example_sensor_decorator.py
[2024-05-12T20:24:21.608+0500] {processor.py:840} INFO - DAG(s) 'example_sensor_decorator' retrieved from /home/awahab02/mlops_assignment_2/myenv/lib/python3.10/site-packages/airflow/example_dags/example_sensor_decorator.py
[2024-05-12T20:24:21.621+0500] {logging_mixin.py:188} INFO - [2024-05-12T20:24:21.621+0500] {dag.py:3096} INFO - Sync 1 DAGs
[2024-05-12T20:24:21.632+0500] {logging_mixin.py:188} INFO - [2024-05-12T20:24:21.632+0500] {dag.py:3954} INFO - Setting next_dagrun for example_sensor_decorator to None, run_after=None
[2024-05-12T20:24:21.658+0500] {processor.py:183} INFO - Processing /home/awahab02/mlops_assignment_2/myenv/lib/python3.10/site-packages/airflow/example_dags/example_sensor_decorator.py took 0.104 seconds
[2024-05-12T20:25:21.276+0500] {processor.py:161} INFO - Started process (PID=10865) to work on /home/awahab02/mlops_assignment_2/myenv/lib/python3.10/site-packages/airflow/example_dags/example_sensor_decorator.py
[2024-05-12T20:25:21.278+0500] {processor.py:830} INFO - Processing file /home/awahab02/mlops_assignment_2/myenv/lib/python3.10/site-packages/airflow/example_dags/example_sensor_decorator.py for tasks to queue
[2024-05-12T20:25:21.279+0500] {logging_mixin.py:188} INFO - [2024-05-12T20:25:21.279+0500] {dagbag.py:545} INFO - Filling up the DagBag from /home/awahab02/mlops_assignment_2/myenv/lib/python3.10/site-packages/airflow/example_dags/example_sensor_decorator.py
[2024-05-12T20:25:21.285+0500] {processor.py:840} INFO - DAG(s) 'example_sensor_decorator' retrieved from /home/awahab02/mlops_assignment_2/myenv/lib/python3.10/site-packages/airflow/example_dags/example_sensor_decorator.py
[2024-05-12T20:25:21.298+0500] {logging_mixin.py:188} INFO - [2024-05-12T20:25:21.298+0500] {dag.py:3096} INFO - Sync 1 DAGs
[2024-05-12T20:25:21.308+0500] {logging_mixin.py:188} INFO - [2024-05-12T20:25:21.308+0500] {dag.py:3954} INFO - Setting next_dagrun for example_sensor_decorator to None, run_after=None
[2024-05-12T20:25:21.337+0500] {processor.py:183} INFO - Processing /home/awahab02/mlops_assignment_2/myenv/lib/python3.10/site-packages/airflow/example_dags/example_sensor_decorator.py took 0.065 seconds
[2024-05-12T20:26:23.831+0500] {processor.py:161} INFO - Started process (PID=11180) to work on /home/awahab02/mlops_assignment_2/myenv/lib/python3.10/site-packages/airflow/example_dags/example_sensor_decorator.py
[2024-05-12T20:26:23.866+0500] {processor.py:830} INFO - Processing file /home/awahab02/mlops_assignment_2/myenv/lib/python3.10/site-packages/airflow/example_dags/example_sensor_decorator.py for tasks to queue
[2024-05-12T20:26:23.867+0500] {logging_mixin.py:188} INFO - [2024-05-12T20:26:23.867+0500] {dagbag.py:545} INFO - Filling up the DagBag from /home/awahab02/mlops_assignment_2/myenv/lib/python3.10/site-packages/airflow/example_dags/example_sensor_decorator.py
[2024-05-12T20:26:23.873+0500] {processor.py:840} INFO - DAG(s) 'example_sensor_decorator' retrieved from /home/awahab02/mlops_assignment_2/myenv/lib/python3.10/site-packages/airflow/example_dags/example_sensor_decorator.py
[2024-05-12T20:26:23.885+0500] {logging_mixin.py:188} INFO - [2024-05-12T20:26:23.885+0500] {dag.py:3096} INFO - Sync 1 DAGs
[2024-05-12T20:26:23.894+0500] {logging_mixin.py:188} INFO - [2024-05-12T20:26:23.894+0500] {dag.py:3954} INFO - Setting next_dagrun for example_sensor_decorator to None, run_after=None
[2024-05-12T20:26:23.919+0500] {processor.py:183} INFO - Processing /home/awahab02/mlops_assignment_2/myenv/lib/python3.10/site-packages/airflow/example_dags/example_sensor_decorator.py took 0.096 seconds
[2024-05-12T20:28:16.164+0500] {processor.py:161} INFO - Started process (PID=12094) to work on /home/awahab02/mlops_assignment_2/myenv/lib/python3.10/site-packages/airflow/example_dags/example_sensor_decorator.py
[2024-05-12T20:28:16.202+0500] {processor.py:830} INFO - Processing file /home/awahab02/mlops_assignment_2/myenv/lib/python3.10/site-packages/airflow/example_dags/example_sensor_decorator.py for tasks to queue
[2024-05-12T20:28:16.204+0500] {logging_mixin.py:188} INFO - [2024-05-12T20:28:16.203+0500] {dagbag.py:545} INFO - Filling up the DagBag from /home/awahab02/mlops_assignment_2/myenv/lib/python3.10/site-packages/airflow/example_dags/example_sensor_decorator.py
[2024-05-12T20:28:16.210+0500] {processor.py:840} INFO - DAG(s) 'example_sensor_decorator' retrieved from /home/awahab02/mlops_assignment_2/myenv/lib/python3.10/site-packages/airflow/example_dags/example_sensor_decorator.py
[2024-05-12T20:28:16.223+0500] {logging_mixin.py:188} INFO - [2024-05-12T20:28:16.222+0500] {dag.py:3096} INFO - Sync 1 DAGs
[2024-05-12T20:28:16.232+0500] {logging_mixin.py:188} INFO - [2024-05-12T20:28:16.232+0500] {dag.py:3954} INFO - Setting next_dagrun for example_sensor_decorator to None, run_after=None
[2024-05-12T20:28:16.255+0500] {processor.py:183} INFO - Processing /home/awahab02/mlops_assignment_2/myenv/lib/python3.10/site-packages/airflow/example_dags/example_sensor_decorator.py took 0.097 seconds
[2024-05-12T20:29:24.686+0500] {processor.py:161} INFO - Started process (PID=12424) to work on /home/awahab02/mlops_assignment_2/myenv/lib/python3.10/site-packages/airflow/example_dags/example_sensor_decorator.py
[2024-05-12T20:29:24.687+0500] {processor.py:830} INFO - Processing file /home/awahab02/mlops_assignment_2/myenv/lib/python3.10/site-packages/airflow/example_dags/example_sensor_decorator.py for tasks to queue
[2024-05-12T20:29:24.689+0500] {logging_mixin.py:188} INFO - [2024-05-12T20:29:24.689+0500] {dagbag.py:545} INFO - Filling up the DagBag from /home/awahab02/mlops_assignment_2/myenv/lib/python3.10/site-packages/airflow/example_dags/example_sensor_decorator.py
[2024-05-12T20:29:24.694+0500] {processor.py:840} INFO - DAG(s) 'example_sensor_decorator' retrieved from /home/awahab02/mlops_assignment_2/myenv/lib/python3.10/site-packages/airflow/example_dags/example_sensor_decorator.py
[2024-05-12T20:29:24.705+0500] {logging_mixin.py:188} INFO - [2024-05-12T20:29:24.705+0500] {dag.py:3096} INFO - Sync 1 DAGs
[2024-05-12T20:29:24.715+0500] {logging_mixin.py:188} INFO - [2024-05-12T20:29:24.714+0500] {dag.py:3954} INFO - Setting next_dagrun for example_sensor_decorator to None, run_after=None
[2024-05-12T20:29:24.743+0500] {processor.py:183} INFO - Processing /home/awahab02/mlops_assignment_2/myenv/lib/python3.10/site-packages/airflow/example_dags/example_sensor_decorator.py took 0.062 seconds
[2024-05-12T20:31:14.286+0500] {processor.py:161} INFO - Started process (PID=13210) to work on /home/awahab02/mlops_assignment_2/myenv/lib/python3.10/site-packages/airflow/example_dags/example_sensor_decorator.py
[2024-05-12T20:31:14.335+0500] {processor.py:830} INFO - Processing file /home/awahab02/mlops_assignment_2/myenv/lib/python3.10/site-packages/airflow/example_dags/example_sensor_decorator.py for tasks to queue
[2024-05-12T20:31:14.337+0500] {logging_mixin.py:188} INFO - [2024-05-12T20:31:14.336+0500] {dagbag.py:545} INFO - Filling up the DagBag from /home/awahab02/mlops_assignment_2/myenv/lib/python3.10/site-packages/airflow/example_dags/example_sensor_decorator.py
[2024-05-12T20:31:14.342+0500] {processor.py:840} INFO - DAG(s) 'example_sensor_decorator' retrieved from /home/awahab02/mlops_assignment_2/myenv/lib/python3.10/site-packages/airflow/example_dags/example_sensor_decorator.py
[2024-05-12T20:31:14.354+0500] {logging_mixin.py:188} INFO - [2024-05-12T20:31:14.354+0500] {dag.py:3096} INFO - Sync 1 DAGs
[2024-05-12T20:31:14.364+0500] {logging_mixin.py:188} INFO - [2024-05-12T20:31:14.364+0500] {dag.py:3954} INFO - Setting next_dagrun for example_sensor_decorator to None, run_after=None
[2024-05-12T20:31:14.389+0500] {processor.py:183} INFO - Processing /home/awahab02/mlops_assignment_2/myenv/lib/python3.10/site-packages/airflow/example_dags/example_sensor_decorator.py took 0.108 seconds
[2024-05-12T20:32:19.798+0500] {processor.py:161} INFO - Started process (PID=13546) to work on /home/awahab02/mlops_assignment_2/myenv/lib/python3.10/site-packages/airflow/example_dags/example_sensor_decorator.py
[2024-05-12T20:32:19.801+0500] {processor.py:830} INFO - Processing file /home/awahab02/mlops_assignment_2/myenv/lib/python3.10/site-packages/airflow/example_dags/example_sensor_decorator.py for tasks to queue
[2024-05-12T20:32:19.803+0500] {logging_mixin.py:188} INFO - [2024-05-12T20:32:19.802+0500] {dagbag.py:545} INFO - Filling up the DagBag from /home/awahab02/mlops_assignment_2/myenv/lib/python3.10/site-packages/airflow/example_dags/example_sensor_decorator.py
[2024-05-12T20:32:19.808+0500] {processor.py:840} INFO - DAG(s) 'example_sensor_decorator' retrieved from /home/awahab02/mlops_assignment_2/myenv/lib/python3.10/site-packages/airflow/example_dags/example_sensor_decorator.py
[2024-05-12T20:32:19.820+0500] {logging_mixin.py:188} INFO - [2024-05-12T20:32:19.819+0500] {dag.py:3096} INFO - Sync 1 DAGs
[2024-05-12T20:32:19.832+0500] {logging_mixin.py:188} INFO - [2024-05-12T20:32:19.832+0500] {dag.py:3954} INFO - Setting next_dagrun for example_sensor_decorator to None, run_after=None
[2024-05-12T20:32:19.880+0500] {processor.py:183} INFO - Processing /home/awahab02/mlops_assignment_2/myenv/lib/python3.10/site-packages/airflow/example_dags/example_sensor_decorator.py took 0.089 seconds
[2024-05-12T20:34:56.440+0500] {processor.py:161} INFO - Started process (PID=14654) to work on /home/awahab02/mlops_assignment_2/myenv/lib/python3.10/site-packages/airflow/example_dags/example_sensor_decorator.py
[2024-05-12T20:34:56.442+0500] {processor.py:830} INFO - Processing file /home/awahab02/mlops_assignment_2/myenv/lib/python3.10/site-packages/airflow/example_dags/example_sensor_decorator.py for tasks to queue
[2024-05-12T20:34:56.443+0500] {logging_mixin.py:188} INFO - [2024-05-12T20:34:56.442+0500] {dagbag.py:545} INFO - Filling up the DagBag from /home/awahab02/mlops_assignment_2/myenv/lib/python3.10/site-packages/airflow/example_dags/example_sensor_decorator.py
[2024-05-12T20:34:56.449+0500] {processor.py:840} INFO - DAG(s) 'example_sensor_decorator' retrieved from /home/awahab02/mlops_assignment_2/myenv/lib/python3.10/site-packages/airflow/example_dags/example_sensor_decorator.py
[2024-05-12T20:34:56.464+0500] {logging_mixin.py:188} INFO - [2024-05-12T20:34:56.464+0500] {dag.py:3096} INFO - Sync 1 DAGs
[2024-05-12T20:34:56.473+0500] {logging_mixin.py:188} INFO - [2024-05-12T20:34:56.473+0500] {dag.py:3954} INFO - Setting next_dagrun for example_sensor_decorator to None, run_after=None
[2024-05-12T20:34:56.500+0500] {processor.py:183} INFO - Processing /home/awahab02/mlops_assignment_2/myenv/lib/python3.10/site-packages/airflow/example_dags/example_sensor_decorator.py took 0.066 seconds
[2024-05-12T20:36:05.092+0500] {processor.py:161} INFO - Started process (PID=15020) to work on /home/awahab02/mlops_assignment_2/myenv/lib/python3.10/site-packages/airflow/example_dags/example_sensor_decorator.py
[2024-05-12T20:36:05.117+0500] {processor.py:830} INFO - Processing file /home/awahab02/mlops_assignment_2/myenv/lib/python3.10/site-packages/airflow/example_dags/example_sensor_decorator.py for tasks to queue
[2024-05-12T20:36:05.118+0500] {logging_mixin.py:188} INFO - [2024-05-12T20:36:05.117+0500] {dagbag.py:545} INFO - Filling up the DagBag from /home/awahab02/mlops_assignment_2/myenv/lib/python3.10/site-packages/airflow/example_dags/example_sensor_decorator.py
[2024-05-12T20:36:05.124+0500] {processor.py:840} INFO - DAG(s) 'example_sensor_decorator' retrieved from /home/awahab02/mlops_assignment_2/myenv/lib/python3.10/site-packages/airflow/example_dags/example_sensor_decorator.py
[2024-05-12T20:36:05.136+0500] {logging_mixin.py:188} INFO - [2024-05-12T20:36:05.136+0500] {dag.py:3096} INFO - Sync 1 DAGs
[2024-05-12T20:36:05.145+0500] {logging_mixin.py:188} INFO - [2024-05-12T20:36:05.145+0500] {dag.py:3954} INFO - Setting next_dagrun for example_sensor_decorator to None, run_after=None
[2024-05-12T20:36:05.172+0500] {processor.py:183} INFO - Processing /home/awahab02/mlops_assignment_2/myenv/lib/python3.10/site-packages/airflow/example_dags/example_sensor_decorator.py took 0.086 seconds
[2024-05-12T20:37:14.400+0500] {processor.py:161} INFO - Started process (PID=15407) to work on /home/awahab02/mlops_assignment_2/myenv/lib/python3.10/site-packages/airflow/example_dags/example_sensor_decorator.py
[2024-05-12T20:37:14.431+0500] {processor.py:830} INFO - Processing file /home/awahab02/mlops_assignment_2/myenv/lib/python3.10/site-packages/airflow/example_dags/example_sensor_decorator.py for tasks to queue
[2024-05-12T20:37:14.431+0500] {logging_mixin.py:188} INFO - [2024-05-12T20:37:14.431+0500] {dagbag.py:545} INFO - Filling up the DagBag from /home/awahab02/mlops_assignment_2/myenv/lib/python3.10/site-packages/airflow/example_dags/example_sensor_decorator.py
[2024-05-12T20:37:14.437+0500] {processor.py:840} INFO - DAG(s) 'example_sensor_decorator' retrieved from /home/awahab02/mlops_assignment_2/myenv/lib/python3.10/site-packages/airflow/example_dags/example_sensor_decorator.py
[2024-05-12T20:37:14.449+0500] {logging_mixin.py:188} INFO - [2024-05-12T20:37:14.449+0500] {dag.py:3096} INFO - Sync 1 DAGs
[2024-05-12T20:37:14.458+0500] {logging_mixin.py:188} INFO - [2024-05-12T20:37:14.457+0500] {dag.py:3954} INFO - Setting next_dagrun for example_sensor_decorator to None, run_after=None
[2024-05-12T20:37:14.483+0500] {processor.py:183} INFO - Processing /home/awahab02/mlops_assignment_2/myenv/lib/python3.10/site-packages/airflow/example_dags/example_sensor_decorator.py took 0.090 seconds
[2024-05-12T20:39:30.088+0500] {processor.py:161} INFO - Started process (PID=16474) to work on /home/awahab02/mlops_assignment_2/myenv/lib/python3.10/site-packages/airflow/example_dags/example_sensor_decorator.py
[2024-05-12T20:39:30.090+0500] {processor.py:830} INFO - Processing file /home/awahab02/mlops_assignment_2/myenv/lib/python3.10/site-packages/airflow/example_dags/example_sensor_decorator.py for tasks to queue
[2024-05-12T20:39:30.091+0500] {logging_mixin.py:188} INFO - [2024-05-12T20:39:30.090+0500] {dagbag.py:545} INFO - Filling up the DagBag from /home/awahab02/mlops_assignment_2/myenv/lib/python3.10/site-packages/airflow/example_dags/example_sensor_decorator.py
[2024-05-12T20:39:30.096+0500] {processor.py:840} INFO - DAG(s) 'example_sensor_decorator' retrieved from /home/awahab02/mlops_assignment_2/myenv/lib/python3.10/site-packages/airflow/example_dags/example_sensor_decorator.py
[2024-05-12T20:39:30.110+0500] {logging_mixin.py:188} INFO - [2024-05-12T20:39:30.110+0500] {dag.py:3096} INFO - Sync 1 DAGs
[2024-05-12T20:39:30.120+0500] {logging_mixin.py:188} INFO - [2024-05-12T20:39:30.120+0500] {dag.py:3954} INFO - Setting next_dagrun for example_sensor_decorator to None, run_after=None
[2024-05-12T20:39:30.145+0500] {processor.py:183} INFO - Processing /home/awahab02/mlops_assignment_2/myenv/lib/python3.10/site-packages/airflow/example_dags/example_sensor_decorator.py took 0.064 seconds
[2024-05-12T20:40:38.248+0500] {processor.py:161} INFO - Started process (PID=16923) to work on /home/awahab02/mlops_assignment_2/myenv/lib/python3.10/site-packages/airflow/example_dags/example_sensor_decorator.py
[2024-05-12T20:40:38.250+0500] {processor.py:830} INFO - Processing file /home/awahab02/mlops_assignment_2/myenv/lib/python3.10/site-packages/airflow/example_dags/example_sensor_decorator.py for tasks to queue
[2024-05-12T20:40:38.251+0500] {logging_mixin.py:188} INFO - [2024-05-12T20:40:38.250+0500] {dagbag.py:545} INFO - Filling up the DagBag from /home/awahab02/mlops_assignment_2/myenv/lib/python3.10/site-packages/airflow/example_dags/example_sensor_decorator.py
[2024-05-12T20:40:38.257+0500] {processor.py:840} INFO - DAG(s) 'example_sensor_decorator' retrieved from /home/awahab02/mlops_assignment_2/myenv/lib/python3.10/site-packages/airflow/example_dags/example_sensor_decorator.py
[2024-05-12T20:40:38.269+0500] {logging_mixin.py:188} INFO - [2024-05-12T20:40:38.269+0500] {dag.py:3096} INFO - Sync 1 DAGs
[2024-05-12T20:40:38.278+0500] {logging_mixin.py:188} INFO - [2024-05-12T20:40:38.278+0500] {dag.py:3954} INFO - Setting next_dagrun for example_sensor_decorator to None, run_after=None
[2024-05-12T20:40:38.304+0500] {processor.py:183} INFO - Processing /home/awahab02/mlops_assignment_2/myenv/lib/python3.10/site-packages/airflow/example_dags/example_sensor_decorator.py took 0.062 seconds
[2024-05-12T20:41:44.548+0500] {processor.py:161} INFO - Started process (PID=17368) to work on /home/awahab02/mlops_assignment_2/myenv/lib/python3.10/site-packages/airflow/example_dags/example_sensor_decorator.py
[2024-05-12T20:41:44.597+0500] {processor.py:830} INFO - Processing file /home/awahab02/mlops_assignment_2/myenv/lib/python3.10/site-packages/airflow/example_dags/example_sensor_decorator.py for tasks to queue
[2024-05-12T20:41:44.598+0500] {logging_mixin.py:188} INFO - [2024-05-12T20:41:44.598+0500] {dagbag.py:545} INFO - Filling up the DagBag from /home/awahab02/mlops_assignment_2/myenv/lib/python3.10/site-packages/airflow/example_dags/example_sensor_decorator.py
[2024-05-12T20:41:44.603+0500] {processor.py:840} INFO - DAG(s) 'example_sensor_decorator' retrieved from /home/awahab02/mlops_assignment_2/myenv/lib/python3.10/site-packages/airflow/example_dags/example_sensor_decorator.py
[2024-05-12T20:41:44.615+0500] {logging_mixin.py:188} INFO - [2024-05-12T20:41:44.615+0500] {dag.py:3096} INFO - Sync 1 DAGs
[2024-05-12T20:41:44.625+0500] {logging_mixin.py:188} INFO - [2024-05-12T20:41:44.624+0500] {dag.py:3954} INFO - Setting next_dagrun for example_sensor_decorator to None, run_after=None
[2024-05-12T20:41:44.649+0500] {processor.py:183} INFO - Processing /home/awahab02/mlops_assignment_2/myenv/lib/python3.10/site-packages/airflow/example_dags/example_sensor_decorator.py took 0.106 seconds
[2024-05-12T20:42:51.586+0500] {processor.py:161} INFO - Started process (PID=17826) to work on /home/awahab02/mlops_assignment_2/myenv/lib/python3.10/site-packages/airflow/example_dags/example_sensor_decorator.py
[2024-05-12T20:42:51.632+0500] {processor.py:830} INFO - Processing file /home/awahab02/mlops_assignment_2/myenv/lib/python3.10/site-packages/airflow/example_dags/example_sensor_decorator.py for tasks to queue
[2024-05-12T20:42:51.633+0500] {logging_mixin.py:188} INFO - [2024-05-12T20:42:51.633+0500] {dagbag.py:545} INFO - Filling up the DagBag from /home/awahab02/mlops_assignment_2/myenv/lib/python3.10/site-packages/airflow/example_dags/example_sensor_decorator.py
[2024-05-12T20:42:51.638+0500] {processor.py:840} INFO - DAG(s) 'example_sensor_decorator' retrieved from /home/awahab02/mlops_assignment_2/myenv/lib/python3.10/site-packages/airflow/example_dags/example_sensor_decorator.py
[2024-05-12T20:42:51.650+0500] {logging_mixin.py:188} INFO - [2024-05-12T20:42:51.650+0500] {dag.py:3096} INFO - Sync 1 DAGs
[2024-05-12T20:42:51.661+0500] {logging_mixin.py:188} INFO - [2024-05-12T20:42:51.661+0500] {dag.py:3954} INFO - Setting next_dagrun for example_sensor_decorator to None, run_after=None
[2024-05-12T20:42:51.686+0500] {processor.py:183} INFO - Processing /home/awahab02/mlops_assignment_2/myenv/lib/python3.10/site-packages/airflow/example_dags/example_sensor_decorator.py took 0.106 seconds
[2024-05-12T20:43:59.315+0500] {processor.py:161} INFO - Started process (PID=18243) to work on /home/awahab02/mlops_assignment_2/myenv/lib/python3.10/site-packages/airflow/example_dags/example_sensor_decorator.py
[2024-05-12T20:43:59.316+0500] {processor.py:830} INFO - Processing file /home/awahab02/mlops_assignment_2/myenv/lib/python3.10/site-packages/airflow/example_dags/example_sensor_decorator.py for tasks to queue
[2024-05-12T20:43:59.317+0500] {logging_mixin.py:188} INFO - [2024-05-12T20:43:59.317+0500] {dagbag.py:545} INFO - Filling up the DagBag from /home/awahab02/mlops_assignment_2/myenv/lib/python3.10/site-packages/airflow/example_dags/example_sensor_decorator.py
[2024-05-12T20:43:59.322+0500] {processor.py:840} INFO - DAG(s) 'example_sensor_decorator' retrieved from /home/awahab02/mlops_assignment_2/myenv/lib/python3.10/site-packages/airflow/example_dags/example_sensor_decorator.py
[2024-05-12T20:43:59.337+0500] {logging_mixin.py:188} INFO - [2024-05-12T20:43:59.337+0500] {dag.py:3096} INFO - Sync 1 DAGs
[2024-05-12T20:43:59.347+0500] {logging_mixin.py:188} INFO - [2024-05-12T20:43:59.347+0500] {dag.py:3954} INFO - Setting next_dagrun for example_sensor_decorator to None, run_after=None
[2024-05-12T20:43:59.373+0500] {processor.py:183} INFO - Processing /home/awahab02/mlops_assignment_2/myenv/lib/python3.10/site-packages/airflow/example_dags/example_sensor_decorator.py took 0.065 seconds
