[2024-05-12T20:20:30.003+0500] {processor.py:161} INFO - Started process (PID=9178) to work on /home/awahab02/mlops_assignment_2/myenv/lib/python3.10/site-packages/airflow/example_dags/example_trigger_controller_dag.py
[2024-05-12T20:20:30.004+0500] {processor.py:830} INFO - Processing file /home/awahab02/mlops_assignment_2/myenv/lib/python3.10/site-packages/airflow/example_dags/example_trigger_controller_dag.py for tasks to queue
[2024-05-12T20:20:30.005+0500] {logging_mixin.py:188} INFO - [2024-05-12T20:20:30.005+0500] {dagbag.py:545} INFO - Filling up the DagBag from /home/awahab02/mlops_assignment_2/myenv/lib/python3.10/site-packages/airflow/example_dags/example_trigger_controller_dag.py
[2024-05-12T20:20:30.011+0500] {processor.py:840} INFO - DAG(s) 'example_trigger_controller_dag' retrieved from /home/awahab02/mlops_assignment_2/myenv/lib/python3.10/site-packages/airflow/example_dags/example_trigger_controller_dag.py
[2024-05-12T20:20:30.112+0500] {logging_mixin.py:188} INFO - [2024-05-12T20:20:30.111+0500] {override.py:1829} INFO - Created Permission View: can read on DAG:example_trigger_controller_dag
[2024-05-12T20:20:30.131+0500] {logging_mixin.py:188} INFO - [2024-05-12T20:20:30.130+0500] {override.py:1829} INFO - Created Permission View: can edit on DAG:example_trigger_controller_dag
[2024-05-12T20:20:30.147+0500] {logging_mixin.py:188} INFO - [2024-05-12T20:20:30.147+0500] {override.py:1829} INFO - Created Permission View: can delete on DAG:example_trigger_controller_dag
[2024-05-12T20:20:30.147+0500] {logging_mixin.py:188} INFO - [2024-05-12T20:20:30.147+0500] {dag.py:3096} INFO - Sync 1 DAGs
[2024-05-12T20:20:30.157+0500] {logging_mixin.py:188} INFO - [2024-05-12T20:20:30.157+0500] {dag.py:3118} INFO - Creating ORM DAG for example_trigger_controller_dag
[2024-05-12T20:20:30.168+0500] {logging_mixin.py:188} INFO - [2024-05-12T20:20:30.168+0500] {dag.py:3954} INFO - Setting next_dagrun for example_trigger_controller_dag to 2021-01-01 00:00:00+00:00, run_after=2021-01-01 00:00:00+00:00
[2024-05-12T20:20:30.198+0500] {processor.py:183} INFO - Processing /home/awahab02/mlops_assignment_2/myenv/lib/python3.10/site-packages/airflow/example_dags/example_trigger_controller_dag.py took 0.200 seconds
[2024-05-12T20:21:27.705+0500] {processor.py:161} INFO - Started process (PID=9555) to work on /home/awahab02/mlops_assignment_2/myenv/lib/python3.10/site-packages/airflow/example_dags/example_trigger_controller_dag.py
[2024-05-12T20:21:27.706+0500] {processor.py:830} INFO - Processing file /home/awahab02/mlops_assignment_2/myenv/lib/python3.10/site-packages/airflow/example_dags/example_trigger_controller_dag.py for tasks to queue
[2024-05-12T20:21:27.707+0500] {logging_mixin.py:188} INFO - [2024-05-12T20:21:27.707+0500] {dagbag.py:545} INFO - Filling up the DagBag from /home/awahab02/mlops_assignment_2/myenv/lib/python3.10/site-packages/airflow/example_dags/example_trigger_controller_dag.py
[2024-05-12T20:21:27.712+0500] {processor.py:840} INFO - DAG(s) 'example_trigger_controller_dag' retrieved from /home/awahab02/mlops_assignment_2/myenv/lib/python3.10/site-packages/airflow/example_dags/example_trigger_controller_dag.py
[2024-05-12T20:21:27.727+0500] {logging_mixin.py:188} INFO - [2024-05-12T20:21:27.727+0500] {dag.py:3096} INFO - Sync 1 DAGs
[2024-05-12T20:21:27.745+0500] {logging_mixin.py:188} INFO - [2024-05-12T20:21:27.745+0500] {dag.py:3954} INFO - Setting next_dagrun for example_trigger_controller_dag to 2021-01-01 00:00:00+00:00, run_after=2021-01-01 00:00:00+00:00
[2024-05-12T20:21:27.773+0500] {processor.py:183} INFO - Processing /home/awahab02/mlops_assignment_2/myenv/lib/python3.10/site-packages/airflow/example_dags/example_trigger_controller_dag.py took 0.077 seconds
[2024-05-12T20:22:15.907+0500] {processor.py:161} INFO - Started process (PID=9749) to work on /home/awahab02/mlops_assignment_2/myenv/lib/python3.10/site-packages/airflow/example_dags/example_trigger_controller_dag.py
[2024-05-12T20:22:15.933+0500] {processor.py:830} INFO - Processing file /home/awahab02/mlops_assignment_2/myenv/lib/python3.10/site-packages/airflow/example_dags/example_trigger_controller_dag.py for tasks to queue
[2024-05-12T20:22:15.935+0500] {logging_mixin.py:188} INFO - [2024-05-12T20:22:15.935+0500] {dagbag.py:545} INFO - Filling up the DagBag from /home/awahab02/mlops_assignment_2/myenv/lib/python3.10/site-packages/airflow/example_dags/example_trigger_controller_dag.py
[2024-05-12T20:22:15.939+0500] {processor.py:840} INFO - DAG(s) 'example_trigger_controller_dag' retrieved from /home/awahab02/mlops_assignment_2/myenv/lib/python3.10/site-packages/airflow/example_dags/example_trigger_controller_dag.py
[2024-05-12T20:22:15.950+0500] {logging_mixin.py:188} INFO - [2024-05-12T20:22:15.950+0500] {dag.py:3096} INFO - Sync 1 DAGs
[2024-05-12T20:22:15.966+0500] {logging_mixin.py:188} INFO - [2024-05-12T20:22:15.966+0500] {dag.py:3954} INFO - Setting next_dagrun for example_trigger_controller_dag to 2021-01-01 00:00:00+00:00, run_after=2021-01-01 00:00:00+00:00
[2024-05-12T20:22:15.990+0500] {processor.py:183} INFO - Processing /home/awahab02/mlops_assignment_2/myenv/lib/python3.10/site-packages/airflow/example_dags/example_trigger_controller_dag.py took 0.088 seconds
[2024-05-12T20:23:03.899+0500] {processor.py:161} INFO - Started process (PID=10052) to work on /home/awahab02/mlops_assignment_2/myenv/lib/python3.10/site-packages/airflow/example_dags/example_trigger_controller_dag.py
[2024-05-12T20:23:03.934+0500] {processor.py:830} INFO - Processing file /home/awahab02/mlops_assignment_2/myenv/lib/python3.10/site-packages/airflow/example_dags/example_trigger_controller_dag.py for tasks to queue
[2024-05-12T20:23:03.941+0500] {logging_mixin.py:188} INFO - [2024-05-12T20:23:03.939+0500] {dagbag.py:545} INFO - Filling up the DagBag from /home/awahab02/mlops_assignment_2/myenv/lib/python3.10/site-packages/airflow/example_dags/example_trigger_controller_dag.py
[2024-05-12T20:23:03.954+0500] {processor.py:840} INFO - DAG(s) 'example_trigger_controller_dag' retrieved from /home/awahab02/mlops_assignment_2/myenv/lib/python3.10/site-packages/airflow/example_dags/example_trigger_controller_dag.py
[2024-05-12T20:23:03.973+0500] {logging_mixin.py:188} INFO - [2024-05-12T20:23:03.972+0500] {dag.py:3096} INFO - Sync 1 DAGs
[2024-05-12T20:23:03.989+0500] {logging_mixin.py:188} INFO - [2024-05-12T20:23:03.988+0500] {dag.py:3954} INFO - Setting next_dagrun for example_trigger_controller_dag to 2021-01-01 00:00:00+00:00, run_after=2021-01-01 00:00:00+00:00
[2024-05-12T20:23:04.015+0500] {processor.py:183} INFO - Processing /home/awahab02/mlops_assignment_2/myenv/lib/python3.10/site-packages/airflow/example_dags/example_trigger_controller_dag.py took 0.120 seconds
[2024-05-12T20:23:45.375+0500] {processor.py:161} INFO - Started process (PID=10428) to work on /home/awahab02/mlops_assignment_2/myenv/lib/python3.10/site-packages/airflow/example_dags/example_trigger_controller_dag.py
[2024-05-12T20:23:45.377+0500] {processor.py:830} INFO - Processing file /home/awahab02/mlops_assignment_2/myenv/lib/python3.10/site-packages/airflow/example_dags/example_trigger_controller_dag.py for tasks to queue
[2024-05-12T20:23:45.378+0500] {logging_mixin.py:188} INFO - [2024-05-12T20:23:45.378+0500] {dagbag.py:545} INFO - Filling up the DagBag from /home/awahab02/mlops_assignment_2/myenv/lib/python3.10/site-packages/airflow/example_dags/example_trigger_controller_dag.py
[2024-05-12T20:23:45.384+0500] {processor.py:840} INFO - DAG(s) 'example_trigger_controller_dag' retrieved from /home/awahab02/mlops_assignment_2/myenv/lib/python3.10/site-packages/airflow/example_dags/example_trigger_controller_dag.py
[2024-05-12T20:23:45.395+0500] {logging_mixin.py:188} INFO - [2024-05-12T20:23:45.395+0500] {dag.py:3096} INFO - Sync 1 DAGs
[2024-05-12T20:23:45.410+0500] {logging_mixin.py:188} INFO - [2024-05-12T20:23:45.410+0500] {dag.py:3954} INFO - Setting next_dagrun for example_trigger_controller_dag to 2021-01-01 00:00:00+00:00, run_after=2021-01-01 00:00:00+00:00
[2024-05-12T20:23:45.436+0500] {processor.py:183} INFO - Processing /home/awahab02/mlops_assignment_2/myenv/lib/python3.10/site-packages/airflow/example_dags/example_trigger_controller_dag.py took 0.065 seconds
[2024-05-12T20:24:27.027+0500] {processor.py:161} INFO - Started process (PID=10601) to work on /home/awahab02/mlops_assignment_2/myenv/lib/python3.10/site-packages/airflow/example_dags/example_trigger_controller_dag.py
[2024-05-12T20:24:27.064+0500] {processor.py:830} INFO - Processing file /home/awahab02/mlops_assignment_2/myenv/lib/python3.10/site-packages/airflow/example_dags/example_trigger_controller_dag.py for tasks to queue
[2024-05-12T20:24:27.066+0500] {logging_mixin.py:188} INFO - [2024-05-12T20:24:27.065+0500] {dagbag.py:545} INFO - Filling up the DagBag from /home/awahab02/mlops_assignment_2/myenv/lib/python3.10/site-packages/airflow/example_dags/example_trigger_controller_dag.py
[2024-05-12T20:24:27.069+0500] {processor.py:840} INFO - DAG(s) 'example_trigger_controller_dag' retrieved from /home/awahab02/mlops_assignment_2/myenv/lib/python3.10/site-packages/airflow/example_dags/example_trigger_controller_dag.py
[2024-05-12T20:24:27.080+0500] {logging_mixin.py:188} INFO - [2024-05-12T20:24:27.080+0500] {dag.py:3096} INFO - Sync 1 DAGs
[2024-05-12T20:24:27.095+0500] {logging_mixin.py:188} INFO - [2024-05-12T20:24:27.094+0500] {dag.py:3954} INFO - Setting next_dagrun for example_trigger_controller_dag to 2021-01-01 00:00:00+00:00, run_after=2021-01-01 00:00:00+00:00
[2024-05-12T20:24:27.127+0500] {processor.py:183} INFO - Processing /home/awahab02/mlops_assignment_2/myenv/lib/python3.10/site-packages/airflow/example_dags/example_trigger_controller_dag.py took 0.108 seconds
[2024-05-12T20:25:04.998+0500] {processor.py:161} INFO - Started process (PID=10791) to work on /home/awahab02/mlops_assignment_2/myenv/lib/python3.10/site-packages/airflow/example_dags/example_trigger_controller_dag.py
[2024-05-12T20:25:04.999+0500] {processor.py:830} INFO - Processing file /home/awahab02/mlops_assignment_2/myenv/lib/python3.10/site-packages/airflow/example_dags/example_trigger_controller_dag.py for tasks to queue
[2024-05-12T20:25:05.000+0500] {logging_mixin.py:188} INFO - [2024-05-12T20:25:05.000+0500] {dagbag.py:545} INFO - Filling up the DagBag from /home/awahab02/mlops_assignment_2/myenv/lib/python3.10/site-packages/airflow/example_dags/example_trigger_controller_dag.py
[2024-05-12T20:25:05.005+0500] {processor.py:840} INFO - DAG(s) 'example_trigger_controller_dag' retrieved from /home/awahab02/mlops_assignment_2/myenv/lib/python3.10/site-packages/airflow/example_dags/example_trigger_controller_dag.py
[2024-05-12T20:25:05.018+0500] {logging_mixin.py:188} INFO - [2024-05-12T20:25:05.018+0500] {dag.py:3096} INFO - Sync 1 DAGs
[2024-05-12T20:25:05.034+0500] {logging_mixin.py:188} INFO - [2024-05-12T20:25:05.034+0500] {dag.py:3954} INFO - Setting next_dagrun for example_trigger_controller_dag to 2021-01-01 00:00:00+00:00, run_after=2021-01-01 00:00:00+00:00
[2024-05-12T20:25:05.068+0500] {processor.py:183} INFO - Processing /home/awahab02/mlops_assignment_2/myenv/lib/python3.10/site-packages/airflow/example_dags/example_trigger_controller_dag.py took 0.075 seconds
[2024-05-12T20:25:47.015+0500] {processor.py:161} INFO - Started process (PID=11027) to work on /home/awahab02/mlops_assignment_2/myenv/lib/python3.10/site-packages/airflow/example_dags/example_trigger_controller_dag.py
[2024-05-12T20:25:47.016+0500] {processor.py:830} INFO - Processing file /home/awahab02/mlops_assignment_2/myenv/lib/python3.10/site-packages/airflow/example_dags/example_trigger_controller_dag.py for tasks to queue
[2024-05-12T20:25:47.017+0500] {logging_mixin.py:188} INFO - [2024-05-12T20:25:47.017+0500] {dagbag.py:545} INFO - Filling up the DagBag from /home/awahab02/mlops_assignment_2/myenv/lib/python3.10/site-packages/airflow/example_dags/example_trigger_controller_dag.py
[2024-05-12T20:25:47.021+0500] {processor.py:840} INFO - DAG(s) 'example_trigger_controller_dag' retrieved from /home/awahab02/mlops_assignment_2/myenv/lib/python3.10/site-packages/airflow/example_dags/example_trigger_controller_dag.py
[2024-05-12T20:25:47.034+0500] {logging_mixin.py:188} INFO - [2024-05-12T20:25:47.033+0500] {dag.py:3096} INFO - Sync 1 DAGs
[2024-05-12T20:25:47.052+0500] {logging_mixin.py:188} INFO - [2024-05-12T20:25:47.052+0500] {dag.py:3954} INFO - Setting next_dagrun for example_trigger_controller_dag to 2021-01-01 00:00:00+00:00, run_after=2021-01-01 00:00:00+00:00
[2024-05-12T20:25:47.082+0500] {processor.py:183} INFO - Processing /home/awahab02/mlops_assignment_2/myenv/lib/python3.10/site-packages/airflow/example_dags/example_trigger_controller_dag.py took 0.074 seconds
[2024-05-12T20:26:30.554+0500] {processor.py:161} INFO - Started process (PID=11226) to work on /home/awahab02/mlops_assignment_2/myenv/lib/python3.10/site-packages/airflow/example_dags/example_trigger_controller_dag.py
[2024-05-12T20:26:30.555+0500] {processor.py:830} INFO - Processing file /home/awahab02/mlops_assignment_2/myenv/lib/python3.10/site-packages/airflow/example_dags/example_trigger_controller_dag.py for tasks to queue
[2024-05-12T20:26:30.557+0500] {logging_mixin.py:188} INFO - [2024-05-12T20:26:30.557+0500] {dagbag.py:545} INFO - Filling up the DagBag from /home/awahab02/mlops_assignment_2/myenv/lib/python3.10/site-packages/airflow/example_dags/example_trigger_controller_dag.py
[2024-05-12T20:26:30.561+0500] {processor.py:840} INFO - DAG(s) 'example_trigger_controller_dag' retrieved from /home/awahab02/mlops_assignment_2/myenv/lib/python3.10/site-packages/airflow/example_dags/example_trigger_controller_dag.py
[2024-05-12T20:26:30.578+0500] {logging_mixin.py:188} INFO - [2024-05-12T20:26:30.577+0500] {dag.py:3096} INFO - Sync 1 DAGs
[2024-05-12T20:26:30.596+0500] {logging_mixin.py:188} INFO - [2024-05-12T20:26:30.596+0500] {dag.py:3954} INFO - Setting next_dagrun for example_trigger_controller_dag to 2021-01-01 00:00:00+00:00, run_after=2021-01-01 00:00:00+00:00
[2024-05-12T20:26:30.623+0500] {processor.py:183} INFO - Processing /home/awahab02/mlops_assignment_2/myenv/lib/python3.10/site-packages/airflow/example_dags/example_trigger_controller_dag.py took 0.075 seconds
[2024-05-12T20:27:12.825+0500] {processor.py:161} INFO - Started process (PID=11605) to work on /home/awahab02/mlops_assignment_2/myenv/lib/python3.10/site-packages/airflow/example_dags/example_trigger_controller_dag.py
[2024-05-12T20:27:12.853+0500] {processor.py:830} INFO - Processing file /home/awahab02/mlops_assignment_2/myenv/lib/python3.10/site-packages/airflow/example_dags/example_trigger_controller_dag.py for tasks to queue
[2024-05-12T20:27:12.855+0500] {logging_mixin.py:188} INFO - [2024-05-12T20:27:12.855+0500] {dagbag.py:545} INFO - Filling up the DagBag from /home/awahab02/mlops_assignment_2/myenv/lib/python3.10/site-packages/airflow/example_dags/example_trigger_controller_dag.py
[2024-05-12T20:27:12.859+0500] {processor.py:840} INFO - DAG(s) 'example_trigger_controller_dag' retrieved from /home/awahab02/mlops_assignment_2/myenv/lib/python3.10/site-packages/airflow/example_dags/example_trigger_controller_dag.py
[2024-05-12T20:27:12.872+0500] {logging_mixin.py:188} INFO - [2024-05-12T20:27:12.872+0500] {dag.py:3096} INFO - Sync 1 DAGs
[2024-05-12T20:27:12.889+0500] {logging_mixin.py:188} INFO - [2024-05-12T20:27:12.888+0500] {dag.py:3954} INFO - Setting next_dagrun for example_trigger_controller_dag to 2021-01-01 00:00:00+00:00, run_after=2021-01-01 00:00:00+00:00
[2024-05-12T20:27:12.913+0500] {processor.py:183} INFO - Processing /home/awahab02/mlops_assignment_2/myenv/lib/python3.10/site-packages/airflow/example_dags/example_trigger_controller_dag.py took 0.093 seconds
[2024-05-12T20:27:40.381+0500] {processor.py:161} INFO - Started process (PID=11842) to work on /home/awahab02/mlops_assignment_2/myenv/lib/python3.10/site-packages/airflow/example_dags/example_trigger_controller_dag.py
[2024-05-12T20:27:40.417+0500] {processor.py:830} INFO - Processing file /home/awahab02/mlops_assignment_2/myenv/lib/python3.10/site-packages/airflow/example_dags/example_trigger_controller_dag.py for tasks to queue
[2024-05-12T20:27:40.419+0500] {logging_mixin.py:188} INFO - [2024-05-12T20:27:40.418+0500] {dagbag.py:545} INFO - Filling up the DagBag from /home/awahab02/mlops_assignment_2/myenv/lib/python3.10/site-packages/airflow/example_dags/example_trigger_controller_dag.py
[2024-05-12T20:27:40.426+0500] {processor.py:840} INFO - DAG(s) 'example_trigger_controller_dag' retrieved from /home/awahab02/mlops_assignment_2/myenv/lib/python3.10/site-packages/airflow/example_dags/example_trigger_controller_dag.py
[2024-05-12T20:27:40.443+0500] {logging_mixin.py:188} INFO - [2024-05-12T20:27:40.443+0500] {dag.py:3096} INFO - Sync 1 DAGs
[2024-05-12T20:27:40.462+0500] {logging_mixin.py:188} INFO - [2024-05-12T20:27:40.462+0500] {dag.py:3954} INFO - Setting next_dagrun for example_trigger_controller_dag to 2021-01-01 00:00:00+00:00, run_after=2021-01-01 00:00:00+00:00
[2024-05-12T20:27:40.494+0500] {processor.py:183} INFO - Processing /home/awahab02/mlops_assignment_2/myenv/lib/python3.10/site-packages/airflow/example_dags/example_trigger_controller_dag.py took 0.119 seconds
[2024-05-12T20:28:30.440+0500] {processor.py:161} INFO - Started process (PID=12163) to work on /home/awahab02/mlops_assignment_2/myenv/lib/python3.10/site-packages/airflow/example_dags/example_trigger_controller_dag.py
[2024-05-12T20:28:30.486+0500] {processor.py:830} INFO - Processing file /home/awahab02/mlops_assignment_2/myenv/lib/python3.10/site-packages/airflow/example_dags/example_trigger_controller_dag.py for tasks to queue
[2024-05-12T20:28:30.487+0500] {logging_mixin.py:188} INFO - [2024-05-12T20:28:30.487+0500] {dagbag.py:545} INFO - Filling up the DagBag from /home/awahab02/mlops_assignment_2/myenv/lib/python3.10/site-packages/airflow/example_dags/example_trigger_controller_dag.py
[2024-05-12T20:28:30.491+0500] {processor.py:840} INFO - DAG(s) 'example_trigger_controller_dag' retrieved from /home/awahab02/mlops_assignment_2/myenv/lib/python3.10/site-packages/airflow/example_dags/example_trigger_controller_dag.py
[2024-05-12T20:28:30.503+0500] {logging_mixin.py:188} INFO - [2024-05-12T20:28:30.503+0500] {dag.py:3096} INFO - Sync 1 DAGs
[2024-05-12T20:28:30.518+0500] {logging_mixin.py:188} INFO - [2024-05-12T20:28:30.518+0500] {dag.py:3954} INFO - Setting next_dagrun for example_trigger_controller_dag to 2021-01-01 00:00:00+00:00, run_after=2021-01-01 00:00:00+00:00
[2024-05-12T20:28:30.544+0500] {processor.py:183} INFO - Processing /home/awahab02/mlops_assignment_2/myenv/lib/python3.10/site-packages/airflow/example_dags/example_trigger_controller_dag.py took 0.109 seconds
[2024-05-12T20:29:16.921+0500] {processor.py:161} INFO - Started process (PID=12384) to work on /home/awahab02/mlops_assignment_2/myenv/lib/python3.10/site-packages/airflow/example_dags/example_trigger_controller_dag.py
[2024-05-12T20:29:16.950+0500] {processor.py:830} INFO - Processing file /home/awahab02/mlops_assignment_2/myenv/lib/python3.10/site-packages/airflow/example_dags/example_trigger_controller_dag.py for tasks to queue
[2024-05-12T20:29:16.952+0500] {logging_mixin.py:188} INFO - [2024-05-12T20:29:16.951+0500] {dagbag.py:545} INFO - Filling up the DagBag from /home/awahab02/mlops_assignment_2/myenv/lib/python3.10/site-packages/airflow/example_dags/example_trigger_controller_dag.py
[2024-05-12T20:29:16.955+0500] {processor.py:840} INFO - DAG(s) 'example_trigger_controller_dag' retrieved from /home/awahab02/mlops_assignment_2/myenv/lib/python3.10/site-packages/airflow/example_dags/example_trigger_controller_dag.py
[2024-05-12T20:29:16.968+0500] {logging_mixin.py:188} INFO - [2024-05-12T20:29:16.968+0500] {dag.py:3096} INFO - Sync 1 DAGs
[2024-05-12T20:29:16.982+0500] {logging_mixin.py:188} INFO - [2024-05-12T20:29:16.982+0500] {dag.py:3954} INFO - Setting next_dagrun for example_trigger_controller_dag to 2021-01-01 00:00:00+00:00, run_after=2021-01-01 00:00:00+00:00
[2024-05-12T20:29:17.008+0500] {processor.py:183} INFO - Processing /home/awahab02/mlops_assignment_2/myenv/lib/python3.10/site-packages/airflow/example_dags/example_trigger_controller_dag.py took 0.096 seconds
[2024-05-12T20:30:02.972+0500] {processor.py:161} INFO - Started process (PID=12707) to work on /home/awahab02/mlops_assignment_2/myenv/lib/python3.10/site-packages/airflow/example_dags/example_trigger_controller_dag.py
[2024-05-12T20:30:02.973+0500] {processor.py:830} INFO - Processing file /home/awahab02/mlops_assignment_2/myenv/lib/python3.10/site-packages/airflow/example_dags/example_trigger_controller_dag.py for tasks to queue
[2024-05-12T20:30:02.975+0500] {logging_mixin.py:188} INFO - [2024-05-12T20:30:02.975+0500] {dagbag.py:545} INFO - Filling up the DagBag from /home/awahab02/mlops_assignment_2/myenv/lib/python3.10/site-packages/airflow/example_dags/example_trigger_controller_dag.py
[2024-05-12T20:30:02.983+0500] {processor.py:840} INFO - DAG(s) 'example_trigger_controller_dag' retrieved from /home/awahab02/mlops_assignment_2/myenv/lib/python3.10/site-packages/airflow/example_dags/example_trigger_controller_dag.py
[2024-05-12T20:30:02.999+0500] {logging_mixin.py:188} INFO - [2024-05-12T20:30:02.999+0500] {dag.py:3096} INFO - Sync 1 DAGs
[2024-05-12T20:30:03.016+0500] {logging_mixin.py:188} INFO - [2024-05-12T20:30:03.015+0500] {dag.py:3954} INFO - Setting next_dagrun for example_trigger_controller_dag to 2021-01-01 00:00:00+00:00, run_after=2021-01-01 00:00:00+00:00
[2024-05-12T20:30:03.044+0500] {processor.py:183} INFO - Processing /home/awahab02/mlops_assignment_2/myenv/lib/python3.10/site-packages/airflow/example_dags/example_trigger_controller_dag.py took 0.080 seconds
[2024-05-12T20:30:47.333+0500] {processor.py:161} INFO - Started process (PID=13090) to work on /home/awahab02/mlops_assignment_2/myenv/lib/python3.10/site-packages/airflow/example_dags/example_trigger_controller_dag.py
[2024-05-12T20:30:47.367+0500] {processor.py:830} INFO - Processing file /home/awahab02/mlops_assignment_2/myenv/lib/python3.10/site-packages/airflow/example_dags/example_trigger_controller_dag.py for tasks to queue
[2024-05-12T20:30:47.369+0500] {logging_mixin.py:188} INFO - [2024-05-12T20:30:47.368+0500] {dagbag.py:545} INFO - Filling up the DagBag from /home/awahab02/mlops_assignment_2/myenv/lib/python3.10/site-packages/airflow/example_dags/example_trigger_controller_dag.py
[2024-05-12T20:30:47.374+0500] {processor.py:840} INFO - DAG(s) 'example_trigger_controller_dag' retrieved from /home/awahab02/mlops_assignment_2/myenv/lib/python3.10/site-packages/airflow/example_dags/example_trigger_controller_dag.py
[2024-05-12T20:30:47.386+0500] {logging_mixin.py:188} INFO - [2024-05-12T20:30:47.386+0500] {dag.py:3096} INFO - Sync 1 DAGs
[2024-05-12T20:30:47.401+0500] {logging_mixin.py:188} INFO - [2024-05-12T20:30:47.401+0500] {dag.py:3954} INFO - Setting next_dagrun for example_trigger_controller_dag to 2021-01-01 00:00:00+00:00, run_after=2021-01-01 00:00:00+00:00
[2024-05-12T20:30:47.426+0500] {processor.py:183} INFO - Processing /home/awahab02/mlops_assignment_2/myenv/lib/python3.10/site-packages/airflow/example_dags/example_trigger_controller_dag.py took 0.097 seconds
[2024-05-12T20:31:28.009+0500] {processor.py:161} INFO - Started process (PID=13287) to work on /home/awahab02/mlops_assignment_2/myenv/lib/python3.10/site-packages/airflow/example_dags/example_trigger_controller_dag.py
[2024-05-12T20:31:28.011+0500] {processor.py:830} INFO - Processing file /home/awahab02/mlops_assignment_2/myenv/lib/python3.10/site-packages/airflow/example_dags/example_trigger_controller_dag.py for tasks to queue
[2024-05-12T20:31:28.013+0500] {logging_mixin.py:188} INFO - [2024-05-12T20:31:28.013+0500] {dagbag.py:545} INFO - Filling up the DagBag from /home/awahab02/mlops_assignment_2/myenv/lib/python3.10/site-packages/airflow/example_dags/example_trigger_controller_dag.py
[2024-05-12T20:31:28.017+0500] {processor.py:840} INFO - DAG(s) 'example_trigger_controller_dag' retrieved from /home/awahab02/mlops_assignment_2/myenv/lib/python3.10/site-packages/airflow/example_dags/example_trigger_controller_dag.py
[2024-05-12T20:31:28.029+0500] {logging_mixin.py:188} INFO - [2024-05-12T20:31:28.029+0500] {dag.py:3096} INFO - Sync 1 DAGs
[2024-05-12T20:31:28.045+0500] {logging_mixin.py:188} INFO - [2024-05-12T20:31:28.044+0500] {dag.py:3954} INFO - Setting next_dagrun for example_trigger_controller_dag to 2021-01-01 00:00:00+00:00, run_after=2021-01-01 00:00:00+00:00
[2024-05-12T20:31:28.070+0500] {processor.py:183} INFO - Processing /home/awahab02/mlops_assignment_2/myenv/lib/python3.10/site-packages/airflow/example_dags/example_trigger_controller_dag.py took 0.067 seconds
[2024-05-12T20:32:11.821+0500] {processor.py:161} INFO - Started process (PID=13467) to work on /home/awahab02/mlops_assignment_2/myenv/lib/python3.10/site-packages/airflow/example_dags/example_trigger_controller_dag.py
[2024-05-12T20:32:11.845+0500] {processor.py:830} INFO - Processing file /home/awahab02/mlops_assignment_2/myenv/lib/python3.10/site-packages/airflow/example_dags/example_trigger_controller_dag.py for tasks to queue
[2024-05-12T20:32:11.850+0500] {logging_mixin.py:188} INFO - [2024-05-12T20:32:11.849+0500] {dagbag.py:545} INFO - Filling up the DagBag from /home/awahab02/mlops_assignment_2/myenv/lib/python3.10/site-packages/airflow/example_dags/example_trigger_controller_dag.py
[2024-05-12T20:32:11.857+0500] {processor.py:840} INFO - DAG(s) 'example_trigger_controller_dag' retrieved from /home/awahab02/mlops_assignment_2/myenv/lib/python3.10/site-packages/airflow/example_dags/example_trigger_controller_dag.py
[2024-05-12T20:32:11.877+0500] {logging_mixin.py:188} INFO - [2024-05-12T20:32:11.877+0500] {dag.py:3096} INFO - Sync 1 DAGs
[2024-05-12T20:32:11.930+0500] {logging_mixin.py:188} INFO - [2024-05-12T20:32:11.930+0500] {dag.py:3954} INFO - Setting next_dagrun for example_trigger_controller_dag to 2021-01-01 00:00:00+00:00, run_after=2021-01-01 00:00:00+00:00
[2024-05-12T20:32:11.959+0500] {processor.py:183} INFO - Processing /home/awahab02/mlops_assignment_2/myenv/lib/python3.10/site-packages/airflow/example_dags/example_trigger_controller_dag.py took 0.149 seconds
[2024-05-12T20:34:19.972+0500] {processor.py:161} INFO - Started process (PID=14482) to work on /home/awahab02/mlops_assignment_2/myenv/lib/python3.10/site-packages/airflow/example_dags/example_trigger_controller_dag.py
[2024-05-12T20:34:19.994+0500] {processor.py:830} INFO - Processing file /home/awahab02/mlops_assignment_2/myenv/lib/python3.10/site-packages/airflow/example_dags/example_trigger_controller_dag.py for tasks to queue
[2024-05-12T20:34:19.995+0500] {logging_mixin.py:188} INFO - [2024-05-12T20:34:19.995+0500] {dagbag.py:545} INFO - Filling up the DagBag from /home/awahab02/mlops_assignment_2/myenv/lib/python3.10/site-packages/airflow/example_dags/example_trigger_controller_dag.py
[2024-05-12T20:34:19.999+0500] {processor.py:840} INFO - DAG(s) 'example_trigger_controller_dag' retrieved from /home/awahab02/mlops_assignment_2/myenv/lib/python3.10/site-packages/airflow/example_dags/example_trigger_controller_dag.py
[2024-05-12T20:34:20.015+0500] {logging_mixin.py:188} INFO - [2024-05-12T20:34:20.014+0500] {dag.py:3096} INFO - Sync 1 DAGs
[2024-05-12T20:34:20.029+0500] {logging_mixin.py:188} INFO - [2024-05-12T20:34:20.029+0500] {dag.py:3954} INFO - Setting next_dagrun for example_trigger_controller_dag to 2021-01-01 00:00:00+00:00, run_after=2021-01-01 00:00:00+00:00
[2024-05-12T20:34:20.056+0500] {processor.py:183} INFO - Processing /home/awahab02/mlops_assignment_2/myenv/lib/python3.10/site-packages/airflow/example_dags/example_trigger_controller_dag.py took 0.089 seconds
[2024-05-12T20:35:11.643+0500] {processor.py:161} INFO - Started process (PID=14764) to work on /home/awahab02/mlops_assignment_2/myenv/lib/python3.10/site-packages/airflow/example_dags/example_trigger_controller_dag.py
[2024-05-12T20:35:11.667+0500] {processor.py:830} INFO - Processing file /home/awahab02/mlops_assignment_2/myenv/lib/python3.10/site-packages/airflow/example_dags/example_trigger_controller_dag.py for tasks to queue
[2024-05-12T20:35:11.667+0500] {logging_mixin.py:188} INFO - [2024-05-12T20:35:11.667+0500] {dagbag.py:545} INFO - Filling up the DagBag from /home/awahab02/mlops_assignment_2/myenv/lib/python3.10/site-packages/airflow/example_dags/example_trigger_controller_dag.py
[2024-05-12T20:35:11.672+0500] {processor.py:840} INFO - DAG(s) 'example_trigger_controller_dag' retrieved from /home/awahab02/mlops_assignment_2/myenv/lib/python3.10/site-packages/airflow/example_dags/example_trigger_controller_dag.py
[2024-05-12T20:35:11.685+0500] {logging_mixin.py:188} INFO - [2024-05-12T20:35:11.684+0500] {dag.py:3096} INFO - Sync 1 DAGs
[2024-05-12T20:35:11.700+0500] {logging_mixin.py:188} INFO - [2024-05-12T20:35:11.699+0500] {dag.py:3954} INFO - Setting next_dagrun for example_trigger_controller_dag to 2021-01-01 00:00:00+00:00, run_after=2021-01-01 00:00:00+00:00
[2024-05-12T20:35:11.725+0500] {processor.py:183} INFO - Processing /home/awahab02/mlops_assignment_2/myenv/lib/python3.10/site-packages/airflow/example_dags/example_trigger_controller_dag.py took 0.087 seconds
[2024-05-12T20:35:57.240+0500] {processor.py:161} INFO - Started process (PID=14986) to work on /home/awahab02/mlops_assignment_2/myenv/lib/python3.10/site-packages/airflow/example_dags/example_trigger_controller_dag.py
[2024-05-12T20:35:57.277+0500] {processor.py:830} INFO - Processing file /home/awahab02/mlops_assignment_2/myenv/lib/python3.10/site-packages/airflow/example_dags/example_trigger_controller_dag.py for tasks to queue
[2024-05-12T20:35:57.278+0500] {logging_mixin.py:188} INFO - [2024-05-12T20:35:57.278+0500] {dagbag.py:545} INFO - Filling up the DagBag from /home/awahab02/mlops_assignment_2/myenv/lib/python3.10/site-packages/airflow/example_dags/example_trigger_controller_dag.py
[2024-05-12T20:35:57.283+0500] {processor.py:840} INFO - DAG(s) 'example_trigger_controller_dag' retrieved from /home/awahab02/mlops_assignment_2/myenv/lib/python3.10/site-packages/airflow/example_dags/example_trigger_controller_dag.py
[2024-05-12T20:35:57.294+0500] {logging_mixin.py:188} INFO - [2024-05-12T20:35:57.293+0500] {dag.py:3096} INFO - Sync 1 DAGs
[2024-05-12T20:35:57.306+0500] {logging_mixin.py:188} INFO - [2024-05-12T20:35:57.306+0500] {dag.py:3954} INFO - Setting next_dagrun for example_trigger_controller_dag to 2021-01-01 00:00:00+00:00, run_after=2021-01-01 00:00:00+00:00
[2024-05-12T20:35:57.334+0500] {processor.py:183} INFO - Processing /home/awahab02/mlops_assignment_2/myenv/lib/python3.10/site-packages/airflow/example_dags/example_trigger_controller_dag.py took 0.099 seconds
[2024-05-12T20:36:42.904+0500] {processor.py:161} INFO - Started process (PID=15218) to work on /home/awahab02/mlops_assignment_2/myenv/lib/python3.10/site-packages/airflow/example_dags/example_trigger_controller_dag.py
[2024-05-12T20:36:42.933+0500] {processor.py:830} INFO - Processing file /home/awahab02/mlops_assignment_2/myenv/lib/python3.10/site-packages/airflow/example_dags/example_trigger_controller_dag.py for tasks to queue
[2024-05-12T20:36:42.934+0500] {logging_mixin.py:188} INFO - [2024-05-12T20:36:42.933+0500] {dagbag.py:545} INFO - Filling up the DagBag from /home/awahab02/mlops_assignment_2/myenv/lib/python3.10/site-packages/airflow/example_dags/example_trigger_controller_dag.py
[2024-05-12T20:36:42.938+0500] {processor.py:840} INFO - DAG(s) 'example_trigger_controller_dag' retrieved from /home/awahab02/mlops_assignment_2/myenv/lib/python3.10/site-packages/airflow/example_dags/example_trigger_controller_dag.py
[2024-05-12T20:36:42.952+0500] {logging_mixin.py:188} INFO - [2024-05-12T20:36:42.951+0500] {dag.py:3096} INFO - Sync 1 DAGs
[2024-05-12T20:36:42.965+0500] {logging_mixin.py:188} INFO - [2024-05-12T20:36:42.965+0500] {dag.py:3954} INFO - Setting next_dagrun for example_trigger_controller_dag to 2021-01-01 00:00:00+00:00, run_after=2021-01-01 00:00:00+00:00
[2024-05-12T20:36:43.006+0500] {processor.py:183} INFO - Processing /home/awahab02/mlops_assignment_2/myenv/lib/python3.10/site-packages/airflow/example_dags/example_trigger_controller_dag.py took 0.107 seconds
[2024-05-12T20:38:53.564+0500] {processor.py:161} INFO - Started process (PID=16320) to work on /home/awahab02/mlops_assignment_2/myenv/lib/python3.10/site-packages/airflow/example_dags/example_trigger_controller_dag.py
[2024-05-12T20:38:53.591+0500] {processor.py:830} INFO - Processing file /home/awahab02/mlops_assignment_2/myenv/lib/python3.10/site-packages/airflow/example_dags/example_trigger_controller_dag.py for tasks to queue
[2024-05-12T20:38:53.592+0500] {logging_mixin.py:188} INFO - [2024-05-12T20:38:53.592+0500] {dagbag.py:545} INFO - Filling up the DagBag from /home/awahab02/mlops_assignment_2/myenv/lib/python3.10/site-packages/airflow/example_dags/example_trigger_controller_dag.py
[2024-05-12T20:38:53.596+0500] {processor.py:840} INFO - DAG(s) 'example_trigger_controller_dag' retrieved from /home/awahab02/mlops_assignment_2/myenv/lib/python3.10/site-packages/airflow/example_dags/example_trigger_controller_dag.py
[2024-05-12T20:38:53.611+0500] {logging_mixin.py:188} INFO - [2024-05-12T20:38:53.611+0500] {dag.py:3096} INFO - Sync 1 DAGs
[2024-05-12T20:38:53.624+0500] {logging_mixin.py:188} INFO - [2024-05-12T20:38:53.624+0500] {dag.py:3954} INFO - Setting next_dagrun for example_trigger_controller_dag to 2021-01-01 00:00:00+00:00, run_after=2021-01-01 00:00:00+00:00
[2024-05-12T20:38:53.649+0500] {processor.py:183} INFO - Processing /home/awahab02/mlops_assignment_2/myenv/lib/python3.10/site-packages/airflow/example_dags/example_trigger_controller_dag.py took 0.090 seconds
[2024-05-12T20:39:45.228+0500] {processor.py:161} INFO - Started process (PID=16576) to work on /home/awahab02/mlops_assignment_2/myenv/lib/python3.10/site-packages/airflow/example_dags/example_trigger_controller_dag.py
[2024-05-12T20:39:45.232+0500] {processor.py:830} INFO - Processing file /home/awahab02/mlops_assignment_2/myenv/lib/python3.10/site-packages/airflow/example_dags/example_trigger_controller_dag.py for tasks to queue
[2024-05-12T20:39:45.233+0500] {logging_mixin.py:188} INFO - [2024-05-12T20:39:45.232+0500] {dagbag.py:545} INFO - Filling up the DagBag from /home/awahab02/mlops_assignment_2/myenv/lib/python3.10/site-packages/airflow/example_dags/example_trigger_controller_dag.py
[2024-05-12T20:39:45.237+0500] {processor.py:840} INFO - DAG(s) 'example_trigger_controller_dag' retrieved from /home/awahab02/mlops_assignment_2/myenv/lib/python3.10/site-packages/airflow/example_dags/example_trigger_controller_dag.py
[2024-05-12T20:39:45.250+0500] {logging_mixin.py:188} INFO - [2024-05-12T20:39:45.249+0500] {dag.py:3096} INFO - Sync 1 DAGs
[2024-05-12T20:39:45.264+0500] {logging_mixin.py:188} INFO - [2024-05-12T20:39:45.264+0500] {dag.py:3954} INFO - Setting next_dagrun for example_trigger_controller_dag to 2021-01-01 00:00:00+00:00, run_after=2021-01-01 00:00:00+00:00
[2024-05-12T20:39:45.289+0500] {processor.py:183} INFO - Processing /home/awahab02/mlops_assignment_2/myenv/lib/python3.10/site-packages/airflow/example_dags/example_trigger_controller_dag.py took 0.069 seconds
[2024-05-12T20:40:29.595+0500] {processor.py:161} INFO - Started process (PID=16879) to work on /home/awahab02/mlops_assignment_2/myenv/lib/python3.10/site-packages/airflow/example_dags/example_trigger_controller_dag.py
[2024-05-12T20:40:29.629+0500] {processor.py:830} INFO - Processing file /home/awahab02/mlops_assignment_2/myenv/lib/python3.10/site-packages/airflow/example_dags/example_trigger_controller_dag.py for tasks to queue
[2024-05-12T20:40:29.630+0500] {logging_mixin.py:188} INFO - [2024-05-12T20:40:29.630+0500] {dagbag.py:545} INFO - Filling up the DagBag from /home/awahab02/mlops_assignment_2/myenv/lib/python3.10/site-packages/airflow/example_dags/example_trigger_controller_dag.py
[2024-05-12T20:40:29.637+0500] {processor.py:840} INFO - DAG(s) 'example_trigger_controller_dag' retrieved from /home/awahab02/mlops_assignment_2/myenv/lib/python3.10/site-packages/airflow/example_dags/example_trigger_controller_dag.py
[2024-05-12T20:40:29.649+0500] {logging_mixin.py:188} INFO - [2024-05-12T20:40:29.649+0500] {dag.py:3096} INFO - Sync 1 DAGs
[2024-05-12T20:40:29.663+0500] {logging_mixin.py:188} INFO - [2024-05-12T20:40:29.662+0500] {dag.py:3954} INFO - Setting next_dagrun for example_trigger_controller_dag to 2021-01-01 00:00:00+00:00, run_after=2021-01-01 00:00:00+00:00
[2024-05-12T20:40:29.688+0500] {processor.py:183} INFO - Processing /home/awahab02/mlops_assignment_2/myenv/lib/python3.10/site-packages/airflow/example_dags/example_trigger_controller_dag.py took 0.098 seconds
[2024-05-12T20:41:15.513+0500] {processor.py:161} INFO - Started process (PID=17183) to work on /home/awahab02/mlops_assignment_2/myenv/lib/python3.10/site-packages/airflow/example_dags/example_trigger_controller_dag.py
[2024-05-12T20:41:15.539+0500] {processor.py:830} INFO - Processing file /home/awahab02/mlops_assignment_2/myenv/lib/python3.10/site-packages/airflow/example_dags/example_trigger_controller_dag.py for tasks to queue
[2024-05-12T20:41:15.542+0500] {logging_mixin.py:188} INFO - [2024-05-12T20:41:15.541+0500] {dagbag.py:545} INFO - Filling up the DagBag from /home/awahab02/mlops_assignment_2/myenv/lib/python3.10/site-packages/airflow/example_dags/example_trigger_controller_dag.py
[2024-05-12T20:41:15.552+0500] {processor.py:840} INFO - DAG(s) 'example_trigger_controller_dag' retrieved from /home/awahab02/mlops_assignment_2/myenv/lib/python3.10/site-packages/airflow/example_dags/example_trigger_controller_dag.py
[2024-05-12T20:41:15.569+0500] {logging_mixin.py:188} INFO - [2024-05-12T20:41:15.569+0500] {dag.py:3096} INFO - Sync 1 DAGs
[2024-05-12T20:41:15.583+0500] {logging_mixin.py:188} INFO - [2024-05-12T20:41:15.583+0500] {dag.py:3954} INFO - Setting next_dagrun for example_trigger_controller_dag to 2021-01-01 00:00:00+00:00, run_after=2021-01-01 00:00:00+00:00
[2024-05-12T20:41:15.608+0500] {processor.py:183} INFO - Processing /home/awahab02/mlops_assignment_2/myenv/lib/python3.10/site-packages/airflow/example_dags/example_trigger_controller_dag.py took 0.100 seconds
[2024-05-12T20:41:59.583+0500] {processor.py:161} INFO - Started process (PID=17469) to work on /home/awahab02/mlops_assignment_2/myenv/lib/python3.10/site-packages/airflow/example_dags/example_trigger_controller_dag.py
[2024-05-12T20:41:59.584+0500] {processor.py:830} INFO - Processing file /home/awahab02/mlops_assignment_2/myenv/lib/python3.10/site-packages/airflow/example_dags/example_trigger_controller_dag.py for tasks to queue
[2024-05-12T20:41:59.585+0500] {logging_mixin.py:188} INFO - [2024-05-12T20:41:59.585+0500] {dagbag.py:545} INFO - Filling up the DagBag from /home/awahab02/mlops_assignment_2/myenv/lib/python3.10/site-packages/airflow/example_dags/example_trigger_controller_dag.py
[2024-05-12T20:41:59.589+0500] {processor.py:840} INFO - DAG(s) 'example_trigger_controller_dag' retrieved from /home/awahab02/mlops_assignment_2/myenv/lib/python3.10/site-packages/airflow/example_dags/example_trigger_controller_dag.py
[2024-05-12T20:41:59.600+0500] {logging_mixin.py:188} INFO - [2024-05-12T20:41:59.600+0500] {dag.py:3096} INFO - Sync 1 DAGs
[2024-05-12T20:41:59.613+0500] {logging_mixin.py:188} INFO - [2024-05-12T20:41:59.613+0500] {dag.py:3954} INFO - Setting next_dagrun for example_trigger_controller_dag to 2021-01-01 00:00:00+00:00, run_after=2021-01-01 00:00:00+00:00
[2024-05-12T20:41:59.638+0500] {processor.py:183} INFO - Processing /home/awahab02/mlops_assignment_2/myenv/lib/python3.10/site-packages/airflow/example_dags/example_trigger_controller_dag.py took 0.060 seconds
[2024-05-12T20:42:44.080+0500] {processor.py:161} INFO - Started process (PID=17787) to work on /home/awahab02/mlops_assignment_2/myenv/lib/python3.10/site-packages/airflow/example_dags/example_trigger_controller_dag.py
[2024-05-12T20:42:44.115+0500] {processor.py:830} INFO - Processing file /home/awahab02/mlops_assignment_2/myenv/lib/python3.10/site-packages/airflow/example_dags/example_trigger_controller_dag.py for tasks to queue
[2024-05-12T20:42:44.116+0500] {logging_mixin.py:188} INFO - [2024-05-12T20:42:44.115+0500] {dagbag.py:545} INFO - Filling up the DagBag from /home/awahab02/mlops_assignment_2/myenv/lib/python3.10/site-packages/airflow/example_dags/example_trigger_controller_dag.py
[2024-05-12T20:42:44.120+0500] {processor.py:840} INFO - DAG(s) 'example_trigger_controller_dag' retrieved from /home/awahab02/mlops_assignment_2/myenv/lib/python3.10/site-packages/airflow/example_dags/example_trigger_controller_dag.py
[2024-05-12T20:42:44.132+0500] {logging_mixin.py:188} INFO - [2024-05-12T20:42:44.132+0500] {dag.py:3096} INFO - Sync 1 DAGs
[2024-05-12T20:42:44.148+0500] {logging_mixin.py:188} INFO - [2024-05-12T20:42:44.148+0500] {dag.py:3954} INFO - Setting next_dagrun for example_trigger_controller_dag to 2021-01-01 00:00:00+00:00, run_after=2021-01-01 00:00:00+00:00
[2024-05-12T20:42:44.173+0500] {processor.py:183} INFO - Processing /home/awahab02/mlops_assignment_2/myenv/lib/python3.10/site-packages/airflow/example_dags/example_trigger_controller_dag.py took 0.100 seconds
[2024-05-12T20:43:29.629+0500] {processor.py:161} INFO - Started process (PID=18090) to work on /home/awahab02/mlops_assignment_2/myenv/lib/python3.10/site-packages/airflow/example_dags/example_trigger_controller_dag.py
[2024-05-12T20:43:29.630+0500] {processor.py:830} INFO - Processing file /home/awahab02/mlops_assignment_2/myenv/lib/python3.10/site-packages/airflow/example_dags/example_trigger_controller_dag.py for tasks to queue
[2024-05-12T20:43:29.631+0500] {logging_mixin.py:188} INFO - [2024-05-12T20:43:29.631+0500] {dagbag.py:545} INFO - Filling up the DagBag from /home/awahab02/mlops_assignment_2/myenv/lib/python3.10/site-packages/airflow/example_dags/example_trigger_controller_dag.py
[2024-05-12T20:43:29.638+0500] {processor.py:840} INFO - DAG(s) 'example_trigger_controller_dag' retrieved from /home/awahab02/mlops_assignment_2/myenv/lib/python3.10/site-packages/airflow/example_dags/example_trigger_controller_dag.py
[2024-05-12T20:43:29.652+0500] {logging_mixin.py:188} INFO - [2024-05-12T20:43:29.651+0500] {dag.py:3096} INFO - Sync 1 DAGs
[2024-05-12T20:43:29.670+0500] {logging_mixin.py:188} INFO - [2024-05-12T20:43:29.670+0500] {dag.py:3954} INFO - Setting next_dagrun for example_trigger_controller_dag to 2021-01-01 00:00:00+00:00, run_after=2021-01-01 00:00:00+00:00
[2024-05-12T20:43:29.702+0500] {processor.py:183} INFO - Processing /home/awahab02/mlops_assignment_2/myenv/lib/python3.10/site-packages/airflow/example_dags/example_trigger_controller_dag.py took 0.078 seconds
