[2024-05-12T20:21:16.113+0500] {processor.py:161} INFO - Started process (PID=9513) to work on /home/awahab02/mlops_assignment_2/myenv/lib/python3.10/site-packages/airflow/example_dags/example_external_task_marker_dag.py
[2024-05-12T20:21:16.114+0500] {processor.py:830} INFO - Processing file /home/awahab02/mlops_assignment_2/myenv/lib/python3.10/site-packages/airflow/example_dags/example_external_task_marker_dag.py for tasks to queue
[2024-05-12T20:21:16.115+0500] {logging_mixin.py:188} INFO - [2024-05-12T20:21:16.115+0500] {dagbag.py:545} INFO - Filling up the DagBag from /home/awahab02/mlops_assignment_2/myenv/lib/python3.10/site-packages/airflow/example_dags/example_external_task_marker_dag.py
[2024-05-12T20:21:16.121+0500] {processor.py:840} INFO - DAG(s) 'example_external_task_marker_parent', 'example_external_task_marker_child' retrieved from /home/awahab02/mlops_assignment_2/myenv/lib/python3.10/site-packages/airflow/example_dags/example_external_task_marker_dag.py
[2024-05-12T20:21:16.238+0500] {logging_mixin.py:188} INFO - [2024-05-12T20:21:16.238+0500] {override.py:1829} INFO - Created Permission View: can read on DAG:example_external_task_marker_parent
[2024-05-12T20:21:16.254+0500] {logging_mixin.py:188} INFO - [2024-05-12T20:21:16.254+0500] {override.py:1829} INFO - Created Permission View: can edit on DAG:example_external_task_marker_parent
[2024-05-12T20:21:16.269+0500] {logging_mixin.py:188} INFO - [2024-05-12T20:21:16.269+0500] {override.py:1829} INFO - Created Permission View: can delete on DAG:example_external_task_marker_parent
[2024-05-12T20:21:16.302+0500] {logging_mixin.py:188} INFO - [2024-05-12T20:21:16.302+0500] {override.py:1829} INFO - Created Permission View: can read on DAG:example_external_task_marker_child
[2024-05-12T20:21:16.316+0500] {logging_mixin.py:188} INFO - [2024-05-12T20:21:16.316+0500] {override.py:1829} INFO - Created Permission View: can edit on DAG:example_external_task_marker_child
[2024-05-12T20:21:16.331+0500] {logging_mixin.py:188} INFO - [2024-05-12T20:21:16.330+0500] {override.py:1829} INFO - Created Permission View: can delete on DAG:example_external_task_marker_child
[2024-05-12T20:21:16.331+0500] {logging_mixin.py:188} INFO - [2024-05-12T20:21:16.331+0500] {dag.py:3096} INFO - Sync 2 DAGs
[2024-05-12T20:21:16.340+0500] {logging_mixin.py:188} INFO - [2024-05-12T20:21:16.340+0500] {dag.py:3118} INFO - Creating ORM DAG for example_external_task_marker_child
[2024-05-12T20:21:16.341+0500] {logging_mixin.py:188} INFO - [2024-05-12T20:21:16.341+0500] {dag.py:3118} INFO - Creating ORM DAG for example_external_task_marker_parent
[2024-05-12T20:21:16.341+0500] {logging_mixin.py:188} INFO - [2024-05-12T20:21:16.341+0500] {dag.py:3954} INFO - Setting next_dagrun for example_external_task_marker_child to None, run_after=None
[2024-05-12T20:21:16.342+0500] {logging_mixin.py:188} INFO - [2024-05-12T20:21:16.342+0500] {dag.py:3954} INFO - Setting next_dagrun for example_external_task_marker_parent to None, run_after=None
[2024-05-12T20:21:16.368+0500] {processor.py:183} INFO - Processing /home/awahab02/mlops_assignment_2/myenv/lib/python3.10/site-packages/airflow/example_dags/example_external_task_marker_dag.py took 0.260 seconds
[2024-05-12T20:22:24.046+0500] {processor.py:161} INFO - Started process (PID=9783) to work on /home/awahab02/mlops_assignment_2/myenv/lib/python3.10/site-packages/airflow/example_dags/example_external_task_marker_dag.py
[2024-05-12T20:22:24.072+0500] {processor.py:830} INFO - Processing file /home/awahab02/mlops_assignment_2/myenv/lib/python3.10/site-packages/airflow/example_dags/example_external_task_marker_dag.py for tasks to queue
[2024-05-12T20:22:24.074+0500] {logging_mixin.py:188} INFO - [2024-05-12T20:22:24.073+0500] {dagbag.py:545} INFO - Filling up the DagBag from /home/awahab02/mlops_assignment_2/myenv/lib/python3.10/site-packages/airflow/example_dags/example_external_task_marker_dag.py
[2024-05-12T20:22:24.078+0500] {processor.py:840} INFO - DAG(s) 'example_external_task_marker_parent', 'example_external_task_marker_child' retrieved from /home/awahab02/mlops_assignment_2/myenv/lib/python3.10/site-packages/airflow/example_dags/example_external_task_marker_dag.py
[2024-05-12T20:22:24.094+0500] {logging_mixin.py:188} INFO - [2024-05-12T20:22:24.094+0500] {dag.py:3096} INFO - Sync 2 DAGs
[2024-05-12T20:22:24.104+0500] {logging_mixin.py:188} INFO - [2024-05-12T20:22:24.103+0500] {dag.py:3954} INFO - Setting next_dagrun for example_external_task_marker_child to None, run_after=None
[2024-05-12T20:22:24.106+0500] {logging_mixin.py:188} INFO - [2024-05-12T20:22:24.106+0500] {dag.py:3954} INFO - Setting next_dagrun for example_external_task_marker_parent to None, run_after=None
[2024-05-12T20:22:24.128+0500] {processor.py:183} INFO - Processing /home/awahab02/mlops_assignment_2/myenv/lib/python3.10/site-packages/airflow/example_dags/example_external_task_marker_dag.py took 0.088 seconds
[2024-05-12T20:23:20.940+0500] {processor.py:161} INFO - Started process (PID=10182) to work on /home/awahab02/mlops_assignment_2/myenv/lib/python3.10/site-packages/airflow/example_dags/example_external_task_marker_dag.py
[2024-05-12T20:23:20.976+0500] {processor.py:830} INFO - Processing file /home/awahab02/mlops_assignment_2/myenv/lib/python3.10/site-packages/airflow/example_dags/example_external_task_marker_dag.py for tasks to queue
[2024-05-12T20:23:20.977+0500] {logging_mixin.py:188} INFO - [2024-05-12T20:23:20.977+0500] {dagbag.py:545} INFO - Filling up the DagBag from /home/awahab02/mlops_assignment_2/myenv/lib/python3.10/site-packages/airflow/example_dags/example_external_task_marker_dag.py
[2024-05-12T20:23:20.982+0500] {processor.py:840} INFO - DAG(s) 'example_external_task_marker_child', 'example_external_task_marker_parent' retrieved from /home/awahab02/mlops_assignment_2/myenv/lib/python3.10/site-packages/airflow/example_dags/example_external_task_marker_dag.py
[2024-05-12T20:23:20.997+0500] {logging_mixin.py:188} INFO - [2024-05-12T20:23:20.997+0500] {dag.py:3096} INFO - Sync 2 DAGs
[2024-05-12T20:23:21.007+0500] {logging_mixin.py:188} INFO - [2024-05-12T20:23:21.007+0500] {dag.py:3954} INFO - Setting next_dagrun for example_external_task_marker_child to None, run_after=None
[2024-05-12T20:23:21.010+0500] {logging_mixin.py:188} INFO - [2024-05-12T20:23:21.009+0500] {dag.py:3954} INFO - Setting next_dagrun for example_external_task_marker_parent to None, run_after=None
[2024-05-12T20:23:21.069+0500] {processor.py:183} INFO - Processing /home/awahab02/mlops_assignment_2/myenv/lib/python3.10/site-packages/airflow/example_dags/example_external_task_marker_dag.py took 0.134 seconds
[2024-05-12T20:24:23.041+0500] {processor.py:161} INFO - Started process (PID=10585) to work on /home/awahab02/mlops_assignment_2/myenv/lib/python3.10/site-packages/airflow/example_dags/example_external_task_marker_dag.py
[2024-05-12T20:24:23.042+0500] {processor.py:830} INFO - Processing file /home/awahab02/mlops_assignment_2/myenv/lib/python3.10/site-packages/airflow/example_dags/example_external_task_marker_dag.py for tasks to queue
[2024-05-12T20:24:23.044+0500] {logging_mixin.py:188} INFO - [2024-05-12T20:24:23.044+0500] {dagbag.py:545} INFO - Filling up the DagBag from /home/awahab02/mlops_assignment_2/myenv/lib/python3.10/site-packages/airflow/example_dags/example_external_task_marker_dag.py
[2024-05-12T20:24:23.050+0500] {processor.py:840} INFO - DAG(s) 'example_external_task_marker_child', 'example_external_task_marker_parent' retrieved from /home/awahab02/mlops_assignment_2/myenv/lib/python3.10/site-packages/airflow/example_dags/example_external_task_marker_dag.py
[2024-05-12T20:24:23.065+0500] {logging_mixin.py:188} INFO - [2024-05-12T20:24:23.064+0500] {dag.py:3096} INFO - Sync 2 DAGs
[2024-05-12T20:24:23.074+0500] {logging_mixin.py:188} INFO - [2024-05-12T20:24:23.074+0500] {dag.py:3954} INFO - Setting next_dagrun for example_external_task_marker_child to None, run_after=None
[2024-05-12T20:24:23.077+0500] {logging_mixin.py:188} INFO - [2024-05-12T20:24:23.077+0500] {dag.py:3954} INFO - Setting next_dagrun for example_external_task_marker_parent to None, run_after=None
[2024-05-12T20:24:23.102+0500] {processor.py:183} INFO - Processing /home/awahab02/mlops_assignment_2/myenv/lib/python3.10/site-packages/airflow/example_dags/example_external_task_marker_dag.py took 0.069 seconds
[2024-05-12T20:25:22.850+0500] {processor.py:161} INFO - Started process (PID=10867) to work on /home/awahab02/mlops_assignment_2/myenv/lib/python3.10/site-packages/airflow/example_dags/example_external_task_marker_dag.py
[2024-05-12T20:25:22.871+0500] {processor.py:830} INFO - Processing file /home/awahab02/mlops_assignment_2/myenv/lib/python3.10/site-packages/airflow/example_dags/example_external_task_marker_dag.py for tasks to queue
[2024-05-12T20:25:22.872+0500] {logging_mixin.py:188} INFO - [2024-05-12T20:25:22.872+0500] {dagbag.py:545} INFO - Filling up the DagBag from /home/awahab02/mlops_assignment_2/myenv/lib/python3.10/site-packages/airflow/example_dags/example_external_task_marker_dag.py
[2024-05-12T20:25:22.878+0500] {processor.py:840} INFO - DAG(s) 'example_external_task_marker_parent', 'example_external_task_marker_child' retrieved from /home/awahab02/mlops_assignment_2/myenv/lib/python3.10/site-packages/airflow/example_dags/example_external_task_marker_dag.py
[2024-05-12T20:25:22.892+0500] {logging_mixin.py:188} INFO - [2024-05-12T20:25:22.892+0500] {dag.py:3096} INFO - Sync 2 DAGs
[2024-05-12T20:25:22.902+0500] {logging_mixin.py:188} INFO - [2024-05-12T20:25:22.902+0500] {dag.py:3954} INFO - Setting next_dagrun for example_external_task_marker_child to None, run_after=None
[2024-05-12T20:25:22.905+0500] {logging_mixin.py:188} INFO - [2024-05-12T20:25:22.905+0500] {dag.py:3954} INFO - Setting next_dagrun for example_external_task_marker_parent to None, run_after=None
[2024-05-12T20:25:22.933+0500] {processor.py:183} INFO - Processing /home/awahab02/mlops_assignment_2/myenv/lib/python3.10/site-packages/airflow/example_dags/example_external_task_marker_dag.py took 0.088 seconds
[2024-05-12T20:26:25.911+0500] {processor.py:161} INFO - Started process (PID=11188) to work on /home/awahab02/mlops_assignment_2/myenv/lib/python3.10/site-packages/airflow/example_dags/example_external_task_marker_dag.py
[2024-05-12T20:26:25.929+0500] {processor.py:830} INFO - Processing file /home/awahab02/mlops_assignment_2/myenv/lib/python3.10/site-packages/airflow/example_dags/example_external_task_marker_dag.py for tasks to queue
[2024-05-12T20:26:25.931+0500] {logging_mixin.py:188} INFO - [2024-05-12T20:26:25.931+0500] {dagbag.py:545} INFO - Filling up the DagBag from /home/awahab02/mlops_assignment_2/myenv/lib/python3.10/site-packages/airflow/example_dags/example_external_task_marker_dag.py
[2024-05-12T20:26:25.937+0500] {processor.py:840} INFO - DAG(s) 'example_external_task_marker_child', 'example_external_task_marker_parent' retrieved from /home/awahab02/mlops_assignment_2/myenv/lib/python3.10/site-packages/airflow/example_dags/example_external_task_marker_dag.py
[2024-05-12T20:26:25.953+0500] {logging_mixin.py:188} INFO - [2024-05-12T20:26:25.953+0500] {dag.py:3096} INFO - Sync 2 DAGs
[2024-05-12T20:26:25.963+0500] {logging_mixin.py:188} INFO - [2024-05-12T20:26:25.963+0500] {dag.py:3954} INFO - Setting next_dagrun for example_external_task_marker_child to None, run_after=None
[2024-05-12T20:26:25.966+0500] {logging_mixin.py:188} INFO - [2024-05-12T20:26:25.966+0500] {dag.py:3954} INFO - Setting next_dagrun for example_external_task_marker_parent to None, run_after=None
[2024-05-12T20:26:25.989+0500] {processor.py:183} INFO - Processing /home/awahab02/mlops_assignment_2/myenv/lib/python3.10/site-packages/airflow/example_dags/example_external_task_marker_dag.py took 0.083 seconds
[2024-05-12T20:28:17.894+0500] {processor.py:161} INFO - Started process (PID=12102) to work on /home/awahab02/mlops_assignment_2/myenv/lib/python3.10/site-packages/airflow/example_dags/example_external_task_marker_dag.py
[2024-05-12T20:28:17.895+0500] {processor.py:830} INFO - Processing file /home/awahab02/mlops_assignment_2/myenv/lib/python3.10/site-packages/airflow/example_dags/example_external_task_marker_dag.py for tasks to queue
[2024-05-12T20:28:17.896+0500] {logging_mixin.py:188} INFO - [2024-05-12T20:28:17.896+0500] {dagbag.py:545} INFO - Filling up the DagBag from /home/awahab02/mlops_assignment_2/myenv/lib/python3.10/site-packages/airflow/example_dags/example_external_task_marker_dag.py
[2024-05-12T20:28:17.901+0500] {processor.py:840} INFO - DAG(s) 'example_external_task_marker_child', 'example_external_task_marker_parent' retrieved from /home/awahab02/mlops_assignment_2/myenv/lib/python3.10/site-packages/airflow/example_dags/example_external_task_marker_dag.py
[2024-05-12T20:28:17.915+0500] {logging_mixin.py:188} INFO - [2024-05-12T20:28:17.915+0500] {dag.py:3096} INFO - Sync 2 DAGs
[2024-05-12T20:28:17.925+0500] {logging_mixin.py:188} INFO - [2024-05-12T20:28:17.925+0500] {dag.py:3954} INFO - Setting next_dagrun for example_external_task_marker_child to None, run_after=None
[2024-05-12T20:28:17.928+0500] {logging_mixin.py:188} INFO - [2024-05-12T20:28:17.927+0500] {dag.py:3954} INFO - Setting next_dagrun for example_external_task_marker_parent to None, run_after=None
[2024-05-12T20:28:17.951+0500] {processor.py:183} INFO - Processing /home/awahab02/mlops_assignment_2/myenv/lib/python3.10/site-packages/airflow/example_dags/example_external_task_marker_dag.py took 0.063 seconds
[2024-05-12T20:29:26.587+0500] {processor.py:161} INFO - Started process (PID=12432) to work on /home/awahab02/mlops_assignment_2/myenv/lib/python3.10/site-packages/airflow/example_dags/example_external_task_marker_dag.py
[2024-05-12T20:29:26.611+0500] {processor.py:830} INFO - Processing file /home/awahab02/mlops_assignment_2/myenv/lib/python3.10/site-packages/airflow/example_dags/example_external_task_marker_dag.py for tasks to queue
[2024-05-12T20:29:26.612+0500] {logging_mixin.py:188} INFO - [2024-05-12T20:29:26.612+0500] {dagbag.py:545} INFO - Filling up the DagBag from /home/awahab02/mlops_assignment_2/myenv/lib/python3.10/site-packages/airflow/example_dags/example_external_task_marker_dag.py
[2024-05-12T20:29:26.618+0500] {processor.py:840} INFO - DAG(s) 'example_external_task_marker_child', 'example_external_task_marker_parent' retrieved from /home/awahab02/mlops_assignment_2/myenv/lib/python3.10/site-packages/airflow/example_dags/example_external_task_marker_dag.py
[2024-05-12T20:29:26.632+0500] {logging_mixin.py:188} INFO - [2024-05-12T20:29:26.632+0500] {dag.py:3096} INFO - Sync 2 DAGs
[2024-05-12T20:29:26.642+0500] {logging_mixin.py:188} INFO - [2024-05-12T20:29:26.641+0500] {dag.py:3954} INFO - Setting next_dagrun for example_external_task_marker_child to None, run_after=None
[2024-05-12T20:29:26.644+0500] {logging_mixin.py:188} INFO - [2024-05-12T20:29:26.644+0500] {dag.py:3954} INFO - Setting next_dagrun for example_external_task_marker_parent to None, run_after=None
[2024-05-12T20:29:26.667+0500] {processor.py:183} INFO - Processing /home/awahab02/mlops_assignment_2/myenv/lib/python3.10/site-packages/airflow/example_dags/example_external_task_marker_dag.py took 0.088 seconds
[2024-05-12T20:31:16.648+0500] {processor.py:161} INFO - Started process (PID=13229) to work on /home/awahab02/mlops_assignment_2/myenv/lib/python3.10/site-packages/airflow/example_dags/example_external_task_marker_dag.py
[2024-05-12T20:31:16.649+0500] {processor.py:830} INFO - Processing file /home/awahab02/mlops_assignment_2/myenv/lib/python3.10/site-packages/airflow/example_dags/example_external_task_marker_dag.py for tasks to queue
[2024-05-12T20:31:16.651+0500] {logging_mixin.py:188} INFO - [2024-05-12T20:31:16.651+0500] {dagbag.py:545} INFO - Filling up the DagBag from /home/awahab02/mlops_assignment_2/myenv/lib/python3.10/site-packages/airflow/example_dags/example_external_task_marker_dag.py
[2024-05-12T20:31:16.656+0500] {processor.py:840} INFO - DAG(s) 'example_external_task_marker_child', 'example_external_task_marker_parent' retrieved from /home/awahab02/mlops_assignment_2/myenv/lib/python3.10/site-packages/airflow/example_dags/example_external_task_marker_dag.py
[2024-05-12T20:31:16.672+0500] {logging_mixin.py:188} INFO - [2024-05-12T20:31:16.672+0500] {dag.py:3096} INFO - Sync 2 DAGs
[2024-05-12T20:31:16.681+0500] {logging_mixin.py:188} INFO - [2024-05-12T20:31:16.681+0500] {dag.py:3954} INFO - Setting next_dagrun for example_external_task_marker_child to None, run_after=None
[2024-05-12T20:31:16.684+0500] {logging_mixin.py:188} INFO - [2024-05-12T20:31:16.684+0500] {dag.py:3954} INFO - Setting next_dagrun for example_external_task_marker_parent to None, run_after=None
[2024-05-12T20:31:16.707+0500] {processor.py:183} INFO - Processing /home/awahab02/mlops_assignment_2/myenv/lib/python3.10/site-packages/airflow/example_dags/example_external_task_marker_dag.py took 0.064 seconds
[2024-05-12T20:32:22.047+0500] {processor.py:161} INFO - Started process (PID=13573) to work on /home/awahab02/mlops_assignment_2/myenv/lib/python3.10/site-packages/airflow/example_dags/example_external_task_marker_dag.py
[2024-05-12T20:32:22.048+0500] {processor.py:830} INFO - Processing file /home/awahab02/mlops_assignment_2/myenv/lib/python3.10/site-packages/airflow/example_dags/example_external_task_marker_dag.py for tasks to queue
[2024-05-12T20:32:22.050+0500] {logging_mixin.py:188} INFO - [2024-05-12T20:32:22.049+0500] {dagbag.py:545} INFO - Filling up the DagBag from /home/awahab02/mlops_assignment_2/myenv/lib/python3.10/site-packages/airflow/example_dags/example_external_task_marker_dag.py
[2024-05-12T20:32:22.056+0500] {processor.py:840} INFO - DAG(s) 'example_external_task_marker_child', 'example_external_task_marker_parent' retrieved from /home/awahab02/mlops_assignment_2/myenv/lib/python3.10/site-packages/airflow/example_dags/example_external_task_marker_dag.py
[2024-05-12T20:32:22.072+0500] {logging_mixin.py:188} INFO - [2024-05-12T20:32:22.072+0500] {dag.py:3096} INFO - Sync 2 DAGs
[2024-05-12T20:32:22.086+0500] {logging_mixin.py:188} INFO - [2024-05-12T20:32:22.085+0500] {dag.py:3954} INFO - Setting next_dagrun for example_external_task_marker_child to None, run_after=None
[2024-05-12T20:32:22.090+0500] {logging_mixin.py:188} INFO - [2024-05-12T20:32:22.089+0500] {dag.py:3954} INFO - Setting next_dagrun for example_external_task_marker_parent to None, run_after=None
[2024-05-12T20:32:22.122+0500] {processor.py:183} INFO - Processing /home/awahab02/mlops_assignment_2/myenv/lib/python3.10/site-packages/airflow/example_dags/example_external_task_marker_dag.py took 0.081 seconds
[2024-05-12T20:34:58.721+0500] {processor.py:161} INFO - Started process (PID=14662) to work on /home/awahab02/mlops_assignment_2/myenv/lib/python3.10/site-packages/airflow/example_dags/example_external_task_marker_dag.py
[2024-05-12T20:34:58.723+0500] {processor.py:830} INFO - Processing file /home/awahab02/mlops_assignment_2/myenv/lib/python3.10/site-packages/airflow/example_dags/example_external_task_marker_dag.py for tasks to queue
[2024-05-12T20:34:58.724+0500] {logging_mixin.py:188} INFO - [2024-05-12T20:34:58.723+0500] {dagbag.py:545} INFO - Filling up the DagBag from /home/awahab02/mlops_assignment_2/myenv/lib/python3.10/site-packages/airflow/example_dags/example_external_task_marker_dag.py
[2024-05-12T20:34:58.730+0500] {processor.py:840} INFO - DAG(s) 'example_external_task_marker_child', 'example_external_task_marker_parent' retrieved from /home/awahab02/mlops_assignment_2/myenv/lib/python3.10/site-packages/airflow/example_dags/example_external_task_marker_dag.py
[2024-05-12T20:34:58.748+0500] {logging_mixin.py:188} INFO - [2024-05-12T20:34:58.747+0500] {dag.py:3096} INFO - Sync 2 DAGs
[2024-05-12T20:34:58.758+0500] {logging_mixin.py:188} INFO - [2024-05-12T20:34:58.758+0500] {dag.py:3954} INFO - Setting next_dagrun for example_external_task_marker_child to None, run_after=None
[2024-05-12T20:34:58.761+0500] {logging_mixin.py:188} INFO - [2024-05-12T20:34:58.760+0500] {dag.py:3954} INFO - Setting next_dagrun for example_external_task_marker_parent to None, run_after=None
[2024-05-12T20:34:58.791+0500] {processor.py:183} INFO - Processing /home/awahab02/mlops_assignment_2/myenv/lib/python3.10/site-packages/airflow/example_dags/example_external_task_marker_dag.py took 0.076 seconds
[2024-05-12T20:36:07.454+0500] {processor.py:161} INFO - Started process (PID=15034) to work on /home/awahab02/mlops_assignment_2/myenv/lib/python3.10/site-packages/airflow/example_dags/example_external_task_marker_dag.py
[2024-05-12T20:36:07.479+0500] {processor.py:830} INFO - Processing file /home/awahab02/mlops_assignment_2/myenv/lib/python3.10/site-packages/airflow/example_dags/example_external_task_marker_dag.py for tasks to queue
[2024-05-12T20:36:07.480+0500] {logging_mixin.py:188} INFO - [2024-05-12T20:36:07.479+0500] {dagbag.py:545} INFO - Filling up the DagBag from /home/awahab02/mlops_assignment_2/myenv/lib/python3.10/site-packages/airflow/example_dags/example_external_task_marker_dag.py
[2024-05-12T20:36:07.485+0500] {processor.py:840} INFO - DAG(s) 'example_external_task_marker_parent', 'example_external_task_marker_child' retrieved from /home/awahab02/mlops_assignment_2/myenv/lib/python3.10/site-packages/airflow/example_dags/example_external_task_marker_dag.py
[2024-05-12T20:36:07.499+0500] {logging_mixin.py:188} INFO - [2024-05-12T20:36:07.499+0500] {dag.py:3096} INFO - Sync 2 DAGs
[2024-05-12T20:36:07.508+0500] {logging_mixin.py:188} INFO - [2024-05-12T20:36:07.508+0500] {dag.py:3954} INFO - Setting next_dagrun for example_external_task_marker_child to None, run_after=None
[2024-05-12T20:36:07.510+0500] {logging_mixin.py:188} INFO - [2024-05-12T20:36:07.510+0500] {dag.py:3954} INFO - Setting next_dagrun for example_external_task_marker_parent to None, run_after=None
[2024-05-12T20:36:07.534+0500] {processor.py:183} INFO - Processing /home/awahab02/mlops_assignment_2/myenv/lib/python3.10/site-packages/airflow/example_dags/example_external_task_marker_dag.py took 0.085 seconds
[2024-05-12T20:37:16.187+0500] {processor.py:161} INFO - Started process (PID=15415) to work on /home/awahab02/mlops_assignment_2/myenv/lib/python3.10/site-packages/airflow/example_dags/example_external_task_marker_dag.py
[2024-05-12T20:37:16.188+0500] {processor.py:830} INFO - Processing file /home/awahab02/mlops_assignment_2/myenv/lib/python3.10/site-packages/airflow/example_dags/example_external_task_marker_dag.py for tasks to queue
[2024-05-12T20:37:16.189+0500] {logging_mixin.py:188} INFO - [2024-05-12T20:37:16.189+0500] {dagbag.py:545} INFO - Filling up the DagBag from /home/awahab02/mlops_assignment_2/myenv/lib/python3.10/site-packages/airflow/example_dags/example_external_task_marker_dag.py
[2024-05-12T20:37:16.195+0500] {processor.py:840} INFO - DAG(s) 'example_external_task_marker_child', 'example_external_task_marker_parent' retrieved from /home/awahab02/mlops_assignment_2/myenv/lib/python3.10/site-packages/airflow/example_dags/example_external_task_marker_dag.py
[2024-05-12T20:37:16.212+0500] {logging_mixin.py:188} INFO - [2024-05-12T20:37:16.212+0500] {dag.py:3096} INFO - Sync 2 DAGs
[2024-05-12T20:37:16.225+0500] {logging_mixin.py:188} INFO - [2024-05-12T20:37:16.225+0500] {dag.py:3954} INFO - Setting next_dagrun for example_external_task_marker_child to None, run_after=None
[2024-05-12T20:37:16.228+0500] {logging_mixin.py:188} INFO - [2024-05-12T20:37:16.228+0500] {dag.py:3954} INFO - Setting next_dagrun for example_external_task_marker_parent to None, run_after=None
[2024-05-12T20:37:16.266+0500] {processor.py:183} INFO - Processing /home/awahab02/mlops_assignment_2/myenv/lib/python3.10/site-packages/airflow/example_dags/example_external_task_marker_dag.py took 0.084 seconds
[2024-05-12T20:39:32.367+0500] {processor.py:161} INFO - Started process (PID=16486) to work on /home/awahab02/mlops_assignment_2/myenv/lib/python3.10/site-packages/airflow/example_dags/example_external_task_marker_dag.py
[2024-05-12T20:39:32.395+0500] {processor.py:830} INFO - Processing file /home/awahab02/mlops_assignment_2/myenv/lib/python3.10/site-packages/airflow/example_dags/example_external_task_marker_dag.py for tasks to queue
[2024-05-12T20:39:32.396+0500] {logging_mixin.py:188} INFO - [2024-05-12T20:39:32.396+0500] {dagbag.py:545} INFO - Filling up the DagBag from /home/awahab02/mlops_assignment_2/myenv/lib/python3.10/site-packages/airflow/example_dags/example_external_task_marker_dag.py
[2024-05-12T20:39:32.403+0500] {processor.py:840} INFO - DAG(s) 'example_external_task_marker_parent', 'example_external_task_marker_child' retrieved from /home/awahab02/mlops_assignment_2/myenv/lib/python3.10/site-packages/airflow/example_dags/example_external_task_marker_dag.py
[2024-05-12T20:39:32.418+0500] {logging_mixin.py:188} INFO - [2024-05-12T20:39:32.417+0500] {dag.py:3096} INFO - Sync 2 DAGs
[2024-05-12T20:39:32.427+0500] {logging_mixin.py:188} INFO - [2024-05-12T20:39:32.427+0500] {dag.py:3954} INFO - Setting next_dagrun for example_external_task_marker_child to None, run_after=None
[2024-05-12T20:39:32.429+0500] {logging_mixin.py:188} INFO - [2024-05-12T20:39:32.429+0500] {dag.py:3954} INFO - Setting next_dagrun for example_external_task_marker_parent to None, run_after=None
[2024-05-12T20:39:32.453+0500] {processor.py:183} INFO - Processing /home/awahab02/mlops_assignment_2/myenv/lib/python3.10/site-packages/airflow/example_dags/example_external_task_marker_dag.py took 0.090 seconds
[2024-05-12T20:40:40.613+0500] {processor.py:161} INFO - Started process (PID=16939) to work on /home/awahab02/mlops_assignment_2/myenv/lib/python3.10/site-packages/airflow/example_dags/example_external_task_marker_dag.py
[2024-05-12T20:40:40.614+0500] {processor.py:830} INFO - Processing file /home/awahab02/mlops_assignment_2/myenv/lib/python3.10/site-packages/airflow/example_dags/example_external_task_marker_dag.py for tasks to queue
[2024-05-12T20:40:40.615+0500] {logging_mixin.py:188} INFO - [2024-05-12T20:40:40.615+0500] {dagbag.py:545} INFO - Filling up the DagBag from /home/awahab02/mlops_assignment_2/myenv/lib/python3.10/site-packages/airflow/example_dags/example_external_task_marker_dag.py
[2024-05-12T20:40:40.621+0500] {processor.py:840} INFO - DAG(s) 'example_external_task_marker_child', 'example_external_task_marker_parent' retrieved from /home/awahab02/mlops_assignment_2/myenv/lib/python3.10/site-packages/airflow/example_dags/example_external_task_marker_dag.py
[2024-05-12T20:40:40.636+0500] {logging_mixin.py:188} INFO - [2024-05-12T20:40:40.636+0500] {dag.py:3096} INFO - Sync 2 DAGs
[2024-05-12T20:40:40.645+0500] {logging_mixin.py:188} INFO - [2024-05-12T20:40:40.645+0500] {dag.py:3954} INFO - Setting next_dagrun for example_external_task_marker_child to None, run_after=None
[2024-05-12T20:40:40.647+0500] {logging_mixin.py:188} INFO - [2024-05-12T20:40:40.647+0500] {dag.py:3954} INFO - Setting next_dagrun for example_external_task_marker_parent to None, run_after=None
[2024-05-12T20:40:40.670+0500] {processor.py:183} INFO - Processing /home/awahab02/mlops_assignment_2/myenv/lib/python3.10/site-packages/airflow/example_dags/example_external_task_marker_dag.py took 0.062 seconds
