[2024-05-12T20:20:49.273+0500] {processor.py:161} INFO - Started process (PID=9351) to work on /home/awahab02/mlops_assignment_2/myenv/lib/python3.10/site-packages/airflow/example_dags/example_kubernetes_executor.py
[2024-05-12T20:20:49.274+0500] {processor.py:830} INFO - Processing file /home/awahab02/mlops_assignment_2/myenv/lib/python3.10/site-packages/airflow/example_dags/example_kubernetes_executor.py for tasks to queue
[2024-05-12T20:20:49.276+0500] {logging_mixin.py:188} INFO - [2024-05-12T20:20:49.275+0500] {dagbag.py:545} INFO - Filling up the DagBag from /home/awahab02/mlops_assignment_2/myenv/lib/python3.10/site-packages/airflow/example_dags/example_kubernetes_executor.py
[2024-05-12T20:20:49.278+0500] {logging_mixin.py:188} INFO - [2024-05-12T20:20:49.278+0500] {example_kubernetes_executor.py:39} WARNING - The example_kubernetes_executor example DAG requires the kubernetes provider. Please install it with: pip install apache-airflow[cncf.kubernetes]
[2024-05-12T20:20:49.279+0500] {processor.py:842} WARNING - No viable dags retrieved from /home/awahab02/mlops_assignment_2/myenv/lib/python3.10/site-packages/airflow/example_dags/example_kubernetes_executor.py
[2024-05-12T20:20:49.292+0500] {processor.py:183} INFO - Processing /home/awahab02/mlops_assignment_2/myenv/lib/python3.10/site-packages/airflow/example_dags/example_kubernetes_executor.py took 0.029 seconds
[2024-05-12T20:21:43.831+0500] {processor.py:161} INFO - Started process (PID=9619) to work on /home/awahab02/mlops_assignment_2/myenv/lib/python3.10/site-packages/airflow/example_dags/example_kubernetes_executor.py
[2024-05-12T20:21:43.857+0500] {processor.py:830} INFO - Processing file /home/awahab02/mlops_assignment_2/myenv/lib/python3.10/site-packages/airflow/example_dags/example_kubernetes_executor.py for tasks to queue
[2024-05-12T20:21:43.859+0500] {logging_mixin.py:188} INFO - [2024-05-12T20:21:43.858+0500] {dagbag.py:545} INFO - Filling up the DagBag from /home/awahab02/mlops_assignment_2/myenv/lib/python3.10/site-packages/airflow/example_dags/example_kubernetes_executor.py
[2024-05-12T20:21:43.861+0500] {logging_mixin.py:188} INFO - [2024-05-12T20:21:43.861+0500] {example_kubernetes_executor.py:39} WARNING - The example_kubernetes_executor example DAG requires the kubernetes provider. Please install it with: pip install apache-airflow[cncf.kubernetes]
[2024-05-12T20:21:43.861+0500] {processor.py:842} WARNING - No viable dags retrieved from /home/awahab02/mlops_assignment_2/myenv/lib/python3.10/site-packages/airflow/example_dags/example_kubernetes_executor.py
[2024-05-12T20:21:43.869+0500] {processor.py:183} INFO - Processing /home/awahab02/mlops_assignment_2/myenv/lib/python3.10/site-packages/airflow/example_dags/example_kubernetes_executor.py took 0.046 seconds
[2024-05-12T20:22:32.511+0500] {processor.py:161} INFO - Started process (PID=9818) to work on /home/awahab02/mlops_assignment_2/myenv/lib/python3.10/site-packages/airflow/example_dags/example_kubernetes_executor.py
[2024-05-12T20:22:32.518+0500] {processor.py:830} INFO - Processing file /home/awahab02/mlops_assignment_2/myenv/lib/python3.10/site-packages/airflow/example_dags/example_kubernetes_executor.py for tasks to queue
[2024-05-12T20:22:32.520+0500] {logging_mixin.py:188} INFO - [2024-05-12T20:22:32.519+0500] {dagbag.py:545} INFO - Filling up the DagBag from /home/awahab02/mlops_assignment_2/myenv/lib/python3.10/site-packages/airflow/example_dags/example_kubernetes_executor.py
[2024-05-12T20:22:32.523+0500] {logging_mixin.py:188} INFO - [2024-05-12T20:22:32.522+0500] {example_kubernetes_executor.py:39} WARNING - The example_kubernetes_executor example DAG requires the kubernetes provider. Please install it with: pip install apache-airflow[cncf.kubernetes]
[2024-05-12T20:22:32.523+0500] {processor.py:842} WARNING - No viable dags retrieved from /home/awahab02/mlops_assignment_2/myenv/lib/python3.10/site-packages/airflow/example_dags/example_kubernetes_executor.py
[2024-05-12T20:22:32.534+0500] {processor.py:183} INFO - Processing /home/awahab02/mlops_assignment_2/myenv/lib/python3.10/site-packages/airflow/example_dags/example_kubernetes_executor.py took 0.039 seconds
[2024-05-12T20:23:17.902+0500] {processor.py:161} INFO - Started process (PID=10147) to work on /home/awahab02/mlops_assignment_2/myenv/lib/python3.10/site-packages/airflow/example_dags/example_kubernetes_executor.py
[2024-05-12T20:23:17.938+0500] {processor.py:830} INFO - Processing file /home/awahab02/mlops_assignment_2/myenv/lib/python3.10/site-packages/airflow/example_dags/example_kubernetes_executor.py for tasks to queue
[2024-05-12T20:23:17.939+0500] {logging_mixin.py:188} INFO - [2024-05-12T20:23:17.939+0500] {dagbag.py:545} INFO - Filling up the DagBag from /home/awahab02/mlops_assignment_2/myenv/lib/python3.10/site-packages/airflow/example_dags/example_kubernetes_executor.py
[2024-05-12T20:23:17.941+0500] {logging_mixin.py:188} INFO - [2024-05-12T20:23:17.941+0500] {example_kubernetes_executor.py:39} WARNING - The example_kubernetes_executor example DAG requires the kubernetes provider. Please install it with: pip install apache-airflow[cncf.kubernetes]
[2024-05-12T20:23:17.941+0500] {processor.py:842} WARNING - No viable dags retrieved from /home/awahab02/mlops_assignment_2/myenv/lib/python3.10/site-packages/airflow/example_dags/example_kubernetes_executor.py
[2024-05-12T20:23:17.949+0500] {processor.py:183} INFO - Processing /home/awahab02/mlops_assignment_2/myenv/lib/python3.10/site-packages/airflow/example_dags/example_kubernetes_executor.py took 0.051 seconds
[2024-05-12T20:24:16.733+0500] {processor.py:161} INFO - Started process (PID=10559) to work on /home/awahab02/mlops_assignment_2/myenv/lib/python3.10/site-packages/airflow/example_dags/example_kubernetes_executor.py
[2024-05-12T20:24:16.768+0500] {processor.py:830} INFO - Processing file /home/awahab02/mlops_assignment_2/myenv/lib/python3.10/site-packages/airflow/example_dags/example_kubernetes_executor.py for tasks to queue
[2024-05-12T20:24:16.770+0500] {logging_mixin.py:188} INFO - [2024-05-12T20:24:16.770+0500] {dagbag.py:545} INFO - Filling up the DagBag from /home/awahab02/mlops_assignment_2/myenv/lib/python3.10/site-packages/airflow/example_dags/example_kubernetes_executor.py
[2024-05-12T20:24:16.773+0500] {logging_mixin.py:188} INFO - [2024-05-12T20:24:16.773+0500] {example_kubernetes_executor.py:39} WARNING - The example_kubernetes_executor example DAG requires the kubernetes provider. Please install it with: pip install apache-airflow[cncf.kubernetes]
[2024-05-12T20:24:16.773+0500] {processor.py:842} WARNING - No viable dags retrieved from /home/awahab02/mlops_assignment_2/myenv/lib/python3.10/site-packages/airflow/example_dags/example_kubernetes_executor.py
[2024-05-12T20:24:16.783+0500] {processor.py:183} INFO - Processing /home/awahab02/mlops_assignment_2/myenv/lib/python3.10/site-packages/airflow/example_dags/example_kubernetes_executor.py took 0.055 seconds
[2024-05-12T20:25:15.036+0500] {processor.py:161} INFO - Started process (PID=10841) to work on /home/awahab02/mlops_assignment_2/myenv/lib/python3.10/site-packages/airflow/example_dags/example_kubernetes_executor.py
[2024-05-12T20:25:15.037+0500] {processor.py:830} INFO - Processing file /home/awahab02/mlops_assignment_2/myenv/lib/python3.10/site-packages/airflow/example_dags/example_kubernetes_executor.py for tasks to queue
[2024-05-12T20:25:15.039+0500] {logging_mixin.py:188} INFO - [2024-05-12T20:25:15.038+0500] {dagbag.py:545} INFO - Filling up the DagBag from /home/awahab02/mlops_assignment_2/myenv/lib/python3.10/site-packages/airflow/example_dags/example_kubernetes_executor.py
[2024-05-12T20:25:15.042+0500] {logging_mixin.py:188} INFO - [2024-05-12T20:25:15.042+0500] {example_kubernetes_executor.py:39} WARNING - The example_kubernetes_executor example DAG requires the kubernetes provider. Please install it with: pip install apache-airflow[cncf.kubernetes]
[2024-05-12T20:25:15.042+0500] {processor.py:842} WARNING - No viable dags retrieved from /home/awahab02/mlops_assignment_2/myenv/lib/python3.10/site-packages/airflow/example_dags/example_kubernetes_executor.py
[2024-05-12T20:25:15.050+0500] {processor.py:183} INFO - Processing /home/awahab02/mlops_assignment_2/myenv/lib/python3.10/site-packages/airflow/example_dags/example_kubernetes_executor.py took 0.019 seconds
[2024-05-12T20:26:18.440+0500] {processor.py:161} INFO - Started process (PID=11159) to work on /home/awahab02/mlops_assignment_2/myenv/lib/python3.10/site-packages/airflow/example_dags/example_kubernetes_executor.py
[2024-05-12T20:26:18.441+0500] {processor.py:830} INFO - Processing file /home/awahab02/mlops_assignment_2/myenv/lib/python3.10/site-packages/airflow/example_dags/example_kubernetes_executor.py for tasks to queue
[2024-05-12T20:26:18.443+0500] {logging_mixin.py:188} INFO - [2024-05-12T20:26:18.442+0500] {dagbag.py:545} INFO - Filling up the DagBag from /home/awahab02/mlops_assignment_2/myenv/lib/python3.10/site-packages/airflow/example_dags/example_kubernetes_executor.py
[2024-05-12T20:26:18.445+0500] {logging_mixin.py:188} INFO - [2024-05-12T20:26:18.445+0500] {example_kubernetes_executor.py:39} WARNING - The example_kubernetes_executor example DAG requires the kubernetes provider. Please install it with: pip install apache-airflow[cncf.kubernetes]
[2024-05-12T20:26:18.445+0500] {processor.py:842} WARNING - No viable dags retrieved from /home/awahab02/mlops_assignment_2/myenv/lib/python3.10/site-packages/airflow/example_dags/example_kubernetes_executor.py
[2024-05-12T20:26:18.454+0500] {processor.py:183} INFO - Processing /home/awahab02/mlops_assignment_2/myenv/lib/python3.10/site-packages/airflow/example_dags/example_kubernetes_executor.py took 0.019 seconds
[2024-05-12T20:27:54.503+0500] {processor.py:161} INFO - Started process (PID=11992) to work on /home/awahab02/mlops_assignment_2/myenv/lib/python3.10/site-packages/airflow/example_dags/example_kubernetes_executor.py
[2024-05-12T20:27:54.534+0500] {processor.py:830} INFO - Processing file /home/awahab02/mlops_assignment_2/myenv/lib/python3.10/site-packages/airflow/example_dags/example_kubernetes_executor.py for tasks to queue
[2024-05-12T20:27:54.536+0500] {logging_mixin.py:188} INFO - [2024-05-12T20:27:54.535+0500] {dagbag.py:545} INFO - Filling up the DagBag from /home/awahab02/mlops_assignment_2/myenv/lib/python3.10/site-packages/airflow/example_dags/example_kubernetes_executor.py
[2024-05-12T20:27:54.538+0500] {logging_mixin.py:188} INFO - [2024-05-12T20:27:54.538+0500] {example_kubernetes_executor.py:39} WARNING - The example_kubernetes_executor example DAG requires the kubernetes provider. Please install it with: pip install apache-airflow[cncf.kubernetes]
[2024-05-12T20:27:54.538+0500] {processor.py:842} WARNING - No viable dags retrieved from /home/awahab02/mlops_assignment_2/myenv/lib/python3.10/site-packages/airflow/example_dags/example_kubernetes_executor.py
[2024-05-12T20:27:54.545+0500] {processor.py:183} INFO - Processing /home/awahab02/mlops_assignment_2/myenv/lib/python3.10/site-packages/airflow/example_dags/example_kubernetes_executor.py took 0.047 seconds
[2024-05-12T20:28:46.005+0500] {processor.py:161} INFO - Started process (PID=12238) to work on /home/awahab02/mlops_assignment_2/myenv/lib/python3.10/site-packages/airflow/example_dags/example_kubernetes_executor.py
[2024-05-12T20:28:46.007+0500] {processor.py:830} INFO - Processing file /home/awahab02/mlops_assignment_2/myenv/lib/python3.10/site-packages/airflow/example_dags/example_kubernetes_executor.py for tasks to queue
[2024-05-12T20:28:46.009+0500] {logging_mixin.py:188} INFO - [2024-05-12T20:28:46.008+0500] {dagbag.py:545} INFO - Filling up the DagBag from /home/awahab02/mlops_assignment_2/myenv/lib/python3.10/site-packages/airflow/example_dags/example_kubernetes_executor.py
[2024-05-12T20:28:46.011+0500] {logging_mixin.py:188} INFO - [2024-05-12T20:28:46.011+0500] {example_kubernetes_executor.py:39} WARNING - The example_kubernetes_executor example DAG requires the kubernetes provider. Please install it with: pip install apache-airflow[cncf.kubernetes]
[2024-05-12T20:28:46.012+0500] {processor.py:842} WARNING - No viable dags retrieved from /home/awahab02/mlops_assignment_2/myenv/lib/python3.10/site-packages/airflow/example_dags/example_kubernetes_executor.py
[2024-05-12T20:28:46.020+0500] {processor.py:183} INFO - Processing /home/awahab02/mlops_assignment_2/myenv/lib/python3.10/site-packages/airflow/example_dags/example_kubernetes_executor.py took 0.021 seconds
[2024-05-12T20:29:39.941+0500] {processor.py:161} INFO - Started process (PID=12533) to work on /home/awahab02/mlops_assignment_2/myenv/lib/python3.10/site-packages/airflow/example_dags/example_kubernetes_executor.py
[2024-05-12T20:29:39.968+0500] {processor.py:830} INFO - Processing file /home/awahab02/mlops_assignment_2/myenv/lib/python3.10/site-packages/airflow/example_dags/example_kubernetes_executor.py for tasks to queue
[2024-05-12T20:29:39.970+0500] {logging_mixin.py:188} INFO - [2024-05-12T20:29:39.970+0500] {dagbag.py:545} INFO - Filling up the DagBag from /home/awahab02/mlops_assignment_2/myenv/lib/python3.10/site-packages/airflow/example_dags/example_kubernetes_executor.py
[2024-05-12T20:29:39.972+0500] {logging_mixin.py:188} INFO - [2024-05-12T20:29:39.972+0500] {example_kubernetes_executor.py:39} WARNING - The example_kubernetes_executor example DAG requires the kubernetes provider. Please install it with: pip install apache-airflow[cncf.kubernetes]
[2024-05-12T20:29:39.972+0500] {processor.py:842} WARNING - No viable dags retrieved from /home/awahab02/mlops_assignment_2/myenv/lib/python3.10/site-packages/airflow/example_dags/example_kubernetes_executor.py
[2024-05-12T20:29:39.980+0500] {processor.py:183} INFO - Processing /home/awahab02/mlops_assignment_2/myenv/lib/python3.10/site-packages/airflow/example_dags/example_kubernetes_executor.py took 0.045 seconds
[2024-05-12T20:30:59.873+0500] {processor.py:161} INFO - Started process (PID=13143) to work on /home/awahab02/mlops_assignment_2/myenv/lib/python3.10/site-packages/airflow/example_dags/example_kubernetes_executor.py
[2024-05-12T20:30:59.900+0500] {processor.py:830} INFO - Processing file /home/awahab02/mlops_assignment_2/myenv/lib/python3.10/site-packages/airflow/example_dags/example_kubernetes_executor.py for tasks to queue
[2024-05-12T20:30:59.902+0500] {logging_mixin.py:188} INFO - [2024-05-12T20:30:59.902+0500] {dagbag.py:545} INFO - Filling up the DagBag from /home/awahab02/mlops_assignment_2/myenv/lib/python3.10/site-packages/airflow/example_dags/example_kubernetes_executor.py
[2024-05-12T20:30:59.905+0500] {logging_mixin.py:188} INFO - [2024-05-12T20:30:59.905+0500] {example_kubernetes_executor.py:39} WARNING - The example_kubernetes_executor example DAG requires the kubernetes provider. Please install it with: pip install apache-airflow[cncf.kubernetes]
[2024-05-12T20:30:59.905+0500] {processor.py:842} WARNING - No viable dags retrieved from /home/awahab02/mlops_assignment_2/myenv/lib/python3.10/site-packages/airflow/example_dags/example_kubernetes_executor.py
[2024-05-12T20:30:59.914+0500] {processor.py:183} INFO - Processing /home/awahab02/mlops_assignment_2/myenv/lib/python3.10/site-packages/airflow/example_dags/example_kubernetes_executor.py took 0.046 seconds
[2024-05-12T20:31:50.857+0500] {processor.py:161} INFO - Started process (PID=13381) to work on /home/awahab02/mlops_assignment_2/myenv/lib/python3.10/site-packages/airflow/example_dags/example_kubernetes_executor.py
[2024-05-12T20:31:50.858+0500] {processor.py:830} INFO - Processing file /home/awahab02/mlops_assignment_2/myenv/lib/python3.10/site-packages/airflow/example_dags/example_kubernetes_executor.py for tasks to queue
[2024-05-12T20:31:50.860+0500] {logging_mixin.py:188} INFO - [2024-05-12T20:31:50.860+0500] {dagbag.py:545} INFO - Filling up the DagBag from /home/awahab02/mlops_assignment_2/myenv/lib/python3.10/site-packages/airflow/example_dags/example_kubernetes_executor.py
[2024-05-12T20:31:50.863+0500] {logging_mixin.py:188} INFO - [2024-05-12T20:31:50.863+0500] {example_kubernetes_executor.py:39} WARNING - The example_kubernetes_executor example DAG requires the kubernetes provider. Please install it with: pip install apache-airflow[cncf.kubernetes]
[2024-05-12T20:31:50.864+0500] {processor.py:842} WARNING - No viable dags retrieved from /home/awahab02/mlops_assignment_2/myenv/lib/python3.10/site-packages/airflow/example_dags/example_kubernetes_executor.py
[2024-05-12T20:31:50.884+0500] {processor.py:183} INFO - Processing /home/awahab02/mlops_assignment_2/myenv/lib/python3.10/site-packages/airflow/example_dags/example_kubernetes_executor.py took 0.033 seconds
[2024-05-12T20:34:34.073+0500] {processor.py:161} INFO - Started process (PID=14563) to work on /home/awahab02/mlops_assignment_2/myenv/lib/python3.10/site-packages/airflow/example_dags/example_kubernetes_executor.py
[2024-05-12T20:34:34.074+0500] {processor.py:830} INFO - Processing file /home/awahab02/mlops_assignment_2/myenv/lib/python3.10/site-packages/airflow/example_dags/example_kubernetes_executor.py for tasks to queue
[2024-05-12T20:34:34.075+0500] {logging_mixin.py:188} INFO - [2024-05-12T20:34:34.075+0500] {dagbag.py:545} INFO - Filling up the DagBag from /home/awahab02/mlops_assignment_2/myenv/lib/python3.10/site-packages/airflow/example_dags/example_kubernetes_executor.py
[2024-05-12T20:34:34.079+0500] {logging_mixin.py:188} INFO - [2024-05-12T20:34:34.078+0500] {example_kubernetes_executor.py:39} WARNING - The example_kubernetes_executor example DAG requires the kubernetes provider. Please install it with: pip install apache-airflow[cncf.kubernetes]
[2024-05-12T20:34:34.079+0500] {processor.py:842} WARNING - No viable dags retrieved from /home/awahab02/mlops_assignment_2/myenv/lib/python3.10/site-packages/airflow/example_dags/example_kubernetes_executor.py
[2024-05-12T20:34:34.090+0500] {processor.py:183} INFO - Processing /home/awahab02/mlops_assignment_2/myenv/lib/python3.10/site-packages/airflow/example_dags/example_kubernetes_executor.py took 0.022 seconds
[2024-05-12T20:35:27.654+0500] {processor.py:161} INFO - Started process (PID=14846) to work on /home/awahab02/mlops_assignment_2/myenv/lib/python3.10/site-packages/airflow/example_dags/example_kubernetes_executor.py
[2024-05-12T20:35:27.681+0500] {processor.py:830} INFO - Processing file /home/awahab02/mlops_assignment_2/myenv/lib/python3.10/site-packages/airflow/example_dags/example_kubernetes_executor.py for tasks to queue
[2024-05-12T20:35:27.682+0500] {logging_mixin.py:188} INFO - [2024-05-12T20:35:27.682+0500] {dagbag.py:545} INFO - Filling up the DagBag from /home/awahab02/mlops_assignment_2/myenv/lib/python3.10/site-packages/airflow/example_dags/example_kubernetes_executor.py
[2024-05-12T20:35:27.685+0500] {logging_mixin.py:188} INFO - [2024-05-12T20:35:27.684+0500] {example_kubernetes_executor.py:39} WARNING - The example_kubernetes_executor example DAG requires the kubernetes provider. Please install it with: pip install apache-airflow[cncf.kubernetes]
[2024-05-12T20:35:27.685+0500] {processor.py:842} WARNING - No viable dags retrieved from /home/awahab02/mlops_assignment_2/myenv/lib/python3.10/site-packages/airflow/example_dags/example_kubernetes_executor.py
[2024-05-12T20:35:27.693+0500] {processor.py:183} INFO - Processing /home/awahab02/mlops_assignment_2/myenv/lib/python3.10/site-packages/airflow/example_dags/example_kubernetes_executor.py took 0.045 seconds
[2024-05-12T20:36:20.742+0500] {processor.py:161} INFO - Started process (PID=15105) to work on /home/awahab02/mlops_assignment_2/myenv/lib/python3.10/site-packages/airflow/example_dags/example_kubernetes_executor.py
[2024-05-12T20:36:20.743+0500] {processor.py:830} INFO - Processing file /home/awahab02/mlops_assignment_2/myenv/lib/python3.10/site-packages/airflow/example_dags/example_kubernetes_executor.py for tasks to queue
[2024-05-12T20:36:20.744+0500] {logging_mixin.py:188} INFO - [2024-05-12T20:36:20.743+0500] {dagbag.py:545} INFO - Filling up the DagBag from /home/awahab02/mlops_assignment_2/myenv/lib/python3.10/site-packages/airflow/example_dags/example_kubernetes_executor.py
[2024-05-12T20:36:20.747+0500] {logging_mixin.py:188} INFO - [2024-05-12T20:36:20.747+0500] {example_kubernetes_executor.py:39} WARNING - The example_kubernetes_executor example DAG requires the kubernetes provider. Please install it with: pip install apache-airflow[cncf.kubernetes]
[2024-05-12T20:36:20.747+0500] {processor.py:842} WARNING - No viable dags retrieved from /home/awahab02/mlops_assignment_2/myenv/lib/python3.10/site-packages/airflow/example_dags/example_kubernetes_executor.py
[2024-05-12T20:36:20.760+0500] {processor.py:183} INFO - Processing /home/awahab02/mlops_assignment_2/myenv/lib/python3.10/site-packages/airflow/example_dags/example_kubernetes_executor.py took 0.024 seconds
[2024-05-12T20:37:08.176+0500] {processor.py:161} INFO - Started process (PID=15352) to work on /home/awahab02/mlops_assignment_2/myenv/lib/python3.10/site-packages/airflow/example_dags/example_kubernetes_executor.py
[2024-05-12T20:37:08.177+0500] {processor.py:830} INFO - Processing file /home/awahab02/mlops_assignment_2/myenv/lib/python3.10/site-packages/airflow/example_dags/example_kubernetes_executor.py for tasks to queue
[2024-05-12T20:37:08.178+0500] {logging_mixin.py:188} INFO - [2024-05-12T20:37:08.177+0500] {dagbag.py:545} INFO - Filling up the DagBag from /home/awahab02/mlops_assignment_2/myenv/lib/python3.10/site-packages/airflow/example_dags/example_kubernetes_executor.py
[2024-05-12T20:37:08.180+0500] {logging_mixin.py:188} INFO - [2024-05-12T20:37:08.180+0500] {example_kubernetes_executor.py:39} WARNING - The example_kubernetes_executor example DAG requires the kubernetes provider. Please install it with: pip install apache-airflow[cncf.kubernetes]
[2024-05-12T20:37:08.180+0500] {processor.py:842} WARNING - No viable dags retrieved from /home/awahab02/mlops_assignment_2/myenv/lib/python3.10/site-packages/airflow/example_dags/example_kubernetes_executor.py
[2024-05-12T20:37:08.190+0500] {processor.py:183} INFO - Processing /home/awahab02/mlops_assignment_2/myenv/lib/python3.10/site-packages/airflow/example_dags/example_kubernetes_executor.py took 0.021 seconds
[2024-05-12T20:39:07.769+0500] {processor.py:161} INFO - Started process (PID=16377) to work on /home/awahab02/mlops_assignment_2/myenv/lib/python3.10/site-packages/airflow/example_dags/example_kubernetes_executor.py
[2024-05-12T20:39:07.818+0500] {processor.py:830} INFO - Processing file /home/awahab02/mlops_assignment_2/myenv/lib/python3.10/site-packages/airflow/example_dags/example_kubernetes_executor.py for tasks to queue
[2024-05-12T20:39:07.819+0500] {logging_mixin.py:188} INFO - [2024-05-12T20:39:07.819+0500] {dagbag.py:545} INFO - Filling up the DagBag from /home/awahab02/mlops_assignment_2/myenv/lib/python3.10/site-packages/airflow/example_dags/example_kubernetes_executor.py
[2024-05-12T20:39:07.822+0500] {logging_mixin.py:188} INFO - [2024-05-12T20:39:07.822+0500] {example_kubernetes_executor.py:39} WARNING - The example_kubernetes_executor example DAG requires the kubernetes provider. Please install it with: pip install apache-airflow[cncf.kubernetes]
[2024-05-12T20:39:07.823+0500] {processor.py:842} WARNING - No viable dags retrieved from /home/awahab02/mlops_assignment_2/myenv/lib/python3.10/site-packages/airflow/example_dags/example_kubernetes_executor.py
[2024-05-12T20:39:07.831+0500] {processor.py:183} INFO - Processing /home/awahab02/mlops_assignment_2/myenv/lib/python3.10/site-packages/airflow/example_dags/example_kubernetes_executor.py took 0.068 seconds
[2024-05-12T20:40:00.352+0500] {processor.py:161} INFO - Started process (PID=16692) to work on /home/awahab02/mlops_assignment_2/myenv/lib/python3.10/site-packages/airflow/example_dags/example_kubernetes_executor.py
[2024-05-12T20:40:00.353+0500] {processor.py:830} INFO - Processing file /home/awahab02/mlops_assignment_2/myenv/lib/python3.10/site-packages/airflow/example_dags/example_kubernetes_executor.py for tasks to queue
[2024-05-12T20:40:00.354+0500] {logging_mixin.py:188} INFO - [2024-05-12T20:40:00.354+0500] {dagbag.py:545} INFO - Filling up the DagBag from /home/awahab02/mlops_assignment_2/myenv/lib/python3.10/site-packages/airflow/example_dags/example_kubernetes_executor.py
[2024-05-12T20:40:00.357+0500] {logging_mixin.py:188} INFO - [2024-05-12T20:40:00.357+0500] {example_kubernetes_executor.py:39} WARNING - The example_kubernetes_executor example DAG requires the kubernetes provider. Please install it with: pip install apache-airflow[cncf.kubernetes]
[2024-05-12T20:40:00.357+0500] {processor.py:842} WARNING - No viable dags retrieved from /home/awahab02/mlops_assignment_2/myenv/lib/python3.10/site-packages/airflow/example_dags/example_kubernetes_executor.py
[2024-05-12T20:40:00.366+0500] {processor.py:183} INFO - Processing /home/awahab02/mlops_assignment_2/myenv/lib/python3.10/site-packages/airflow/example_dags/example_kubernetes_executor.py took 0.019 seconds
[2024-05-12T20:40:52.242+0500] {processor.py:161} INFO - Started process (PID=17033) to work on /home/awahab02/mlops_assignment_2/myenv/lib/python3.10/site-packages/airflow/example_dags/example_kubernetes_executor.py
[2024-05-12T20:40:52.290+0500] {processor.py:830} INFO - Processing file /home/awahab02/mlops_assignment_2/myenv/lib/python3.10/site-packages/airflow/example_dags/example_kubernetes_executor.py for tasks to queue
[2024-05-12T20:40:52.291+0500] {logging_mixin.py:188} INFO - [2024-05-12T20:40:52.290+0500] {dagbag.py:545} INFO - Filling up the DagBag from /home/awahab02/mlops_assignment_2/myenv/lib/python3.10/site-packages/airflow/example_dags/example_kubernetes_executor.py
[2024-05-12T20:40:52.293+0500] {logging_mixin.py:188} INFO - [2024-05-12T20:40:52.293+0500] {example_kubernetes_executor.py:39} WARNING - The example_kubernetes_executor example DAG requires the kubernetes provider. Please install it with: pip install apache-airflow[cncf.kubernetes]
[2024-05-12T20:40:52.293+0500] {processor.py:842} WARNING - No viable dags retrieved from /home/awahab02/mlops_assignment_2/myenv/lib/python3.10/site-packages/airflow/example_dags/example_kubernetes_executor.py
[2024-05-12T20:40:52.302+0500] {processor.py:183} INFO - Processing /home/awahab02/mlops_assignment_2/myenv/lib/python3.10/site-packages/airflow/example_dags/example_kubernetes_executor.py took 0.066 seconds
