[2024-05-12T20:20:25.040+0500] {processor.py:161} INFO - Started process (PID=9144) to work on /home/awahab02/mlops_assignment_2/myenv/lib/python3.10/site-packages/airflow/example_dags/example_task_group_decorator.py
[2024-05-12T20:20:25.041+0500] {processor.py:830} INFO - Processing file /home/awahab02/mlops_assignment_2/myenv/lib/python3.10/site-packages/airflow/example_dags/example_task_group_decorator.py for tasks to queue
[2024-05-12T20:20:25.042+0500] {logging_mixin.py:188} INFO - [2024-05-12T20:20:25.042+0500] {dagbag.py:545} INFO - Filling up the DagBag from /home/awahab02/mlops_assignment_2/myenv/lib/python3.10/site-packages/airflow/example_dags/example_task_group_decorator.py
[2024-05-12T20:20:25.057+0500] {processor.py:840} INFO - DAG(s) 'example_task_group_decorator' retrieved from /home/awahab02/mlops_assignment_2/myenv/lib/python3.10/site-packages/airflow/example_dags/example_task_group_decorator.py
[2024-05-12T20:20:25.185+0500] {logging_mixin.py:188} INFO - [2024-05-12T20:20:25.184+0500] {override.py:1829} INFO - Created Permission View: can read on DAG:example_task_group_decorator
[2024-05-12T20:20:25.201+0500] {logging_mixin.py:188} INFO - [2024-05-12T20:20:25.201+0500] {override.py:1829} INFO - Created Permission View: can edit on DAG:example_task_group_decorator
[2024-05-12T20:20:25.216+0500] {logging_mixin.py:188} INFO - [2024-05-12T20:20:25.215+0500] {override.py:1829} INFO - Created Permission View: can delete on DAG:example_task_group_decorator
[2024-05-12T20:20:25.216+0500] {logging_mixin.py:188} INFO - [2024-05-12T20:20:25.216+0500] {dag.py:3096} INFO - Sync 1 DAGs
[2024-05-12T20:20:25.225+0500] {logging_mixin.py:188} INFO - [2024-05-12T20:20:25.224+0500] {dag.py:3118} INFO - Creating ORM DAG for example_task_group_decorator
[2024-05-12T20:20:25.234+0500] {logging_mixin.py:188} INFO - [2024-05-12T20:20:25.234+0500] {dag.py:3954} INFO - Setting next_dagrun for example_task_group_decorator to 2024-05-11 00:00:00+00:00, run_after=2024-05-12 00:00:00+00:00
[2024-05-12T20:20:25.259+0500] {processor.py:183} INFO - Processing /home/awahab02/mlops_assignment_2/myenv/lib/python3.10/site-packages/airflow/example_dags/example_task_group_decorator.py took 0.224 seconds
[2024-05-12T20:21:24.278+0500] {processor.py:161} INFO - Started process (PID=9545) to work on /home/awahab02/mlops_assignment_2/myenv/lib/python3.10/site-packages/airflow/example_dags/example_task_group_decorator.py
[2024-05-12T20:21:24.280+0500] {processor.py:830} INFO - Processing file /home/awahab02/mlops_assignment_2/myenv/lib/python3.10/site-packages/airflow/example_dags/example_task_group_decorator.py for tasks to queue
[2024-05-12T20:21:24.281+0500] {logging_mixin.py:188} INFO - [2024-05-12T20:21:24.281+0500] {dagbag.py:545} INFO - Filling up the DagBag from /home/awahab02/mlops_assignment_2/myenv/lib/python3.10/site-packages/airflow/example_dags/example_task_group_decorator.py
[2024-05-12T20:21:24.296+0500] {processor.py:840} INFO - DAG(s) 'example_task_group_decorator' retrieved from /home/awahab02/mlops_assignment_2/myenv/lib/python3.10/site-packages/airflow/example_dags/example_task_group_decorator.py
[2024-05-12T20:21:24.313+0500] {logging_mixin.py:188} INFO - [2024-05-12T20:21:24.313+0500] {dag.py:3096} INFO - Sync 1 DAGs
[2024-05-12T20:21:24.336+0500] {logging_mixin.py:188} INFO - [2024-05-12T20:21:24.336+0500] {dag.py:3954} INFO - Setting next_dagrun for example_task_group_decorator to 2024-05-11 00:00:00+00:00, run_after=2024-05-12 00:00:00+00:00
[2024-05-12T20:21:24.370+0500] {processor.py:183} INFO - Processing /home/awahab02/mlops_assignment_2/myenv/lib/python3.10/site-packages/airflow/example_dags/example_task_group_decorator.py took 0.098 seconds
[2024-05-12T20:22:11.857+0500] {processor.py:161} INFO - Started process (PID=9733) to work on /home/awahab02/mlops_assignment_2/myenv/lib/python3.10/site-packages/airflow/example_dags/example_task_group_decorator.py
[2024-05-12T20:22:11.910+0500] {processor.py:830} INFO - Processing file /home/awahab02/mlops_assignment_2/myenv/lib/python3.10/site-packages/airflow/example_dags/example_task_group_decorator.py for tasks to queue
[2024-05-12T20:22:11.911+0500] {logging_mixin.py:188} INFO - [2024-05-12T20:22:11.911+0500] {dagbag.py:545} INFO - Filling up the DagBag from /home/awahab02/mlops_assignment_2/myenv/lib/python3.10/site-packages/airflow/example_dags/example_task_group_decorator.py
[2024-05-12T20:22:11.924+0500] {processor.py:840} INFO - DAG(s) 'example_task_group_decorator' retrieved from /home/awahab02/mlops_assignment_2/myenv/lib/python3.10/site-packages/airflow/example_dags/example_task_group_decorator.py
[2024-05-12T20:22:11.941+0500] {logging_mixin.py:188} INFO - [2024-05-12T20:22:11.941+0500] {dag.py:3096} INFO - Sync 1 DAGs
[2024-05-12T20:22:11.955+0500] {logging_mixin.py:188} INFO - [2024-05-12T20:22:11.955+0500] {dag.py:3954} INFO - Setting next_dagrun for example_task_group_decorator to 2024-05-11 00:00:00+00:00, run_after=2024-05-12 00:00:00+00:00
[2024-05-12T20:22:11.980+0500] {processor.py:183} INFO - Processing /home/awahab02/mlops_assignment_2/myenv/lib/python3.10/site-packages/airflow/example_dags/example_task_group_decorator.py took 0.131 seconds
[2024-05-12T20:22:51.242+0500] {processor.py:161} INFO - Started process (PID=9922) to work on /home/awahab02/mlops_assignment_2/myenv/lib/python3.10/site-packages/airflow/example_dags/example_task_group_decorator.py
[2024-05-12T20:22:51.244+0500] {processor.py:830} INFO - Processing file /home/awahab02/mlops_assignment_2/myenv/lib/python3.10/site-packages/airflow/example_dags/example_task_group_decorator.py for tasks to queue
[2024-05-12T20:22:51.245+0500] {logging_mixin.py:188} INFO - [2024-05-12T20:22:51.245+0500] {dagbag.py:545} INFO - Filling up the DagBag from /home/awahab02/mlops_assignment_2/myenv/lib/python3.10/site-packages/airflow/example_dags/example_task_group_decorator.py
[2024-05-12T20:22:51.257+0500] {processor.py:840} INFO - DAG(s) 'example_task_group_decorator' retrieved from /home/awahab02/mlops_assignment_2/myenv/lib/python3.10/site-packages/airflow/example_dags/example_task_group_decorator.py
[2024-05-12T20:22:51.273+0500] {logging_mixin.py:188} INFO - [2024-05-12T20:22:51.273+0500] {dag.py:3096} INFO - Sync 1 DAGs
[2024-05-12T20:22:51.289+0500] {logging_mixin.py:188} INFO - [2024-05-12T20:22:51.289+0500] {dag.py:3954} INFO - Setting next_dagrun for example_task_group_decorator to 2024-05-11 00:00:00+00:00, run_after=2024-05-12 00:00:00+00:00
[2024-05-12T20:22:51.314+0500] {processor.py:183} INFO - Processing /home/awahab02/mlops_assignment_2/myenv/lib/python3.10/site-packages/airflow/example_dags/example_task_group_decorator.py took 0.076 seconds
[2024-05-12T20:23:29.528+0500] {processor.py:161} INFO - Started process (PID=10285) to work on /home/awahab02/mlops_assignment_2/myenv/lib/python3.10/site-packages/airflow/example_dags/example_task_group_decorator.py
[2024-05-12T20:23:29.530+0500] {processor.py:830} INFO - Processing file /home/awahab02/mlops_assignment_2/myenv/lib/python3.10/site-packages/airflow/example_dags/example_task_group_decorator.py for tasks to queue
[2024-05-12T20:23:29.531+0500] {logging_mixin.py:188} INFO - [2024-05-12T20:23:29.531+0500] {dagbag.py:545} INFO - Filling up the DagBag from /home/awahab02/mlops_assignment_2/myenv/lib/python3.10/site-packages/airflow/example_dags/example_task_group_decorator.py
[2024-05-12T20:23:29.543+0500] {processor.py:840} INFO - DAG(s) 'example_task_group_decorator' retrieved from /home/awahab02/mlops_assignment_2/myenv/lib/python3.10/site-packages/airflow/example_dags/example_task_group_decorator.py
[2024-05-12T20:23:29.559+0500] {logging_mixin.py:188} INFO - [2024-05-12T20:23:29.558+0500] {dag.py:3096} INFO - Sync 1 DAGs
[2024-05-12T20:23:29.573+0500] {logging_mixin.py:188} INFO - [2024-05-12T20:23:29.573+0500] {dag.py:3954} INFO - Setting next_dagrun for example_task_group_decorator to 2024-05-11 00:00:00+00:00, run_after=2024-05-12 00:00:00+00:00
[2024-05-12T20:23:29.598+0500] {processor.py:183} INFO - Processing /home/awahab02/mlops_assignment_2/myenv/lib/python3.10/site-packages/airflow/example_dags/example_task_group_decorator.py took 0.077 seconds
[2024-05-12T20:24:10.187+0500] {processor.py:161} INFO - Started process (PID=10534) to work on /home/awahab02/mlops_assignment_2/myenv/lib/python3.10/site-packages/airflow/example_dags/example_task_group_decorator.py
[2024-05-12T20:24:10.188+0500] {processor.py:830} INFO - Processing file /home/awahab02/mlops_assignment_2/myenv/lib/python3.10/site-packages/airflow/example_dags/example_task_group_decorator.py for tasks to queue
[2024-05-12T20:24:10.190+0500] {logging_mixin.py:188} INFO - [2024-05-12T20:24:10.190+0500] {dagbag.py:545} INFO - Filling up the DagBag from /home/awahab02/mlops_assignment_2/myenv/lib/python3.10/site-packages/airflow/example_dags/example_task_group_decorator.py
[2024-05-12T20:24:10.203+0500] {processor.py:840} INFO - DAG(s) 'example_task_group_decorator' retrieved from /home/awahab02/mlops_assignment_2/myenv/lib/python3.10/site-packages/airflow/example_dags/example_task_group_decorator.py
[2024-05-12T20:24:10.218+0500] {logging_mixin.py:188} INFO - [2024-05-12T20:24:10.218+0500] {dag.py:3096} INFO - Sync 1 DAGs
[2024-05-12T20:24:10.234+0500] {logging_mixin.py:188} INFO - [2024-05-12T20:24:10.234+0500] {dag.py:3954} INFO - Setting next_dagrun for example_task_group_decorator to 2024-05-11 00:00:00+00:00, run_after=2024-05-12 00:00:00+00:00
[2024-05-12T20:24:10.258+0500] {processor.py:183} INFO - Processing /home/awahab02/mlops_assignment_2/myenv/lib/python3.10/site-packages/airflow/example_dags/example_task_group_decorator.py took 0.079 seconds
[2024-05-12T20:24:49.865+0500] {processor.py:161} INFO - Started process (PID=10721) to work on /home/awahab02/mlops_assignment_2/myenv/lib/python3.10/site-packages/airflow/example_dags/example_task_group_decorator.py
[2024-05-12T20:24:49.894+0500] {processor.py:830} INFO - Processing file /home/awahab02/mlops_assignment_2/myenv/lib/python3.10/site-packages/airflow/example_dags/example_task_group_decorator.py for tasks to queue
[2024-05-12T20:24:49.895+0500] {logging_mixin.py:188} INFO - [2024-05-12T20:24:49.895+0500] {dagbag.py:545} INFO - Filling up the DagBag from /home/awahab02/mlops_assignment_2/myenv/lib/python3.10/site-packages/airflow/example_dags/example_task_group_decorator.py
[2024-05-12T20:24:49.909+0500] {processor.py:840} INFO - DAG(s) 'example_task_group_decorator' retrieved from /home/awahab02/mlops_assignment_2/myenv/lib/python3.10/site-packages/airflow/example_dags/example_task_group_decorator.py
[2024-05-12T20:24:49.926+0500] {logging_mixin.py:188} INFO - [2024-05-12T20:24:49.926+0500] {dag.py:3096} INFO - Sync 1 DAGs
[2024-05-12T20:24:49.947+0500] {logging_mixin.py:188} INFO - [2024-05-12T20:24:49.947+0500] {dag.py:3954} INFO - Setting next_dagrun for example_task_group_decorator to 2024-05-11 00:00:00+00:00, run_after=2024-05-12 00:00:00+00:00
[2024-05-12T20:24:49.975+0500] {processor.py:183} INFO - Processing /home/awahab02/mlops_assignment_2/myenv/lib/python3.10/site-packages/airflow/example_dags/example_task_group_decorator.py took 0.115 seconds
[2024-05-12T20:25:30.442+0500] {processor.py:161} INFO - Started process (PID=10899) to work on /home/awahab02/mlops_assignment_2/myenv/lib/python3.10/site-packages/airflow/example_dags/example_task_group_decorator.py
[2024-05-12T20:25:30.466+0500] {processor.py:830} INFO - Processing file /home/awahab02/mlops_assignment_2/myenv/lib/python3.10/site-packages/airflow/example_dags/example_task_group_decorator.py for tasks to queue
[2024-05-12T20:25:30.472+0500] {logging_mixin.py:188} INFO - [2024-05-12T20:25:30.471+0500] {dagbag.py:545} INFO - Filling up the DagBag from /home/awahab02/mlops_assignment_2/myenv/lib/python3.10/site-packages/airflow/example_dags/example_task_group_decorator.py
[2024-05-12T20:25:30.498+0500] {processor.py:840} INFO - DAG(s) 'example_task_group_decorator' retrieved from /home/awahab02/mlops_assignment_2/myenv/lib/python3.10/site-packages/airflow/example_dags/example_task_group_decorator.py
[2024-05-12T20:25:30.516+0500] {logging_mixin.py:188} INFO - [2024-05-12T20:25:30.516+0500] {dag.py:3096} INFO - Sync 1 DAGs
[2024-05-12T20:25:30.531+0500] {logging_mixin.py:188} INFO - [2024-05-12T20:25:30.531+0500] {dag.py:3954} INFO - Setting next_dagrun for example_task_group_decorator to 2024-05-11 00:00:00+00:00, run_after=2024-05-12 00:00:00+00:00
[2024-05-12T20:25:30.557+0500] {processor.py:183} INFO - Processing /home/awahab02/mlops_assignment_2/myenv/lib/python3.10/site-packages/airflow/example_dags/example_task_group_decorator.py took 0.119 seconds
[2024-05-12T20:26:12.454+0500] {processor.py:161} INFO - Started process (PID=11130) to work on /home/awahab02/mlops_assignment_2/myenv/lib/python3.10/site-packages/airflow/example_dags/example_task_group_decorator.py
[2024-05-12T20:26:12.455+0500] {processor.py:830} INFO - Processing file /home/awahab02/mlops_assignment_2/myenv/lib/python3.10/site-packages/airflow/example_dags/example_task_group_decorator.py for tasks to queue
[2024-05-12T20:26:12.456+0500] {logging_mixin.py:188} INFO - [2024-05-12T20:26:12.456+0500] {dagbag.py:545} INFO - Filling up the DagBag from /home/awahab02/mlops_assignment_2/myenv/lib/python3.10/site-packages/airflow/example_dags/example_task_group_decorator.py
[2024-05-12T20:26:12.468+0500] {processor.py:840} INFO - DAG(s) 'example_task_group_decorator' retrieved from /home/awahab02/mlops_assignment_2/myenv/lib/python3.10/site-packages/airflow/example_dags/example_task_group_decorator.py
[2024-05-12T20:26:12.484+0500] {logging_mixin.py:188} INFO - [2024-05-12T20:26:12.483+0500] {dag.py:3096} INFO - Sync 1 DAGs
[2024-05-12T20:26:12.498+0500] {logging_mixin.py:188} INFO - [2024-05-12T20:26:12.498+0500] {dag.py:3954} INFO - Setting next_dagrun for example_task_group_decorator to 2024-05-11 00:00:00+00:00, run_after=2024-05-12 00:00:00+00:00
[2024-05-12T20:26:12.529+0500] {processor.py:183} INFO - Processing /home/awahab02/mlops_assignment_2/myenv/lib/python3.10/site-packages/airflow/example_dags/example_task_group_decorator.py took 0.081 seconds
[2024-05-12T20:26:55.505+0500] {processor.py:161} INFO - Started process (PID=11476) to work on /home/awahab02/mlops_assignment_2/myenv/lib/python3.10/site-packages/airflow/example_dags/example_task_group_decorator.py
[2024-05-12T20:26:55.506+0500] {processor.py:830} INFO - Processing file /home/awahab02/mlops_assignment_2/myenv/lib/python3.10/site-packages/airflow/example_dags/example_task_group_decorator.py for tasks to queue
[2024-05-12T20:26:55.507+0500] {logging_mixin.py:188} INFO - [2024-05-12T20:26:55.507+0500] {dagbag.py:545} INFO - Filling up the DagBag from /home/awahab02/mlops_assignment_2/myenv/lib/python3.10/site-packages/airflow/example_dags/example_task_group_decorator.py
[2024-05-12T20:26:55.520+0500] {processor.py:840} INFO - DAG(s) 'example_task_group_decorator' retrieved from /home/awahab02/mlops_assignment_2/myenv/lib/python3.10/site-packages/airflow/example_dags/example_task_group_decorator.py
[2024-05-12T20:26:55.537+0500] {logging_mixin.py:188} INFO - [2024-05-12T20:26:55.536+0500] {dag.py:3096} INFO - Sync 1 DAGs
[2024-05-12T20:26:55.551+0500] {logging_mixin.py:188} INFO - [2024-05-12T20:26:55.550+0500] {dag.py:3954} INFO - Setting next_dagrun for example_task_group_decorator to 2024-05-11 00:00:00+00:00, run_after=2024-05-12 00:00:00+00:00
[2024-05-12T20:26:55.597+0500] {processor.py:183} INFO - Processing /home/awahab02/mlops_assignment_2/myenv/lib/python3.10/site-packages/airflow/example_dags/example_task_group_decorator.py took 0.097 seconds
[2024-05-12T20:27:35.394+0500] {processor.py:161} INFO - Started process (PID=11787) to work on /home/awahab02/mlops_assignment_2/myenv/lib/python3.10/site-packages/airflow/example_dags/example_task_group_decorator.py
[2024-05-12T20:27:35.395+0500] {processor.py:830} INFO - Processing file /home/awahab02/mlops_assignment_2/myenv/lib/python3.10/site-packages/airflow/example_dags/example_task_group_decorator.py for tasks to queue
[2024-05-12T20:27:35.396+0500] {logging_mixin.py:188} INFO - [2024-05-12T20:27:35.396+0500] {dagbag.py:545} INFO - Filling up the DagBag from /home/awahab02/mlops_assignment_2/myenv/lib/python3.10/site-packages/airflow/example_dags/example_task_group_decorator.py
[2024-05-12T20:27:35.413+0500] {processor.py:840} INFO - DAG(s) 'example_task_group_decorator' retrieved from /home/awahab02/mlops_assignment_2/myenv/lib/python3.10/site-packages/airflow/example_dags/example_task_group_decorator.py
[2024-05-12T20:27:35.439+0500] {logging_mixin.py:188} INFO - [2024-05-12T20:27:35.439+0500] {dag.py:3096} INFO - Sync 1 DAGs
[2024-05-12T20:27:35.456+0500] {logging_mixin.py:188} INFO - [2024-05-12T20:27:35.456+0500] {dag.py:3954} INFO - Setting next_dagrun for example_task_group_decorator to 2024-05-11 00:00:00+00:00, run_after=2024-05-12 00:00:00+00:00
[2024-05-12T20:27:35.483+0500] {processor.py:183} INFO - Processing /home/awahab02/mlops_assignment_2/myenv/lib/python3.10/site-packages/airflow/example_dags/example_task_group_decorator.py took 0.096 seconds
[2024-05-12T20:28:27.066+0500] {processor.py:161} INFO - Started process (PID=12149) to work on /home/awahab02/mlops_assignment_2/myenv/lib/python3.10/site-packages/airflow/example_dags/example_task_group_decorator.py
[2024-05-12T20:28:27.089+0500] {processor.py:830} INFO - Processing file /home/awahab02/mlops_assignment_2/myenv/lib/python3.10/site-packages/airflow/example_dags/example_task_group_decorator.py for tasks to queue
[2024-05-12T20:28:27.091+0500] {logging_mixin.py:188} INFO - [2024-05-12T20:28:27.091+0500] {dagbag.py:545} INFO - Filling up the DagBag from /home/awahab02/mlops_assignment_2/myenv/lib/python3.10/site-packages/airflow/example_dags/example_task_group_decorator.py
[2024-05-12T20:28:27.102+0500] {processor.py:840} INFO - DAG(s) 'example_task_group_decorator' retrieved from /home/awahab02/mlops_assignment_2/myenv/lib/python3.10/site-packages/airflow/example_dags/example_task_group_decorator.py
[2024-05-12T20:28:27.121+0500] {logging_mixin.py:188} INFO - [2024-05-12T20:28:27.121+0500] {dag.py:3096} INFO - Sync 1 DAGs
[2024-05-12T20:28:27.138+0500] {logging_mixin.py:188} INFO - [2024-05-12T20:28:27.137+0500] {dag.py:3954} INFO - Setting next_dagrun for example_task_group_decorator to 2024-05-11 00:00:00+00:00, run_after=2024-05-12 00:00:00+00:00
[2024-05-12T20:28:27.165+0500] {processor.py:183} INFO - Processing /home/awahab02/mlops_assignment_2/myenv/lib/python3.10/site-packages/airflow/example_dags/example_task_group_decorator.py took 0.104 seconds
[2024-05-12T20:29:12.674+0500] {processor.py:161} INFO - Started process (PID=12364) to work on /home/awahab02/mlops_assignment_2/myenv/lib/python3.10/site-packages/airflow/example_dags/example_task_group_decorator.py
[2024-05-12T20:29:12.698+0500] {processor.py:830} INFO - Processing file /home/awahab02/mlops_assignment_2/myenv/lib/python3.10/site-packages/airflow/example_dags/example_task_group_decorator.py for tasks to queue
[2024-05-12T20:29:12.701+0500] {logging_mixin.py:188} INFO - [2024-05-12T20:29:12.700+0500] {dagbag.py:545} INFO - Filling up the DagBag from /home/awahab02/mlops_assignment_2/myenv/lib/python3.10/site-packages/airflow/example_dags/example_task_group_decorator.py
[2024-05-12T20:29:12.712+0500] {processor.py:840} INFO - DAG(s) 'example_task_group_decorator' retrieved from /home/awahab02/mlops_assignment_2/myenv/lib/python3.10/site-packages/airflow/example_dags/example_task_group_decorator.py
[2024-05-12T20:29:12.728+0500] {logging_mixin.py:188} INFO - [2024-05-12T20:29:12.728+0500] {dag.py:3096} INFO - Sync 1 DAGs
[2024-05-12T20:29:12.744+0500] {logging_mixin.py:188} INFO - [2024-05-12T20:29:12.744+0500] {dag.py:3954} INFO - Setting next_dagrun for example_task_group_decorator to 2024-05-11 00:00:00+00:00, run_after=2024-05-12 00:00:00+00:00
[2024-05-12T20:29:12.773+0500] {processor.py:183} INFO - Processing /home/awahab02/mlops_assignment_2/myenv/lib/python3.10/site-packages/airflow/example_dags/example_task_group_decorator.py took 0.104 seconds
[2024-05-12T20:29:59.098+0500] {processor.py:161} INFO - Started process (PID=12694) to work on /home/awahab02/mlops_assignment_2/myenv/lib/python3.10/site-packages/airflow/example_dags/example_task_group_decorator.py
[2024-05-12T20:29:59.139+0500] {processor.py:830} INFO - Processing file /home/awahab02/mlops_assignment_2/myenv/lib/python3.10/site-packages/airflow/example_dags/example_task_group_decorator.py for tasks to queue
[2024-05-12T20:29:59.141+0500] {logging_mixin.py:188} INFO - [2024-05-12T20:29:59.140+0500] {dagbag.py:545} INFO - Filling up the DagBag from /home/awahab02/mlops_assignment_2/myenv/lib/python3.10/site-packages/airflow/example_dags/example_task_group_decorator.py
[2024-05-12T20:29:59.153+0500] {processor.py:840} INFO - DAG(s) 'example_task_group_decorator' retrieved from /home/awahab02/mlops_assignment_2/myenv/lib/python3.10/site-packages/airflow/example_dags/example_task_group_decorator.py
[2024-05-12T20:29:59.170+0500] {logging_mixin.py:188} INFO - [2024-05-12T20:29:59.170+0500] {dag.py:3096} INFO - Sync 1 DAGs
[2024-05-12T20:29:59.185+0500] {logging_mixin.py:188} INFO - [2024-05-12T20:29:59.185+0500] {dag.py:3954} INFO - Setting next_dagrun for example_task_group_decorator to 2024-05-11 00:00:00+00:00, run_after=2024-05-12 00:00:00+00:00
[2024-05-12T20:29:59.210+0500] {processor.py:183} INFO - Processing /home/awahab02/mlops_assignment_2/myenv/lib/python3.10/site-packages/airflow/example_dags/example_task_group_decorator.py took 0.117 seconds
[2024-05-12T20:30:43.511+0500] {processor.py:161} INFO - Started process (PID=13067) to work on /home/awahab02/mlops_assignment_2/myenv/lib/python3.10/site-packages/airflow/example_dags/example_task_group_decorator.py
[2024-05-12T20:30:43.540+0500] {processor.py:830} INFO - Processing file /home/awahab02/mlops_assignment_2/myenv/lib/python3.10/site-packages/airflow/example_dags/example_task_group_decorator.py for tasks to queue
[2024-05-12T20:30:43.541+0500] {logging_mixin.py:188} INFO - [2024-05-12T20:30:43.541+0500] {dagbag.py:545} INFO - Filling up the DagBag from /home/awahab02/mlops_assignment_2/myenv/lib/python3.10/site-packages/airflow/example_dags/example_task_group_decorator.py
[2024-05-12T20:30:43.552+0500] {processor.py:840} INFO - DAG(s) 'example_task_group_decorator' retrieved from /home/awahab02/mlops_assignment_2/myenv/lib/python3.10/site-packages/airflow/example_dags/example_task_group_decorator.py
[2024-05-12T20:30:43.569+0500] {logging_mixin.py:188} INFO - [2024-05-12T20:30:43.568+0500] {dag.py:3096} INFO - Sync 1 DAGs
[2024-05-12T20:30:43.584+0500] {logging_mixin.py:188} INFO - [2024-05-12T20:30:43.584+0500] {dag.py:3954} INFO - Setting next_dagrun for example_task_group_decorator to 2024-05-11 00:00:00+00:00, run_after=2024-05-12 00:00:00+00:00
[2024-05-12T20:30:43.609+0500] {processor.py:183} INFO - Processing /home/awahab02/mlops_assignment_2/myenv/lib/python3.10/site-packages/airflow/example_dags/example_task_group_decorator.py took 0.104 seconds
[2024-05-12T20:31:25.820+0500] {processor.py:161} INFO - Started process (PID=13275) to work on /home/awahab02/mlops_assignment_2/myenv/lib/python3.10/site-packages/airflow/example_dags/example_task_group_decorator.py
[2024-05-12T20:31:25.843+0500] {processor.py:830} INFO - Processing file /home/awahab02/mlops_assignment_2/myenv/lib/python3.10/site-packages/airflow/example_dags/example_task_group_decorator.py for tasks to queue
[2024-05-12T20:31:25.844+0500] {logging_mixin.py:188} INFO - [2024-05-12T20:31:25.844+0500] {dagbag.py:545} INFO - Filling up the DagBag from /home/awahab02/mlops_assignment_2/myenv/lib/python3.10/site-packages/airflow/example_dags/example_task_group_decorator.py
[2024-05-12T20:31:25.856+0500] {processor.py:840} INFO - DAG(s) 'example_task_group_decorator' retrieved from /home/awahab02/mlops_assignment_2/myenv/lib/python3.10/site-packages/airflow/example_dags/example_task_group_decorator.py
[2024-05-12T20:31:25.872+0500] {logging_mixin.py:188} INFO - [2024-05-12T20:31:25.871+0500] {dag.py:3096} INFO - Sync 1 DAGs
[2024-05-12T20:31:25.887+0500] {logging_mixin.py:188} INFO - [2024-05-12T20:31:25.887+0500] {dag.py:3954} INFO - Setting next_dagrun for example_task_group_decorator to 2024-05-11 00:00:00+00:00, run_after=2024-05-12 00:00:00+00:00
[2024-05-12T20:31:25.911+0500] {processor.py:183} INFO - Processing /home/awahab02/mlops_assignment_2/myenv/lib/python3.10/site-packages/airflow/example_dags/example_task_group_decorator.py took 0.095 seconds
[2024-05-12T20:32:07.786+0500] {processor.py:161} INFO - Started process (PID=13454) to work on /home/awahab02/mlops_assignment_2/myenv/lib/python3.10/site-packages/airflow/example_dags/example_task_group_decorator.py
[2024-05-12T20:32:07.813+0500] {processor.py:830} INFO - Processing file /home/awahab02/mlops_assignment_2/myenv/lib/python3.10/site-packages/airflow/example_dags/example_task_group_decorator.py for tasks to queue
[2024-05-12T20:32:07.815+0500] {logging_mixin.py:188} INFO - [2024-05-12T20:32:07.815+0500] {dagbag.py:545} INFO - Filling up the DagBag from /home/awahab02/mlops_assignment_2/myenv/lib/python3.10/site-packages/airflow/example_dags/example_task_group_decorator.py
[2024-05-12T20:32:07.827+0500] {processor.py:840} INFO - DAG(s) 'example_task_group_decorator' retrieved from /home/awahab02/mlops_assignment_2/myenv/lib/python3.10/site-packages/airflow/example_dags/example_task_group_decorator.py
[2024-05-12T20:32:07.845+0500] {logging_mixin.py:188} INFO - [2024-05-12T20:32:07.845+0500] {dag.py:3096} INFO - Sync 1 DAGs
[2024-05-12T20:32:07.861+0500] {logging_mixin.py:188} INFO - [2024-05-12T20:32:07.861+0500] {dag.py:3954} INFO - Setting next_dagrun for example_task_group_decorator to 2024-05-11 00:00:00+00:00, run_after=2024-05-12 00:00:00+00:00
[2024-05-12T20:32:07.887+0500] {processor.py:183} INFO - Processing /home/awahab02/mlops_assignment_2/myenv/lib/python3.10/site-packages/airflow/example_dags/example_task_group_decorator.py took 0.106 seconds
[2024-05-12T20:34:16.251+0500] {processor.py:161} INFO - Started process (PID=14459) to work on /home/awahab02/mlops_assignment_2/myenv/lib/python3.10/site-packages/airflow/example_dags/example_task_group_decorator.py
[2024-05-12T20:34:16.254+0500] {processor.py:830} INFO - Processing file /home/awahab02/mlops_assignment_2/myenv/lib/python3.10/site-packages/airflow/example_dags/example_task_group_decorator.py for tasks to queue
[2024-05-12T20:34:16.255+0500] {logging_mixin.py:188} INFO - [2024-05-12T20:34:16.255+0500] {dagbag.py:545} INFO - Filling up the DagBag from /home/awahab02/mlops_assignment_2/myenv/lib/python3.10/site-packages/airflow/example_dags/example_task_group_decorator.py
[2024-05-12T20:34:16.268+0500] {processor.py:840} INFO - DAG(s) 'example_task_group_decorator' retrieved from /home/awahab02/mlops_assignment_2/myenv/lib/python3.10/site-packages/airflow/example_dags/example_task_group_decorator.py
[2024-05-12T20:34:16.292+0500] {logging_mixin.py:188} INFO - [2024-05-12T20:34:16.292+0500] {dag.py:3096} INFO - Sync 1 DAGs
[2024-05-12T20:34:16.306+0500] {logging_mixin.py:188} INFO - [2024-05-12T20:34:16.305+0500] {dag.py:3954} INFO - Setting next_dagrun for example_task_group_decorator to 2024-05-11 00:00:00+00:00, run_after=2024-05-12 00:00:00+00:00
[2024-05-12T20:34:16.336+0500] {processor.py:183} INFO - Processing /home/awahab02/mlops_assignment_2/myenv/lib/python3.10/site-packages/airflow/example_dags/example_task_group_decorator.py took 0.091 seconds
[2024-05-12T20:35:07.986+0500] {processor.py:161} INFO - Started process (PID=14733) to work on /home/awahab02/mlops_assignment_2/myenv/lib/python3.10/site-packages/airflow/example_dags/example_task_group_decorator.py
[2024-05-12T20:35:08.020+0500] {processor.py:830} INFO - Processing file /home/awahab02/mlops_assignment_2/myenv/lib/python3.10/site-packages/airflow/example_dags/example_task_group_decorator.py for tasks to queue
[2024-05-12T20:35:08.021+0500] {logging_mixin.py:188} INFO - [2024-05-12T20:35:08.020+0500] {dagbag.py:545} INFO - Filling up the DagBag from /home/awahab02/mlops_assignment_2/myenv/lib/python3.10/site-packages/airflow/example_dags/example_task_group_decorator.py
[2024-05-12T20:35:08.032+0500] {processor.py:840} INFO - DAG(s) 'example_task_group_decorator' retrieved from /home/awahab02/mlops_assignment_2/myenv/lib/python3.10/site-packages/airflow/example_dags/example_task_group_decorator.py
[2024-05-12T20:35:08.050+0500] {logging_mixin.py:188} INFO - [2024-05-12T20:35:08.050+0500] {dag.py:3096} INFO - Sync 1 DAGs
[2024-05-12T20:35:08.064+0500] {logging_mixin.py:188} INFO - [2024-05-12T20:35:08.063+0500] {dag.py:3954} INFO - Setting next_dagrun for example_task_group_decorator to 2024-05-11 00:00:00+00:00, run_after=2024-05-12 00:00:00+00:00
[2024-05-12T20:35:08.088+0500] {processor.py:183} INFO - Processing /home/awahab02/mlops_assignment_2/myenv/lib/python3.10/site-packages/airflow/example_dags/example_task_group_decorator.py took 0.108 seconds
[2024-05-12T20:35:53.260+0500] {processor.py:161} INFO - Started process (PID=14966) to work on /home/awahab02/mlops_assignment_2/myenv/lib/python3.10/site-packages/airflow/example_dags/example_task_group_decorator.py
[2024-05-12T20:35:53.262+0500] {processor.py:830} INFO - Processing file /home/awahab02/mlops_assignment_2/myenv/lib/python3.10/site-packages/airflow/example_dags/example_task_group_decorator.py for tasks to queue
[2024-05-12T20:35:53.263+0500] {logging_mixin.py:188} INFO - [2024-05-12T20:35:53.262+0500] {dagbag.py:545} INFO - Filling up the DagBag from /home/awahab02/mlops_assignment_2/myenv/lib/python3.10/site-packages/airflow/example_dags/example_task_group_decorator.py
[2024-05-12T20:35:53.277+0500] {processor.py:840} INFO - DAG(s) 'example_task_group_decorator' retrieved from /home/awahab02/mlops_assignment_2/myenv/lib/python3.10/site-packages/airflow/example_dags/example_task_group_decorator.py
[2024-05-12T20:35:53.297+0500] {logging_mixin.py:188} INFO - [2024-05-12T20:35:53.297+0500] {dag.py:3096} INFO - Sync 1 DAGs
[2024-05-12T20:35:53.313+0500] {logging_mixin.py:188} INFO - [2024-05-12T20:35:53.313+0500] {dag.py:3954} INFO - Setting next_dagrun for example_task_group_decorator to 2024-05-11 00:00:00+00:00, run_after=2024-05-12 00:00:00+00:00
[2024-05-12T20:35:53.336+0500] {processor.py:183} INFO - Processing /home/awahab02/mlops_assignment_2/myenv/lib/python3.10/site-packages/airflow/example_dags/example_task_group_decorator.py took 0.082 seconds
[2024-05-12T20:36:40.212+0500] {processor.py:161} INFO - Started process (PID=15208) to work on /home/awahab02/mlops_assignment_2/myenv/lib/python3.10/site-packages/airflow/example_dags/example_task_group_decorator.py
[2024-05-12T20:36:40.213+0500] {processor.py:830} INFO - Processing file /home/awahab02/mlops_assignment_2/myenv/lib/python3.10/site-packages/airflow/example_dags/example_task_group_decorator.py for tasks to queue
[2024-05-12T20:36:40.214+0500] {logging_mixin.py:188} INFO - [2024-05-12T20:36:40.214+0500] {dagbag.py:545} INFO - Filling up the DagBag from /home/awahab02/mlops_assignment_2/myenv/lib/python3.10/site-packages/airflow/example_dags/example_task_group_decorator.py
[2024-05-12T20:36:40.225+0500] {processor.py:840} INFO - DAG(s) 'example_task_group_decorator' retrieved from /home/awahab02/mlops_assignment_2/myenv/lib/python3.10/site-packages/airflow/example_dags/example_task_group_decorator.py
[2024-05-12T20:36:40.242+0500] {logging_mixin.py:188} INFO - [2024-05-12T20:36:40.241+0500] {dag.py:3096} INFO - Sync 1 DAGs
[2024-05-12T20:36:40.255+0500] {logging_mixin.py:188} INFO - [2024-05-12T20:36:40.255+0500] {dag.py:3954} INFO - Setting next_dagrun for example_task_group_decorator to 2024-05-11 00:00:00+00:00, run_after=2024-05-12 00:00:00+00:00
[2024-05-12T20:36:40.280+0500] {processor.py:183} INFO - Processing /home/awahab02/mlops_assignment_2/myenv/lib/python3.10/site-packages/airflow/example_dags/example_task_group_decorator.py took 0.073 seconds
[2024-05-12T20:38:49.754+0500] {processor.py:161} INFO - Started process (PID=16274) to work on /home/awahab02/mlops_assignment_2/myenv/lib/python3.10/site-packages/airflow/example_dags/example_task_group_decorator.py
[2024-05-12T20:38:49.756+0500] {processor.py:830} INFO - Processing file /home/awahab02/mlops_assignment_2/myenv/lib/python3.10/site-packages/airflow/example_dags/example_task_group_decorator.py for tasks to queue
[2024-05-12T20:38:49.757+0500] {logging_mixin.py:188} INFO - [2024-05-12T20:38:49.756+0500] {dagbag.py:545} INFO - Filling up the DagBag from /home/awahab02/mlops_assignment_2/myenv/lib/python3.10/site-packages/airflow/example_dags/example_task_group_decorator.py
[2024-05-12T20:38:49.768+0500] {processor.py:840} INFO - DAG(s) 'example_task_group_decorator' retrieved from /home/awahab02/mlops_assignment_2/myenv/lib/python3.10/site-packages/airflow/example_dags/example_task_group_decorator.py
[2024-05-12T20:38:49.789+0500] {logging_mixin.py:188} INFO - [2024-05-12T20:38:49.789+0500] {dag.py:3096} INFO - Sync 1 DAGs
[2024-05-12T20:38:49.802+0500] {logging_mixin.py:188} INFO - [2024-05-12T20:38:49.802+0500] {dag.py:3954} INFO - Setting next_dagrun for example_task_group_decorator to 2024-05-11 00:00:00+00:00, run_after=2024-05-12 00:00:00+00:00
[2024-05-12T20:38:49.826+0500] {processor.py:183} INFO - Processing /home/awahab02/mlops_assignment_2/myenv/lib/python3.10/site-packages/airflow/example_dags/example_task_group_decorator.py took 0.077 seconds
[2024-05-12T20:39:41.516+0500] {processor.py:161} INFO - Started process (PID=16544) to work on /home/awahab02/mlops_assignment_2/myenv/lib/python3.10/site-packages/airflow/example_dags/example_task_group_decorator.py
[2024-05-12T20:39:41.561+0500] {processor.py:830} INFO - Processing file /home/awahab02/mlops_assignment_2/myenv/lib/python3.10/site-packages/airflow/example_dags/example_task_group_decorator.py for tasks to queue
[2024-05-12T20:39:41.562+0500] {logging_mixin.py:188} INFO - [2024-05-12T20:39:41.561+0500] {dagbag.py:545} INFO - Filling up the DagBag from /home/awahab02/mlops_assignment_2/myenv/lib/python3.10/site-packages/airflow/example_dags/example_task_group_decorator.py
[2024-05-12T20:39:41.574+0500] {processor.py:840} INFO - DAG(s) 'example_task_group_decorator' retrieved from /home/awahab02/mlops_assignment_2/myenv/lib/python3.10/site-packages/airflow/example_dags/example_task_group_decorator.py
[2024-05-12T20:39:41.589+0500] {logging_mixin.py:188} INFO - [2024-05-12T20:39:41.589+0500] {dag.py:3096} INFO - Sync 1 DAGs
[2024-05-12T20:39:41.603+0500] {logging_mixin.py:188} INFO - [2024-05-12T20:39:41.603+0500] {dag.py:3954} INFO - Setting next_dagrun for example_task_group_decorator to 2024-05-11 00:00:00+00:00, run_after=2024-05-12 00:00:00+00:00
[2024-05-12T20:39:41.628+0500] {processor.py:183} INFO - Processing /home/awahab02/mlops_assignment_2/myenv/lib/python3.10/site-packages/airflow/example_dags/example_task_group_decorator.py took 0.117 seconds
[2024-05-12T20:40:26.963+0500] {processor.py:161} INFO - Started process (PID=16856) to work on /home/awahab02/mlops_assignment_2/myenv/lib/python3.10/site-packages/airflow/example_dags/example_task_group_decorator.py
[2024-05-12T20:40:26.964+0500] {processor.py:830} INFO - Processing file /home/awahab02/mlops_assignment_2/myenv/lib/python3.10/site-packages/airflow/example_dags/example_task_group_decorator.py for tasks to queue
[2024-05-12T20:40:26.964+0500] {logging_mixin.py:188} INFO - [2024-05-12T20:40:26.964+0500] {dagbag.py:545} INFO - Filling up the DagBag from /home/awahab02/mlops_assignment_2/myenv/lib/python3.10/site-packages/airflow/example_dags/example_task_group_decorator.py
[2024-05-12T20:40:26.976+0500] {processor.py:840} INFO - DAG(s) 'example_task_group_decorator' retrieved from /home/awahab02/mlops_assignment_2/myenv/lib/python3.10/site-packages/airflow/example_dags/example_task_group_decorator.py
[2024-05-12T20:40:26.991+0500] {logging_mixin.py:188} INFO - [2024-05-12T20:40:26.991+0500] {dag.py:3096} INFO - Sync 1 DAGs
[2024-05-12T20:40:27.005+0500] {logging_mixin.py:188} INFO - [2024-05-12T20:40:27.004+0500] {dag.py:3954} INFO - Setting next_dagrun for example_task_group_decorator to 2024-05-11 00:00:00+00:00, run_after=2024-05-12 00:00:00+00:00
[2024-05-12T20:40:27.028+0500] {processor.py:183} INFO - Processing /home/awahab02/mlops_assignment_2/myenv/lib/python3.10/site-packages/airflow/example_dags/example_task_group_decorator.py took 0.070 seconds
[2024-05-12T20:41:12.934+0500] {processor.py:161} INFO - Started process (PID=17172) to work on /home/awahab02/mlops_assignment_2/myenv/lib/python3.10/site-packages/airflow/example_dags/example_task_group_decorator.py
[2024-05-12T20:41:12.936+0500] {processor.py:830} INFO - Processing file /home/awahab02/mlops_assignment_2/myenv/lib/python3.10/site-packages/airflow/example_dags/example_task_group_decorator.py for tasks to queue
[2024-05-12T20:41:12.936+0500] {logging_mixin.py:188} INFO - [2024-05-12T20:41:12.936+0500] {dagbag.py:545} INFO - Filling up the DagBag from /home/awahab02/mlops_assignment_2/myenv/lib/python3.10/site-packages/airflow/example_dags/example_task_group_decorator.py
[2024-05-12T20:41:12.948+0500] {processor.py:840} INFO - DAG(s) 'example_task_group_decorator' retrieved from /home/awahab02/mlops_assignment_2/myenv/lib/python3.10/site-packages/airflow/example_dags/example_task_group_decorator.py
[2024-05-12T20:41:12.965+0500] {logging_mixin.py:188} INFO - [2024-05-12T20:41:12.965+0500] {dag.py:3096} INFO - Sync 1 DAGs
[2024-05-12T20:41:12.978+0500] {logging_mixin.py:188} INFO - [2024-05-12T20:41:12.978+0500] {dag.py:3954} INFO - Setting next_dagrun for example_task_group_decorator to 2024-05-11 00:00:00+00:00, run_after=2024-05-12 00:00:00+00:00
[2024-05-12T20:41:13.002+0500] {processor.py:183} INFO - Processing /home/awahab02/mlops_assignment_2/myenv/lib/python3.10/site-packages/airflow/example_dags/example_task_group_decorator.py took 0.073 seconds
[2024-05-12T20:41:54.941+0500] {processor.py:161} INFO - Started process (PID=17443) to work on /home/awahab02/mlops_assignment_2/myenv/lib/python3.10/site-packages/airflow/example_dags/example_task_group_decorator.py
[2024-05-12T20:41:54.993+0500] {processor.py:830} INFO - Processing file /home/awahab02/mlops_assignment_2/myenv/lib/python3.10/site-packages/airflow/example_dags/example_task_group_decorator.py for tasks to queue
[2024-05-12T20:41:54.994+0500] {logging_mixin.py:188} INFO - [2024-05-12T20:41:54.993+0500] {dagbag.py:545} INFO - Filling up the DagBag from /home/awahab02/mlops_assignment_2/myenv/lib/python3.10/site-packages/airflow/example_dags/example_task_group_decorator.py
[2024-05-12T20:41:55.005+0500] {processor.py:840} INFO - DAG(s) 'example_task_group_decorator' retrieved from /home/awahab02/mlops_assignment_2/myenv/lib/python3.10/site-packages/airflow/example_dags/example_task_group_decorator.py
[2024-05-12T20:41:55.020+0500] {logging_mixin.py:188} INFO - [2024-05-12T20:41:55.020+0500] {dag.py:3096} INFO - Sync 1 DAGs
[2024-05-12T20:41:55.034+0500] {logging_mixin.py:188} INFO - [2024-05-12T20:41:55.034+0500] {dag.py:3954} INFO - Setting next_dagrun for example_task_group_decorator to 2024-05-11 00:00:00+00:00, run_after=2024-05-12 00:00:00+00:00
[2024-05-12T20:41:55.060+0500] {processor.py:183} INFO - Processing /home/awahab02/mlops_assignment_2/myenv/lib/python3.10/site-packages/airflow/example_dags/example_task_group_decorator.py took 0.124 seconds
[2024-05-12T20:42:39.321+0500] {processor.py:161} INFO - Started process (PID=17758) to work on /home/awahab02/mlops_assignment_2/myenv/lib/python3.10/site-packages/airflow/example_dags/example_task_group_decorator.py
[2024-05-12T20:42:39.364+0500] {processor.py:830} INFO - Processing file /home/awahab02/mlops_assignment_2/myenv/lib/python3.10/site-packages/airflow/example_dags/example_task_group_decorator.py for tasks to queue
[2024-05-12T20:42:39.365+0500] {logging_mixin.py:188} INFO - [2024-05-12T20:42:39.365+0500] {dagbag.py:545} INFO - Filling up the DagBag from /home/awahab02/mlops_assignment_2/myenv/lib/python3.10/site-packages/airflow/example_dags/example_task_group_decorator.py
[2024-05-12T20:42:39.376+0500] {processor.py:840} INFO - DAG(s) 'example_task_group_decorator' retrieved from /home/awahab02/mlops_assignment_2/myenv/lib/python3.10/site-packages/airflow/example_dags/example_task_group_decorator.py
[2024-05-12T20:42:39.393+0500] {logging_mixin.py:188} INFO - [2024-05-12T20:42:39.392+0500] {dag.py:3096} INFO - Sync 1 DAGs
[2024-05-12T20:42:39.405+0500] {logging_mixin.py:188} INFO - [2024-05-12T20:42:39.405+0500] {dag.py:3954} INFO - Setting next_dagrun for example_task_group_decorator to 2024-05-11 00:00:00+00:00, run_after=2024-05-12 00:00:00+00:00
[2024-05-12T20:42:39.432+0500] {processor.py:183} INFO - Processing /home/awahab02/mlops_assignment_2/myenv/lib/python3.10/site-packages/airflow/example_dags/example_task_group_decorator.py took 0.116 seconds
[2024-05-12T20:43:25.607+0500] {processor.py:161} INFO - Started process (PID=18072) to work on /home/awahab02/mlops_assignment_2/myenv/lib/python3.10/site-packages/airflow/example_dags/example_task_group_decorator.py
[2024-05-12T20:43:25.649+0500] {processor.py:830} INFO - Processing file /home/awahab02/mlops_assignment_2/myenv/lib/python3.10/site-packages/airflow/example_dags/example_task_group_decorator.py for tasks to queue
[2024-05-12T20:43:25.650+0500] {logging_mixin.py:188} INFO - [2024-05-12T20:43:25.650+0500] {dagbag.py:545} INFO - Filling up the DagBag from /home/awahab02/mlops_assignment_2/myenv/lib/python3.10/site-packages/airflow/example_dags/example_task_group_decorator.py
[2024-05-12T20:43:25.662+0500] {processor.py:840} INFO - DAG(s) 'example_task_group_decorator' retrieved from /home/awahab02/mlops_assignment_2/myenv/lib/python3.10/site-packages/airflow/example_dags/example_task_group_decorator.py
[2024-05-12T20:43:25.678+0500] {logging_mixin.py:188} INFO - [2024-05-12T20:43:25.678+0500] {dag.py:3096} INFO - Sync 1 DAGs
[2024-05-12T20:43:25.691+0500] {logging_mixin.py:188} INFO - [2024-05-12T20:43:25.691+0500] {dag.py:3954} INFO - Setting next_dagrun for example_task_group_decorator to 2024-05-11 00:00:00+00:00, run_after=2024-05-12 00:00:00+00:00
[2024-05-12T20:43:25.717+0500] {processor.py:183} INFO - Processing /home/awahab02/mlops_assignment_2/myenv/lib/python3.10/site-packages/airflow/example_dags/example_task_group_decorator.py took 0.116 seconds
[2024-05-12T20:44:09.984+0500] {processor.py:161} INFO - Started process (PID=18298) to work on /home/awahab02/mlops_assignment_2/myenv/lib/python3.10/site-packages/airflow/example_dags/example_task_group_decorator.py
[2024-05-12T20:44:10.013+0500] {processor.py:830} INFO - Processing file /home/awahab02/mlops_assignment_2/myenv/lib/python3.10/site-packages/airflow/example_dags/example_task_group_decorator.py for tasks to queue
[2024-05-12T20:44:10.014+0500] {logging_mixin.py:188} INFO - [2024-05-12T20:44:10.014+0500] {dagbag.py:545} INFO - Filling up the DagBag from /home/awahab02/mlops_assignment_2/myenv/lib/python3.10/site-packages/airflow/example_dags/example_task_group_decorator.py
[2024-05-12T20:44:10.026+0500] {processor.py:840} INFO - DAG(s) 'example_task_group_decorator' retrieved from /home/awahab02/mlops_assignment_2/myenv/lib/python3.10/site-packages/airflow/example_dags/example_task_group_decorator.py
[2024-05-12T20:44:10.042+0500] {logging_mixin.py:188} INFO - [2024-05-12T20:44:10.041+0500] {dag.py:3096} INFO - Sync 1 DAGs
[2024-05-12T20:44:10.056+0500] {logging_mixin.py:188} INFO - [2024-05-12T20:44:10.056+0500] {dag.py:3954} INFO - Setting next_dagrun for example_task_group_decorator to 2024-05-11 00:00:00+00:00, run_after=2024-05-12 00:00:00+00:00
[2024-05-12T20:44:10.080+0500] {processor.py:183} INFO - Processing /home/awahab02/mlops_assignment_2/myenv/lib/python3.10/site-packages/airflow/example_dags/example_task_group_decorator.py took 0.101 seconds
