[2024-05-12T20:20:47.786+0500] {processor.py:161} INFO - Started process (PID=9336) to work on /home/awahab02/mlops_assignment_2/myenv/lib/python3.10/site-packages/airflow/example_dags/example_bash_decorator.py
[2024-05-12T20:20:47.787+0500] {processor.py:830} INFO - Processing file /home/awahab02/mlops_assignment_2/myenv/lib/python3.10/site-packages/airflow/example_dags/example_bash_decorator.py for tasks to queue
[2024-05-12T20:20:47.788+0500] {logging_mixin.py:188} INFO - [2024-05-12T20:20:47.788+0500] {dagbag.py:545} INFO - Filling up the DagBag from /home/awahab02/mlops_assignment_2/myenv/lib/python3.10/site-packages/airflow/example_dags/example_bash_decorator.py
[2024-05-12T20:20:47.804+0500] {processor.py:840} INFO - DAG(s) 'example_bash_decorator' retrieved from /home/awahab02/mlops_assignment_2/myenv/lib/python3.10/site-packages/airflow/example_dags/example_bash_decorator.py
[2024-05-12T20:20:47.938+0500] {logging_mixin.py:188} INFO - [2024-05-12T20:20:47.938+0500] {override.py:1829} INFO - Created Permission View: can read on DAG:example_bash_decorator
[2024-05-12T20:20:47.958+0500] {logging_mixin.py:188} INFO - [2024-05-12T20:20:47.958+0500] {override.py:1829} INFO - Created Permission View: can edit on DAG:example_bash_decorator
[2024-05-12T20:20:47.977+0500] {logging_mixin.py:188} INFO - [2024-05-12T20:20:47.977+0500] {override.py:1829} INFO - Created Permission View: can delete on DAG:example_bash_decorator
[2024-05-12T20:20:47.977+0500] {logging_mixin.py:188} INFO - [2024-05-12T20:20:47.977+0500] {dag.py:3096} INFO - Sync 1 DAGs
[2024-05-12T20:20:47.988+0500] {logging_mixin.py:188} INFO - [2024-05-12T20:20:47.988+0500] {dag.py:3118} INFO - Creating ORM DAG for example_bash_decorator
[2024-05-12T20:20:47.989+0500] {logging_mixin.py:188} INFO - [2024-05-12T20:20:47.988+0500] {dag.py:3954} INFO - Setting next_dagrun for example_bash_decorator to None, run_after=None
[2024-05-12T20:20:48.056+0500] {processor.py:183} INFO - Processing /home/awahab02/mlops_assignment_2/myenv/lib/python3.10/site-packages/airflow/example_dags/example_bash_decorator.py took 0.278 seconds
[2024-05-12T20:21:42.678+0500] {processor.py:161} INFO - Started process (PID=9618) to work on /home/awahab02/mlops_assignment_2/myenv/lib/python3.10/site-packages/airflow/example_dags/example_bash_decorator.py
[2024-05-12T20:21:42.680+0500] {processor.py:830} INFO - Processing file /home/awahab02/mlops_assignment_2/myenv/lib/python3.10/site-packages/airflow/example_dags/example_bash_decorator.py for tasks to queue
[2024-05-12T20:21:42.681+0500] {logging_mixin.py:188} INFO - [2024-05-12T20:21:42.681+0500] {dagbag.py:545} INFO - Filling up the DagBag from /home/awahab02/mlops_assignment_2/myenv/lib/python3.10/site-packages/airflow/example_dags/example_bash_decorator.py
[2024-05-12T20:21:42.692+0500] {processor.py:840} INFO - DAG(s) 'example_bash_decorator' retrieved from /home/awahab02/mlops_assignment_2/myenv/lib/python3.10/site-packages/airflow/example_dags/example_bash_decorator.py
[2024-05-12T20:21:42.706+0500] {logging_mixin.py:188} INFO - [2024-05-12T20:21:42.706+0500] {dag.py:3096} INFO - Sync 1 DAGs
[2024-05-12T20:21:42.715+0500] {logging_mixin.py:188} INFO - [2024-05-12T20:21:42.715+0500] {dag.py:3954} INFO - Setting next_dagrun for example_bash_decorator to None, run_after=None
[2024-05-12T20:21:42.743+0500] {processor.py:183} INFO - Processing /home/awahab02/mlops_assignment_2/myenv/lib/python3.10/site-packages/airflow/example_dags/example_bash_decorator.py took 0.069 seconds
[2024-05-12T20:22:32.331+0500] {processor.py:161} INFO - Started process (PID=9817) to work on /home/awahab02/mlops_assignment_2/myenv/lib/python3.10/site-packages/airflow/example_dags/example_bash_decorator.py
[2024-05-12T20:22:32.333+0500] {processor.py:830} INFO - Processing file /home/awahab02/mlops_assignment_2/myenv/lib/python3.10/site-packages/airflow/example_dags/example_bash_decorator.py for tasks to queue
[2024-05-12T20:22:32.336+0500] {logging_mixin.py:188} INFO - [2024-05-12T20:22:32.335+0500] {dagbag.py:545} INFO - Filling up the DagBag from /home/awahab02/mlops_assignment_2/myenv/lib/python3.10/site-packages/airflow/example_dags/example_bash_decorator.py
[2024-05-12T20:22:32.349+0500] {processor.py:840} INFO - DAG(s) 'example_bash_decorator' retrieved from /home/awahab02/mlops_assignment_2/myenv/lib/python3.10/site-packages/airflow/example_dags/example_bash_decorator.py
[2024-05-12T20:22:32.368+0500] {logging_mixin.py:188} INFO - [2024-05-12T20:22:32.368+0500] {dag.py:3096} INFO - Sync 1 DAGs
[2024-05-12T20:22:32.378+0500] {logging_mixin.py:188} INFO - [2024-05-12T20:22:32.378+0500] {dag.py:3954} INFO - Setting next_dagrun for example_bash_decorator to None, run_after=None
[2024-05-12T20:22:32.402+0500] {processor.py:183} INFO - Processing /home/awahab02/mlops_assignment_2/myenv/lib/python3.10/site-packages/airflow/example_dags/example_bash_decorator.py took 0.077 seconds
[2024-05-12T20:23:16.683+0500] {processor.py:161} INFO - Started process (PID=10142) to work on /home/awahab02/mlops_assignment_2/myenv/lib/python3.10/site-packages/airflow/example_dags/example_bash_decorator.py
[2024-05-12T20:23:16.717+0500] {processor.py:830} INFO - Processing file /home/awahab02/mlops_assignment_2/myenv/lib/python3.10/site-packages/airflow/example_dags/example_bash_decorator.py for tasks to queue
[2024-05-12T20:23:16.718+0500] {logging_mixin.py:188} INFO - [2024-05-12T20:23:16.718+0500] {dagbag.py:545} INFO - Filling up the DagBag from /home/awahab02/mlops_assignment_2/myenv/lib/python3.10/site-packages/airflow/example_dags/example_bash_decorator.py
[2024-05-12T20:23:16.729+0500] {processor.py:840} INFO - DAG(s) 'example_bash_decorator' retrieved from /home/awahab02/mlops_assignment_2/myenv/lib/python3.10/site-packages/airflow/example_dags/example_bash_decorator.py
[2024-05-12T20:23:16.745+0500] {logging_mixin.py:188} INFO - [2024-05-12T20:23:16.745+0500] {dag.py:3096} INFO - Sync 1 DAGs
[2024-05-12T20:23:16.754+0500] {logging_mixin.py:188} INFO - [2024-05-12T20:23:16.753+0500] {dag.py:3954} INFO - Setting next_dagrun for example_bash_decorator to None, run_after=None
[2024-05-12T20:23:16.777+0500] {processor.py:183} INFO - Processing /home/awahab02/mlops_assignment_2/myenv/lib/python3.10/site-packages/airflow/example_dags/example_bash_decorator.py took 0.100 seconds
[2024-05-12T20:24:16.254+0500] {processor.py:161} INFO - Started process (PID=10558) to work on /home/awahab02/mlops_assignment_2/myenv/lib/python3.10/site-packages/airflow/example_dags/example_bash_decorator.py
[2024-05-12T20:24:16.279+0500] {processor.py:830} INFO - Processing file /home/awahab02/mlops_assignment_2/myenv/lib/python3.10/site-packages/airflow/example_dags/example_bash_decorator.py for tasks to queue
[2024-05-12T20:24:16.280+0500] {logging_mixin.py:188} INFO - [2024-05-12T20:24:16.280+0500] {dagbag.py:545} INFO - Filling up the DagBag from /home/awahab02/mlops_assignment_2/myenv/lib/python3.10/site-packages/airflow/example_dags/example_bash_decorator.py
[2024-05-12T20:24:16.291+0500] {processor.py:840} INFO - DAG(s) 'example_bash_decorator' retrieved from /home/awahab02/mlops_assignment_2/myenv/lib/python3.10/site-packages/airflow/example_dags/example_bash_decorator.py
[2024-05-12T20:24:16.306+0500] {logging_mixin.py:188} INFO - [2024-05-12T20:24:16.305+0500] {dag.py:3096} INFO - Sync 1 DAGs
[2024-05-12T20:24:16.315+0500] {logging_mixin.py:188} INFO - [2024-05-12T20:24:16.314+0500] {dag.py:3954} INFO - Setting next_dagrun for example_bash_decorator to None, run_after=None
[2024-05-12T20:24:16.339+0500] {processor.py:183} INFO - Processing /home/awahab02/mlops_assignment_2/myenv/lib/python3.10/site-packages/airflow/example_dags/example_bash_decorator.py took 0.091 seconds
[2024-05-12T20:25:13.884+0500] {processor.py:161} INFO - Started process (PID=10834) to work on /home/awahab02/mlops_assignment_2/myenv/lib/python3.10/site-packages/airflow/example_dags/example_bash_decorator.py
[2024-05-12T20:25:13.885+0500] {processor.py:830} INFO - Processing file /home/awahab02/mlops_assignment_2/myenv/lib/python3.10/site-packages/airflow/example_dags/example_bash_decorator.py for tasks to queue
[2024-05-12T20:25:13.887+0500] {logging_mixin.py:188} INFO - [2024-05-12T20:25:13.887+0500] {dagbag.py:545} INFO - Filling up the DagBag from /home/awahab02/mlops_assignment_2/myenv/lib/python3.10/site-packages/airflow/example_dags/example_bash_decorator.py
[2024-05-12T20:25:13.899+0500] {processor.py:840} INFO - DAG(s) 'example_bash_decorator' retrieved from /home/awahab02/mlops_assignment_2/myenv/lib/python3.10/site-packages/airflow/example_dags/example_bash_decorator.py
[2024-05-12T20:25:13.915+0500] {logging_mixin.py:188} INFO - [2024-05-12T20:25:13.915+0500] {dag.py:3096} INFO - Sync 1 DAGs
[2024-05-12T20:25:13.925+0500] {logging_mixin.py:188} INFO - [2024-05-12T20:25:13.925+0500] {dag.py:3954} INFO - Setting next_dagrun for example_bash_decorator to None, run_after=None
[2024-05-12T20:25:13.951+0500] {processor.py:183} INFO - Processing /home/awahab02/mlops_assignment_2/myenv/lib/python3.10/site-packages/airflow/example_dags/example_bash_decorator.py took 0.073 seconds
[2024-05-12T20:25:56.181+0500] {processor.py:161} INFO - Started process (PID=11066) to work on /home/awahab02/mlops_assignment_2/myenv/lib/python3.10/site-packages/airflow/example_dags/example_bash_decorator.py
[2024-05-12T20:25:56.182+0500] {processor.py:830} INFO - Processing file /home/awahab02/mlops_assignment_2/myenv/lib/python3.10/site-packages/airflow/example_dags/example_bash_decorator.py for tasks to queue
[2024-05-12T20:25:56.183+0500] {logging_mixin.py:188} INFO - [2024-05-12T20:25:56.183+0500] {dagbag.py:545} INFO - Filling up the DagBag from /home/awahab02/mlops_assignment_2/myenv/lib/python3.10/site-packages/airflow/example_dags/example_bash_decorator.py
[2024-05-12T20:25:56.194+0500] {processor.py:840} INFO - DAG(s) 'example_bash_decorator' retrieved from /home/awahab02/mlops_assignment_2/myenv/lib/python3.10/site-packages/airflow/example_dags/example_bash_decorator.py
[2024-05-12T20:25:56.210+0500] {logging_mixin.py:188} INFO - [2024-05-12T20:25:56.209+0500] {dag.py:3096} INFO - Sync 1 DAGs
[2024-05-12T20:25:56.219+0500] {logging_mixin.py:188} INFO - [2024-05-12T20:25:56.218+0500] {dag.py:3954} INFO - Setting next_dagrun for example_bash_decorator to None, run_after=None
[2024-05-12T20:25:56.245+0500] {processor.py:183} INFO - Processing /home/awahab02/mlops_assignment_2/myenv/lib/python3.10/site-packages/airflow/example_dags/example_bash_decorator.py took 0.069 seconds
[2024-05-12T20:26:38.883+0500] {processor.py:161} INFO - Started process (PID=11318) to work on /home/awahab02/mlops_assignment_2/myenv/lib/python3.10/site-packages/airflow/example_dags/example_bash_decorator.py
[2024-05-12T20:26:38.931+0500] {processor.py:830} INFO - Processing file /home/awahab02/mlops_assignment_2/myenv/lib/python3.10/site-packages/airflow/example_dags/example_bash_decorator.py for tasks to queue
[2024-05-12T20:26:38.933+0500] {logging_mixin.py:188} INFO - [2024-05-12T20:26:38.932+0500] {dagbag.py:545} INFO - Filling up the DagBag from /home/awahab02/mlops_assignment_2/myenv/lib/python3.10/site-packages/airflow/example_dags/example_bash_decorator.py
[2024-05-12T20:26:38.944+0500] {processor.py:840} INFO - DAG(s) 'example_bash_decorator' retrieved from /home/awahab02/mlops_assignment_2/myenv/lib/python3.10/site-packages/airflow/example_dags/example_bash_decorator.py
[2024-05-12T20:26:38.959+0500] {logging_mixin.py:188} INFO - [2024-05-12T20:26:38.958+0500] {dag.py:3096} INFO - Sync 1 DAGs
[2024-05-12T20:26:38.967+0500] {logging_mixin.py:188} INFO - [2024-05-12T20:26:38.967+0500] {dag.py:3954} INFO - Setting next_dagrun for example_bash_decorator to None, run_after=None
[2024-05-12T20:26:38.995+0500] {processor.py:183} INFO - Processing /home/awahab02/mlops_assignment_2/myenv/lib/python3.10/site-packages/airflow/example_dags/example_bash_decorator.py took 0.117 seconds
[2024-05-12T20:27:21.590+0500] {processor.py:161} INFO - Started process (PID=11668) to work on /home/awahab02/mlops_assignment_2/myenv/lib/python3.10/site-packages/airflow/example_dags/example_bash_decorator.py
[2024-05-12T20:27:21.632+0500] {processor.py:830} INFO - Processing file /home/awahab02/mlops_assignment_2/myenv/lib/python3.10/site-packages/airflow/example_dags/example_bash_decorator.py for tasks to queue
[2024-05-12T20:27:21.634+0500] {logging_mixin.py:188} INFO - [2024-05-12T20:27:21.633+0500] {dagbag.py:545} INFO - Filling up the DagBag from /home/awahab02/mlops_assignment_2/myenv/lib/python3.10/site-packages/airflow/example_dags/example_bash_decorator.py
[2024-05-12T20:27:21.645+0500] {processor.py:840} INFO - DAG(s) 'example_bash_decorator' retrieved from /home/awahab02/mlops_assignment_2/myenv/lib/python3.10/site-packages/airflow/example_dags/example_bash_decorator.py
[2024-05-12T20:27:21.660+0500] {logging_mixin.py:188} INFO - [2024-05-12T20:27:21.660+0500] {dag.py:3096} INFO - Sync 1 DAGs
[2024-05-12T20:27:21.669+0500] {logging_mixin.py:188} INFO - [2024-05-12T20:27:21.669+0500] {dag.py:3954} INFO - Setting next_dagrun for example_bash_decorator to None, run_after=None
[2024-05-12T20:27:21.700+0500] {processor.py:183} INFO - Processing /home/awahab02/mlops_assignment_2/myenv/lib/python3.10/site-packages/airflow/example_dags/example_bash_decorator.py took 0.115 seconds
[2024-05-12T20:27:53.261+0500] {processor.py:161} INFO - Started process (PID=11985) to work on /home/awahab02/mlops_assignment_2/myenv/lib/python3.10/site-packages/airflow/example_dags/example_bash_decorator.py
[2024-05-12T20:27:53.262+0500] {processor.py:830} INFO - Processing file /home/awahab02/mlops_assignment_2/myenv/lib/python3.10/site-packages/airflow/example_dags/example_bash_decorator.py for tasks to queue
[2024-05-12T20:27:53.263+0500] {logging_mixin.py:188} INFO - [2024-05-12T20:27:53.263+0500] {dagbag.py:545} INFO - Filling up the DagBag from /home/awahab02/mlops_assignment_2/myenv/lib/python3.10/site-packages/airflow/example_dags/example_bash_decorator.py
[2024-05-12T20:27:53.274+0500] {processor.py:840} INFO - DAG(s) 'example_bash_decorator' retrieved from /home/awahab02/mlops_assignment_2/myenv/lib/python3.10/site-packages/airflow/example_dags/example_bash_decorator.py
[2024-05-12T20:27:53.348+0500] {logging_mixin.py:188} INFO - [2024-05-12T20:27:53.347+0500] {dag.py:3096} INFO - Sync 1 DAGs
[2024-05-12T20:27:53.355+0500] {logging_mixin.py:188} INFO - [2024-05-12T20:27:53.355+0500] {dag.py:3954} INFO - Setting next_dagrun for example_bash_decorator to None, run_after=None
[2024-05-12T20:27:53.381+0500] {processor.py:183} INFO - Processing /home/awahab02/mlops_assignment_2/myenv/lib/python3.10/site-packages/airflow/example_dags/example_bash_decorator.py took 0.126 seconds
[2024-05-12T20:28:44.773+0500] {processor.py:161} INFO - Started process (PID=12231) to work on /home/awahab02/mlops_assignment_2/myenv/lib/python3.10/site-packages/airflow/example_dags/example_bash_decorator.py
[2024-05-12T20:28:44.805+0500] {processor.py:830} INFO - Processing file /home/awahab02/mlops_assignment_2/myenv/lib/python3.10/site-packages/airflow/example_dags/example_bash_decorator.py for tasks to queue
[2024-05-12T20:28:44.811+0500] {logging_mixin.py:188} INFO - [2024-05-12T20:28:44.810+0500] {dagbag.py:545} INFO - Filling up the DagBag from /home/awahab02/mlops_assignment_2/myenv/lib/python3.10/site-packages/airflow/example_dags/example_bash_decorator.py
[2024-05-12T20:28:44.828+0500] {processor.py:840} INFO - DAG(s) 'example_bash_decorator' retrieved from /home/awahab02/mlops_assignment_2/myenv/lib/python3.10/site-packages/airflow/example_dags/example_bash_decorator.py
[2024-05-12T20:28:44.843+0500] {logging_mixin.py:188} INFO - [2024-05-12T20:28:44.843+0500] {dag.py:3096} INFO - Sync 1 DAGs
[2024-05-12T20:28:44.852+0500] {logging_mixin.py:188} INFO - [2024-05-12T20:28:44.852+0500] {dag.py:3954} INFO - Setting next_dagrun for example_bash_decorator to None, run_after=None
[2024-05-12T20:28:44.877+0500] {processor.py:183} INFO - Processing /home/awahab02/mlops_assignment_2/myenv/lib/python3.10/site-packages/airflow/example_dags/example_bash_decorator.py took 0.109 seconds
[2024-05-12T20:29:38.709+0500] {processor.py:161} INFO - Started process (PID=12517) to work on /home/awahab02/mlops_assignment_2/myenv/lib/python3.10/site-packages/airflow/example_dags/example_bash_decorator.py
[2024-05-12T20:29:38.735+0500] {processor.py:830} INFO - Processing file /home/awahab02/mlops_assignment_2/myenv/lib/python3.10/site-packages/airflow/example_dags/example_bash_decorator.py for tasks to queue
[2024-05-12T20:29:38.737+0500] {logging_mixin.py:188} INFO - [2024-05-12T20:29:38.737+0500] {dagbag.py:545} INFO - Filling up the DagBag from /home/awahab02/mlops_assignment_2/myenv/lib/python3.10/site-packages/airflow/example_dags/example_bash_decorator.py
[2024-05-12T20:29:38.751+0500] {processor.py:840} INFO - DAG(s) 'example_bash_decorator' retrieved from /home/awahab02/mlops_assignment_2/myenv/lib/python3.10/site-packages/airflow/example_dags/example_bash_decorator.py
[2024-05-12T20:29:38.767+0500] {logging_mixin.py:188} INFO - [2024-05-12T20:29:38.766+0500] {dag.py:3096} INFO - Sync 1 DAGs
[2024-05-12T20:29:38.778+0500] {logging_mixin.py:188} INFO - [2024-05-12T20:29:38.777+0500] {dag.py:3954} INFO - Setting next_dagrun for example_bash_decorator to None, run_after=None
[2024-05-12T20:29:38.807+0500] {processor.py:183} INFO - Processing /home/awahab02/mlops_assignment_2/myenv/lib/python3.10/site-packages/airflow/example_dags/example_bash_decorator.py took 0.104 seconds
[2024-05-12T20:30:58.735+0500] {processor.py:161} INFO - Started process (PID=13142) to work on /home/awahab02/mlops_assignment_2/myenv/lib/python3.10/site-packages/airflow/example_dags/example_bash_decorator.py
[2024-05-12T20:30:58.736+0500] {processor.py:830} INFO - Processing file /home/awahab02/mlops_assignment_2/myenv/lib/python3.10/site-packages/airflow/example_dags/example_bash_decorator.py for tasks to queue
[2024-05-12T20:30:58.738+0500] {logging_mixin.py:188} INFO - [2024-05-12T20:30:58.738+0500] {dagbag.py:545} INFO - Filling up the DagBag from /home/awahab02/mlops_assignment_2/myenv/lib/python3.10/site-packages/airflow/example_dags/example_bash_decorator.py
[2024-05-12T20:30:58.749+0500] {processor.py:840} INFO - DAG(s) 'example_bash_decorator' retrieved from /home/awahab02/mlops_assignment_2/myenv/lib/python3.10/site-packages/airflow/example_dags/example_bash_decorator.py
[2024-05-12T20:30:58.764+0500] {logging_mixin.py:188} INFO - [2024-05-12T20:30:58.764+0500] {dag.py:3096} INFO - Sync 1 DAGs
[2024-05-12T20:30:58.773+0500] {logging_mixin.py:188} INFO - [2024-05-12T20:30:58.773+0500] {dag.py:3954} INFO - Setting next_dagrun for example_bash_decorator to None, run_after=None
[2024-05-12T20:30:58.798+0500] {processor.py:183} INFO - Processing /home/awahab02/mlops_assignment_2/myenv/lib/python3.10/site-packages/airflow/example_dags/example_bash_decorator.py took 0.068 seconds
[2024-05-12T20:31:49.699+0500] {processor.py:161} INFO - Started process (PID=13375) to work on /home/awahab02/mlops_assignment_2/myenv/lib/python3.10/site-packages/airflow/example_dags/example_bash_decorator.py
[2024-05-12T20:31:49.716+0500] {processor.py:830} INFO - Processing file /home/awahab02/mlops_assignment_2/myenv/lib/python3.10/site-packages/airflow/example_dags/example_bash_decorator.py for tasks to queue
[2024-05-12T20:31:49.717+0500] {logging_mixin.py:188} INFO - [2024-05-12T20:31:49.717+0500] {dagbag.py:545} INFO - Filling up the DagBag from /home/awahab02/mlops_assignment_2/myenv/lib/python3.10/site-packages/airflow/example_dags/example_bash_decorator.py
[2024-05-12T20:31:49.728+0500] {processor.py:840} INFO - DAG(s) 'example_bash_decorator' retrieved from /home/awahab02/mlops_assignment_2/myenv/lib/python3.10/site-packages/airflow/example_dags/example_bash_decorator.py
[2024-05-12T20:31:49.744+0500] {logging_mixin.py:188} INFO - [2024-05-12T20:31:49.744+0500] {dag.py:3096} INFO - Sync 1 DAGs
[2024-05-12T20:31:49.755+0500] {logging_mixin.py:188} INFO - [2024-05-12T20:31:49.755+0500] {dag.py:3954} INFO - Setting next_dagrun for example_bash_decorator to None, run_after=None
[2024-05-12T20:31:49.790+0500] {processor.py:183} INFO - Processing /home/awahab02/mlops_assignment_2/myenv/lib/python3.10/site-packages/airflow/example_dags/example_bash_decorator.py took 0.095 seconds
[2024-05-12T20:34:32.939+0500] {processor.py:161} INFO - Started process (PID=14556) to work on /home/awahab02/mlops_assignment_2/myenv/lib/python3.10/site-packages/airflow/example_dags/example_bash_decorator.py
[2024-05-12T20:34:32.940+0500] {processor.py:830} INFO - Processing file /home/awahab02/mlops_assignment_2/myenv/lib/python3.10/site-packages/airflow/example_dags/example_bash_decorator.py for tasks to queue
[2024-05-12T20:34:32.941+0500] {logging_mixin.py:188} INFO - [2024-05-12T20:34:32.940+0500] {dagbag.py:545} INFO - Filling up the DagBag from /home/awahab02/mlops_assignment_2/myenv/lib/python3.10/site-packages/airflow/example_dags/example_bash_decorator.py
[2024-05-12T20:34:32.952+0500] {processor.py:840} INFO - DAG(s) 'example_bash_decorator' retrieved from /home/awahab02/mlops_assignment_2/myenv/lib/python3.10/site-packages/airflow/example_dags/example_bash_decorator.py
[2024-05-12T20:34:32.969+0500] {logging_mixin.py:188} INFO - [2024-05-12T20:34:32.969+0500] {dag.py:3096} INFO - Sync 1 DAGs
[2024-05-12T20:34:32.979+0500] {logging_mixin.py:188} INFO - [2024-05-12T20:34:32.978+0500] {dag.py:3954} INFO - Setting next_dagrun for example_bash_decorator to None, run_after=None
[2024-05-12T20:34:33.003+0500] {processor.py:183} INFO - Processing /home/awahab02/mlops_assignment_2/myenv/lib/python3.10/site-packages/airflow/example_dags/example_bash_decorator.py took 0.069 seconds
[2024-05-12T20:35:26.775+0500] {processor.py:161} INFO - Started process (PID=14845) to work on /home/awahab02/mlops_assignment_2/myenv/lib/python3.10/site-packages/airflow/example_dags/example_bash_decorator.py
[2024-05-12T20:35:26.800+0500] {processor.py:830} INFO - Processing file /home/awahab02/mlops_assignment_2/myenv/lib/python3.10/site-packages/airflow/example_dags/example_bash_decorator.py for tasks to queue
[2024-05-12T20:35:26.801+0500] {logging_mixin.py:188} INFO - [2024-05-12T20:35:26.801+0500] {dagbag.py:545} INFO - Filling up the DagBag from /home/awahab02/mlops_assignment_2/myenv/lib/python3.10/site-packages/airflow/example_dags/example_bash_decorator.py
[2024-05-12T20:35:26.813+0500] {processor.py:840} INFO - DAG(s) 'example_bash_decorator' retrieved from /home/awahab02/mlops_assignment_2/myenv/lib/python3.10/site-packages/airflow/example_dags/example_bash_decorator.py
[2024-05-12T20:35:26.829+0500] {logging_mixin.py:188} INFO - [2024-05-12T20:35:26.829+0500] {dag.py:3096} INFO - Sync 1 DAGs
[2024-05-12T20:35:26.838+0500] {logging_mixin.py:188} INFO - [2024-05-12T20:35:26.838+0500] {dag.py:3954} INFO - Setting next_dagrun for example_bash_decorator to None, run_after=None
[2024-05-12T20:35:26.863+0500] {processor.py:183} INFO - Processing /home/awahab02/mlops_assignment_2/myenv/lib/python3.10/site-packages/airflow/example_dags/example_bash_decorator.py took 0.092 seconds
[2024-05-12T20:36:19.492+0500] {processor.py:161} INFO - Started process (PID=15092) to work on /home/awahab02/mlops_assignment_2/myenv/lib/python3.10/site-packages/airflow/example_dags/example_bash_decorator.py
[2024-05-12T20:36:19.517+0500] {processor.py:830} INFO - Processing file /home/awahab02/mlops_assignment_2/myenv/lib/python3.10/site-packages/airflow/example_dags/example_bash_decorator.py for tasks to queue
[2024-05-12T20:36:19.518+0500] {logging_mixin.py:188} INFO - [2024-05-12T20:36:19.517+0500] {dagbag.py:545} INFO - Filling up the DagBag from /home/awahab02/mlops_assignment_2/myenv/lib/python3.10/site-packages/airflow/example_dags/example_bash_decorator.py
[2024-05-12T20:36:19.529+0500] {processor.py:840} INFO - DAG(s) 'example_bash_decorator' retrieved from /home/awahab02/mlops_assignment_2/myenv/lib/python3.10/site-packages/airflow/example_dags/example_bash_decorator.py
[2024-05-12T20:36:19.545+0500] {logging_mixin.py:188} INFO - [2024-05-12T20:36:19.545+0500] {dag.py:3096} INFO - Sync 1 DAGs
[2024-05-12T20:36:19.555+0500] {logging_mixin.py:188} INFO - [2024-05-12T20:36:19.554+0500] {dag.py:3954} INFO - Setting next_dagrun for example_bash_decorator to None, run_after=None
[2024-05-12T20:36:19.587+0500] {processor.py:183} INFO - Processing /home/awahab02/mlops_assignment_2/myenv/lib/python3.10/site-packages/airflow/example_dags/example_bash_decorator.py took 0.101 seconds
[2024-05-12T20:37:07.051+0500] {processor.py:161} INFO - Started process (PID=15321) to work on /home/awahab02/mlops_assignment_2/myenv/lib/python3.10/site-packages/airflow/example_dags/example_bash_decorator.py
[2024-05-12T20:37:07.053+0500] {processor.py:830} INFO - Processing file /home/awahab02/mlops_assignment_2/myenv/lib/python3.10/site-packages/airflow/example_dags/example_bash_decorator.py for tasks to queue
[2024-05-12T20:37:07.054+0500] {logging_mixin.py:188} INFO - [2024-05-12T20:37:07.054+0500] {dagbag.py:545} INFO - Filling up the DagBag from /home/awahab02/mlops_assignment_2/myenv/lib/python3.10/site-packages/airflow/example_dags/example_bash_decorator.py
[2024-05-12T20:37:07.068+0500] {processor.py:840} INFO - DAG(s) 'example_bash_decorator' retrieved from /home/awahab02/mlops_assignment_2/myenv/lib/python3.10/site-packages/airflow/example_dags/example_bash_decorator.py
[2024-05-12T20:37:07.083+0500] {logging_mixin.py:188} INFO - [2024-05-12T20:37:07.083+0500] {dag.py:3096} INFO - Sync 1 DAGs
[2024-05-12T20:37:07.095+0500] {logging_mixin.py:188} INFO - [2024-05-12T20:37:07.095+0500] {dag.py:3954} INFO - Setting next_dagrun for example_bash_decorator to None, run_after=None
[2024-05-12T20:37:07.124+0500] {processor.py:183} INFO - Processing /home/awahab02/mlops_assignment_2/myenv/lib/python3.10/site-packages/airflow/example_dags/example_bash_decorator.py took 0.088 seconds
[2024-05-12T20:39:06.536+0500] {processor.py:161} INFO - Started process (PID=16370) to work on /home/awahab02/mlops_assignment_2/myenv/lib/python3.10/site-packages/airflow/example_dags/example_bash_decorator.py
[2024-05-12T20:39:06.565+0500] {processor.py:830} INFO - Processing file /home/awahab02/mlops_assignment_2/myenv/lib/python3.10/site-packages/airflow/example_dags/example_bash_decorator.py for tasks to queue
[2024-05-12T20:39:06.566+0500] {logging_mixin.py:188} INFO - [2024-05-12T20:39:06.565+0500] {dagbag.py:545} INFO - Filling up the DagBag from /home/awahab02/mlops_assignment_2/myenv/lib/python3.10/site-packages/airflow/example_dags/example_bash_decorator.py
[2024-05-12T20:39:06.578+0500] {processor.py:840} INFO - DAG(s) 'example_bash_decorator' retrieved from /home/awahab02/mlops_assignment_2/myenv/lib/python3.10/site-packages/airflow/example_dags/example_bash_decorator.py
[2024-05-12T20:39:06.596+0500] {logging_mixin.py:188} INFO - [2024-05-12T20:39:06.596+0500] {dag.py:3096} INFO - Sync 1 DAGs
[2024-05-12T20:39:06.607+0500] {logging_mixin.py:188} INFO - [2024-05-12T20:39:06.606+0500] {dag.py:3954} INFO - Setting next_dagrun for example_bash_decorator to None, run_after=None
[2024-05-12T20:39:06.631+0500] {processor.py:183} INFO - Processing /home/awahab02/mlops_assignment_2/myenv/lib/python3.10/site-packages/airflow/example_dags/example_bash_decorator.py took 0.101 seconds
[2024-05-12T20:39:59.214+0500] {processor.py:161} INFO - Started process (PID=16691) to work on /home/awahab02/mlops_assignment_2/myenv/lib/python3.10/site-packages/airflow/example_dags/example_bash_decorator.py
[2024-05-12T20:39:59.215+0500] {processor.py:830} INFO - Processing file /home/awahab02/mlops_assignment_2/myenv/lib/python3.10/site-packages/airflow/example_dags/example_bash_decorator.py for tasks to queue
[2024-05-12T20:39:59.216+0500] {logging_mixin.py:188} INFO - [2024-05-12T20:39:59.216+0500] {dagbag.py:545} INFO - Filling up the DagBag from /home/awahab02/mlops_assignment_2/myenv/lib/python3.10/site-packages/airflow/example_dags/example_bash_decorator.py
[2024-05-12T20:39:59.228+0500] {processor.py:840} INFO - DAG(s) 'example_bash_decorator' retrieved from /home/awahab02/mlops_assignment_2/myenv/lib/python3.10/site-packages/airflow/example_dags/example_bash_decorator.py
[2024-05-12T20:39:59.243+0500] {logging_mixin.py:188} INFO - [2024-05-12T20:39:59.243+0500] {dag.py:3096} INFO - Sync 1 DAGs
[2024-05-12T20:39:59.251+0500] {logging_mixin.py:188} INFO - [2024-05-12T20:39:59.251+0500] {dag.py:3954} INFO - Setting next_dagrun for example_bash_decorator to None, run_after=None
[2024-05-12T20:39:59.273+0500] {processor.py:183} INFO - Processing /home/awahab02/mlops_assignment_2/myenv/lib/python3.10/site-packages/airflow/example_dags/example_bash_decorator.py took 0.065 seconds
[2024-05-12T20:40:51.012+0500] {processor.py:161} INFO - Started process (PID=17024) to work on /home/awahab02/mlops_assignment_2/myenv/lib/python3.10/site-packages/airflow/example_dags/example_bash_decorator.py
[2024-05-12T20:40:51.066+0500] {processor.py:830} INFO - Processing file /home/awahab02/mlops_assignment_2/myenv/lib/python3.10/site-packages/airflow/example_dags/example_bash_decorator.py for tasks to queue
[2024-05-12T20:40:51.067+0500] {logging_mixin.py:188} INFO - [2024-05-12T20:40:51.066+0500] {dagbag.py:545} INFO - Filling up the DagBag from /home/awahab02/mlops_assignment_2/myenv/lib/python3.10/site-packages/airflow/example_dags/example_bash_decorator.py
[2024-05-12T20:40:51.078+0500] {processor.py:840} INFO - DAG(s) 'example_bash_decorator' retrieved from /home/awahab02/mlops_assignment_2/myenv/lib/python3.10/site-packages/airflow/example_dags/example_bash_decorator.py
[2024-05-12T20:40:51.093+0500] {logging_mixin.py:188} INFO - [2024-05-12T20:40:51.093+0500] {dag.py:3096} INFO - Sync 1 DAGs
[2024-05-12T20:40:51.104+0500] {logging_mixin.py:188} INFO - [2024-05-12T20:40:51.104+0500] {dag.py:3954} INFO - Setting next_dagrun for example_bash_decorator to None, run_after=None
[2024-05-12T20:40:51.145+0500] {processor.py:183} INFO - Processing /home/awahab02/mlops_assignment_2/myenv/lib/python3.10/site-packages/airflow/example_dags/example_bash_decorator.py took 0.139 seconds
[2024-05-12T20:41:35.399+0500] {processor.py:161} INFO - Started process (PID=17324) to work on /home/awahab02/mlops_assignment_2/myenv/lib/python3.10/site-packages/airflow/example_dags/example_bash_decorator.py
[2024-05-12T20:41:35.400+0500] {processor.py:830} INFO - Processing file /home/awahab02/mlops_assignment_2/myenv/lib/python3.10/site-packages/airflow/example_dags/example_bash_decorator.py for tasks to queue
[2024-05-12T20:41:35.401+0500] {logging_mixin.py:188} INFO - [2024-05-12T20:41:35.401+0500] {dagbag.py:545} INFO - Filling up the DagBag from /home/awahab02/mlops_assignment_2/myenv/lib/python3.10/site-packages/airflow/example_dags/example_bash_decorator.py
[2024-05-12T20:41:35.414+0500] {processor.py:840} INFO - DAG(s) 'example_bash_decorator' retrieved from /home/awahab02/mlops_assignment_2/myenv/lib/python3.10/site-packages/airflow/example_dags/example_bash_decorator.py
[2024-05-12T20:41:35.428+0500] {logging_mixin.py:188} INFO - [2024-05-12T20:41:35.428+0500] {dag.py:3096} INFO - Sync 1 DAGs
[2024-05-12T20:41:35.437+0500] {logging_mixin.py:188} INFO - [2024-05-12T20:41:35.437+0500] {dag.py:3954} INFO - Setting next_dagrun for example_bash_decorator to None, run_after=None
[2024-05-12T20:41:35.465+0500] {processor.py:183} INFO - Processing /home/awahab02/mlops_assignment_2/myenv/lib/python3.10/site-packages/airflow/example_dags/example_bash_decorator.py took 0.071 seconds
[2024-05-12T20:42:20.919+0500] {processor.py:161} INFO - Started process (PID=17623) to work on /home/awahab02/mlops_assignment_2/myenv/lib/python3.10/site-packages/airflow/example_dags/example_bash_decorator.py
[2024-05-12T20:42:20.955+0500] {processor.py:830} INFO - Processing file /home/awahab02/mlops_assignment_2/myenv/lib/python3.10/site-packages/airflow/example_dags/example_bash_decorator.py for tasks to queue
[2024-05-12T20:42:20.956+0500] {logging_mixin.py:188} INFO - [2024-05-12T20:42:20.956+0500] {dagbag.py:545} INFO - Filling up the DagBag from /home/awahab02/mlops_assignment_2/myenv/lib/python3.10/site-packages/airflow/example_dags/example_bash_decorator.py
[2024-05-12T20:42:20.967+0500] {processor.py:840} INFO - DAG(s) 'example_bash_decorator' retrieved from /home/awahab02/mlops_assignment_2/myenv/lib/python3.10/site-packages/airflow/example_dags/example_bash_decorator.py
[2024-05-12T20:42:20.981+0500] {logging_mixin.py:188} INFO - [2024-05-12T20:42:20.980+0500] {dag.py:3096} INFO - Sync 1 DAGs
[2024-05-12T20:42:20.989+0500] {logging_mixin.py:188} INFO - [2024-05-12T20:42:20.989+0500] {dag.py:3954} INFO - Setting next_dagrun for example_bash_decorator to None, run_after=None
[2024-05-12T20:42:21.013+0500] {processor.py:183} INFO - Processing /home/awahab02/mlops_assignment_2/myenv/lib/python3.10/site-packages/airflow/example_dags/example_bash_decorator.py took 0.100 seconds
[2024-05-12T20:43:06.340+0500] {processor.py:161} INFO - Started process (PID=17984) to work on /home/awahab02/mlops_assignment_2/myenv/lib/python3.10/site-packages/airflow/example_dags/example_bash_decorator.py
[2024-05-12T20:43:06.341+0500] {processor.py:830} INFO - Processing file /home/awahab02/mlops_assignment_2/myenv/lib/python3.10/site-packages/airflow/example_dags/example_bash_decorator.py for tasks to queue
[2024-05-12T20:43:06.342+0500] {logging_mixin.py:188} INFO - [2024-05-12T20:43:06.342+0500] {dagbag.py:545} INFO - Filling up the DagBag from /home/awahab02/mlops_assignment_2/myenv/lib/python3.10/site-packages/airflow/example_dags/example_bash_decorator.py
[2024-05-12T20:43:06.357+0500] {processor.py:840} INFO - DAG(s) 'example_bash_decorator' retrieved from /home/awahab02/mlops_assignment_2/myenv/lib/python3.10/site-packages/airflow/example_dags/example_bash_decorator.py
[2024-05-12T20:43:06.375+0500] {logging_mixin.py:188} INFO - [2024-05-12T20:43:06.375+0500] {dag.py:3096} INFO - Sync 1 DAGs
[2024-05-12T20:43:06.390+0500] {logging_mixin.py:188} INFO - [2024-05-12T20:43:06.389+0500] {dag.py:3954} INFO - Setting next_dagrun for example_bash_decorator to None, run_after=None
[2024-05-12T20:43:06.423+0500] {processor.py:183} INFO - Processing /home/awahab02/mlops_assignment_2/myenv/lib/python3.10/site-packages/airflow/example_dags/example_bash_decorator.py took 0.090 seconds
[2024-05-12T20:43:52.794+0500] {processor.py:161} INFO - Started process (PID=18212) to work on /home/awahab02/mlops_assignment_2/myenv/lib/python3.10/site-packages/airflow/example_dags/example_bash_decorator.py
[2024-05-12T20:43:52.795+0500] {processor.py:830} INFO - Processing file /home/awahab02/mlops_assignment_2/myenv/lib/python3.10/site-packages/airflow/example_dags/example_bash_decorator.py for tasks to queue
[2024-05-12T20:43:52.796+0500] {logging_mixin.py:188} INFO - [2024-05-12T20:43:52.795+0500] {dagbag.py:545} INFO - Filling up the DagBag from /home/awahab02/mlops_assignment_2/myenv/lib/python3.10/site-packages/airflow/example_dags/example_bash_decorator.py
[2024-05-12T20:43:52.810+0500] {processor.py:840} INFO - DAG(s) 'example_bash_decorator' retrieved from /home/awahab02/mlops_assignment_2/myenv/lib/python3.10/site-packages/airflow/example_dags/example_bash_decorator.py
[2024-05-12T20:43:52.828+0500] {logging_mixin.py:188} INFO - [2024-05-12T20:43:52.828+0500] {dag.py:3096} INFO - Sync 1 DAGs
[2024-05-12T20:43:52.837+0500] {logging_mixin.py:188} INFO - [2024-05-12T20:43:52.837+0500] {dag.py:3954} INFO - Setting next_dagrun for example_bash_decorator to None, run_after=None
[2024-05-12T20:43:52.862+0500] {processor.py:183} INFO - Processing /home/awahab02/mlops_assignment_2/myenv/lib/python3.10/site-packages/airflow/example_dags/example_bash_decorator.py took 0.076 seconds
