[2024-05-12T20:20:50.784+0500] {processor.py:161} INFO - Started process (PID=9379) to work on /home/awahab02/mlops_assignment_2/myenv/lib/python3.10/site-packages/airflow/example_dags/example_short_circuit_decorator.py
[2024-05-12T20:20:50.785+0500] {processor.py:830} INFO - Processing file /home/awahab02/mlops_assignment_2/myenv/lib/python3.10/site-packages/airflow/example_dags/example_short_circuit_decorator.py for tasks to queue
[2024-05-12T20:20:50.786+0500] {logging_mixin.py:188} INFO - [2024-05-12T20:20:50.786+0500] {dagbag.py:545} INFO - Filling up the DagBag from /home/awahab02/mlops_assignment_2/myenv/lib/python3.10/site-packages/airflow/example_dags/example_short_circuit_decorator.py
[2024-05-12T20:20:50.793+0500] {processor.py:840} INFO - DAG(s) 'example_short_circuit_decorator' retrieved from /home/awahab02/mlops_assignment_2/myenv/lib/python3.10/site-packages/airflow/example_dags/example_short_circuit_decorator.py
[2024-05-12T20:20:50.990+0500] {logging_mixin.py:188} INFO - [2024-05-12T20:20:50.989+0500] {override.py:1829} INFO - Created Permission View: can read on DAG:example_short_circuit_decorator
[2024-05-12T20:20:51.010+0500] {logging_mixin.py:188} INFO - [2024-05-12T20:20:51.010+0500] {override.py:1829} INFO - Created Permission View: can edit on DAG:example_short_circuit_decorator
[2024-05-12T20:20:51.027+0500] {logging_mixin.py:188} INFO - [2024-05-12T20:20:51.027+0500] {override.py:1829} INFO - Created Permission View: can delete on DAG:example_short_circuit_decorator
[2024-05-12T20:20:51.027+0500] {logging_mixin.py:188} INFO - [2024-05-12T20:20:51.027+0500] {dag.py:3096} INFO - Sync 1 DAGs
[2024-05-12T20:20:51.036+0500] {logging_mixin.py:188} INFO - [2024-05-12T20:20:51.036+0500] {dag.py:3118} INFO - Creating ORM DAG for example_short_circuit_decorator
[2024-05-12T20:20:51.043+0500] {logging_mixin.py:188} INFO - [2024-05-12T20:20:51.043+0500] {dag.py:3954} INFO - Setting next_dagrun for example_short_circuit_decorator to 2024-05-11 00:00:00+00:00, run_after=2024-05-12 00:00:00+00:00
[2024-05-12T20:20:51.071+0500] {processor.py:183} INFO - Processing /home/awahab02/mlops_assignment_2/myenv/lib/python3.10/site-packages/airflow/example_dags/example_short_circuit_decorator.py took 0.293 seconds
[2024-05-12T20:21:46.189+0500] {processor.py:161} INFO - Started process (PID=9627) to work on /home/awahab02/mlops_assignment_2/myenv/lib/python3.10/site-packages/airflow/example_dags/example_short_circuit_decorator.py
[2024-05-12T20:21:46.216+0500] {processor.py:830} INFO - Processing file /home/awahab02/mlops_assignment_2/myenv/lib/python3.10/site-packages/airflow/example_dags/example_short_circuit_decorator.py for tasks to queue
[2024-05-12T20:21:46.217+0500] {logging_mixin.py:188} INFO - [2024-05-12T20:21:46.217+0500] {dagbag.py:545} INFO - Filling up the DagBag from /home/awahab02/mlops_assignment_2/myenv/lib/python3.10/site-packages/airflow/example_dags/example_short_circuit_decorator.py
[2024-05-12T20:21:46.224+0500] {processor.py:840} INFO - DAG(s) 'example_short_circuit_decorator' retrieved from /home/awahab02/mlops_assignment_2/myenv/lib/python3.10/site-packages/airflow/example_dags/example_short_circuit_decorator.py
[2024-05-12T20:21:46.239+0500] {logging_mixin.py:188} INFO - [2024-05-12T20:21:46.239+0500] {dag.py:3096} INFO - Sync 1 DAGs
[2024-05-12T20:21:46.255+0500] {logging_mixin.py:188} INFO - [2024-05-12T20:21:46.255+0500] {dag.py:3954} INFO - Setting next_dagrun for example_short_circuit_decorator to 2024-05-11 00:00:00+00:00, run_after=2024-05-12 00:00:00+00:00
[2024-05-12T20:21:46.279+0500] {processor.py:183} INFO - Processing /home/awahab02/mlops_assignment_2/myenv/lib/python3.10/site-packages/airflow/example_dags/example_short_circuit_decorator.py took 0.095 seconds
[2024-05-12T20:22:34.560+0500] {processor.py:161} INFO - Started process (PID=9826) to work on /home/awahab02/mlops_assignment_2/myenv/lib/python3.10/site-packages/airflow/example_dags/example_short_circuit_decorator.py
[2024-05-12T20:22:34.603+0500] {processor.py:830} INFO - Processing file /home/awahab02/mlops_assignment_2/myenv/lib/python3.10/site-packages/airflow/example_dags/example_short_circuit_decorator.py for tasks to queue
[2024-05-12T20:22:34.604+0500] {logging_mixin.py:188} INFO - [2024-05-12T20:22:34.604+0500] {dagbag.py:545} INFO - Filling up the DagBag from /home/awahab02/mlops_assignment_2/myenv/lib/python3.10/site-packages/airflow/example_dags/example_short_circuit_decorator.py
[2024-05-12T20:22:34.612+0500] {processor.py:840} INFO - DAG(s) 'example_short_circuit_decorator' retrieved from /home/awahab02/mlops_assignment_2/myenv/lib/python3.10/site-packages/airflow/example_dags/example_short_circuit_decorator.py
[2024-05-12T20:22:34.632+0500] {logging_mixin.py:188} INFO - [2024-05-12T20:22:34.632+0500] {dag.py:3096} INFO - Sync 1 DAGs
[2024-05-12T20:22:34.654+0500] {logging_mixin.py:188} INFO - [2024-05-12T20:22:34.654+0500] {dag.py:3954} INFO - Setting next_dagrun for example_short_circuit_decorator to 2024-05-11 00:00:00+00:00, run_after=2024-05-12 00:00:00+00:00
[2024-05-12T20:22:34.684+0500] {processor.py:183} INFO - Processing /home/awahab02/mlops_assignment_2/myenv/lib/python3.10/site-packages/airflow/example_dags/example_short_circuit_decorator.py took 0.130 seconds
[2024-05-12T20:23:31.342+0500] {processor.py:161} INFO - Started process (PID=10294) to work on /home/awahab02/mlops_assignment_2/myenv/lib/python3.10/site-packages/airflow/example_dags/example_short_circuit_decorator.py
[2024-05-12T20:23:31.344+0500] {processor.py:830} INFO - Processing file /home/awahab02/mlops_assignment_2/myenv/lib/python3.10/site-packages/airflow/example_dags/example_short_circuit_decorator.py for tasks to queue
[2024-05-12T20:23:31.345+0500] {logging_mixin.py:188} INFO - [2024-05-12T20:23:31.345+0500] {dagbag.py:545} INFO - Filling up the DagBag from /home/awahab02/mlops_assignment_2/myenv/lib/python3.10/site-packages/airflow/example_dags/example_short_circuit_decorator.py
[2024-05-12T20:23:31.353+0500] {processor.py:840} INFO - DAG(s) 'example_short_circuit_decorator' retrieved from /home/awahab02/mlops_assignment_2/myenv/lib/python3.10/site-packages/airflow/example_dags/example_short_circuit_decorator.py
[2024-05-12T20:23:31.371+0500] {logging_mixin.py:188} INFO - [2024-05-12T20:23:31.370+0500] {dag.py:3096} INFO - Sync 1 DAGs
[2024-05-12T20:23:31.389+0500] {logging_mixin.py:188} INFO - [2024-05-12T20:23:31.389+0500] {dag.py:3954} INFO - Setting next_dagrun for example_short_circuit_decorator to 2024-05-11 00:00:00+00:00, run_after=2024-05-12 00:00:00+00:00
[2024-05-12T20:23:31.415+0500] {processor.py:183} INFO - Processing /home/awahab02/mlops_assignment_2/myenv/lib/python3.10/site-packages/airflow/example_dags/example_short_circuit_decorator.py took 0.078 seconds
[2024-05-12T20:24:18.064+0500] {processor.py:161} INFO - Started process (PID=10567) to work on /home/awahab02/mlops_assignment_2/myenv/lib/python3.10/site-packages/airflow/example_dags/example_short_circuit_decorator.py
[2024-05-12T20:24:18.104+0500] {processor.py:830} INFO - Processing file /home/awahab02/mlops_assignment_2/myenv/lib/python3.10/site-packages/airflow/example_dags/example_short_circuit_decorator.py for tasks to queue
[2024-05-12T20:24:18.106+0500] {logging_mixin.py:188} INFO - [2024-05-12T20:24:18.106+0500] {dagbag.py:545} INFO - Filling up the DagBag from /home/awahab02/mlops_assignment_2/myenv/lib/python3.10/site-packages/airflow/example_dags/example_short_circuit_decorator.py
[2024-05-12T20:24:18.113+0500] {processor.py:840} INFO - DAG(s) 'example_short_circuit_decorator' retrieved from /home/awahab02/mlops_assignment_2/myenv/lib/python3.10/site-packages/airflow/example_dags/example_short_circuit_decorator.py
[2024-05-12T20:24:18.127+0500] {logging_mixin.py:188} INFO - [2024-05-12T20:24:18.127+0500] {dag.py:3096} INFO - Sync 1 DAGs
[2024-05-12T20:24:18.142+0500] {logging_mixin.py:188} INFO - [2024-05-12T20:24:18.142+0500] {dag.py:3954} INFO - Setting next_dagrun for example_short_circuit_decorator to 2024-05-11 00:00:00+00:00, run_after=2024-05-12 00:00:00+00:00
[2024-05-12T20:24:18.169+0500] {processor.py:183} INFO - Processing /home/awahab02/mlops_assignment_2/myenv/lib/python3.10/site-packages/airflow/example_dags/example_short_circuit_decorator.py took 0.112 seconds
[2024-05-12T20:25:17.074+0500] {processor.py:161} INFO - Started process (PID=10849) to work on /home/awahab02/mlops_assignment_2/myenv/lib/python3.10/site-packages/airflow/example_dags/example_short_circuit_decorator.py
[2024-05-12T20:25:17.076+0500] {processor.py:830} INFO - Processing file /home/awahab02/mlops_assignment_2/myenv/lib/python3.10/site-packages/airflow/example_dags/example_short_circuit_decorator.py for tasks to queue
[2024-05-12T20:25:17.078+0500] {logging_mixin.py:188} INFO - [2024-05-12T20:25:17.077+0500] {dagbag.py:545} INFO - Filling up the DagBag from /home/awahab02/mlops_assignment_2/myenv/lib/python3.10/site-packages/airflow/example_dags/example_short_circuit_decorator.py
[2024-05-12T20:25:17.089+0500] {processor.py:840} INFO - DAG(s) 'example_short_circuit_decorator' retrieved from /home/awahab02/mlops_assignment_2/myenv/lib/python3.10/site-packages/airflow/example_dags/example_short_circuit_decorator.py
[2024-05-12T20:25:17.108+0500] {logging_mixin.py:188} INFO - [2024-05-12T20:25:17.108+0500] {dag.py:3096} INFO - Sync 1 DAGs
[2024-05-12T20:25:17.129+0500] {logging_mixin.py:188} INFO - [2024-05-12T20:25:17.129+0500] {dag.py:3954} INFO - Setting next_dagrun for example_short_circuit_decorator to 2024-05-11 00:00:00+00:00, run_after=2024-05-12 00:00:00+00:00
[2024-05-12T20:25:17.155+0500] {processor.py:183} INFO - Processing /home/awahab02/mlops_assignment_2/myenv/lib/python3.10/site-packages/airflow/example_dags/example_short_circuit_decorator.py took 0.090 seconds
[2024-05-12T20:26:19.813+0500] {processor.py:161} INFO - Started process (PID=11161) to work on /home/awahab02/mlops_assignment_2/myenv/lib/python3.10/site-packages/airflow/example_dags/example_short_circuit_decorator.py
[2024-05-12T20:26:19.814+0500] {processor.py:830} INFO - Processing file /home/awahab02/mlops_assignment_2/myenv/lib/python3.10/site-packages/airflow/example_dags/example_short_circuit_decorator.py for tasks to queue
[2024-05-12T20:26:19.816+0500] {logging_mixin.py:188} INFO - [2024-05-12T20:26:19.815+0500] {dagbag.py:545} INFO - Filling up the DagBag from /home/awahab02/mlops_assignment_2/myenv/lib/python3.10/site-packages/airflow/example_dags/example_short_circuit_decorator.py
[2024-05-12T20:26:19.823+0500] {processor.py:840} INFO - DAG(s) 'example_short_circuit_decorator' retrieved from /home/awahab02/mlops_assignment_2/myenv/lib/python3.10/site-packages/airflow/example_dags/example_short_circuit_decorator.py
[2024-05-12T20:26:19.837+0500] {logging_mixin.py:188} INFO - [2024-05-12T20:26:19.837+0500] {dag.py:3096} INFO - Sync 1 DAGs
[2024-05-12T20:26:19.852+0500] {logging_mixin.py:188} INFO - [2024-05-12T20:26:19.852+0500] {dag.py:3954} INFO - Setting next_dagrun for example_short_circuit_decorator to 2024-05-11 00:00:00+00:00, run_after=2024-05-12 00:00:00+00:00
[2024-05-12T20:26:19.877+0500] {processor.py:183} INFO - Processing /home/awahab02/mlops_assignment_2/myenv/lib/python3.10/site-packages/airflow/example_dags/example_short_circuit_decorator.py took 0.069 seconds
[2024-05-12T20:27:56.700+0500] {processor.py:161} INFO - Started process (PID=12001) to work on /home/awahab02/mlops_assignment_2/myenv/lib/python3.10/site-packages/airflow/example_dags/example_short_circuit_decorator.py
[2024-05-12T20:27:56.702+0500] {processor.py:830} INFO - Processing file /home/awahab02/mlops_assignment_2/myenv/lib/python3.10/site-packages/airflow/example_dags/example_short_circuit_decorator.py for tasks to queue
[2024-05-12T20:27:56.703+0500] {logging_mixin.py:188} INFO - [2024-05-12T20:27:56.703+0500] {dagbag.py:545} INFO - Filling up the DagBag from /home/awahab02/mlops_assignment_2/myenv/lib/python3.10/site-packages/airflow/example_dags/example_short_circuit_decorator.py
[2024-05-12T20:27:56.710+0500] {processor.py:840} INFO - DAG(s) 'example_short_circuit_decorator' retrieved from /home/awahab02/mlops_assignment_2/myenv/lib/python3.10/site-packages/airflow/example_dags/example_short_circuit_decorator.py
[2024-05-12T20:27:56.726+0500] {logging_mixin.py:188} INFO - [2024-05-12T20:27:56.726+0500] {dag.py:3096} INFO - Sync 1 DAGs
[2024-05-12T20:27:56.743+0500] {logging_mixin.py:188} INFO - [2024-05-12T20:27:56.743+0500] {dag.py:3954} INFO - Setting next_dagrun for example_short_circuit_decorator to 2024-05-11 00:00:00+00:00, run_after=2024-05-12 00:00:00+00:00
[2024-05-12T20:27:56.767+0500] {processor.py:183} INFO - Processing /home/awahab02/mlops_assignment_2/myenv/lib/python3.10/site-packages/airflow/example_dags/example_short_circuit_decorator.py took 0.072 seconds
[2024-05-12T20:28:47.813+0500] {processor.py:161} INFO - Started process (PID=12246) to work on /home/awahab02/mlops_assignment_2/myenv/lib/python3.10/site-packages/airflow/example_dags/example_short_circuit_decorator.py
[2024-05-12T20:28:47.836+0500] {processor.py:830} INFO - Processing file /home/awahab02/mlops_assignment_2/myenv/lib/python3.10/site-packages/airflow/example_dags/example_short_circuit_decorator.py for tasks to queue
[2024-05-12T20:28:47.838+0500] {logging_mixin.py:188} INFO - [2024-05-12T20:28:47.837+0500] {dagbag.py:545} INFO - Filling up the DagBag from /home/awahab02/mlops_assignment_2/myenv/lib/python3.10/site-packages/airflow/example_dags/example_short_circuit_decorator.py
[2024-05-12T20:28:47.845+0500] {processor.py:840} INFO - DAG(s) 'example_short_circuit_decorator' retrieved from /home/awahab02/mlops_assignment_2/myenv/lib/python3.10/site-packages/airflow/example_dags/example_short_circuit_decorator.py
[2024-05-12T20:28:47.859+0500] {logging_mixin.py:188} INFO - [2024-05-12T20:28:47.859+0500] {dag.py:3096} INFO - Sync 1 DAGs
[2024-05-12T20:28:47.874+0500] {logging_mixin.py:188} INFO - [2024-05-12T20:28:47.874+0500] {dag.py:3954} INFO - Setting next_dagrun for example_short_circuit_decorator to 2024-05-11 00:00:00+00:00, run_after=2024-05-12 00:00:00+00:00
[2024-05-12T20:28:47.901+0500] {processor.py:183} INFO - Processing /home/awahab02/mlops_assignment_2/myenv/lib/python3.10/site-packages/airflow/example_dags/example_short_circuit_decorator.py took 0.092 seconds
[2024-05-12T20:29:41.243+0500] {processor.py:161} INFO - Started process (PID=12559) to work on /home/awahab02/mlops_assignment_2/myenv/lib/python3.10/site-packages/airflow/example_dags/example_short_circuit_decorator.py
[2024-05-12T20:29:41.244+0500] {processor.py:830} INFO - Processing file /home/awahab02/mlops_assignment_2/myenv/lib/python3.10/site-packages/airflow/example_dags/example_short_circuit_decorator.py for tasks to queue
[2024-05-12T20:29:41.246+0500] {logging_mixin.py:188} INFO - [2024-05-12T20:29:41.246+0500] {dagbag.py:545} INFO - Filling up the DagBag from /home/awahab02/mlops_assignment_2/myenv/lib/python3.10/site-packages/airflow/example_dags/example_short_circuit_decorator.py
[2024-05-12T20:29:41.258+0500] {processor.py:840} INFO - DAG(s) 'example_short_circuit_decorator' retrieved from /home/awahab02/mlops_assignment_2/myenv/lib/python3.10/site-packages/airflow/example_dags/example_short_circuit_decorator.py
[2024-05-12T20:29:41.276+0500] {logging_mixin.py:188} INFO - [2024-05-12T20:29:41.276+0500] {dag.py:3096} INFO - Sync 1 DAGs
[2024-05-12T20:29:41.295+0500] {logging_mixin.py:188} INFO - [2024-05-12T20:29:41.294+0500] {dag.py:3954} INFO - Setting next_dagrun for example_short_circuit_decorator to 2024-05-11 00:00:00+00:00, run_after=2024-05-12 00:00:00+00:00
[2024-05-12T20:29:41.331+0500] {processor.py:183} INFO - Processing /home/awahab02/mlops_assignment_2/myenv/lib/python3.10/site-packages/airflow/example_dags/example_short_circuit_decorator.py took 0.093 seconds
[2024-05-12T20:31:02.139+0500] {processor.py:161} INFO - Started process (PID=13151) to work on /home/awahab02/mlops_assignment_2/myenv/lib/python3.10/site-packages/airflow/example_dags/example_short_circuit_decorator.py
[2024-05-12T20:31:02.141+0500] {processor.py:830} INFO - Processing file /home/awahab02/mlops_assignment_2/myenv/lib/python3.10/site-packages/airflow/example_dags/example_short_circuit_decorator.py for tasks to queue
[2024-05-12T20:31:02.142+0500] {logging_mixin.py:188} INFO - [2024-05-12T20:31:02.142+0500] {dagbag.py:545} INFO - Filling up the DagBag from /home/awahab02/mlops_assignment_2/myenv/lib/python3.10/site-packages/airflow/example_dags/example_short_circuit_decorator.py
[2024-05-12T20:31:02.151+0500] {processor.py:840} INFO - DAG(s) 'example_short_circuit_decorator' retrieved from /home/awahab02/mlops_assignment_2/myenv/lib/python3.10/site-packages/airflow/example_dags/example_short_circuit_decorator.py
[2024-05-12T20:31:02.168+0500] {logging_mixin.py:188} INFO - [2024-05-12T20:31:02.168+0500] {dag.py:3096} INFO - Sync 1 DAGs
[2024-05-12T20:31:02.183+0500] {logging_mixin.py:188} INFO - [2024-05-12T20:31:02.183+0500] {dag.py:3954} INFO - Setting next_dagrun for example_short_circuit_decorator to 2024-05-11 00:00:00+00:00, run_after=2024-05-12 00:00:00+00:00
[2024-05-12T20:31:02.208+0500] {processor.py:183} INFO - Processing /home/awahab02/mlops_assignment_2/myenv/lib/python3.10/site-packages/airflow/example_dags/example_short_circuit_decorator.py took 0.073 seconds
[2024-05-12T20:31:53.297+0500] {processor.py:161} INFO - Started process (PID=13389) to work on /home/awahab02/mlops_assignment_2/myenv/lib/python3.10/site-packages/airflow/example_dags/example_short_circuit_decorator.py
[2024-05-12T20:31:53.301+0500] {processor.py:830} INFO - Processing file /home/awahab02/mlops_assignment_2/myenv/lib/python3.10/site-packages/airflow/example_dags/example_short_circuit_decorator.py for tasks to queue
[2024-05-12T20:31:53.304+0500] {logging_mixin.py:188} INFO - [2024-05-12T20:31:53.303+0500] {dagbag.py:545} INFO - Filling up the DagBag from /home/awahab02/mlops_assignment_2/myenv/lib/python3.10/site-packages/airflow/example_dags/example_short_circuit_decorator.py
[2024-05-12T20:31:53.332+0500] {processor.py:840} INFO - DAG(s) 'example_short_circuit_decorator' retrieved from /home/awahab02/mlops_assignment_2/myenv/lib/python3.10/site-packages/airflow/example_dags/example_short_circuit_decorator.py
[2024-05-12T20:31:53.376+0500] {logging_mixin.py:188} INFO - [2024-05-12T20:31:53.375+0500] {dag.py:3096} INFO - Sync 1 DAGs
[2024-05-12T20:31:53.428+0500] {logging_mixin.py:188} INFO - [2024-05-12T20:31:53.428+0500] {dag.py:3954} INFO - Setting next_dagrun for example_short_circuit_decorator to 2024-05-11 00:00:00+00:00, run_after=2024-05-12 00:00:00+00:00
[2024-05-12T20:31:53.512+0500] {processor.py:183} INFO - Processing /home/awahab02/mlops_assignment_2/myenv/lib/python3.10/site-packages/airflow/example_dags/example_short_circuit_decorator.py took 0.244 seconds
[2024-05-12T20:34:35.809+0500] {processor.py:161} INFO - Started process (PID=14571) to work on /home/awahab02/mlops_assignment_2/myenv/lib/python3.10/site-packages/airflow/example_dags/example_short_circuit_decorator.py
[2024-05-12T20:34:35.810+0500] {processor.py:830} INFO - Processing file /home/awahab02/mlops_assignment_2/myenv/lib/python3.10/site-packages/airflow/example_dags/example_short_circuit_decorator.py for tasks to queue
[2024-05-12T20:34:35.813+0500] {logging_mixin.py:188} INFO - [2024-05-12T20:34:35.812+0500] {dagbag.py:545} INFO - Filling up the DagBag from /home/awahab02/mlops_assignment_2/myenv/lib/python3.10/site-packages/airflow/example_dags/example_short_circuit_decorator.py
[2024-05-12T20:34:35.821+0500] {processor.py:840} INFO - DAG(s) 'example_short_circuit_decorator' retrieved from /home/awahab02/mlops_assignment_2/myenv/lib/python3.10/site-packages/airflow/example_dags/example_short_circuit_decorator.py
[2024-05-12T20:34:35.841+0500] {logging_mixin.py:188} INFO - [2024-05-12T20:34:35.840+0500] {dag.py:3096} INFO - Sync 1 DAGs
[2024-05-12T20:34:35.859+0500] {logging_mixin.py:188} INFO - [2024-05-12T20:34:35.859+0500] {dag.py:3954} INFO - Setting next_dagrun for example_short_circuit_decorator to 2024-05-11 00:00:00+00:00, run_after=2024-05-12 00:00:00+00:00
[2024-05-12T20:34:35.887+0500] {processor.py:183} INFO - Processing /home/awahab02/mlops_assignment_2/myenv/lib/python3.10/site-packages/airflow/example_dags/example_short_circuit_decorator.py took 0.086 seconds
[2024-05-12T20:35:28.598+0500] {processor.py:161} INFO - Started process (PID=14854) to work on /home/awahab02/mlops_assignment_2/myenv/lib/python3.10/site-packages/airflow/example_dags/example_short_circuit_decorator.py
[2024-05-12T20:35:28.599+0500] {processor.py:830} INFO - Processing file /home/awahab02/mlops_assignment_2/myenv/lib/python3.10/site-packages/airflow/example_dags/example_short_circuit_decorator.py for tasks to queue
[2024-05-12T20:35:28.600+0500] {logging_mixin.py:188} INFO - [2024-05-12T20:35:28.600+0500] {dagbag.py:545} INFO - Filling up the DagBag from /home/awahab02/mlops_assignment_2/myenv/lib/python3.10/site-packages/airflow/example_dags/example_short_circuit_decorator.py
[2024-05-12T20:35:28.607+0500] {processor.py:840} INFO - DAG(s) 'example_short_circuit_decorator' retrieved from /home/awahab02/mlops_assignment_2/myenv/lib/python3.10/site-packages/airflow/example_dags/example_short_circuit_decorator.py
[2024-05-12T20:35:28.623+0500] {logging_mixin.py:188} INFO - [2024-05-12T20:35:28.623+0500] {dag.py:3096} INFO - Sync 1 DAGs
[2024-05-12T20:35:28.640+0500] {logging_mixin.py:188} INFO - [2024-05-12T20:35:28.640+0500] {dag.py:3954} INFO - Setting next_dagrun for example_short_circuit_decorator to 2024-05-11 00:00:00+00:00, run_after=2024-05-12 00:00:00+00:00
[2024-05-12T20:35:28.665+0500] {processor.py:183} INFO - Processing /home/awahab02/mlops_assignment_2/myenv/lib/python3.10/site-packages/airflow/example_dags/example_short_circuit_decorator.py took 0.073 seconds
[2024-05-12T20:36:22.527+0500] {processor.py:161} INFO - Started process (PID=15116) to work on /home/awahab02/mlops_assignment_2/myenv/lib/python3.10/site-packages/airflow/example_dags/example_short_circuit_decorator.py
[2024-05-12T20:36:22.551+0500] {processor.py:830} INFO - Processing file /home/awahab02/mlops_assignment_2/myenv/lib/python3.10/site-packages/airflow/example_dags/example_short_circuit_decorator.py for tasks to queue
[2024-05-12T20:36:22.553+0500] {logging_mixin.py:188} INFO - [2024-05-12T20:36:22.552+0500] {dagbag.py:545} INFO - Filling up the DagBag from /home/awahab02/mlops_assignment_2/myenv/lib/python3.10/site-packages/airflow/example_dags/example_short_circuit_decorator.py
[2024-05-12T20:36:22.563+0500] {processor.py:840} INFO - DAG(s) 'example_short_circuit_decorator' retrieved from /home/awahab02/mlops_assignment_2/myenv/lib/python3.10/site-packages/airflow/example_dags/example_short_circuit_decorator.py
[2024-05-12T20:36:22.579+0500] {logging_mixin.py:188} INFO - [2024-05-12T20:36:22.578+0500] {dag.py:3096} INFO - Sync 1 DAGs
[2024-05-12T20:36:22.593+0500] {logging_mixin.py:188} INFO - [2024-05-12T20:36:22.593+0500] {dag.py:3954} INFO - Setting next_dagrun for example_short_circuit_decorator to 2024-05-11 00:00:00+00:00, run_after=2024-05-12 00:00:00+00:00
[2024-05-12T20:36:22.618+0500] {processor.py:183} INFO - Processing /home/awahab02/mlops_assignment_2/myenv/lib/python3.10/site-packages/airflow/example_dags/example_short_circuit_decorator.py took 0.098 seconds
[2024-05-12T20:37:10.435+0500] {processor.py:161} INFO - Started process (PID=15360) to work on /home/awahab02/mlops_assignment_2/myenv/lib/python3.10/site-packages/airflow/example_dags/example_short_circuit_decorator.py
[2024-05-12T20:37:10.460+0500] {processor.py:830} INFO - Processing file /home/awahab02/mlops_assignment_2/myenv/lib/python3.10/site-packages/airflow/example_dags/example_short_circuit_decorator.py for tasks to queue
[2024-05-12T20:37:10.461+0500] {logging_mixin.py:188} INFO - [2024-05-12T20:37:10.460+0500] {dagbag.py:545} INFO - Filling up the DagBag from /home/awahab02/mlops_assignment_2/myenv/lib/python3.10/site-packages/airflow/example_dags/example_short_circuit_decorator.py
[2024-05-12T20:37:10.468+0500] {processor.py:840} INFO - DAG(s) 'example_short_circuit_decorator' retrieved from /home/awahab02/mlops_assignment_2/myenv/lib/python3.10/site-packages/airflow/example_dags/example_short_circuit_decorator.py
[2024-05-12T20:37:10.484+0500] {logging_mixin.py:188} INFO - [2024-05-12T20:37:10.484+0500] {dag.py:3096} INFO - Sync 1 DAGs
[2024-05-12T20:37:10.498+0500] {logging_mixin.py:188} INFO - [2024-05-12T20:37:10.498+0500] {dag.py:3954} INFO - Setting next_dagrun for example_short_circuit_decorator to 2024-05-11 00:00:00+00:00, run_after=2024-05-12 00:00:00+00:00
[2024-05-12T20:37:10.523+0500] {processor.py:183} INFO - Processing /home/awahab02/mlops_assignment_2/myenv/lib/python3.10/site-packages/airflow/example_dags/example_short_circuit_decorator.py took 0.093 seconds
[2024-05-12T20:39:09.300+0500] {processor.py:161} INFO - Started process (PID=16379) to work on /home/awahab02/mlops_assignment_2/myenv/lib/python3.10/site-packages/airflow/example_dags/example_short_circuit_decorator.py
[2024-05-12T20:39:09.301+0500] {processor.py:830} INFO - Processing file /home/awahab02/mlops_assignment_2/myenv/lib/python3.10/site-packages/airflow/example_dags/example_short_circuit_decorator.py for tasks to queue
[2024-05-12T20:39:09.302+0500] {logging_mixin.py:188} INFO - [2024-05-12T20:39:09.302+0500] {dagbag.py:545} INFO - Filling up the DagBag from /home/awahab02/mlops_assignment_2/myenv/lib/python3.10/site-packages/airflow/example_dags/example_short_circuit_decorator.py
[2024-05-12T20:39:09.311+0500] {processor.py:840} INFO - DAG(s) 'example_short_circuit_decorator' retrieved from /home/awahab02/mlops_assignment_2/myenv/lib/python3.10/site-packages/airflow/example_dags/example_short_circuit_decorator.py
[2024-05-12T20:39:09.333+0500] {logging_mixin.py:188} INFO - [2024-05-12T20:39:09.332+0500] {dag.py:3096} INFO - Sync 1 DAGs
[2024-05-12T20:39:09.348+0500] {logging_mixin.py:188} INFO - [2024-05-12T20:39:09.348+0500] {dag.py:3954} INFO - Setting next_dagrun for example_short_circuit_decorator to 2024-05-11 00:00:00+00:00, run_after=2024-05-12 00:00:00+00:00
[2024-05-12T20:39:09.381+0500] {processor.py:183} INFO - Processing /home/awahab02/mlops_assignment_2/myenv/lib/python3.10/site-packages/airflow/example_dags/example_short_circuit_decorator.py took 0.086 seconds
[2024-05-12T20:40:02.211+0500] {processor.py:161} INFO - Started process (PID=16704) to work on /home/awahab02/mlops_assignment_2/myenv/lib/python3.10/site-packages/airflow/example_dags/example_short_circuit_decorator.py
[2024-05-12T20:40:02.244+0500] {processor.py:830} INFO - Processing file /home/awahab02/mlops_assignment_2/myenv/lib/python3.10/site-packages/airflow/example_dags/example_short_circuit_decorator.py for tasks to queue
[2024-05-12T20:40:02.245+0500] {logging_mixin.py:188} INFO - [2024-05-12T20:40:02.245+0500] {dagbag.py:545} INFO - Filling up the DagBag from /home/awahab02/mlops_assignment_2/myenv/lib/python3.10/site-packages/airflow/example_dags/example_short_circuit_decorator.py
[2024-05-12T20:40:02.252+0500] {processor.py:840} INFO - DAG(s) 'example_short_circuit_decorator' retrieved from /home/awahab02/mlops_assignment_2/myenv/lib/python3.10/site-packages/airflow/example_dags/example_short_circuit_decorator.py
[2024-05-12T20:40:02.267+0500] {logging_mixin.py:188} INFO - [2024-05-12T20:40:02.267+0500] {dag.py:3096} INFO - Sync 1 DAGs
[2024-05-12T20:40:02.280+0500] {logging_mixin.py:188} INFO - [2024-05-12T20:40:02.280+0500] {dag.py:3954} INFO - Setting next_dagrun for example_short_circuit_decorator to 2024-05-11 00:00:00+00:00, run_after=2024-05-12 00:00:00+00:00
[2024-05-12T20:40:02.306+0500] {processor.py:183} INFO - Processing /home/awahab02/mlops_assignment_2/myenv/lib/python3.10/site-packages/airflow/example_dags/example_short_circuit_decorator.py took 0.100 seconds
[2024-05-12T20:40:53.893+0500] {processor.py:161} INFO - Started process (PID=17045) to work on /home/awahab02/mlops_assignment_2/myenv/lib/python3.10/site-packages/airflow/example_dags/example_short_circuit_decorator.py
[2024-05-12T20:40:53.921+0500] {processor.py:830} INFO - Processing file /home/awahab02/mlops_assignment_2/myenv/lib/python3.10/site-packages/airflow/example_dags/example_short_circuit_decorator.py for tasks to queue
[2024-05-12T20:40:53.922+0500] {logging_mixin.py:188} INFO - [2024-05-12T20:40:53.922+0500] {dagbag.py:545} INFO - Filling up the DagBag from /home/awahab02/mlops_assignment_2/myenv/lib/python3.10/site-packages/airflow/example_dags/example_short_circuit_decorator.py
[2024-05-12T20:40:53.930+0500] {processor.py:840} INFO - DAG(s) 'example_short_circuit_decorator' retrieved from /home/awahab02/mlops_assignment_2/myenv/lib/python3.10/site-packages/airflow/example_dags/example_short_circuit_decorator.py
[2024-05-12T20:40:53.948+0500] {logging_mixin.py:188} INFO - [2024-05-12T20:40:53.947+0500] {dag.py:3096} INFO - Sync 1 DAGs
[2024-05-12T20:40:53.967+0500] {logging_mixin.py:188} INFO - [2024-05-12T20:40:53.967+0500] {dag.py:3954} INFO - Setting next_dagrun for example_short_circuit_decorator to 2024-05-11 00:00:00+00:00, run_after=2024-05-12 00:00:00+00:00
[2024-05-12T20:40:54.003+0500] {processor.py:183} INFO - Processing /home/awahab02/mlops_assignment_2/myenv/lib/python3.10/site-packages/airflow/example_dags/example_short_circuit_decorator.py took 0.118 seconds
[2024-05-12T20:41:38.247+0500] {processor.py:161} INFO - Started process (PID=17340) to work on /home/awahab02/mlops_assignment_2/myenv/lib/python3.10/site-packages/airflow/example_dags/example_short_circuit_decorator.py
[2024-05-12T20:41:38.290+0500] {processor.py:830} INFO - Processing file /home/awahab02/mlops_assignment_2/myenv/lib/python3.10/site-packages/airflow/example_dags/example_short_circuit_decorator.py for tasks to queue
[2024-05-12T20:41:38.291+0500] {logging_mixin.py:188} INFO - [2024-05-12T20:41:38.290+0500] {dagbag.py:545} INFO - Filling up the DagBag from /home/awahab02/mlops_assignment_2/myenv/lib/python3.10/site-packages/airflow/example_dags/example_short_circuit_decorator.py
[2024-05-12T20:41:38.301+0500] {processor.py:840} INFO - DAG(s) 'example_short_circuit_decorator' retrieved from /home/awahab02/mlops_assignment_2/myenv/lib/python3.10/site-packages/airflow/example_dags/example_short_circuit_decorator.py
[2024-05-12T20:41:38.316+0500] {logging_mixin.py:188} INFO - [2024-05-12T20:41:38.315+0500] {dag.py:3096} INFO - Sync 1 DAGs
[2024-05-12T20:41:38.331+0500] {logging_mixin.py:188} INFO - [2024-05-12T20:41:38.331+0500] {dag.py:3954} INFO - Setting next_dagrun for example_short_circuit_decorator to 2024-05-11 00:00:00+00:00, run_after=2024-05-12 00:00:00+00:00
[2024-05-12T20:41:38.357+0500] {processor.py:183} INFO - Processing /home/awahab02/mlops_assignment_2/myenv/lib/python3.10/site-packages/airflow/example_dags/example_short_circuit_decorator.py took 0.117 seconds
[2024-05-12T20:42:24.554+0500] {processor.py:161} INFO - Started process (PID=17642) to work on /home/awahab02/mlops_assignment_2/myenv/lib/python3.10/site-packages/airflow/example_dags/example_short_circuit_decorator.py
[2024-05-12T20:42:24.556+0500] {processor.py:830} INFO - Processing file /home/awahab02/mlops_assignment_2/myenv/lib/python3.10/site-packages/airflow/example_dags/example_short_circuit_decorator.py for tasks to queue
[2024-05-12T20:42:24.557+0500] {logging_mixin.py:188} INFO - [2024-05-12T20:42:24.557+0500] {dagbag.py:545} INFO - Filling up the DagBag from /home/awahab02/mlops_assignment_2/myenv/lib/python3.10/site-packages/airflow/example_dags/example_short_circuit_decorator.py
[2024-05-12T20:42:24.566+0500] {processor.py:840} INFO - DAG(s) 'example_short_circuit_decorator' retrieved from /home/awahab02/mlops_assignment_2/myenv/lib/python3.10/site-packages/airflow/example_dags/example_short_circuit_decorator.py
[2024-05-12T20:42:24.582+0500] {logging_mixin.py:188} INFO - [2024-05-12T20:42:24.582+0500] {dag.py:3096} INFO - Sync 1 DAGs
[2024-05-12T20:42:24.597+0500] {logging_mixin.py:188} INFO - [2024-05-12T20:42:24.596+0500] {dag.py:3954} INFO - Setting next_dagrun for example_short_circuit_decorator to 2024-05-11 00:00:00+00:00, run_after=2024-05-12 00:00:00+00:00
[2024-05-12T20:42:24.625+0500] {processor.py:183} INFO - Processing /home/awahab02/mlops_assignment_2/myenv/lib/python3.10/site-packages/airflow/example_dags/example_short_circuit_decorator.py took 0.076 seconds
[2024-05-12T20:43:08.932+0500] {processor.py:161} INFO - Started process (PID=18005) to work on /home/awahab02/mlops_assignment_2/myenv/lib/python3.10/site-packages/airflow/example_dags/example_short_circuit_decorator.py
[2024-05-12T20:43:08.934+0500] {processor.py:830} INFO - Processing file /home/awahab02/mlops_assignment_2/myenv/lib/python3.10/site-packages/airflow/example_dags/example_short_circuit_decorator.py for tasks to queue
[2024-05-12T20:43:08.935+0500] {logging_mixin.py:188} INFO - [2024-05-12T20:43:08.935+0500] {dagbag.py:545} INFO - Filling up the DagBag from /home/awahab02/mlops_assignment_2/myenv/lib/python3.10/site-packages/airflow/example_dags/example_short_circuit_decorator.py
[2024-05-12T20:43:08.958+0500] {processor.py:840} INFO - DAG(s) 'example_short_circuit_decorator' retrieved from /home/awahab02/mlops_assignment_2/myenv/lib/python3.10/site-packages/airflow/example_dags/example_short_circuit_decorator.py
[2024-05-12T20:43:08.979+0500] {logging_mixin.py:188} INFO - [2024-05-12T20:43:08.978+0500] {dag.py:3096} INFO - Sync 1 DAGs
[2024-05-12T20:43:09.001+0500] {logging_mixin.py:188} INFO - [2024-05-12T20:43:09.001+0500] {dag.py:3954} INFO - Setting next_dagrun for example_short_circuit_decorator to 2024-05-11 00:00:00+00:00, run_after=2024-05-12 00:00:00+00:00
[2024-05-12T20:43:09.033+0500] {processor.py:183} INFO - Processing /home/awahab02/mlops_assignment_2/myenv/lib/python3.10/site-packages/airflow/example_dags/example_short_circuit_decorator.py took 0.120 seconds
[2024-05-12T20:43:55.594+0500] {processor.py:161} INFO - Started process (PID=18224) to work on /home/awahab02/mlops_assignment_2/myenv/lib/python3.10/site-packages/airflow/example_dags/example_short_circuit_decorator.py
[2024-05-12T20:43:55.596+0500] {processor.py:830} INFO - Processing file /home/awahab02/mlops_assignment_2/myenv/lib/python3.10/site-packages/airflow/example_dags/example_short_circuit_decorator.py for tasks to queue
[2024-05-12T20:43:55.597+0500] {logging_mixin.py:188} INFO - [2024-05-12T20:43:55.597+0500] {dagbag.py:545} INFO - Filling up the DagBag from /home/awahab02/mlops_assignment_2/myenv/lib/python3.10/site-packages/airflow/example_dags/example_short_circuit_decorator.py
[2024-05-12T20:43:55.605+0500] {processor.py:840} INFO - DAG(s) 'example_short_circuit_decorator' retrieved from /home/awahab02/mlops_assignment_2/myenv/lib/python3.10/site-packages/airflow/example_dags/example_short_circuit_decorator.py
[2024-05-12T20:43:55.622+0500] {logging_mixin.py:188} INFO - [2024-05-12T20:43:55.621+0500] {dag.py:3096} INFO - Sync 1 DAGs
[2024-05-12T20:43:55.640+0500] {logging_mixin.py:188} INFO - [2024-05-12T20:43:55.640+0500] {dag.py:3954} INFO - Setting next_dagrun for example_short_circuit_decorator to 2024-05-11 00:00:00+00:00, run_after=2024-05-12 00:00:00+00:00
[2024-05-12T20:43:55.667+0500] {processor.py:183} INFO - Processing /home/awahab02/mlops_assignment_2/myenv/lib/python3.10/site-packages/airflow/example_dags/example_short_circuit_decorator.py took 0.079 seconds
