[2024-05-12T20:20:59.816+0500] {processor.py:161} INFO - Started process (PID=9447) to work on /home/awahab02/mlops_assignment_2/myenv/lib/python3.10/site-packages/airflow/example_dags/example_python_operator.py
[2024-05-12T20:20:59.817+0500] {processor.py:830} INFO - Processing file /home/awahab02/mlops_assignment_2/myenv/lib/python3.10/site-packages/airflow/example_dags/example_python_operator.py for tasks to queue
[2024-05-12T20:20:59.818+0500] {logging_mixin.py:188} INFO - [2024-05-12T20:20:59.818+0500] {dagbag.py:545} INFO - Filling up the DagBag from /home/awahab02/mlops_assignment_2/myenv/lib/python3.10/site-packages/airflow/example_dags/example_python_operator.py
[2024-05-12T20:20:59.884+0500] {logging_mixin.py:188} INFO - [2024-05-12T20:20:59.884+0500] {example_python_operator.py:93} WARNING - The virtalenv_python example task requires virtualenv, please install it.
[2024-05-12T20:20:59.884+0500] {processor.py:840} INFO - DAG(s) 'example_python_operator' retrieved from /home/awahab02/mlops_assignment_2/myenv/lib/python3.10/site-packages/airflow/example_dags/example_python_operator.py
[2024-05-12T20:21:00.009+0500] {logging_mixin.py:188} INFO - [2024-05-12T20:21:00.008+0500] {override.py:1829} INFO - Created Permission View: can read on DAG:example_python_operator
[2024-05-12T20:21:00.027+0500] {logging_mixin.py:188} INFO - [2024-05-12T20:21:00.026+0500] {override.py:1829} INFO - Created Permission View: can edit on DAG:example_python_operator
[2024-05-12T20:21:00.041+0500] {logging_mixin.py:188} INFO - [2024-05-12T20:21:00.041+0500] {override.py:1829} INFO - Created Permission View: can delete on DAG:example_python_operator
[2024-05-12T20:21:00.042+0500] {logging_mixin.py:188} INFO - [2024-05-12T20:21:00.042+0500] {dag.py:3096} INFO - Sync 1 DAGs
[2024-05-12T20:21:00.051+0500] {logging_mixin.py:188} INFO - [2024-05-12T20:21:00.051+0500] {dag.py:3118} INFO - Creating ORM DAG for example_python_operator
[2024-05-12T20:21:00.052+0500] {logging_mixin.py:188} INFO - [2024-05-12T20:21:00.052+0500] {dag.py:3954} INFO - Setting next_dagrun for example_python_operator to None, run_after=None
[2024-05-12T20:21:00.076+0500] {processor.py:183} INFO - Processing /home/awahab02/mlops_assignment_2/myenv/lib/python3.10/site-packages/airflow/example_dags/example_python_operator.py took 0.265 seconds
[2024-05-12T20:21:52.977+0500] {processor.py:161} INFO - Started process (PID=9661) to work on /home/awahab02/mlops_assignment_2/myenv/lib/python3.10/site-packages/airflow/example_dags/example_python_operator.py
[2024-05-12T20:21:53.009+0500] {processor.py:830} INFO - Processing file /home/awahab02/mlops_assignment_2/myenv/lib/python3.10/site-packages/airflow/example_dags/example_python_operator.py for tasks to queue
[2024-05-12T20:21:53.015+0500] {logging_mixin.py:188} INFO - [2024-05-12T20:21:53.013+0500] {dagbag.py:545} INFO - Filling up the DagBag from /home/awahab02/mlops_assignment_2/myenv/lib/python3.10/site-packages/airflow/example_dags/example_python_operator.py
[2024-05-12T20:21:53.098+0500] {logging_mixin.py:188} INFO - [2024-05-12T20:21:53.098+0500] {example_python_operator.py:93} WARNING - The virtalenv_python example task requires virtualenv, please install it.
[2024-05-12T20:21:53.098+0500] {processor.py:840} INFO - DAG(s) 'example_python_operator' retrieved from /home/awahab02/mlops_assignment_2/myenv/lib/python3.10/site-packages/airflow/example_dags/example_python_operator.py
[2024-05-12T20:21:53.111+0500] {logging_mixin.py:188} INFO - [2024-05-12T20:21:53.111+0500] {dag.py:3096} INFO - Sync 1 DAGs
[2024-05-12T20:21:53.120+0500] {logging_mixin.py:188} INFO - [2024-05-12T20:21:53.120+0500] {dag.py:3954} INFO - Setting next_dagrun for example_python_operator to None, run_after=None
[2024-05-12T20:21:53.146+0500] {processor.py:183} INFO - Processing /home/awahab02/mlops_assignment_2/myenv/lib/python3.10/site-packages/airflow/example_dags/example_python_operator.py took 0.176 seconds
[2024-05-12T20:22:42.357+0500] {processor.py:161} INFO - Started process (PID=9866) to work on /home/awahab02/mlops_assignment_2/myenv/lib/python3.10/site-packages/airflow/example_dags/example_python_operator.py
[2024-05-12T20:22:42.385+0500] {processor.py:830} INFO - Processing file /home/awahab02/mlops_assignment_2/myenv/lib/python3.10/site-packages/airflow/example_dags/example_python_operator.py for tasks to queue
[2024-05-12T20:22:42.387+0500] {logging_mixin.py:188} INFO - [2024-05-12T20:22:42.386+0500] {dagbag.py:545} INFO - Filling up the DagBag from /home/awahab02/mlops_assignment_2/myenv/lib/python3.10/site-packages/airflow/example_dags/example_python_operator.py
[2024-05-12T20:22:42.461+0500] {logging_mixin.py:188} INFO - [2024-05-12T20:22:42.461+0500] {example_python_operator.py:93} WARNING - The virtalenv_python example task requires virtualenv, please install it.
[2024-05-12T20:22:42.461+0500] {processor.py:840} INFO - DAG(s) 'example_python_operator' retrieved from /home/awahab02/mlops_assignment_2/myenv/lib/python3.10/site-packages/airflow/example_dags/example_python_operator.py
[2024-05-12T20:22:42.475+0500] {logging_mixin.py:188} INFO - [2024-05-12T20:22:42.475+0500] {dag.py:3096} INFO - Sync 1 DAGs
[2024-05-12T20:22:42.488+0500] {logging_mixin.py:188} INFO - [2024-05-12T20:22:42.487+0500] {dag.py:3954} INFO - Setting next_dagrun for example_python_operator to None, run_after=None
[2024-05-12T20:22:42.520+0500] {processor.py:183} INFO - Processing /home/awahab02/mlops_assignment_2/myenv/lib/python3.10/site-packages/airflow/example_dags/example_python_operator.py took 0.168 seconds
[2024-05-12T20:23:39.660+0500] {processor.py:161} INFO - Started process (PID=10391) to work on /home/awahab02/mlops_assignment_2/myenv/lib/python3.10/site-packages/airflow/example_dags/example_python_operator.py
[2024-05-12T20:23:39.699+0500] {processor.py:830} INFO - Processing file /home/awahab02/mlops_assignment_2/myenv/lib/python3.10/site-packages/airflow/example_dags/example_python_operator.py for tasks to queue
[2024-05-12T20:23:39.701+0500] {logging_mixin.py:188} INFO - [2024-05-12T20:23:39.701+0500] {dagbag.py:545} INFO - Filling up the DagBag from /home/awahab02/mlops_assignment_2/myenv/lib/python3.10/site-packages/airflow/example_dags/example_python_operator.py
[2024-05-12T20:23:39.777+0500] {logging_mixin.py:188} INFO - [2024-05-12T20:23:39.776+0500] {example_python_operator.py:93} WARNING - The virtalenv_python example task requires virtualenv, please install it.
[2024-05-12T20:23:39.778+0500] {processor.py:840} INFO - DAG(s) 'example_python_operator' retrieved from /home/awahab02/mlops_assignment_2/myenv/lib/python3.10/site-packages/airflow/example_dags/example_python_operator.py
[2024-05-12T20:23:39.792+0500] {logging_mixin.py:188} INFO - [2024-05-12T20:23:39.792+0500] {dag.py:3096} INFO - Sync 1 DAGs
[2024-05-12T20:23:39.804+0500] {logging_mixin.py:188} INFO - [2024-05-12T20:23:39.804+0500] {dag.py:3954} INFO - Setting next_dagrun for example_python_operator to None, run_after=None
[2024-05-12T20:23:39.833+0500] {processor.py:183} INFO - Processing /home/awahab02/mlops_assignment_2/myenv/lib/python3.10/site-packages/airflow/example_dags/example_python_operator.py took 0.179 seconds
[2024-05-12T20:24:40.687+0500] {processor.py:161} INFO - Started process (PID=10688) to work on /home/awahab02/mlops_assignment_2/myenv/lib/python3.10/site-packages/airflow/example_dags/example_python_operator.py
[2024-05-12T20:24:40.731+0500] {processor.py:830} INFO - Processing file /home/awahab02/mlops_assignment_2/myenv/lib/python3.10/site-packages/airflow/example_dags/example_python_operator.py for tasks to queue
[2024-05-12T20:24:40.733+0500] {logging_mixin.py:188} INFO - [2024-05-12T20:24:40.733+0500] {dagbag.py:545} INFO - Filling up the DagBag from /home/awahab02/mlops_assignment_2/myenv/lib/python3.10/site-packages/airflow/example_dags/example_python_operator.py
[2024-05-12T20:24:40.799+0500] {logging_mixin.py:188} INFO - [2024-05-12T20:24:40.798+0500] {example_python_operator.py:93} WARNING - The virtalenv_python example task requires virtualenv, please install it.
[2024-05-12T20:24:40.799+0500] {processor.py:840} INFO - DAG(s) 'example_python_operator' retrieved from /home/awahab02/mlops_assignment_2/myenv/lib/python3.10/site-packages/airflow/example_dags/example_python_operator.py
[2024-05-12T20:24:40.813+0500] {logging_mixin.py:188} INFO - [2024-05-12T20:24:40.813+0500] {dag.py:3096} INFO - Sync 1 DAGs
[2024-05-12T20:24:40.822+0500] {logging_mixin.py:188} INFO - [2024-05-12T20:24:40.822+0500] {dag.py:3954} INFO - Setting next_dagrun for example_python_operator to None, run_after=None
[2024-05-12T20:24:40.846+0500] {processor.py:183} INFO - Processing /home/awahab02/mlops_assignment_2/myenv/lib/python3.10/site-packages/airflow/example_dags/example_python_operator.py took 0.165 seconds
[2024-05-12T20:25:40.742+0500] {processor.py:161} INFO - Started process (PID=10988) to work on /home/awahab02/mlops_assignment_2/myenv/lib/python3.10/site-packages/airflow/example_dags/example_python_operator.py
[2024-05-12T20:25:40.787+0500] {processor.py:830} INFO - Processing file /home/awahab02/mlops_assignment_2/myenv/lib/python3.10/site-packages/airflow/example_dags/example_python_operator.py for tasks to queue
[2024-05-12T20:25:40.788+0500] {logging_mixin.py:188} INFO - [2024-05-12T20:25:40.788+0500] {dagbag.py:545} INFO - Filling up the DagBag from /home/awahab02/mlops_assignment_2/myenv/lib/python3.10/site-packages/airflow/example_dags/example_python_operator.py
[2024-05-12T20:25:40.853+0500] {logging_mixin.py:188} INFO - [2024-05-12T20:25:40.853+0500] {example_python_operator.py:93} WARNING - The virtalenv_python example task requires virtualenv, please install it.
[2024-05-12T20:25:40.854+0500] {processor.py:840} INFO - DAG(s) 'example_python_operator' retrieved from /home/awahab02/mlops_assignment_2/myenv/lib/python3.10/site-packages/airflow/example_dags/example_python_operator.py
[2024-05-12T20:25:40.868+0500] {logging_mixin.py:188} INFO - [2024-05-12T20:25:40.867+0500] {dag.py:3096} INFO - Sync 1 DAGs
[2024-05-12T20:25:40.877+0500] {logging_mixin.py:188} INFO - [2024-05-12T20:25:40.876+0500] {dag.py:3954} INFO - Setting next_dagrun for example_python_operator to None, run_after=None
[2024-05-12T20:25:40.901+0500] {processor.py:183} INFO - Processing /home/awahab02/mlops_assignment_2/myenv/lib/python3.10/site-packages/airflow/example_dags/example_python_operator.py took 0.165 seconds
[2024-05-12T20:26:45.287+0500] {processor.py:161} INFO - Started process (PID=11391) to work on /home/awahab02/mlops_assignment_2/myenv/lib/python3.10/site-packages/airflow/example_dags/example_python_operator.py
[2024-05-12T20:26:45.289+0500] {processor.py:830} INFO - Processing file /home/awahab02/mlops_assignment_2/myenv/lib/python3.10/site-packages/airflow/example_dags/example_python_operator.py for tasks to queue
[2024-05-12T20:26:45.291+0500] {logging_mixin.py:188} INFO - [2024-05-12T20:26:45.291+0500] {dagbag.py:545} INFO - Filling up the DagBag from /home/awahab02/mlops_assignment_2/myenv/lib/python3.10/site-packages/airflow/example_dags/example_python_operator.py
[2024-05-12T20:26:45.374+0500] {logging_mixin.py:188} INFO - [2024-05-12T20:26:45.374+0500] {example_python_operator.py:93} WARNING - The virtalenv_python example task requires virtualenv, please install it.
[2024-05-12T20:26:45.375+0500] {processor.py:840} INFO - DAG(s) 'example_python_operator' retrieved from /home/awahab02/mlops_assignment_2/myenv/lib/python3.10/site-packages/airflow/example_dags/example_python_operator.py
[2024-05-12T20:26:45.401+0500] {logging_mixin.py:188} INFO - [2024-05-12T20:26:45.401+0500] {dag.py:3096} INFO - Sync 1 DAGs
[2024-05-12T20:26:45.418+0500] {logging_mixin.py:188} INFO - [2024-05-12T20:26:45.417+0500] {dag.py:3954} INFO - Setting next_dagrun for example_python_operator to None, run_after=None
[2024-05-12T20:26:45.463+0500] {processor.py:183} INFO - Processing /home/awahab02/mlops_assignment_2/myenv/lib/python3.10/site-packages/airflow/example_dags/example_python_operator.py took 0.184 seconds
[2024-05-12T20:28:03.528+0500] {processor.py:161} INFO - Started process (PID=12031) to work on /home/awahab02/mlops_assignment_2/myenv/lib/python3.10/site-packages/airflow/example_dags/example_python_operator.py
[2024-05-12T20:28:03.552+0500] {processor.py:830} INFO - Processing file /home/awahab02/mlops_assignment_2/myenv/lib/python3.10/site-packages/airflow/example_dags/example_python_operator.py for tasks to queue
[2024-05-12T20:28:03.554+0500] {logging_mixin.py:188} INFO - [2024-05-12T20:28:03.553+0500] {dagbag.py:545} INFO - Filling up the DagBag from /home/awahab02/mlops_assignment_2/myenv/lib/python3.10/site-packages/airflow/example_dags/example_python_operator.py
[2024-05-12T20:28:03.635+0500] {logging_mixin.py:188} INFO - [2024-05-12T20:28:03.635+0500] {example_python_operator.py:93} WARNING - The virtalenv_python example task requires virtualenv, please install it.
[2024-05-12T20:28:03.636+0500] {processor.py:840} INFO - DAG(s) 'example_python_operator' retrieved from /home/awahab02/mlops_assignment_2/myenv/lib/python3.10/site-packages/airflow/example_dags/example_python_operator.py
[2024-05-12T20:28:03.656+0500] {logging_mixin.py:188} INFO - [2024-05-12T20:28:03.656+0500] {dag.py:3096} INFO - Sync 1 DAGs
[2024-05-12T20:28:03.668+0500] {logging_mixin.py:188} INFO - [2024-05-12T20:28:03.667+0500] {dag.py:3954} INFO - Setting next_dagrun for example_python_operator to None, run_after=None
[2024-05-12T20:28:03.694+0500] {processor.py:183} INFO - Processing /home/awahab02/mlops_assignment_2/myenv/lib/python3.10/site-packages/airflow/example_dags/example_python_operator.py took 0.172 seconds
[2024-05-12T20:28:56.373+0500] {processor.py:161} INFO - Started process (PID=12288) to work on /home/awahab02/mlops_assignment_2/myenv/lib/python3.10/site-packages/airflow/example_dags/example_python_operator.py
[2024-05-12T20:28:56.375+0500] {processor.py:830} INFO - Processing file /home/awahab02/mlops_assignment_2/myenv/lib/python3.10/site-packages/airflow/example_dags/example_python_operator.py for tasks to queue
[2024-05-12T20:28:56.376+0500] {logging_mixin.py:188} INFO - [2024-05-12T20:28:56.376+0500] {dagbag.py:545} INFO - Filling up the DagBag from /home/awahab02/mlops_assignment_2/myenv/lib/python3.10/site-packages/airflow/example_dags/example_python_operator.py
[2024-05-12T20:28:56.429+0500] {logging_mixin.py:188} INFO - [2024-05-12T20:28:56.429+0500] {example_python_operator.py:93} WARNING - The virtalenv_python example task requires virtualenv, please install it.
[2024-05-12T20:28:56.429+0500] {processor.py:840} INFO - DAG(s) 'example_python_operator' retrieved from /home/awahab02/mlops_assignment_2/myenv/lib/python3.10/site-packages/airflow/example_dags/example_python_operator.py
[2024-05-12T20:28:56.442+0500] {logging_mixin.py:188} INFO - [2024-05-12T20:28:56.442+0500] {dag.py:3096} INFO - Sync 1 DAGs
[2024-05-12T20:28:56.452+0500] {logging_mixin.py:188} INFO - [2024-05-12T20:28:56.452+0500] {dag.py:3954} INFO - Setting next_dagrun for example_python_operator to None, run_after=None
[2024-05-12T20:28:56.477+0500] {processor.py:183} INFO - Processing /home/awahab02/mlops_assignment_2/myenv/lib/python3.10/site-packages/airflow/example_dags/example_python_operator.py took 0.109 seconds
[2024-05-12T20:29:50.097+0500] {processor.py:161} INFO - Started process (PID=12591) to work on /home/awahab02/mlops_assignment_2/myenv/lib/python3.10/site-packages/airflow/example_dags/example_python_operator.py
[2024-05-12T20:29:50.134+0500] {processor.py:830} INFO - Processing file /home/awahab02/mlops_assignment_2/myenv/lib/python3.10/site-packages/airflow/example_dags/example_python_operator.py for tasks to queue
[2024-05-12T20:29:50.135+0500] {logging_mixin.py:188} INFO - [2024-05-12T20:29:50.135+0500] {dagbag.py:545} INFO - Filling up the DagBag from /home/awahab02/mlops_assignment_2/myenv/lib/python3.10/site-packages/airflow/example_dags/example_python_operator.py
[2024-05-12T20:29:50.193+0500] {logging_mixin.py:188} INFO - [2024-05-12T20:29:50.192+0500] {example_python_operator.py:93} WARNING - The virtalenv_python example task requires virtualenv, please install it.
[2024-05-12T20:29:50.193+0500] {processor.py:840} INFO - DAG(s) 'example_python_operator' retrieved from /home/awahab02/mlops_assignment_2/myenv/lib/python3.10/site-packages/airflow/example_dags/example_python_operator.py
[2024-05-12T20:29:50.211+0500] {logging_mixin.py:188} INFO - [2024-05-12T20:29:50.210+0500] {dag.py:3096} INFO - Sync 1 DAGs
[2024-05-12T20:29:50.222+0500] {logging_mixin.py:188} INFO - [2024-05-12T20:29:50.221+0500] {dag.py:3954} INFO - Setting next_dagrun for example_python_operator to None, run_after=None
[2024-05-12T20:29:50.249+0500] {processor.py:183} INFO - Processing /home/awahab02/mlops_assignment_2/myenv/lib/python3.10/site-packages/airflow/example_dags/example_python_operator.py took 0.156 seconds
[2024-05-12T20:31:09.035+0500] {processor.py:161} INFO - Started process (PID=13187) to work on /home/awahab02/mlops_assignment_2/myenv/lib/python3.10/site-packages/airflow/example_dags/example_python_operator.py
[2024-05-12T20:31:09.078+0500] {processor.py:830} INFO - Processing file /home/awahab02/mlops_assignment_2/myenv/lib/python3.10/site-packages/airflow/example_dags/example_python_operator.py for tasks to queue
[2024-05-12T20:31:09.080+0500] {logging_mixin.py:188} INFO - [2024-05-12T20:31:09.079+0500] {dagbag.py:545} INFO - Filling up the DagBag from /home/awahab02/mlops_assignment_2/myenv/lib/python3.10/site-packages/airflow/example_dags/example_python_operator.py
[2024-05-12T20:31:09.149+0500] {logging_mixin.py:188} INFO - [2024-05-12T20:31:09.149+0500] {example_python_operator.py:93} WARNING - The virtalenv_python example task requires virtualenv, please install it.
[2024-05-12T20:31:09.149+0500] {processor.py:840} INFO - DAG(s) 'example_python_operator' retrieved from /home/awahab02/mlops_assignment_2/myenv/lib/python3.10/site-packages/airflow/example_dags/example_python_operator.py
[2024-05-12T20:31:09.165+0500] {logging_mixin.py:188} INFO - [2024-05-12T20:31:09.165+0500] {dag.py:3096} INFO - Sync 1 DAGs
[2024-05-12T20:31:09.174+0500] {logging_mixin.py:188} INFO - [2024-05-12T20:31:09.174+0500] {dag.py:3954} INFO - Setting next_dagrun for example_python_operator to None, run_after=None
[2024-05-12T20:31:09.199+0500] {processor.py:183} INFO - Processing /home/awahab02/mlops_assignment_2/myenv/lib/python3.10/site-packages/airflow/example_dags/example_python_operator.py took 0.169 seconds
[2024-05-12T20:32:14.291+0500] {processor.py:161} INFO - Started process (PID=13498) to work on /home/awahab02/mlops_assignment_2/myenv/lib/python3.10/site-packages/airflow/example_dags/example_python_operator.py
[2024-05-12T20:32:14.293+0500] {processor.py:830} INFO - Processing file /home/awahab02/mlops_assignment_2/myenv/lib/python3.10/site-packages/airflow/example_dags/example_python_operator.py for tasks to queue
[2024-05-12T20:32:14.296+0500] {logging_mixin.py:188} INFO - [2024-05-12T20:32:14.295+0500] {dagbag.py:545} INFO - Filling up the DagBag from /home/awahab02/mlops_assignment_2/myenv/lib/python3.10/site-packages/airflow/example_dags/example_python_operator.py
[2024-05-12T20:32:14.391+0500] {logging_mixin.py:188} INFO - [2024-05-12T20:32:14.390+0500] {example_python_operator.py:93} WARNING - The virtalenv_python example task requires virtualenv, please install it.
[2024-05-12T20:32:14.393+0500] {processor.py:840} INFO - DAG(s) 'example_python_operator' retrieved from /home/awahab02/mlops_assignment_2/myenv/lib/python3.10/site-packages/airflow/example_dags/example_python_operator.py
[2024-05-12T20:32:14.414+0500] {logging_mixin.py:188} INFO - [2024-05-12T20:32:14.413+0500] {dag.py:3096} INFO - Sync 1 DAGs
[2024-05-12T20:32:14.445+0500] {logging_mixin.py:188} INFO - [2024-05-12T20:32:14.444+0500] {dag.py:3954} INFO - Setting next_dagrun for example_python_operator to None, run_after=None
[2024-05-12T20:32:14.492+0500] {processor.py:183} INFO - Processing /home/awahab02/mlops_assignment_2/myenv/lib/python3.10/site-packages/airflow/example_dags/example_python_operator.py took 0.207 seconds
[2024-05-12T20:34:44.583+0500] {processor.py:161} INFO - Started process (PID=14603) to work on /home/awahab02/mlops_assignment_2/myenv/lib/python3.10/site-packages/airflow/example_dags/example_python_operator.py
[2024-05-12T20:34:44.585+0500] {processor.py:830} INFO - Processing file /home/awahab02/mlops_assignment_2/myenv/lib/python3.10/site-packages/airflow/example_dags/example_python_operator.py for tasks to queue
[2024-05-12T20:34:44.586+0500] {logging_mixin.py:188} INFO - [2024-05-12T20:34:44.585+0500] {dagbag.py:545} INFO - Filling up the DagBag from /home/awahab02/mlops_assignment_2/myenv/lib/python3.10/site-packages/airflow/example_dags/example_python_operator.py
[2024-05-12T20:34:44.657+0500] {logging_mixin.py:188} INFO - [2024-05-12T20:34:44.657+0500] {example_python_operator.py:93} WARNING - The virtalenv_python example task requires virtualenv, please install it.
[2024-05-12T20:34:44.658+0500] {processor.py:840} INFO - DAG(s) 'example_python_operator' retrieved from /home/awahab02/mlops_assignment_2/myenv/lib/python3.10/site-packages/airflow/example_dags/example_python_operator.py
[2024-05-12T20:34:44.675+0500] {logging_mixin.py:188} INFO - [2024-05-12T20:34:44.675+0500] {dag.py:3096} INFO - Sync 1 DAGs
[2024-05-12T20:34:44.685+0500] {logging_mixin.py:188} INFO - [2024-05-12T20:34:44.685+0500] {dag.py:3954} INFO - Setting next_dagrun for example_python_operator to None, run_after=None
[2024-05-12T20:34:44.712+0500] {processor.py:183} INFO - Processing /home/awahab02/mlops_assignment_2/myenv/lib/python3.10/site-packages/airflow/example_dags/example_python_operator.py took 0.135 seconds
[2024-05-12T20:35:37.555+0500] {processor.py:161} INFO - Started process (PID=14886) to work on /home/awahab02/mlops_assignment_2/myenv/lib/python3.10/site-packages/airflow/example_dags/example_python_operator.py
[2024-05-12T20:35:37.590+0500] {processor.py:830} INFO - Processing file /home/awahab02/mlops_assignment_2/myenv/lib/python3.10/site-packages/airflow/example_dags/example_python_operator.py for tasks to queue
[2024-05-12T20:35:37.591+0500] {logging_mixin.py:188} INFO - [2024-05-12T20:35:37.591+0500] {dagbag.py:545} INFO - Filling up the DagBag from /home/awahab02/mlops_assignment_2/myenv/lib/python3.10/site-packages/airflow/example_dags/example_python_operator.py
[2024-05-12T20:35:37.673+0500] {logging_mixin.py:188} INFO - [2024-05-12T20:35:37.673+0500] {example_python_operator.py:93} WARNING - The virtalenv_python example task requires virtualenv, please install it.
[2024-05-12T20:35:37.674+0500] {processor.py:840} INFO - DAG(s) 'example_python_operator' retrieved from /home/awahab02/mlops_assignment_2/myenv/lib/python3.10/site-packages/airflow/example_dags/example_python_operator.py
[2024-05-12T20:35:37.688+0500] {logging_mixin.py:188} INFO - [2024-05-12T20:35:37.688+0500] {dag.py:3096} INFO - Sync 1 DAGs
[2024-05-12T20:35:37.697+0500] {logging_mixin.py:188} INFO - [2024-05-12T20:35:37.697+0500] {dag.py:3954} INFO - Setting next_dagrun for example_python_operator to None, run_after=None
[2024-05-12T20:35:37.726+0500] {processor.py:183} INFO - Processing /home/awahab02/mlops_assignment_2/myenv/lib/python3.10/site-packages/airflow/example_dags/example_python_operator.py took 0.175 seconds
[2024-05-12T20:36:31.118+0500] {processor.py:161} INFO - Started process (PID=15165) to work on /home/awahab02/mlops_assignment_2/myenv/lib/python3.10/site-packages/airflow/example_dags/example_python_operator.py
[2024-05-12T20:36:31.146+0500] {processor.py:830} INFO - Processing file /home/awahab02/mlops_assignment_2/myenv/lib/python3.10/site-packages/airflow/example_dags/example_python_operator.py for tasks to queue
[2024-05-12T20:36:31.147+0500] {logging_mixin.py:188} INFO - [2024-05-12T20:36:31.147+0500] {dagbag.py:545} INFO - Filling up the DagBag from /home/awahab02/mlops_assignment_2/myenv/lib/python3.10/site-packages/airflow/example_dags/example_python_operator.py
[2024-05-12T20:36:31.243+0500] {logging_mixin.py:188} INFO - [2024-05-12T20:36:31.243+0500] {example_python_operator.py:93} WARNING - The virtalenv_python example task requires virtualenv, please install it.
[2024-05-12T20:36:31.244+0500] {processor.py:840} INFO - DAG(s) 'example_python_operator' retrieved from /home/awahab02/mlops_assignment_2/myenv/lib/python3.10/site-packages/airflow/example_dags/example_python_operator.py
[2024-05-12T20:36:31.263+0500] {logging_mixin.py:188} INFO - [2024-05-12T20:36:31.263+0500] {dag.py:3096} INFO - Sync 1 DAGs
[2024-05-12T20:36:31.275+0500] {logging_mixin.py:188} INFO - [2024-05-12T20:36:31.275+0500] {dag.py:3954} INFO - Setting next_dagrun for example_python_operator to None, run_after=None
[2024-05-12T20:36:31.304+0500] {processor.py:183} INFO - Processing /home/awahab02/mlops_assignment_2/myenv/lib/python3.10/site-packages/airflow/example_dags/example_python_operator.py took 0.191 seconds
[2024-05-12T20:39:17.962+0500] {processor.py:161} INFO - Started process (PID=16417) to work on /home/awahab02/mlops_assignment_2/myenv/lib/python3.10/site-packages/airflow/example_dags/example_python_operator.py
[2024-05-12T20:39:18.005+0500] {processor.py:830} INFO - Processing file /home/awahab02/mlops_assignment_2/myenv/lib/python3.10/site-packages/airflow/example_dags/example_python_operator.py for tasks to queue
[2024-05-12T20:39:18.006+0500] {logging_mixin.py:188} INFO - [2024-05-12T20:39:18.006+0500] {dagbag.py:545} INFO - Filling up the DagBag from /home/awahab02/mlops_assignment_2/myenv/lib/python3.10/site-packages/airflow/example_dags/example_python_operator.py
[2024-05-12T20:39:18.071+0500] {logging_mixin.py:188} INFO - [2024-05-12T20:39:18.070+0500] {example_python_operator.py:93} WARNING - The virtalenv_python example task requires virtualenv, please install it.
[2024-05-12T20:39:18.071+0500] {processor.py:840} INFO - DAG(s) 'example_python_operator' retrieved from /home/awahab02/mlops_assignment_2/myenv/lib/python3.10/site-packages/airflow/example_dags/example_python_operator.py
[2024-05-12T20:39:18.086+0500] {logging_mixin.py:188} INFO - [2024-05-12T20:39:18.086+0500] {dag.py:3096} INFO - Sync 1 DAGs
[2024-05-12T20:39:18.094+0500] {logging_mixin.py:188} INFO - [2024-05-12T20:39:18.094+0500] {dag.py:3954} INFO - Setting next_dagrun for example_python_operator to None, run_after=None
[2024-05-12T20:39:18.118+0500] {processor.py:183} INFO - Processing /home/awahab02/mlops_assignment_2/myenv/lib/python3.10/site-packages/airflow/example_dags/example_python_operator.py took 0.161 seconds
[2024-05-12T20:40:10.866+0500] {processor.py:161} INFO - Started process (PID=16750) to work on /home/awahab02/mlops_assignment_2/myenv/lib/python3.10/site-packages/airflow/example_dags/example_python_operator.py
[2024-05-12T20:40:10.867+0500] {processor.py:830} INFO - Processing file /home/awahab02/mlops_assignment_2/myenv/lib/python3.10/site-packages/airflow/example_dags/example_python_operator.py for tasks to queue
[2024-05-12T20:40:10.868+0500] {logging_mixin.py:188} INFO - [2024-05-12T20:40:10.868+0500] {dagbag.py:545} INFO - Filling up the DagBag from /home/awahab02/mlops_assignment_2/myenv/lib/python3.10/site-packages/airflow/example_dags/example_python_operator.py
[2024-05-12T20:40:10.933+0500] {logging_mixin.py:188} INFO - [2024-05-12T20:40:10.933+0500] {example_python_operator.py:93} WARNING - The virtalenv_python example task requires virtualenv, please install it.
[2024-05-12T20:40:10.933+0500] {processor.py:840} INFO - DAG(s) 'example_python_operator' retrieved from /home/awahab02/mlops_assignment_2/myenv/lib/python3.10/site-packages/airflow/example_dags/example_python_operator.py
[2024-05-12T20:40:10.946+0500] {logging_mixin.py:188} INFO - [2024-05-12T20:40:10.946+0500] {dag.py:3096} INFO - Sync 1 DAGs
[2024-05-12T20:40:10.955+0500] {logging_mixin.py:188} INFO - [2024-05-12T20:40:10.955+0500] {dag.py:3954} INFO - Setting next_dagrun for example_python_operator to None, run_after=None
[2024-05-12T20:40:10.978+0500] {processor.py:183} INFO - Processing /home/awahab02/mlops_assignment_2/myenv/lib/python3.10/site-packages/airflow/example_dags/example_python_operator.py took 0.118 seconds
[2024-05-12T20:41:02.256+0500] {processor.py:161} INFO - Started process (PID=17117) to work on /home/awahab02/mlops_assignment_2/myenv/lib/python3.10/site-packages/airflow/example_dags/example_python_operator.py
[2024-05-12T20:41:02.303+0500] {processor.py:830} INFO - Processing file /home/awahab02/mlops_assignment_2/myenv/lib/python3.10/site-packages/airflow/example_dags/example_python_operator.py for tasks to queue
[2024-05-12T20:41:02.304+0500] {logging_mixin.py:188} INFO - [2024-05-12T20:41:02.303+0500] {dagbag.py:545} INFO - Filling up the DagBag from /home/awahab02/mlops_assignment_2/myenv/lib/python3.10/site-packages/airflow/example_dags/example_python_operator.py
[2024-05-12T20:41:02.369+0500] {logging_mixin.py:188} INFO - [2024-05-12T20:41:02.369+0500] {example_python_operator.py:93} WARNING - The virtalenv_python example task requires virtualenv, please install it.
[2024-05-12T20:41:02.370+0500] {processor.py:840} INFO - DAG(s) 'example_python_operator' retrieved from /home/awahab02/mlops_assignment_2/myenv/lib/python3.10/site-packages/airflow/example_dags/example_python_operator.py
[2024-05-12T20:41:02.383+0500] {logging_mixin.py:188} INFO - [2024-05-12T20:41:02.383+0500] {dag.py:3096} INFO - Sync 1 DAGs
[2024-05-12T20:41:02.393+0500] {logging_mixin.py:188} INFO - [2024-05-12T20:41:02.392+0500] {dag.py:3954} INFO - Setting next_dagrun for example_python_operator to None, run_after=None
[2024-05-12T20:41:02.418+0500] {processor.py:183} INFO - Processing /home/awahab02/mlops_assignment_2/myenv/lib/python3.10/site-packages/airflow/example_dags/example_python_operator.py took 0.167 seconds
