[2024-05-12T20:20:20.393+0500] {processor.py:161} INFO - Started process (PID=9124) to work on /home/awahab02/mlops_assignment_2/myenv/lib/python3.10/site-packages/airflow/example_dags/example_xcomargs.py
[2024-05-12T20:20:20.394+0500] {processor.py:830} INFO - Processing file /home/awahab02/mlops_assignment_2/myenv/lib/python3.10/site-packages/airflow/example_dags/example_xcomargs.py for tasks to queue
[2024-05-12T20:20:20.395+0500] {logging_mixin.py:188} INFO - [2024-05-12T20:20:20.395+0500] {dagbag.py:545} INFO - Filling up the DagBag from /home/awahab02/mlops_assignment_2/myenv/lib/python3.10/site-packages/airflow/example_dags/example_xcomargs.py
[2024-05-12T20:20:20.403+0500] {processor.py:840} INFO - DAG(s) 'example_xcom_args', 'example_xcom_args_with_operators' retrieved from /home/awahab02/mlops_assignment_2/myenv/lib/python3.10/site-packages/airflow/example_dags/example_xcomargs.py
[2024-05-12T20:20:20.613+0500] {logging_mixin.py:188} INFO - [2024-05-12T20:20:20.612+0500] {override.py:1829} INFO - Created Permission View: can read on DAG:example_xcom_args
[2024-05-12T20:20:20.634+0500] {logging_mixin.py:188} INFO - [2024-05-12T20:20:20.634+0500] {override.py:1829} INFO - Created Permission View: can edit on DAG:example_xcom_args
[2024-05-12T20:20:20.653+0500] {logging_mixin.py:188} INFO - [2024-05-12T20:20:20.653+0500] {override.py:1829} INFO - Created Permission View: can delete on DAG:example_xcom_args
[2024-05-12T20:20:20.684+0500] {logging_mixin.py:188} INFO - [2024-05-12T20:20:20.684+0500] {override.py:1829} INFO - Created Permission View: can read on DAG:example_xcom_args_with_operators
[2024-05-12T20:20:20.698+0500] {logging_mixin.py:188} INFO - [2024-05-12T20:20:20.697+0500] {override.py:1829} INFO - Created Permission View: can edit on DAG:example_xcom_args_with_operators
[2024-05-12T20:20:20.712+0500] {logging_mixin.py:188} INFO - [2024-05-12T20:20:20.711+0500] {override.py:1829} INFO - Created Permission View: can delete on DAG:example_xcom_args_with_operators
[2024-05-12T20:20:20.712+0500] {logging_mixin.py:188} INFO - [2024-05-12T20:20:20.712+0500] {dag.py:3096} INFO - Sync 2 DAGs
[2024-05-12T20:20:20.719+0500] {logging_mixin.py:188} INFO - [2024-05-12T20:20:20.718+0500] {dag.py:3118} INFO - Creating ORM DAG for example_xcom_args_with_operators
[2024-05-12T20:20:20.719+0500] {logging_mixin.py:188} INFO - [2024-05-12T20:20:20.719+0500] {dag.py:3118} INFO - Creating ORM DAG for example_xcom_args
[2024-05-12T20:20:20.719+0500] {logging_mixin.py:188} INFO - [2024-05-12T20:20:20.719+0500] {dag.py:3954} INFO - Setting next_dagrun for example_xcom_args to None, run_after=None
[2024-05-12T20:20:20.720+0500] {logging_mixin.py:188} INFO - [2024-05-12T20:20:20.720+0500] {dag.py:3954} INFO - Setting next_dagrun for example_xcom_args_with_operators to None, run_after=None
[2024-05-12T20:20:20.746+0500] {processor.py:183} INFO - Processing /home/awahab02/mlops_assignment_2/myenv/lib/python3.10/site-packages/airflow/example_dags/example_xcomargs.py took 0.357 seconds
[2024-05-12T20:21:19.839+0500] {processor.py:161} INFO - Started process (PID=9529) to work on /home/awahab02/mlops_assignment_2/myenv/lib/python3.10/site-packages/airflow/example_dags/example_xcomargs.py
[2024-05-12T20:21:19.868+0500] {processor.py:830} INFO - Processing file /home/awahab02/mlops_assignment_2/myenv/lib/python3.10/site-packages/airflow/example_dags/example_xcomargs.py for tasks to queue
[2024-05-12T20:21:19.869+0500] {logging_mixin.py:188} INFO - [2024-05-12T20:21:19.869+0500] {dagbag.py:545} INFO - Filling up the DagBag from /home/awahab02/mlops_assignment_2/myenv/lib/python3.10/site-packages/airflow/example_dags/example_xcomargs.py
[2024-05-12T20:21:19.877+0500] {processor.py:840} INFO - DAG(s) 'example_xcom_args_with_operators', 'example_xcom_args' retrieved from /home/awahab02/mlops_assignment_2/myenv/lib/python3.10/site-packages/airflow/example_dags/example_xcomargs.py
[2024-05-12T20:21:19.891+0500] {logging_mixin.py:188} INFO - [2024-05-12T20:21:19.891+0500] {dag.py:3096} INFO - Sync 2 DAGs
[2024-05-12T20:21:19.902+0500] {logging_mixin.py:188} INFO - [2024-05-12T20:21:19.902+0500] {dag.py:3954} INFO - Setting next_dagrun for example_xcom_args to None, run_after=None
[2024-05-12T20:21:19.904+0500] {logging_mixin.py:188} INFO - [2024-05-12T20:21:19.904+0500] {dag.py:3954} INFO - Setting next_dagrun for example_xcom_args_with_operators to None, run_after=None
[2024-05-12T20:21:19.928+0500] {processor.py:183} INFO - Processing /home/awahab02/mlops_assignment_2/myenv/lib/python3.10/site-packages/airflow/example_dags/example_xcomargs.py took 0.094 seconds
[2024-05-12T20:22:07.356+0500] {processor.py:161} INFO - Started process (PID=9717) to work on /home/awahab02/mlops_assignment_2/myenv/lib/python3.10/site-packages/airflow/example_dags/example_xcomargs.py
[2024-05-12T20:22:07.387+0500] {processor.py:830} INFO - Processing file /home/awahab02/mlops_assignment_2/myenv/lib/python3.10/site-packages/airflow/example_dags/example_xcomargs.py for tasks to queue
[2024-05-12T20:22:07.389+0500] {logging_mixin.py:188} INFO - [2024-05-12T20:22:07.388+0500] {dagbag.py:545} INFO - Filling up the DagBag from /home/awahab02/mlops_assignment_2/myenv/lib/python3.10/site-packages/airflow/example_dags/example_xcomargs.py
[2024-05-12T20:22:07.396+0500] {processor.py:840} INFO - DAG(s) 'example_xcom_args', 'example_xcom_args_with_operators' retrieved from /home/awahab02/mlops_assignment_2/myenv/lib/python3.10/site-packages/airflow/example_dags/example_xcomargs.py
[2024-05-12T20:22:07.410+0500] {logging_mixin.py:188} INFO - [2024-05-12T20:22:07.410+0500] {dag.py:3096} INFO - Sync 2 DAGs
[2024-05-12T20:22:07.419+0500] {logging_mixin.py:188} INFO - [2024-05-12T20:22:07.419+0500] {dag.py:3954} INFO - Setting next_dagrun for example_xcom_args to None, run_after=None
[2024-05-12T20:22:07.423+0500] {logging_mixin.py:188} INFO - [2024-05-12T20:22:07.422+0500] {dag.py:3954} INFO - Setting next_dagrun for example_xcom_args_with_operators to None, run_after=None
[2024-05-12T20:22:07.446+0500] {processor.py:183} INFO - Processing /home/awahab02/mlops_assignment_2/myenv/lib/python3.10/site-packages/airflow/example_dags/example_xcomargs.py took 0.095 seconds
[2024-05-12T20:22:47.632+0500] {processor.py:161} INFO - Started process (PID=9893) to work on /home/awahab02/mlops_assignment_2/myenv/lib/python3.10/site-packages/airflow/example_dags/example_xcomargs.py
[2024-05-12T20:22:47.634+0500] {processor.py:830} INFO - Processing file /home/awahab02/mlops_assignment_2/myenv/lib/python3.10/site-packages/airflow/example_dags/example_xcomargs.py for tasks to queue
[2024-05-12T20:22:47.635+0500] {logging_mixin.py:188} INFO - [2024-05-12T20:22:47.635+0500] {dagbag.py:545} INFO - Filling up the DagBag from /home/awahab02/mlops_assignment_2/myenv/lib/python3.10/site-packages/airflow/example_dags/example_xcomargs.py
[2024-05-12T20:22:47.642+0500] {processor.py:840} INFO - DAG(s) 'example_xcom_args_with_operators', 'example_xcom_args' retrieved from /home/awahab02/mlops_assignment_2/myenv/lib/python3.10/site-packages/airflow/example_dags/example_xcomargs.py
[2024-05-12T20:22:47.656+0500] {logging_mixin.py:188} INFO - [2024-05-12T20:22:47.656+0500] {dag.py:3096} INFO - Sync 2 DAGs
[2024-05-12T20:22:47.665+0500] {logging_mixin.py:188} INFO - [2024-05-12T20:22:47.665+0500] {dag.py:3954} INFO - Setting next_dagrun for example_xcom_args to None, run_after=None
[2024-05-12T20:22:47.668+0500] {logging_mixin.py:188} INFO - [2024-05-12T20:22:47.668+0500] {dag.py:3954} INFO - Setting next_dagrun for example_xcom_args_with_operators to None, run_after=None
[2024-05-12T20:22:47.692+0500] {processor.py:183} INFO - Processing /home/awahab02/mlops_assignment_2/myenv/lib/python3.10/site-packages/airflow/example_dags/example_xcomargs.py took 0.065 seconds
[2024-05-12T20:23:24.946+0500] {processor.py:161} INFO - Started process (PID=10236) to work on /home/awahab02/mlops_assignment_2/myenv/lib/python3.10/site-packages/airflow/example_dags/example_xcomargs.py
[2024-05-12T20:23:24.949+0500] {processor.py:830} INFO - Processing file /home/awahab02/mlops_assignment_2/myenv/lib/python3.10/site-packages/airflow/example_dags/example_xcomargs.py for tasks to queue
[2024-05-12T20:23:24.951+0500] {logging_mixin.py:188} INFO - [2024-05-12T20:23:24.951+0500] {dagbag.py:545} INFO - Filling up the DagBag from /home/awahab02/mlops_assignment_2/myenv/lib/python3.10/site-packages/airflow/example_dags/example_xcomargs.py
[2024-05-12T20:23:24.960+0500] {processor.py:840} INFO - DAG(s) 'example_xcom_args_with_operators', 'example_xcom_args' retrieved from /home/awahab02/mlops_assignment_2/myenv/lib/python3.10/site-packages/airflow/example_dags/example_xcomargs.py
[2024-05-12T20:23:24.977+0500] {logging_mixin.py:188} INFO - [2024-05-12T20:23:24.977+0500] {dag.py:3096} INFO - Sync 2 DAGs
[2024-05-12T20:23:24.986+0500] {logging_mixin.py:188} INFO - [2024-05-12T20:23:24.986+0500] {dag.py:3954} INFO - Setting next_dagrun for example_xcom_args to None, run_after=None
[2024-05-12T20:23:24.989+0500] {logging_mixin.py:188} INFO - [2024-05-12T20:23:24.988+0500] {dag.py:3954} INFO - Setting next_dagrun for example_xcom_args_with_operators to None, run_after=None
[2024-05-12T20:23:25.030+0500] {processor.py:183} INFO - Processing /home/awahab02/mlops_assignment_2/myenv/lib/python3.10/site-packages/airflow/example_dags/example_xcomargs.py took 0.093 seconds
[2024-05-12T20:24:06.445+0500] {processor.py:161} INFO - Started process (PID=10516) to work on /home/awahab02/mlops_assignment_2/myenv/lib/python3.10/site-packages/airflow/example_dags/example_xcomargs.py
[2024-05-12T20:24:06.446+0500] {processor.py:830} INFO - Processing file /home/awahab02/mlops_assignment_2/myenv/lib/python3.10/site-packages/airflow/example_dags/example_xcomargs.py for tasks to queue
[2024-05-12T20:24:06.447+0500] {logging_mixin.py:188} INFO - [2024-05-12T20:24:06.447+0500] {dagbag.py:545} INFO - Filling up the DagBag from /home/awahab02/mlops_assignment_2/myenv/lib/python3.10/site-packages/airflow/example_dags/example_xcomargs.py
[2024-05-12T20:24:06.455+0500] {processor.py:840} INFO - DAG(s) 'example_xcom_args_with_operators', 'example_xcom_args' retrieved from /home/awahab02/mlops_assignment_2/myenv/lib/python3.10/site-packages/airflow/example_dags/example_xcomargs.py
[2024-05-12T20:24:06.470+0500] {logging_mixin.py:188} INFO - [2024-05-12T20:24:06.470+0500] {dag.py:3096} INFO - Sync 2 DAGs
[2024-05-12T20:24:06.479+0500] {logging_mixin.py:188} INFO - [2024-05-12T20:24:06.479+0500] {dag.py:3954} INFO - Setting next_dagrun for example_xcom_args to None, run_after=None
[2024-05-12T20:24:06.481+0500] {logging_mixin.py:188} INFO - [2024-05-12T20:24:06.481+0500] {dag.py:3954} INFO - Setting next_dagrun for example_xcom_args_with_operators to None, run_after=None
[2024-05-12T20:24:06.505+0500] {processor.py:183} INFO - Processing /home/awahab02/mlops_assignment_2/myenv/lib/python3.10/site-packages/airflow/example_dags/example_xcomargs.py took 0.066 seconds
[2024-05-12T20:24:46.196+0500] {processor.py:161} INFO - Started process (PID=10711) to work on /home/awahab02/mlops_assignment_2/myenv/lib/python3.10/site-packages/airflow/example_dags/example_xcomargs.py
[2024-05-12T20:24:46.226+0500] {processor.py:830} INFO - Processing file /home/awahab02/mlops_assignment_2/myenv/lib/python3.10/site-packages/airflow/example_dags/example_xcomargs.py for tasks to queue
[2024-05-12T20:24:46.227+0500] {logging_mixin.py:188} INFO - [2024-05-12T20:24:46.227+0500] {dagbag.py:545} INFO - Filling up the DagBag from /home/awahab02/mlops_assignment_2/myenv/lib/python3.10/site-packages/airflow/example_dags/example_xcomargs.py
[2024-05-12T20:24:46.234+0500] {processor.py:840} INFO - DAG(s) 'example_xcom_args', 'example_xcom_args_with_operators' retrieved from /home/awahab02/mlops_assignment_2/myenv/lib/python3.10/site-packages/airflow/example_dags/example_xcomargs.py
[2024-05-12T20:24:46.252+0500] {logging_mixin.py:188} INFO - [2024-05-12T20:24:46.252+0500] {dag.py:3096} INFO - Sync 2 DAGs
[2024-05-12T20:24:46.262+0500] {logging_mixin.py:188} INFO - [2024-05-12T20:24:46.261+0500] {dag.py:3954} INFO - Setting next_dagrun for example_xcom_args to None, run_after=None
[2024-05-12T20:24:46.264+0500] {logging_mixin.py:188} INFO - [2024-05-12T20:24:46.264+0500] {dag.py:3954} INFO - Setting next_dagrun for example_xcom_args_with_operators to None, run_after=None
[2024-05-12T20:24:46.292+0500] {processor.py:183} INFO - Processing /home/awahab02/mlops_assignment_2/myenv/lib/python3.10/site-packages/airflow/example_dags/example_xcomargs.py took 0.101 seconds
[2024-05-12T20:25:26.425+0500] {processor.py:161} INFO - Started process (PID=10883) to work on /home/awahab02/mlops_assignment_2/myenv/lib/python3.10/site-packages/airflow/example_dags/example_xcomargs.py
[2024-05-12T20:25:26.427+0500] {processor.py:830} INFO - Processing file /home/awahab02/mlops_assignment_2/myenv/lib/python3.10/site-packages/airflow/example_dags/example_xcomargs.py for tasks to queue
[2024-05-12T20:25:26.429+0500] {logging_mixin.py:188} INFO - [2024-05-12T20:25:26.429+0500] {dagbag.py:545} INFO - Filling up the DagBag from /home/awahab02/mlops_assignment_2/myenv/lib/python3.10/site-packages/airflow/example_dags/example_xcomargs.py
[2024-05-12T20:25:26.436+0500] {processor.py:840} INFO - DAG(s) 'example_xcom_args_with_operators', 'example_xcom_args' retrieved from /home/awahab02/mlops_assignment_2/myenv/lib/python3.10/site-packages/airflow/example_dags/example_xcomargs.py
[2024-05-12T20:25:26.451+0500] {logging_mixin.py:188} INFO - [2024-05-12T20:25:26.451+0500] {dag.py:3096} INFO - Sync 2 DAGs
[2024-05-12T20:25:26.461+0500] {logging_mixin.py:188} INFO - [2024-05-12T20:25:26.461+0500] {dag.py:3954} INFO - Setting next_dagrun for example_xcom_args to None, run_after=None
[2024-05-12T20:25:26.463+0500] {logging_mixin.py:188} INFO - [2024-05-12T20:25:26.463+0500] {dag.py:3954} INFO - Setting next_dagrun for example_xcom_args_with_operators to None, run_after=None
[2024-05-12T20:25:26.490+0500] {processor.py:183} INFO - Processing /home/awahab02/mlops_assignment_2/myenv/lib/python3.10/site-packages/airflow/example_dags/example_xcomargs.py took 0.070 seconds
[2024-05-12T20:26:08.835+0500] {processor.py:161} INFO - Started process (PID=11114) to work on /home/awahab02/mlops_assignment_2/myenv/lib/python3.10/site-packages/airflow/example_dags/example_xcomargs.py
[2024-05-12T20:26:08.871+0500] {processor.py:830} INFO - Processing file /home/awahab02/mlops_assignment_2/myenv/lib/python3.10/site-packages/airflow/example_dags/example_xcomargs.py for tasks to queue
[2024-05-12T20:26:08.873+0500] {logging_mixin.py:188} INFO - [2024-05-12T20:26:08.872+0500] {dagbag.py:545} INFO - Filling up the DagBag from /home/awahab02/mlops_assignment_2/myenv/lib/python3.10/site-packages/airflow/example_dags/example_xcomargs.py
[2024-05-12T20:26:08.880+0500] {processor.py:840} INFO - DAG(s) 'example_xcom_args_with_operators', 'example_xcom_args' retrieved from /home/awahab02/mlops_assignment_2/myenv/lib/python3.10/site-packages/airflow/example_dags/example_xcomargs.py
[2024-05-12T20:26:08.895+0500] {logging_mixin.py:188} INFO - [2024-05-12T20:26:08.894+0500] {dag.py:3096} INFO - Sync 2 DAGs
[2024-05-12T20:26:08.903+0500] {logging_mixin.py:188} INFO - [2024-05-12T20:26:08.903+0500] {dag.py:3954} INFO - Setting next_dagrun for example_xcom_args to None, run_after=None
[2024-05-12T20:26:08.906+0500] {logging_mixin.py:188} INFO - [2024-05-12T20:26:08.906+0500] {dag.py:3954} INFO - Setting next_dagrun for example_xcom_args_with_operators to None, run_after=None
[2024-05-12T20:26:08.930+0500] {processor.py:183} INFO - Processing /home/awahab02/mlops_assignment_2/myenv/lib/python3.10/site-packages/airflow/example_dags/example_xcomargs.py took 0.101 seconds
[2024-05-12T20:26:51.215+0500] {processor.py:161} INFO - Started process (PID=11460) to work on /home/awahab02/mlops_assignment_2/myenv/lib/python3.10/site-packages/airflow/example_dags/example_xcomargs.py
[2024-05-12T20:26:51.223+0500] {processor.py:830} INFO - Processing file /home/awahab02/mlops_assignment_2/myenv/lib/python3.10/site-packages/airflow/example_dags/example_xcomargs.py for tasks to queue
[2024-05-12T20:26:51.225+0500] {logging_mixin.py:188} INFO - [2024-05-12T20:26:51.225+0500] {dagbag.py:545} INFO - Filling up the DagBag from /home/awahab02/mlops_assignment_2/myenv/lib/python3.10/site-packages/airflow/example_dags/example_xcomargs.py
[2024-05-12T20:26:51.234+0500] {processor.py:840} INFO - DAG(s) 'example_xcom_args_with_operators', 'example_xcom_args' retrieved from /home/awahab02/mlops_assignment_2/myenv/lib/python3.10/site-packages/airflow/example_dags/example_xcomargs.py
[2024-05-12T20:26:51.253+0500] {logging_mixin.py:188} INFO - [2024-05-12T20:26:51.252+0500] {dag.py:3096} INFO - Sync 2 DAGs
[2024-05-12T20:26:51.264+0500] {logging_mixin.py:188} INFO - [2024-05-12T20:26:51.263+0500] {dag.py:3954} INFO - Setting next_dagrun for example_xcom_args to None, run_after=None
[2024-05-12T20:26:51.266+0500] {logging_mixin.py:188} INFO - [2024-05-12T20:26:51.266+0500] {dag.py:3954} INFO - Setting next_dagrun for example_xcom_args_with_operators to None, run_after=None
[2024-05-12T20:26:51.296+0500] {processor.py:183} INFO - Processing /home/awahab02/mlops_assignment_2/myenv/lib/python3.10/site-packages/airflow/example_dags/example_xcomargs.py took 0.085 seconds
[2024-05-12T20:27:30.336+0500] {processor.py:161} INFO - Started process (PID=11744) to work on /home/awahab02/mlops_assignment_2/myenv/lib/python3.10/site-packages/airflow/example_dags/example_xcomargs.py
[2024-05-12T20:27:30.338+0500] {processor.py:830} INFO - Processing file /home/awahab02/mlops_assignment_2/myenv/lib/python3.10/site-packages/airflow/example_dags/example_xcomargs.py for tasks to queue
[2024-05-12T20:27:30.339+0500] {logging_mixin.py:188} INFO - [2024-05-12T20:27:30.339+0500] {dagbag.py:545} INFO - Filling up the DagBag from /home/awahab02/mlops_assignment_2/myenv/lib/python3.10/site-packages/airflow/example_dags/example_xcomargs.py
[2024-05-12T20:27:30.347+0500] {processor.py:840} INFO - DAG(s) 'example_xcom_args', 'example_xcom_args_with_operators' retrieved from /home/awahab02/mlops_assignment_2/myenv/lib/python3.10/site-packages/airflow/example_dags/example_xcomargs.py
[2024-05-12T20:27:30.373+0500] {logging_mixin.py:188} INFO - [2024-05-12T20:27:30.373+0500] {dag.py:3096} INFO - Sync 2 DAGs
[2024-05-12T20:27:30.386+0500] {logging_mixin.py:188} INFO - [2024-05-12T20:27:30.386+0500] {dag.py:3954} INFO - Setting next_dagrun for example_xcom_args to None, run_after=None
[2024-05-12T20:27:30.476+0500] {logging_mixin.py:188} INFO - [2024-05-12T20:27:30.476+0500] {dag.py:3954} INFO - Setting next_dagrun for example_xcom_args_with_operators to None, run_after=None
[2024-05-12T20:27:30.504+0500] {processor.py:183} INFO - Processing /home/awahab02/mlops_assignment_2/myenv/lib/python3.10/site-packages/airflow/example_dags/example_xcomargs.py took 0.172 seconds
[2024-05-12T20:28:23.046+0500] {processor.py:161} INFO - Started process (PID=12129) to work on /home/awahab02/mlops_assignment_2/myenv/lib/python3.10/site-packages/airflow/example_dags/example_xcomargs.py
[2024-05-12T20:28:23.048+0500] {processor.py:830} INFO - Processing file /home/awahab02/mlops_assignment_2/myenv/lib/python3.10/site-packages/airflow/example_dags/example_xcomargs.py for tasks to queue
[2024-05-12T20:28:23.049+0500] {logging_mixin.py:188} INFO - [2024-05-12T20:28:23.049+0500] {dagbag.py:545} INFO - Filling up the DagBag from /home/awahab02/mlops_assignment_2/myenv/lib/python3.10/site-packages/airflow/example_dags/example_xcomargs.py
[2024-05-12T20:28:23.058+0500] {processor.py:840} INFO - DAG(s) 'example_xcom_args_with_operators', 'example_xcom_args' retrieved from /home/awahab02/mlops_assignment_2/myenv/lib/python3.10/site-packages/airflow/example_dags/example_xcomargs.py
[2024-05-12T20:28:23.072+0500] {logging_mixin.py:188} INFO - [2024-05-12T20:28:23.072+0500] {dag.py:3096} INFO - Sync 2 DAGs
[2024-05-12T20:28:23.081+0500] {logging_mixin.py:188} INFO - [2024-05-12T20:28:23.081+0500] {dag.py:3954} INFO - Setting next_dagrun for example_xcom_args to None, run_after=None
[2024-05-12T20:28:23.084+0500] {logging_mixin.py:188} INFO - [2024-05-12T20:28:23.084+0500] {dag.py:3954} INFO - Setting next_dagrun for example_xcom_args_with_operators to None, run_after=None
[2024-05-12T20:28:23.107+0500] {processor.py:183} INFO - Processing /home/awahab02/mlops_assignment_2/myenv/lib/python3.10/site-packages/airflow/example_dags/example_xcomargs.py took 0.067 seconds
[2024-05-12T20:29:08.199+0500] {processor.py:161} INFO - Started process (PID=12344) to work on /home/awahab02/mlops_assignment_2/myenv/lib/python3.10/site-packages/airflow/example_dags/example_xcomargs.py
[2024-05-12T20:29:08.234+0500] {processor.py:830} INFO - Processing file /home/awahab02/mlops_assignment_2/myenv/lib/python3.10/site-packages/airflow/example_dags/example_xcomargs.py for tasks to queue
[2024-05-12T20:29:08.236+0500] {logging_mixin.py:188} INFO - [2024-05-12T20:29:08.235+0500] {dagbag.py:545} INFO - Filling up the DagBag from /home/awahab02/mlops_assignment_2/myenv/lib/python3.10/site-packages/airflow/example_dags/example_xcomargs.py
[2024-05-12T20:29:08.242+0500] {processor.py:840} INFO - DAG(s) 'example_xcom_args', 'example_xcom_args_with_operators' retrieved from /home/awahab02/mlops_assignment_2/myenv/lib/python3.10/site-packages/airflow/example_dags/example_xcomargs.py
[2024-05-12T20:29:08.257+0500] {logging_mixin.py:188} INFO - [2024-05-12T20:29:08.256+0500] {dag.py:3096} INFO - Sync 2 DAGs
[2024-05-12T20:29:08.265+0500] {logging_mixin.py:188} INFO - [2024-05-12T20:29:08.265+0500] {dag.py:3954} INFO - Setting next_dagrun for example_xcom_args to None, run_after=None
[2024-05-12T20:29:08.268+0500] {logging_mixin.py:188} INFO - [2024-05-12T20:29:08.268+0500] {dag.py:3954} INFO - Setting next_dagrun for example_xcom_args_with_operators to None, run_after=None
[2024-05-12T20:29:08.291+0500] {processor.py:183} INFO - Processing /home/awahab02/mlops_assignment_2/myenv/lib/python3.10/site-packages/airflow/example_dags/example_xcomargs.py took 0.098 seconds
[2024-05-12T20:29:55.545+0500] {processor.py:161} INFO - Started process (PID=12648) to work on /home/awahab02/mlops_assignment_2/myenv/lib/python3.10/site-packages/airflow/example_dags/example_xcomargs.py
[2024-05-12T20:29:55.547+0500] {processor.py:830} INFO - Processing file /home/awahab02/mlops_assignment_2/myenv/lib/python3.10/site-packages/airflow/example_dags/example_xcomargs.py for tasks to queue
[2024-05-12T20:29:55.548+0500] {logging_mixin.py:188} INFO - [2024-05-12T20:29:55.548+0500] {dagbag.py:545} INFO - Filling up the DagBag from /home/awahab02/mlops_assignment_2/myenv/lib/python3.10/site-packages/airflow/example_dags/example_xcomargs.py
[2024-05-12T20:29:55.555+0500] {processor.py:840} INFO - DAG(s) 'example_xcom_args', 'example_xcom_args_with_operators' retrieved from /home/awahab02/mlops_assignment_2/myenv/lib/python3.10/site-packages/airflow/example_dags/example_xcomargs.py
[2024-05-12T20:29:55.569+0500] {logging_mixin.py:188} INFO - [2024-05-12T20:29:55.569+0500] {dag.py:3096} INFO - Sync 2 DAGs
[2024-05-12T20:29:55.578+0500] {logging_mixin.py:188} INFO - [2024-05-12T20:29:55.578+0500] {dag.py:3954} INFO - Setting next_dagrun for example_xcom_args to None, run_after=None
[2024-05-12T20:29:55.580+0500] {logging_mixin.py:188} INFO - [2024-05-12T20:29:55.580+0500] {dag.py:3954} INFO - Setting next_dagrun for example_xcom_args_with_operators to None, run_after=None
[2024-05-12T20:29:55.605+0500] {processor.py:183} INFO - Processing /home/awahab02/mlops_assignment_2/myenv/lib/python3.10/site-packages/airflow/example_dags/example_xcomargs.py took 0.065 seconds
[2024-05-12T20:30:40.608+0500] {processor.py:161} INFO - Started process (PID=13057) to work on /home/awahab02/mlops_assignment_2/myenv/lib/python3.10/site-packages/airflow/example_dags/example_xcomargs.py
[2024-05-12T20:30:40.609+0500] {processor.py:830} INFO - Processing file /home/awahab02/mlops_assignment_2/myenv/lib/python3.10/site-packages/airflow/example_dags/example_xcomargs.py for tasks to queue
[2024-05-12T20:30:40.611+0500] {logging_mixin.py:188} INFO - [2024-05-12T20:30:40.610+0500] {dagbag.py:545} INFO - Filling up the DagBag from /home/awahab02/mlops_assignment_2/myenv/lib/python3.10/site-packages/airflow/example_dags/example_xcomargs.py
[2024-05-12T20:30:40.618+0500] {processor.py:840} INFO - DAG(s) 'example_xcom_args_with_operators', 'example_xcom_args' retrieved from /home/awahab02/mlops_assignment_2/myenv/lib/python3.10/site-packages/airflow/example_dags/example_xcomargs.py
[2024-05-12T20:30:40.634+0500] {logging_mixin.py:188} INFO - [2024-05-12T20:30:40.633+0500] {dag.py:3096} INFO - Sync 2 DAGs
[2024-05-12T20:30:40.642+0500] {logging_mixin.py:188} INFO - [2024-05-12T20:30:40.642+0500] {dag.py:3954} INFO - Setting next_dagrun for example_xcom_args to None, run_after=None
[2024-05-12T20:30:40.645+0500] {logging_mixin.py:188} INFO - [2024-05-12T20:30:40.645+0500] {dag.py:3954} INFO - Setting next_dagrun for example_xcom_args_with_operators to None, run_after=None
[2024-05-12T20:30:40.668+0500] {processor.py:183} INFO - Processing /home/awahab02/mlops_assignment_2/myenv/lib/python3.10/site-packages/airflow/example_dags/example_xcomargs.py took 0.065 seconds
[2024-05-12T20:31:21.693+0500] {processor.py:161} INFO - Started process (PID=13254) to work on /home/awahab02/mlops_assignment_2/myenv/lib/python3.10/site-packages/airflow/example_dags/example_xcomargs.py
[2024-05-12T20:31:21.717+0500] {processor.py:830} INFO - Processing file /home/awahab02/mlops_assignment_2/myenv/lib/python3.10/site-packages/airflow/example_dags/example_xcomargs.py for tasks to queue
[2024-05-12T20:31:21.718+0500] {logging_mixin.py:188} INFO - [2024-05-12T20:31:21.718+0500] {dagbag.py:545} INFO - Filling up the DagBag from /home/awahab02/mlops_assignment_2/myenv/lib/python3.10/site-packages/airflow/example_dags/example_xcomargs.py
[2024-05-12T20:31:21.726+0500] {processor.py:840} INFO - DAG(s) 'example_xcom_args_with_operators', 'example_xcom_args' retrieved from /home/awahab02/mlops_assignment_2/myenv/lib/python3.10/site-packages/airflow/example_dags/example_xcomargs.py
[2024-05-12T20:31:21.743+0500] {logging_mixin.py:188} INFO - [2024-05-12T20:31:21.743+0500] {dag.py:3096} INFO - Sync 2 DAGs
[2024-05-12T20:31:21.752+0500] {logging_mixin.py:188} INFO - [2024-05-12T20:31:21.752+0500] {dag.py:3954} INFO - Setting next_dagrun for example_xcom_args to None, run_after=None
[2024-05-12T20:31:21.756+0500] {logging_mixin.py:188} INFO - [2024-05-12T20:31:21.756+0500] {dag.py:3954} INFO - Setting next_dagrun for example_xcom_args_with_operators to None, run_after=None
[2024-05-12T20:31:21.798+0500] {processor.py:183} INFO - Processing /home/awahab02/mlops_assignment_2/myenv/lib/python3.10/site-packages/airflow/example_dags/example_xcomargs.py took 0.110 seconds
[2024-05-12T20:32:03.572+0500] {processor.py:161} INFO - Started process (PID=13430) to work on /home/awahab02/mlops_assignment_2/myenv/lib/python3.10/site-packages/airflow/example_dags/example_xcomargs.py
[2024-05-12T20:32:03.608+0500] {processor.py:830} INFO - Processing file /home/awahab02/mlops_assignment_2/myenv/lib/python3.10/site-packages/airflow/example_dags/example_xcomargs.py for tasks to queue
[2024-05-12T20:32:03.609+0500] {logging_mixin.py:188} INFO - [2024-05-12T20:32:03.609+0500] {dagbag.py:545} INFO - Filling up the DagBag from /home/awahab02/mlops_assignment_2/myenv/lib/python3.10/site-packages/airflow/example_dags/example_xcomargs.py
[2024-05-12T20:32:03.616+0500] {processor.py:840} INFO - DAG(s) 'example_xcom_args_with_operators', 'example_xcom_args' retrieved from /home/awahab02/mlops_assignment_2/myenv/lib/python3.10/site-packages/airflow/example_dags/example_xcomargs.py
[2024-05-12T20:32:03.631+0500] {logging_mixin.py:188} INFO - [2024-05-12T20:32:03.631+0500] {dag.py:3096} INFO - Sync 2 DAGs
[2024-05-12T20:32:03.641+0500] {logging_mixin.py:188} INFO - [2024-05-12T20:32:03.640+0500] {dag.py:3954} INFO - Setting next_dagrun for example_xcom_args to None, run_after=None
[2024-05-12T20:32:03.643+0500] {logging_mixin.py:188} INFO - [2024-05-12T20:32:03.643+0500] {dag.py:3954} INFO - Setting next_dagrun for example_xcom_args_with_operators to None, run_after=None
[2024-05-12T20:32:03.666+0500] {processor.py:183} INFO - Processing /home/awahab02/mlops_assignment_2/myenv/lib/python3.10/site-packages/airflow/example_dags/example_xcomargs.py took 0.099 seconds
[2024-05-12T20:34:12.260+0500] {processor.py:161} INFO - Started process (PID=14443) to work on /home/awahab02/mlops_assignment_2/myenv/lib/python3.10/site-packages/airflow/example_dags/example_xcomargs.py
[2024-05-12T20:34:12.263+0500] {processor.py:830} INFO - Processing file /home/awahab02/mlops_assignment_2/myenv/lib/python3.10/site-packages/airflow/example_dags/example_xcomargs.py for tasks to queue
[2024-05-12T20:34:12.264+0500] {logging_mixin.py:188} INFO - [2024-05-12T20:34:12.264+0500] {dagbag.py:545} INFO - Filling up the DagBag from /home/awahab02/mlops_assignment_2/myenv/lib/python3.10/site-packages/airflow/example_dags/example_xcomargs.py
[2024-05-12T20:34:12.273+0500] {processor.py:840} INFO - DAG(s) 'example_xcom_args', 'example_xcom_args_with_operators' retrieved from /home/awahab02/mlops_assignment_2/myenv/lib/python3.10/site-packages/airflow/example_dags/example_xcomargs.py
[2024-05-12T20:34:12.297+0500] {logging_mixin.py:188} INFO - [2024-05-12T20:34:12.297+0500] {dag.py:3096} INFO - Sync 2 DAGs
[2024-05-12T20:34:12.310+0500] {logging_mixin.py:188} INFO - [2024-05-12T20:34:12.310+0500] {dag.py:3954} INFO - Setting next_dagrun for example_xcom_args to None, run_after=None
[2024-05-12T20:34:12.312+0500] {logging_mixin.py:188} INFO - [2024-05-12T20:34:12.312+0500] {dag.py:3954} INFO - Setting next_dagrun for example_xcom_args_with_operators to None, run_after=None
[2024-05-12T20:34:12.338+0500] {processor.py:183} INFO - Processing /home/awahab02/mlops_assignment_2/myenv/lib/python3.10/site-packages/airflow/example_dags/example_xcomargs.py took 0.085 seconds
[2024-05-12T20:35:03.970+0500] {processor.py:161} INFO - Started process (PID=14691) to work on /home/awahab02/mlops_assignment_2/myenv/lib/python3.10/site-packages/airflow/example_dags/example_xcomargs.py
[2024-05-12T20:35:03.998+0500] {processor.py:830} INFO - Processing file /home/awahab02/mlops_assignment_2/myenv/lib/python3.10/site-packages/airflow/example_dags/example_xcomargs.py for tasks to queue
[2024-05-12T20:35:03.999+0500] {logging_mixin.py:188} INFO - [2024-05-12T20:35:03.999+0500] {dagbag.py:545} INFO - Filling up the DagBag from /home/awahab02/mlops_assignment_2/myenv/lib/python3.10/site-packages/airflow/example_dags/example_xcomargs.py
[2024-05-12T20:35:04.006+0500] {processor.py:840} INFO - DAG(s) 'example_xcom_args', 'example_xcom_args_with_operators' retrieved from /home/awahab02/mlops_assignment_2/myenv/lib/python3.10/site-packages/airflow/example_dags/example_xcomargs.py
[2024-05-12T20:35:04.025+0500] {logging_mixin.py:188} INFO - [2024-05-12T20:35:04.025+0500] {dag.py:3096} INFO - Sync 2 DAGs
[2024-05-12T20:35:04.034+0500] {logging_mixin.py:188} INFO - [2024-05-12T20:35:04.033+0500] {dag.py:3954} INFO - Setting next_dagrun for example_xcom_args to None, run_after=None
[2024-05-12T20:35:04.036+0500] {logging_mixin.py:188} INFO - [2024-05-12T20:35:04.036+0500] {dag.py:3954} INFO - Setting next_dagrun for example_xcom_args_with_operators to None, run_after=None
[2024-05-12T20:35:04.063+0500] {processor.py:183} INFO - Processing /home/awahab02/mlops_assignment_2/myenv/lib/python3.10/site-packages/airflow/example_dags/example_xcomargs.py took 0.098 seconds
[2024-05-12T20:35:48.287+0500] {processor.py:161} INFO - Started process (PID=14937) to work on /home/awahab02/mlops_assignment_2/myenv/lib/python3.10/site-packages/airflow/example_dags/example_xcomargs.py
[2024-05-12T20:35:48.342+0500] {processor.py:830} INFO - Processing file /home/awahab02/mlops_assignment_2/myenv/lib/python3.10/site-packages/airflow/example_dags/example_xcomargs.py for tasks to queue
[2024-05-12T20:35:48.345+0500] {logging_mixin.py:188} INFO - [2024-05-12T20:35:48.344+0500] {dagbag.py:545} INFO - Filling up the DagBag from /home/awahab02/mlops_assignment_2/myenv/lib/python3.10/site-packages/airflow/example_dags/example_xcomargs.py
[2024-05-12T20:35:48.369+0500] {processor.py:840} INFO - DAG(s) 'example_xcom_args', 'example_xcom_args_with_operators' retrieved from /home/awahab02/mlops_assignment_2/myenv/lib/python3.10/site-packages/airflow/example_dags/example_xcomargs.py
[2024-05-12T20:35:48.389+0500] {logging_mixin.py:188} INFO - [2024-05-12T20:35:48.388+0500] {dag.py:3096} INFO - Sync 2 DAGs
[2024-05-12T20:35:48.400+0500] {logging_mixin.py:188} INFO - [2024-05-12T20:35:48.400+0500] {dag.py:3954} INFO - Setting next_dagrun for example_xcom_args to None, run_after=None
[2024-05-12T20:35:48.402+0500] {logging_mixin.py:188} INFO - [2024-05-12T20:35:48.402+0500] {dag.py:3954} INFO - Setting next_dagrun for example_xcom_args_with_operators to None, run_after=None
[2024-05-12T20:35:48.426+0500] {processor.py:183} INFO - Processing /home/awahab02/mlops_assignment_2/myenv/lib/python3.10/site-packages/airflow/example_dags/example_xcomargs.py took 0.143 seconds
[2024-05-12T20:36:36.214+0500] {processor.py:161} INFO - Started process (PID=15192) to work on /home/awahab02/mlops_assignment_2/myenv/lib/python3.10/site-packages/airflow/example_dags/example_xcomargs.py
[2024-05-12T20:36:36.236+0500] {processor.py:830} INFO - Processing file /home/awahab02/mlops_assignment_2/myenv/lib/python3.10/site-packages/airflow/example_dags/example_xcomargs.py for tasks to queue
[2024-05-12T20:36:36.237+0500] {logging_mixin.py:188} INFO - [2024-05-12T20:36:36.237+0500] {dagbag.py:545} INFO - Filling up the DagBag from /home/awahab02/mlops_assignment_2/myenv/lib/python3.10/site-packages/airflow/example_dags/example_xcomargs.py
[2024-05-12T20:36:36.247+0500] {processor.py:840} INFO - DAG(s) 'example_xcom_args_with_operators', 'example_xcom_args' retrieved from /home/awahab02/mlops_assignment_2/myenv/lib/python3.10/site-packages/airflow/example_dags/example_xcomargs.py
[2024-05-12T20:36:36.261+0500] {logging_mixin.py:188} INFO - [2024-05-12T20:36:36.261+0500] {dag.py:3096} INFO - Sync 2 DAGs
[2024-05-12T20:36:36.270+0500] {logging_mixin.py:188} INFO - [2024-05-12T20:36:36.270+0500] {dag.py:3954} INFO - Setting next_dagrun for example_xcom_args to None, run_after=None
[2024-05-12T20:36:36.272+0500] {logging_mixin.py:188} INFO - [2024-05-12T20:36:36.272+0500] {dag.py:3954} INFO - Setting next_dagrun for example_xcom_args_with_operators to None, run_after=None
[2024-05-12T20:36:36.297+0500] {processor.py:183} INFO - Processing /home/awahab02/mlops_assignment_2/myenv/lib/python3.10/site-packages/airflow/example_dags/example_xcomargs.py took 0.089 seconds
[2024-05-12T20:37:20.753+0500] {processor.py:161} INFO - Started process (PID=15431) to work on /home/awahab02/mlops_assignment_2/myenv/lib/python3.10/site-packages/airflow/example_dags/example_xcomargs.py
[2024-05-12T20:37:20.755+0500] {processor.py:830} INFO - Processing file /home/awahab02/mlops_assignment_2/myenv/lib/python3.10/site-packages/airflow/example_dags/example_xcomargs.py for tasks to queue
[2024-05-12T20:37:20.757+0500] {logging_mixin.py:188} INFO - [2024-05-12T20:37:20.756+0500] {dagbag.py:545} INFO - Filling up the DagBag from /home/awahab02/mlops_assignment_2/myenv/lib/python3.10/site-packages/airflow/example_dags/example_xcomargs.py
[2024-05-12T20:37:20.767+0500] {processor.py:840} INFO - DAG(s) 'example_xcom_args', 'example_xcom_args_with_operators' retrieved from /home/awahab02/mlops_assignment_2/myenv/lib/python3.10/site-packages/airflow/example_dags/example_xcomargs.py
[2024-05-12T20:37:20.786+0500] {logging_mixin.py:188} INFO - [2024-05-12T20:37:20.786+0500] {dag.py:3096} INFO - Sync 2 DAGs
[2024-05-12T20:37:20.796+0500] {logging_mixin.py:188} INFO - [2024-05-12T20:37:20.795+0500] {dag.py:3954} INFO - Setting next_dagrun for example_xcom_args to None, run_after=None
[2024-05-12T20:37:20.798+0500] {logging_mixin.py:188} INFO - [2024-05-12T20:37:20.798+0500] {dag.py:3954} INFO - Setting next_dagrun for example_xcom_args_with_operators to None, run_after=None
[2024-05-12T20:37:20.824+0500] {processor.py:183} INFO - Processing /home/awahab02/mlops_assignment_2/myenv/lib/python3.10/site-packages/airflow/example_dags/example_xcomargs.py took 0.078 seconds
[2024-05-12T20:38:45.954+0500] {processor.py:161} INFO - Started process (PID=16241) to work on /home/awahab02/mlops_assignment_2/myenv/lib/python3.10/site-packages/airflow/example_dags/example_xcomargs.py
[2024-05-12T20:38:45.996+0500] {processor.py:830} INFO - Processing file /home/awahab02/mlops_assignment_2/myenv/lib/python3.10/site-packages/airflow/example_dags/example_xcomargs.py for tasks to queue
[2024-05-12T20:38:45.996+0500] {logging_mixin.py:188} INFO - [2024-05-12T20:38:45.996+0500] {dagbag.py:545} INFO - Filling up the DagBag from /home/awahab02/mlops_assignment_2/myenv/lib/python3.10/site-packages/airflow/example_dags/example_xcomargs.py
[2024-05-12T20:38:46.004+0500] {processor.py:840} INFO - DAG(s) 'example_xcom_args', 'example_xcom_args_with_operators' retrieved from /home/awahab02/mlops_assignment_2/myenv/lib/python3.10/site-packages/airflow/example_dags/example_xcomargs.py
[2024-05-12T20:38:46.025+0500] {logging_mixin.py:188} INFO - [2024-05-12T20:38:46.025+0500] {dag.py:3096} INFO - Sync 2 DAGs
[2024-05-12T20:38:46.034+0500] {logging_mixin.py:188} INFO - [2024-05-12T20:38:46.033+0500] {dag.py:3954} INFO - Setting next_dagrun for example_xcom_args to None, run_after=None
[2024-05-12T20:38:46.036+0500] {logging_mixin.py:188} INFO - [2024-05-12T20:38:46.036+0500] {dag.py:3954} INFO - Setting next_dagrun for example_xcom_args_with_operators to None, run_after=None
[2024-05-12T20:38:46.058+0500] {processor.py:183} INFO - Processing /home/awahab02/mlops_assignment_2/myenv/lib/python3.10/site-packages/airflow/example_dags/example_xcomargs.py took 0.109 seconds
[2024-05-12T20:39:37.494+0500] {processor.py:161} INFO - Started process (PID=16510) to work on /home/awahab02/mlops_assignment_2/myenv/lib/python3.10/site-packages/airflow/example_dags/example_xcomargs.py
[2024-05-12T20:39:37.538+0500] {processor.py:830} INFO - Processing file /home/awahab02/mlops_assignment_2/myenv/lib/python3.10/site-packages/airflow/example_dags/example_xcomargs.py for tasks to queue
[2024-05-12T20:39:37.539+0500] {logging_mixin.py:188} INFO - [2024-05-12T20:39:37.538+0500] {dagbag.py:545} INFO - Filling up the DagBag from /home/awahab02/mlops_assignment_2/myenv/lib/python3.10/site-packages/airflow/example_dags/example_xcomargs.py
[2024-05-12T20:39:37.548+0500] {processor.py:840} INFO - DAG(s) 'example_xcom_args', 'example_xcom_args_with_operators' retrieved from /home/awahab02/mlops_assignment_2/myenv/lib/python3.10/site-packages/airflow/example_dags/example_xcomargs.py
[2024-05-12T20:39:37.563+0500] {logging_mixin.py:188} INFO - [2024-05-12T20:39:37.563+0500] {dag.py:3096} INFO - Sync 2 DAGs
[2024-05-12T20:39:37.572+0500] {logging_mixin.py:188} INFO - [2024-05-12T20:39:37.572+0500] {dag.py:3954} INFO - Setting next_dagrun for example_xcom_args to None, run_after=None
[2024-05-12T20:39:37.575+0500] {logging_mixin.py:188} INFO - [2024-05-12T20:39:37.574+0500] {dag.py:3954} INFO - Setting next_dagrun for example_xcom_args_with_operators to None, run_after=None
[2024-05-12T20:39:37.602+0500] {processor.py:183} INFO - Processing /home/awahab02/mlops_assignment_2/myenv/lib/python3.10/site-packages/airflow/example_dags/example_xcomargs.py took 0.114 seconds
[2024-05-12T20:40:23.019+0500] {processor.py:161} INFO - Started process (PID=16828) to work on /home/awahab02/mlops_assignment_2/myenv/lib/python3.10/site-packages/airflow/example_dags/example_xcomargs.py
[2024-05-12T20:40:23.054+0500] {processor.py:830} INFO - Processing file /home/awahab02/mlops_assignment_2/myenv/lib/python3.10/site-packages/airflow/example_dags/example_xcomargs.py for tasks to queue
[2024-05-12T20:40:23.055+0500] {logging_mixin.py:188} INFO - [2024-05-12T20:40:23.055+0500] {dagbag.py:545} INFO - Filling up the DagBag from /home/awahab02/mlops_assignment_2/myenv/lib/python3.10/site-packages/airflow/example_dags/example_xcomargs.py
[2024-05-12T20:40:23.063+0500] {processor.py:840} INFO - DAG(s) 'example_xcom_args', 'example_xcom_args_with_operators' retrieved from /home/awahab02/mlops_assignment_2/myenv/lib/python3.10/site-packages/airflow/example_dags/example_xcomargs.py
[2024-05-12T20:40:23.079+0500] {logging_mixin.py:188} INFO - [2024-05-12T20:40:23.078+0500] {dag.py:3096} INFO - Sync 2 DAGs
[2024-05-12T20:40:23.088+0500] {logging_mixin.py:188} INFO - [2024-05-12T20:40:23.087+0500] {dag.py:3954} INFO - Setting next_dagrun for example_xcom_args to None, run_after=None
[2024-05-12T20:40:23.090+0500] {logging_mixin.py:188} INFO - [2024-05-12T20:40:23.090+0500] {dag.py:3954} INFO - Setting next_dagrun for example_xcom_args_with_operators to None, run_after=None
[2024-05-12T20:40:23.113+0500] {processor.py:183} INFO - Processing /home/awahab02/mlops_assignment_2/myenv/lib/python3.10/site-packages/airflow/example_dags/example_xcomargs.py took 0.100 seconds
[2024-05-12T20:41:08.284+0500] {processor.py:161} INFO - Started process (PID=17149) to work on /home/awahab02/mlops_assignment_2/myenv/lib/python3.10/site-packages/airflow/example_dags/example_xcomargs.py
[2024-05-12T20:41:08.286+0500] {processor.py:830} INFO - Processing file /home/awahab02/mlops_assignment_2/myenv/lib/python3.10/site-packages/airflow/example_dags/example_xcomargs.py for tasks to queue
[2024-05-12T20:41:08.287+0500] {logging_mixin.py:188} INFO - [2024-05-12T20:41:08.286+0500] {dagbag.py:545} INFO - Filling up the DagBag from /home/awahab02/mlops_assignment_2/myenv/lib/python3.10/site-packages/airflow/example_dags/example_xcomargs.py
[2024-05-12T20:41:08.295+0500] {processor.py:840} INFO - DAG(s) 'example_xcom_args_with_operators', 'example_xcom_args' retrieved from /home/awahab02/mlops_assignment_2/myenv/lib/python3.10/site-packages/airflow/example_dags/example_xcomargs.py
[2024-05-12T20:41:08.309+0500] {logging_mixin.py:188} INFO - [2024-05-12T20:41:08.308+0500] {dag.py:3096} INFO - Sync 2 DAGs
[2024-05-12T20:41:08.317+0500] {logging_mixin.py:188} INFO - [2024-05-12T20:41:08.317+0500] {dag.py:3954} INFO - Setting next_dagrun for example_xcom_args to None, run_after=None
[2024-05-12T20:41:08.320+0500] {logging_mixin.py:188} INFO - [2024-05-12T20:41:08.320+0500] {dag.py:3954} INFO - Setting next_dagrun for example_xcom_args_with_operators to None, run_after=None
[2024-05-12T20:41:08.345+0500] {processor.py:183} INFO - Processing /home/awahab02/mlops_assignment_2/myenv/lib/python3.10/site-packages/airflow/example_dags/example_xcomargs.py took 0.066 seconds
[2024-05-12T20:41:50.940+0500] {processor.py:161} INFO - Started process (PID=17422) to work on /home/awahab02/mlops_assignment_2/myenv/lib/python3.10/site-packages/airflow/example_dags/example_xcomargs.py
[2024-05-12T20:41:50.942+0500] {processor.py:830} INFO - Processing file /home/awahab02/mlops_assignment_2/myenv/lib/python3.10/site-packages/airflow/example_dags/example_xcomargs.py for tasks to queue
[2024-05-12T20:41:50.943+0500] {logging_mixin.py:188} INFO - [2024-05-12T20:41:50.942+0500] {dagbag.py:545} INFO - Filling up the DagBag from /home/awahab02/mlops_assignment_2/myenv/lib/python3.10/site-packages/airflow/example_dags/example_xcomargs.py
[2024-05-12T20:41:50.951+0500] {processor.py:840} INFO - DAG(s) 'example_xcom_args', 'example_xcom_args_with_operators' retrieved from /home/awahab02/mlops_assignment_2/myenv/lib/python3.10/site-packages/airflow/example_dags/example_xcomargs.py
[2024-05-12T20:41:50.965+0500] {logging_mixin.py:188} INFO - [2024-05-12T20:41:50.965+0500] {dag.py:3096} INFO - Sync 2 DAGs
[2024-05-12T20:41:50.975+0500] {logging_mixin.py:188} INFO - [2024-05-12T20:41:50.974+0500] {dag.py:3954} INFO - Setting next_dagrun for example_xcom_args to None, run_after=None
[2024-05-12T20:41:50.977+0500] {logging_mixin.py:188} INFO - [2024-05-12T20:41:50.977+0500] {dag.py:3954} INFO - Setting next_dagrun for example_xcom_args_with_operators to None, run_after=None
[2024-05-12T20:41:50.999+0500] {processor.py:183} INFO - Processing /home/awahab02/mlops_assignment_2/myenv/lib/python3.10/site-packages/airflow/example_dags/example_xcomargs.py took 0.064 seconds
[2024-05-12T20:42:35.956+0500] {processor.py:161} INFO - Started process (PID=17733) to work on /home/awahab02/mlops_assignment_2/myenv/lib/python3.10/site-packages/airflow/example_dags/example_xcomargs.py
[2024-05-12T20:42:35.958+0500] {processor.py:830} INFO - Processing file /home/awahab02/mlops_assignment_2/myenv/lib/python3.10/site-packages/airflow/example_dags/example_xcomargs.py for tasks to queue
[2024-05-12T20:42:35.959+0500] {logging_mixin.py:188} INFO - [2024-05-12T20:42:35.958+0500] {dagbag.py:545} INFO - Filling up the DagBag from /home/awahab02/mlops_assignment_2/myenv/lib/python3.10/site-packages/airflow/example_dags/example_xcomargs.py
[2024-05-12T20:42:35.967+0500] {processor.py:840} INFO - DAG(s) 'example_xcom_args', 'example_xcom_args_with_operators' retrieved from /home/awahab02/mlops_assignment_2/myenv/lib/python3.10/site-packages/airflow/example_dags/example_xcomargs.py
[2024-05-12T20:42:35.982+0500] {logging_mixin.py:188} INFO - [2024-05-12T20:42:35.982+0500] {dag.py:3096} INFO - Sync 2 DAGs
[2024-05-12T20:42:35.991+0500] {logging_mixin.py:188} INFO - [2024-05-12T20:42:35.990+0500] {dag.py:3954} INFO - Setting next_dagrun for example_xcom_args to None, run_after=None
[2024-05-12T20:42:35.993+0500] {logging_mixin.py:188} INFO - [2024-05-12T20:42:35.993+0500] {dag.py:3954} INFO - Setting next_dagrun for example_xcom_args_with_operators to None, run_after=None
[2024-05-12T20:42:36.015+0500] {processor.py:183} INFO - Processing /home/awahab02/mlops_assignment_2/myenv/lib/python3.10/site-packages/airflow/example_dags/example_xcomargs.py took 0.065 seconds
[2024-05-12T20:43:21.788+0500] {processor.py:161} INFO - Started process (PID=18059) to work on /home/awahab02/mlops_assignment_2/myenv/lib/python3.10/site-packages/airflow/example_dags/example_xcomargs.py
[2024-05-12T20:43:21.790+0500] {processor.py:830} INFO - Processing file /home/awahab02/mlops_assignment_2/myenv/lib/python3.10/site-packages/airflow/example_dags/example_xcomargs.py for tasks to queue
[2024-05-12T20:43:21.791+0500] {logging_mixin.py:188} INFO - [2024-05-12T20:43:21.790+0500] {dagbag.py:545} INFO - Filling up the DagBag from /home/awahab02/mlops_assignment_2/myenv/lib/python3.10/site-packages/airflow/example_dags/example_xcomargs.py
[2024-05-12T20:43:21.799+0500] {processor.py:840} INFO - DAG(s) 'example_xcom_args', 'example_xcom_args_with_operators' retrieved from /home/awahab02/mlops_assignment_2/myenv/lib/python3.10/site-packages/airflow/example_dags/example_xcomargs.py
[2024-05-12T20:43:21.814+0500] {logging_mixin.py:188} INFO - [2024-05-12T20:43:21.814+0500] {dag.py:3096} INFO - Sync 2 DAGs
[2024-05-12T20:43:21.824+0500] {logging_mixin.py:188} INFO - [2024-05-12T20:43:21.823+0500] {dag.py:3954} INFO - Setting next_dagrun for example_xcom_args to None, run_after=None
[2024-05-12T20:43:21.827+0500] {logging_mixin.py:188} INFO - [2024-05-12T20:43:21.826+0500] {dag.py:3954} INFO - Setting next_dagrun for example_xcom_args_with_operators to None, run_after=None
[2024-05-12T20:43:21.852+0500] {processor.py:183} INFO - Processing /home/awahab02/mlops_assignment_2/myenv/lib/python3.10/site-packages/airflow/example_dags/example_xcomargs.py took 0.068 seconds
[2024-05-12T20:44:05.984+0500] {processor.py:161} INFO - Started process (PID=18281) to work on /home/awahab02/mlops_assignment_2/myenv/lib/python3.10/site-packages/airflow/example_dags/example_xcomargs.py
[2024-05-12T20:44:05.985+0500] {processor.py:830} INFO - Processing file /home/awahab02/mlops_assignment_2/myenv/lib/python3.10/site-packages/airflow/example_dags/example_xcomargs.py for tasks to queue
[2024-05-12T20:44:05.986+0500] {logging_mixin.py:188} INFO - [2024-05-12T20:44:05.985+0500] {dagbag.py:545} INFO - Filling up the DagBag from /home/awahab02/mlops_assignment_2/myenv/lib/python3.10/site-packages/airflow/example_dags/example_xcomargs.py
[2024-05-12T20:44:05.993+0500] {processor.py:840} INFO - DAG(s) 'example_xcom_args', 'example_xcom_args_with_operators' retrieved from /home/awahab02/mlops_assignment_2/myenv/lib/python3.10/site-packages/airflow/example_dags/example_xcomargs.py
[2024-05-12T20:44:06.009+0500] {logging_mixin.py:188} INFO - [2024-05-12T20:44:06.009+0500] {dag.py:3096} INFO - Sync 2 DAGs
[2024-05-12T20:44:06.019+0500] {logging_mixin.py:188} INFO - [2024-05-12T20:44:06.019+0500] {dag.py:3954} INFO - Setting next_dagrun for example_xcom_args to None, run_after=None
[2024-05-12T20:44:06.021+0500] {logging_mixin.py:188} INFO - [2024-05-12T20:44:06.021+0500] {dag.py:3954} INFO - Setting next_dagrun for example_xcom_args_with_operators to None, run_after=None
[2024-05-12T20:44:06.050+0500] {processor.py:183} INFO - Processing /home/awahab02/mlops_assignment_2/myenv/lib/python3.10/site-packages/airflow/example_dags/example_xcomargs.py took 0.072 seconds
