[2024-05-12T20:20:28.768+0500] {processor.py:161} INFO - Started process (PID=9175) to work on /home/awahab02/mlops_assignment_2/myenv/lib/python3.10/site-packages/airflow/example_dags/example_task_group.py
[2024-05-12T20:20:28.768+0500] {processor.py:830} INFO - Processing file /home/awahab02/mlops_assignment_2/myenv/lib/python3.10/site-packages/airflow/example_dags/example_task_group.py for tasks to queue
[2024-05-12T20:20:28.770+0500] {logging_mixin.py:188} INFO - [2024-05-12T20:20:28.769+0500] {dagbag.py:545} INFO - Filling up the DagBag from /home/awahab02/mlops_assignment_2/myenv/lib/python3.10/site-packages/airflow/example_dags/example_task_group.py
[2024-05-12T20:20:28.778+0500] {processor.py:840} INFO - DAG(s) 'example_task_group' retrieved from /home/awahab02/mlops_assignment_2/myenv/lib/python3.10/site-packages/airflow/example_dags/example_task_group.py
[2024-05-12T20:20:28.877+0500] {logging_mixin.py:188} INFO - [2024-05-12T20:20:28.877+0500] {override.py:1829} INFO - Created Permission View: can read on DAG:example_task_group
[2024-05-12T20:20:28.894+0500] {logging_mixin.py:188} INFO - [2024-05-12T20:20:28.894+0500] {override.py:1829} INFO - Created Permission View: can edit on DAG:example_task_group
[2024-05-12T20:20:28.912+0500] {logging_mixin.py:188} INFO - [2024-05-12T20:20:28.911+0500] {override.py:1829} INFO - Created Permission View: can delete on DAG:example_task_group
[2024-05-12T20:20:28.912+0500] {logging_mixin.py:188} INFO - [2024-05-12T20:20:28.912+0500] {dag.py:3096} INFO - Sync 1 DAGs
[2024-05-12T20:20:28.921+0500] {logging_mixin.py:188} INFO - [2024-05-12T20:20:28.921+0500] {dag.py:3118} INFO - Creating ORM DAG for example_task_group
[2024-05-12T20:20:28.930+0500] {logging_mixin.py:188} INFO - [2024-05-12T20:20:28.930+0500] {dag.py:3954} INFO - Setting next_dagrun for example_task_group to 2024-05-11 00:00:00+00:00, run_after=2024-05-12 00:00:00+00:00
[2024-05-12T20:20:28.958+0500] {processor.py:183} INFO - Processing /home/awahab02/mlops_assignment_2/myenv/lib/python3.10/site-packages/airflow/example_dags/example_task_group.py took 0.194 seconds
[2024-05-12T20:21:27.164+0500] {processor.py:161} INFO - Started process (PID=9554) to work on /home/awahab02/mlops_assignment_2/myenv/lib/python3.10/site-packages/airflow/example_dags/example_task_group.py
[2024-05-12T20:21:27.165+0500] {processor.py:830} INFO - Processing file /home/awahab02/mlops_assignment_2/myenv/lib/python3.10/site-packages/airflow/example_dags/example_task_group.py for tasks to queue
[2024-05-12T20:21:27.166+0500] {logging_mixin.py:188} INFO - [2024-05-12T20:21:27.166+0500] {dagbag.py:545} INFO - Filling up the DagBag from /home/awahab02/mlops_assignment_2/myenv/lib/python3.10/site-packages/airflow/example_dags/example_task_group.py
[2024-05-12T20:21:27.175+0500] {processor.py:840} INFO - DAG(s) 'example_task_group' retrieved from /home/awahab02/mlops_assignment_2/myenv/lib/python3.10/site-packages/airflow/example_dags/example_task_group.py
[2024-05-12T20:21:27.191+0500] {logging_mixin.py:188} INFO - [2024-05-12T20:21:27.190+0500] {dag.py:3096} INFO - Sync 1 DAGs
[2024-05-12T20:21:27.209+0500] {logging_mixin.py:188} INFO - [2024-05-12T20:21:27.209+0500] {dag.py:3954} INFO - Setting next_dagrun for example_task_group to 2024-05-11 00:00:00+00:00, run_after=2024-05-12 00:00:00+00:00
[2024-05-12T20:21:27.243+0500] {processor.py:183} INFO - Processing /home/awahab02/mlops_assignment_2/myenv/lib/python3.10/site-packages/airflow/example_dags/example_task_group.py took 0.084 seconds
[2024-05-12T20:22:14.780+0500] {processor.py:161} INFO - Started process (PID=9742) to work on /home/awahab02/mlops_assignment_2/myenv/lib/python3.10/site-packages/airflow/example_dags/example_task_group.py
[2024-05-12T20:22:14.803+0500] {processor.py:830} INFO - Processing file /home/awahab02/mlops_assignment_2/myenv/lib/python3.10/site-packages/airflow/example_dags/example_task_group.py for tasks to queue
[2024-05-12T20:22:14.805+0500] {logging_mixin.py:188} INFO - [2024-05-12T20:22:14.804+0500] {dagbag.py:545} INFO - Filling up the DagBag from /home/awahab02/mlops_assignment_2/myenv/lib/python3.10/site-packages/airflow/example_dags/example_task_group.py
[2024-05-12T20:22:14.811+0500] {processor.py:840} INFO - DAG(s) 'example_task_group' retrieved from /home/awahab02/mlops_assignment_2/myenv/lib/python3.10/site-packages/airflow/example_dags/example_task_group.py
[2024-05-12T20:22:14.826+0500] {logging_mixin.py:188} INFO - [2024-05-12T20:22:14.826+0500] {dag.py:3096} INFO - Sync 1 DAGs
[2024-05-12T20:22:14.841+0500] {logging_mixin.py:188} INFO - [2024-05-12T20:22:14.841+0500] {dag.py:3954} INFO - Setting next_dagrun for example_task_group to 2024-05-11 00:00:00+00:00, run_after=2024-05-12 00:00:00+00:00
[2024-05-12T20:22:14.865+0500] {processor.py:183} INFO - Processing /home/awahab02/mlops_assignment_2/myenv/lib/python3.10/site-packages/airflow/example_dags/example_task_group.py took 0.091 seconds
[2024-05-12T20:23:02.768+0500] {processor.py:161} INFO - Started process (PID=10036) to work on /home/awahab02/mlops_assignment_2/myenv/lib/python3.10/site-packages/airflow/example_dags/example_task_group.py
[2024-05-12T20:23:02.769+0500] {processor.py:830} INFO - Processing file /home/awahab02/mlops_assignment_2/myenv/lib/python3.10/site-packages/airflow/example_dags/example_task_group.py for tasks to queue
[2024-05-12T20:23:02.770+0500] {logging_mixin.py:188} INFO - [2024-05-12T20:23:02.770+0500] {dagbag.py:545} INFO - Filling up the DagBag from /home/awahab02/mlops_assignment_2/myenv/lib/python3.10/site-packages/airflow/example_dags/example_task_group.py
[2024-05-12T20:23:02.777+0500] {processor.py:840} INFO - DAG(s) 'example_task_group' retrieved from /home/awahab02/mlops_assignment_2/myenv/lib/python3.10/site-packages/airflow/example_dags/example_task_group.py
[2024-05-12T20:23:02.790+0500] {logging_mixin.py:188} INFO - [2024-05-12T20:23:02.790+0500] {dag.py:3096} INFO - Sync 1 DAGs
[2024-05-12T20:23:02.807+0500] {logging_mixin.py:188} INFO - [2024-05-12T20:23:02.806+0500] {dag.py:3954} INFO - Setting next_dagrun for example_task_group to 2024-05-11 00:00:00+00:00, run_after=2024-05-12 00:00:00+00:00
[2024-05-12T20:23:02.833+0500] {processor.py:183} INFO - Processing /home/awahab02/mlops_assignment_2/myenv/lib/python3.10/site-packages/airflow/example_dags/example_task_group.py took 0.070 seconds
[2024-05-12T20:23:44.135+0500] {processor.py:161} INFO - Started process (PID=10421) to work on /home/awahab02/mlops_assignment_2/myenv/lib/python3.10/site-packages/airflow/example_dags/example_task_group.py
[2024-05-12T20:23:44.160+0500] {processor.py:830} INFO - Processing file /home/awahab02/mlops_assignment_2/myenv/lib/python3.10/site-packages/airflow/example_dags/example_task_group.py for tasks to queue
[2024-05-12T20:23:44.163+0500] {logging_mixin.py:188} INFO - [2024-05-12T20:23:44.162+0500] {dagbag.py:545} INFO - Filling up the DagBag from /home/awahab02/mlops_assignment_2/myenv/lib/python3.10/site-packages/airflow/example_dags/example_task_group.py
[2024-05-12T20:23:44.173+0500] {processor.py:840} INFO - DAG(s) 'example_task_group' retrieved from /home/awahab02/mlops_assignment_2/myenv/lib/python3.10/site-packages/airflow/example_dags/example_task_group.py
[2024-05-12T20:23:44.222+0500] {logging_mixin.py:188} INFO - [2024-05-12T20:23:44.213+0500] {dag.py:3096} INFO - Sync 1 DAGs
[2024-05-12T20:23:44.257+0500] {logging_mixin.py:188} INFO - [2024-05-12T20:23:44.256+0500] {dag.py:3954} INFO - Setting next_dagrun for example_task_group to 2024-05-11 00:00:00+00:00, run_after=2024-05-12 00:00:00+00:00
[2024-05-12T20:23:44.290+0500] {processor.py:183} INFO - Processing /home/awahab02/mlops_assignment_2/myenv/lib/python3.10/site-packages/airflow/example_dags/example_task_group.py took 0.162 seconds
[2024-05-12T20:24:26.517+0500] {processor.py:161} INFO - Started process (PID=10600) to work on /home/awahab02/mlops_assignment_2/myenv/lib/python3.10/site-packages/airflow/example_dags/example_task_group.py
[2024-05-12T20:24:26.540+0500] {processor.py:830} INFO - Processing file /home/awahab02/mlops_assignment_2/myenv/lib/python3.10/site-packages/airflow/example_dags/example_task_group.py for tasks to queue
[2024-05-12T20:24:26.542+0500] {logging_mixin.py:188} INFO - [2024-05-12T20:24:26.542+0500] {dagbag.py:545} INFO - Filling up the DagBag from /home/awahab02/mlops_assignment_2/myenv/lib/python3.10/site-packages/airflow/example_dags/example_task_group.py
[2024-05-12T20:24:26.548+0500] {processor.py:840} INFO - DAG(s) 'example_task_group' retrieved from /home/awahab02/mlops_assignment_2/myenv/lib/python3.10/site-packages/airflow/example_dags/example_task_group.py
[2024-05-12T20:24:26.561+0500] {logging_mixin.py:188} INFO - [2024-05-12T20:24:26.561+0500] {dag.py:3096} INFO - Sync 1 DAGs
[2024-05-12T20:24:26.575+0500] {logging_mixin.py:188} INFO - [2024-05-12T20:24:26.575+0500] {dag.py:3954} INFO - Setting next_dagrun for example_task_group to 2024-05-11 00:00:00+00:00, run_after=2024-05-12 00:00:00+00:00
[2024-05-12T20:24:26.600+0500] {processor.py:183} INFO - Processing /home/awahab02/mlops_assignment_2/myenv/lib/python3.10/site-packages/airflow/example_dags/example_task_group.py took 0.087 seconds
[2024-05-12T20:25:03.865+0500] {processor.py:161} INFO - Started process (PID=10783) to work on /home/awahab02/mlops_assignment_2/myenv/lib/python3.10/site-packages/airflow/example_dags/example_task_group.py
[2024-05-12T20:25:03.866+0500] {processor.py:830} INFO - Processing file /home/awahab02/mlops_assignment_2/myenv/lib/python3.10/site-packages/airflow/example_dags/example_task_group.py for tasks to queue
[2024-05-12T20:25:03.867+0500] {logging_mixin.py:188} INFO - [2024-05-12T20:25:03.867+0500] {dagbag.py:545} INFO - Filling up the DagBag from /home/awahab02/mlops_assignment_2/myenv/lib/python3.10/site-packages/airflow/example_dags/example_task_group.py
[2024-05-12T20:25:03.879+0500] {processor.py:840} INFO - DAG(s) 'example_task_group' retrieved from /home/awahab02/mlops_assignment_2/myenv/lib/python3.10/site-packages/airflow/example_dags/example_task_group.py
[2024-05-12T20:25:03.900+0500] {logging_mixin.py:188} INFO - [2024-05-12T20:25:03.900+0500] {dag.py:3096} INFO - Sync 1 DAGs
[2024-05-12T20:25:03.918+0500] {logging_mixin.py:188} INFO - [2024-05-12T20:25:03.918+0500] {dag.py:3954} INFO - Setting next_dagrun for example_task_group to 2024-05-11 00:00:00+00:00, run_after=2024-05-12 00:00:00+00:00
[2024-05-12T20:25:03.950+0500] {processor.py:183} INFO - Processing /home/awahab02/mlops_assignment_2/myenv/lib/python3.10/site-packages/airflow/example_dags/example_task_group.py took 0.092 seconds
[2024-05-12T20:25:45.884+0500] {processor.py:161} INFO - Started process (PID=11026) to work on /home/awahab02/mlops_assignment_2/myenv/lib/python3.10/site-packages/airflow/example_dags/example_task_group.py
[2024-05-12T20:25:45.886+0500] {processor.py:830} INFO - Processing file /home/awahab02/mlops_assignment_2/myenv/lib/python3.10/site-packages/airflow/example_dags/example_task_group.py for tasks to queue
[2024-05-12T20:25:45.887+0500] {logging_mixin.py:188} INFO - [2024-05-12T20:25:45.886+0500] {dagbag.py:545} INFO - Filling up the DagBag from /home/awahab02/mlops_assignment_2/myenv/lib/python3.10/site-packages/airflow/example_dags/example_task_group.py
[2024-05-12T20:25:45.893+0500] {processor.py:840} INFO - DAG(s) 'example_task_group' retrieved from /home/awahab02/mlops_assignment_2/myenv/lib/python3.10/site-packages/airflow/example_dags/example_task_group.py
[2024-05-12T20:25:45.906+0500] {logging_mixin.py:188} INFO - [2024-05-12T20:25:45.905+0500] {dag.py:3096} INFO - Sync 1 DAGs
[2024-05-12T20:25:45.921+0500] {logging_mixin.py:188} INFO - [2024-05-12T20:25:45.920+0500] {dag.py:3954} INFO - Setting next_dagrun for example_task_group to 2024-05-11 00:00:00+00:00, run_after=2024-05-12 00:00:00+00:00
[2024-05-12T20:25:45.947+0500] {processor.py:183} INFO - Processing /home/awahab02/mlops_assignment_2/myenv/lib/python3.10/site-packages/airflow/example_dags/example_task_group.py took 0.068 seconds
[2024-05-12T20:26:29.320+0500] {processor.py:161} INFO - Started process (PID=11208) to work on /home/awahab02/mlops_assignment_2/myenv/lib/python3.10/site-packages/airflow/example_dags/example_task_group.py
[2024-05-12T20:26:29.322+0500] {processor.py:830} INFO - Processing file /home/awahab02/mlops_assignment_2/myenv/lib/python3.10/site-packages/airflow/example_dags/example_task_group.py for tasks to queue
[2024-05-12T20:26:29.325+0500] {logging_mixin.py:188} INFO - [2024-05-12T20:26:29.324+0500] {dagbag.py:545} INFO - Filling up the DagBag from /home/awahab02/mlops_assignment_2/myenv/lib/python3.10/site-packages/airflow/example_dags/example_task_group.py
[2024-05-12T20:26:29.336+0500] {processor.py:840} INFO - DAG(s) 'example_task_group' retrieved from /home/awahab02/mlops_assignment_2/myenv/lib/python3.10/site-packages/airflow/example_dags/example_task_group.py
[2024-05-12T20:26:29.357+0500] {logging_mixin.py:188} INFO - [2024-05-12T20:26:29.356+0500] {dag.py:3096} INFO - Sync 1 DAGs
[2024-05-12T20:26:29.383+0500] {logging_mixin.py:188} INFO - [2024-05-12T20:26:29.383+0500] {dag.py:3954} INFO - Setting next_dagrun for example_task_group to 2024-05-11 00:00:00+00:00, run_after=2024-05-12 00:00:00+00:00
[2024-05-12T20:26:29.419+0500] {processor.py:183} INFO - Processing /home/awahab02/mlops_assignment_2/myenv/lib/python3.10/site-packages/airflow/example_dags/example_task_group.py took 0.106 seconds
[2024-05-12T20:27:12.329+0500] {processor.py:161} INFO - Started process (PID=11593) to work on /home/awahab02/mlops_assignment_2/myenv/lib/python3.10/site-packages/airflow/example_dags/example_task_group.py
[2024-05-12T20:27:12.354+0500] {processor.py:830} INFO - Processing file /home/awahab02/mlops_assignment_2/myenv/lib/python3.10/site-packages/airflow/example_dags/example_task_group.py for tasks to queue
[2024-05-12T20:27:12.355+0500] {logging_mixin.py:188} INFO - [2024-05-12T20:27:12.355+0500] {dagbag.py:545} INFO - Filling up the DagBag from /home/awahab02/mlops_assignment_2/myenv/lib/python3.10/site-packages/airflow/example_dags/example_task_group.py
[2024-05-12T20:27:12.362+0500] {processor.py:840} INFO - DAG(s) 'example_task_group' retrieved from /home/awahab02/mlops_assignment_2/myenv/lib/python3.10/site-packages/airflow/example_dags/example_task_group.py
[2024-05-12T20:27:12.394+0500] {logging_mixin.py:188} INFO - [2024-05-12T20:27:12.394+0500] {dag.py:3096} INFO - Sync 1 DAGs
[2024-05-12T20:27:12.411+0500] {logging_mixin.py:188} INFO - [2024-05-12T20:27:12.411+0500] {dag.py:3954} INFO - Setting next_dagrun for example_task_group to 2024-05-11 00:00:00+00:00, run_after=2024-05-12 00:00:00+00:00
[2024-05-12T20:27:12.441+0500] {processor.py:183} INFO - Processing /home/awahab02/mlops_assignment_2/myenv/lib/python3.10/site-packages/airflow/example_dags/example_task_group.py took 0.117 seconds
[2024-05-12T20:27:39.134+0500] {processor.py:161} INFO - Started process (PID=11835) to work on /home/awahab02/mlops_assignment_2/myenv/lib/python3.10/site-packages/airflow/example_dags/example_task_group.py
[2024-05-12T20:27:39.164+0500] {processor.py:830} INFO - Processing file /home/awahab02/mlops_assignment_2/myenv/lib/python3.10/site-packages/airflow/example_dags/example_task_group.py for tasks to queue
[2024-05-12T20:27:39.166+0500] {logging_mixin.py:188} INFO - [2024-05-12T20:27:39.165+0500] {dagbag.py:545} INFO - Filling up the DagBag from /home/awahab02/mlops_assignment_2/myenv/lib/python3.10/site-packages/airflow/example_dags/example_task_group.py
[2024-05-12T20:27:39.175+0500] {processor.py:840} INFO - DAG(s) 'example_task_group' retrieved from /home/awahab02/mlops_assignment_2/myenv/lib/python3.10/site-packages/airflow/example_dags/example_task_group.py
[2024-05-12T20:27:39.197+0500] {logging_mixin.py:188} INFO - [2024-05-12T20:27:39.197+0500] {dag.py:3096} INFO - Sync 1 DAGs
[2024-05-12T20:27:39.214+0500] {logging_mixin.py:188} INFO - [2024-05-12T20:27:39.214+0500] {dag.py:3954} INFO - Setting next_dagrun for example_task_group to 2024-05-11 00:00:00+00:00, run_after=2024-05-12 00:00:00+00:00
[2024-05-12T20:27:39.244+0500] {processor.py:183} INFO - Processing /home/awahab02/mlops_assignment_2/myenv/lib/python3.10/site-packages/airflow/example_dags/example_task_group.py took 0.114 seconds
[2024-05-12T20:28:29.311+0500] {processor.py:161} INFO - Started process (PID=12162) to work on /home/awahab02/mlops_assignment_2/myenv/lib/python3.10/site-packages/airflow/example_dags/example_task_group.py
[2024-05-12T20:28:29.315+0500] {processor.py:830} INFO - Processing file /home/awahab02/mlops_assignment_2/myenv/lib/python3.10/site-packages/airflow/example_dags/example_task_group.py for tasks to queue
[2024-05-12T20:28:29.316+0500] {logging_mixin.py:188} INFO - [2024-05-12T20:28:29.316+0500] {dagbag.py:545} INFO - Filling up the DagBag from /home/awahab02/mlops_assignment_2/myenv/lib/python3.10/site-packages/airflow/example_dags/example_task_group.py
[2024-05-12T20:28:29.322+0500] {processor.py:840} INFO - DAG(s) 'example_task_group' retrieved from /home/awahab02/mlops_assignment_2/myenv/lib/python3.10/site-packages/airflow/example_dags/example_task_group.py
[2024-05-12T20:28:29.335+0500] {logging_mixin.py:188} INFO - [2024-05-12T20:28:29.335+0500] {dag.py:3096} INFO - Sync 1 DAGs
[2024-05-12T20:28:29.350+0500] {logging_mixin.py:188} INFO - [2024-05-12T20:28:29.349+0500] {dag.py:3954} INFO - Setting next_dagrun for example_task_group to 2024-05-11 00:00:00+00:00, run_after=2024-05-12 00:00:00+00:00
[2024-05-12T20:28:29.374+0500] {processor.py:183} INFO - Processing /home/awahab02/mlops_assignment_2/myenv/lib/python3.10/site-packages/airflow/example_dags/example_task_group.py took 0.069 seconds
[2024-05-12T20:29:15.680+0500] {processor.py:161} INFO - Started process (PID=12377) to work on /home/awahab02/mlops_assignment_2/myenv/lib/python3.10/site-packages/airflow/example_dags/example_task_group.py
[2024-05-12T20:29:15.708+0500] {processor.py:830} INFO - Processing file /home/awahab02/mlops_assignment_2/myenv/lib/python3.10/site-packages/airflow/example_dags/example_task_group.py for tasks to queue
[2024-05-12T20:29:15.710+0500] {logging_mixin.py:188} INFO - [2024-05-12T20:29:15.709+0500] {dagbag.py:545} INFO - Filling up the DagBag from /home/awahab02/mlops_assignment_2/myenv/lib/python3.10/site-packages/airflow/example_dags/example_task_group.py
[2024-05-12T20:29:15.715+0500] {processor.py:840} INFO - DAG(s) 'example_task_group' retrieved from /home/awahab02/mlops_assignment_2/myenv/lib/python3.10/site-packages/airflow/example_dags/example_task_group.py
[2024-05-12T20:29:15.729+0500] {logging_mixin.py:188} INFO - [2024-05-12T20:29:15.728+0500] {dag.py:3096} INFO - Sync 1 DAGs
[2024-05-12T20:29:15.750+0500] {logging_mixin.py:188} INFO - [2024-05-12T20:29:15.749+0500] {dag.py:3954} INFO - Setting next_dagrun for example_task_group to 2024-05-11 00:00:00+00:00, run_after=2024-05-12 00:00:00+00:00
[2024-05-12T20:29:15.793+0500] {processor.py:183} INFO - Processing /home/awahab02/mlops_assignment_2/myenv/lib/python3.10/site-packages/airflow/example_dags/example_task_group.py took 0.118 seconds
[2024-05-12T20:30:01.838+0500] {processor.py:161} INFO - Started process (PID=12703) to work on /home/awahab02/mlops_assignment_2/myenv/lib/python3.10/site-packages/airflow/example_dags/example_task_group.py
[2024-05-12T20:30:01.839+0500] {processor.py:830} INFO - Processing file /home/awahab02/mlops_assignment_2/myenv/lib/python3.10/site-packages/airflow/example_dags/example_task_group.py for tasks to queue
[2024-05-12T20:30:01.841+0500] {logging_mixin.py:188} INFO - [2024-05-12T20:30:01.841+0500] {dagbag.py:545} INFO - Filling up the DagBag from /home/awahab02/mlops_assignment_2/myenv/lib/python3.10/site-packages/airflow/example_dags/example_task_group.py
[2024-05-12T20:30:01.847+0500] {processor.py:840} INFO - DAG(s) 'example_task_group' retrieved from /home/awahab02/mlops_assignment_2/myenv/lib/python3.10/site-packages/airflow/example_dags/example_task_group.py
[2024-05-12T20:30:01.860+0500] {logging_mixin.py:188} INFO - [2024-05-12T20:30:01.860+0500] {dag.py:3096} INFO - Sync 1 DAGs
[2024-05-12T20:30:01.876+0500] {logging_mixin.py:188} INFO - [2024-05-12T20:30:01.876+0500] {dag.py:3954} INFO - Setting next_dagrun for example_task_group to 2024-05-11 00:00:00+00:00, run_after=2024-05-12 00:00:00+00:00
[2024-05-12T20:30:01.901+0500] {processor.py:183} INFO - Processing /home/awahab02/mlops_assignment_2/myenv/lib/python3.10/site-packages/airflow/example_dags/example_task_group.py took 0.068 seconds
[2024-05-12T20:30:47.009+0500] {processor.py:161} INFO - Started process (PID=13089) to work on /home/awahab02/mlops_assignment_2/myenv/lib/python3.10/site-packages/airflow/example_dags/example_task_group.py
[2024-05-12T20:30:47.011+0500] {processor.py:830} INFO - Processing file /home/awahab02/mlops_assignment_2/myenv/lib/python3.10/site-packages/airflow/example_dags/example_task_group.py for tasks to queue
[2024-05-12T20:30:47.013+0500] {logging_mixin.py:188} INFO - [2024-05-12T20:30:47.012+0500] {dagbag.py:545} INFO - Filling up the DagBag from /home/awahab02/mlops_assignment_2/myenv/lib/python3.10/site-packages/airflow/example_dags/example_task_group.py
[2024-05-12T20:30:47.019+0500] {processor.py:840} INFO - DAG(s) 'example_task_group' retrieved from /home/awahab02/mlops_assignment_2/myenv/lib/python3.10/site-packages/airflow/example_dags/example_task_group.py
[2024-05-12T20:30:47.032+0500] {logging_mixin.py:188} INFO - [2024-05-12T20:30:47.032+0500] {dag.py:3096} INFO - Sync 1 DAGs
[2024-05-12T20:30:47.048+0500] {logging_mixin.py:188} INFO - [2024-05-12T20:30:47.047+0500] {dag.py:3954} INFO - Setting next_dagrun for example_task_group to 2024-05-11 00:00:00+00:00, run_after=2024-05-12 00:00:00+00:00
[2024-05-12T20:30:47.073+0500] {processor.py:183} INFO - Processing /home/awahab02/mlops_assignment_2/myenv/lib/python3.10/site-packages/airflow/example_dags/example_task_group.py took 0.068 seconds
[2024-05-12T20:31:27.567+0500] {processor.py:161} INFO - Started process (PID=13284) to work on /home/awahab02/mlops_assignment_2/myenv/lib/python3.10/site-packages/airflow/example_dags/example_task_group.py
[2024-05-12T20:31:27.614+0500] {processor.py:830} INFO - Processing file /home/awahab02/mlops_assignment_2/myenv/lib/python3.10/site-packages/airflow/example_dags/example_task_group.py for tasks to queue
[2024-05-12T20:31:27.616+0500] {logging_mixin.py:188} INFO - [2024-05-12T20:31:27.616+0500] {dagbag.py:545} INFO - Filling up the DagBag from /home/awahab02/mlops_assignment_2/myenv/lib/python3.10/site-packages/airflow/example_dags/example_task_group.py
[2024-05-12T20:31:27.622+0500] {processor.py:840} INFO - DAG(s) 'example_task_group' retrieved from /home/awahab02/mlops_assignment_2/myenv/lib/python3.10/site-packages/airflow/example_dags/example_task_group.py
[2024-05-12T20:31:27.637+0500] {logging_mixin.py:188} INFO - [2024-05-12T20:31:27.637+0500] {dag.py:3096} INFO - Sync 1 DAGs
[2024-05-12T20:31:27.651+0500] {logging_mixin.py:188} INFO - [2024-05-12T20:31:27.651+0500] {dag.py:3954} INFO - Setting next_dagrun for example_task_group to 2024-05-11 00:00:00+00:00, run_after=2024-05-12 00:00:00+00:00
[2024-05-12T20:31:27.678+0500] {processor.py:183} INFO - Processing /home/awahab02/mlops_assignment_2/myenv/lib/python3.10/site-packages/airflow/example_dags/example_task_group.py took 0.115 seconds
[2024-05-12T20:32:10.554+0500] {processor.py:161} INFO - Started process (PID=13466) to work on /home/awahab02/mlops_assignment_2/myenv/lib/python3.10/site-packages/airflow/example_dags/example_task_group.py
[2024-05-12T20:32:10.594+0500] {processor.py:830} INFO - Processing file /home/awahab02/mlops_assignment_2/myenv/lib/python3.10/site-packages/airflow/example_dags/example_task_group.py for tasks to queue
[2024-05-12T20:32:10.596+0500] {logging_mixin.py:188} INFO - [2024-05-12T20:32:10.596+0500] {dagbag.py:545} INFO - Filling up the DagBag from /home/awahab02/mlops_assignment_2/myenv/lib/python3.10/site-packages/airflow/example_dags/example_task_group.py
[2024-05-12T20:32:10.604+0500] {processor.py:840} INFO - DAG(s) 'example_task_group' retrieved from /home/awahab02/mlops_assignment_2/myenv/lib/python3.10/site-packages/airflow/example_dags/example_task_group.py
[2024-05-12T20:32:10.617+0500] {logging_mixin.py:188} INFO - [2024-05-12T20:32:10.616+0500] {dag.py:3096} INFO - Sync 1 DAGs
[2024-05-12T20:32:10.635+0500] {logging_mixin.py:188} INFO - [2024-05-12T20:32:10.635+0500] {dag.py:3954} INFO - Setting next_dagrun for example_task_group to 2024-05-11 00:00:00+00:00, run_after=2024-05-12 00:00:00+00:00
[2024-05-12T20:32:10.662+0500] {processor.py:183} INFO - Processing /home/awahab02/mlops_assignment_2/myenv/lib/python3.10/site-packages/airflow/example_dags/example_task_group.py took 0.113 seconds
[2024-05-12T20:34:19.651+0500] {processor.py:161} INFO - Started process (PID=14481) to work on /home/awahab02/mlops_assignment_2/myenv/lib/python3.10/site-packages/airflow/example_dags/example_task_group.py
[2024-05-12T20:34:19.666+0500] {processor.py:830} INFO - Processing file /home/awahab02/mlops_assignment_2/myenv/lib/python3.10/site-packages/airflow/example_dags/example_task_group.py for tasks to queue
[2024-05-12T20:34:19.666+0500] {logging_mixin.py:188} INFO - [2024-05-12T20:34:19.666+0500] {dagbag.py:545} INFO - Filling up the DagBag from /home/awahab02/mlops_assignment_2/myenv/lib/python3.10/site-packages/airflow/example_dags/example_task_group.py
[2024-05-12T20:34:19.674+0500] {processor.py:840} INFO - DAG(s) 'example_task_group' retrieved from /home/awahab02/mlops_assignment_2/myenv/lib/python3.10/site-packages/airflow/example_dags/example_task_group.py
[2024-05-12T20:34:19.694+0500] {logging_mixin.py:188} INFO - [2024-05-12T20:34:19.693+0500] {dag.py:3096} INFO - Sync 1 DAGs
[2024-05-12T20:34:19.708+0500] {logging_mixin.py:188} INFO - [2024-05-12T20:34:19.708+0500] {dag.py:3954} INFO - Setting next_dagrun for example_task_group to 2024-05-11 00:00:00+00:00, run_after=2024-05-12 00:00:00+00:00
[2024-05-12T20:34:19.734+0500] {processor.py:183} INFO - Processing /home/awahab02/mlops_assignment_2/myenv/lib/python3.10/site-packages/airflow/example_dags/example_task_group.py took 0.088 seconds
[2024-05-12T20:35:10.508+0500] {processor.py:161} INFO - Started process (PID=14748) to work on /home/awahab02/mlops_assignment_2/myenv/lib/python3.10/site-packages/airflow/example_dags/example_task_group.py
[2024-05-12T20:35:10.511+0500] {processor.py:830} INFO - Processing file /home/awahab02/mlops_assignment_2/myenv/lib/python3.10/site-packages/airflow/example_dags/example_task_group.py for tasks to queue
[2024-05-12T20:35:10.512+0500] {logging_mixin.py:188} INFO - [2024-05-12T20:35:10.511+0500] {dagbag.py:545} INFO - Filling up the DagBag from /home/awahab02/mlops_assignment_2/myenv/lib/python3.10/site-packages/airflow/example_dags/example_task_group.py
[2024-05-12T20:35:10.519+0500] {processor.py:840} INFO - DAG(s) 'example_task_group' retrieved from /home/awahab02/mlops_assignment_2/myenv/lib/python3.10/site-packages/airflow/example_dags/example_task_group.py
[2024-05-12T20:35:10.534+0500] {logging_mixin.py:188} INFO - [2024-05-12T20:35:10.534+0500] {dag.py:3096} INFO - Sync 1 DAGs
[2024-05-12T20:35:10.551+0500] {logging_mixin.py:188} INFO - [2024-05-12T20:35:10.551+0500] {dag.py:3954} INFO - Setting next_dagrun for example_task_group to 2024-05-11 00:00:00+00:00, run_after=2024-05-12 00:00:00+00:00
[2024-05-12T20:35:10.577+0500] {processor.py:183} INFO - Processing /home/awahab02/mlops_assignment_2/myenv/lib/python3.10/site-packages/airflow/example_dags/example_task_group.py took 0.075 seconds
[2024-05-12T20:35:56.010+0500] {processor.py:161} INFO - Started process (PID=14979) to work on /home/awahab02/mlops_assignment_2/myenv/lib/python3.10/site-packages/airflow/example_dags/example_task_group.py
[2024-05-12T20:35:56.062+0500] {processor.py:830} INFO - Processing file /home/awahab02/mlops_assignment_2/myenv/lib/python3.10/site-packages/airflow/example_dags/example_task_group.py for tasks to queue
[2024-05-12T20:35:56.063+0500] {logging_mixin.py:188} INFO - [2024-05-12T20:35:56.062+0500] {dagbag.py:545} INFO - Filling up the DagBag from /home/awahab02/mlops_assignment_2/myenv/lib/python3.10/site-packages/airflow/example_dags/example_task_group.py
[2024-05-12T20:35:56.069+0500] {processor.py:840} INFO - DAG(s) 'example_task_group' retrieved from /home/awahab02/mlops_assignment_2/myenv/lib/python3.10/site-packages/airflow/example_dags/example_task_group.py
[2024-05-12T20:35:56.082+0500] {logging_mixin.py:188} INFO - [2024-05-12T20:35:56.082+0500] {dag.py:3096} INFO - Sync 1 DAGs
[2024-05-12T20:35:56.096+0500] {logging_mixin.py:188} INFO - [2024-05-12T20:35:56.096+0500] {dag.py:3954} INFO - Setting next_dagrun for example_task_group to 2024-05-11 00:00:00+00:00, run_after=2024-05-12 00:00:00+00:00
[2024-05-12T20:35:56.120+0500] {processor.py:183} INFO - Processing /home/awahab02/mlops_assignment_2/myenv/lib/python3.10/site-packages/airflow/example_dags/example_task_group.py took 0.117 seconds
[2024-05-12T20:36:41.773+0500] {processor.py:161} INFO - Started process (PID=15211) to work on /home/awahab02/mlops_assignment_2/myenv/lib/python3.10/site-packages/airflow/example_dags/example_task_group.py
[2024-05-12T20:36:41.774+0500] {processor.py:830} INFO - Processing file /home/awahab02/mlops_assignment_2/myenv/lib/python3.10/site-packages/airflow/example_dags/example_task_group.py for tasks to queue
[2024-05-12T20:36:41.775+0500] {logging_mixin.py:188} INFO - [2024-05-12T20:36:41.775+0500] {dagbag.py:545} INFO - Filling up the DagBag from /home/awahab02/mlops_assignment_2/myenv/lib/python3.10/site-packages/airflow/example_dags/example_task_group.py
[2024-05-12T20:36:41.781+0500] {processor.py:840} INFO - DAG(s) 'example_task_group' retrieved from /home/awahab02/mlops_assignment_2/myenv/lib/python3.10/site-packages/airflow/example_dags/example_task_group.py
[2024-05-12T20:36:41.794+0500] {logging_mixin.py:188} INFO - [2024-05-12T20:36:41.794+0500] {dag.py:3096} INFO - Sync 1 DAGs
[2024-05-12T20:36:41.808+0500] {logging_mixin.py:188} INFO - [2024-05-12T20:36:41.808+0500] {dag.py:3954} INFO - Setting next_dagrun for example_task_group to 2024-05-11 00:00:00+00:00, run_after=2024-05-12 00:00:00+00:00
[2024-05-12T20:36:41.833+0500] {processor.py:183} INFO - Processing /home/awahab02/mlops_assignment_2/myenv/lib/python3.10/site-packages/airflow/example_dags/example_task_group.py took 0.066 seconds
[2024-05-12T20:38:53.175+0500] {processor.py:161} INFO - Started process (PID=16319) to work on /home/awahab02/mlops_assignment_2/myenv/lib/python3.10/site-packages/airflow/example_dags/example_task_group.py
[2024-05-12T20:38:53.205+0500] {processor.py:830} INFO - Processing file /home/awahab02/mlops_assignment_2/myenv/lib/python3.10/site-packages/airflow/example_dags/example_task_group.py for tasks to queue
[2024-05-12T20:38:53.206+0500] {logging_mixin.py:188} INFO - [2024-05-12T20:38:53.205+0500] {dagbag.py:545} INFO - Filling up the DagBag from /home/awahab02/mlops_assignment_2/myenv/lib/python3.10/site-packages/airflow/example_dags/example_task_group.py
[2024-05-12T20:38:53.212+0500] {processor.py:840} INFO - DAG(s) 'example_task_group' retrieved from /home/awahab02/mlops_assignment_2/myenv/lib/python3.10/site-packages/airflow/example_dags/example_task_group.py
[2024-05-12T20:38:53.232+0500] {logging_mixin.py:188} INFO - [2024-05-12T20:38:53.232+0500] {dag.py:3096} INFO - Sync 1 DAGs
[2024-05-12T20:38:53.246+0500] {logging_mixin.py:188} INFO - [2024-05-12T20:38:53.246+0500] {dag.py:3954} INFO - Setting next_dagrun for example_task_group to 2024-05-11 00:00:00+00:00, run_after=2024-05-12 00:00:00+00:00
[2024-05-12T20:38:53.270+0500] {processor.py:183} INFO - Processing /home/awahab02/mlops_assignment_2/myenv/lib/python3.10/site-packages/airflow/example_dags/example_task_group.py took 0.100 seconds
[2024-05-12T20:39:44.077+0500] {processor.py:161} INFO - Started process (PID=16569) to work on /home/awahab02/mlops_assignment_2/myenv/lib/python3.10/site-packages/airflow/example_dags/example_task_group.py
[2024-05-12T20:39:44.079+0500] {processor.py:830} INFO - Processing file /home/awahab02/mlops_assignment_2/myenv/lib/python3.10/site-packages/airflow/example_dags/example_task_group.py for tasks to queue
[2024-05-12T20:39:44.080+0500] {logging_mixin.py:188} INFO - [2024-05-12T20:39:44.079+0500] {dagbag.py:545} INFO - Filling up the DagBag from /home/awahab02/mlops_assignment_2/myenv/lib/python3.10/site-packages/airflow/example_dags/example_task_group.py
[2024-05-12T20:39:44.086+0500] {processor.py:840} INFO - DAG(s) 'example_task_group' retrieved from /home/awahab02/mlops_assignment_2/myenv/lib/python3.10/site-packages/airflow/example_dags/example_task_group.py
[2024-05-12T20:39:44.103+0500] {logging_mixin.py:188} INFO - [2024-05-12T20:39:44.103+0500] {dag.py:3096} INFO - Sync 1 DAGs
[2024-05-12T20:39:44.117+0500] {logging_mixin.py:188} INFO - [2024-05-12T20:39:44.117+0500] {dag.py:3954} INFO - Setting next_dagrun for example_task_group to 2024-05-11 00:00:00+00:00, run_after=2024-05-12 00:00:00+00:00
[2024-05-12T20:39:44.141+0500] {processor.py:183} INFO - Processing /home/awahab02/mlops_assignment_2/myenv/lib/python3.10/site-packages/airflow/example_dags/example_task_group.py took 0.069 seconds
[2024-05-12T20:40:28.462+0500] {processor.py:161} INFO - Started process (PID=16872) to work on /home/awahab02/mlops_assignment_2/myenv/lib/python3.10/site-packages/airflow/example_dags/example_task_group.py
[2024-05-12T20:40:28.463+0500] {processor.py:830} INFO - Processing file /home/awahab02/mlops_assignment_2/myenv/lib/python3.10/site-packages/airflow/example_dags/example_task_group.py for tasks to queue
[2024-05-12T20:40:28.464+0500] {logging_mixin.py:188} INFO - [2024-05-12T20:40:28.464+0500] {dagbag.py:545} INFO - Filling up the DagBag from /home/awahab02/mlops_assignment_2/myenv/lib/python3.10/site-packages/airflow/example_dags/example_task_group.py
[2024-05-12T20:40:28.470+0500] {processor.py:840} INFO - DAG(s) 'example_task_group' retrieved from /home/awahab02/mlops_assignment_2/myenv/lib/python3.10/site-packages/airflow/example_dags/example_task_group.py
[2024-05-12T20:40:28.484+0500] {logging_mixin.py:188} INFO - [2024-05-12T20:40:28.484+0500] {dag.py:3096} INFO - Sync 1 DAGs
[2024-05-12T20:40:28.499+0500] {logging_mixin.py:188} INFO - [2024-05-12T20:40:28.499+0500] {dag.py:3954} INFO - Setting next_dagrun for example_task_group to 2024-05-11 00:00:00+00:00, run_after=2024-05-12 00:00:00+00:00
[2024-05-12T20:40:28.525+0500] {processor.py:183} INFO - Processing /home/awahab02/mlops_assignment_2/myenv/lib/python3.10/site-packages/airflow/example_dags/example_task_group.py took 0.069 seconds
[2024-05-12T20:41:15.104+0500] {processor.py:161} INFO - Started process (PID=17182) to work on /home/awahab02/mlops_assignment_2/myenv/lib/python3.10/site-packages/airflow/example_dags/example_task_group.py
[2024-05-12T20:41:15.130+0500] {processor.py:830} INFO - Processing file /home/awahab02/mlops_assignment_2/myenv/lib/python3.10/site-packages/airflow/example_dags/example_task_group.py for tasks to queue
[2024-05-12T20:41:15.132+0500] {logging_mixin.py:188} INFO - [2024-05-12T20:41:15.131+0500] {dagbag.py:545} INFO - Filling up the DagBag from /home/awahab02/mlops_assignment_2/myenv/lib/python3.10/site-packages/airflow/example_dags/example_task_group.py
[2024-05-12T20:41:15.140+0500] {processor.py:840} INFO - DAG(s) 'example_task_group' retrieved from /home/awahab02/mlops_assignment_2/myenv/lib/python3.10/site-packages/airflow/example_dags/example_task_group.py
[2024-05-12T20:41:15.156+0500] {logging_mixin.py:188} INFO - [2024-05-12T20:41:15.156+0500] {dag.py:3096} INFO - Sync 1 DAGs
[2024-05-12T20:41:15.171+0500] {logging_mixin.py:188} INFO - [2024-05-12T20:41:15.171+0500] {dag.py:3954} INFO - Setting next_dagrun for example_task_group to 2024-05-11 00:00:00+00:00, run_after=2024-05-12 00:00:00+00:00
[2024-05-12T20:41:15.196+0500] {processor.py:183} INFO - Processing /home/awahab02/mlops_assignment_2/myenv/lib/python3.10/site-packages/airflow/example_dags/example_task_group.py took 0.097 seconds
[2024-05-12T20:41:58.451+0500] {processor.py:161} INFO - Started process (PID=17462) to work on /home/awahab02/mlops_assignment_2/myenv/lib/python3.10/site-packages/airflow/example_dags/example_task_group.py
[2024-05-12T20:41:58.482+0500] {processor.py:830} INFO - Processing file /home/awahab02/mlops_assignment_2/myenv/lib/python3.10/site-packages/airflow/example_dags/example_task_group.py for tasks to queue
[2024-05-12T20:41:58.483+0500] {logging_mixin.py:188} INFO - [2024-05-12T20:41:58.483+0500] {dagbag.py:545} INFO - Filling up the DagBag from /home/awahab02/mlops_assignment_2/myenv/lib/python3.10/site-packages/airflow/example_dags/example_task_group.py
[2024-05-12T20:41:58.489+0500] {processor.py:840} INFO - DAG(s) 'example_task_group' retrieved from /home/awahab02/mlops_assignment_2/myenv/lib/python3.10/site-packages/airflow/example_dags/example_task_group.py
[2024-05-12T20:41:58.502+0500] {logging_mixin.py:188} INFO - [2024-05-12T20:41:58.502+0500] {dag.py:3096} INFO - Sync 1 DAGs
[2024-05-12T20:41:58.515+0500] {logging_mixin.py:188} INFO - [2024-05-12T20:41:58.515+0500] {dag.py:3954} INFO - Setting next_dagrun for example_task_group to 2024-05-11 00:00:00+00:00, run_after=2024-05-12 00:00:00+00:00
[2024-05-12T20:41:58.540+0500] {processor.py:183} INFO - Processing /home/awahab02/mlops_assignment_2/myenv/lib/python3.10/site-packages/airflow/example_dags/example_task_group.py took 0.095 seconds
[2024-05-12T20:42:42.939+0500] {processor.py:161} INFO - Started process (PID=17786) to work on /home/awahab02/mlops_assignment_2/myenv/lib/python3.10/site-packages/airflow/example_dags/example_task_group.py
[2024-05-12T20:42:42.941+0500] {processor.py:830} INFO - Processing file /home/awahab02/mlops_assignment_2/myenv/lib/python3.10/site-packages/airflow/example_dags/example_task_group.py for tasks to queue
[2024-05-12T20:42:42.942+0500] {logging_mixin.py:188} INFO - [2024-05-12T20:42:42.942+0500] {dagbag.py:545} INFO - Filling up the DagBag from /home/awahab02/mlops_assignment_2/myenv/lib/python3.10/site-packages/airflow/example_dags/example_task_group.py
[2024-05-12T20:42:42.948+0500] {processor.py:840} INFO - DAG(s) 'example_task_group' retrieved from /home/awahab02/mlops_assignment_2/myenv/lib/python3.10/site-packages/airflow/example_dags/example_task_group.py
[2024-05-12T20:42:42.961+0500] {logging_mixin.py:188} INFO - [2024-05-12T20:42:42.961+0500] {dag.py:3096} INFO - Sync 1 DAGs
[2024-05-12T20:42:42.974+0500] {logging_mixin.py:188} INFO - [2024-05-12T20:42:42.974+0500] {dag.py:3954} INFO - Setting next_dagrun for example_task_group to 2024-05-11 00:00:00+00:00, run_after=2024-05-12 00:00:00+00:00
[2024-05-12T20:42:42.999+0500] {processor.py:183} INFO - Processing /home/awahab02/mlops_assignment_2/myenv/lib/python3.10/site-packages/airflow/example_dags/example_task_group.py took 0.065 seconds
[2024-05-12T20:43:28.472+0500] {processor.py:161} INFO - Started process (PID=18086) to work on /home/awahab02/mlops_assignment_2/myenv/lib/python3.10/site-packages/airflow/example_dags/example_task_group.py
[2024-05-12T20:43:28.473+0500] {processor.py:830} INFO - Processing file /home/awahab02/mlops_assignment_2/myenv/lib/python3.10/site-packages/airflow/example_dags/example_task_group.py for tasks to queue
[2024-05-12T20:43:28.474+0500] {logging_mixin.py:188} INFO - [2024-05-12T20:43:28.474+0500] {dagbag.py:545} INFO - Filling up the DagBag from /home/awahab02/mlops_assignment_2/myenv/lib/python3.10/site-packages/airflow/example_dags/example_task_group.py
[2024-05-12T20:43:28.480+0500] {processor.py:840} INFO - DAG(s) 'example_task_group' retrieved from /home/awahab02/mlops_assignment_2/myenv/lib/python3.10/site-packages/airflow/example_dags/example_task_group.py
[2024-05-12T20:43:28.494+0500] {logging_mixin.py:188} INFO - [2024-05-12T20:43:28.494+0500] {dag.py:3096} INFO - Sync 1 DAGs
[2024-05-12T20:43:28.510+0500] {logging_mixin.py:188} INFO - [2024-05-12T20:43:28.510+0500] {dag.py:3954} INFO - Setting next_dagrun for example_task_group to 2024-05-11 00:00:00+00:00, run_after=2024-05-12 00:00:00+00:00
[2024-05-12T20:43:28.536+0500] {processor.py:183} INFO - Processing /home/awahab02/mlops_assignment_2/myenv/lib/python3.10/site-packages/airflow/example_dags/example_task_group.py took 0.069 seconds
