[2024-05-12T20:21:06.189+0500] {processor.py:161} INFO - Started process (PID=9474) to work on /home/awahab02/mlops_assignment_2/myenv/lib/python3.10/site-packages/airflow/example_dags/example_branch_day_of_week_operator.py
[2024-05-12T20:21:06.190+0500] {processor.py:830} INFO - Processing file /home/awahab02/mlops_assignment_2/myenv/lib/python3.10/site-packages/airflow/example_dags/example_branch_day_of_week_operator.py for tasks to queue
[2024-05-12T20:21:06.191+0500] {logging_mixin.py:188} INFO - [2024-05-12T20:21:06.191+0500] {dagbag.py:545} INFO - Filling up the DagBag from /home/awahab02/mlops_assignment_2/myenv/lib/python3.10/site-packages/airflow/example_dags/example_branch_day_of_week_operator.py
[2024-05-12T20:21:06.198+0500] {processor.py:840} INFO - DAG(s) 'example_weekday_branch_operator' retrieved from /home/awahab02/mlops_assignment_2/myenv/lib/python3.10/site-packages/airflow/example_dags/example_branch_day_of_week_operator.py
[2024-05-12T20:21:06.332+0500] {logging_mixin.py:188} INFO - [2024-05-12T20:21:06.331+0500] {override.py:1829} INFO - Created Permission View: can read on DAG:example_weekday_branch_operator
[2024-05-12T20:21:06.350+0500] {logging_mixin.py:188} INFO - [2024-05-12T20:21:06.349+0500] {override.py:1829} INFO - Created Permission View: can edit on DAG:example_weekday_branch_operator
[2024-05-12T20:21:06.365+0500] {logging_mixin.py:188} INFO - [2024-05-12T20:21:06.365+0500] {override.py:1829} INFO - Created Permission View: can delete on DAG:example_weekday_branch_operator
[2024-05-12T20:21:06.366+0500] {logging_mixin.py:188} INFO - [2024-05-12T20:21:06.366+0500] {dag.py:3096} INFO - Sync 1 DAGs
[2024-05-12T20:21:06.374+0500] {logging_mixin.py:188} INFO - [2024-05-12T20:21:06.374+0500] {dag.py:3118} INFO - Creating ORM DAG for example_weekday_branch_operator
[2024-05-12T20:21:06.381+0500] {logging_mixin.py:188} INFO - [2024-05-12T20:21:06.380+0500] {dag.py:3954} INFO - Setting next_dagrun for example_weekday_branch_operator to 2024-05-11 00:00:00+00:00, run_after=2024-05-12 00:00:00+00:00
[2024-05-12T20:21:06.408+0500] {processor.py:183} INFO - Processing /home/awahab02/mlops_assignment_2/myenv/lib/python3.10/site-packages/airflow/example_dags/example_branch_day_of_week_operator.py took 0.224 seconds
[2024-05-12T20:21:58.112+0500] {processor.py:161} INFO - Started process (PID=9678) to work on /home/awahab02/mlops_assignment_2/myenv/lib/python3.10/site-packages/airflow/example_dags/example_branch_day_of_week_operator.py
[2024-05-12T20:21:58.152+0500] {processor.py:830} INFO - Processing file /home/awahab02/mlops_assignment_2/myenv/lib/python3.10/site-packages/airflow/example_dags/example_branch_day_of_week_operator.py for tasks to queue
[2024-05-12T20:21:58.154+0500] {logging_mixin.py:188} INFO - [2024-05-12T20:21:58.153+0500] {dagbag.py:545} INFO - Filling up the DagBag from /home/awahab02/mlops_assignment_2/myenv/lib/python3.10/site-packages/airflow/example_dags/example_branch_day_of_week_operator.py
[2024-05-12T20:21:58.160+0500] {processor.py:840} INFO - DAG(s) 'example_weekday_branch_operator' retrieved from /home/awahab02/mlops_assignment_2/myenv/lib/python3.10/site-packages/airflow/example_dags/example_branch_day_of_week_operator.py
[2024-05-12T20:21:58.173+0500] {logging_mixin.py:188} INFO - [2024-05-12T20:21:58.173+0500] {dag.py:3096} INFO - Sync 1 DAGs
[2024-05-12T20:21:58.189+0500] {logging_mixin.py:188} INFO - [2024-05-12T20:21:58.189+0500] {dag.py:3954} INFO - Setting next_dagrun for example_weekday_branch_operator to 2024-05-11 00:00:00+00:00, run_after=2024-05-12 00:00:00+00:00
[2024-05-12T20:21:58.214+0500] {processor.py:183} INFO - Processing /home/awahab02/mlops_assignment_2/myenv/lib/python3.10/site-packages/airflow/example_dags/example_branch_day_of_week_operator.py took 0.110 seconds
[2024-05-12T20:22:57.661+0500] {processor.py:161} INFO - Started process (PID=9990) to work on /home/awahab02/mlops_assignment_2/myenv/lib/python3.10/site-packages/airflow/example_dags/example_branch_day_of_week_operator.py
[2024-05-12T20:22:57.707+0500] {processor.py:830} INFO - Processing file /home/awahab02/mlops_assignment_2/myenv/lib/python3.10/site-packages/airflow/example_dags/example_branch_day_of_week_operator.py for tasks to queue
[2024-05-12T20:22:57.712+0500] {logging_mixin.py:188} INFO - [2024-05-12T20:22:57.711+0500] {dagbag.py:545} INFO - Filling up the DagBag from /home/awahab02/mlops_assignment_2/myenv/lib/python3.10/site-packages/airflow/example_dags/example_branch_day_of_week_operator.py
[2024-05-12T20:22:57.727+0500] {processor.py:840} INFO - DAG(s) 'example_weekday_branch_operator' retrieved from /home/awahab02/mlops_assignment_2/myenv/lib/python3.10/site-packages/airflow/example_dags/example_branch_day_of_week_operator.py
[2024-05-12T20:22:57.742+0500] {logging_mixin.py:188} INFO - [2024-05-12T20:22:57.742+0500] {dag.py:3096} INFO - Sync 1 DAGs
[2024-05-12T20:22:57.760+0500] {logging_mixin.py:188} INFO - [2024-05-12T20:22:57.759+0500] {dag.py:3954} INFO - Setting next_dagrun for example_weekday_branch_operator to 2024-05-11 00:00:00+00:00, run_after=2024-05-12 00:00:00+00:00
[2024-05-12T20:22:57.785+0500] {processor.py:183} INFO - Processing /home/awahab02/mlops_assignment_2/myenv/lib/python3.10/site-packages/airflow/example_dags/example_branch_day_of_week_operator.py took 0.130 seconds
[2024-05-12T20:23:57.398+0500] {processor.py:161} INFO - Started process (PID=10480) to work on /home/awahab02/mlops_assignment_2/myenv/lib/python3.10/site-packages/airflow/example_dags/example_branch_day_of_week_operator.py
[2024-05-12T20:23:57.401+0500] {processor.py:830} INFO - Processing file /home/awahab02/mlops_assignment_2/myenv/lib/python3.10/site-packages/airflow/example_dags/example_branch_day_of_week_operator.py for tasks to queue
[2024-05-12T20:23:57.402+0500] {logging_mixin.py:188} INFO - [2024-05-12T20:23:57.402+0500] {dagbag.py:545} INFO - Filling up the DagBag from /home/awahab02/mlops_assignment_2/myenv/lib/python3.10/site-packages/airflow/example_dags/example_branch_day_of_week_operator.py
[2024-05-12T20:23:57.408+0500] {processor.py:840} INFO - DAG(s) 'example_weekday_branch_operator' retrieved from /home/awahab02/mlops_assignment_2/myenv/lib/python3.10/site-packages/airflow/example_dags/example_branch_day_of_week_operator.py
[2024-05-12T20:23:57.422+0500] {logging_mixin.py:188} INFO - [2024-05-12T20:23:57.422+0500] {dag.py:3096} INFO - Sync 1 DAGs
[2024-05-12T20:23:57.439+0500] {logging_mixin.py:188} INFO - [2024-05-12T20:23:57.438+0500] {dag.py:3954} INFO - Setting next_dagrun for example_weekday_branch_operator to 2024-05-11 00:00:00+00:00, run_after=2024-05-12 00:00:00+00:00
[2024-05-12T20:23:57.463+0500] {processor.py:183} INFO - Processing /home/awahab02/mlops_assignment_2/myenv/lib/python3.10/site-packages/airflow/example_dags/example_branch_day_of_week_operator.py took 0.070 seconds
[2024-05-12T20:24:56.800+0500] {processor.py:161} INFO - Started process (PID=10751) to work on /home/awahab02/mlops_assignment_2/myenv/lib/python3.10/site-packages/airflow/example_dags/example_branch_day_of_week_operator.py
[2024-05-12T20:24:56.802+0500] {processor.py:830} INFO - Processing file /home/awahab02/mlops_assignment_2/myenv/lib/python3.10/site-packages/airflow/example_dags/example_branch_day_of_week_operator.py for tasks to queue
[2024-05-12T20:24:56.803+0500] {logging_mixin.py:188} INFO - [2024-05-12T20:24:56.803+0500] {dagbag.py:545} INFO - Filling up the DagBag from /home/awahab02/mlops_assignment_2/myenv/lib/python3.10/site-packages/airflow/example_dags/example_branch_day_of_week_operator.py
[2024-05-12T20:24:56.809+0500] {processor.py:840} INFO - DAG(s) 'example_weekday_branch_operator' retrieved from /home/awahab02/mlops_assignment_2/myenv/lib/python3.10/site-packages/airflow/example_dags/example_branch_day_of_week_operator.py
[2024-05-12T20:24:56.822+0500] {logging_mixin.py:188} INFO - [2024-05-12T20:24:56.822+0500] {dag.py:3096} INFO - Sync 1 DAGs
[2024-05-12T20:24:56.838+0500] {logging_mixin.py:188} INFO - [2024-05-12T20:24:56.838+0500] {dag.py:3954} INFO - Setting next_dagrun for example_weekday_branch_operator to 2024-05-11 00:00:00+00:00, run_after=2024-05-12 00:00:00+00:00
[2024-05-12T20:24:56.867+0500] {processor.py:183} INFO - Processing /home/awahab02/mlops_assignment_2/myenv/lib/python3.10/site-packages/airflow/example_dags/example_branch_day_of_week_operator.py took 0.072 seconds
[2024-05-12T20:25:59.676+0500] {processor.py:161} INFO - Started process (PID=11078) to work on /home/awahab02/mlops_assignment_2/myenv/lib/python3.10/site-packages/airflow/example_dags/example_branch_day_of_week_operator.py
[2024-05-12T20:25:59.702+0500] {processor.py:830} INFO - Processing file /home/awahab02/mlops_assignment_2/myenv/lib/python3.10/site-packages/airflow/example_dags/example_branch_day_of_week_operator.py for tasks to queue
[2024-05-12T20:25:59.704+0500] {logging_mixin.py:188} INFO - [2024-05-12T20:25:59.703+0500] {dagbag.py:545} INFO - Filling up the DagBag from /home/awahab02/mlops_assignment_2/myenv/lib/python3.10/site-packages/airflow/example_dags/example_branch_day_of_week_operator.py
[2024-05-12T20:25:59.710+0500] {processor.py:840} INFO - DAG(s) 'example_weekday_branch_operator' retrieved from /home/awahab02/mlops_assignment_2/myenv/lib/python3.10/site-packages/airflow/example_dags/example_branch_day_of_week_operator.py
[2024-05-12T20:25:59.723+0500] {logging_mixin.py:188} INFO - [2024-05-12T20:25:59.723+0500] {dag.py:3096} INFO - Sync 1 DAGs
[2024-05-12T20:25:59.741+0500] {logging_mixin.py:188} INFO - [2024-05-12T20:25:59.740+0500] {dag.py:3954} INFO - Setting next_dagrun for example_weekday_branch_operator to 2024-05-11 00:00:00+00:00, run_after=2024-05-12 00:00:00+00:00
[2024-05-12T20:25:59.792+0500] {processor.py:183} INFO - Processing /home/awahab02/mlops_assignment_2/myenv/lib/python3.10/site-packages/airflow/example_dags/example_branch_day_of_week_operator.py took 0.121 seconds
[2024-05-12T20:27:03.375+0500] {processor.py:161} INFO - Started process (PID=11508) to work on /home/awahab02/mlops_assignment_2/myenv/lib/python3.10/site-packages/airflow/example_dags/example_branch_day_of_week_operator.py
[2024-05-12T20:27:03.397+0500] {processor.py:830} INFO - Processing file /home/awahab02/mlops_assignment_2/myenv/lib/python3.10/site-packages/airflow/example_dags/example_branch_day_of_week_operator.py for tasks to queue
[2024-05-12T20:27:03.399+0500] {logging_mixin.py:188} INFO - [2024-05-12T20:27:03.398+0500] {dagbag.py:545} INFO - Filling up the DagBag from /home/awahab02/mlops_assignment_2/myenv/lib/python3.10/site-packages/airflow/example_dags/example_branch_day_of_week_operator.py
[2024-05-12T20:27:03.405+0500] {processor.py:840} INFO - DAG(s) 'example_weekday_branch_operator' retrieved from /home/awahab02/mlops_assignment_2/myenv/lib/python3.10/site-packages/airflow/example_dags/example_branch_day_of_week_operator.py
[2024-05-12T20:27:03.419+0500] {logging_mixin.py:188} INFO - [2024-05-12T20:27:03.419+0500] {dag.py:3096} INFO - Sync 1 DAGs
[2024-05-12T20:27:03.435+0500] {logging_mixin.py:188} INFO - [2024-05-12T20:27:03.434+0500] {dag.py:3954} INFO - Setting next_dagrun for example_weekday_branch_operator to 2024-05-11 00:00:00+00:00, run_after=2024-05-12 00:00:00+00:00
[2024-05-12T20:27:03.458+0500] {processor.py:183} INFO - Processing /home/awahab02/mlops_assignment_2/myenv/lib/python3.10/site-packages/airflow/example_dags/example_branch_day_of_week_operator.py took 0.089 seconds
[2024-05-12T20:28:08.765+0500] {processor.py:161} INFO - Started process (PID=12058) to work on /home/awahab02/mlops_assignment_2/myenv/lib/python3.10/site-packages/airflow/example_dags/example_branch_day_of_week_operator.py
[2024-05-12T20:28:08.766+0500] {processor.py:830} INFO - Processing file /home/awahab02/mlops_assignment_2/myenv/lib/python3.10/site-packages/airflow/example_dags/example_branch_day_of_week_operator.py for tasks to queue
[2024-05-12T20:28:08.767+0500] {logging_mixin.py:188} INFO - [2024-05-12T20:28:08.767+0500] {dagbag.py:545} INFO - Filling up the DagBag from /home/awahab02/mlops_assignment_2/myenv/lib/python3.10/site-packages/airflow/example_dags/example_branch_day_of_week_operator.py
[2024-05-12T20:28:08.774+0500] {processor.py:840} INFO - DAG(s) 'example_weekday_branch_operator' retrieved from /home/awahab02/mlops_assignment_2/myenv/lib/python3.10/site-packages/airflow/example_dags/example_branch_day_of_week_operator.py
[2024-05-12T20:28:08.790+0500] {logging_mixin.py:188} INFO - [2024-05-12T20:28:08.790+0500] {dag.py:3096} INFO - Sync 1 DAGs
[2024-05-12T20:28:08.805+0500] {logging_mixin.py:188} INFO - [2024-05-12T20:28:08.805+0500] {dag.py:3954} INFO - Setting next_dagrun for example_weekday_branch_operator to 2024-05-11 00:00:00+00:00, run_after=2024-05-12 00:00:00+00:00
[2024-05-12T20:28:08.833+0500] {processor.py:183} INFO - Processing /home/awahab02/mlops_assignment_2/myenv/lib/python3.10/site-packages/airflow/example_dags/example_branch_day_of_week_operator.py took 0.074 seconds
[2024-05-12T20:29:01.510+0500] {processor.py:161} INFO - Started process (PID=12309) to work on /home/awahab02/mlops_assignment_2/myenv/lib/python3.10/site-packages/airflow/example_dags/example_branch_day_of_week_operator.py
[2024-05-12T20:29:01.512+0500] {processor.py:830} INFO - Processing file /home/awahab02/mlops_assignment_2/myenv/lib/python3.10/site-packages/airflow/example_dags/example_branch_day_of_week_operator.py for tasks to queue
[2024-05-12T20:29:01.513+0500] {logging_mixin.py:188} INFO - [2024-05-12T20:29:01.513+0500] {dagbag.py:545} INFO - Filling up the DagBag from /home/awahab02/mlops_assignment_2/myenv/lib/python3.10/site-packages/airflow/example_dags/example_branch_day_of_week_operator.py
[2024-05-12T20:29:01.520+0500] {processor.py:840} INFO - DAG(s) 'example_weekday_branch_operator' retrieved from /home/awahab02/mlops_assignment_2/myenv/lib/python3.10/site-packages/airflow/example_dags/example_branch_day_of_week_operator.py
[2024-05-12T20:29:01.533+0500] {logging_mixin.py:188} INFO - [2024-05-12T20:29:01.533+0500] {dag.py:3096} INFO - Sync 1 DAGs
[2024-05-12T20:29:01.549+0500] {logging_mixin.py:188} INFO - [2024-05-12T20:29:01.549+0500] {dag.py:3954} INFO - Setting next_dagrun for example_weekday_branch_operator to 2024-05-11 00:00:00+00:00, run_after=2024-05-12 00:00:00+00:00
[2024-05-12T20:29:01.575+0500] {processor.py:183} INFO - Processing /home/awahab02/mlops_assignment_2/myenv/lib/python3.10/site-packages/airflow/example_dags/example_branch_day_of_week_operator.py took 0.071 seconds
[2024-05-12T20:30:32.073+0500] {processor.py:161} INFO - Started process (PID=12986) to work on /home/awahab02/mlops_assignment_2/myenv/lib/python3.10/site-packages/airflow/example_dags/example_branch_day_of_week_operator.py
[2024-05-12T20:30:32.074+0500] {processor.py:830} INFO - Processing file /home/awahab02/mlops_assignment_2/myenv/lib/python3.10/site-packages/airflow/example_dags/example_branch_day_of_week_operator.py for tasks to queue
[2024-05-12T20:30:32.076+0500] {logging_mixin.py:188} INFO - [2024-05-12T20:30:32.075+0500] {dagbag.py:545} INFO - Filling up the DagBag from /home/awahab02/mlops_assignment_2/myenv/lib/python3.10/site-packages/airflow/example_dags/example_branch_day_of_week_operator.py
[2024-05-12T20:30:32.082+0500] {processor.py:840} INFO - DAG(s) 'example_weekday_branch_operator' retrieved from /home/awahab02/mlops_assignment_2/myenv/lib/python3.10/site-packages/airflow/example_dags/example_branch_day_of_week_operator.py
[2024-05-12T20:30:32.095+0500] {logging_mixin.py:188} INFO - [2024-05-12T20:30:32.094+0500] {dag.py:3096} INFO - Sync 1 DAGs
[2024-05-12T20:30:32.113+0500] {logging_mixin.py:188} INFO - [2024-05-12T20:30:32.113+0500] {dag.py:3954} INFO - Setting next_dagrun for example_weekday_branch_operator to 2024-05-11 00:00:00+00:00, run_after=2024-05-12 00:00:00+00:00
[2024-05-12T20:30:32.140+0500] {processor.py:183} INFO - Processing /home/awahab02/mlops_assignment_2/myenv/lib/python3.10/site-packages/airflow/example_dags/example_branch_day_of_week_operator.py took 0.074 seconds
[2024-05-12T20:31:33.935+0500] {processor.py:161} INFO - Started process (PID=13312) to work on /home/awahab02/mlops_assignment_2/myenv/lib/python3.10/site-packages/airflow/example_dags/example_branch_day_of_week_operator.py
[2024-05-12T20:31:33.976+0500] {processor.py:830} INFO - Processing file /home/awahab02/mlops_assignment_2/myenv/lib/python3.10/site-packages/airflow/example_dags/example_branch_day_of_week_operator.py for tasks to queue
[2024-05-12T20:31:33.979+0500] {logging_mixin.py:188} INFO - [2024-05-12T20:31:33.978+0500] {dagbag.py:545} INFO - Filling up the DagBag from /home/awahab02/mlops_assignment_2/myenv/lib/python3.10/site-packages/airflow/example_dags/example_branch_day_of_week_operator.py
[2024-05-12T20:31:33.988+0500] {processor.py:840} INFO - DAG(s) 'example_weekday_branch_operator' retrieved from /home/awahab02/mlops_assignment_2/myenv/lib/python3.10/site-packages/airflow/example_dags/example_branch_day_of_week_operator.py
[2024-05-12T20:31:34.002+0500] {logging_mixin.py:188} INFO - [2024-05-12T20:31:34.002+0500] {dag.py:3096} INFO - Sync 1 DAGs
[2024-05-12T20:31:34.020+0500] {logging_mixin.py:188} INFO - [2024-05-12T20:31:34.020+0500] {dag.py:3954} INFO - Setting next_dagrun for example_weekday_branch_operator to 2024-05-11 00:00:00+00:00, run_after=2024-05-12 00:00:00+00:00
[2024-05-12T20:31:34.047+0500] {processor.py:183} INFO - Processing /home/awahab02/mlops_assignment_2/myenv/lib/python3.10/site-packages/airflow/example_dags/example_branch_day_of_week_operator.py took 0.117 seconds
[2024-05-12T20:34:49.647+0500] {processor.py:161} INFO - Started process (PID=14623) to work on /home/awahab02/mlops_assignment_2/myenv/lib/python3.10/site-packages/airflow/example_dags/example_branch_day_of_week_operator.py
[2024-05-12T20:34:49.648+0500] {processor.py:830} INFO - Processing file /home/awahab02/mlops_assignment_2/myenv/lib/python3.10/site-packages/airflow/example_dags/example_branch_day_of_week_operator.py for tasks to queue
[2024-05-12T20:34:49.649+0500] {logging_mixin.py:188} INFO - [2024-05-12T20:34:49.649+0500] {dagbag.py:545} INFO - Filling up the DagBag from /home/awahab02/mlops_assignment_2/myenv/lib/python3.10/site-packages/airflow/example_dags/example_branch_day_of_week_operator.py
[2024-05-12T20:34:49.657+0500] {processor.py:840} INFO - DAG(s) 'example_weekday_branch_operator' retrieved from /home/awahab02/mlops_assignment_2/myenv/lib/python3.10/site-packages/airflow/example_dags/example_branch_day_of_week_operator.py
[2024-05-12T20:34:49.675+0500] {logging_mixin.py:188} INFO - [2024-05-12T20:34:49.675+0500] {dag.py:3096} INFO - Sync 1 DAGs
[2024-05-12T20:34:49.691+0500] {logging_mixin.py:188} INFO - [2024-05-12T20:34:49.691+0500] {dag.py:3954} INFO - Setting next_dagrun for example_weekday_branch_operator to 2024-05-11 00:00:00+00:00, run_after=2024-05-12 00:00:00+00:00
[2024-05-12T20:34:49.716+0500] {processor.py:183} INFO - Processing /home/awahab02/mlops_assignment_2/myenv/lib/python3.10/site-packages/airflow/example_dags/example_branch_day_of_week_operator.py took 0.075 seconds
[2024-05-12T20:35:42.008+0500] {processor.py:161} INFO - Started process (PID=14909) to work on /home/awahab02/mlops_assignment_2/myenv/lib/python3.10/site-packages/airflow/example_dags/example_branch_day_of_week_operator.py
[2024-05-12T20:35:42.009+0500] {processor.py:830} INFO - Processing file /home/awahab02/mlops_assignment_2/myenv/lib/python3.10/site-packages/airflow/example_dags/example_branch_day_of_week_operator.py for tasks to queue
[2024-05-12T20:35:42.010+0500] {logging_mixin.py:188} INFO - [2024-05-12T20:35:42.009+0500] {dagbag.py:545} INFO - Filling up the DagBag from /home/awahab02/mlops_assignment_2/myenv/lib/python3.10/site-packages/airflow/example_dags/example_branch_day_of_week_operator.py
[2024-05-12T20:35:42.016+0500] {processor.py:840} INFO - DAG(s) 'example_weekday_branch_operator' retrieved from /home/awahab02/mlops_assignment_2/myenv/lib/python3.10/site-packages/airflow/example_dags/example_branch_day_of_week_operator.py
[2024-05-12T20:35:42.029+0500] {logging_mixin.py:188} INFO - [2024-05-12T20:35:42.028+0500] {dag.py:3096} INFO - Sync 1 DAGs
[2024-05-12T20:35:42.043+0500] {logging_mixin.py:188} INFO - [2024-05-12T20:35:42.042+0500] {dag.py:3954} INFO - Setting next_dagrun for example_weekday_branch_operator to 2024-05-11 00:00:00+00:00, run_after=2024-05-12 00:00:00+00:00
[2024-05-12T20:35:42.067+0500] {processor.py:183} INFO - Processing /home/awahab02/mlops_assignment_2/myenv/lib/python3.10/site-packages/airflow/example_dags/example_branch_day_of_week_operator.py took 0.064 seconds
[2024-05-12T20:36:50.521+0500] {processor.py:161} INFO - Started process (PID=15249) to work on /home/awahab02/mlops_assignment_2/myenv/lib/python3.10/site-packages/airflow/example_dags/example_branch_day_of_week_operator.py
[2024-05-12T20:36:50.522+0500] {processor.py:830} INFO - Processing file /home/awahab02/mlops_assignment_2/myenv/lib/python3.10/site-packages/airflow/example_dags/example_branch_day_of_week_operator.py for tasks to queue
[2024-05-12T20:36:50.523+0500] {logging_mixin.py:188} INFO - [2024-05-12T20:36:50.523+0500] {dagbag.py:545} INFO - Filling up the DagBag from /home/awahab02/mlops_assignment_2/myenv/lib/python3.10/site-packages/airflow/example_dags/example_branch_day_of_week_operator.py
[2024-05-12T20:36:50.530+0500] {processor.py:840} INFO - DAG(s) 'example_weekday_branch_operator' retrieved from /home/awahab02/mlops_assignment_2/myenv/lib/python3.10/site-packages/airflow/example_dags/example_branch_day_of_week_operator.py
[2024-05-12T20:36:50.542+0500] {logging_mixin.py:188} INFO - [2024-05-12T20:36:50.542+0500] {dag.py:3096} INFO - Sync 1 DAGs
[2024-05-12T20:36:50.557+0500] {logging_mixin.py:188} INFO - [2024-05-12T20:36:50.557+0500] {dag.py:3954} INFO - Setting next_dagrun for example_weekday_branch_operator to 2024-05-11 00:00:00+00:00, run_after=2024-05-12 00:00:00+00:00
[2024-05-12T20:36:50.585+0500] {processor.py:183} INFO - Processing /home/awahab02/mlops_assignment_2/myenv/lib/python3.10/site-packages/airflow/example_dags/example_branch_day_of_week_operator.py took 0.069 seconds
[2024-05-12T20:39:23.309+0500] {processor.py:161} INFO - Started process (PID=16434) to work on /home/awahab02/mlops_assignment_2/myenv/lib/python3.10/site-packages/airflow/example_dags/example_branch_day_of_week_operator.py
[2024-05-12T20:39:23.344+0500] {processor.py:830} INFO - Processing file /home/awahab02/mlops_assignment_2/myenv/lib/python3.10/site-packages/airflow/example_dags/example_branch_day_of_week_operator.py for tasks to queue
[2024-05-12T20:39:23.345+0500] {logging_mixin.py:188} INFO - [2024-05-12T20:39:23.344+0500] {dagbag.py:545} INFO - Filling up the DagBag from /home/awahab02/mlops_assignment_2/myenv/lib/python3.10/site-packages/airflow/example_dags/example_branch_day_of_week_operator.py
[2024-05-12T20:39:23.351+0500] {processor.py:840} INFO - DAG(s) 'example_weekday_branch_operator' retrieved from /home/awahab02/mlops_assignment_2/myenv/lib/python3.10/site-packages/airflow/example_dags/example_branch_day_of_week_operator.py
[2024-05-12T20:39:23.366+0500] {logging_mixin.py:188} INFO - [2024-05-12T20:39:23.366+0500] {dag.py:3096} INFO - Sync 1 DAGs
[2024-05-12T20:39:23.382+0500] {logging_mixin.py:188} INFO - [2024-05-12T20:39:23.381+0500] {dag.py:3954} INFO - Setting next_dagrun for example_weekday_branch_operator to 2024-05-11 00:00:00+00:00, run_after=2024-05-12 00:00:00+00:00
[2024-05-12T20:39:23.406+0500] {processor.py:183} INFO - Processing /home/awahab02/mlops_assignment_2/myenv/lib/python3.10/site-packages/airflow/example_dags/example_branch_day_of_week_operator.py took 0.102 seconds
[2024-05-12T20:40:15.597+0500] {processor.py:161} INFO - Started process (PID=16777) to work on /home/awahab02/mlops_assignment_2/myenv/lib/python3.10/site-packages/airflow/example_dags/example_branch_day_of_week_operator.py
[2024-05-12T20:40:15.599+0500] {processor.py:830} INFO - Processing file /home/awahab02/mlops_assignment_2/myenv/lib/python3.10/site-packages/airflow/example_dags/example_branch_day_of_week_operator.py for tasks to queue
[2024-05-12T20:40:15.600+0500] {logging_mixin.py:188} INFO - [2024-05-12T20:40:15.599+0500] {dagbag.py:545} INFO - Filling up the DagBag from /home/awahab02/mlops_assignment_2/myenv/lib/python3.10/site-packages/airflow/example_dags/example_branch_day_of_week_operator.py
[2024-05-12T20:40:15.606+0500] {processor.py:840} INFO - DAG(s) 'example_weekday_branch_operator' retrieved from /home/awahab02/mlops_assignment_2/myenv/lib/python3.10/site-packages/airflow/example_dags/example_branch_day_of_week_operator.py
[2024-05-12T20:40:15.621+0500] {logging_mixin.py:188} INFO - [2024-05-12T20:40:15.621+0500] {dag.py:3096} INFO - Sync 1 DAGs
[2024-05-12T20:40:15.639+0500] {logging_mixin.py:188} INFO - [2024-05-12T20:40:15.638+0500] {dag.py:3954} INFO - Setting next_dagrun for example_weekday_branch_operator to 2024-05-11 00:00:00+00:00, run_after=2024-05-12 00:00:00+00:00
[2024-05-12T20:40:15.668+0500] {processor.py:183} INFO - Processing /home/awahab02/mlops_assignment_2/myenv/lib/python3.10/site-packages/airflow/example_dags/example_branch_day_of_week_operator.py took 0.076 seconds
[2024-05-12T20:41:23.431+0500] {processor.py:161} INFO - Started process (PID=17223) to work on /home/awahab02/mlops_assignment_2/myenv/lib/python3.10/site-packages/airflow/example_dags/example_branch_day_of_week_operator.py
[2024-05-12T20:41:23.454+0500] {processor.py:830} INFO - Processing file /home/awahab02/mlops_assignment_2/myenv/lib/python3.10/site-packages/airflow/example_dags/example_branch_day_of_week_operator.py for tasks to queue
[2024-05-12T20:41:23.455+0500] {logging_mixin.py:188} INFO - [2024-05-12T20:41:23.455+0500] {dagbag.py:545} INFO - Filling up the DagBag from /home/awahab02/mlops_assignment_2/myenv/lib/python3.10/site-packages/airflow/example_dags/example_branch_day_of_week_operator.py
[2024-05-12T20:41:23.463+0500] {processor.py:840} INFO - DAG(s) 'example_weekday_branch_operator' retrieved from /home/awahab02/mlops_assignment_2/myenv/lib/python3.10/site-packages/airflow/example_dags/example_branch_day_of_week_operator.py
[2024-05-12T20:41:23.480+0500] {logging_mixin.py:188} INFO - [2024-05-12T20:41:23.480+0500] {dag.py:3096} INFO - Sync 1 DAGs
[2024-05-12T20:41:23.501+0500] {logging_mixin.py:188} INFO - [2024-05-12T20:41:23.501+0500] {dag.py:3954} INFO - Setting next_dagrun for example_weekday_branch_operator to 2024-05-11 00:00:00+00:00, run_after=2024-05-12 00:00:00+00:00
[2024-05-12T20:41:23.526+0500] {processor.py:183} INFO - Processing /home/awahab02/mlops_assignment_2/myenv/lib/python3.10/site-packages/airflow/example_dags/example_branch_day_of_week_operator.py took 0.101 seconds
