[2024-05-12T20:20:55.819+0500] {processor.py:161} INFO - Started process (PID=9431) to work on /home/awahab02/mlops_assignment_2/myenv/lib/python3.10/site-packages/airflow/example_dags/example_latest_only_with_trigger.py
[2024-05-12T20:20:55.819+0500] {processor.py:830} INFO - Processing file /home/awahab02/mlops_assignment_2/myenv/lib/python3.10/site-packages/airflow/example_dags/example_latest_only_with_trigger.py for tasks to queue
[2024-05-12T20:20:55.821+0500] {logging_mixin.py:188} INFO - [2024-05-12T20:20:55.821+0500] {dagbag.py:545} INFO - Filling up the DagBag from /home/awahab02/mlops_assignment_2/myenv/lib/python3.10/site-packages/airflow/example_dags/example_latest_only_with_trigger.py
[2024-05-12T20:20:55.827+0500] {processor.py:840} INFO - DAG(s) 'latest_only_with_trigger' retrieved from /home/awahab02/mlops_assignment_2/myenv/lib/python3.10/site-packages/airflow/example_dags/example_latest_only_with_trigger.py
[2024-05-12T20:20:55.947+0500] {logging_mixin.py:188} INFO - [2024-05-12T20:20:55.947+0500] {override.py:1829} INFO - Created Permission View: can read on DAG:latest_only_with_trigger
[2024-05-12T20:20:55.966+0500] {logging_mixin.py:188} INFO - [2024-05-12T20:20:55.966+0500] {override.py:1829} INFO - Created Permission View: can edit on DAG:latest_only_with_trigger
[2024-05-12T20:20:55.981+0500] {logging_mixin.py:188} INFO - [2024-05-12T20:20:55.981+0500] {override.py:1829} INFO - Created Permission View: can delete on DAG:latest_only_with_trigger
[2024-05-12T20:20:55.981+0500] {logging_mixin.py:188} INFO - [2024-05-12T20:20:55.981+0500] {dag.py:3096} INFO - Sync 1 DAGs
[2024-05-12T20:20:55.989+0500] {logging_mixin.py:188} INFO - [2024-05-12T20:20:55.989+0500] {dag.py:3118} INFO - Creating ORM DAG for latest_only_with_trigger
[2024-05-12T20:20:55.996+0500] {logging_mixin.py:188} INFO - [2024-05-12T20:20:55.995+0500] {dag.py:3954} INFO - Setting next_dagrun for latest_only_with_trigger to 2024-05-12 08:00:00+00:00, run_after=2024-05-12 12:00:00+00:00
[2024-05-12T20:20:56.021+0500] {processor.py:183} INFO - Processing /home/awahab02/mlops_assignment_2/myenv/lib/python3.10/site-packages/airflow/example_dags/example_latest_only_with_trigger.py took 0.208 seconds
[2024-05-12T20:21:49.105+0500] {processor.py:161} INFO - Started process (PID=9643) to work on /home/awahab02/mlops_assignment_2/myenv/lib/python3.10/site-packages/airflow/example_dags/example_latest_only_with_trigger.py
[2024-05-12T20:21:49.144+0500] {processor.py:830} INFO - Processing file /home/awahab02/mlops_assignment_2/myenv/lib/python3.10/site-packages/airflow/example_dags/example_latest_only_with_trigger.py for tasks to queue
[2024-05-12T20:21:49.146+0500] {logging_mixin.py:188} INFO - [2024-05-12T20:21:49.145+0500] {dagbag.py:545} INFO - Filling up the DagBag from /home/awahab02/mlops_assignment_2/myenv/lib/python3.10/site-packages/airflow/example_dags/example_latest_only_with_trigger.py
[2024-05-12T20:21:49.150+0500] {processor.py:840} INFO - DAG(s) 'latest_only_with_trigger' retrieved from /home/awahab02/mlops_assignment_2/myenv/lib/python3.10/site-packages/airflow/example_dags/example_latest_only_with_trigger.py
[2024-05-12T20:21:49.164+0500] {logging_mixin.py:188} INFO - [2024-05-12T20:21:49.164+0500] {dag.py:3096} INFO - Sync 1 DAGs
[2024-05-12T20:21:49.180+0500] {logging_mixin.py:188} INFO - [2024-05-12T20:21:49.179+0500] {dag.py:3954} INFO - Setting next_dagrun for latest_only_with_trigger to 2024-05-12 08:00:00+00:00, run_after=2024-05-12 12:00:00+00:00
[2024-05-12T20:21:49.204+0500] {processor.py:183} INFO - Processing /home/awahab02/mlops_assignment_2/myenv/lib/python3.10/site-packages/airflow/example_dags/example_latest_only_with_trigger.py took 0.104 seconds
[2024-05-12T20:22:38.556+0500] {processor.py:161} INFO - Started process (PID=9846) to work on /home/awahab02/mlops_assignment_2/myenv/lib/python3.10/site-packages/airflow/example_dags/example_latest_only_with_trigger.py
[2024-05-12T20:22:38.557+0500] {processor.py:830} INFO - Processing file /home/awahab02/mlops_assignment_2/myenv/lib/python3.10/site-packages/airflow/example_dags/example_latest_only_with_trigger.py for tasks to queue
[2024-05-12T20:22:38.559+0500] {logging_mixin.py:188} INFO - [2024-05-12T20:22:38.558+0500] {dagbag.py:545} INFO - Filling up the DagBag from /home/awahab02/mlops_assignment_2/myenv/lib/python3.10/site-packages/airflow/example_dags/example_latest_only_with_trigger.py
[2024-05-12T20:22:38.563+0500] {processor.py:840} INFO - DAG(s) 'latest_only_with_trigger' retrieved from /home/awahab02/mlops_assignment_2/myenv/lib/python3.10/site-packages/airflow/example_dags/example_latest_only_with_trigger.py
[2024-05-12T20:22:38.576+0500] {logging_mixin.py:188} INFO - [2024-05-12T20:22:38.576+0500] {dag.py:3096} INFO - Sync 1 DAGs
[2024-05-12T20:22:38.592+0500] {logging_mixin.py:188} INFO - [2024-05-12T20:22:38.591+0500] {dag.py:3954} INFO - Setting next_dagrun for latest_only_with_trigger to 2024-05-12 08:00:00+00:00, run_after=2024-05-12 12:00:00+00:00
[2024-05-12T20:22:38.618+0500] {processor.py:183} INFO - Processing /home/awahab02/mlops_assignment_2/myenv/lib/python3.10/site-packages/airflow/example_dags/example_latest_only_with_trigger.py took 0.066 seconds
[2024-05-12T20:23:35.349+0500] {processor.py:161} INFO - Started process (PID=10341) to work on /home/awahab02/mlops_assignment_2/myenv/lib/python3.10/site-packages/airflow/example_dags/example_latest_only_with_trigger.py
[2024-05-12T20:23:35.371+0500] {processor.py:830} INFO - Processing file /home/awahab02/mlops_assignment_2/myenv/lib/python3.10/site-packages/airflow/example_dags/example_latest_only_with_trigger.py for tasks to queue
[2024-05-12T20:23:35.373+0500] {logging_mixin.py:188} INFO - [2024-05-12T20:23:35.372+0500] {dagbag.py:545} INFO - Filling up the DagBag from /home/awahab02/mlops_assignment_2/myenv/lib/python3.10/site-packages/airflow/example_dags/example_latest_only_with_trigger.py
[2024-05-12T20:23:35.379+0500] {processor.py:840} INFO - DAG(s) 'latest_only_with_trigger' retrieved from /home/awahab02/mlops_assignment_2/myenv/lib/python3.10/site-packages/airflow/example_dags/example_latest_only_with_trigger.py
[2024-05-12T20:23:35.391+0500] {logging_mixin.py:188} INFO - [2024-05-12T20:23:35.391+0500] {dag.py:3096} INFO - Sync 1 DAGs
[2024-05-12T20:23:35.408+0500] {logging_mixin.py:188} INFO - [2024-05-12T20:23:35.408+0500] {dag.py:3954} INFO - Setting next_dagrun for latest_only_with_trigger to 2024-05-12 08:00:00+00:00, run_after=2024-05-12 12:00:00+00:00
[2024-05-12T20:23:35.434+0500] {processor.py:183} INFO - Processing /home/awahab02/mlops_assignment_2/myenv/lib/python3.10/site-packages/airflow/example_dags/example_latest_only_with_trigger.py took 0.093 seconds
[2024-05-12T20:24:37.187+0500] {processor.py:161} INFO - Started process (PID=10672) to work on /home/awahab02/mlops_assignment_2/myenv/lib/python3.10/site-packages/airflow/example_dags/example_latest_only_with_trigger.py
[2024-05-12T20:24:37.188+0500] {processor.py:830} INFO - Processing file /home/awahab02/mlops_assignment_2/myenv/lib/python3.10/site-packages/airflow/example_dags/example_latest_only_with_trigger.py for tasks to queue
[2024-05-12T20:24:37.190+0500] {logging_mixin.py:188} INFO - [2024-05-12T20:24:37.189+0500] {dagbag.py:545} INFO - Filling up the DagBag from /home/awahab02/mlops_assignment_2/myenv/lib/python3.10/site-packages/airflow/example_dags/example_latest_only_with_trigger.py
[2024-05-12T20:24:37.194+0500] {processor.py:840} INFO - DAG(s) 'latest_only_with_trigger' retrieved from /home/awahab02/mlops_assignment_2/myenv/lib/python3.10/site-packages/airflow/example_dags/example_latest_only_with_trigger.py
[2024-05-12T20:24:37.209+0500] {logging_mixin.py:188} INFO - [2024-05-12T20:24:37.208+0500] {dag.py:3096} INFO - Sync 1 DAGs
[2024-05-12T20:24:37.227+0500] {logging_mixin.py:188} INFO - [2024-05-12T20:24:37.227+0500] {dag.py:3954} INFO - Setting next_dagrun for latest_only_with_trigger to 2024-05-12 08:00:00+00:00, run_after=2024-05-12 12:00:00+00:00
[2024-05-12T20:24:37.256+0500] {processor.py:183} INFO - Processing /home/awahab02/mlops_assignment_2/myenv/lib/python3.10/site-packages/airflow/example_dags/example_latest_only_with_trigger.py took 0.076 seconds
[2024-05-12T20:25:36.820+0500] {processor.py:161} INFO - Started process (PID=10957) to work on /home/awahab02/mlops_assignment_2/myenv/lib/python3.10/site-packages/airflow/example_dags/example_latest_only_with_trigger.py
[2024-05-12T20:25:36.868+0500] {processor.py:830} INFO - Processing file /home/awahab02/mlops_assignment_2/myenv/lib/python3.10/site-packages/airflow/example_dags/example_latest_only_with_trigger.py for tasks to queue
[2024-05-12T20:25:36.874+0500] {logging_mixin.py:188} INFO - [2024-05-12T20:25:36.872+0500] {dagbag.py:545} INFO - Filling up the DagBag from /home/awahab02/mlops_assignment_2/myenv/lib/python3.10/site-packages/airflow/example_dags/example_latest_only_with_trigger.py
[2024-05-12T20:25:36.891+0500] {processor.py:840} INFO - DAG(s) 'latest_only_with_trigger' retrieved from /home/awahab02/mlops_assignment_2/myenv/lib/python3.10/site-packages/airflow/example_dags/example_latest_only_with_trigger.py
[2024-05-12T20:25:36.910+0500] {logging_mixin.py:188} INFO - [2024-05-12T20:25:36.910+0500] {dag.py:3096} INFO - Sync 1 DAGs
[2024-05-12T20:25:36.927+0500] {logging_mixin.py:188} INFO - [2024-05-12T20:25:36.927+0500] {dag.py:3954} INFO - Setting next_dagrun for latest_only_with_trigger to 2024-05-12 08:00:00+00:00, run_after=2024-05-12 12:00:00+00:00
[2024-05-12T20:25:36.953+0500] {processor.py:183} INFO - Processing /home/awahab02/mlops_assignment_2/myenv/lib/python3.10/site-packages/airflow/example_dags/example_latest_only_with_trigger.py took 0.138 seconds
[2024-05-12T20:26:41.262+0500] {processor.py:161} INFO - Started process (PID=11356) to work on /home/awahab02/mlops_assignment_2/myenv/lib/python3.10/site-packages/airflow/example_dags/example_latest_only_with_trigger.py
[2024-05-12T20:26:41.263+0500] {processor.py:830} INFO - Processing file /home/awahab02/mlops_assignment_2/myenv/lib/python3.10/site-packages/airflow/example_dags/example_latest_only_with_trigger.py for tasks to queue
[2024-05-12T20:26:41.266+0500] {logging_mixin.py:188} INFO - [2024-05-12T20:26:41.265+0500] {dagbag.py:545} INFO - Filling up the DagBag from /home/awahab02/mlops_assignment_2/myenv/lib/python3.10/site-packages/airflow/example_dags/example_latest_only_with_trigger.py
[2024-05-12T20:26:41.275+0500] {processor.py:840} INFO - DAG(s) 'latest_only_with_trigger' retrieved from /home/awahab02/mlops_assignment_2/myenv/lib/python3.10/site-packages/airflow/example_dags/example_latest_only_with_trigger.py
[2024-05-12T20:26:41.296+0500] {logging_mixin.py:188} INFO - [2024-05-12T20:26:41.295+0500] {dag.py:3096} INFO - Sync 1 DAGs
[2024-05-12T20:26:41.320+0500] {logging_mixin.py:188} INFO - [2024-05-12T20:26:41.320+0500] {dag.py:3954} INFO - Setting next_dagrun for latest_only_with_trigger to 2024-05-12 08:00:00+00:00, run_after=2024-05-12 12:00:00+00:00
[2024-05-12T20:26:41.353+0500] {processor.py:183} INFO - Processing /home/awahab02/mlops_assignment_2/myenv/lib/python3.10/site-packages/airflow/example_dags/example_latest_only_with_trigger.py took 0.099 seconds
[2024-05-12T20:27:59.553+0500] {processor.py:161} INFO - Started process (PID=12015) to work on /home/awahab02/mlops_assignment_2/myenv/lib/python3.10/site-packages/airflow/example_dags/example_latest_only_with_trigger.py
[2024-05-12T20:27:59.558+0500] {processor.py:830} INFO - Processing file /home/awahab02/mlops_assignment_2/myenv/lib/python3.10/site-packages/airflow/example_dags/example_latest_only_with_trigger.py for tasks to queue
[2024-05-12T20:27:59.562+0500] {logging_mixin.py:188} INFO - [2024-05-12T20:27:59.561+0500] {dagbag.py:545} INFO - Filling up the DagBag from /home/awahab02/mlops_assignment_2/myenv/lib/python3.10/site-packages/airflow/example_dags/example_latest_only_with_trigger.py
[2024-05-12T20:27:59.570+0500] {processor.py:840} INFO - DAG(s) 'latest_only_with_trigger' retrieved from /home/awahab02/mlops_assignment_2/myenv/lib/python3.10/site-packages/airflow/example_dags/example_latest_only_with_trigger.py
[2024-05-12T20:27:59.598+0500] {logging_mixin.py:188} INFO - [2024-05-12T20:27:59.598+0500] {dag.py:3096} INFO - Sync 1 DAGs
[2024-05-12T20:27:59.659+0500] {logging_mixin.py:188} INFO - [2024-05-12T20:27:59.658+0500] {dag.py:3954} INFO - Setting next_dagrun for latest_only_with_trigger to 2024-05-12 08:00:00+00:00, run_after=2024-05-12 12:00:00+00:00
[2024-05-12T20:27:59.735+0500] {processor.py:183} INFO - Processing /home/awahab02/mlops_assignment_2/myenv/lib/python3.10/site-packages/airflow/example_dags/example_latest_only_with_trigger.py took 0.195 seconds
[2024-05-12T20:28:52.293+0500] {processor.py:161} INFO - Started process (PID=12268) to work on /home/awahab02/mlops_assignment_2/myenv/lib/python3.10/site-packages/airflow/example_dags/example_latest_only_with_trigger.py
[2024-05-12T20:28:52.321+0500] {processor.py:830} INFO - Processing file /home/awahab02/mlops_assignment_2/myenv/lib/python3.10/site-packages/airflow/example_dags/example_latest_only_with_trigger.py for tasks to queue
[2024-05-12T20:28:52.323+0500] {logging_mixin.py:188} INFO - [2024-05-12T20:28:52.322+0500] {dagbag.py:545} INFO - Filling up the DagBag from /home/awahab02/mlops_assignment_2/myenv/lib/python3.10/site-packages/airflow/example_dags/example_latest_only_with_trigger.py
[2024-05-12T20:28:52.327+0500] {processor.py:840} INFO - DAG(s) 'latest_only_with_trigger' retrieved from /home/awahab02/mlops_assignment_2/myenv/lib/python3.10/site-packages/airflow/example_dags/example_latest_only_with_trigger.py
[2024-05-12T20:28:52.339+0500] {logging_mixin.py:188} INFO - [2024-05-12T20:28:52.339+0500] {dag.py:3096} INFO - Sync 1 DAGs
[2024-05-12T20:28:52.354+0500] {logging_mixin.py:188} INFO - [2024-05-12T20:28:52.354+0500] {dag.py:3954} INFO - Setting next_dagrun for latest_only_with_trigger to 2024-05-12 08:00:00+00:00, run_after=2024-05-12 12:00:00+00:00
[2024-05-12T20:28:52.379+0500] {processor.py:183} INFO - Processing /home/awahab02/mlops_assignment_2/myenv/lib/python3.10/site-packages/airflow/example_dags/example_latest_only_with_trigger.py took 0.094 seconds
[2024-05-12T20:29:45.257+0500] {processor.py:161} INFO - Started process (PID=12575) to work on /home/awahab02/mlops_assignment_2/myenv/lib/python3.10/site-packages/airflow/example_dags/example_latest_only_with_trigger.py
[2024-05-12T20:29:45.258+0500] {processor.py:830} INFO - Processing file /home/awahab02/mlops_assignment_2/myenv/lib/python3.10/site-packages/airflow/example_dags/example_latest_only_with_trigger.py for tasks to queue
[2024-05-12T20:29:45.260+0500] {logging_mixin.py:188} INFO - [2024-05-12T20:29:45.260+0500] {dagbag.py:545} INFO - Filling up the DagBag from /home/awahab02/mlops_assignment_2/myenv/lib/python3.10/site-packages/airflow/example_dags/example_latest_only_with_trigger.py
[2024-05-12T20:29:45.266+0500] {processor.py:840} INFO - DAG(s) 'latest_only_with_trigger' retrieved from /home/awahab02/mlops_assignment_2/myenv/lib/python3.10/site-packages/airflow/example_dags/example_latest_only_with_trigger.py
[2024-05-12T20:29:45.279+0500] {logging_mixin.py:188} INFO - [2024-05-12T20:29:45.279+0500] {dag.py:3096} INFO - Sync 1 DAGs
[2024-05-12T20:29:45.294+0500] {logging_mixin.py:188} INFO - [2024-05-12T20:29:45.294+0500] {dag.py:3954} INFO - Setting next_dagrun for latest_only_with_trigger to 2024-05-12 08:00:00+00:00, run_after=2024-05-12 12:00:00+00:00
[2024-05-12T20:29:45.328+0500] {processor.py:183} INFO - Processing /home/awahab02/mlops_assignment_2/myenv/lib/python3.10/site-packages/airflow/example_dags/example_latest_only_with_trigger.py took 0.079 seconds
[2024-05-12T20:31:06.266+0500] {processor.py:161} INFO - Started process (PID=13171) to work on /home/awahab02/mlops_assignment_2/myenv/lib/python3.10/site-packages/airflow/example_dags/example_latest_only_with_trigger.py
[2024-05-12T20:31:06.268+0500] {processor.py:830} INFO - Processing file /home/awahab02/mlops_assignment_2/myenv/lib/python3.10/site-packages/airflow/example_dags/example_latest_only_with_trigger.py for tasks to queue
[2024-05-12T20:31:06.270+0500] {logging_mixin.py:188} INFO - [2024-05-12T20:31:06.269+0500] {dagbag.py:545} INFO - Filling up the DagBag from /home/awahab02/mlops_assignment_2/myenv/lib/python3.10/site-packages/airflow/example_dags/example_latest_only_with_trigger.py
[2024-05-12T20:31:06.276+0500] {processor.py:840} INFO - DAG(s) 'latest_only_with_trigger' retrieved from /home/awahab02/mlops_assignment_2/myenv/lib/python3.10/site-packages/airflow/example_dags/example_latest_only_with_trigger.py
[2024-05-12T20:31:06.303+0500] {logging_mixin.py:188} INFO - [2024-05-12T20:31:06.302+0500] {dag.py:3096} INFO - Sync 1 DAGs
[2024-05-12T20:31:06.323+0500] {logging_mixin.py:188} INFO - [2024-05-12T20:31:06.323+0500] {dag.py:3954} INFO - Setting next_dagrun for latest_only_with_trigger to 2024-05-12 08:00:00+00:00, run_after=2024-05-12 12:00:00+00:00
[2024-05-12T20:31:06.362+0500] {processor.py:183} INFO - Processing /home/awahab02/mlops_assignment_2/myenv/lib/python3.10/site-packages/airflow/example_dags/example_latest_only_with_trigger.py took 0.102 seconds
[2024-05-12T20:31:57.267+0500] {processor.py:161} INFO - Started process (PID=13405) to work on /home/awahab02/mlops_assignment_2/myenv/lib/python3.10/site-packages/airflow/example_dags/example_latest_only_with_trigger.py
[2024-05-12T20:31:57.298+0500] {processor.py:830} INFO - Processing file /home/awahab02/mlops_assignment_2/myenv/lib/python3.10/site-packages/airflow/example_dags/example_latest_only_with_trigger.py for tasks to queue
[2024-05-12T20:31:57.301+0500] {logging_mixin.py:188} INFO - [2024-05-12T20:31:57.300+0500] {dagbag.py:545} INFO - Filling up the DagBag from /home/awahab02/mlops_assignment_2/myenv/lib/python3.10/site-packages/airflow/example_dags/example_latest_only_with_trigger.py
[2024-05-12T20:31:57.306+0500] {processor.py:840} INFO - DAG(s) 'latest_only_with_trigger' retrieved from /home/awahab02/mlops_assignment_2/myenv/lib/python3.10/site-packages/airflow/example_dags/example_latest_only_with_trigger.py
[2024-05-12T20:31:57.320+0500] {logging_mixin.py:188} INFO - [2024-05-12T20:31:57.319+0500] {dag.py:3096} INFO - Sync 1 DAGs
[2024-05-12T20:31:57.341+0500] {logging_mixin.py:188} INFO - [2024-05-12T20:31:57.341+0500] {dag.py:3954} INFO - Setting next_dagrun for latest_only_with_trigger to 2024-05-12 08:00:00+00:00, run_after=2024-05-12 12:00:00+00:00
[2024-05-12T20:31:57.376+0500] {processor.py:183} INFO - Processing /home/awahab02/mlops_assignment_2/myenv/lib/python3.10/site-packages/airflow/example_dags/example_latest_only_with_trigger.py took 0.115 seconds
[2024-05-12T20:34:40.026+0500] {processor.py:161} INFO - Started process (PID=14587) to work on /home/awahab02/mlops_assignment_2/myenv/lib/python3.10/site-packages/airflow/example_dags/example_latest_only_with_trigger.py
[2024-05-12T20:34:40.072+0500] {processor.py:830} INFO - Processing file /home/awahab02/mlops_assignment_2/myenv/lib/python3.10/site-packages/airflow/example_dags/example_latest_only_with_trigger.py for tasks to queue
[2024-05-12T20:34:40.073+0500] {logging_mixin.py:188} INFO - [2024-05-12T20:34:40.073+0500] {dagbag.py:545} INFO - Filling up the DagBag from /home/awahab02/mlops_assignment_2/myenv/lib/python3.10/site-packages/airflow/example_dags/example_latest_only_with_trigger.py
[2024-05-12T20:34:40.078+0500] {processor.py:840} INFO - DAG(s) 'latest_only_with_trigger' retrieved from /home/awahab02/mlops_assignment_2/myenv/lib/python3.10/site-packages/airflow/example_dags/example_latest_only_with_trigger.py
[2024-05-12T20:34:40.092+0500] {logging_mixin.py:188} INFO - [2024-05-12T20:34:40.092+0500] {dag.py:3096} INFO - Sync 1 DAGs
[2024-05-12T20:34:40.106+0500] {logging_mixin.py:188} INFO - [2024-05-12T20:34:40.106+0500] {dag.py:3954} INFO - Setting next_dagrun for latest_only_with_trigger to 2024-05-12 08:00:00+00:00, run_after=2024-05-12 12:00:00+00:00
[2024-05-12T20:34:40.131+0500] {processor.py:183} INFO - Processing /home/awahab02/mlops_assignment_2/myenv/lib/python3.10/site-packages/airflow/example_dags/example_latest_only_with_trigger.py took 0.111 seconds
[2024-05-12T20:35:32.809+0500] {processor.py:161} INFO - Started process (PID=14870) to work on /home/awahab02/mlops_assignment_2/myenv/lib/python3.10/site-packages/airflow/example_dags/example_latest_only_with_trigger.py
[2024-05-12T20:35:32.811+0500] {processor.py:830} INFO - Processing file /home/awahab02/mlops_assignment_2/myenv/lib/python3.10/site-packages/airflow/example_dags/example_latest_only_with_trigger.py for tasks to queue
[2024-05-12T20:35:32.812+0500] {logging_mixin.py:188} INFO - [2024-05-12T20:35:32.811+0500] {dagbag.py:545} INFO - Filling up the DagBag from /home/awahab02/mlops_assignment_2/myenv/lib/python3.10/site-packages/airflow/example_dags/example_latest_only_with_trigger.py
[2024-05-12T20:35:32.817+0500] {processor.py:840} INFO - DAG(s) 'latest_only_with_trigger' retrieved from /home/awahab02/mlops_assignment_2/myenv/lib/python3.10/site-packages/airflow/example_dags/example_latest_only_with_trigger.py
[2024-05-12T20:35:32.831+0500] {logging_mixin.py:188} INFO - [2024-05-12T20:35:32.830+0500] {dag.py:3096} INFO - Sync 1 DAGs
[2024-05-12T20:35:32.845+0500] {logging_mixin.py:188} INFO - [2024-05-12T20:35:32.845+0500] {dag.py:3954} INFO - Setting next_dagrun for latest_only_with_trigger to 2024-05-12 08:00:00+00:00, run_after=2024-05-12 12:00:00+00:00
[2024-05-12T20:35:32.881+0500] {processor.py:183} INFO - Processing /home/awahab02/mlops_assignment_2/myenv/lib/python3.10/site-packages/airflow/example_dags/example_latest_only_with_trigger.py took 0.076 seconds
[2024-05-12T20:36:26.381+0500] {processor.py:161} INFO - Started process (PID=15144) to work on /home/awahab02/mlops_assignment_2/myenv/lib/python3.10/site-packages/airflow/example_dags/example_latest_only_with_trigger.py
[2024-05-12T20:36:26.421+0500] {processor.py:830} INFO - Processing file /home/awahab02/mlops_assignment_2/myenv/lib/python3.10/site-packages/airflow/example_dags/example_latest_only_with_trigger.py for tasks to queue
[2024-05-12T20:36:26.422+0500] {logging_mixin.py:188} INFO - [2024-05-12T20:36:26.422+0500] {dagbag.py:545} INFO - Filling up the DagBag from /home/awahab02/mlops_assignment_2/myenv/lib/python3.10/site-packages/airflow/example_dags/example_latest_only_with_trigger.py
[2024-05-12T20:36:26.428+0500] {processor.py:840} INFO - DAG(s) 'latest_only_with_trigger' retrieved from /home/awahab02/mlops_assignment_2/myenv/lib/python3.10/site-packages/airflow/example_dags/example_latest_only_with_trigger.py
[2024-05-12T20:36:26.440+0500] {logging_mixin.py:188} INFO - [2024-05-12T20:36:26.440+0500] {dag.py:3096} INFO - Sync 1 DAGs
[2024-05-12T20:36:26.456+0500] {logging_mixin.py:188} INFO - [2024-05-12T20:36:26.456+0500] {dag.py:3954} INFO - Setting next_dagrun for latest_only_with_trigger to 2024-05-12 08:00:00+00:00, run_after=2024-05-12 12:00:00+00:00
[2024-05-12T20:36:26.481+0500] {processor.py:183} INFO - Processing /home/awahab02/mlops_assignment_2/myenv/lib/python3.10/site-packages/airflow/example_dags/example_latest_only_with_trigger.py took 0.106 seconds
[2024-05-12T20:39:13.705+0500] {processor.py:161} INFO - Started process (PID=16401) to work on /home/awahab02/mlops_assignment_2/myenv/lib/python3.10/site-packages/airflow/example_dags/example_latest_only_with_trigger.py
[2024-05-12T20:39:13.706+0500] {processor.py:830} INFO - Processing file /home/awahab02/mlops_assignment_2/myenv/lib/python3.10/site-packages/airflow/example_dags/example_latest_only_with_trigger.py for tasks to queue
[2024-05-12T20:39:13.707+0500] {logging_mixin.py:188} INFO - [2024-05-12T20:39:13.707+0500] {dagbag.py:545} INFO - Filling up the DagBag from /home/awahab02/mlops_assignment_2/myenv/lib/python3.10/site-packages/airflow/example_dags/example_latest_only_with_trigger.py
[2024-05-12T20:39:13.715+0500] {processor.py:840} INFO - DAG(s) 'latest_only_with_trigger' retrieved from /home/awahab02/mlops_assignment_2/myenv/lib/python3.10/site-packages/airflow/example_dags/example_latest_only_with_trigger.py
[2024-05-12T20:39:13.732+0500] {logging_mixin.py:188} INFO - [2024-05-12T20:39:13.732+0500] {dag.py:3096} INFO - Sync 1 DAGs
[2024-05-12T20:39:13.751+0500] {logging_mixin.py:188} INFO - [2024-05-12T20:39:13.750+0500] {dag.py:3954} INFO - Setting next_dagrun for latest_only_with_trigger to 2024-05-12 08:00:00+00:00, run_after=2024-05-12 12:00:00+00:00
[2024-05-12T20:39:13.791+0500] {processor.py:183} INFO - Processing /home/awahab02/mlops_assignment_2/myenv/lib/python3.10/site-packages/airflow/example_dags/example_latest_only_with_trigger.py took 0.092 seconds
[2024-05-12T20:40:06.217+0500] {processor.py:161} INFO - Started process (PID=16720) to work on /home/awahab02/mlops_assignment_2/myenv/lib/python3.10/site-packages/airflow/example_dags/example_latest_only_with_trigger.py
[2024-05-12T20:40:06.218+0500] {processor.py:830} INFO - Processing file /home/awahab02/mlops_assignment_2/myenv/lib/python3.10/site-packages/airflow/example_dags/example_latest_only_with_trigger.py for tasks to queue
[2024-05-12T20:40:06.219+0500] {logging_mixin.py:188} INFO - [2024-05-12T20:40:06.219+0500] {dagbag.py:545} INFO - Filling up the DagBag from /home/awahab02/mlops_assignment_2/myenv/lib/python3.10/site-packages/airflow/example_dags/example_latest_only_with_trigger.py
[2024-05-12T20:40:06.227+0500] {processor.py:840} INFO - DAG(s) 'latest_only_with_trigger' retrieved from /home/awahab02/mlops_assignment_2/myenv/lib/python3.10/site-packages/airflow/example_dags/example_latest_only_with_trigger.py
[2024-05-12T20:40:06.242+0500] {logging_mixin.py:188} INFO - [2024-05-12T20:40:06.242+0500] {dag.py:3096} INFO - Sync 1 DAGs
[2024-05-12T20:40:06.257+0500] {logging_mixin.py:188} INFO - [2024-05-12T20:40:06.257+0500] {dag.py:3954} INFO - Setting next_dagrun for latest_only_with_trigger to 2024-05-12 08:00:00+00:00, run_after=2024-05-12 12:00:00+00:00
[2024-05-12T20:40:06.285+0500] {processor.py:183} INFO - Processing /home/awahab02/mlops_assignment_2/myenv/lib/python3.10/site-packages/airflow/example_dags/example_latest_only_with_trigger.py took 0.075 seconds
[2024-05-12T20:40:57.888+0500] {processor.py:161} INFO - Started process (PID=17092) to work on /home/awahab02/mlops_assignment_2/myenv/lib/python3.10/site-packages/airflow/example_dags/example_latest_only_with_trigger.py
[2024-05-12T20:40:57.930+0500] {processor.py:830} INFO - Processing file /home/awahab02/mlops_assignment_2/myenv/lib/python3.10/site-packages/airflow/example_dags/example_latest_only_with_trigger.py for tasks to queue
[2024-05-12T20:40:57.931+0500] {logging_mixin.py:188} INFO - [2024-05-12T20:40:57.931+0500] {dagbag.py:545} INFO - Filling up the DagBag from /home/awahab02/mlops_assignment_2/myenv/lib/python3.10/site-packages/airflow/example_dags/example_latest_only_with_trigger.py
[2024-05-12T20:40:57.938+0500] {processor.py:840} INFO - DAG(s) 'latest_only_with_trigger' retrieved from /home/awahab02/mlops_assignment_2/myenv/lib/python3.10/site-packages/airflow/example_dags/example_latest_only_with_trigger.py
[2024-05-12T20:40:57.955+0500] {logging_mixin.py:188} INFO - [2024-05-12T20:40:57.955+0500] {dag.py:3096} INFO - Sync 1 DAGs
[2024-05-12T20:40:57.977+0500] {logging_mixin.py:188} INFO - [2024-05-12T20:40:57.977+0500] {dag.py:3954} INFO - Setting next_dagrun for latest_only_with_trigger to 2024-05-12 08:00:00+00:00, run_after=2024-05-12 12:00:00+00:00
[2024-05-12T20:40:58.053+0500] {processor.py:183} INFO - Processing /home/awahab02/mlops_assignment_2/myenv/lib/python3.10/site-packages/airflow/example_dags/example_latest_only_with_trigger.py took 0.169 seconds
[2024-05-12T20:42:03.234+0500] {processor.py:161} INFO - Started process (PID=17498) to work on /home/awahab02/mlops_assignment_2/myenv/lib/python3.10/site-packages/airflow/example_dags/example_latest_only_with_trigger.py
[2024-05-12T20:42:03.268+0500] {processor.py:830} INFO - Processing file /home/awahab02/mlops_assignment_2/myenv/lib/python3.10/site-packages/airflow/example_dags/example_latest_only_with_trigger.py for tasks to queue
[2024-05-12T20:42:03.269+0500] {logging_mixin.py:188} INFO - [2024-05-12T20:42:03.268+0500] {dagbag.py:545} INFO - Filling up the DagBag from /home/awahab02/mlops_assignment_2/myenv/lib/python3.10/site-packages/airflow/example_dags/example_latest_only_with_trigger.py
[2024-05-12T20:42:03.275+0500] {processor.py:840} INFO - DAG(s) 'latest_only_with_trigger' retrieved from /home/awahab02/mlops_assignment_2/myenv/lib/python3.10/site-packages/airflow/example_dags/example_latest_only_with_trigger.py
[2024-05-12T20:42:03.288+0500] {logging_mixin.py:188} INFO - [2024-05-12T20:42:03.287+0500] {dag.py:3096} INFO - Sync 1 DAGs
[2024-05-12T20:42:03.302+0500] {logging_mixin.py:188} INFO - [2024-05-12T20:42:03.302+0500] {dag.py:3954} INFO - Setting next_dagrun for latest_only_with_trigger to 2024-05-12 08:00:00+00:00, run_after=2024-05-12 12:00:00+00:00
[2024-05-12T20:42:03.327+0500] {processor.py:183} INFO - Processing /home/awahab02/mlops_assignment_2/myenv/lib/python3.10/site-packages/airflow/example_dags/example_latest_only_with_trigger.py took 0.100 seconds
[2024-05-12T20:43:11.388+0500] {processor.py:161} INFO - Started process (PID=18019) to work on /home/awahab02/mlops_assignment_2/myenv/lib/python3.10/site-packages/airflow/example_dags/example_latest_only_with_trigger.py
[2024-05-12T20:43:11.389+0500] {processor.py:830} INFO - Processing file /home/awahab02/mlops_assignment_2/myenv/lib/python3.10/site-packages/airflow/example_dags/example_latest_only_with_trigger.py for tasks to queue
[2024-05-12T20:43:11.390+0500] {logging_mixin.py:188} INFO - [2024-05-12T20:43:11.389+0500] {dagbag.py:545} INFO - Filling up the DagBag from /home/awahab02/mlops_assignment_2/myenv/lib/python3.10/site-packages/airflow/example_dags/example_latest_only_with_trigger.py
[2024-05-12T20:43:11.395+0500] {processor.py:840} INFO - DAG(s) 'latest_only_with_trigger' retrieved from /home/awahab02/mlops_assignment_2/myenv/lib/python3.10/site-packages/airflow/example_dags/example_latest_only_with_trigger.py
[2024-05-12T20:43:11.411+0500] {logging_mixin.py:188} INFO - [2024-05-12T20:43:11.411+0500] {dag.py:3096} INFO - Sync 1 DAGs
[2024-05-12T20:43:11.431+0500] {logging_mixin.py:188} INFO - [2024-05-12T20:43:11.431+0500] {dag.py:3954} INFO - Setting next_dagrun for latest_only_with_trigger to 2024-05-12 08:00:00+00:00, run_after=2024-05-12 12:00:00+00:00
[2024-05-12T20:43:11.458+0500] {processor.py:183} INFO - Processing /home/awahab02/mlops_assignment_2/myenv/lib/python3.10/site-packages/airflow/example_dags/example_latest_only_with_trigger.py took 0.077 seconds
