[2024-05-12T20:21:04.253+0500] {processor.py:161} INFO - Started process (PID=9467) to work on /home/awahab02/mlops_assignment_2/myenv/lib/python3.10/site-packages/airflow/example_dags/example_datasets.py
[2024-05-12T20:21:04.253+0500] {processor.py:830} INFO - Processing file /home/awahab02/mlops_assignment_2/myenv/lib/python3.10/site-packages/airflow/example_dags/example_datasets.py for tasks to queue
[2024-05-12T20:21:04.255+0500] {logging_mixin.py:188} INFO - [2024-05-12T20:21:04.254+0500] {dagbag.py:545} INFO - Filling up the DagBag from /home/awahab02/mlops_assignment_2/myenv/lib/python3.10/site-packages/airflow/example_dags/example_datasets.py
[2024-05-12T20:21:04.266+0500] {processor.py:840} INFO - DAG(s) 'consume_1_and_2_with_dataset_expressions', 'dataset_produces_1', 'dataset_consumes_unknown_never_scheduled', 'dataset_consumes_1_and_2', 'consume_1_or_both_2_and_3_with_dataset_expressions', 'dataset_produces_2', 'dataset_consumes_1', 'conditional_dataset_and_time_based_timetable', 'dataset_consumes_1_never_scheduled', 'consume_1_or_2_with_dataset_expressions' retrieved from /home/awahab02/mlops_assignment_2/myenv/lib/python3.10/site-packages/airflow/example_dags/example_datasets.py
[2024-05-12T20:21:04.366+0500] {logging_mixin.py:188} INFO - [2024-05-12T20:21:04.366+0500] {override.py:1829} INFO - Created Permission View: can read on DAG:consume_1_and_2_with_dataset_expressions
[2024-05-12T20:21:04.385+0500] {logging_mixin.py:188} INFO - [2024-05-12T20:21:04.384+0500] {override.py:1829} INFO - Created Permission View: can edit on DAG:consume_1_and_2_with_dataset_expressions
[2024-05-12T20:21:04.400+0500] {logging_mixin.py:188} INFO - [2024-05-12T20:21:04.399+0500] {override.py:1829} INFO - Created Permission View: can delete on DAG:consume_1_and_2_with_dataset_expressions
[2024-05-12T20:21:04.433+0500] {logging_mixin.py:188} INFO - [2024-05-12T20:21:04.432+0500] {override.py:1829} INFO - Created Permission View: can read on DAG:dataset_produces_1
[2024-05-12T20:21:04.452+0500] {logging_mixin.py:188} INFO - [2024-05-12T20:21:04.451+0500] {override.py:1829} INFO - Created Permission View: can edit on DAG:dataset_produces_1
[2024-05-12T20:21:04.466+0500] {logging_mixin.py:188} INFO - [2024-05-12T20:21:04.466+0500] {override.py:1829} INFO - Created Permission View: can delete on DAG:dataset_produces_1
[2024-05-12T20:21:04.499+0500] {logging_mixin.py:188} INFO - [2024-05-12T20:21:04.499+0500] {override.py:1829} INFO - Created Permission View: can read on DAG:dataset_consumes_unknown_never_scheduled
[2024-05-12T20:21:04.515+0500] {logging_mixin.py:188} INFO - [2024-05-12T20:21:04.515+0500] {override.py:1829} INFO - Created Permission View: can edit on DAG:dataset_consumes_unknown_never_scheduled
[2024-05-12T20:21:04.530+0500] {logging_mixin.py:188} INFO - [2024-05-12T20:21:04.530+0500] {override.py:1829} INFO - Created Permission View: can delete on DAG:dataset_consumes_unknown_never_scheduled
[2024-05-12T20:21:04.568+0500] {logging_mixin.py:188} INFO - [2024-05-12T20:21:04.568+0500] {override.py:1829} INFO - Created Permission View: can read on DAG:dataset_consumes_1_and_2
[2024-05-12T20:21:04.586+0500] {logging_mixin.py:188} INFO - [2024-05-12T20:21:04.586+0500] {override.py:1829} INFO - Created Permission View: can edit on DAG:dataset_consumes_1_and_2
[2024-05-12T20:21:04.600+0500] {logging_mixin.py:188} INFO - [2024-05-12T20:21:04.600+0500] {override.py:1829} INFO - Created Permission View: can delete on DAG:dataset_consumes_1_and_2
[2024-05-12T20:21:04.632+0500] {logging_mixin.py:188} INFO - [2024-05-12T20:21:04.632+0500] {override.py:1829} INFO - Created Permission View: can read on DAG:consume_1_or_both_2_and_3_with_dataset_expressions
[2024-05-12T20:21:04.647+0500] {logging_mixin.py:188} INFO - [2024-05-12T20:21:04.646+0500] {override.py:1829} INFO - Created Permission View: can edit on DAG:consume_1_or_both_2_and_3_with_dataset_expressions
[2024-05-12T20:21:04.661+0500] {logging_mixin.py:188} INFO - [2024-05-12T20:21:04.661+0500] {override.py:1829} INFO - Created Permission View: can delete on DAG:consume_1_or_both_2_and_3_with_dataset_expressions
[2024-05-12T20:21:04.710+0500] {logging_mixin.py:188} INFO - [2024-05-12T20:21:04.710+0500] {override.py:1829} INFO - Created Permission View: can read on DAG:dataset_produces_2
[2024-05-12T20:21:04.724+0500] {logging_mixin.py:188} INFO - [2024-05-12T20:21:04.724+0500] {override.py:1829} INFO - Created Permission View: can edit on DAG:dataset_produces_2
[2024-05-12T20:21:04.739+0500] {logging_mixin.py:188} INFO - [2024-05-12T20:21:04.738+0500] {override.py:1829} INFO - Created Permission View: can delete on DAG:dataset_produces_2
[2024-05-12T20:21:04.766+0500] {logging_mixin.py:188} INFO - [2024-05-12T20:21:04.766+0500] {override.py:1829} INFO - Created Permission View: can read on DAG:dataset_consumes_1
[2024-05-12T20:21:04.780+0500] {logging_mixin.py:188} INFO - [2024-05-12T20:21:04.780+0500] {override.py:1829} INFO - Created Permission View: can edit on DAG:dataset_consumes_1
[2024-05-12T20:21:04.794+0500] {logging_mixin.py:188} INFO - [2024-05-12T20:21:04.793+0500] {override.py:1829} INFO - Created Permission View: can delete on DAG:dataset_consumes_1
[2024-05-12T20:21:04.824+0500] {logging_mixin.py:188} INFO - [2024-05-12T20:21:04.824+0500] {override.py:1829} INFO - Created Permission View: can read on DAG:conditional_dataset_and_time_based_timetable
[2024-05-12T20:21:04.840+0500] {logging_mixin.py:188} INFO - [2024-05-12T20:21:04.839+0500] {override.py:1829} INFO - Created Permission View: can edit on DAG:conditional_dataset_and_time_based_timetable
[2024-05-12T20:21:04.857+0500] {logging_mixin.py:188} INFO - [2024-05-12T20:21:04.857+0500] {override.py:1829} INFO - Created Permission View: can delete on DAG:conditional_dataset_and_time_based_timetable
[2024-05-12T20:21:04.888+0500] {logging_mixin.py:188} INFO - [2024-05-12T20:21:04.887+0500] {override.py:1829} INFO - Created Permission View: can read on DAG:dataset_consumes_1_never_scheduled
[2024-05-12T20:21:04.902+0500] {logging_mixin.py:188} INFO - [2024-05-12T20:21:04.901+0500] {override.py:1829} INFO - Created Permission View: can edit on DAG:dataset_consumes_1_never_scheduled
[2024-05-12T20:21:04.918+0500] {logging_mixin.py:188} INFO - [2024-05-12T20:21:04.917+0500] {override.py:1829} INFO - Created Permission View: can delete on DAG:dataset_consumes_1_never_scheduled
[2024-05-12T20:21:04.952+0500] {logging_mixin.py:188} INFO - [2024-05-12T20:21:04.951+0500] {override.py:1829} INFO - Created Permission View: can read on DAG:consume_1_or_2_with_dataset_expressions
[2024-05-12T20:21:04.968+0500] {logging_mixin.py:188} INFO - [2024-05-12T20:21:04.968+0500] {override.py:1829} INFO - Created Permission View: can edit on DAG:consume_1_or_2_with_dataset_expressions
[2024-05-12T20:21:04.983+0500] {logging_mixin.py:188} INFO - [2024-05-12T20:21:04.982+0500] {override.py:1829} INFO - Created Permission View: can delete on DAG:consume_1_or_2_with_dataset_expressions
[2024-05-12T20:21:04.983+0500] {logging_mixin.py:188} INFO - [2024-05-12T20:21:04.983+0500] {dag.py:3096} INFO - Sync 10 DAGs
[2024-05-12T20:21:04.993+0500] {logging_mixin.py:188} INFO - [2024-05-12T20:21:04.993+0500] {dag.py:3118} INFO - Creating ORM DAG for dataset_consumes_1
[2024-05-12T20:21:04.994+0500] {logging_mixin.py:188} INFO - [2024-05-12T20:21:04.993+0500] {dag.py:3118} INFO - Creating ORM DAG for consume_1_or_both_2_and_3_with_dataset_expressions
[2024-05-12T20:21:04.994+0500] {logging_mixin.py:188} INFO - [2024-05-12T20:21:04.994+0500] {dag.py:3118} INFO - Creating ORM DAG for consume_1_or_2_with_dataset_expressions
[2024-05-12T20:21:04.994+0500] {logging_mixin.py:188} INFO - [2024-05-12T20:21:04.994+0500] {dag.py:3118} INFO - Creating ORM DAG for dataset_consumes_1_never_scheduled
[2024-05-12T20:21:04.995+0500] {logging_mixin.py:188} INFO - [2024-05-12T20:21:04.995+0500] {dag.py:3118} INFO - Creating ORM DAG for consume_1_and_2_with_dataset_expressions
[2024-05-12T20:21:04.995+0500] {logging_mixin.py:188} INFO - [2024-05-12T20:21:04.995+0500] {dag.py:3118} INFO - Creating ORM DAG for dataset_consumes_1_and_2
[2024-05-12T20:21:04.995+0500] {logging_mixin.py:188} INFO - [2024-05-12T20:21:04.995+0500] {dag.py:3118} INFO - Creating ORM DAG for dataset_produces_1
[2024-05-12T20:21:04.996+0500] {logging_mixin.py:188} INFO - [2024-05-12T20:21:04.996+0500] {dag.py:3118} INFO - Creating ORM DAG for conditional_dataset_and_time_based_timetable
[2024-05-12T20:21:04.996+0500] {logging_mixin.py:188} INFO - [2024-05-12T20:21:04.996+0500] {dag.py:3118} INFO - Creating ORM DAG for dataset_consumes_unknown_never_scheduled
[2024-05-12T20:21:04.997+0500] {logging_mixin.py:188} INFO - [2024-05-12T20:21:04.996+0500] {dag.py:3118} INFO - Creating ORM DAG for dataset_produces_2
[2024-05-12T20:21:05.005+0500] {logging_mixin.py:188} INFO - [2024-05-12T20:21:05.004+0500] {dag.py:3954} INFO - Setting next_dagrun for conditional_dataset_and_time_based_timetable to 2024-05-08 01:00:00+00:00, run_after=2024-05-08 01:00:00+00:00
[2024-05-12T20:21:05.005+0500] {logging_mixin.py:188} INFO - [2024-05-12T20:21:05.005+0500] {dag.py:3954} INFO - Setting next_dagrun for consume_1_and_2_with_dataset_expressions to None, run_after=None
[2024-05-12T20:21:05.005+0500] {logging_mixin.py:188} INFO - [2024-05-12T20:21:05.005+0500] {dag.py:3954} INFO - Setting next_dagrun for consume_1_or_2_with_dataset_expressions to None, run_after=None
[2024-05-12T20:21:05.006+0500] {logging_mixin.py:188} INFO - [2024-05-12T20:21:05.006+0500] {dag.py:3954} INFO - Setting next_dagrun for consume_1_or_both_2_and_3_with_dataset_expressions to None, run_after=None
[2024-05-12T20:21:05.006+0500] {logging_mixin.py:188} INFO - [2024-05-12T20:21:05.006+0500] {dag.py:3954} INFO - Setting next_dagrun for dataset_consumes_1 to None, run_after=None
[2024-05-12T20:21:05.006+0500] {logging_mixin.py:188} INFO - [2024-05-12T20:21:05.006+0500] {dag.py:3954} INFO - Setting next_dagrun for dataset_consumes_1_and_2 to None, run_after=None
[2024-05-12T20:21:05.007+0500] {logging_mixin.py:188} INFO - [2024-05-12T20:21:05.007+0500] {dag.py:3954} INFO - Setting next_dagrun for dataset_consumes_1_never_scheduled to None, run_after=None
[2024-05-12T20:21:05.007+0500] {logging_mixin.py:188} INFO - [2024-05-12T20:21:05.007+0500] {dag.py:3954} INFO - Setting next_dagrun for dataset_consumes_unknown_never_scheduled to None, run_after=None
[2024-05-12T20:21:05.008+0500] {logging_mixin.py:188} INFO - [2024-05-12T20:21:05.008+0500] {dag.py:3954} INFO - Setting next_dagrun for dataset_produces_1 to 2024-05-11 00:00:00+00:00, run_after=2024-05-12 00:00:00+00:00
[2024-05-12T20:21:05.009+0500] {logging_mixin.py:188} INFO - [2024-05-12T20:21:05.009+0500] {dag.py:3954} INFO - Setting next_dagrun for dataset_produces_2 to None, run_after=None
[2024-05-12T20:21:05.048+0500] {processor.py:183} INFO - Processing /home/awahab02/mlops_assignment_2/myenv/lib/python3.10/site-packages/airflow/example_dags/example_datasets.py took 0.801 seconds
[2024-05-12T20:21:56.968+0500] {processor.py:161} INFO - Started process (PID=9677) to work on /home/awahab02/mlops_assignment_2/myenv/lib/python3.10/site-packages/airflow/example_dags/example_datasets.py
[2024-05-12T20:21:57.003+0500] {processor.py:830} INFO - Processing file /home/awahab02/mlops_assignment_2/myenv/lib/python3.10/site-packages/airflow/example_dags/example_datasets.py for tasks to queue
[2024-05-12T20:21:57.004+0500] {logging_mixin.py:188} INFO - [2024-05-12T20:21:57.004+0500] {dagbag.py:545} INFO - Filling up the DagBag from /home/awahab02/mlops_assignment_2/myenv/lib/python3.10/site-packages/airflow/example_dags/example_datasets.py
[2024-05-12T20:21:57.014+0500] {processor.py:840} INFO - DAG(s) 'dataset_produces_1', 'consume_1_or_2_with_dataset_expressions', 'dataset_produces_2', 'conditional_dataset_and_time_based_timetable', 'dataset_consumes_1_never_scheduled', 'dataset_consumes_1', 'consume_1_or_both_2_and_3_with_dataset_expressions', 'dataset_consumes_1_and_2', 'dataset_consumes_unknown_never_scheduled', 'consume_1_and_2_with_dataset_expressions' retrieved from /home/awahab02/mlops_assignment_2/myenv/lib/python3.10/site-packages/airflow/example_dags/example_datasets.py
[2024-05-12T20:21:57.044+0500] {logging_mixin.py:188} INFO - [2024-05-12T20:21:57.044+0500] {dag.py:3096} INFO - Sync 10 DAGs
[2024-05-12T20:21:57.061+0500] {logging_mixin.py:188} INFO - [2024-05-12T20:21:57.060+0500] {dag.py:3954} INFO - Setting next_dagrun for conditional_dataset_and_time_based_timetable to 2024-05-08 01:00:00+00:00, run_after=2024-05-08 01:00:00+00:00
[2024-05-12T20:21:57.064+0500] {logging_mixin.py:188} INFO - [2024-05-12T20:21:57.064+0500] {dag.py:3954} INFO - Setting next_dagrun for consume_1_and_2_with_dataset_expressions to None, run_after=None
[2024-05-12T20:21:57.064+0500] {logging_mixin.py:188} INFO - [2024-05-12T20:21:57.064+0500] {dag.py:3954} INFO - Setting next_dagrun for consume_1_or_2_with_dataset_expressions to None, run_after=None
[2024-05-12T20:21:57.065+0500] {logging_mixin.py:188} INFO - [2024-05-12T20:21:57.065+0500] {dag.py:3954} INFO - Setting next_dagrun for consume_1_or_both_2_and_3_with_dataset_expressions to None, run_after=None
[2024-05-12T20:21:57.066+0500] {logging_mixin.py:188} INFO - [2024-05-12T20:21:57.066+0500] {dag.py:3954} INFO - Setting next_dagrun for dataset_consumes_1 to None, run_after=None
[2024-05-12T20:21:57.066+0500] {logging_mixin.py:188} INFO - [2024-05-12T20:21:57.066+0500] {dag.py:3954} INFO - Setting next_dagrun for dataset_consumes_1_and_2 to None, run_after=None
[2024-05-12T20:21:57.067+0500] {logging_mixin.py:188} INFO - [2024-05-12T20:21:57.067+0500] {dag.py:3954} INFO - Setting next_dagrun for dataset_consumes_1_never_scheduled to None, run_after=None
[2024-05-12T20:21:57.068+0500] {logging_mixin.py:188} INFO - [2024-05-12T20:21:57.068+0500] {dag.py:3954} INFO - Setting next_dagrun for dataset_consumes_unknown_never_scheduled to None, run_after=None
[2024-05-12T20:21:57.069+0500] {logging_mixin.py:188} INFO - [2024-05-12T20:21:57.069+0500] {dag.py:3954} INFO - Setting next_dagrun for dataset_produces_1 to 2024-05-11 00:00:00+00:00, run_after=2024-05-12 00:00:00+00:00
[2024-05-12T20:21:57.070+0500] {logging_mixin.py:188} INFO - [2024-05-12T20:21:57.070+0500] {dag.py:3954} INFO - Setting next_dagrun for dataset_produces_2 to None, run_after=None
[2024-05-12T20:21:57.104+0500] {processor.py:183} INFO - Processing /home/awahab02/mlops_assignment_2/myenv/lib/python3.10/site-packages/airflow/example_dags/example_datasets.py took 0.141 seconds
[2024-05-12T20:22:56.418+0500] {processor.py:161} INFO - Started process (PID=9973) to work on /home/awahab02/mlops_assignment_2/myenv/lib/python3.10/site-packages/airflow/example_dags/example_datasets.py
[2024-05-12T20:22:56.420+0500] {processor.py:830} INFO - Processing file /home/awahab02/mlops_assignment_2/myenv/lib/python3.10/site-packages/airflow/example_dags/example_datasets.py for tasks to queue
[2024-05-12T20:22:56.422+0500] {logging_mixin.py:188} INFO - [2024-05-12T20:22:56.422+0500] {dagbag.py:545} INFO - Filling up the DagBag from /home/awahab02/mlops_assignment_2/myenv/lib/python3.10/site-packages/airflow/example_dags/example_datasets.py
[2024-05-12T20:22:56.433+0500] {processor.py:840} INFO - DAG(s) 'conditional_dataset_and_time_based_timetable', 'consume_1_and_2_with_dataset_expressions', 'dataset_consumes_1_never_scheduled', 'consume_1_or_2_with_dataset_expressions', 'consume_1_or_both_2_and_3_with_dataset_expressions', 'dataset_produces_1', 'dataset_consumes_unknown_never_scheduled', 'dataset_consumes_1', 'dataset_produces_2', 'dataset_consumes_1_and_2' retrieved from /home/awahab02/mlops_assignment_2/myenv/lib/python3.10/site-packages/airflow/example_dags/example_datasets.py
[2024-05-12T20:22:56.463+0500] {logging_mixin.py:188} INFO - [2024-05-12T20:22:56.462+0500] {dag.py:3096} INFO - Sync 10 DAGs
[2024-05-12T20:22:56.480+0500] {logging_mixin.py:188} INFO - [2024-05-12T20:22:56.480+0500] {dag.py:3954} INFO - Setting next_dagrun for conditional_dataset_and_time_based_timetable to 2024-05-08 01:00:00+00:00, run_after=2024-05-08 01:00:00+00:00
[2024-05-12T20:22:56.482+0500] {logging_mixin.py:188} INFO - [2024-05-12T20:22:56.482+0500] {dag.py:3954} INFO - Setting next_dagrun for consume_1_and_2_with_dataset_expressions to None, run_after=None
[2024-05-12T20:22:56.483+0500] {logging_mixin.py:188} INFO - [2024-05-12T20:22:56.483+0500] {dag.py:3954} INFO - Setting next_dagrun for consume_1_or_2_with_dataset_expressions to None, run_after=None
[2024-05-12T20:22:56.484+0500] {logging_mixin.py:188} INFO - [2024-05-12T20:22:56.484+0500] {dag.py:3954} INFO - Setting next_dagrun for consume_1_or_both_2_and_3_with_dataset_expressions to None, run_after=None
[2024-05-12T20:22:56.484+0500] {logging_mixin.py:188} INFO - [2024-05-12T20:22:56.484+0500] {dag.py:3954} INFO - Setting next_dagrun for dataset_consumes_1 to None, run_after=None
[2024-05-12T20:22:56.485+0500] {logging_mixin.py:188} INFO - [2024-05-12T20:22:56.485+0500] {dag.py:3954} INFO - Setting next_dagrun for dataset_consumes_1_and_2 to None, run_after=None
[2024-05-12T20:22:56.486+0500] {logging_mixin.py:188} INFO - [2024-05-12T20:22:56.486+0500] {dag.py:3954} INFO - Setting next_dagrun for dataset_consumes_1_never_scheduled to None, run_after=None
[2024-05-12T20:22:56.486+0500] {logging_mixin.py:188} INFO - [2024-05-12T20:22:56.486+0500] {dag.py:3954} INFO - Setting next_dagrun for dataset_consumes_unknown_never_scheduled to None, run_after=None
[2024-05-12T20:22:56.488+0500] {logging_mixin.py:188} INFO - [2024-05-12T20:22:56.488+0500] {dag.py:3954} INFO - Setting next_dagrun for dataset_produces_1 to 2024-05-11 00:00:00+00:00, run_after=2024-05-12 00:00:00+00:00
[2024-05-12T20:22:56.488+0500] {logging_mixin.py:188} INFO - [2024-05-12T20:22:56.488+0500] {dag.py:3954} INFO - Setting next_dagrun for dataset_produces_2 to None, run_after=None
[2024-05-12T20:22:56.520+0500] {processor.py:183} INFO - Processing /home/awahab02/mlops_assignment_2/myenv/lib/python3.10/site-packages/airflow/example_dags/example_datasets.py took 0.109 seconds
[2024-05-12T20:23:56.153+0500] {processor.py:161} INFO - Started process (PID=10473) to work on /home/awahab02/mlops_assignment_2/myenv/lib/python3.10/site-packages/airflow/example_dags/example_datasets.py
[2024-05-12T20:23:56.155+0500] {processor.py:830} INFO - Processing file /home/awahab02/mlops_assignment_2/myenv/lib/python3.10/site-packages/airflow/example_dags/example_datasets.py for tasks to queue
[2024-05-12T20:23:56.156+0500] {logging_mixin.py:188} INFO - [2024-05-12T20:23:56.156+0500] {dagbag.py:545} INFO - Filling up the DagBag from /home/awahab02/mlops_assignment_2/myenv/lib/python3.10/site-packages/airflow/example_dags/example_datasets.py
[2024-05-12T20:23:56.168+0500] {processor.py:840} INFO - DAG(s) 'consume_1_or_2_with_dataset_expressions', 'conditional_dataset_and_time_based_timetable', 'dataset_consumes_unknown_never_scheduled', 'consume_1_or_both_2_and_3_with_dataset_expressions', 'dataset_consumes_1_and_2', 'dataset_produces_1', 'dataset_consumes_1', 'dataset_consumes_1_never_scheduled', 'consume_1_and_2_with_dataset_expressions', 'dataset_produces_2' retrieved from /home/awahab02/mlops_assignment_2/myenv/lib/python3.10/site-packages/airflow/example_dags/example_datasets.py
[2024-05-12T20:23:56.200+0500] {logging_mixin.py:188} INFO - [2024-05-12T20:23:56.200+0500] {dag.py:3096} INFO - Sync 10 DAGs
[2024-05-12T20:23:56.218+0500] {logging_mixin.py:188} INFO - [2024-05-12T20:23:56.218+0500] {dag.py:3954} INFO - Setting next_dagrun for conditional_dataset_and_time_based_timetable to 2024-05-08 01:00:00+00:00, run_after=2024-05-08 01:00:00+00:00
[2024-05-12T20:23:56.221+0500] {logging_mixin.py:188} INFO - [2024-05-12T20:23:56.221+0500] {dag.py:3954} INFO - Setting next_dagrun for consume_1_and_2_with_dataset_expressions to None, run_after=None
[2024-05-12T20:23:56.222+0500] {logging_mixin.py:188} INFO - [2024-05-12T20:23:56.222+0500] {dag.py:3954} INFO - Setting next_dagrun for consume_1_or_2_with_dataset_expressions to None, run_after=None
[2024-05-12T20:23:56.223+0500] {logging_mixin.py:188} INFO - [2024-05-12T20:23:56.223+0500] {dag.py:3954} INFO - Setting next_dagrun for consume_1_or_both_2_and_3_with_dataset_expressions to None, run_after=None
[2024-05-12T20:23:56.224+0500] {logging_mixin.py:188} INFO - [2024-05-12T20:23:56.224+0500] {dag.py:3954} INFO - Setting next_dagrun for dataset_consumes_1 to None, run_after=None
[2024-05-12T20:23:56.225+0500] {logging_mixin.py:188} INFO - [2024-05-12T20:23:56.225+0500] {dag.py:3954} INFO - Setting next_dagrun for dataset_consumes_1_and_2 to None, run_after=None
[2024-05-12T20:23:56.226+0500] {logging_mixin.py:188} INFO - [2024-05-12T20:23:56.225+0500] {dag.py:3954} INFO - Setting next_dagrun for dataset_consumes_1_never_scheduled to None, run_after=None
[2024-05-12T20:23:56.226+0500] {logging_mixin.py:188} INFO - [2024-05-12T20:23:56.226+0500] {dag.py:3954} INFO - Setting next_dagrun for dataset_consumes_unknown_never_scheduled to None, run_after=None
[2024-05-12T20:23:56.228+0500] {logging_mixin.py:188} INFO - [2024-05-12T20:23:56.228+0500] {dag.py:3954} INFO - Setting next_dagrun for dataset_produces_1 to 2024-05-11 00:00:00+00:00, run_after=2024-05-12 00:00:00+00:00
[2024-05-12T20:23:56.228+0500] {logging_mixin.py:188} INFO - [2024-05-12T20:23:56.228+0500] {dag.py:3954} INFO - Setting next_dagrun for dataset_produces_2 to None, run_after=None
[2024-05-12T20:23:56.261+0500] {processor.py:183} INFO - Processing /home/awahab02/mlops_assignment_2/myenv/lib/python3.10/site-packages/airflow/example_dags/example_datasets.py took 0.114 seconds
[2024-05-12T20:24:55.571+0500] {processor.py:161} INFO - Started process (PID=10744) to work on /home/awahab02/mlops_assignment_2/myenv/lib/python3.10/site-packages/airflow/example_dags/example_datasets.py
[2024-05-12T20:24:55.605+0500] {processor.py:830} INFO - Processing file /home/awahab02/mlops_assignment_2/myenv/lib/python3.10/site-packages/airflow/example_dags/example_datasets.py for tasks to queue
[2024-05-12T20:24:55.606+0500] {logging_mixin.py:188} INFO - [2024-05-12T20:24:55.606+0500] {dagbag.py:545} INFO - Filling up the DagBag from /home/awahab02/mlops_assignment_2/myenv/lib/python3.10/site-packages/airflow/example_dags/example_datasets.py
[2024-05-12T20:24:55.616+0500] {processor.py:840} INFO - DAG(s) 'dataset_consumes_unknown_never_scheduled', 'dataset_produces_1', 'dataset_consumes_1', 'consume_1_or_both_2_and_3_with_dataset_expressions', 'dataset_consumes_1_never_scheduled', 'dataset_produces_2', 'dataset_consumes_1_and_2', 'conditional_dataset_and_time_based_timetable', 'consume_1_and_2_with_dataset_expressions', 'consume_1_or_2_with_dataset_expressions' retrieved from /home/awahab02/mlops_assignment_2/myenv/lib/python3.10/site-packages/airflow/example_dags/example_datasets.py
[2024-05-12T20:24:55.648+0500] {logging_mixin.py:188} INFO - [2024-05-12T20:24:55.648+0500] {dag.py:3096} INFO - Sync 10 DAGs
[2024-05-12T20:24:55.666+0500] {logging_mixin.py:188} INFO - [2024-05-12T20:24:55.666+0500] {dag.py:3954} INFO - Setting next_dagrun for conditional_dataset_and_time_based_timetable to 2024-05-08 01:00:00+00:00, run_after=2024-05-08 01:00:00+00:00
[2024-05-12T20:24:55.669+0500] {logging_mixin.py:188} INFO - [2024-05-12T20:24:55.669+0500] {dag.py:3954} INFO - Setting next_dagrun for consume_1_and_2_with_dataset_expressions to None, run_after=None
[2024-05-12T20:24:55.670+0500] {logging_mixin.py:188} INFO - [2024-05-12T20:24:55.670+0500] {dag.py:3954} INFO - Setting next_dagrun for consume_1_or_2_with_dataset_expressions to None, run_after=None
[2024-05-12T20:24:55.670+0500] {logging_mixin.py:188} INFO - [2024-05-12T20:24:55.670+0500] {dag.py:3954} INFO - Setting next_dagrun for consume_1_or_both_2_and_3_with_dataset_expressions to None, run_after=None
[2024-05-12T20:24:55.671+0500] {logging_mixin.py:188} INFO - [2024-05-12T20:24:55.671+0500] {dag.py:3954} INFO - Setting next_dagrun for dataset_consumes_1 to None, run_after=None
[2024-05-12T20:24:55.672+0500] {logging_mixin.py:188} INFO - [2024-05-12T20:24:55.671+0500] {dag.py:3954} INFO - Setting next_dagrun for dataset_consumes_1_and_2 to None, run_after=None
[2024-05-12T20:24:55.672+0500] {logging_mixin.py:188} INFO - [2024-05-12T20:24:55.672+0500] {dag.py:3954} INFO - Setting next_dagrun for dataset_consumes_1_never_scheduled to None, run_after=None
[2024-05-12T20:24:55.673+0500] {logging_mixin.py:188} INFO - [2024-05-12T20:24:55.673+0500] {dag.py:3954} INFO - Setting next_dagrun for dataset_consumes_unknown_never_scheduled to None, run_after=None
[2024-05-12T20:24:55.674+0500] {logging_mixin.py:188} INFO - [2024-05-12T20:24:55.674+0500] {dag.py:3954} INFO - Setting next_dagrun for dataset_produces_1 to 2024-05-11 00:00:00+00:00, run_after=2024-05-12 00:00:00+00:00
[2024-05-12T20:24:55.675+0500] {logging_mixin.py:188} INFO - [2024-05-12T20:24:55.675+0500] {dag.py:3954} INFO - Setting next_dagrun for dataset_produces_2 to None, run_after=None
[2024-05-12T20:24:55.709+0500] {processor.py:183} INFO - Processing /home/awahab02/mlops_assignment_2/myenv/lib/python3.10/site-packages/airflow/example_dags/example_datasets.py took 0.142 seconds
[2024-05-12T20:25:58.446+0500] {processor.py:161} INFO - Started process (PID=11074) to work on /home/awahab02/mlops_assignment_2/myenv/lib/python3.10/site-packages/airflow/example_dags/example_datasets.py
[2024-05-12T20:25:58.447+0500] {processor.py:830} INFO - Processing file /home/awahab02/mlops_assignment_2/myenv/lib/python3.10/site-packages/airflow/example_dags/example_datasets.py for tasks to queue
[2024-05-12T20:25:58.449+0500] {logging_mixin.py:188} INFO - [2024-05-12T20:25:58.449+0500] {dagbag.py:545} INFO - Filling up the DagBag from /home/awahab02/mlops_assignment_2/myenv/lib/python3.10/site-packages/airflow/example_dags/example_datasets.py
[2024-05-12T20:25:58.459+0500] {processor.py:840} INFO - DAG(s) 'dataset_produces_1', 'conditional_dataset_and_time_based_timetable', 'dataset_produces_2', 'dataset_consumes_1_never_scheduled', 'dataset_consumes_unknown_never_scheduled', 'consume_1_or_2_with_dataset_expressions', 'consume_1_and_2_with_dataset_expressions', 'dataset_consumes_1_and_2', 'dataset_consumes_1', 'consume_1_or_both_2_and_3_with_dataset_expressions' retrieved from /home/awahab02/mlops_assignment_2/myenv/lib/python3.10/site-packages/airflow/example_dags/example_datasets.py
[2024-05-12T20:25:58.490+0500] {logging_mixin.py:188} INFO - [2024-05-12T20:25:58.490+0500] {dag.py:3096} INFO - Sync 10 DAGs
[2024-05-12T20:25:58.509+0500] {logging_mixin.py:188} INFO - [2024-05-12T20:25:58.509+0500] {dag.py:3954} INFO - Setting next_dagrun for conditional_dataset_and_time_based_timetable to 2024-05-08 01:00:00+00:00, run_after=2024-05-08 01:00:00+00:00
[2024-05-12T20:25:58.513+0500] {logging_mixin.py:188} INFO - [2024-05-12T20:25:58.513+0500] {dag.py:3954} INFO - Setting next_dagrun for consume_1_and_2_with_dataset_expressions to None, run_after=None
[2024-05-12T20:25:58.514+0500] {logging_mixin.py:188} INFO - [2024-05-12T20:25:58.514+0500] {dag.py:3954} INFO - Setting next_dagrun for consume_1_or_2_with_dataset_expressions to None, run_after=None
[2024-05-12T20:25:58.515+0500] {logging_mixin.py:188} INFO - [2024-05-12T20:25:58.514+0500] {dag.py:3954} INFO - Setting next_dagrun for consume_1_or_both_2_and_3_with_dataset_expressions to None, run_after=None
[2024-05-12T20:25:58.515+0500] {logging_mixin.py:188} INFO - [2024-05-12T20:25:58.515+0500] {dag.py:3954} INFO - Setting next_dagrun for dataset_consumes_1 to None, run_after=None
[2024-05-12T20:25:58.516+0500] {logging_mixin.py:188} INFO - [2024-05-12T20:25:58.516+0500] {dag.py:3954} INFO - Setting next_dagrun for dataset_consumes_1_and_2 to None, run_after=None
[2024-05-12T20:25:58.517+0500] {logging_mixin.py:188} INFO - [2024-05-12T20:25:58.516+0500] {dag.py:3954} INFO - Setting next_dagrun for dataset_consumes_1_never_scheduled to None, run_after=None
[2024-05-12T20:25:58.517+0500] {logging_mixin.py:188} INFO - [2024-05-12T20:25:58.517+0500] {dag.py:3954} INFO - Setting next_dagrun for dataset_consumes_unknown_never_scheduled to None, run_after=None
[2024-05-12T20:25:58.519+0500] {logging_mixin.py:188} INFO - [2024-05-12T20:25:58.519+0500] {dag.py:3954} INFO - Setting next_dagrun for dataset_produces_1 to 2024-05-11 00:00:00+00:00, run_after=2024-05-12 00:00:00+00:00
[2024-05-12T20:25:58.519+0500] {logging_mixin.py:188} INFO - [2024-05-12T20:25:58.519+0500] {dag.py:3954} INFO - Setting next_dagrun for dataset_produces_2 to None, run_after=None
[2024-05-12T20:25:58.552+0500] {processor.py:183} INFO - Processing /home/awahab02/mlops_assignment_2/myenv/lib/python3.10/site-packages/airflow/example_dags/example_datasets.py took 0.111 seconds
[2024-05-12T20:27:02.477+0500] {processor.py:161} INFO - Started process (PID=11501) to work on /home/awahab02/mlops_assignment_2/myenv/lib/python3.10/site-packages/airflow/example_dags/example_datasets.py
[2024-05-12T20:27:02.513+0500] {processor.py:830} INFO - Processing file /home/awahab02/mlops_assignment_2/myenv/lib/python3.10/site-packages/airflow/example_dags/example_datasets.py for tasks to queue
[2024-05-12T20:27:02.514+0500] {logging_mixin.py:188} INFO - [2024-05-12T20:27:02.514+0500] {dagbag.py:545} INFO - Filling up the DagBag from /home/awahab02/mlops_assignment_2/myenv/lib/python3.10/site-packages/airflow/example_dags/example_datasets.py
[2024-05-12T20:27:02.526+0500] {processor.py:840} INFO - DAG(s) 'dataset_produces_1', 'dataset_consumes_1', 'dataset_consumes_1_and_2', 'conditional_dataset_and_time_based_timetable', 'consume_1_or_both_2_and_3_with_dataset_expressions', 'dataset_produces_2', 'consume_1_and_2_with_dataset_expressions', 'consume_1_or_2_with_dataset_expressions', 'dataset_consumes_1_never_scheduled', 'dataset_consumes_unknown_never_scheduled' retrieved from /home/awahab02/mlops_assignment_2/myenv/lib/python3.10/site-packages/airflow/example_dags/example_datasets.py
[2024-05-12T20:27:02.563+0500] {logging_mixin.py:188} INFO - [2024-05-12T20:27:02.563+0500] {dag.py:3096} INFO - Sync 10 DAGs
[2024-05-12T20:27:02.594+0500] {logging_mixin.py:188} INFO - [2024-05-12T20:27:02.594+0500] {dag.py:3954} INFO - Setting next_dagrun for conditional_dataset_and_time_based_timetable to 2024-05-08 01:00:00+00:00, run_after=2024-05-08 01:00:00+00:00
[2024-05-12T20:27:02.598+0500] {logging_mixin.py:188} INFO - [2024-05-12T20:27:02.598+0500] {dag.py:3954} INFO - Setting next_dagrun for consume_1_and_2_with_dataset_expressions to None, run_after=None
[2024-05-12T20:27:02.599+0500] {logging_mixin.py:188} INFO - [2024-05-12T20:27:02.598+0500] {dag.py:3954} INFO - Setting next_dagrun for consume_1_or_2_with_dataset_expressions to None, run_after=None
[2024-05-12T20:27:02.599+0500] {logging_mixin.py:188} INFO - [2024-05-12T20:27:02.599+0500] {dag.py:3954} INFO - Setting next_dagrun for consume_1_or_both_2_and_3_with_dataset_expressions to None, run_after=None
[2024-05-12T20:27:02.600+0500] {logging_mixin.py:188} INFO - [2024-05-12T20:27:02.600+0500] {dag.py:3954} INFO - Setting next_dagrun for dataset_consumes_1 to None, run_after=None
[2024-05-12T20:27:02.600+0500] {logging_mixin.py:188} INFO - [2024-05-12T20:27:02.600+0500] {dag.py:3954} INFO - Setting next_dagrun for dataset_consumes_1_and_2 to None, run_after=None
[2024-05-12T20:27:02.601+0500] {logging_mixin.py:188} INFO - [2024-05-12T20:27:02.601+0500] {dag.py:3954} INFO - Setting next_dagrun for dataset_consumes_1_never_scheduled to None, run_after=None
[2024-05-12T20:27:02.602+0500] {logging_mixin.py:188} INFO - [2024-05-12T20:27:02.602+0500] {dag.py:3954} INFO - Setting next_dagrun for dataset_consumes_unknown_never_scheduled to None, run_after=None
[2024-05-12T20:27:02.603+0500] {logging_mixin.py:188} INFO - [2024-05-12T20:27:02.603+0500] {dag.py:3954} INFO - Setting next_dagrun for dataset_produces_1 to 2024-05-11 00:00:00+00:00, run_after=2024-05-12 00:00:00+00:00
[2024-05-12T20:27:02.605+0500] {logging_mixin.py:188} INFO - [2024-05-12T20:27:02.605+0500] {dag.py:3954} INFO - Setting next_dagrun for dataset_produces_2 to None, run_after=None
[2024-05-12T20:27:02.639+0500] {processor.py:183} INFO - Processing /home/awahab02/mlops_assignment_2/myenv/lib/python3.10/site-packages/airflow/example_dags/example_datasets.py took 0.167 seconds
[2024-05-12T20:28:07.528+0500] {processor.py:161} INFO - Started process (PID=12051) to work on /home/awahab02/mlops_assignment_2/myenv/lib/python3.10/site-packages/airflow/example_dags/example_datasets.py
[2024-05-12T20:28:07.563+0500] {processor.py:830} INFO - Processing file /home/awahab02/mlops_assignment_2/myenv/lib/python3.10/site-packages/airflow/example_dags/example_datasets.py for tasks to queue
[2024-05-12T20:28:07.565+0500] {logging_mixin.py:188} INFO - [2024-05-12T20:28:07.565+0500] {dagbag.py:545} INFO - Filling up the DagBag from /home/awahab02/mlops_assignment_2/myenv/lib/python3.10/site-packages/airflow/example_dags/example_datasets.py
[2024-05-12T20:28:07.576+0500] {processor.py:840} INFO - DAG(s) 'consume_1_or_2_with_dataset_expressions', 'consume_1_or_both_2_and_3_with_dataset_expressions', 'consume_1_and_2_with_dataset_expressions', 'dataset_produces_1', 'conditional_dataset_and_time_based_timetable', 'dataset_consumes_1_and_2', 'dataset_produces_2', 'dataset_consumes_1_never_scheduled', 'dataset_consumes_1', 'dataset_consumes_unknown_never_scheduled' retrieved from /home/awahab02/mlops_assignment_2/myenv/lib/python3.10/site-packages/airflow/example_dags/example_datasets.py
[2024-05-12T20:28:07.611+0500] {logging_mixin.py:188} INFO - [2024-05-12T20:28:07.611+0500] {dag.py:3096} INFO - Sync 10 DAGs
[2024-05-12T20:28:07.635+0500] {logging_mixin.py:188} INFO - [2024-05-12T20:28:07.635+0500] {dag.py:3954} INFO - Setting next_dagrun for conditional_dataset_and_time_based_timetable to 2024-05-08 01:00:00+00:00, run_after=2024-05-08 01:00:00+00:00
[2024-05-12T20:28:07.638+0500] {logging_mixin.py:188} INFO - [2024-05-12T20:28:07.638+0500] {dag.py:3954} INFO - Setting next_dagrun for consume_1_and_2_with_dataset_expressions to None, run_after=None
[2024-05-12T20:28:07.639+0500] {logging_mixin.py:188} INFO - [2024-05-12T20:28:07.638+0500] {dag.py:3954} INFO - Setting next_dagrun for consume_1_or_2_with_dataset_expressions to None, run_after=None
[2024-05-12T20:28:07.639+0500] {logging_mixin.py:188} INFO - [2024-05-12T20:28:07.639+0500] {dag.py:3954} INFO - Setting next_dagrun for consume_1_or_both_2_and_3_with_dataset_expressions to None, run_after=None
[2024-05-12T20:28:07.640+0500] {logging_mixin.py:188} INFO - [2024-05-12T20:28:07.640+0500] {dag.py:3954} INFO - Setting next_dagrun for dataset_consumes_1 to None, run_after=None
[2024-05-12T20:28:07.641+0500] {logging_mixin.py:188} INFO - [2024-05-12T20:28:07.641+0500] {dag.py:3954} INFO - Setting next_dagrun for dataset_consumes_1_and_2 to None, run_after=None
[2024-05-12T20:28:07.642+0500] {logging_mixin.py:188} INFO - [2024-05-12T20:28:07.641+0500] {dag.py:3954} INFO - Setting next_dagrun for dataset_consumes_1_never_scheduled to None, run_after=None
[2024-05-12T20:28:07.642+0500] {logging_mixin.py:188} INFO - [2024-05-12T20:28:07.642+0500] {dag.py:3954} INFO - Setting next_dagrun for dataset_consumes_unknown_never_scheduled to None, run_after=None
[2024-05-12T20:28:07.644+0500] {logging_mixin.py:188} INFO - [2024-05-12T20:28:07.644+0500] {dag.py:3954} INFO - Setting next_dagrun for dataset_produces_1 to 2024-05-11 00:00:00+00:00, run_after=2024-05-12 00:00:00+00:00
[2024-05-12T20:28:07.645+0500] {logging_mixin.py:188} INFO - [2024-05-12T20:28:07.644+0500] {dag.py:3954} INFO - Setting next_dagrun for dataset_produces_2 to None, run_after=None
[2024-05-12T20:28:07.682+0500] {processor.py:183} INFO - Processing /home/awahab02/mlops_assignment_2/myenv/lib/python3.10/site-packages/airflow/example_dags/example_datasets.py took 0.158 seconds
[2024-05-12T20:29:00.280+0500] {processor.py:161} INFO - Started process (PID=12308) to work on /home/awahab02/mlops_assignment_2/myenv/lib/python3.10/site-packages/airflow/example_dags/example_datasets.py
[2024-05-12T20:29:00.281+0500] {processor.py:830} INFO - Processing file /home/awahab02/mlops_assignment_2/myenv/lib/python3.10/site-packages/airflow/example_dags/example_datasets.py for tasks to queue
[2024-05-12T20:29:00.283+0500] {logging_mixin.py:188} INFO - [2024-05-12T20:29:00.282+0500] {dagbag.py:545} INFO - Filling up the DagBag from /home/awahab02/mlops_assignment_2/myenv/lib/python3.10/site-packages/airflow/example_dags/example_datasets.py
[2024-05-12T20:29:00.294+0500] {processor.py:840} INFO - DAG(s) 'consume_1_or_both_2_and_3_with_dataset_expressions', 'dataset_consumes_1_and_2', 'consume_1_and_2_with_dataset_expressions', 'conditional_dataset_and_time_based_timetable', 'dataset_consumes_1_never_scheduled', 'dataset_produces_2', 'dataset_produces_1', 'dataset_consumes_unknown_never_scheduled', 'dataset_consumes_1', 'consume_1_or_2_with_dataset_expressions' retrieved from /home/awahab02/mlops_assignment_2/myenv/lib/python3.10/site-packages/airflow/example_dags/example_datasets.py
[2024-05-12T20:29:00.324+0500] {logging_mixin.py:188} INFO - [2024-05-12T20:29:00.323+0500] {dag.py:3096} INFO - Sync 10 DAGs
[2024-05-12T20:29:00.340+0500] {logging_mixin.py:188} INFO - [2024-05-12T20:29:00.340+0500] {dag.py:3954} INFO - Setting next_dagrun for conditional_dataset_and_time_based_timetable to 2024-05-08 01:00:00+00:00, run_after=2024-05-08 01:00:00+00:00
[2024-05-12T20:29:00.342+0500] {logging_mixin.py:188} INFO - [2024-05-12T20:29:00.342+0500] {dag.py:3954} INFO - Setting next_dagrun for consume_1_and_2_with_dataset_expressions to None, run_after=None
[2024-05-12T20:29:00.343+0500] {logging_mixin.py:188} INFO - [2024-05-12T20:29:00.343+0500] {dag.py:3954} INFO - Setting next_dagrun for consume_1_or_2_with_dataset_expressions to None, run_after=None
[2024-05-12T20:29:00.344+0500] {logging_mixin.py:188} INFO - [2024-05-12T20:29:00.344+0500] {dag.py:3954} INFO - Setting next_dagrun for consume_1_or_both_2_and_3_with_dataset_expressions to None, run_after=None
[2024-05-12T20:29:00.345+0500] {logging_mixin.py:188} INFO - [2024-05-12T20:29:00.345+0500] {dag.py:3954} INFO - Setting next_dagrun for dataset_consumes_1 to None, run_after=None
[2024-05-12T20:29:00.346+0500] {logging_mixin.py:188} INFO - [2024-05-12T20:29:00.346+0500] {dag.py:3954} INFO - Setting next_dagrun for dataset_consumes_1_and_2 to None, run_after=None
[2024-05-12T20:29:00.346+0500] {logging_mixin.py:188} INFO - [2024-05-12T20:29:00.346+0500] {dag.py:3954} INFO - Setting next_dagrun for dataset_consumes_1_never_scheduled to None, run_after=None
[2024-05-12T20:29:00.347+0500] {logging_mixin.py:188} INFO - [2024-05-12T20:29:00.347+0500] {dag.py:3954} INFO - Setting next_dagrun for dataset_consumes_unknown_never_scheduled to None, run_after=None
[2024-05-12T20:29:00.349+0500] {logging_mixin.py:188} INFO - [2024-05-12T20:29:00.348+0500] {dag.py:3954} INFO - Setting next_dagrun for dataset_produces_1 to 2024-05-11 00:00:00+00:00, run_after=2024-05-12 00:00:00+00:00
[2024-05-12T20:29:00.349+0500] {logging_mixin.py:188} INFO - [2024-05-12T20:29:00.349+0500] {dag.py:3954} INFO - Setting next_dagrun for dataset_produces_2 to None, run_after=None
[2024-05-12T20:29:00.383+0500] {processor.py:183} INFO - Processing /home/awahab02/mlops_assignment_2/myenv/lib/python3.10/site-packages/airflow/example_dags/example_datasets.py took 0.108 seconds
[2024-05-12T20:30:31.788+0500] {processor.py:161} INFO - Started process (PID=12985) to work on /home/awahab02/mlops_assignment_2/myenv/lib/python3.10/site-packages/airflow/example_dags/example_datasets.py
[2024-05-12T20:30:31.819+0500] {processor.py:830} INFO - Processing file /home/awahab02/mlops_assignment_2/myenv/lib/python3.10/site-packages/airflow/example_dags/example_datasets.py for tasks to queue
[2024-05-12T20:30:31.821+0500] {logging_mixin.py:188} INFO - [2024-05-12T20:30:31.821+0500] {dagbag.py:545} INFO - Filling up the DagBag from /home/awahab02/mlops_assignment_2/myenv/lib/python3.10/site-packages/airflow/example_dags/example_datasets.py
[2024-05-12T20:30:31.833+0500] {processor.py:840} INFO - DAG(s) 'consume_1_or_2_with_dataset_expressions', 'dataset_consumes_1', 'dataset_produces_2', 'dataset_consumes_unknown_never_scheduled', 'consume_1_and_2_with_dataset_expressions', 'dataset_consumes_1_and_2', 'dataset_consumes_1_never_scheduled', 'dataset_produces_1', 'consume_1_or_both_2_and_3_with_dataset_expressions', 'conditional_dataset_and_time_based_timetable' retrieved from /home/awahab02/mlops_assignment_2/myenv/lib/python3.10/site-packages/airflow/example_dags/example_datasets.py
[2024-05-12T20:30:31.866+0500] {logging_mixin.py:188} INFO - [2024-05-12T20:30:31.866+0500] {dag.py:3096} INFO - Sync 10 DAGs
[2024-05-12T20:30:31.883+0500] {logging_mixin.py:188} INFO - [2024-05-12T20:30:31.883+0500] {dag.py:3954} INFO - Setting next_dagrun for conditional_dataset_and_time_based_timetable to 2024-05-08 01:00:00+00:00, run_after=2024-05-08 01:00:00+00:00
[2024-05-12T20:30:31.885+0500] {logging_mixin.py:188} INFO - [2024-05-12T20:30:31.885+0500] {dag.py:3954} INFO - Setting next_dagrun for consume_1_and_2_with_dataset_expressions to None, run_after=None
[2024-05-12T20:30:31.886+0500] {logging_mixin.py:188} INFO - [2024-05-12T20:30:31.886+0500] {dag.py:3954} INFO - Setting next_dagrun for consume_1_or_2_with_dataset_expressions to None, run_after=None
[2024-05-12T20:30:31.887+0500] {logging_mixin.py:188} INFO - [2024-05-12T20:30:31.887+0500] {dag.py:3954} INFO - Setting next_dagrun for consume_1_or_both_2_and_3_with_dataset_expressions to None, run_after=None
[2024-05-12T20:30:31.887+0500] {logging_mixin.py:188} INFO - [2024-05-12T20:30:31.887+0500] {dag.py:3954} INFO - Setting next_dagrun for dataset_consumes_1 to None, run_after=None
[2024-05-12T20:30:31.888+0500] {logging_mixin.py:188} INFO - [2024-05-12T20:30:31.888+0500] {dag.py:3954} INFO - Setting next_dagrun for dataset_consumes_1_and_2 to None, run_after=None
[2024-05-12T20:30:31.889+0500] {logging_mixin.py:188} INFO - [2024-05-12T20:30:31.888+0500] {dag.py:3954} INFO - Setting next_dagrun for dataset_consumes_1_never_scheduled to None, run_after=None
[2024-05-12T20:30:31.889+0500] {logging_mixin.py:188} INFO - [2024-05-12T20:30:31.889+0500] {dag.py:3954} INFO - Setting next_dagrun for dataset_consumes_unknown_never_scheduled to None, run_after=None
[2024-05-12T20:30:31.891+0500] {logging_mixin.py:188} INFO - [2024-05-12T20:30:31.891+0500] {dag.py:3954} INFO - Setting next_dagrun for dataset_produces_1 to 2024-05-11 00:00:00+00:00, run_after=2024-05-12 00:00:00+00:00
[2024-05-12T20:30:31.892+0500] {logging_mixin.py:188} INFO - [2024-05-12T20:30:31.892+0500] {dag.py:3954} INFO - Setting next_dagrun for dataset_produces_2 to None, run_after=None
[2024-05-12T20:30:31.926+0500] {processor.py:183} INFO - Processing /home/awahab02/mlops_assignment_2/myenv/lib/python3.10/site-packages/airflow/example_dags/example_datasets.py took 0.143 seconds
[2024-05-12T20:31:33.334+0500] {processor.py:161} INFO - Started process (PID=13311) to work on /home/awahab02/mlops_assignment_2/myenv/lib/python3.10/site-packages/airflow/example_dags/example_datasets.py
[2024-05-12T20:31:33.368+0500] {processor.py:830} INFO - Processing file /home/awahab02/mlops_assignment_2/myenv/lib/python3.10/site-packages/airflow/example_dags/example_datasets.py for tasks to queue
[2024-05-12T20:31:33.369+0500] {logging_mixin.py:188} INFO - [2024-05-12T20:31:33.369+0500] {dagbag.py:545} INFO - Filling up the DagBag from /home/awahab02/mlops_assignment_2/myenv/lib/python3.10/site-packages/airflow/example_dags/example_datasets.py
[2024-05-12T20:31:33.380+0500] {processor.py:840} INFO - DAG(s) 'dataset_consumes_1_and_2', 'consume_1_and_2_with_dataset_expressions', 'conditional_dataset_and_time_based_timetable', 'consume_1_or_2_with_dataset_expressions', 'dataset_consumes_1_never_scheduled', 'dataset_consumes_unknown_never_scheduled', 'consume_1_or_both_2_and_3_with_dataset_expressions', 'dataset_produces_2', 'dataset_produces_1', 'dataset_consumes_1' retrieved from /home/awahab02/mlops_assignment_2/myenv/lib/python3.10/site-packages/airflow/example_dags/example_datasets.py
[2024-05-12T20:31:33.409+0500] {logging_mixin.py:188} INFO - [2024-05-12T20:31:33.408+0500] {dag.py:3096} INFO - Sync 10 DAGs
[2024-05-12T20:31:33.426+0500] {logging_mixin.py:188} INFO - [2024-05-12T20:31:33.426+0500] {dag.py:3954} INFO - Setting next_dagrun for conditional_dataset_and_time_based_timetable to 2024-05-08 01:00:00+00:00, run_after=2024-05-08 01:00:00+00:00
[2024-05-12T20:31:33.429+0500] {logging_mixin.py:188} INFO - [2024-05-12T20:31:33.429+0500] {dag.py:3954} INFO - Setting next_dagrun for consume_1_and_2_with_dataset_expressions to None, run_after=None
[2024-05-12T20:31:33.430+0500] {logging_mixin.py:188} INFO - [2024-05-12T20:31:33.429+0500] {dag.py:3954} INFO - Setting next_dagrun for consume_1_or_2_with_dataset_expressions to None, run_after=None
[2024-05-12T20:31:33.430+0500] {logging_mixin.py:188} INFO - [2024-05-12T20:31:33.430+0500] {dag.py:3954} INFO - Setting next_dagrun for consume_1_or_both_2_and_3_with_dataset_expressions to None, run_after=None
[2024-05-12T20:31:33.431+0500] {logging_mixin.py:188} INFO - [2024-05-12T20:31:33.431+0500] {dag.py:3954} INFO - Setting next_dagrun for dataset_consumes_1 to None, run_after=None
[2024-05-12T20:31:33.431+0500] {logging_mixin.py:188} INFO - [2024-05-12T20:31:33.431+0500] {dag.py:3954} INFO - Setting next_dagrun for dataset_consumes_1_and_2 to None, run_after=None
[2024-05-12T20:31:33.432+0500] {logging_mixin.py:188} INFO - [2024-05-12T20:31:33.432+0500] {dag.py:3954} INFO - Setting next_dagrun for dataset_consumes_1_never_scheduled to None, run_after=None
[2024-05-12T20:31:33.433+0500] {logging_mixin.py:188} INFO - [2024-05-12T20:31:33.433+0500] {dag.py:3954} INFO - Setting next_dagrun for dataset_consumes_unknown_never_scheduled to None, run_after=None
[2024-05-12T20:31:33.434+0500] {logging_mixin.py:188} INFO - [2024-05-12T20:31:33.434+0500] {dag.py:3954} INFO - Setting next_dagrun for dataset_produces_1 to 2024-05-11 00:00:00+00:00, run_after=2024-05-12 00:00:00+00:00
[2024-05-12T20:31:33.435+0500] {logging_mixin.py:188} INFO - [2024-05-12T20:31:33.435+0500] {dag.py:3954} INFO - Setting next_dagrun for dataset_produces_2 to None, run_after=None
[2024-05-12T20:31:33.466+0500] {processor.py:183} INFO - Processing /home/awahab02/mlops_assignment_2/myenv/lib/python3.10/site-packages/airflow/example_dags/example_datasets.py took 0.137 seconds
[2024-05-12T20:34:48.415+0500] {processor.py:161} INFO - Started process (PID=14619) to work on /home/awahab02/mlops_assignment_2/myenv/lib/python3.10/site-packages/airflow/example_dags/example_datasets.py
[2024-05-12T20:34:48.416+0500] {processor.py:830} INFO - Processing file /home/awahab02/mlops_assignment_2/myenv/lib/python3.10/site-packages/airflow/example_dags/example_datasets.py for tasks to queue
[2024-05-12T20:34:48.417+0500] {logging_mixin.py:188} INFO - [2024-05-12T20:34:48.417+0500] {dagbag.py:545} INFO - Filling up the DagBag from /home/awahab02/mlops_assignment_2/myenv/lib/python3.10/site-packages/airflow/example_dags/example_datasets.py
[2024-05-12T20:34:48.428+0500] {processor.py:840} INFO - DAG(s) 'dataset_consumes_1_never_scheduled', 'consume_1_and_2_with_dataset_expressions', 'dataset_consumes_unknown_never_scheduled', 'dataset_consumes_1_and_2', 'consume_1_or_both_2_and_3_with_dataset_expressions', 'consume_1_or_2_with_dataset_expressions', 'conditional_dataset_and_time_based_timetable', 'dataset_produces_1', 'dataset_produces_2', 'dataset_consumes_1' retrieved from /home/awahab02/mlops_assignment_2/myenv/lib/python3.10/site-packages/airflow/example_dags/example_datasets.py
[2024-05-12T20:34:48.458+0500] {logging_mixin.py:188} INFO - [2024-05-12T20:34:48.458+0500] {dag.py:3096} INFO - Sync 10 DAGs
[2024-05-12T20:34:48.473+0500] {logging_mixin.py:188} INFO - [2024-05-12T20:34:48.473+0500] {dag.py:3954} INFO - Setting next_dagrun for conditional_dataset_and_time_based_timetable to 2024-05-08 01:00:00+00:00, run_after=2024-05-08 01:00:00+00:00
[2024-05-12T20:34:48.476+0500] {logging_mixin.py:188} INFO - [2024-05-12T20:34:48.476+0500] {dag.py:3954} INFO - Setting next_dagrun for consume_1_and_2_with_dataset_expressions to None, run_after=None
[2024-05-12T20:34:48.477+0500] {logging_mixin.py:188} INFO - [2024-05-12T20:34:48.476+0500] {dag.py:3954} INFO - Setting next_dagrun for consume_1_or_2_with_dataset_expressions to None, run_after=None
[2024-05-12T20:34:48.477+0500] {logging_mixin.py:188} INFO - [2024-05-12T20:34:48.477+0500] {dag.py:3954} INFO - Setting next_dagrun for consume_1_or_both_2_and_3_with_dataset_expressions to None, run_after=None
[2024-05-12T20:34:48.478+0500] {logging_mixin.py:188} INFO - [2024-05-12T20:34:48.478+0500] {dag.py:3954} INFO - Setting next_dagrun for dataset_consumes_1 to None, run_after=None
[2024-05-12T20:34:48.478+0500] {logging_mixin.py:188} INFO - [2024-05-12T20:34:48.478+0500] {dag.py:3954} INFO - Setting next_dagrun for dataset_consumes_1_and_2 to None, run_after=None
[2024-05-12T20:34:48.479+0500] {logging_mixin.py:188} INFO - [2024-05-12T20:34:48.479+0500] {dag.py:3954} INFO - Setting next_dagrun for dataset_consumes_1_never_scheduled to None, run_after=None
[2024-05-12T20:34:48.480+0500] {logging_mixin.py:188} INFO - [2024-05-12T20:34:48.480+0500] {dag.py:3954} INFO - Setting next_dagrun for dataset_consumes_unknown_never_scheduled to None, run_after=None
[2024-05-12T20:34:48.482+0500] {logging_mixin.py:188} INFO - [2024-05-12T20:34:48.482+0500] {dag.py:3954} INFO - Setting next_dagrun for dataset_produces_1 to 2024-05-11 00:00:00+00:00, run_after=2024-05-12 00:00:00+00:00
[2024-05-12T20:34:48.483+0500] {logging_mixin.py:188} INFO - [2024-05-12T20:34:48.482+0500] {dag.py:3954} INFO - Setting next_dagrun for dataset_produces_2 to None, run_after=None
[2024-05-12T20:34:48.518+0500] {processor.py:183} INFO - Processing /home/awahab02/mlops_assignment_2/myenv/lib/python3.10/site-packages/airflow/example_dags/example_datasets.py took 0.108 seconds
[2024-05-12T20:35:40.774+0500] {processor.py:161} INFO - Started process (PID=14908) to work on /home/awahab02/mlops_assignment_2/myenv/lib/python3.10/site-packages/airflow/example_dags/example_datasets.py
[2024-05-12T20:35:40.800+0500] {processor.py:830} INFO - Processing file /home/awahab02/mlops_assignment_2/myenv/lib/python3.10/site-packages/airflow/example_dags/example_datasets.py for tasks to queue
[2024-05-12T20:35:40.801+0500] {logging_mixin.py:188} INFO - [2024-05-12T20:35:40.801+0500] {dagbag.py:545} INFO - Filling up the DagBag from /home/awahab02/mlops_assignment_2/myenv/lib/python3.10/site-packages/airflow/example_dags/example_datasets.py
[2024-05-12T20:35:40.812+0500] {processor.py:840} INFO - DAG(s) 'consume_1_and_2_with_dataset_expressions', 'dataset_consumes_unknown_never_scheduled', 'consume_1_or_both_2_and_3_with_dataset_expressions', 'dataset_consumes_1_and_2', 'conditional_dataset_and_time_based_timetable', 'consume_1_or_2_with_dataset_expressions', 'dataset_consumes_1', 'dataset_consumes_1_never_scheduled', 'dataset_produces_1', 'dataset_produces_2' retrieved from /home/awahab02/mlops_assignment_2/myenv/lib/python3.10/site-packages/airflow/example_dags/example_datasets.py
[2024-05-12T20:35:40.840+0500] {logging_mixin.py:188} INFO - [2024-05-12T20:35:40.840+0500] {dag.py:3096} INFO - Sync 10 DAGs
[2024-05-12T20:35:40.856+0500] {logging_mixin.py:188} INFO - [2024-05-12T20:35:40.856+0500] {dag.py:3954} INFO - Setting next_dagrun for conditional_dataset_and_time_based_timetable to 2024-05-08 01:00:00+00:00, run_after=2024-05-08 01:00:00+00:00
[2024-05-12T20:35:40.858+0500] {logging_mixin.py:188} INFO - [2024-05-12T20:35:40.858+0500] {dag.py:3954} INFO - Setting next_dagrun for consume_1_and_2_with_dataset_expressions to None, run_after=None
[2024-05-12T20:35:40.859+0500] {logging_mixin.py:188} INFO - [2024-05-12T20:35:40.859+0500] {dag.py:3954} INFO - Setting next_dagrun for consume_1_or_2_with_dataset_expressions to None, run_after=None
[2024-05-12T20:35:40.860+0500] {logging_mixin.py:188} INFO - [2024-05-12T20:35:40.860+0500] {dag.py:3954} INFO - Setting next_dagrun for consume_1_or_both_2_and_3_with_dataset_expressions to None, run_after=None
[2024-05-12T20:35:40.861+0500] {logging_mixin.py:188} INFO - [2024-05-12T20:35:40.861+0500] {dag.py:3954} INFO - Setting next_dagrun for dataset_consumes_1 to None, run_after=None
[2024-05-12T20:35:40.862+0500] {logging_mixin.py:188} INFO - [2024-05-12T20:35:40.862+0500] {dag.py:3954} INFO - Setting next_dagrun for dataset_consumes_1_and_2 to None, run_after=None
[2024-05-12T20:35:40.862+0500] {logging_mixin.py:188} INFO - [2024-05-12T20:35:40.862+0500] {dag.py:3954} INFO - Setting next_dagrun for dataset_consumes_1_never_scheduled to None, run_after=None
[2024-05-12T20:35:40.863+0500] {logging_mixin.py:188} INFO - [2024-05-12T20:35:40.863+0500] {dag.py:3954} INFO - Setting next_dagrun for dataset_consumes_unknown_never_scheduled to None, run_after=None
[2024-05-12T20:35:40.865+0500] {logging_mixin.py:188} INFO - [2024-05-12T20:35:40.864+0500] {dag.py:3954} INFO - Setting next_dagrun for dataset_produces_1 to 2024-05-11 00:00:00+00:00, run_after=2024-05-12 00:00:00+00:00
[2024-05-12T20:35:40.865+0500] {logging_mixin.py:188} INFO - [2024-05-12T20:35:40.865+0500] {dag.py:3954} INFO - Setting next_dagrun for dataset_produces_2 to None, run_after=None
[2024-05-12T20:35:40.897+0500] {processor.py:183} INFO - Processing /home/awahab02/mlops_assignment_2/myenv/lib/python3.10/site-packages/airflow/example_dags/example_datasets.py took 0.129 seconds
[2024-05-12T20:36:50.030+0500] {processor.py:161} INFO - Started process (PID=15242) to work on /home/awahab02/mlops_assignment_2/myenv/lib/python3.10/site-packages/airflow/example_dags/example_datasets.py
[2024-05-12T20:36:50.036+0500] {processor.py:830} INFO - Processing file /home/awahab02/mlops_assignment_2/myenv/lib/python3.10/site-packages/airflow/example_dags/example_datasets.py for tasks to queue
[2024-05-12T20:36:50.037+0500] {logging_mixin.py:188} INFO - [2024-05-12T20:36:50.037+0500] {dagbag.py:545} INFO - Filling up the DagBag from /home/awahab02/mlops_assignment_2/myenv/lib/python3.10/site-packages/airflow/example_dags/example_datasets.py
[2024-05-12T20:36:50.048+0500] {processor.py:840} INFO - DAG(s) 'consume_1_or_2_with_dataset_expressions', 'dataset_consumes_unknown_never_scheduled', 'dataset_consumes_1', 'consume_1_or_both_2_and_3_with_dataset_expressions', 'dataset_produces_1', 'dataset_consumes_1_and_2', 'consume_1_and_2_with_dataset_expressions', 'conditional_dataset_and_time_based_timetable', 'dataset_consumes_1_never_scheduled', 'dataset_produces_2' retrieved from /home/awahab02/mlops_assignment_2/myenv/lib/python3.10/site-packages/airflow/example_dags/example_datasets.py
[2024-05-12T20:36:50.076+0500] {logging_mixin.py:188} INFO - [2024-05-12T20:36:50.076+0500] {dag.py:3096} INFO - Sync 10 DAGs
[2024-05-12T20:36:50.091+0500] {logging_mixin.py:188} INFO - [2024-05-12T20:36:50.091+0500] {dag.py:3954} INFO - Setting next_dagrun for conditional_dataset_and_time_based_timetable to 2024-05-08 01:00:00+00:00, run_after=2024-05-08 01:00:00+00:00
[2024-05-12T20:36:50.094+0500] {logging_mixin.py:188} INFO - [2024-05-12T20:36:50.093+0500] {dag.py:3954} INFO - Setting next_dagrun for consume_1_and_2_with_dataset_expressions to None, run_after=None
[2024-05-12T20:36:50.094+0500] {logging_mixin.py:188} INFO - [2024-05-12T20:36:50.094+0500] {dag.py:3954} INFO - Setting next_dagrun for consume_1_or_2_with_dataset_expressions to None, run_after=None
[2024-05-12T20:36:50.095+0500] {logging_mixin.py:188} INFO - [2024-05-12T20:36:50.095+0500] {dag.py:3954} INFO - Setting next_dagrun for consume_1_or_both_2_and_3_with_dataset_expressions to None, run_after=None
[2024-05-12T20:36:50.096+0500] {logging_mixin.py:188} INFO - [2024-05-12T20:36:50.095+0500] {dag.py:3954} INFO - Setting next_dagrun for dataset_consumes_1 to None, run_after=None
[2024-05-12T20:36:50.096+0500] {logging_mixin.py:188} INFO - [2024-05-12T20:36:50.096+0500] {dag.py:3954} INFO - Setting next_dagrun for dataset_consumes_1_and_2 to None, run_after=None
[2024-05-12T20:36:50.097+0500] {logging_mixin.py:188} INFO - [2024-05-12T20:36:50.097+0500] {dag.py:3954} INFO - Setting next_dagrun for dataset_consumes_1_never_scheduled to None, run_after=None
[2024-05-12T20:36:50.098+0500] {logging_mixin.py:188} INFO - [2024-05-12T20:36:50.097+0500] {dag.py:3954} INFO - Setting next_dagrun for dataset_consumes_unknown_never_scheduled to None, run_after=None
[2024-05-12T20:36:50.099+0500] {logging_mixin.py:188} INFO - [2024-05-12T20:36:50.099+0500] {dag.py:3954} INFO - Setting next_dagrun for dataset_produces_1 to 2024-05-11 00:00:00+00:00, run_after=2024-05-12 00:00:00+00:00
[2024-05-12T20:36:50.100+0500] {logging_mixin.py:188} INFO - [2024-05-12T20:36:50.100+0500] {dag.py:3954} INFO - Setting next_dagrun for dataset_produces_2 to None, run_after=None
[2024-05-12T20:36:50.135+0500] {processor.py:183} INFO - Processing /home/awahab02/mlops_assignment_2/myenv/lib/python3.10/site-packages/airflow/example_dags/example_datasets.py took 0.112 seconds
[2024-05-12T20:39:22.078+0500] {processor.py:161} INFO - Started process (PID=16433) to work on /home/awahab02/mlops_assignment_2/myenv/lib/python3.10/site-packages/airflow/example_dags/example_datasets.py
[2024-05-12T20:39:22.080+0500] {processor.py:830} INFO - Processing file /home/awahab02/mlops_assignment_2/myenv/lib/python3.10/site-packages/airflow/example_dags/example_datasets.py for tasks to queue
[2024-05-12T20:39:22.081+0500] {logging_mixin.py:188} INFO - [2024-05-12T20:39:22.080+0500] {dagbag.py:545} INFO - Filling up the DagBag from /home/awahab02/mlops_assignment_2/myenv/lib/python3.10/site-packages/airflow/example_dags/example_datasets.py
[2024-05-12T20:39:22.091+0500] {processor.py:840} INFO - DAG(s) 'dataset_consumes_unknown_never_scheduled', 'dataset_produces_2', 'dataset_produces_1', 'consume_1_or_2_with_dataset_expressions', 'consume_1_or_both_2_and_3_with_dataset_expressions', 'consume_1_and_2_with_dataset_expressions', 'dataset_consumes_1_never_scheduled', 'conditional_dataset_and_time_based_timetable', 'dataset_consumes_1', 'dataset_consumes_1_and_2' retrieved from /home/awahab02/mlops_assignment_2/myenv/lib/python3.10/site-packages/airflow/example_dags/example_datasets.py
[2024-05-12T20:39:22.127+0500] {logging_mixin.py:188} INFO - [2024-05-12T20:39:22.126+0500] {dag.py:3096} INFO - Sync 10 DAGs
[2024-05-12T20:39:22.143+0500] {logging_mixin.py:188} INFO - [2024-05-12T20:39:22.143+0500] {dag.py:3954} INFO - Setting next_dagrun for conditional_dataset_and_time_based_timetable to 2024-05-08 01:00:00+00:00, run_after=2024-05-08 01:00:00+00:00
[2024-05-12T20:39:22.146+0500] {logging_mixin.py:188} INFO - [2024-05-12T20:39:22.145+0500] {dag.py:3954} INFO - Setting next_dagrun for consume_1_and_2_with_dataset_expressions to None, run_after=None
[2024-05-12T20:39:22.147+0500] {logging_mixin.py:188} INFO - [2024-05-12T20:39:22.147+0500] {dag.py:3954} INFO - Setting next_dagrun for consume_1_or_2_with_dataset_expressions to None, run_after=None
[2024-05-12T20:39:22.148+0500] {logging_mixin.py:188} INFO - [2024-05-12T20:39:22.148+0500] {dag.py:3954} INFO - Setting next_dagrun for consume_1_or_both_2_and_3_with_dataset_expressions to None, run_after=None
[2024-05-12T20:39:22.149+0500] {logging_mixin.py:188} INFO - [2024-05-12T20:39:22.149+0500] {dag.py:3954} INFO - Setting next_dagrun for dataset_consumes_1 to None, run_after=None
[2024-05-12T20:39:22.149+0500] {logging_mixin.py:188} INFO - [2024-05-12T20:39:22.149+0500] {dag.py:3954} INFO - Setting next_dagrun for dataset_consumes_1_and_2 to None, run_after=None
[2024-05-12T20:39:22.150+0500] {logging_mixin.py:188} INFO - [2024-05-12T20:39:22.150+0500] {dag.py:3954} INFO - Setting next_dagrun for dataset_consumes_1_never_scheduled to None, run_after=None
[2024-05-12T20:39:22.151+0500] {logging_mixin.py:188} INFO - [2024-05-12T20:39:22.151+0500] {dag.py:3954} INFO - Setting next_dagrun for dataset_consumes_unknown_never_scheduled to None, run_after=None
[2024-05-12T20:39:22.152+0500] {logging_mixin.py:188} INFO - [2024-05-12T20:39:22.152+0500] {dag.py:3954} INFO - Setting next_dagrun for dataset_produces_1 to 2024-05-11 00:00:00+00:00, run_after=2024-05-12 00:00:00+00:00
[2024-05-12T20:39:22.153+0500] {logging_mixin.py:188} INFO - [2024-05-12T20:39:22.153+0500] {dag.py:3954} INFO - Setting next_dagrun for dataset_produces_2 to None, run_after=None
[2024-05-12T20:39:22.186+0500] {processor.py:183} INFO - Processing /home/awahab02/mlops_assignment_2/myenv/lib/python3.10/site-packages/airflow/example_dags/example_datasets.py took 0.114 seconds
[2024-05-12T20:40:14.355+0500] {processor.py:161} INFO - Started process (PID=16770) to work on /home/awahab02/mlops_assignment_2/myenv/lib/python3.10/site-packages/airflow/example_dags/example_datasets.py
[2024-05-12T20:40:14.384+0500] {processor.py:830} INFO - Processing file /home/awahab02/mlops_assignment_2/myenv/lib/python3.10/site-packages/airflow/example_dags/example_datasets.py for tasks to queue
[2024-05-12T20:40:14.386+0500] {logging_mixin.py:188} INFO - [2024-05-12T20:40:14.385+0500] {dagbag.py:545} INFO - Filling up the DagBag from /home/awahab02/mlops_assignment_2/myenv/lib/python3.10/site-packages/airflow/example_dags/example_datasets.py
[2024-05-12T20:40:14.398+0500] {processor.py:840} INFO - DAG(s) 'dataset_consumes_1_never_scheduled', 'consume_1_or_2_with_dataset_expressions', 'dataset_produces_2', 'dataset_consumes_1', 'consume_1_and_2_with_dataset_expressions', 'consume_1_or_both_2_and_3_with_dataset_expressions', 'dataset_consumes_unknown_never_scheduled', 'conditional_dataset_and_time_based_timetable', 'dataset_produces_1', 'dataset_consumes_1_and_2' retrieved from /home/awahab02/mlops_assignment_2/myenv/lib/python3.10/site-packages/airflow/example_dags/example_datasets.py
[2024-05-12T20:40:14.435+0500] {logging_mixin.py:188} INFO - [2024-05-12T20:40:14.435+0500] {dag.py:3096} INFO - Sync 10 DAGs
[2024-05-12T20:40:14.452+0500] {logging_mixin.py:188} INFO - [2024-05-12T20:40:14.452+0500] {dag.py:3954} INFO - Setting next_dagrun for conditional_dataset_and_time_based_timetable to 2024-05-08 01:00:00+00:00, run_after=2024-05-08 01:00:00+00:00
[2024-05-12T20:40:14.455+0500] {logging_mixin.py:188} INFO - [2024-05-12T20:40:14.455+0500] {dag.py:3954} INFO - Setting next_dagrun for consume_1_and_2_with_dataset_expressions to None, run_after=None
[2024-05-12T20:40:14.456+0500] {logging_mixin.py:188} INFO - [2024-05-12T20:40:14.456+0500] {dag.py:3954} INFO - Setting next_dagrun for consume_1_or_2_with_dataset_expressions to None, run_after=None
[2024-05-12T20:40:14.456+0500] {logging_mixin.py:188} INFO - [2024-05-12T20:40:14.456+0500] {dag.py:3954} INFO - Setting next_dagrun for consume_1_or_both_2_and_3_with_dataset_expressions to None, run_after=None
[2024-05-12T20:40:14.457+0500] {logging_mixin.py:188} INFO - [2024-05-12T20:40:14.457+0500] {dag.py:3954} INFO - Setting next_dagrun for dataset_consumes_1 to None, run_after=None
[2024-05-12T20:40:14.459+0500] {logging_mixin.py:188} INFO - [2024-05-12T20:40:14.459+0500] {dag.py:3954} INFO - Setting next_dagrun for dataset_consumes_1_and_2 to None, run_after=None
[2024-05-12T20:40:14.461+0500] {logging_mixin.py:188} INFO - [2024-05-12T20:40:14.461+0500] {dag.py:3954} INFO - Setting next_dagrun for dataset_consumes_1_never_scheduled to None, run_after=None
[2024-05-12T20:40:14.462+0500] {logging_mixin.py:188} INFO - [2024-05-12T20:40:14.462+0500] {dag.py:3954} INFO - Setting next_dagrun for dataset_consumes_unknown_never_scheduled to None, run_after=None
[2024-05-12T20:40:14.464+0500] {logging_mixin.py:188} INFO - [2024-05-12T20:40:14.464+0500] {dag.py:3954} INFO - Setting next_dagrun for dataset_produces_1 to 2024-05-11 00:00:00+00:00, run_after=2024-05-12 00:00:00+00:00
[2024-05-12T20:40:14.465+0500] {logging_mixin.py:188} INFO - [2024-05-12T20:40:14.464+0500] {dag.py:3954} INFO - Setting next_dagrun for dataset_produces_2 to None, run_after=None
[2024-05-12T20:40:14.504+0500] {processor.py:183} INFO - Processing /home/awahab02/mlops_assignment_2/myenv/lib/python3.10/site-packages/airflow/example_dags/example_datasets.py took 0.155 seconds
[2024-05-12T20:41:22.196+0500] {processor.py:161} INFO - Started process (PID=17211) to work on /home/awahab02/mlops_assignment_2/myenv/lib/python3.10/site-packages/airflow/example_dags/example_datasets.py
[2024-05-12T20:41:22.198+0500] {processor.py:830} INFO - Processing file /home/awahab02/mlops_assignment_2/myenv/lib/python3.10/site-packages/airflow/example_dags/example_datasets.py for tasks to queue
[2024-05-12T20:41:22.198+0500] {logging_mixin.py:188} INFO - [2024-05-12T20:41:22.198+0500] {dagbag.py:545} INFO - Filling up the DagBag from /home/awahab02/mlops_assignment_2/myenv/lib/python3.10/site-packages/airflow/example_dags/example_datasets.py
[2024-05-12T20:41:22.209+0500] {processor.py:840} INFO - DAG(s) 'dataset_consumes_1', 'consume_1_or_both_2_and_3_with_dataset_expressions', 'dataset_consumes_unknown_never_scheduled', 'consume_1_or_2_with_dataset_expressions', 'conditional_dataset_and_time_based_timetable', 'dataset_consumes_1_never_scheduled', 'dataset_consumes_1_and_2', 'dataset_produces_2', 'dataset_produces_1', 'consume_1_and_2_with_dataset_expressions' retrieved from /home/awahab02/mlops_assignment_2/myenv/lib/python3.10/site-packages/airflow/example_dags/example_datasets.py
[2024-05-12T20:41:22.244+0500] {logging_mixin.py:188} INFO - [2024-05-12T20:41:22.243+0500] {dag.py:3096} INFO - Sync 10 DAGs
[2024-05-12T20:41:22.262+0500] {logging_mixin.py:188} INFO - [2024-05-12T20:41:22.262+0500] {dag.py:3954} INFO - Setting next_dagrun for conditional_dataset_and_time_based_timetable to 2024-05-08 01:00:00+00:00, run_after=2024-05-08 01:00:00+00:00
[2024-05-12T20:41:22.264+0500] {logging_mixin.py:188} INFO - [2024-05-12T20:41:22.264+0500] {dag.py:3954} INFO - Setting next_dagrun for consume_1_and_2_with_dataset_expressions to None, run_after=None
[2024-05-12T20:41:22.265+0500] {logging_mixin.py:188} INFO - [2024-05-12T20:41:22.265+0500] {dag.py:3954} INFO - Setting next_dagrun for consume_1_or_2_with_dataset_expressions to None, run_after=None
[2024-05-12T20:41:22.266+0500] {logging_mixin.py:188} INFO - [2024-05-12T20:41:22.266+0500] {dag.py:3954} INFO - Setting next_dagrun for consume_1_or_both_2_and_3_with_dataset_expressions to None, run_after=None
[2024-05-12T20:41:22.267+0500] {logging_mixin.py:188} INFO - [2024-05-12T20:41:22.267+0500] {dag.py:3954} INFO - Setting next_dagrun for dataset_consumes_1 to None, run_after=None
[2024-05-12T20:41:22.268+0500] {logging_mixin.py:188} INFO - [2024-05-12T20:41:22.268+0500] {dag.py:3954} INFO - Setting next_dagrun for dataset_consumes_1_and_2 to None, run_after=None
[2024-05-12T20:41:22.268+0500] {logging_mixin.py:188} INFO - [2024-05-12T20:41:22.268+0500] {dag.py:3954} INFO - Setting next_dagrun for dataset_consumes_1_never_scheduled to None, run_after=None
[2024-05-12T20:41:22.269+0500] {logging_mixin.py:188} INFO - [2024-05-12T20:41:22.269+0500] {dag.py:3954} INFO - Setting next_dagrun for dataset_consumes_unknown_never_scheduled to None, run_after=None
[2024-05-12T20:41:22.271+0500] {logging_mixin.py:188} INFO - [2024-05-12T20:41:22.270+0500] {dag.py:3954} INFO - Setting next_dagrun for dataset_produces_1 to 2024-05-11 00:00:00+00:00, run_after=2024-05-12 00:00:00+00:00
[2024-05-12T20:41:22.271+0500] {logging_mixin.py:188} INFO - [2024-05-12T20:41:22.271+0500] {dag.py:3954} INFO - Setting next_dagrun for dataset_produces_2 to None, run_after=None
[2024-05-12T20:41:22.302+0500] {processor.py:183} INFO - Processing /home/awahab02/mlops_assignment_2/myenv/lib/python3.10/site-packages/airflow/example_dags/example_datasets.py took 0.111 seconds
[2024-05-12T20:42:27.346+0500] {processor.py:161} INFO - Started process (PID=17652) to work on /home/awahab02/mlops_assignment_2/myenv/lib/python3.10/site-packages/airflow/example_dags/example_datasets.py
[2024-05-12T20:42:27.348+0500] {processor.py:830} INFO - Processing file /home/awahab02/mlops_assignment_2/myenv/lib/python3.10/site-packages/airflow/example_dags/example_datasets.py for tasks to queue
[2024-05-12T20:42:27.349+0500] {logging_mixin.py:188} INFO - [2024-05-12T20:42:27.349+0500] {dagbag.py:545} INFO - Filling up the DagBag from /home/awahab02/mlops_assignment_2/myenv/lib/python3.10/site-packages/airflow/example_dags/example_datasets.py
[2024-05-12T20:42:27.361+0500] {processor.py:840} INFO - DAG(s) 'dataset_consumes_unknown_never_scheduled', 'consume_1_and_2_with_dataset_expressions', 'consume_1_or_both_2_and_3_with_dataset_expressions', 'conditional_dataset_and_time_based_timetable', 'dataset_consumes_1_never_scheduled', 'dataset_consumes_1_and_2', 'dataset_produces_2', 'dataset_consumes_1', 'dataset_produces_1', 'consume_1_or_2_with_dataset_expressions' retrieved from /home/awahab02/mlops_assignment_2/myenv/lib/python3.10/site-packages/airflow/example_dags/example_datasets.py
[2024-05-12T20:42:27.389+0500] {logging_mixin.py:188} INFO - [2024-05-12T20:42:27.389+0500] {dag.py:3096} INFO - Sync 10 DAGs
[2024-05-12T20:42:27.406+0500] {logging_mixin.py:188} INFO - [2024-05-12T20:42:27.406+0500] {dag.py:3954} INFO - Setting next_dagrun for conditional_dataset_and_time_based_timetable to 2024-05-08 01:00:00+00:00, run_after=2024-05-08 01:00:00+00:00
[2024-05-12T20:42:27.409+0500] {logging_mixin.py:188} INFO - [2024-05-12T20:42:27.409+0500] {dag.py:3954} INFO - Setting next_dagrun for consume_1_and_2_with_dataset_expressions to None, run_after=None
[2024-05-12T20:42:27.409+0500] {logging_mixin.py:188} INFO - [2024-05-12T20:42:27.409+0500] {dag.py:3954} INFO - Setting next_dagrun for consume_1_or_2_with_dataset_expressions to None, run_after=None
[2024-05-12T20:42:27.410+0500] {logging_mixin.py:188} INFO - [2024-05-12T20:42:27.410+0500] {dag.py:3954} INFO - Setting next_dagrun for consume_1_or_both_2_and_3_with_dataset_expressions to None, run_after=None
[2024-05-12T20:42:27.411+0500] {logging_mixin.py:188} INFO - [2024-05-12T20:42:27.411+0500] {dag.py:3954} INFO - Setting next_dagrun for dataset_consumes_1 to None, run_after=None
[2024-05-12T20:42:27.411+0500] {logging_mixin.py:188} INFO - [2024-05-12T20:42:27.411+0500] {dag.py:3954} INFO - Setting next_dagrun for dataset_consumes_1_and_2 to None, run_after=None
[2024-05-12T20:42:27.412+0500] {logging_mixin.py:188} INFO - [2024-05-12T20:42:27.412+0500] {dag.py:3954} INFO - Setting next_dagrun for dataset_consumes_1_never_scheduled to None, run_after=None
[2024-05-12T20:42:27.413+0500] {logging_mixin.py:188} INFO - [2024-05-12T20:42:27.413+0500] {dag.py:3954} INFO - Setting next_dagrun for dataset_consumes_unknown_never_scheduled to None, run_after=None
[2024-05-12T20:42:27.414+0500] {logging_mixin.py:188} INFO - [2024-05-12T20:42:27.414+0500] {dag.py:3954} INFO - Setting next_dagrun for dataset_produces_1 to 2024-05-11 00:00:00+00:00, run_after=2024-05-12 00:00:00+00:00
[2024-05-12T20:42:27.415+0500] {logging_mixin.py:188} INFO - [2024-05-12T20:42:27.415+0500] {dag.py:3954} INFO - Setting next_dagrun for dataset_produces_2 to None, run_after=None
[2024-05-12T20:42:27.447+0500] {processor.py:183} INFO - Processing /home/awahab02/mlops_assignment_2/myenv/lib/python3.10/site-packages/airflow/example_dags/example_datasets.py took 0.109 seconds
[2024-05-12T20:43:34.816+0500] {processor.py:161} INFO - Started process (PID=18118) to work on /home/awahab02/mlops_assignment_2/myenv/lib/python3.10/site-packages/airflow/example_dags/example_datasets.py
[2024-05-12T20:43:34.855+0500] {processor.py:830} INFO - Processing file /home/awahab02/mlops_assignment_2/myenv/lib/python3.10/site-packages/airflow/example_dags/example_datasets.py for tasks to queue
[2024-05-12T20:43:34.856+0500] {logging_mixin.py:188} INFO - [2024-05-12T20:43:34.855+0500] {dagbag.py:545} INFO - Filling up the DagBag from /home/awahab02/mlops_assignment_2/myenv/lib/python3.10/site-packages/airflow/example_dags/example_datasets.py
[2024-05-12T20:43:34.866+0500] {processor.py:840} INFO - DAG(s) 'dataset_consumes_1_never_scheduled', 'conditional_dataset_and_time_based_timetable', 'dataset_consumes_unknown_never_scheduled', 'consume_1_or_both_2_and_3_with_dataset_expressions', 'dataset_consumes_1_and_2', 'consume_1_and_2_with_dataset_expressions', 'consume_1_or_2_with_dataset_expressions', 'dataset_consumes_1', 'dataset_produces_2', 'dataset_produces_1' retrieved from /home/awahab02/mlops_assignment_2/myenv/lib/python3.10/site-packages/airflow/example_dags/example_datasets.py
[2024-05-12T20:43:34.896+0500] {logging_mixin.py:188} INFO - [2024-05-12T20:43:34.896+0500] {dag.py:3096} INFO - Sync 10 DAGs
[2024-05-12T20:43:34.913+0500] {logging_mixin.py:188} INFO - [2024-05-12T20:43:34.913+0500] {dag.py:3954} INFO - Setting next_dagrun for conditional_dataset_and_time_based_timetable to 2024-05-08 01:00:00+00:00, run_after=2024-05-08 01:00:00+00:00
[2024-05-12T20:43:34.916+0500] {logging_mixin.py:188} INFO - [2024-05-12T20:43:34.915+0500] {dag.py:3954} INFO - Setting next_dagrun for consume_1_and_2_with_dataset_expressions to None, run_after=None
[2024-05-12T20:43:34.916+0500] {logging_mixin.py:188} INFO - [2024-05-12T20:43:34.916+0500] {dag.py:3954} INFO - Setting next_dagrun for consume_1_or_2_with_dataset_expressions to None, run_after=None
[2024-05-12T20:43:34.917+0500] {logging_mixin.py:188} INFO - [2024-05-12T20:43:34.917+0500] {dag.py:3954} INFO - Setting next_dagrun for consume_1_or_both_2_and_3_with_dataset_expressions to None, run_after=None
[2024-05-12T20:43:34.918+0500] {logging_mixin.py:188} INFO - [2024-05-12T20:43:34.917+0500] {dag.py:3954} INFO - Setting next_dagrun for dataset_consumes_1 to None, run_after=None
[2024-05-12T20:43:34.918+0500] {logging_mixin.py:188} INFO - [2024-05-12T20:43:34.918+0500] {dag.py:3954} INFO - Setting next_dagrun for dataset_consumes_1_and_2 to None, run_after=None
[2024-05-12T20:43:34.919+0500] {logging_mixin.py:188} INFO - [2024-05-12T20:43:34.919+0500] {dag.py:3954} INFO - Setting next_dagrun for dataset_consumes_1_never_scheduled to None, run_after=None
[2024-05-12T20:43:34.920+0500] {logging_mixin.py:188} INFO - [2024-05-12T20:43:34.919+0500] {dag.py:3954} INFO - Setting next_dagrun for dataset_consumes_unknown_never_scheduled to None, run_after=None
[2024-05-12T20:43:34.921+0500] {logging_mixin.py:188} INFO - [2024-05-12T20:43:34.921+0500] {dag.py:3954} INFO - Setting next_dagrun for dataset_produces_1 to 2024-05-11 00:00:00+00:00, run_after=2024-05-12 00:00:00+00:00
[2024-05-12T20:43:34.922+0500] {logging_mixin.py:188} INFO - [2024-05-12T20:43:34.922+0500] {dag.py:3954} INFO - Setting next_dagrun for dataset_produces_2 to None, run_after=None
[2024-05-12T20:43:34.956+0500] {processor.py:183} INFO - Processing /home/awahab02/mlops_assignment_2/myenv/lib/python3.10/site-packages/airflow/example_dags/example_datasets.py took 0.146 seconds
