[2024-05-12T20:20:27.524+0500] {processor.py:161} INFO - Started process (PID=9161) to work on /home/awahab02/mlops_assignment_2/myenv/lib/python3.10/site-packages/airflow/example_dags/example_trigger_target_dag.py
[2024-05-12T20:20:27.524+0500] {processor.py:830} INFO - Processing file /home/awahab02/mlops_assignment_2/myenv/lib/python3.10/site-packages/airflow/example_dags/example_trigger_target_dag.py for tasks to queue
[2024-05-12T20:20:27.526+0500] {logging_mixin.py:188} INFO - [2024-05-12T20:20:27.526+0500] {dagbag.py:545} INFO - Filling up the DagBag from /home/awahab02/mlops_assignment_2/myenv/lib/python3.10/site-packages/airflow/example_dags/example_trigger_target_dag.py
[2024-05-12T20:20:27.534+0500] {processor.py:840} INFO - DAG(s) 'example_trigger_target_dag' retrieved from /home/awahab02/mlops_assignment_2/myenv/lib/python3.10/site-packages/airflow/example_dags/example_trigger_target_dag.py
[2024-05-12T20:20:27.638+0500] {logging_mixin.py:188} INFO - [2024-05-12T20:20:27.638+0500] {override.py:1829} INFO - Created Permission View: can read on DAG:example_trigger_target_dag
[2024-05-12T20:20:27.658+0500] {logging_mixin.py:188} INFO - [2024-05-12T20:20:27.658+0500] {override.py:1829} INFO - Created Permission View: can edit on DAG:example_trigger_target_dag
[2024-05-12T20:20:27.672+0500] {logging_mixin.py:188} INFO - [2024-05-12T20:20:27.672+0500] {override.py:1829} INFO - Created Permission View: can delete on DAG:example_trigger_target_dag
[2024-05-12T20:20:27.673+0500] {logging_mixin.py:188} INFO - [2024-05-12T20:20:27.673+0500] {dag.py:3096} INFO - Sync 1 DAGs
[2024-05-12T20:20:27.680+0500] {logging_mixin.py:188} INFO - [2024-05-12T20:20:27.680+0500] {dag.py:3118} INFO - Creating ORM DAG for example_trigger_target_dag
[2024-05-12T20:20:27.681+0500] {logging_mixin.py:188} INFO - [2024-05-12T20:20:27.681+0500] {dag.py:3954} INFO - Setting next_dagrun for example_trigger_target_dag to None, run_after=None
[2024-05-12T20:20:27.713+0500] {processor.py:183} INFO - Processing /home/awahab02/mlops_assignment_2/myenv/lib/python3.10/site-packages/airflow/example_dags/example_trigger_target_dag.py took 0.196 seconds
[2024-05-12T20:21:25.924+0500] {processor.py:161} INFO - Started process (PID=9553) to work on /home/awahab02/mlops_assignment_2/myenv/lib/python3.10/site-packages/airflow/example_dags/example_trigger_target_dag.py
[2024-05-12T20:21:25.928+0500] {processor.py:830} INFO - Processing file /home/awahab02/mlops_assignment_2/myenv/lib/python3.10/site-packages/airflow/example_dags/example_trigger_target_dag.py for tasks to queue
[2024-05-12T20:21:25.933+0500] {logging_mixin.py:188} INFO - [2024-05-12T20:21:25.932+0500] {dagbag.py:545} INFO - Filling up the DagBag from /home/awahab02/mlops_assignment_2/myenv/lib/python3.10/site-packages/airflow/example_dags/example_trigger_target_dag.py
[2024-05-12T20:21:25.942+0500] {processor.py:840} INFO - DAG(s) 'example_trigger_target_dag' retrieved from /home/awahab02/mlops_assignment_2/myenv/lib/python3.10/site-packages/airflow/example_dags/example_trigger_target_dag.py
[2024-05-12T20:21:25.977+0500] {logging_mixin.py:188} INFO - [2024-05-12T20:21:25.977+0500] {dag.py:3096} INFO - Sync 1 DAGs
[2024-05-12T20:21:25.997+0500] {logging_mixin.py:188} INFO - [2024-05-12T20:21:25.997+0500] {dag.py:3954} INFO - Setting next_dagrun for example_trigger_target_dag to None, run_after=None
[2024-05-12T20:21:26.042+0500] {processor.py:183} INFO - Processing /home/awahab02/mlops_assignment_2/myenv/lib/python3.10/site-packages/airflow/example_dags/example_trigger_target_dag.py took 0.127 seconds
[2024-05-12T20:22:13.646+0500] {processor.py:161} INFO - Started process (PID=9741) to work on /home/awahab02/mlops_assignment_2/myenv/lib/python3.10/site-packages/airflow/example_dags/example_trigger_target_dag.py
[2024-05-12T20:22:13.647+0500] {processor.py:830} INFO - Processing file /home/awahab02/mlops_assignment_2/myenv/lib/python3.10/site-packages/airflow/example_dags/example_trigger_target_dag.py for tasks to queue
[2024-05-12T20:22:13.648+0500] {logging_mixin.py:188} INFO - [2024-05-12T20:22:13.648+0500] {dagbag.py:545} INFO - Filling up the DagBag from /home/awahab02/mlops_assignment_2/myenv/lib/python3.10/site-packages/airflow/example_dags/example_trigger_target_dag.py
[2024-05-12T20:22:13.653+0500] {processor.py:840} INFO - DAG(s) 'example_trigger_target_dag' retrieved from /home/awahab02/mlops_assignment_2/myenv/lib/python3.10/site-packages/airflow/example_dags/example_trigger_target_dag.py
[2024-05-12T20:22:13.664+0500] {logging_mixin.py:188} INFO - [2024-05-12T20:22:13.664+0500] {dag.py:3096} INFO - Sync 1 DAGs
[2024-05-12T20:22:13.673+0500] {logging_mixin.py:188} INFO - [2024-05-12T20:22:13.673+0500] {dag.py:3954} INFO - Setting next_dagrun for example_trigger_target_dag to None, run_after=None
[2024-05-12T20:22:13.699+0500] {processor.py:183} INFO - Processing /home/awahab02/mlops_assignment_2/myenv/lib/python3.10/site-packages/airflow/example_dags/example_trigger_target_dag.py took 0.058 seconds
[2024-05-12T20:22:53.515+0500] {processor.py:161} INFO - Started process (PID=9943) to work on /home/awahab02/mlops_assignment_2/myenv/lib/python3.10/site-packages/airflow/example_dags/example_trigger_target_dag.py
[2024-05-12T20:22:53.517+0500] {processor.py:830} INFO - Processing file /home/awahab02/mlops_assignment_2/myenv/lib/python3.10/site-packages/airflow/example_dags/example_trigger_target_dag.py for tasks to queue
[2024-05-12T20:22:53.518+0500] {logging_mixin.py:188} INFO - [2024-05-12T20:22:53.518+0500] {dagbag.py:545} INFO - Filling up the DagBag from /home/awahab02/mlops_assignment_2/myenv/lib/python3.10/site-packages/airflow/example_dags/example_trigger_target_dag.py
[2024-05-12T20:22:53.524+0500] {processor.py:840} INFO - DAG(s) 'example_trigger_target_dag' retrieved from /home/awahab02/mlops_assignment_2/myenv/lib/python3.10/site-packages/airflow/example_dags/example_trigger_target_dag.py
[2024-05-12T20:22:53.536+0500] {logging_mixin.py:188} INFO - [2024-05-12T20:22:53.535+0500] {dag.py:3096} INFO - Sync 1 DAGs
[2024-05-12T20:22:53.545+0500] {logging_mixin.py:188} INFO - [2024-05-12T20:22:53.545+0500] {dag.py:3954} INFO - Setting next_dagrun for example_trigger_target_dag to None, run_after=None
[2024-05-12T20:22:53.572+0500] {processor.py:183} INFO - Processing /home/awahab02/mlops_assignment_2/myenv/lib/python3.10/site-packages/airflow/example_dags/example_trigger_target_dag.py took 0.066 seconds
[2024-05-12T20:23:42.995+0500] {processor.py:161} INFO - Started process (PID=10416) to work on /home/awahab02/mlops_assignment_2/myenv/lib/python3.10/site-packages/airflow/example_dags/example_trigger_target_dag.py
[2024-05-12T20:23:42.997+0500] {processor.py:830} INFO - Processing file /home/awahab02/mlops_assignment_2/myenv/lib/python3.10/site-packages/airflow/example_dags/example_trigger_target_dag.py for tasks to queue
[2024-05-12T20:23:42.998+0500] {logging_mixin.py:188} INFO - [2024-05-12T20:23:42.998+0500] {dagbag.py:545} INFO - Filling up the DagBag from /home/awahab02/mlops_assignment_2/myenv/lib/python3.10/site-packages/airflow/example_dags/example_trigger_target_dag.py
[2024-05-12T20:23:43.004+0500] {processor.py:840} INFO - DAG(s) 'example_trigger_target_dag' retrieved from /home/awahab02/mlops_assignment_2/myenv/lib/python3.10/site-packages/airflow/example_dags/example_trigger_target_dag.py
[2024-05-12T20:23:43.020+0500] {logging_mixin.py:188} INFO - [2024-05-12T20:23:43.019+0500] {dag.py:3096} INFO - Sync 1 DAGs
[2024-05-12T20:23:43.030+0500] {logging_mixin.py:188} INFO - [2024-05-12T20:23:43.030+0500] {dag.py:3954} INFO - Setting next_dagrun for example_trigger_target_dag to None, run_after=None
[2024-05-12T20:23:43.064+0500] {processor.py:183} INFO - Processing /home/awahab02/mlops_assignment_2/myenv/lib/python3.10/site-packages/airflow/example_dags/example_trigger_target_dag.py took 0.076 seconds
[2024-05-12T20:24:25.390+0500] {processor.py:161} INFO - Started process (PID=10593) to work on /home/awahab02/mlops_assignment_2/myenv/lib/python3.10/site-packages/airflow/example_dags/example_trigger_target_dag.py
[2024-05-12T20:24:25.424+0500] {processor.py:830} INFO - Processing file /home/awahab02/mlops_assignment_2/myenv/lib/python3.10/site-packages/airflow/example_dags/example_trigger_target_dag.py for tasks to queue
[2024-05-12T20:24:25.426+0500] {logging_mixin.py:188} INFO - [2024-05-12T20:24:25.426+0500] {dagbag.py:545} INFO - Filling up the DagBag from /home/awahab02/mlops_assignment_2/myenv/lib/python3.10/site-packages/airflow/example_dags/example_trigger_target_dag.py
[2024-05-12T20:24:25.431+0500] {processor.py:840} INFO - DAG(s) 'example_trigger_target_dag' retrieved from /home/awahab02/mlops_assignment_2/myenv/lib/python3.10/site-packages/airflow/example_dags/example_trigger_target_dag.py
[2024-05-12T20:24:25.444+0500] {logging_mixin.py:188} INFO - [2024-05-12T20:24:25.444+0500] {dag.py:3096} INFO - Sync 1 DAGs
[2024-05-12T20:24:25.453+0500] {logging_mixin.py:188} INFO - [2024-05-12T20:24:25.452+0500] {dag.py:3954} INFO - Setting next_dagrun for example_trigger_target_dag to None, run_after=None
[2024-05-12T20:24:25.477+0500] {processor.py:183} INFO - Processing /home/awahab02/mlops_assignment_2/myenv/lib/python3.10/site-packages/airflow/example_dags/example_trigger_target_dag.py took 0.092 seconds
[2024-05-12T20:25:03.591+0500] {processor.py:161} INFO - Started process (PID=10782) to work on /home/awahab02/mlops_assignment_2/myenv/lib/python3.10/site-packages/airflow/example_dags/example_trigger_target_dag.py
[2024-05-12T20:25:03.592+0500] {processor.py:830} INFO - Processing file /home/awahab02/mlops_assignment_2/myenv/lib/python3.10/site-packages/airflow/example_dags/example_trigger_target_dag.py for tasks to queue
[2024-05-12T20:25:03.594+0500] {logging_mixin.py:188} INFO - [2024-05-12T20:25:03.593+0500] {dagbag.py:545} INFO - Filling up the DagBag from /home/awahab02/mlops_assignment_2/myenv/lib/python3.10/site-packages/airflow/example_dags/example_trigger_target_dag.py
[2024-05-12T20:25:03.600+0500] {processor.py:840} INFO - DAG(s) 'example_trigger_target_dag' retrieved from /home/awahab02/mlops_assignment_2/myenv/lib/python3.10/site-packages/airflow/example_dags/example_trigger_target_dag.py
[2024-05-12T20:25:03.615+0500] {logging_mixin.py:188} INFO - [2024-05-12T20:25:03.615+0500] {dag.py:3096} INFO - Sync 1 DAGs
[2024-05-12T20:25:03.628+0500] {logging_mixin.py:188} INFO - [2024-05-12T20:25:03.628+0500] {dag.py:3954} INFO - Setting next_dagrun for example_trigger_target_dag to None, run_after=None
[2024-05-12T20:25:03.655+0500] {processor.py:183} INFO - Processing /home/awahab02/mlops_assignment_2/myenv/lib/python3.10/site-packages/airflow/example_dags/example_trigger_target_dag.py took 0.071 seconds
[2024-05-12T20:25:44.741+0500] {processor.py:161} INFO - Started process (PID=11019) to work on /home/awahab02/mlops_assignment_2/myenv/lib/python3.10/site-packages/airflow/example_dags/example_trigger_target_dag.py
[2024-05-12T20:25:44.775+0500] {processor.py:830} INFO - Processing file /home/awahab02/mlops_assignment_2/myenv/lib/python3.10/site-packages/airflow/example_dags/example_trigger_target_dag.py for tasks to queue
[2024-05-12T20:25:44.777+0500] {logging_mixin.py:188} INFO - [2024-05-12T20:25:44.776+0500] {dagbag.py:545} INFO - Filling up the DagBag from /home/awahab02/mlops_assignment_2/myenv/lib/python3.10/site-packages/airflow/example_dags/example_trigger_target_dag.py
[2024-05-12T20:25:44.782+0500] {processor.py:840} INFO - DAG(s) 'example_trigger_target_dag' retrieved from /home/awahab02/mlops_assignment_2/myenv/lib/python3.10/site-packages/airflow/example_dags/example_trigger_target_dag.py
[2024-05-12T20:25:44.794+0500] {logging_mixin.py:188} INFO - [2024-05-12T20:25:44.793+0500] {dag.py:3096} INFO - Sync 1 DAGs
[2024-05-12T20:25:44.803+0500] {logging_mixin.py:188} INFO - [2024-05-12T20:25:44.802+0500] {dag.py:3954} INFO - Setting next_dagrun for example_trigger_target_dag to None, run_after=None
[2024-05-12T20:25:44.828+0500] {processor.py:183} INFO - Processing /home/awahab02/mlops_assignment_2/myenv/lib/python3.10/site-packages/airflow/example_dags/example_trigger_target_dag.py took 0.093 seconds
[2024-05-12T20:26:28.184+0500] {processor.py:161} INFO - Started process (PID=11201) to work on /home/awahab02/mlops_assignment_2/myenv/lib/python3.10/site-packages/airflow/example_dags/example_trigger_target_dag.py
[2024-05-12T20:26:28.215+0500] {processor.py:830} INFO - Processing file /home/awahab02/mlops_assignment_2/myenv/lib/python3.10/site-packages/airflow/example_dags/example_trigger_target_dag.py for tasks to queue
[2024-05-12T20:26:28.216+0500] {logging_mixin.py:188} INFO - [2024-05-12T20:26:28.216+0500] {dagbag.py:545} INFO - Filling up the DagBag from /home/awahab02/mlops_assignment_2/myenv/lib/python3.10/site-packages/airflow/example_dags/example_trigger_target_dag.py
[2024-05-12T20:26:28.221+0500] {processor.py:840} INFO - DAG(s) 'example_trigger_target_dag' retrieved from /home/awahab02/mlops_assignment_2/myenv/lib/python3.10/site-packages/airflow/example_dags/example_trigger_target_dag.py
[2024-05-12T20:26:28.235+0500] {logging_mixin.py:188} INFO - [2024-05-12T20:26:28.235+0500] {dag.py:3096} INFO - Sync 1 DAGs
[2024-05-12T20:26:28.246+0500] {logging_mixin.py:188} INFO - [2024-05-12T20:26:28.245+0500] {dag.py:3954} INFO - Setting next_dagrun for example_trigger_target_dag to None, run_after=None
[2024-05-12T20:26:28.272+0500] {processor.py:183} INFO - Processing /home/awahab02/mlops_assignment_2/myenv/lib/python3.10/site-packages/airflow/example_dags/example_trigger_target_dag.py took 0.093 seconds
[2024-05-12T20:27:11.203+0500] {processor.py:161} INFO - Started process (PID=11581) to work on /home/awahab02/mlops_assignment_2/myenv/lib/python3.10/site-packages/airflow/example_dags/example_trigger_target_dag.py
[2024-05-12T20:27:11.205+0500] {processor.py:830} INFO - Processing file /home/awahab02/mlops_assignment_2/myenv/lib/python3.10/site-packages/airflow/example_dags/example_trigger_target_dag.py for tasks to queue
[2024-05-12T20:27:11.207+0500] {logging_mixin.py:188} INFO - [2024-05-12T20:27:11.207+0500] {dagbag.py:545} INFO - Filling up the DagBag from /home/awahab02/mlops_assignment_2/myenv/lib/python3.10/site-packages/airflow/example_dags/example_trigger_target_dag.py
[2024-05-12T20:27:11.214+0500] {processor.py:840} INFO - DAG(s) 'example_trigger_target_dag' retrieved from /home/awahab02/mlops_assignment_2/myenv/lib/python3.10/site-packages/airflow/example_dags/example_trigger_target_dag.py
[2024-05-12T20:27:11.226+0500] {logging_mixin.py:188} INFO - [2024-05-12T20:27:11.226+0500] {dag.py:3096} INFO - Sync 1 DAGs
[2024-05-12T20:27:11.236+0500] {logging_mixin.py:188} INFO - [2024-05-12T20:27:11.235+0500] {dag.py:3954} INFO - Setting next_dagrun for example_trigger_target_dag to None, run_after=None
[2024-05-12T20:27:11.266+0500] {processor.py:183} INFO - Processing /home/awahab02/mlops_assignment_2/myenv/lib/python3.10/site-packages/airflow/example_dags/example_trigger_target_dag.py took 0.070 seconds
[2024-05-12T20:27:37.857+0500] {processor.py:161} INFO - Started process (PID=11834) to work on /home/awahab02/mlops_assignment_2/myenv/lib/python3.10/site-packages/airflow/example_dags/example_trigger_target_dag.py
[2024-05-12T20:27:37.858+0500] {processor.py:830} INFO - Processing file /home/awahab02/mlops_assignment_2/myenv/lib/python3.10/site-packages/airflow/example_dags/example_trigger_target_dag.py for tasks to queue
[2024-05-12T20:27:37.860+0500] {logging_mixin.py:188} INFO - [2024-05-12T20:27:37.859+0500] {dagbag.py:545} INFO - Filling up the DagBag from /home/awahab02/mlops_assignment_2/myenv/lib/python3.10/site-packages/airflow/example_dags/example_trigger_target_dag.py
[2024-05-12T20:27:37.868+0500] {processor.py:840} INFO - DAG(s) 'example_trigger_target_dag' retrieved from /home/awahab02/mlops_assignment_2/myenv/lib/python3.10/site-packages/airflow/example_dags/example_trigger_target_dag.py
[2024-05-12T20:27:37.909+0500] {logging_mixin.py:188} INFO - [2024-05-12T20:27:37.909+0500] {dag.py:3096} INFO - Sync 1 DAGs
[2024-05-12T20:27:37.923+0500] {logging_mixin.py:188} INFO - [2024-05-12T20:27:37.922+0500] {dag.py:3954} INFO - Setting next_dagrun for example_trigger_target_dag to None, run_after=None
[2024-05-12T20:27:38.002+0500] {processor.py:183} INFO - Processing /home/awahab02/mlops_assignment_2/myenv/lib/python3.10/site-packages/airflow/example_dags/example_trigger_target_dag.py took 0.151 seconds
[2024-05-12T20:28:28.177+0500] {processor.py:161} INFO - Started process (PID=12151) to work on /home/awahab02/mlops_assignment_2/myenv/lib/python3.10/site-packages/airflow/example_dags/example_trigger_target_dag.py
[2024-05-12T20:28:28.203+0500] {processor.py:830} INFO - Processing file /home/awahab02/mlops_assignment_2/myenv/lib/python3.10/site-packages/airflow/example_dags/example_trigger_target_dag.py for tasks to queue
[2024-05-12T20:28:28.205+0500] {logging_mixin.py:188} INFO - [2024-05-12T20:28:28.204+0500] {dagbag.py:545} INFO - Filling up the DagBag from /home/awahab02/mlops_assignment_2/myenv/lib/python3.10/site-packages/airflow/example_dags/example_trigger_target_dag.py
[2024-05-12T20:28:28.209+0500] {processor.py:840} INFO - DAG(s) 'example_trigger_target_dag' retrieved from /home/awahab02/mlops_assignment_2/myenv/lib/python3.10/site-packages/airflow/example_dags/example_trigger_target_dag.py
[2024-05-12T20:28:28.221+0500] {logging_mixin.py:188} INFO - [2024-05-12T20:28:28.221+0500] {dag.py:3096} INFO - Sync 1 DAGs
[2024-05-12T20:28:28.230+0500] {logging_mixin.py:188} INFO - [2024-05-12T20:28:28.230+0500] {dag.py:3954} INFO - Setting next_dagrun for example_trigger_target_dag to None, run_after=None
[2024-05-12T20:28:28.255+0500] {processor.py:183} INFO - Processing /home/awahab02/mlops_assignment_2/myenv/lib/python3.10/site-packages/airflow/example_dags/example_trigger_target_dag.py took 0.084 seconds
[2024-05-12T20:29:14.549+0500] {processor.py:161} INFO - Started process (PID=12376) to work on /home/awahab02/mlops_assignment_2/myenv/lib/python3.10/site-packages/airflow/example_dags/example_trigger_target_dag.py
[2024-05-12T20:29:14.581+0500] {processor.py:830} INFO - Processing file /home/awahab02/mlops_assignment_2/myenv/lib/python3.10/site-packages/airflow/example_dags/example_trigger_target_dag.py for tasks to queue
[2024-05-12T20:29:14.583+0500] {logging_mixin.py:188} INFO - [2024-05-12T20:29:14.582+0500] {dagbag.py:545} INFO - Filling up the DagBag from /home/awahab02/mlops_assignment_2/myenv/lib/python3.10/site-packages/airflow/example_dags/example_trigger_target_dag.py
[2024-05-12T20:29:14.587+0500] {processor.py:840} INFO - DAG(s) 'example_trigger_target_dag' retrieved from /home/awahab02/mlops_assignment_2/myenv/lib/python3.10/site-packages/airflow/example_dags/example_trigger_target_dag.py
[2024-05-12T20:29:14.599+0500] {logging_mixin.py:188} INFO - [2024-05-12T20:29:14.598+0500] {dag.py:3096} INFO - Sync 1 DAGs
[2024-05-12T20:29:14.608+0500] {logging_mixin.py:188} INFO - [2024-05-12T20:29:14.607+0500] {dag.py:3954} INFO - Setting next_dagrun for example_trigger_target_dag to None, run_after=None
[2024-05-12T20:29:14.633+0500] {processor.py:183} INFO - Processing /home/awahab02/mlops_assignment_2/myenv/lib/python3.10/site-packages/airflow/example_dags/example_trigger_target_dag.py took 0.089 seconds
[2024-05-12T20:30:00.687+0500] {processor.py:161} INFO - Started process (PID=12696) to work on /home/awahab02/mlops_assignment_2/myenv/lib/python3.10/site-packages/airflow/example_dags/example_trigger_target_dag.py
[2024-05-12T20:30:00.689+0500] {processor.py:830} INFO - Processing file /home/awahab02/mlops_assignment_2/myenv/lib/python3.10/site-packages/airflow/example_dags/example_trigger_target_dag.py for tasks to queue
[2024-05-12T20:30:00.690+0500] {logging_mixin.py:188} INFO - [2024-05-12T20:30:00.690+0500] {dagbag.py:545} INFO - Filling up the DagBag from /home/awahab02/mlops_assignment_2/myenv/lib/python3.10/site-packages/airflow/example_dags/example_trigger_target_dag.py
[2024-05-12T20:30:00.695+0500] {processor.py:840} INFO - DAG(s) 'example_trigger_target_dag' retrieved from /home/awahab02/mlops_assignment_2/myenv/lib/python3.10/site-packages/airflow/example_dags/example_trigger_target_dag.py
[2024-05-12T20:30:00.708+0500] {logging_mixin.py:188} INFO - [2024-05-12T20:30:00.707+0500] {dag.py:3096} INFO - Sync 1 DAGs
[2024-05-12T20:30:00.717+0500] {logging_mixin.py:188} INFO - [2024-05-12T20:30:00.717+0500] {dag.py:3954} INFO - Setting next_dagrun for example_trigger_target_dag to None, run_after=None
[2024-05-12T20:30:00.743+0500] {processor.py:183} INFO - Processing /home/awahab02/mlops_assignment_2/myenv/lib/python3.10/site-packages/airflow/example_dags/example_trigger_target_dag.py took 0.060 seconds
[2024-05-12T20:30:45.877+0500] {processor.py:161} INFO - Started process (PID=13082) to work on /home/awahab02/mlops_assignment_2/myenv/lib/python3.10/site-packages/airflow/example_dags/example_trigger_target_dag.py
[2024-05-12T20:30:45.904+0500] {processor.py:830} INFO - Processing file /home/awahab02/mlops_assignment_2/myenv/lib/python3.10/site-packages/airflow/example_dags/example_trigger_target_dag.py for tasks to queue
[2024-05-12T20:30:45.905+0500] {logging_mixin.py:188} INFO - [2024-05-12T20:30:45.905+0500] {dagbag.py:545} INFO - Filling up the DagBag from /home/awahab02/mlops_assignment_2/myenv/lib/python3.10/site-packages/airflow/example_dags/example_trigger_target_dag.py
[2024-05-12T20:30:45.910+0500] {processor.py:840} INFO - DAG(s) 'example_trigger_target_dag' retrieved from /home/awahab02/mlops_assignment_2/myenv/lib/python3.10/site-packages/airflow/example_dags/example_trigger_target_dag.py
[2024-05-12T20:30:45.922+0500] {logging_mixin.py:188} INFO - [2024-05-12T20:30:45.922+0500] {dag.py:3096} INFO - Sync 1 DAGs
[2024-05-12T20:30:45.933+0500] {logging_mixin.py:188} INFO - [2024-05-12T20:30:45.933+0500] {dag.py:3954} INFO - Setting next_dagrun for example_trigger_target_dag to None, run_after=None
[2024-05-12T20:30:45.960+0500] {processor.py:183} INFO - Processing /home/awahab02/mlops_assignment_2/myenv/lib/python3.10/site-packages/airflow/example_dags/example_trigger_target_dag.py took 0.088 seconds
[2024-05-12T20:31:27.089+0500] {processor.py:161} INFO - Started process (PID=13283) to work on /home/awahab02/mlops_assignment_2/myenv/lib/python3.10/site-packages/airflow/example_dags/example_trigger_target_dag.py
[2024-05-12T20:31:27.130+0500] {processor.py:830} INFO - Processing file /home/awahab02/mlops_assignment_2/myenv/lib/python3.10/site-packages/airflow/example_dags/example_trigger_target_dag.py for tasks to queue
[2024-05-12T20:31:27.132+0500] {logging_mixin.py:188} INFO - [2024-05-12T20:31:27.131+0500] {dagbag.py:545} INFO - Filling up the DagBag from /home/awahab02/mlops_assignment_2/myenv/lib/python3.10/site-packages/airflow/example_dags/example_trigger_target_dag.py
[2024-05-12T20:31:27.137+0500] {processor.py:840} INFO - DAG(s) 'example_trigger_target_dag' retrieved from /home/awahab02/mlops_assignment_2/myenv/lib/python3.10/site-packages/airflow/example_dags/example_trigger_target_dag.py
[2024-05-12T20:31:27.150+0500] {logging_mixin.py:188} INFO - [2024-05-12T20:31:27.150+0500] {dag.py:3096} INFO - Sync 1 DAGs
[2024-05-12T20:31:27.161+0500] {logging_mixin.py:188} INFO - [2024-05-12T20:31:27.161+0500] {dag.py:3954} INFO - Setting next_dagrun for example_trigger_target_dag to None, run_after=None
[2024-05-12T20:31:27.191+0500] {processor.py:183} INFO - Processing /home/awahab02/mlops_assignment_2/myenv/lib/python3.10/site-packages/airflow/example_dags/example_trigger_target_dag.py took 0.114 seconds
[2024-05-12T20:32:09.663+0500] {processor.py:161} INFO - Started process (PID=13459) to work on /home/awahab02/mlops_assignment_2/myenv/lib/python3.10/site-packages/airflow/example_dags/example_trigger_target_dag.py
[2024-05-12T20:32:09.665+0500] {processor.py:830} INFO - Processing file /home/awahab02/mlops_assignment_2/myenv/lib/python3.10/site-packages/airflow/example_dags/example_trigger_target_dag.py for tasks to queue
[2024-05-12T20:32:09.667+0500] {logging_mixin.py:188} INFO - [2024-05-12T20:32:09.666+0500] {dagbag.py:545} INFO - Filling up the DagBag from /home/awahab02/mlops_assignment_2/myenv/lib/python3.10/site-packages/airflow/example_dags/example_trigger_target_dag.py
[2024-05-12T20:32:09.671+0500] {processor.py:840} INFO - DAG(s) 'example_trigger_target_dag' retrieved from /home/awahab02/mlops_assignment_2/myenv/lib/python3.10/site-packages/airflow/example_dags/example_trigger_target_dag.py
[2024-05-12T20:32:09.684+0500] {logging_mixin.py:188} INFO - [2024-05-12T20:32:09.684+0500] {dag.py:3096} INFO - Sync 1 DAGs
[2024-05-12T20:32:09.694+0500] {logging_mixin.py:188} INFO - [2024-05-12T20:32:09.694+0500] {dag.py:3954} INFO - Setting next_dagrun for example_trigger_target_dag to None, run_after=None
[2024-05-12T20:32:09.719+0500] {processor.py:183} INFO - Processing /home/awahab02/mlops_assignment_2/myenv/lib/python3.10/site-packages/airflow/example_dags/example_trigger_target_dag.py took 0.061 seconds
[2024-05-12T20:34:18.519+0500] {processor.py:161} INFO - Started process (PID=14474) to work on /home/awahab02/mlops_assignment_2/myenv/lib/python3.10/site-packages/airflow/example_dags/example_trigger_target_dag.py
[2024-05-12T20:34:18.547+0500] {processor.py:830} INFO - Processing file /home/awahab02/mlops_assignment_2/myenv/lib/python3.10/site-packages/airflow/example_dags/example_trigger_target_dag.py for tasks to queue
[2024-05-12T20:34:18.548+0500] {logging_mixin.py:188} INFO - [2024-05-12T20:34:18.547+0500] {dagbag.py:545} INFO - Filling up the DagBag from /home/awahab02/mlops_assignment_2/myenv/lib/python3.10/site-packages/airflow/example_dags/example_trigger_target_dag.py
[2024-05-12T20:34:18.552+0500] {processor.py:840} INFO - DAG(s) 'example_trigger_target_dag' retrieved from /home/awahab02/mlops_assignment_2/myenv/lib/python3.10/site-packages/airflow/example_dags/example_trigger_target_dag.py
[2024-05-12T20:34:18.570+0500] {logging_mixin.py:188} INFO - [2024-05-12T20:34:18.569+0500] {dag.py:3096} INFO - Sync 1 DAGs
[2024-05-12T20:34:18.581+0500] {logging_mixin.py:188} INFO - [2024-05-12T20:34:18.581+0500] {dag.py:3954} INFO - Setting next_dagrun for example_trigger_target_dag to None, run_after=None
[2024-05-12T20:34:18.607+0500] {processor.py:183} INFO - Processing /home/awahab02/mlops_assignment_2/myenv/lib/python3.10/site-packages/airflow/example_dags/example_trigger_target_dag.py took 0.094 seconds
[2024-05-12T20:35:10.357+0500] {processor.py:161} INFO - Started process (PID=14747) to work on /home/awahab02/mlops_assignment_2/myenv/lib/python3.10/site-packages/airflow/example_dags/example_trigger_target_dag.py
[2024-05-12T20:35:10.359+0500] {processor.py:830} INFO - Processing file /home/awahab02/mlops_assignment_2/myenv/lib/python3.10/site-packages/airflow/example_dags/example_trigger_target_dag.py for tasks to queue
[2024-05-12T20:35:10.360+0500] {logging_mixin.py:188} INFO - [2024-05-12T20:35:10.360+0500] {dagbag.py:545} INFO - Filling up the DagBag from /home/awahab02/mlops_assignment_2/myenv/lib/python3.10/site-packages/airflow/example_dags/example_trigger_target_dag.py
[2024-05-12T20:35:10.366+0500] {processor.py:840} INFO - DAG(s) 'example_trigger_target_dag' retrieved from /home/awahab02/mlops_assignment_2/myenv/lib/python3.10/site-packages/airflow/example_dags/example_trigger_target_dag.py
[2024-05-12T20:35:10.379+0500] {logging_mixin.py:188} INFO - [2024-05-12T20:35:10.379+0500] {dag.py:3096} INFO - Sync 1 DAGs
[2024-05-12T20:35:10.388+0500] {logging_mixin.py:188} INFO - [2024-05-12T20:35:10.388+0500] {dag.py:3954} INFO - Setting next_dagrun for example_trigger_target_dag to None, run_after=None
[2024-05-12T20:35:10.419+0500] {processor.py:183} INFO - Processing /home/awahab02/mlops_assignment_2/myenv/lib/python3.10/site-packages/airflow/example_dags/example_trigger_target_dag.py took 0.069 seconds
[2024-05-12T20:35:54.795+0500] {processor.py:161} INFO - Started process (PID=14972) to work on /home/awahab02/mlops_assignment_2/myenv/lib/python3.10/site-packages/airflow/example_dags/example_trigger_target_dag.py
[2024-05-12T20:35:54.834+0500] {processor.py:830} INFO - Processing file /home/awahab02/mlops_assignment_2/myenv/lib/python3.10/site-packages/airflow/example_dags/example_trigger_target_dag.py for tasks to queue
[2024-05-12T20:35:54.836+0500] {logging_mixin.py:188} INFO - [2024-05-12T20:35:54.836+0500] {dagbag.py:545} INFO - Filling up the DagBag from /home/awahab02/mlops_assignment_2/myenv/lib/python3.10/site-packages/airflow/example_dags/example_trigger_target_dag.py
[2024-05-12T20:35:54.846+0500] {processor.py:840} INFO - DAG(s) 'example_trigger_target_dag' retrieved from /home/awahab02/mlops_assignment_2/myenv/lib/python3.10/site-packages/airflow/example_dags/example_trigger_target_dag.py
[2024-05-12T20:35:54.862+0500] {logging_mixin.py:188} INFO - [2024-05-12T20:35:54.861+0500] {dag.py:3096} INFO - Sync 1 DAGs
[2024-05-12T20:35:54.870+0500] {logging_mixin.py:188} INFO - [2024-05-12T20:35:54.870+0500] {dag.py:3954} INFO - Setting next_dagrun for example_trigger_target_dag to None, run_after=None
[2024-05-12T20:35:54.914+0500] {processor.py:183} INFO - Processing /home/awahab02/mlops_assignment_2/myenv/lib/python3.10/site-packages/airflow/example_dags/example_trigger_target_dag.py took 0.124 seconds
[2024-05-12T20:36:41.627+0500] {processor.py:161} INFO - Started process (PID=15210) to work on /home/awahab02/mlops_assignment_2/myenv/lib/python3.10/site-packages/airflow/example_dags/example_trigger_target_dag.py
[2024-05-12T20:36:41.628+0500] {processor.py:830} INFO - Processing file /home/awahab02/mlops_assignment_2/myenv/lib/python3.10/site-packages/airflow/example_dags/example_trigger_target_dag.py for tasks to queue
[2024-05-12T20:36:41.629+0500] {logging_mixin.py:188} INFO - [2024-05-12T20:36:41.629+0500] {dagbag.py:545} INFO - Filling up the DagBag from /home/awahab02/mlops_assignment_2/myenv/lib/python3.10/site-packages/airflow/example_dags/example_trigger_target_dag.py
[2024-05-12T20:36:41.635+0500] {processor.py:840} INFO - DAG(s) 'example_trigger_target_dag' retrieved from /home/awahab02/mlops_assignment_2/myenv/lib/python3.10/site-packages/airflow/example_dags/example_trigger_target_dag.py
[2024-05-12T20:36:41.647+0500] {logging_mixin.py:188} INFO - [2024-05-12T20:36:41.647+0500] {dag.py:3096} INFO - Sync 1 DAGs
[2024-05-12T20:36:41.655+0500] {logging_mixin.py:188} INFO - [2024-05-12T20:36:41.655+0500] {dag.py:3954} INFO - Setting next_dagrun for example_trigger_target_dag to None, run_after=None
[2024-05-12T20:36:41.680+0500] {processor.py:183} INFO - Processing /home/awahab02/mlops_assignment_2/myenv/lib/python3.10/site-packages/airflow/example_dags/example_trigger_target_dag.py took 0.061 seconds
[2024-05-12T20:38:52.048+0500] {processor.py:161} INFO - Started process (PID=16312) to work on /home/awahab02/mlops_assignment_2/myenv/lib/python3.10/site-packages/airflow/example_dags/example_trigger_target_dag.py
[2024-05-12T20:38:52.078+0500] {processor.py:830} INFO - Processing file /home/awahab02/mlops_assignment_2/myenv/lib/python3.10/site-packages/airflow/example_dags/example_trigger_target_dag.py for tasks to queue
[2024-05-12T20:38:52.079+0500] {logging_mixin.py:188} INFO - [2024-05-12T20:38:52.079+0500] {dagbag.py:545} INFO - Filling up the DagBag from /home/awahab02/mlops_assignment_2/myenv/lib/python3.10/site-packages/airflow/example_dags/example_trigger_target_dag.py
[2024-05-12T20:38:52.085+0500] {processor.py:840} INFO - DAG(s) 'example_trigger_target_dag' retrieved from /home/awahab02/mlops_assignment_2/myenv/lib/python3.10/site-packages/airflow/example_dags/example_trigger_target_dag.py
[2024-05-12T20:38:52.103+0500] {logging_mixin.py:188} INFO - [2024-05-12T20:38:52.103+0500] {dag.py:3096} INFO - Sync 1 DAGs
[2024-05-12T20:38:52.111+0500] {logging_mixin.py:188} INFO - [2024-05-12T20:38:52.111+0500] {dag.py:3954} INFO - Setting next_dagrun for example_trigger_target_dag to None, run_after=None
[2024-05-12T20:38:52.136+0500] {processor.py:183} INFO - Processing /home/awahab02/mlops_assignment_2/myenv/lib/python3.10/site-packages/airflow/example_dags/example_trigger_target_dag.py took 0.096 seconds
[2024-05-12T20:39:43.897+0500] {processor.py:161} INFO - Started process (PID=16568) to work on /home/awahab02/mlops_assignment_2/myenv/lib/python3.10/site-packages/airflow/example_dags/example_trigger_target_dag.py
[2024-05-12T20:39:43.920+0500] {processor.py:830} INFO - Processing file /home/awahab02/mlops_assignment_2/myenv/lib/python3.10/site-packages/airflow/example_dags/example_trigger_target_dag.py for tasks to queue
[2024-05-12T20:39:43.921+0500] {logging_mixin.py:188} INFO - [2024-05-12T20:39:43.921+0500] {dagbag.py:545} INFO - Filling up the DagBag from /home/awahab02/mlops_assignment_2/myenv/lib/python3.10/site-packages/airflow/example_dags/example_trigger_target_dag.py
[2024-05-12T20:39:43.927+0500] {processor.py:840} INFO - DAG(s) 'example_trigger_target_dag' retrieved from /home/awahab02/mlops_assignment_2/myenv/lib/python3.10/site-packages/airflow/example_dags/example_trigger_target_dag.py
[2024-05-12T20:39:43.939+0500] {logging_mixin.py:188} INFO - [2024-05-12T20:39:43.939+0500] {dag.py:3096} INFO - Sync 1 DAGs
[2024-05-12T20:39:43.948+0500] {logging_mixin.py:188} INFO - [2024-05-12T20:39:43.948+0500] {dag.py:3954} INFO - Setting next_dagrun for example_trigger_target_dag to None, run_after=None
[2024-05-12T20:39:43.973+0500] {processor.py:183} INFO - Processing /home/awahab02/mlops_assignment_2/myenv/lib/python3.10/site-packages/airflow/example_dags/example_trigger_target_dag.py took 0.081 seconds
[2024-05-12T20:40:27.328+0500] {processor.py:161} INFO - Started process (PID=16868) to work on /home/awahab02/mlops_assignment_2/myenv/lib/python3.10/site-packages/airflow/example_dags/example_trigger_target_dag.py
[2024-05-12T20:40:27.329+0500] {processor.py:830} INFO - Processing file /home/awahab02/mlops_assignment_2/myenv/lib/python3.10/site-packages/airflow/example_dags/example_trigger_target_dag.py for tasks to queue
[2024-05-12T20:40:27.330+0500] {logging_mixin.py:188} INFO - [2024-05-12T20:40:27.329+0500] {dagbag.py:545} INFO - Filling up the DagBag from /home/awahab02/mlops_assignment_2/myenv/lib/python3.10/site-packages/airflow/example_dags/example_trigger_target_dag.py
[2024-05-12T20:40:27.335+0500] {processor.py:840} INFO - DAG(s) 'example_trigger_target_dag' retrieved from /home/awahab02/mlops_assignment_2/myenv/lib/python3.10/site-packages/airflow/example_dags/example_trigger_target_dag.py
[2024-05-12T20:40:27.346+0500] {logging_mixin.py:188} INFO - [2024-05-12T20:40:27.346+0500] {dag.py:3096} INFO - Sync 1 DAGs
[2024-05-12T20:40:27.355+0500] {logging_mixin.py:188} INFO - [2024-05-12T20:40:27.355+0500] {dag.py:3954} INFO - Setting next_dagrun for example_trigger_target_dag to None, run_after=None
[2024-05-12T20:40:27.380+0500] {processor.py:183} INFO - Processing /home/awahab02/mlops_assignment_2/myenv/lib/python3.10/site-packages/airflow/example_dags/example_trigger_target_dag.py took 0.058 seconds
[2024-05-12T20:41:14.678+0500] {processor.py:161} INFO - Started process (PID=17180) to work on /home/awahab02/mlops_assignment_2/myenv/lib/python3.10/site-packages/airflow/example_dags/example_trigger_target_dag.py
[2024-05-12T20:41:14.718+0500] {processor.py:830} INFO - Processing file /home/awahab02/mlops_assignment_2/myenv/lib/python3.10/site-packages/airflow/example_dags/example_trigger_target_dag.py for tasks to queue
[2024-05-12T20:41:14.719+0500] {logging_mixin.py:188} INFO - [2024-05-12T20:41:14.718+0500] {dagbag.py:545} INFO - Filling up the DagBag from /home/awahab02/mlops_assignment_2/myenv/lib/python3.10/site-packages/airflow/example_dags/example_trigger_target_dag.py
[2024-05-12T20:41:14.724+0500] {processor.py:840} INFO - DAG(s) 'example_trigger_target_dag' retrieved from /home/awahab02/mlops_assignment_2/myenv/lib/python3.10/site-packages/airflow/example_dags/example_trigger_target_dag.py
[2024-05-12T20:41:14.736+0500] {logging_mixin.py:188} INFO - [2024-05-12T20:41:14.736+0500] {dag.py:3096} INFO - Sync 1 DAGs
[2024-05-12T20:41:14.750+0500] {logging_mixin.py:188} INFO - [2024-05-12T20:41:14.750+0500] {dag.py:3954} INFO - Setting next_dagrun for example_trigger_target_dag to None, run_after=None
[2024-05-12T20:41:14.783+0500] {processor.py:183} INFO - Processing /home/awahab02/mlops_assignment_2/myenv/lib/python3.10/site-packages/airflow/example_dags/example_trigger_target_dag.py took 0.110 seconds
[2024-05-12T20:41:57.319+0500] {processor.py:161} INFO - Started process (PID=17451) to work on /home/awahab02/mlops_assignment_2/myenv/lib/python3.10/site-packages/airflow/example_dags/example_trigger_target_dag.py
[2024-05-12T20:41:57.341+0500] {processor.py:830} INFO - Processing file /home/awahab02/mlops_assignment_2/myenv/lib/python3.10/site-packages/airflow/example_dags/example_trigger_target_dag.py for tasks to queue
[2024-05-12T20:41:57.342+0500] {logging_mixin.py:188} INFO - [2024-05-12T20:41:57.342+0500] {dagbag.py:545} INFO - Filling up the DagBag from /home/awahab02/mlops_assignment_2/myenv/lib/python3.10/site-packages/airflow/example_dags/example_trigger_target_dag.py
[2024-05-12T20:41:57.347+0500] {processor.py:840} INFO - DAG(s) 'example_trigger_target_dag' retrieved from /home/awahab02/mlops_assignment_2/myenv/lib/python3.10/site-packages/airflow/example_dags/example_trigger_target_dag.py
[2024-05-12T20:41:57.359+0500] {logging_mixin.py:188} INFO - [2024-05-12T20:41:57.359+0500] {dag.py:3096} INFO - Sync 1 DAGs
[2024-05-12T20:41:57.369+0500] {logging_mixin.py:188} INFO - [2024-05-12T20:41:57.369+0500] {dag.py:3954} INFO - Setting next_dagrun for example_trigger_target_dag to None, run_after=None
[2024-05-12T20:41:57.402+0500] {processor.py:183} INFO - Processing /home/awahab02/mlops_assignment_2/myenv/lib/python3.10/site-packages/airflow/example_dags/example_trigger_target_dag.py took 0.088 seconds
[2024-05-12T20:42:41.682+0500] {processor.py:161} INFO - Started process (PID=17776) to work on /home/awahab02/mlops_assignment_2/myenv/lib/python3.10/site-packages/airflow/example_dags/example_trigger_target_dag.py
[2024-05-12T20:42:41.724+0500] {processor.py:830} INFO - Processing file /home/awahab02/mlops_assignment_2/myenv/lib/python3.10/site-packages/airflow/example_dags/example_trigger_target_dag.py for tasks to queue
[2024-05-12T20:42:41.725+0500] {logging_mixin.py:188} INFO - [2024-05-12T20:42:41.725+0500] {dagbag.py:545} INFO - Filling up the DagBag from /home/awahab02/mlops_assignment_2/myenv/lib/python3.10/site-packages/airflow/example_dags/example_trigger_target_dag.py
[2024-05-12T20:42:41.730+0500] {processor.py:840} INFO - DAG(s) 'example_trigger_target_dag' retrieved from /home/awahab02/mlops_assignment_2/myenv/lib/python3.10/site-packages/airflow/example_dags/example_trigger_target_dag.py
[2024-05-12T20:42:41.742+0500] {logging_mixin.py:188} INFO - [2024-05-12T20:42:41.742+0500] {dag.py:3096} INFO - Sync 1 DAGs
[2024-05-12T20:42:41.751+0500] {logging_mixin.py:188} INFO - [2024-05-12T20:42:41.751+0500] {dag.py:3954} INFO - Setting next_dagrun for example_trigger_target_dag to None, run_after=None
[2024-05-12T20:42:41.775+0500] {processor.py:183} INFO - Processing /home/awahab02/mlops_assignment_2/myenv/lib/python3.10/site-packages/airflow/example_dags/example_trigger_target_dag.py took 0.098 seconds
[2024-05-12T20:43:27.738+0500] {processor.py:161} INFO - Started process (PID=18083) to work on /home/awahab02/mlops_assignment_2/myenv/lib/python3.10/site-packages/airflow/example_dags/example_trigger_target_dag.py
[2024-05-12T20:43:27.739+0500] {processor.py:830} INFO - Processing file /home/awahab02/mlops_assignment_2/myenv/lib/python3.10/site-packages/airflow/example_dags/example_trigger_target_dag.py for tasks to queue
[2024-05-12T20:43:27.740+0500] {logging_mixin.py:188} INFO - [2024-05-12T20:43:27.740+0500] {dagbag.py:545} INFO - Filling up the DagBag from /home/awahab02/mlops_assignment_2/myenv/lib/python3.10/site-packages/airflow/example_dags/example_trigger_target_dag.py
[2024-05-12T20:43:27.746+0500] {processor.py:840} INFO - DAG(s) 'example_trigger_target_dag' retrieved from /home/awahab02/mlops_assignment_2/myenv/lib/python3.10/site-packages/airflow/example_dags/example_trigger_target_dag.py
[2024-05-12T20:43:27.757+0500] {logging_mixin.py:188} INFO - [2024-05-12T20:43:27.757+0500] {dag.py:3096} INFO - Sync 1 DAGs
[2024-05-12T20:43:27.766+0500] {logging_mixin.py:188} INFO - [2024-05-12T20:43:27.766+0500] {dag.py:3954} INFO - Setting next_dagrun for example_trigger_target_dag to None, run_after=None
[2024-05-12T20:43:27.792+0500] {processor.py:183} INFO - Processing /home/awahab02/mlops_assignment_2/myenv/lib/python3.10/site-packages/airflow/example_dags/example_trigger_target_dag.py took 0.060 seconds
[2024-05-12T20:44:12.363+0500] {processor.py:161} INFO - Started process (PID=18309) to work on /home/awahab02/mlops_assignment_2/myenv/lib/python3.10/site-packages/airflow/example_dags/example_trigger_target_dag.py
[2024-05-12T20:44:12.364+0500] {processor.py:830} INFO - Processing file /home/awahab02/mlops_assignment_2/myenv/lib/python3.10/site-packages/airflow/example_dags/example_trigger_target_dag.py for tasks to queue
[2024-05-12T20:44:12.365+0500] {logging_mixin.py:188} INFO - [2024-05-12T20:44:12.364+0500] {dagbag.py:545} INFO - Filling up the DagBag from /home/awahab02/mlops_assignment_2/myenv/lib/python3.10/site-packages/airflow/example_dags/example_trigger_target_dag.py
[2024-05-12T20:44:12.373+0500] {processor.py:840} INFO - DAG(s) 'example_trigger_target_dag' retrieved from /home/awahab02/mlops_assignment_2/myenv/lib/python3.10/site-packages/airflow/example_dags/example_trigger_target_dag.py
[2024-05-12T20:44:12.387+0500] {logging_mixin.py:188} INFO - [2024-05-12T20:44:12.387+0500] {dag.py:3096} INFO - Sync 1 DAGs
[2024-05-12T20:44:12.396+0500] {logging_mixin.py:188} INFO - [2024-05-12T20:44:12.396+0500] {dag.py:3954} INFO - Setting next_dagrun for example_trigger_target_dag to None, run_after=None
[2024-05-12T20:44:12.423+0500] {processor.py:183} INFO - Processing /home/awahab02/mlops_assignment_2/myenv/lib/python3.10/site-packages/airflow/example_dags/example_trigger_target_dag.py took 0.065 seconds
