[2024-05-12T20:20:59.444+0500] {processor.py:161} INFO - Started process (PID=9446) to work on /home/awahab02/mlops_assignment_2/myenv/lib/python3.10/site-packages/airflow/example_dags/example_sensors.py
[2024-05-12T20:20:59.445+0500] {processor.py:830} INFO - Processing file /home/awahab02/mlops_assignment_2/myenv/lib/python3.10/site-packages/airflow/example_dags/example_sensors.py for tasks to queue
[2024-05-12T20:20:59.446+0500] {logging_mixin.py:188} INFO - [2024-05-12T20:20:59.446+0500] {dagbag.py:545} INFO - Filling up the DagBag from /home/awahab02/mlops_assignment_2/myenv/lib/python3.10/site-packages/airflow/example_dags/example_sensors.py
[2024-05-12T20:20:59.453+0500] {processor.py:840} INFO - DAG(s) 'example_sensors' retrieved from /home/awahab02/mlops_assignment_2/myenv/lib/python3.10/site-packages/airflow/example_dags/example_sensors.py
[2024-05-12T20:20:59.584+0500] {logging_mixin.py:188} INFO - [2024-05-12T20:20:59.583+0500] {override.py:1829} INFO - Created Permission View: can read on DAG:example_sensors
[2024-05-12T20:20:59.601+0500] {logging_mixin.py:188} INFO - [2024-05-12T20:20:59.601+0500] {override.py:1829} INFO - Created Permission View: can edit on DAG:example_sensors
[2024-05-12T20:20:59.618+0500] {logging_mixin.py:188} INFO - [2024-05-12T20:20:59.617+0500] {override.py:1829} INFO - Created Permission View: can delete on DAG:example_sensors
[2024-05-12T20:20:59.618+0500] {logging_mixin.py:188} INFO - [2024-05-12T20:20:59.618+0500] {dag.py:3096} INFO - Sync 1 DAGs
[2024-05-12T20:20:59.626+0500] {logging_mixin.py:188} INFO - [2024-05-12T20:20:59.625+0500] {dag.py:3118} INFO - Creating ORM DAG for example_sensors
[2024-05-12T20:20:59.626+0500] {logging_mixin.py:188} INFO - [2024-05-12T20:20:59.626+0500] {dag.py:3954} INFO - Setting next_dagrun for example_sensors to None, run_after=None
[2024-05-12T20:20:59.653+0500] {processor.py:183} INFO - Processing /home/awahab02/mlops_assignment_2/myenv/lib/python3.10/site-packages/airflow/example_dags/example_sensors.py took 0.214 seconds
[2024-05-12T20:21:51.824+0500] {processor.py:161} INFO - Started process (PID=9654) to work on /home/awahab02/mlops_assignment_2/myenv/lib/python3.10/site-packages/airflow/example_dags/example_sensors.py
[2024-05-12T20:21:51.825+0500] {processor.py:830} INFO - Processing file /home/awahab02/mlops_assignment_2/myenv/lib/python3.10/site-packages/airflow/example_dags/example_sensors.py for tasks to queue
[2024-05-12T20:21:51.826+0500] {logging_mixin.py:188} INFO - [2024-05-12T20:21:51.826+0500] {dagbag.py:545} INFO - Filling up the DagBag from /home/awahab02/mlops_assignment_2/myenv/lib/python3.10/site-packages/airflow/example_dags/example_sensors.py
[2024-05-12T20:21:51.834+0500] {processor.py:840} INFO - DAG(s) 'example_sensors' retrieved from /home/awahab02/mlops_assignment_2/myenv/lib/python3.10/site-packages/airflow/example_dags/example_sensors.py
[2024-05-12T20:21:51.850+0500] {logging_mixin.py:188} INFO - [2024-05-12T20:21:51.850+0500] {dag.py:3096} INFO - Sync 1 DAGs
[2024-05-12T20:21:51.859+0500] {logging_mixin.py:188} INFO - [2024-05-12T20:21:51.859+0500] {dag.py:3954} INFO - Setting next_dagrun for example_sensors to None, run_after=None
[2024-05-12T20:21:51.884+0500] {processor.py:183} INFO - Processing /home/awahab02/mlops_assignment_2/myenv/lib/python3.10/site-packages/airflow/example_dags/example_sensors.py took 0.066 seconds
[2024-05-12T20:22:41.127+0500] {processor.py:161} INFO - Started process (PID=9855) to work on /home/awahab02/mlops_assignment_2/myenv/lib/python3.10/site-packages/airflow/example_dags/example_sensors.py
[2024-05-12T20:22:41.154+0500] {processor.py:830} INFO - Processing file /home/awahab02/mlops_assignment_2/myenv/lib/python3.10/site-packages/airflow/example_dags/example_sensors.py for tasks to queue
[2024-05-12T20:22:41.156+0500] {logging_mixin.py:188} INFO - [2024-05-12T20:22:41.156+0500] {dagbag.py:545} INFO - Filling up the DagBag from /home/awahab02/mlops_assignment_2/myenv/lib/python3.10/site-packages/airflow/example_dags/example_sensors.py
[2024-05-12T20:22:41.164+0500] {processor.py:840} INFO - DAG(s) 'example_sensors' retrieved from /home/awahab02/mlops_assignment_2/myenv/lib/python3.10/site-packages/airflow/example_dags/example_sensors.py
[2024-05-12T20:22:41.184+0500] {logging_mixin.py:188} INFO - [2024-05-12T20:22:41.184+0500] {dag.py:3096} INFO - Sync 1 DAGs
[2024-05-12T20:22:41.195+0500] {logging_mixin.py:188} INFO - [2024-05-12T20:22:41.195+0500] {dag.py:3954} INFO - Setting next_dagrun for example_sensors to None, run_after=None
[2024-05-12T20:22:41.224+0500] {processor.py:183} INFO - Processing /home/awahab02/mlops_assignment_2/myenv/lib/python3.10/site-packages/airflow/example_dags/example_sensors.py took 0.103 seconds
[2024-05-12T20:23:38.958+0500] {processor.py:161} INFO - Started process (PID=10390) to work on /home/awahab02/mlops_assignment_2/myenv/lib/python3.10/site-packages/airflow/example_dags/example_sensors.py
[2024-05-12T20:23:38.995+0500] {processor.py:830} INFO - Processing file /home/awahab02/mlops_assignment_2/myenv/lib/python3.10/site-packages/airflow/example_dags/example_sensors.py for tasks to queue
[2024-05-12T20:23:38.997+0500] {logging_mixin.py:188} INFO - [2024-05-12T20:23:38.996+0500] {dagbag.py:545} INFO - Filling up the DagBag from /home/awahab02/mlops_assignment_2/myenv/lib/python3.10/site-packages/airflow/example_dags/example_sensors.py
[2024-05-12T20:23:39.006+0500] {processor.py:840} INFO - DAG(s) 'example_sensors' retrieved from /home/awahab02/mlops_assignment_2/myenv/lib/python3.10/site-packages/airflow/example_dags/example_sensors.py
[2024-05-12T20:23:39.031+0500] {logging_mixin.py:188} INFO - [2024-05-12T20:23:39.030+0500] {dag.py:3096} INFO - Sync 1 DAGs
[2024-05-12T20:23:39.048+0500] {logging_mixin.py:188} INFO - [2024-05-12T20:23:39.048+0500] {dag.py:3954} INFO - Setting next_dagrun for example_sensors to None, run_after=None
[2024-05-12T20:23:39.080+0500] {processor.py:183} INFO - Processing /home/awahab02/mlops_assignment_2/myenv/lib/python3.10/site-packages/airflow/example_dags/example_sensors.py took 0.127 seconds
[2024-05-12T20:24:39.817+0500] {processor.py:161} INFO - Started process (PID=10681) to work on /home/awahab02/mlops_assignment_2/myenv/lib/python3.10/site-packages/airflow/example_dags/example_sensors.py
[2024-05-12T20:24:39.818+0500] {processor.py:830} INFO - Processing file /home/awahab02/mlops_assignment_2/myenv/lib/python3.10/site-packages/airflow/example_dags/example_sensors.py for tasks to queue
[2024-05-12T20:24:39.820+0500] {logging_mixin.py:188} INFO - [2024-05-12T20:24:39.819+0500] {dagbag.py:545} INFO - Filling up the DagBag from /home/awahab02/mlops_assignment_2/myenv/lib/python3.10/site-packages/airflow/example_dags/example_sensors.py
[2024-05-12T20:24:39.827+0500] {processor.py:840} INFO - DAG(s) 'example_sensors' retrieved from /home/awahab02/mlops_assignment_2/myenv/lib/python3.10/site-packages/airflow/example_dags/example_sensors.py
[2024-05-12T20:24:39.845+0500] {logging_mixin.py:188} INFO - [2024-05-12T20:24:39.845+0500] {dag.py:3096} INFO - Sync 1 DAGs
[2024-05-12T20:24:39.854+0500] {logging_mixin.py:188} INFO - [2024-05-12T20:24:39.854+0500] {dag.py:3954} INFO - Setting next_dagrun for example_sensors to None, run_after=None
[2024-05-12T20:24:39.877+0500] {processor.py:183} INFO - Processing /home/awahab02/mlops_assignment_2/myenv/lib/python3.10/site-packages/airflow/example_dags/example_sensors.py took 0.066 seconds
[2024-05-12T20:25:39.592+0500] {processor.py:161} INFO - Started process (PID=10972) to work on /home/awahab02/mlops_assignment_2/myenv/lib/python3.10/site-packages/airflow/example_dags/example_sensors.py
[2024-05-12T20:25:39.620+0500] {processor.py:830} INFO - Processing file /home/awahab02/mlops_assignment_2/myenv/lib/python3.10/site-packages/airflow/example_dags/example_sensors.py for tasks to queue
[2024-05-12T20:25:39.621+0500] {logging_mixin.py:188} INFO - [2024-05-12T20:25:39.621+0500] {dagbag.py:545} INFO - Filling up the DagBag from /home/awahab02/mlops_assignment_2/myenv/lib/python3.10/site-packages/airflow/example_dags/example_sensors.py
[2024-05-12T20:25:39.629+0500] {processor.py:840} INFO - DAG(s) 'example_sensors' retrieved from /home/awahab02/mlops_assignment_2/myenv/lib/python3.10/site-packages/airflow/example_dags/example_sensors.py
[2024-05-12T20:25:39.645+0500] {logging_mixin.py:188} INFO - [2024-05-12T20:25:39.645+0500] {dag.py:3096} INFO - Sync 1 DAGs
[2024-05-12T20:25:39.654+0500] {logging_mixin.py:188} INFO - [2024-05-12T20:25:39.653+0500] {dag.py:3954} INFO - Setting next_dagrun for example_sensors to None, run_after=None
[2024-05-12T20:25:39.680+0500] {processor.py:183} INFO - Processing /home/awahab02/mlops_assignment_2/myenv/lib/python3.10/site-packages/airflow/example_dags/example_sensors.py took 0.094 seconds
[2024-05-12T20:26:44.146+0500] {processor.py:161} INFO - Started process (PID=11369) to work on /home/awahab02/mlops_assignment_2/myenv/lib/python3.10/site-packages/airflow/example_dags/example_sensors.py
[2024-05-12T20:26:44.147+0500] {processor.py:830} INFO - Processing file /home/awahab02/mlops_assignment_2/myenv/lib/python3.10/site-packages/airflow/example_dags/example_sensors.py for tasks to queue
[2024-05-12T20:26:44.149+0500] {logging_mixin.py:188} INFO - [2024-05-12T20:26:44.148+0500] {dagbag.py:545} INFO - Filling up the DagBag from /home/awahab02/mlops_assignment_2/myenv/lib/python3.10/site-packages/airflow/example_dags/example_sensors.py
[2024-05-12T20:26:44.158+0500] {processor.py:840} INFO - DAG(s) 'example_sensors' retrieved from /home/awahab02/mlops_assignment_2/myenv/lib/python3.10/site-packages/airflow/example_dags/example_sensors.py
[2024-05-12T20:26:44.180+0500] {logging_mixin.py:188} INFO - [2024-05-12T20:26:44.180+0500] {dag.py:3096} INFO - Sync 1 DAGs
[2024-05-12T20:26:44.192+0500] {logging_mixin.py:188} INFO - [2024-05-12T20:26:44.191+0500] {dag.py:3954} INFO - Setting next_dagrun for example_sensors to None, run_after=None
[2024-05-12T20:26:44.228+0500] {processor.py:183} INFO - Processing /home/awahab02/mlops_assignment_2/myenv/lib/python3.10/site-packages/airflow/example_dags/example_sensors.py took 0.088 seconds
[2024-05-12T20:28:02.400+0500] {processor.py:161} INFO - Started process (PID=12030) to work on /home/awahab02/mlops_assignment_2/myenv/lib/python3.10/site-packages/airflow/example_dags/example_sensors.py
[2024-05-12T20:28:02.401+0500] {processor.py:830} INFO - Processing file /home/awahab02/mlops_assignment_2/myenv/lib/python3.10/site-packages/airflow/example_dags/example_sensors.py for tasks to queue
[2024-05-12T20:28:02.404+0500] {logging_mixin.py:188} INFO - [2024-05-12T20:28:02.403+0500] {dagbag.py:545} INFO - Filling up the DagBag from /home/awahab02/mlops_assignment_2/myenv/lib/python3.10/site-packages/airflow/example_dags/example_sensors.py
[2024-05-12T20:28:02.416+0500] {processor.py:840} INFO - DAG(s) 'example_sensors' retrieved from /home/awahab02/mlops_assignment_2/myenv/lib/python3.10/site-packages/airflow/example_dags/example_sensors.py
[2024-05-12T20:28:02.438+0500] {logging_mixin.py:188} INFO - [2024-05-12T20:28:02.438+0500] {dag.py:3096} INFO - Sync 1 DAGs
[2024-05-12T20:28:02.449+0500] {logging_mixin.py:188} INFO - [2024-05-12T20:28:02.449+0500] {dag.py:3954} INFO - Setting next_dagrun for example_sensors to None, run_after=None
[2024-05-12T20:28:02.476+0500] {processor.py:183} INFO - Processing /home/awahab02/mlops_assignment_2/myenv/lib/python3.10/site-packages/airflow/example_dags/example_sensors.py took 0.084 seconds
[2024-05-12T20:28:55.141+0500] {processor.py:161} INFO - Started process (PID=12281) to work on /home/awahab02/mlops_assignment_2/myenv/lib/python3.10/site-packages/airflow/example_dags/example_sensors.py
[2024-05-12T20:28:55.176+0500] {processor.py:830} INFO - Processing file /home/awahab02/mlops_assignment_2/myenv/lib/python3.10/site-packages/airflow/example_dags/example_sensors.py for tasks to queue
[2024-05-12T20:28:55.178+0500] {logging_mixin.py:188} INFO - [2024-05-12T20:28:55.177+0500] {dagbag.py:545} INFO - Filling up the DagBag from /home/awahab02/mlops_assignment_2/myenv/lib/python3.10/site-packages/airflow/example_dags/example_sensors.py
[2024-05-12T20:28:55.186+0500] {processor.py:840} INFO - DAG(s) 'example_sensors' retrieved from /home/awahab02/mlops_assignment_2/myenv/lib/python3.10/site-packages/airflow/example_dags/example_sensors.py
[2024-05-12T20:28:55.202+0500] {logging_mixin.py:188} INFO - [2024-05-12T20:28:55.202+0500] {dag.py:3096} INFO - Sync 1 DAGs
[2024-05-12T20:28:55.211+0500] {logging_mixin.py:188} INFO - [2024-05-12T20:28:55.211+0500] {dag.py:3954} INFO - Setting next_dagrun for example_sensors to None, run_after=None
[2024-05-12T20:28:55.237+0500] {processor.py:183} INFO - Processing /home/awahab02/mlops_assignment_2/myenv/lib/python3.10/site-packages/airflow/example_dags/example_sensors.py took 0.100 seconds
[2024-05-12T20:29:48.865+0500] {processor.py:161} INFO - Started process (PID=12590) to work on /home/awahab02/mlops_assignment_2/myenv/lib/python3.10/site-packages/airflow/example_dags/example_sensors.py
[2024-05-12T20:29:48.904+0500] {processor.py:830} INFO - Processing file /home/awahab02/mlops_assignment_2/myenv/lib/python3.10/site-packages/airflow/example_dags/example_sensors.py for tasks to queue
[2024-05-12T20:29:48.905+0500] {logging_mixin.py:188} INFO - [2024-05-12T20:29:48.905+0500] {dagbag.py:545} INFO - Filling up the DagBag from /home/awahab02/mlops_assignment_2/myenv/lib/python3.10/site-packages/airflow/example_dags/example_sensors.py
[2024-05-12T20:29:48.913+0500] {processor.py:840} INFO - DAG(s) 'example_sensors' retrieved from /home/awahab02/mlops_assignment_2/myenv/lib/python3.10/site-packages/airflow/example_dags/example_sensors.py
[2024-05-12T20:29:48.929+0500] {logging_mixin.py:188} INFO - [2024-05-12T20:29:48.929+0500] {dag.py:3096} INFO - Sync 1 DAGs
[2024-05-12T20:29:48.940+0500] {logging_mixin.py:188} INFO - [2024-05-12T20:29:48.940+0500] {dag.py:3954} INFO - Setting next_dagrun for example_sensors to None, run_after=None
[2024-05-12T20:29:48.966+0500] {processor.py:183} INFO - Processing /home/awahab02/mlops_assignment_2/myenv/lib/python3.10/site-packages/airflow/example_dags/example_sensors.py took 0.106 seconds
[2024-05-12T20:31:07.888+0500] {processor.py:161} INFO - Started process (PID=13180) to work on /home/awahab02/mlops_assignment_2/myenv/lib/python3.10/site-packages/airflow/example_dags/example_sensors.py
[2024-05-12T20:31:07.889+0500] {processor.py:830} INFO - Processing file /home/awahab02/mlops_assignment_2/myenv/lib/python3.10/site-packages/airflow/example_dags/example_sensors.py for tasks to queue
[2024-05-12T20:31:07.891+0500] {logging_mixin.py:188} INFO - [2024-05-12T20:31:07.890+0500] {dagbag.py:545} INFO - Filling up the DagBag from /home/awahab02/mlops_assignment_2/myenv/lib/python3.10/site-packages/airflow/example_dags/example_sensors.py
[2024-05-12T20:31:07.898+0500] {processor.py:840} INFO - DAG(s) 'example_sensors' retrieved from /home/awahab02/mlops_assignment_2/myenv/lib/python3.10/site-packages/airflow/example_dags/example_sensors.py
[2024-05-12T20:31:07.915+0500] {logging_mixin.py:188} INFO - [2024-05-12T20:31:07.914+0500] {dag.py:3096} INFO - Sync 1 DAGs
[2024-05-12T20:31:07.923+0500] {logging_mixin.py:188} INFO - [2024-05-12T20:31:07.923+0500] {dag.py:3954} INFO - Setting next_dagrun for example_sensors to None, run_after=None
[2024-05-12T20:31:07.947+0500] {processor.py:183} INFO - Processing /home/awahab02/mlops_assignment_2/myenv/lib/python3.10/site-packages/airflow/example_dags/example_sensors.py took 0.064 seconds
[2024-05-12T20:31:59.535+0500] {processor.py:161} INFO - Started process (PID=13414) to work on /home/awahab02/mlops_assignment_2/myenv/lib/python3.10/site-packages/airflow/example_dags/example_sensors.py
[2024-05-12T20:31:59.559+0500] {processor.py:830} INFO - Processing file /home/awahab02/mlops_assignment_2/myenv/lib/python3.10/site-packages/airflow/example_dags/example_sensors.py for tasks to queue
[2024-05-12T20:31:59.561+0500] {logging_mixin.py:188} INFO - [2024-05-12T20:31:59.561+0500] {dagbag.py:545} INFO - Filling up the DagBag from /home/awahab02/mlops_assignment_2/myenv/lib/python3.10/site-packages/airflow/example_dags/example_sensors.py
[2024-05-12T20:31:59.570+0500] {processor.py:840} INFO - DAG(s) 'example_sensors' retrieved from /home/awahab02/mlops_assignment_2/myenv/lib/python3.10/site-packages/airflow/example_dags/example_sensors.py
[2024-05-12T20:31:59.589+0500] {logging_mixin.py:188} INFO - [2024-05-12T20:31:59.588+0500] {dag.py:3096} INFO - Sync 1 DAGs
[2024-05-12T20:31:59.598+0500] {logging_mixin.py:188} INFO - [2024-05-12T20:31:59.598+0500] {dag.py:3954} INFO - Setting next_dagrun for example_sensors to None, run_after=None
[2024-05-12T20:31:59.624+0500] {processor.py:183} INFO - Processing /home/awahab02/mlops_assignment_2/myenv/lib/python3.10/site-packages/airflow/example_dags/example_sensors.py took 0.095 seconds
[2024-05-12T20:34:43.350+0500] {processor.py:161} INFO - Started process (PID=14596) to work on /home/awahab02/mlops_assignment_2/myenv/lib/python3.10/site-packages/airflow/example_dags/example_sensors.py
[2024-05-12T20:34:43.381+0500] {processor.py:830} INFO - Processing file /home/awahab02/mlops_assignment_2/myenv/lib/python3.10/site-packages/airflow/example_dags/example_sensors.py for tasks to queue
[2024-05-12T20:34:43.382+0500] {logging_mixin.py:188} INFO - [2024-05-12T20:34:43.381+0500] {dagbag.py:545} INFO - Filling up the DagBag from /home/awahab02/mlops_assignment_2/myenv/lib/python3.10/site-packages/airflow/example_dags/example_sensors.py
[2024-05-12T20:34:43.390+0500] {processor.py:840} INFO - DAG(s) 'example_sensors' retrieved from /home/awahab02/mlops_assignment_2/myenv/lib/python3.10/site-packages/airflow/example_dags/example_sensors.py
[2024-05-12T20:34:43.409+0500] {logging_mixin.py:188} INFO - [2024-05-12T20:34:43.408+0500] {dag.py:3096} INFO - Sync 1 DAGs
[2024-05-12T20:34:43.418+0500] {logging_mixin.py:188} INFO - [2024-05-12T20:34:43.418+0500] {dag.py:3954} INFO - Setting next_dagrun for example_sensors to None, run_after=None
[2024-05-12T20:34:43.446+0500] {processor.py:183} INFO - Processing /home/awahab02/mlops_assignment_2/myenv/lib/python3.10/site-packages/airflow/example_dags/example_sensors.py took 0.101 seconds
[2024-05-12T20:35:36.426+0500] {processor.py:161} INFO - Started process (PID=14879) to work on /home/awahab02/mlops_assignment_2/myenv/lib/python3.10/site-packages/airflow/example_dags/example_sensors.py
[2024-05-12T20:35:36.450+0500] {processor.py:830} INFO - Processing file /home/awahab02/mlops_assignment_2/myenv/lib/python3.10/site-packages/airflow/example_dags/example_sensors.py for tasks to queue
[2024-05-12T20:35:36.451+0500] {logging_mixin.py:188} INFO - [2024-05-12T20:35:36.450+0500] {dagbag.py:545} INFO - Filling up the DagBag from /home/awahab02/mlops_assignment_2/myenv/lib/python3.10/site-packages/airflow/example_dags/example_sensors.py
[2024-05-12T20:35:36.459+0500] {processor.py:840} INFO - DAG(s) 'example_sensors' retrieved from /home/awahab02/mlops_assignment_2/myenv/lib/python3.10/site-packages/airflow/example_dags/example_sensors.py
[2024-05-12T20:35:36.476+0500] {logging_mixin.py:188} INFO - [2024-05-12T20:35:36.476+0500] {dag.py:3096} INFO - Sync 1 DAGs
[2024-05-12T20:35:36.486+0500] {logging_mixin.py:188} INFO - [2024-05-12T20:35:36.485+0500] {dag.py:3954} INFO - Setting next_dagrun for example_sensors to None, run_after=None
[2024-05-12T20:35:36.511+0500] {processor.py:183} INFO - Processing /home/awahab02/mlops_assignment_2/myenv/lib/python3.10/site-packages/airflow/example_dags/example_sensors.py took 0.090 seconds
[2024-05-12T20:36:29.866+0500] {processor.py:161} INFO - Started process (PID=15164) to work on /home/awahab02/mlops_assignment_2/myenv/lib/python3.10/site-packages/airflow/example_dags/example_sensors.py
[2024-05-12T20:36:29.904+0500] {processor.py:830} INFO - Processing file /home/awahab02/mlops_assignment_2/myenv/lib/python3.10/site-packages/airflow/example_dags/example_sensors.py for tasks to queue
[2024-05-12T20:36:29.905+0500] {logging_mixin.py:188} INFO - [2024-05-12T20:36:29.904+0500] {dagbag.py:545} INFO - Filling up the DagBag from /home/awahab02/mlops_assignment_2/myenv/lib/python3.10/site-packages/airflow/example_dags/example_sensors.py
[2024-05-12T20:36:29.913+0500] {processor.py:840} INFO - DAG(s) 'example_sensors' retrieved from /home/awahab02/mlops_assignment_2/myenv/lib/python3.10/site-packages/airflow/example_dags/example_sensors.py
[2024-05-12T20:36:29.931+0500] {logging_mixin.py:188} INFO - [2024-05-12T20:36:29.931+0500] {dag.py:3096} INFO - Sync 1 DAGs
[2024-05-12T20:36:29.942+0500] {logging_mixin.py:188} INFO - [2024-05-12T20:36:29.942+0500] {dag.py:3954} INFO - Setting next_dagrun for example_sensors to None, run_after=None
[2024-05-12T20:36:29.968+0500] {processor.py:183} INFO - Processing /home/awahab02/mlops_assignment_2/myenv/lib/python3.10/site-packages/airflow/example_dags/example_sensors.py took 0.108 seconds
[2024-05-12T20:39:16.828+0500] {processor.py:161} INFO - Started process (PID=16410) to work on /home/awahab02/mlops_assignment_2/myenv/lib/python3.10/site-packages/airflow/example_dags/example_sensors.py
[2024-05-12T20:39:16.855+0500] {processor.py:830} INFO - Processing file /home/awahab02/mlops_assignment_2/myenv/lib/python3.10/site-packages/airflow/example_dags/example_sensors.py for tasks to queue
[2024-05-12T20:39:16.856+0500] {logging_mixin.py:188} INFO - [2024-05-12T20:39:16.856+0500] {dagbag.py:545} INFO - Filling up the DagBag from /home/awahab02/mlops_assignment_2/myenv/lib/python3.10/site-packages/airflow/example_dags/example_sensors.py
[2024-05-12T20:39:16.864+0500] {processor.py:840} INFO - DAG(s) 'example_sensors' retrieved from /home/awahab02/mlops_assignment_2/myenv/lib/python3.10/site-packages/airflow/example_dags/example_sensors.py
[2024-05-12T20:39:16.885+0500] {logging_mixin.py:188} INFO - [2024-05-12T20:39:16.884+0500] {dag.py:3096} INFO - Sync 1 DAGs
[2024-05-12T20:39:16.894+0500] {logging_mixin.py:188} INFO - [2024-05-12T20:39:16.894+0500] {dag.py:3954} INFO - Setting next_dagrun for example_sensors to None, run_after=None
[2024-05-12T20:39:16.921+0500] {processor.py:183} INFO - Processing /home/awahab02/mlops_assignment_2/myenv/lib/python3.10/site-packages/airflow/example_dags/example_sensors.py took 0.098 seconds
[2024-05-12T20:40:09.736+0500] {processor.py:161} INFO - Started process (PID=16743) to work on /home/awahab02/mlops_assignment_2/myenv/lib/python3.10/site-packages/airflow/example_dags/example_sensors.py
[2024-05-12T20:40:09.762+0500] {processor.py:830} INFO - Processing file /home/awahab02/mlops_assignment_2/myenv/lib/python3.10/site-packages/airflow/example_dags/example_sensors.py for tasks to queue
[2024-05-12T20:40:09.763+0500] {logging_mixin.py:188} INFO - [2024-05-12T20:40:09.762+0500] {dagbag.py:545} INFO - Filling up the DagBag from /home/awahab02/mlops_assignment_2/myenv/lib/python3.10/site-packages/airflow/example_dags/example_sensors.py
[2024-05-12T20:40:09.772+0500] {processor.py:840} INFO - DAG(s) 'example_sensors' retrieved from /home/awahab02/mlops_assignment_2/myenv/lib/python3.10/site-packages/airflow/example_dags/example_sensors.py
[2024-05-12T20:40:09.790+0500] {logging_mixin.py:188} INFO - [2024-05-12T20:40:09.790+0500] {dag.py:3096} INFO - Sync 1 DAGs
[2024-05-12T20:40:09.798+0500] {logging_mixin.py:188} INFO - [2024-05-12T20:40:09.798+0500] {dag.py:3954} INFO - Setting next_dagrun for example_sensors to None, run_after=None
[2024-05-12T20:40:09.823+0500] {processor.py:183} INFO - Processing /home/awahab02/mlops_assignment_2/myenv/lib/python3.10/site-packages/airflow/example_dags/example_sensors.py took 0.092 seconds
[2024-05-12T20:41:01.105+0500] {processor.py:161} INFO - Started process (PID=17110) to work on /home/awahab02/mlops_assignment_2/myenv/lib/python3.10/site-packages/airflow/example_dags/example_sensors.py
[2024-05-12T20:41:01.107+0500] {processor.py:830} INFO - Processing file /home/awahab02/mlops_assignment_2/myenv/lib/python3.10/site-packages/airflow/example_dags/example_sensors.py for tasks to queue
[2024-05-12T20:41:01.108+0500] {logging_mixin.py:188} INFO - [2024-05-12T20:41:01.107+0500] {dagbag.py:545} INFO - Filling up the DagBag from /home/awahab02/mlops_assignment_2/myenv/lib/python3.10/site-packages/airflow/example_dags/example_sensors.py
[2024-05-12T20:41:01.117+0500] {processor.py:840} INFO - DAG(s) 'example_sensors' retrieved from /home/awahab02/mlops_assignment_2/myenv/lib/python3.10/site-packages/airflow/example_dags/example_sensors.py
[2024-05-12T20:41:01.133+0500] {logging_mixin.py:188} INFO - [2024-05-12T20:41:01.132+0500] {dag.py:3096} INFO - Sync 1 DAGs
[2024-05-12T20:41:01.141+0500] {logging_mixin.py:188} INFO - [2024-05-12T20:41:01.141+0500] {dag.py:3954} INFO - Setting next_dagrun for example_sensors to None, run_after=None
[2024-05-12T20:41:01.167+0500] {processor.py:183} INFO - Processing /home/awahab02/mlops_assignment_2/myenv/lib/python3.10/site-packages/airflow/example_dags/example_sensors.py took 0.067 seconds
[2024-05-12T20:42:06.321+0500] {processor.py:161} INFO - Started process (PID=17516) to work on /home/awahab02/mlops_assignment_2/myenv/lib/python3.10/site-packages/airflow/example_dags/example_sensors.py
[2024-05-12T20:42:06.375+0500] {processor.py:830} INFO - Processing file /home/awahab02/mlops_assignment_2/myenv/lib/python3.10/site-packages/airflow/example_dags/example_sensors.py for tasks to queue
[2024-05-12T20:42:06.376+0500] {logging_mixin.py:188} INFO - [2024-05-12T20:42:06.375+0500] {dagbag.py:545} INFO - Filling up the DagBag from /home/awahab02/mlops_assignment_2/myenv/lib/python3.10/site-packages/airflow/example_dags/example_sensors.py
[2024-05-12T20:42:06.384+0500] {processor.py:840} INFO - DAG(s) 'example_sensors' retrieved from /home/awahab02/mlops_assignment_2/myenv/lib/python3.10/site-packages/airflow/example_dags/example_sensors.py
[2024-05-12T20:42:06.400+0500] {logging_mixin.py:188} INFO - [2024-05-12T20:42:06.400+0500] {dag.py:3096} INFO - Sync 1 DAGs
[2024-05-12T20:42:06.409+0500] {logging_mixin.py:188} INFO - [2024-05-12T20:42:06.409+0500] {dag.py:3954} INFO - Setting next_dagrun for example_sensors to None, run_after=None
[2024-05-12T20:42:06.434+0500] {processor.py:183} INFO - Processing /home/awahab02/mlops_assignment_2/myenv/lib/python3.10/site-packages/airflow/example_dags/example_sensors.py took 0.119 seconds
[2024-05-12T20:43:14.175+0500] {processor.py:161} INFO - Started process (PID=18028) to work on /home/awahab02/mlops_assignment_2/myenv/lib/python3.10/site-packages/airflow/example_dags/example_sensors.py
[2024-05-12T20:43:14.197+0500] {processor.py:830} INFO - Processing file /home/awahab02/mlops_assignment_2/myenv/lib/python3.10/site-packages/airflow/example_dags/example_sensors.py for tasks to queue
[2024-05-12T20:43:14.198+0500] {logging_mixin.py:188} INFO - [2024-05-12T20:43:14.198+0500] {dagbag.py:545} INFO - Filling up the DagBag from /home/awahab02/mlops_assignment_2/myenv/lib/python3.10/site-packages/airflow/example_dags/example_sensors.py
[2024-05-12T20:43:14.209+0500] {processor.py:840} INFO - DAG(s) 'example_sensors' retrieved from /home/awahab02/mlops_assignment_2/myenv/lib/python3.10/site-packages/airflow/example_dags/example_sensors.py
[2024-05-12T20:43:14.226+0500] {logging_mixin.py:188} INFO - [2024-05-12T20:43:14.226+0500] {dag.py:3096} INFO - Sync 1 DAGs
[2024-05-12T20:43:14.237+0500] {logging_mixin.py:188} INFO - [2024-05-12T20:43:14.236+0500] {dag.py:3954} INFO - Setting next_dagrun for example_sensors to None, run_after=None
[2024-05-12T20:43:14.265+0500] {processor.py:183} INFO - Processing /home/awahab02/mlops_assignment_2/myenv/lib/python3.10/site-packages/airflow/example_dags/example_sensors.py took 0.098 seconds
