[2024-05-12T20:21:08.462+0500] {processor.py:161} INFO - Started process (PID=9482) to work on /home/awahab02/mlops_assignment_2/myenv/lib/python3.10/site-packages/airflow/example_dags/example_branch_labels.py
[2024-05-12T20:21:08.463+0500] {processor.py:830} INFO - Processing file /home/awahab02/mlops_assignment_2/myenv/lib/python3.10/site-packages/airflow/example_dags/example_branch_labels.py for tasks to queue
[2024-05-12T20:21:08.464+0500] {logging_mixin.py:188} INFO - [2024-05-12T20:21:08.464+0500] {dagbag.py:545} INFO - Filling up the DagBag from /home/awahab02/mlops_assignment_2/myenv/lib/python3.10/site-packages/airflow/example_dags/example_branch_labels.py
[2024-05-12T20:21:08.471+0500] {processor.py:840} INFO - DAG(s) 'example_branch_labels' retrieved from /home/awahab02/mlops_assignment_2/myenv/lib/python3.10/site-packages/airflow/example_dags/example_branch_labels.py
[2024-05-12T20:21:08.573+0500] {logging_mixin.py:188} INFO - [2024-05-12T20:21:08.572+0500] {override.py:1829} INFO - Created Permission View: can read on DAG:example_branch_labels
[2024-05-12T20:21:08.590+0500] {logging_mixin.py:188} INFO - [2024-05-12T20:21:08.590+0500] {override.py:1829} INFO - Created Permission View: can edit on DAG:example_branch_labels
[2024-05-12T20:21:08.604+0500] {logging_mixin.py:188} INFO - [2024-05-12T20:21:08.603+0500] {override.py:1829} INFO - Created Permission View: can delete on DAG:example_branch_labels
[2024-05-12T20:21:08.604+0500] {logging_mixin.py:188} INFO - [2024-05-12T20:21:08.604+0500] {dag.py:3096} INFO - Sync 1 DAGs
[2024-05-12T20:21:08.612+0500] {logging_mixin.py:188} INFO - [2024-05-12T20:21:08.612+0500] {dag.py:3118} INFO - Creating ORM DAG for example_branch_labels
[2024-05-12T20:21:08.623+0500] {logging_mixin.py:188} INFO - [2024-05-12T20:21:08.623+0500] {dag.py:3954} INFO - Setting next_dagrun for example_branch_labels to 2024-05-11 00:00:00+00:00, run_after=2024-05-12 00:00:00+00:00
[2024-05-12T20:21:08.649+0500] {processor.py:183} INFO - Processing /home/awahab02/mlops_assignment_2/myenv/lib/python3.10/site-packages/airflow/example_dags/example_branch_labels.py took 0.191 seconds
[2024-05-12T20:22:00.472+0500] {processor.py:161} INFO - Started process (PID=9686) to work on /home/awahab02/mlops_assignment_2/myenv/lib/python3.10/site-packages/airflow/example_dags/example_branch_labels.py
[2024-05-12T20:22:00.521+0500] {processor.py:830} INFO - Processing file /home/awahab02/mlops_assignment_2/myenv/lib/python3.10/site-packages/airflow/example_dags/example_branch_labels.py for tasks to queue
[2024-05-12T20:22:00.523+0500] {logging_mixin.py:188} INFO - [2024-05-12T20:22:00.522+0500] {dagbag.py:545} INFO - Filling up the DagBag from /home/awahab02/mlops_assignment_2/myenv/lib/python3.10/site-packages/airflow/example_dags/example_branch_labels.py
[2024-05-12T20:22:00.529+0500] {processor.py:840} INFO - DAG(s) 'example_branch_labels' retrieved from /home/awahab02/mlops_assignment_2/myenv/lib/python3.10/site-packages/airflow/example_dags/example_branch_labels.py
[2024-05-12T20:22:00.543+0500] {logging_mixin.py:188} INFO - [2024-05-12T20:22:00.543+0500] {dag.py:3096} INFO - Sync 1 DAGs
[2024-05-12T20:22:00.561+0500] {logging_mixin.py:188} INFO - [2024-05-12T20:22:00.561+0500] {dag.py:3954} INFO - Setting next_dagrun for example_branch_labels to 2024-05-11 00:00:00+00:00, run_after=2024-05-12 00:00:00+00:00
[2024-05-12T20:22:00.585+0500] {processor.py:183} INFO - Processing /home/awahab02/mlops_assignment_2/myenv/lib/python3.10/site-packages/airflow/example_dags/example_branch_labels.py took 0.117 seconds
[2024-05-12T20:22:59.112+0500] {processor.py:161} INFO - Started process (PID=10000) to work on /home/awahab02/mlops_assignment_2/myenv/lib/python3.10/site-packages/airflow/example_dags/example_branch_labels.py
[2024-05-12T20:22:59.113+0500] {processor.py:830} INFO - Processing file /home/awahab02/mlops_assignment_2/myenv/lib/python3.10/site-packages/airflow/example_dags/example_branch_labels.py for tasks to queue
[2024-05-12T20:22:59.115+0500] {logging_mixin.py:188} INFO - [2024-05-12T20:22:59.114+0500] {dagbag.py:545} INFO - Filling up the DagBag from /home/awahab02/mlops_assignment_2/myenv/lib/python3.10/site-packages/airflow/example_dags/example_branch_labels.py
[2024-05-12T20:22:59.123+0500] {processor.py:840} INFO - DAG(s) 'example_branch_labels' retrieved from /home/awahab02/mlops_assignment_2/myenv/lib/python3.10/site-packages/airflow/example_dags/example_branch_labels.py
[2024-05-12T20:22:59.141+0500] {logging_mixin.py:188} INFO - [2024-05-12T20:22:59.141+0500] {dag.py:3096} INFO - Sync 1 DAGs
[2024-05-12T20:22:59.161+0500] {logging_mixin.py:188} INFO - [2024-05-12T20:22:59.161+0500] {dag.py:3954} INFO - Setting next_dagrun for example_branch_labels to 2024-05-11 00:00:00+00:00, run_after=2024-05-12 00:00:00+00:00
[2024-05-12T20:22:59.187+0500] {processor.py:183} INFO - Processing /home/awahab02/mlops_assignment_2/myenv/lib/python3.10/site-packages/airflow/example_dags/example_branch_labels.py took 0.080 seconds
[2024-05-12T20:23:59.758+0500] {processor.py:161} INFO - Started process (PID=10491) to work on /home/awahab02/mlops_assignment_2/myenv/lib/python3.10/site-packages/airflow/example_dags/example_branch_labels.py
[2024-05-12T20:23:59.787+0500] {processor.py:830} INFO - Processing file /home/awahab02/mlops_assignment_2/myenv/lib/python3.10/site-packages/airflow/example_dags/example_branch_labels.py for tasks to queue
[2024-05-12T20:23:59.788+0500] {logging_mixin.py:188} INFO - [2024-05-12T20:23:59.788+0500] {dagbag.py:545} INFO - Filling up the DagBag from /home/awahab02/mlops_assignment_2/myenv/lib/python3.10/site-packages/airflow/example_dags/example_branch_labels.py
[2024-05-12T20:23:59.795+0500] {processor.py:840} INFO - DAG(s) 'example_branch_labels' retrieved from /home/awahab02/mlops_assignment_2/myenv/lib/python3.10/site-packages/airflow/example_dags/example_branch_labels.py
[2024-05-12T20:23:59.807+0500] {logging_mixin.py:188} INFO - [2024-05-12T20:23:59.807+0500] {dag.py:3096} INFO - Sync 1 DAGs
[2024-05-12T20:23:59.823+0500] {logging_mixin.py:188} INFO - [2024-05-12T20:23:59.823+0500] {dag.py:3954} INFO - Setting next_dagrun for example_branch_labels to 2024-05-11 00:00:00+00:00, run_after=2024-05-12 00:00:00+00:00
[2024-05-12T20:23:59.849+0500] {processor.py:183} INFO - Processing /home/awahab02/mlops_assignment_2/myenv/lib/python3.10/site-packages/airflow/example_dags/example_branch_labels.py took 0.095 seconds
[2024-05-12T20:24:58.340+0500] {processor.py:161} INFO - Started process (PID=10757) to work on /home/awahab02/mlops_assignment_2/myenv/lib/python3.10/site-packages/airflow/example_dags/example_branch_labels.py
[2024-05-12T20:24:58.380+0500] {processor.py:830} INFO - Processing file /home/awahab02/mlops_assignment_2/myenv/lib/python3.10/site-packages/airflow/example_dags/example_branch_labels.py for tasks to queue
[2024-05-12T20:24:58.382+0500] {logging_mixin.py:188} INFO - [2024-05-12T20:24:58.381+0500] {dagbag.py:545} INFO - Filling up the DagBag from /home/awahab02/mlops_assignment_2/myenv/lib/python3.10/site-packages/airflow/example_dags/example_branch_labels.py
[2024-05-12T20:24:58.388+0500] {processor.py:840} INFO - DAG(s) 'example_branch_labels' retrieved from /home/awahab02/mlops_assignment_2/myenv/lib/python3.10/site-packages/airflow/example_dags/example_branch_labels.py
[2024-05-12T20:24:58.404+0500] {logging_mixin.py:188} INFO - [2024-05-12T20:24:58.404+0500] {dag.py:3096} INFO - Sync 1 DAGs
[2024-05-12T20:24:58.421+0500] {logging_mixin.py:188} INFO - [2024-05-12T20:24:58.421+0500] {dag.py:3954} INFO - Setting next_dagrun for example_branch_labels to 2024-05-11 00:00:00+00:00, run_after=2024-05-12 00:00:00+00:00
[2024-05-12T20:24:58.448+0500] {processor.py:183} INFO - Processing /home/awahab02/mlops_assignment_2/myenv/lib/python3.10/site-packages/airflow/example_dags/example_branch_labels.py took 0.113 seconds
[2024-05-12T20:26:01.325+0500] {processor.py:161} INFO - Started process (PID=11083) to work on /home/awahab02/mlops_assignment_2/myenv/lib/python3.10/site-packages/airflow/example_dags/example_branch_labels.py
[2024-05-12T20:26:01.382+0500] {processor.py:830} INFO - Processing file /home/awahab02/mlops_assignment_2/myenv/lib/python3.10/site-packages/airflow/example_dags/example_branch_labels.py for tasks to queue
[2024-05-12T20:26:01.384+0500] {logging_mixin.py:188} INFO - [2024-05-12T20:26:01.384+0500] {dagbag.py:545} INFO - Filling up the DagBag from /home/awahab02/mlops_assignment_2/myenv/lib/python3.10/site-packages/airflow/example_dags/example_branch_labels.py
[2024-05-12T20:26:01.394+0500] {processor.py:840} INFO - DAG(s) 'example_branch_labels' retrieved from /home/awahab02/mlops_assignment_2/myenv/lib/python3.10/site-packages/airflow/example_dags/example_branch_labels.py
[2024-05-12T20:26:01.409+0500] {logging_mixin.py:188} INFO - [2024-05-12T20:26:01.409+0500] {dag.py:3096} INFO - Sync 1 DAGs
[2024-05-12T20:26:01.431+0500] {logging_mixin.py:188} INFO - [2024-05-12T20:26:01.431+0500] {dag.py:3954} INFO - Setting next_dagrun for example_branch_labels to 2024-05-11 00:00:00+00:00, run_after=2024-05-12 00:00:00+00:00
[2024-05-12T20:26:01.463+0500] {processor.py:183} INFO - Processing /home/awahab02/mlops_assignment_2/myenv/lib/python3.10/site-packages/airflow/example_dags/example_branch_labels.py took 0.143 seconds
[2024-05-12T20:27:05.217+0500] {processor.py:161} INFO - Started process (PID=11522) to work on /home/awahab02/mlops_assignment_2/myenv/lib/python3.10/site-packages/airflow/example_dags/example_branch_labels.py
[2024-05-12T20:27:05.252+0500] {processor.py:830} INFO - Processing file /home/awahab02/mlops_assignment_2/myenv/lib/python3.10/site-packages/airflow/example_dags/example_branch_labels.py for tasks to queue
[2024-05-12T20:27:05.254+0500] {logging_mixin.py:188} INFO - [2024-05-12T20:27:05.253+0500] {dagbag.py:545} INFO - Filling up the DagBag from /home/awahab02/mlops_assignment_2/myenv/lib/python3.10/site-packages/airflow/example_dags/example_branch_labels.py
[2024-05-12T20:27:05.271+0500] {processor.py:840} INFO - DAG(s) 'example_branch_labels' retrieved from /home/awahab02/mlops_assignment_2/myenv/lib/python3.10/site-packages/airflow/example_dags/example_branch_labels.py
[2024-05-12T20:27:05.297+0500] {logging_mixin.py:188} INFO - [2024-05-12T20:27:05.297+0500] {dag.py:3096} INFO - Sync 1 DAGs
[2024-05-12T20:27:05.325+0500] {logging_mixin.py:188} INFO - [2024-05-12T20:27:05.325+0500] {dag.py:3954} INFO - Setting next_dagrun for example_branch_labels to 2024-05-11 00:00:00+00:00, run_after=2024-05-12 00:00:00+00:00
[2024-05-12T20:27:05.360+0500] {processor.py:183} INFO - Processing /home/awahab02/mlops_assignment_2/myenv/lib/python3.10/site-packages/airflow/example_dags/example_branch_labels.py took 0.150 seconds
[2024-05-12T20:28:11.035+0500] {processor.py:161} INFO - Started process (PID=12070) to work on /home/awahab02/mlops_assignment_2/myenv/lib/python3.10/site-packages/airflow/example_dags/example_branch_labels.py
[2024-05-12T20:28:11.046+0500] {processor.py:830} INFO - Processing file /home/awahab02/mlops_assignment_2/myenv/lib/python3.10/site-packages/airflow/example_dags/example_branch_labels.py for tasks to queue
[2024-05-12T20:28:11.050+0500] {logging_mixin.py:188} INFO - [2024-05-12T20:28:11.049+0500] {dagbag.py:545} INFO - Filling up the DagBag from /home/awahab02/mlops_assignment_2/myenv/lib/python3.10/site-packages/airflow/example_dags/example_branch_labels.py
[2024-05-12T20:28:11.066+0500] {processor.py:840} INFO - DAG(s) 'example_branch_labels' retrieved from /home/awahab02/mlops_assignment_2/myenv/lib/python3.10/site-packages/airflow/example_dags/example_branch_labels.py
[2024-05-12T20:28:11.083+0500] {logging_mixin.py:188} INFO - [2024-05-12T20:28:11.083+0500] {dag.py:3096} INFO - Sync 1 DAGs
[2024-05-12T20:28:11.098+0500] {logging_mixin.py:188} INFO - [2024-05-12T20:28:11.098+0500] {dag.py:3954} INFO - Setting next_dagrun for example_branch_labels to 2024-05-11 00:00:00+00:00, run_after=2024-05-12 00:00:00+00:00
[2024-05-12T20:28:11.124+0500] {processor.py:183} INFO - Processing /home/awahab02/mlops_assignment_2/myenv/lib/python3.10/site-packages/airflow/example_dags/example_branch_labels.py took 0.094 seconds
[2024-05-12T20:29:03.784+0500] {processor.py:161} INFO - Started process (PID=12323) to work on /home/awahab02/mlops_assignment_2/myenv/lib/python3.10/site-packages/airflow/example_dags/example_branch_labels.py
[2024-05-12T20:29:03.786+0500] {processor.py:830} INFO - Processing file /home/awahab02/mlops_assignment_2/myenv/lib/python3.10/site-packages/airflow/example_dags/example_branch_labels.py for tasks to queue
[2024-05-12T20:29:03.787+0500] {logging_mixin.py:188} INFO - [2024-05-12T20:29:03.787+0500] {dagbag.py:545} INFO - Filling up the DagBag from /home/awahab02/mlops_assignment_2/myenv/lib/python3.10/site-packages/airflow/example_dags/example_branch_labels.py
[2024-05-12T20:29:03.793+0500] {processor.py:840} INFO - DAG(s) 'example_branch_labels' retrieved from /home/awahab02/mlops_assignment_2/myenv/lib/python3.10/site-packages/airflow/example_dags/example_branch_labels.py
[2024-05-12T20:29:03.806+0500] {logging_mixin.py:188} INFO - [2024-05-12T20:29:03.806+0500] {dag.py:3096} INFO - Sync 1 DAGs
[2024-05-12T20:29:03.822+0500] {logging_mixin.py:188} INFO - [2024-05-12T20:29:03.822+0500] {dag.py:3954} INFO - Setting next_dagrun for example_branch_labels to 2024-05-11 00:00:00+00:00, run_after=2024-05-12 00:00:00+00:00
[2024-05-12T20:29:03.845+0500] {processor.py:183} INFO - Processing /home/awahab02/mlops_assignment_2/myenv/lib/python3.10/site-packages/airflow/example_dags/example_branch_labels.py took 0.066 seconds
[2024-05-12T20:30:34.351+0500] {processor.py:161} INFO - Started process (PID=12994) to work on /home/awahab02/mlops_assignment_2/myenv/lib/python3.10/site-packages/airflow/example_dags/example_branch_labels.py
[2024-05-12T20:30:34.403+0500] {processor.py:830} INFO - Processing file /home/awahab02/mlops_assignment_2/myenv/lib/python3.10/site-packages/airflow/example_dags/example_branch_labels.py for tasks to queue
[2024-05-12T20:30:34.404+0500] {logging_mixin.py:188} INFO - [2024-05-12T20:30:34.404+0500] {dagbag.py:545} INFO - Filling up the DagBag from /home/awahab02/mlops_assignment_2/myenv/lib/python3.10/site-packages/airflow/example_dags/example_branch_labels.py
[2024-05-12T20:30:34.412+0500] {processor.py:840} INFO - DAG(s) 'example_branch_labels' retrieved from /home/awahab02/mlops_assignment_2/myenv/lib/python3.10/site-packages/airflow/example_dags/example_branch_labels.py
[2024-05-12T20:30:34.425+0500] {logging_mixin.py:188} INFO - [2024-05-12T20:30:34.425+0500] {dag.py:3096} INFO - Sync 1 DAGs
[2024-05-12T20:30:34.441+0500] {logging_mixin.py:188} INFO - [2024-05-12T20:30:34.441+0500] {dag.py:3954} INFO - Setting next_dagrun for example_branch_labels to 2024-05-11 00:00:00+00:00, run_after=2024-05-12 00:00:00+00:00
[2024-05-12T20:30:34.465+0500] {processor.py:183} INFO - Processing /home/awahab02/mlops_assignment_2/myenv/lib/python3.10/site-packages/airflow/example_dags/example_branch_labels.py took 0.120 seconds
[2024-05-12T20:31:36.425+0500] {processor.py:161} INFO - Started process (PID=13320) to work on /home/awahab02/mlops_assignment_2/myenv/lib/python3.10/site-packages/airflow/example_dags/example_branch_labels.py
[2024-05-12T20:31:36.466+0500] {processor.py:830} INFO - Processing file /home/awahab02/mlops_assignment_2/myenv/lib/python3.10/site-packages/airflow/example_dags/example_branch_labels.py for tasks to queue
[2024-05-12T20:31:36.472+0500] {logging_mixin.py:188} INFO - [2024-05-12T20:31:36.470+0500] {dagbag.py:545} INFO - Filling up the DagBag from /home/awahab02/mlops_assignment_2/myenv/lib/python3.10/site-packages/airflow/example_dags/example_branch_labels.py
[2024-05-12T20:31:36.484+0500] {processor.py:840} INFO - DAG(s) 'example_branch_labels' retrieved from /home/awahab02/mlops_assignment_2/myenv/lib/python3.10/site-packages/airflow/example_dags/example_branch_labels.py
[2024-05-12T20:31:36.497+0500] {logging_mixin.py:188} INFO - [2024-05-12T20:31:36.497+0500] {dag.py:3096} INFO - Sync 1 DAGs
[2024-05-12T20:31:36.513+0500] {logging_mixin.py:188} INFO - [2024-05-12T20:31:36.513+0500] {dag.py:3954} INFO - Setting next_dagrun for example_branch_labels to 2024-05-11 00:00:00+00:00, run_after=2024-05-12 00:00:00+00:00
[2024-05-12T20:31:36.537+0500] {processor.py:183} INFO - Processing /home/awahab02/mlops_assignment_2/myenv/lib/python3.10/site-packages/airflow/example_dags/example_branch_labels.py took 0.116 seconds
[2024-05-12T20:34:51.283+0500] {processor.py:161} INFO - Started process (PID=14631) to work on /home/awahab02/mlops_assignment_2/myenv/lib/python3.10/site-packages/airflow/example_dags/example_branch_labels.py
[2024-05-12T20:34:51.285+0500] {processor.py:830} INFO - Processing file /home/awahab02/mlops_assignment_2/myenv/lib/python3.10/site-packages/airflow/example_dags/example_branch_labels.py for tasks to queue
[2024-05-12T20:34:51.286+0500] {logging_mixin.py:188} INFO - [2024-05-12T20:34:51.286+0500] {dagbag.py:545} INFO - Filling up the DagBag from /home/awahab02/mlops_assignment_2/myenv/lib/python3.10/site-packages/airflow/example_dags/example_branch_labels.py
[2024-05-12T20:34:51.292+0500] {processor.py:840} INFO - DAG(s) 'example_branch_labels' retrieved from /home/awahab02/mlops_assignment_2/myenv/lib/python3.10/site-packages/airflow/example_dags/example_branch_labels.py
[2024-05-12T20:34:51.307+0500] {logging_mixin.py:188} INFO - [2024-05-12T20:34:51.307+0500] {dag.py:3096} INFO - Sync 1 DAGs
[2024-05-12T20:34:51.321+0500] {logging_mixin.py:188} INFO - [2024-05-12T20:34:51.321+0500] {dag.py:3954} INFO - Setting next_dagrun for example_branch_labels to 2024-05-11 00:00:00+00:00, run_after=2024-05-12 00:00:00+00:00
[2024-05-12T20:34:51.347+0500] {processor.py:183} INFO - Processing /home/awahab02/mlops_assignment_2/myenv/lib/python3.10/site-packages/airflow/example_dags/example_branch_labels.py took 0.068 seconds
[2024-05-12T20:35:44.289+0500] {processor.py:161} INFO - Started process (PID=14917) to work on /home/awahab02/mlops_assignment_2/myenv/lib/python3.10/site-packages/airflow/example_dags/example_branch_labels.py
[2024-05-12T20:35:44.291+0500] {processor.py:830} INFO - Processing file /home/awahab02/mlops_assignment_2/myenv/lib/python3.10/site-packages/airflow/example_dags/example_branch_labels.py for tasks to queue
[2024-05-12T20:35:44.292+0500] {logging_mixin.py:188} INFO - [2024-05-12T20:35:44.292+0500] {dagbag.py:545} INFO - Filling up the DagBag from /home/awahab02/mlops_assignment_2/myenv/lib/python3.10/site-packages/airflow/example_dags/example_branch_labels.py
[2024-05-12T20:35:44.299+0500] {processor.py:840} INFO - DAG(s) 'example_branch_labels' retrieved from /home/awahab02/mlops_assignment_2/myenv/lib/python3.10/site-packages/airflow/example_dags/example_branch_labels.py
[2024-05-12T20:35:44.311+0500] {logging_mixin.py:188} INFO - [2024-05-12T20:35:44.311+0500] {dag.py:3096} INFO - Sync 1 DAGs
[2024-05-12T20:35:44.326+0500] {logging_mixin.py:188} INFO - [2024-05-12T20:35:44.326+0500] {dag.py:3954} INFO - Setting next_dagrun for example_branch_labels to 2024-05-11 00:00:00+00:00, run_after=2024-05-12 00:00:00+00:00
[2024-05-12T20:35:44.362+0500] {processor.py:183} INFO - Processing /home/awahab02/mlops_assignment_2/myenv/lib/python3.10/site-packages/airflow/example_dags/example_branch_labels.py took 0.077 seconds
[2024-05-12T20:36:51.905+0500] {processor.py:161} INFO - Started process (PID=15251) to work on /home/awahab02/mlops_assignment_2/myenv/lib/python3.10/site-packages/airflow/example_dags/example_branch_labels.py
[2024-05-12T20:36:51.906+0500] {processor.py:830} INFO - Processing file /home/awahab02/mlops_assignment_2/myenv/lib/python3.10/site-packages/airflow/example_dags/example_branch_labels.py for tasks to queue
[2024-05-12T20:36:51.907+0500] {logging_mixin.py:188} INFO - [2024-05-12T20:36:51.907+0500] {dagbag.py:545} INFO - Filling up the DagBag from /home/awahab02/mlops_assignment_2/myenv/lib/python3.10/site-packages/airflow/example_dags/example_branch_labels.py
[2024-05-12T20:36:51.913+0500] {processor.py:840} INFO - DAG(s) 'example_branch_labels' retrieved from /home/awahab02/mlops_assignment_2/myenv/lib/python3.10/site-packages/airflow/example_dags/example_branch_labels.py
[2024-05-12T20:36:51.927+0500] {logging_mixin.py:188} INFO - [2024-05-12T20:36:51.926+0500] {dag.py:3096} INFO - Sync 1 DAGs
[2024-05-12T20:36:51.941+0500] {logging_mixin.py:188} INFO - [2024-05-12T20:36:51.941+0500] {dag.py:3954} INFO - Setting next_dagrun for example_branch_labels to 2024-05-11 00:00:00+00:00, run_after=2024-05-12 00:00:00+00:00
[2024-05-12T20:36:51.967+0500] {processor.py:183} INFO - Processing /home/awahab02/mlops_assignment_2/myenv/lib/python3.10/site-packages/airflow/example_dags/example_branch_labels.py took 0.068 seconds
[2024-05-12T20:39:24.947+0500] {processor.py:161} INFO - Started process (PID=16442) to work on /home/awahab02/mlops_assignment_2/myenv/lib/python3.10/site-packages/airflow/example_dags/example_branch_labels.py
[2024-05-12T20:39:24.984+0500] {processor.py:830} INFO - Processing file /home/awahab02/mlops_assignment_2/myenv/lib/python3.10/site-packages/airflow/example_dags/example_branch_labels.py for tasks to queue
[2024-05-12T20:39:24.985+0500] {logging_mixin.py:188} INFO - [2024-05-12T20:39:24.985+0500] {dagbag.py:545} INFO - Filling up the DagBag from /home/awahab02/mlops_assignment_2/myenv/lib/python3.10/site-packages/airflow/example_dags/example_branch_labels.py
[2024-05-12T20:39:24.992+0500] {processor.py:840} INFO - DAG(s) 'example_branch_labels' retrieved from /home/awahab02/mlops_assignment_2/myenv/lib/python3.10/site-packages/airflow/example_dags/example_branch_labels.py
[2024-05-12T20:39:25.006+0500] {logging_mixin.py:188} INFO - [2024-05-12T20:39:25.006+0500] {dag.py:3096} INFO - Sync 1 DAGs
[2024-05-12T20:39:25.022+0500] {logging_mixin.py:188} INFO - [2024-05-12T20:39:25.022+0500] {dag.py:3954} INFO - Setting next_dagrun for example_branch_labels to 2024-05-11 00:00:00+00:00, run_after=2024-05-12 00:00:00+00:00
[2024-05-12T20:39:25.045+0500] {processor.py:183} INFO - Processing /home/awahab02/mlops_assignment_2/myenv/lib/python3.10/site-packages/airflow/example_dags/example_branch_labels.py took 0.104 seconds
[2024-05-12T20:40:17.860+0500] {processor.py:161} INFO - Started process (PID=16792) to work on /home/awahab02/mlops_assignment_2/myenv/lib/python3.10/site-packages/airflow/example_dags/example_branch_labels.py
[2024-05-12T20:40:17.898+0500] {processor.py:830} INFO - Processing file /home/awahab02/mlops_assignment_2/myenv/lib/python3.10/site-packages/airflow/example_dags/example_branch_labels.py for tasks to queue
[2024-05-12T20:40:17.899+0500] {logging_mixin.py:188} INFO - [2024-05-12T20:40:17.899+0500] {dagbag.py:545} INFO - Filling up the DagBag from /home/awahab02/mlops_assignment_2/myenv/lib/python3.10/site-packages/airflow/example_dags/example_branch_labels.py
[2024-05-12T20:40:17.906+0500] {processor.py:840} INFO - DAG(s) 'example_branch_labels' retrieved from /home/awahab02/mlops_assignment_2/myenv/lib/python3.10/site-packages/airflow/example_dags/example_branch_labels.py
[2024-05-12T20:40:17.920+0500] {logging_mixin.py:188} INFO - [2024-05-12T20:40:17.920+0500] {dag.py:3096} INFO - Sync 1 DAGs
[2024-05-12T20:40:17.935+0500] {logging_mixin.py:188} INFO - [2024-05-12T20:40:17.935+0500] {dag.py:3954} INFO - Setting next_dagrun for example_branch_labels to 2024-05-11 00:00:00+00:00, run_after=2024-05-12 00:00:00+00:00
[2024-05-12T20:40:17.960+0500] {processor.py:183} INFO - Processing /home/awahab02/mlops_assignment_2/myenv/lib/python3.10/site-packages/airflow/example_dags/example_branch_labels.py took 0.105 seconds
[2024-05-12T20:41:24.978+0500] {processor.py:161} INFO - Started process (PID=17231) to work on /home/awahab02/mlops_assignment_2/myenv/lib/python3.10/site-packages/airflow/example_dags/example_branch_labels.py
[2024-05-12T20:41:24.979+0500] {processor.py:830} INFO - Processing file /home/awahab02/mlops_assignment_2/myenv/lib/python3.10/site-packages/airflow/example_dags/example_branch_labels.py for tasks to queue
[2024-05-12T20:41:24.980+0500] {logging_mixin.py:188} INFO - [2024-05-12T20:41:24.980+0500] {dagbag.py:545} INFO - Filling up the DagBag from /home/awahab02/mlops_assignment_2/myenv/lib/python3.10/site-packages/airflow/example_dags/example_branch_labels.py
[2024-05-12T20:41:24.986+0500] {processor.py:840} INFO - DAG(s) 'example_branch_labels' retrieved from /home/awahab02/mlops_assignment_2/myenv/lib/python3.10/site-packages/airflow/example_dags/example_branch_labels.py
[2024-05-12T20:41:24.999+0500] {logging_mixin.py:188} INFO - [2024-05-12T20:41:24.999+0500] {dag.py:3096} INFO - Sync 1 DAGs
[2024-05-12T20:41:25.016+0500] {logging_mixin.py:188} INFO - [2024-05-12T20:41:25.015+0500] {dag.py:3954} INFO - Setting next_dagrun for example_branch_labels to 2024-05-11 00:00:00+00:00, run_after=2024-05-12 00:00:00+00:00
