[2024-05-12T20:20:31.522+0500] {processor.py:161} INFO - Started process (PID=9203) to work on /home/awahab02/mlops_assignment_2/myenv/lib/python3.10/site-packages/airflow/example_dags/example_subdag_operator.py
[2024-05-12T20:20:31.523+0500] {processor.py:830} INFO - Processing file /home/awahab02/mlops_assignment_2/myenv/lib/python3.10/site-packages/airflow/example_dags/example_subdag_operator.py for tasks to queue
[2024-05-12T20:20:31.525+0500] {logging_mixin.py:188} INFO - [2024-05-12T20:20:31.524+0500] {dagbag.py:545} INFO - Filling up the DagBag from /home/awahab02/mlops_assignment_2/myenv/lib/python3.10/site-packages/airflow/example_dags/example_subdag_operator.py
[2024-05-12T20:20:31.539+0500] {processor.py:840} INFO - DAG(s) 'example_subdag_operator.section-1', 'example_subdag_operator.section-2', 'example_subdag_operator' retrieved from /home/awahab02/mlops_assignment_2/myenv/lib/python3.10/site-packages/airflow/example_dags/example_subdag_operator.py
[2024-05-12T20:20:31.654+0500] {logging_mixin.py:188} INFO - [2024-05-12T20:20:31.654+0500] {override.py:1829} INFO - Created Permission View: can read on DAG:example_subdag_operator
[2024-05-12T20:20:31.670+0500] {logging_mixin.py:188} INFO - [2024-05-12T20:20:31.670+0500] {override.py:1829} INFO - Created Permission View: can edit on DAG:example_subdag_operator
[2024-05-12T20:20:31.684+0500] {logging_mixin.py:188} INFO - [2024-05-12T20:20:31.684+0500] {override.py:1829} INFO - Created Permission View: can delete on DAG:example_subdag_operator
[2024-05-12T20:20:31.685+0500] {logging_mixin.py:188} INFO - [2024-05-12T20:20:31.685+0500] {dag.py:3096} INFO - Sync 3 DAGs
[2024-05-12T20:20:31.692+0500] {logging_mixin.py:188} INFO - [2024-05-12T20:20:31.692+0500] {dag.py:3118} INFO - Creating ORM DAG for example_subdag_operator.section-1
[2024-05-12T20:20:31.693+0500] {logging_mixin.py:188} INFO - [2024-05-12T20:20:31.692+0500] {dag.py:3118} INFO - Creating ORM DAG for example_subdag_operator
[2024-05-12T20:20:31.693+0500] {logging_mixin.py:188} INFO - [2024-05-12T20:20:31.693+0500] {dag.py:3118} INFO - Creating ORM DAG for example_subdag_operator.section-2
[2024-05-12T20:20:31.700+0500] {logging_mixin.py:188} INFO - [2024-05-12T20:20:31.700+0500] {dag.py:3954} INFO - Setting next_dagrun for example_subdag_operator to 2022-01-01 00:00:00+00:00, run_after=2022-01-01 00:00:00+00:00
[2024-05-12T20:20:31.700+0500] {logging_mixin.py:188} INFO - [2024-05-12T20:20:31.700+0500] {dag.py:3954} INFO - Setting next_dagrun for example_subdag_operator.section-1 to None, run_after=None
[2024-05-12T20:20:31.700+0500] {logging_mixin.py:188} INFO - [2024-05-12T20:20:31.700+0500] {dag.py:3954} INFO - Setting next_dagrun for example_subdag_operator.section-2 to None, run_after=None
[2024-05-12T20:20:31.705+0500] {logging_mixin.py:188} INFO - [2024-05-12T20:20:31.705+0500] {dag.py:3096} INFO - Sync 2 DAGs
[2024-05-12T20:20:31.708+0500] {logging_mixin.py:188} INFO - [2024-05-12T20:20:31.708+0500] {dag.py:3954} INFO - Setting next_dagrun for example_subdag_operator.section-1 to None, run_after=None
[2024-05-12T20:20:31.710+0500] {logging_mixin.py:188} INFO - [2024-05-12T20:20:31.710+0500] {dag.py:3954} INFO - Setting next_dagrun for example_subdag_operator.section-2 to None, run_after=None
[2024-05-12T20:20:31.733+0500] {processor.py:183} INFO - Processing /home/awahab02/mlops_assignment_2/myenv/lib/python3.10/site-packages/airflow/example_dags/example_subdag_operator.py took 0.216 seconds
[2024-05-12T20:21:29.964+0500] {processor.py:161} INFO - Started process (PID=9570) to work on /home/awahab02/mlops_assignment_2/myenv/lib/python3.10/site-packages/airflow/example_dags/example_subdag_operator.py
[2024-05-12T20:21:29.988+0500] {processor.py:830} INFO - Processing file /home/awahab02/mlops_assignment_2/myenv/lib/python3.10/site-packages/airflow/example_dags/example_subdag_operator.py for tasks to queue
[2024-05-12T20:21:29.990+0500] {logging_mixin.py:188} INFO - [2024-05-12T20:21:29.989+0500] {dagbag.py:545} INFO - Filling up the DagBag from /home/awahab02/mlops_assignment_2/myenv/lib/python3.10/site-packages/airflow/example_dags/example_subdag_operator.py
[2024-05-12T20:21:30.007+0500] {processor.py:840} INFO - DAG(s) 'example_subdag_operator.section-1', 'example_subdag_operator.section-2', 'example_subdag_operator' retrieved from /home/awahab02/mlops_assignment_2/myenv/lib/python3.10/site-packages/airflow/example_dags/example_subdag_operator.py
[2024-05-12T20:21:30.019+0500] {logging_mixin.py:188} INFO - [2024-05-12T20:21:30.019+0500] {dag.py:3096} INFO - Sync 3 DAGs
[2024-05-12T20:21:30.034+0500] {logging_mixin.py:188} INFO - [2024-05-12T20:21:30.034+0500] {dag.py:3954} INFO - Setting next_dagrun for example_subdag_operator to 2022-01-01 00:00:00+00:00, run_after=2022-01-01 00:00:00+00:00
[2024-05-12T20:21:30.037+0500] {logging_mixin.py:188} INFO - [2024-05-12T20:21:30.037+0500] {dag.py:3954} INFO - Setting next_dagrun for example_subdag_operator.section-1 to None, run_after=None
[2024-05-12T20:21:30.037+0500] {logging_mixin.py:188} INFO - [2024-05-12T20:21:30.037+0500] {dag.py:3954} INFO - Setting next_dagrun for example_subdag_operator.section-2 to None, run_after=None
[2024-05-12T20:21:30.042+0500] {logging_mixin.py:188} INFO - [2024-05-12T20:21:30.042+0500] {dag.py:3096} INFO - Sync 2 DAGs
[2024-05-12T20:21:30.045+0500] {logging_mixin.py:188} INFO - [2024-05-12T20:21:30.045+0500] {dag.py:3954} INFO - Setting next_dagrun for example_subdag_operator.section-1 to None, run_after=None
[2024-05-12T20:21:30.045+0500] {logging_mixin.py:188} INFO - [2024-05-12T20:21:30.045+0500] {dag.py:3954} INFO - Setting next_dagrun for example_subdag_operator.section-2 to None, run_after=None
[2024-05-12T20:21:30.073+0500] {processor.py:183} INFO - Processing /home/awahab02/mlops_assignment_2/myenv/lib/python3.10/site-packages/airflow/example_dags/example_subdag_operator.py took 0.114 seconds
[2024-05-12T20:22:16.445+0500] {processor.py:161} INFO - Started process (PID=9751) to work on /home/awahab02/mlops_assignment_2/myenv/lib/python3.10/site-packages/airflow/example_dags/example_subdag_operator.py
[2024-05-12T20:22:16.473+0500] {processor.py:830} INFO - Processing file /home/awahab02/mlops_assignment_2/myenv/lib/python3.10/site-packages/airflow/example_dags/example_subdag_operator.py for tasks to queue
[2024-05-12T20:22:16.474+0500] {logging_mixin.py:188} INFO - [2024-05-12T20:22:16.474+0500] {dagbag.py:545} INFO - Filling up the DagBag from /home/awahab02/mlops_assignment_2/myenv/lib/python3.10/site-packages/airflow/example_dags/example_subdag_operator.py
[2024-05-12T20:22:16.489+0500] {processor.py:840} INFO - DAG(s) 'example_subdag_operator.section-1', 'example_subdag_operator.section-2', 'example_subdag_operator' retrieved from /home/awahab02/mlops_assignment_2/myenv/lib/python3.10/site-packages/airflow/example_dags/example_subdag_operator.py
[2024-05-12T20:22:16.501+0500] {logging_mixin.py:188} INFO - [2024-05-12T20:22:16.501+0500] {dag.py:3096} INFO - Sync 3 DAGs
[2024-05-12T20:22:16.516+0500] {logging_mixin.py:188} INFO - [2024-05-12T20:22:16.516+0500] {dag.py:3954} INFO - Setting next_dagrun for example_subdag_operator to 2022-01-01 00:00:00+00:00, run_after=2022-01-01 00:00:00+00:00
[2024-05-12T20:22:16.518+0500] {logging_mixin.py:188} INFO - [2024-05-12T20:22:16.518+0500] {dag.py:3954} INFO - Setting next_dagrun for example_subdag_operator.section-1 to None, run_after=None
[2024-05-12T20:22:16.519+0500] {logging_mixin.py:188} INFO - [2024-05-12T20:22:16.519+0500] {dag.py:3954} INFO - Setting next_dagrun for example_subdag_operator.section-2 to None, run_after=None
[2024-05-12T20:22:16.523+0500] {logging_mixin.py:188} INFO - [2024-05-12T20:22:16.523+0500] {dag.py:3096} INFO - Sync 2 DAGs
[2024-05-12T20:22:16.526+0500] {logging_mixin.py:188} INFO - [2024-05-12T20:22:16.526+0500] {dag.py:3954} INFO - Setting next_dagrun for example_subdag_operator.section-1 to None, run_after=None
[2024-05-12T20:22:16.526+0500] {logging_mixin.py:188} INFO - [2024-05-12T20:22:16.526+0500] {dag.py:3954} INFO - Setting next_dagrun for example_subdag_operator.section-2 to None, run_after=None
[2024-05-12T20:22:16.546+0500] {processor.py:183} INFO - Processing /home/awahab02/mlops_assignment_2/myenv/lib/python3.10/site-packages/airflow/example_dags/example_subdag_operator.py took 0.106 seconds
[2024-05-12T20:23:05.419+0500] {processor.py:161} INFO - Started process (PID=10066) to work on /home/awahab02/mlops_assignment_2/myenv/lib/python3.10/site-packages/airflow/example_dags/example_subdag_operator.py
[2024-05-12T20:23:05.468+0500] {processor.py:830} INFO - Processing file /home/awahab02/mlops_assignment_2/myenv/lib/python3.10/site-packages/airflow/example_dags/example_subdag_operator.py for tasks to queue
[2024-05-12T20:23:05.474+0500] {logging_mixin.py:188} INFO - [2024-05-12T20:23:05.473+0500] {dagbag.py:545} INFO - Filling up the DagBag from /home/awahab02/mlops_assignment_2/myenv/lib/python3.10/site-packages/airflow/example_dags/example_subdag_operator.py
[2024-05-12T20:23:05.506+0500] {processor.py:840} INFO - DAG(s) 'example_subdag_operator.section-1', 'example_subdag_operator.section-2', 'example_subdag_operator' retrieved from /home/awahab02/mlops_assignment_2/myenv/lib/python3.10/site-packages/airflow/example_dags/example_subdag_operator.py
[2024-05-12T20:23:05.520+0500] {logging_mixin.py:188} INFO - [2024-05-12T20:23:05.519+0500] {dag.py:3096} INFO - Sync 3 DAGs
[2024-05-12T20:23:05.536+0500] {logging_mixin.py:188} INFO - [2024-05-12T20:23:05.535+0500] {dag.py:3954} INFO - Setting next_dagrun for example_subdag_operator to 2022-01-01 00:00:00+00:00, run_after=2022-01-01 00:00:00+00:00
[2024-05-12T20:23:05.538+0500] {logging_mixin.py:188} INFO - [2024-05-12T20:23:05.538+0500] {dag.py:3954} INFO - Setting next_dagrun for example_subdag_operator.section-1 to None, run_after=None
[2024-05-12T20:23:05.539+0500] {logging_mixin.py:188} INFO - [2024-05-12T20:23:05.539+0500] {dag.py:3954} INFO - Setting next_dagrun for example_subdag_operator.section-2 to None, run_after=None
[2024-05-12T20:23:05.543+0500] {logging_mixin.py:188} INFO - [2024-05-12T20:23:05.543+0500] {dag.py:3096} INFO - Sync 2 DAGs
[2024-05-12T20:23:05.546+0500] {logging_mixin.py:188} INFO - [2024-05-12T20:23:05.546+0500] {dag.py:3954} INFO - Setting next_dagrun for example_subdag_operator.section-1 to None, run_after=None
[2024-05-12T20:23:05.547+0500] {logging_mixin.py:188} INFO - [2024-05-12T20:23:05.547+0500] {dag.py:3954} INFO - Setting next_dagrun for example_subdag_operator.section-2 to None, run_after=None
[2024-05-12T20:23:05.568+0500] {processor.py:183} INFO - Processing /home/awahab02/mlops_assignment_2/myenv/lib/python3.10/site-packages/airflow/example_dags/example_subdag_operator.py took 0.157 seconds
[2024-05-12T20:23:47.008+0500] {processor.py:161} INFO - Started process (PID=10436) to work on /home/awahab02/mlops_assignment_2/myenv/lib/python3.10/site-packages/airflow/example_dags/example_subdag_operator.py
[2024-05-12T20:23:47.054+0500] {processor.py:830} INFO - Processing file /home/awahab02/mlops_assignment_2/myenv/lib/python3.10/site-packages/airflow/example_dags/example_subdag_operator.py for tasks to queue
[2024-05-12T20:23:47.058+0500] {logging_mixin.py:188} INFO - [2024-05-12T20:23:47.057+0500] {dagbag.py:545} INFO - Filling up the DagBag from /home/awahab02/mlops_assignment_2/myenv/lib/python3.10/site-packages/airflow/example_dags/example_subdag_operator.py
[2024-05-12T20:23:47.077+0500] {processor.py:840} INFO - DAG(s) 'example_subdag_operator.section-1', 'example_subdag_operator.section-2', 'example_subdag_operator' retrieved from /home/awahab02/mlops_assignment_2/myenv/lib/python3.10/site-packages/airflow/example_dags/example_subdag_operator.py
[2024-05-12T20:23:47.089+0500] {logging_mixin.py:188} INFO - [2024-05-12T20:23:47.088+0500] {dag.py:3096} INFO - Sync 3 DAGs
[2024-05-12T20:23:47.104+0500] {logging_mixin.py:188} INFO - [2024-05-12T20:23:47.104+0500] {dag.py:3954} INFO - Setting next_dagrun for example_subdag_operator to 2022-01-01 00:00:00+00:00, run_after=2022-01-01 00:00:00+00:00
[2024-05-12T20:23:47.107+0500] {logging_mixin.py:188} INFO - [2024-05-12T20:23:47.107+0500] {dag.py:3954} INFO - Setting next_dagrun for example_subdag_operator.section-1 to None, run_after=None
[2024-05-12T20:23:47.107+0500] {logging_mixin.py:188} INFO - [2024-05-12T20:23:47.107+0500] {dag.py:3954} INFO - Setting next_dagrun for example_subdag_operator.section-2 to None, run_after=None
[2024-05-12T20:23:47.112+0500] {logging_mixin.py:188} INFO - [2024-05-12T20:23:47.112+0500] {dag.py:3096} INFO - Sync 2 DAGs
[2024-05-12T20:23:47.116+0500] {logging_mixin.py:188} INFO - [2024-05-12T20:23:47.116+0500] {dag.py:3954} INFO - Setting next_dagrun for example_subdag_operator.section-1 to None, run_after=None
[2024-05-12T20:23:47.116+0500] {logging_mixin.py:188} INFO - [2024-05-12T20:23:47.116+0500] {dag.py:3954} INFO - Setting next_dagrun for example_subdag_operator.section-2 to None, run_after=None
[2024-05-12T20:23:47.136+0500] {processor.py:183} INFO - Processing /home/awahab02/mlops_assignment_2/myenv/lib/python3.10/site-packages/airflow/example_dags/example_subdag_operator.py took 0.132 seconds
[2024-05-12T20:24:29.512+0500] {processor.py:161} INFO - Started process (PID=10627) to work on /home/awahab02/mlops_assignment_2/myenv/lib/python3.10/site-packages/airflow/example_dags/example_subdag_operator.py
[2024-05-12T20:24:29.513+0500] {processor.py:830} INFO - Processing file /home/awahab02/mlops_assignment_2/myenv/lib/python3.10/site-packages/airflow/example_dags/example_subdag_operator.py for tasks to queue
[2024-05-12T20:24:29.515+0500] {logging_mixin.py:188} INFO - [2024-05-12T20:24:29.514+0500] {dagbag.py:545} INFO - Filling up the DagBag from /home/awahab02/mlops_assignment_2/myenv/lib/python3.10/site-packages/airflow/example_dags/example_subdag_operator.py
[2024-05-12T20:24:29.531+0500] {processor.py:840} INFO - DAG(s) 'example_subdag_operator.section-1', 'example_subdag_operator.section-2', 'example_subdag_operator' retrieved from /home/awahab02/mlops_assignment_2/myenv/lib/python3.10/site-packages/airflow/example_dags/example_subdag_operator.py
[2024-05-12T20:24:29.544+0500] {logging_mixin.py:188} INFO - [2024-05-12T20:24:29.543+0500] {dag.py:3096} INFO - Sync 3 DAGs
[2024-05-12T20:24:29.560+0500] {logging_mixin.py:188} INFO - [2024-05-12T20:24:29.560+0500] {dag.py:3954} INFO - Setting next_dagrun for example_subdag_operator to 2022-01-01 00:00:00+00:00, run_after=2022-01-01 00:00:00+00:00
[2024-05-12T20:24:29.564+0500] {logging_mixin.py:188} INFO - [2024-05-12T20:24:29.563+0500] {dag.py:3954} INFO - Setting next_dagrun for example_subdag_operator.section-1 to None, run_after=None
[2024-05-12T20:24:29.565+0500] {logging_mixin.py:188} INFO - [2024-05-12T20:24:29.565+0500] {dag.py:3954} INFO - Setting next_dagrun for example_subdag_operator.section-2 to None, run_after=None
[2024-05-12T20:24:29.570+0500] {logging_mixin.py:188} INFO - [2024-05-12T20:24:29.570+0500] {dag.py:3096} INFO - Sync 2 DAGs
[2024-05-12T20:24:29.574+0500] {logging_mixin.py:188} INFO - [2024-05-12T20:24:29.574+0500] {dag.py:3954} INFO - Setting next_dagrun for example_subdag_operator.section-1 to None, run_after=None
[2024-05-12T20:24:29.574+0500] {logging_mixin.py:188} INFO - [2024-05-12T20:24:29.574+0500] {dag.py:3954} INFO - Setting next_dagrun for example_subdag_operator.section-2 to None, run_after=None
[2024-05-12T20:24:29.594+0500] {processor.py:183} INFO - Processing /home/awahab02/mlops_assignment_2/myenv/lib/python3.10/site-packages/airflow/example_dags/example_subdag_operator.py took 0.088 seconds
[2024-05-12T20:25:07.263+0500] {processor.py:161} INFO - Started process (PID=10803) to work on /home/awahab02/mlops_assignment_2/myenv/lib/python3.10/site-packages/airflow/example_dags/example_subdag_operator.py
[2024-05-12T20:25:07.264+0500] {processor.py:830} INFO - Processing file /home/awahab02/mlops_assignment_2/myenv/lib/python3.10/site-packages/airflow/example_dags/example_subdag_operator.py for tasks to queue
[2024-05-12T20:25:07.265+0500] {logging_mixin.py:188} INFO - [2024-05-12T20:25:07.265+0500] {dagbag.py:545} INFO - Filling up the DagBag from /home/awahab02/mlops_assignment_2/myenv/lib/python3.10/site-packages/airflow/example_dags/example_subdag_operator.py
[2024-05-12T20:25:07.282+0500] {processor.py:840} INFO - DAG(s) 'example_subdag_operator.section-1', 'example_subdag_operator.section-2', 'example_subdag_operator' retrieved from /home/awahab02/mlops_assignment_2/myenv/lib/python3.10/site-packages/airflow/example_dags/example_subdag_operator.py
[2024-05-12T20:25:07.295+0500] {logging_mixin.py:188} INFO - [2024-05-12T20:25:07.295+0500] {dag.py:3096} INFO - Sync 3 DAGs
[2024-05-12T20:25:07.311+0500] {logging_mixin.py:188} INFO - [2024-05-12T20:25:07.311+0500] {dag.py:3954} INFO - Setting next_dagrun for example_subdag_operator to 2022-01-01 00:00:00+00:00, run_after=2022-01-01 00:00:00+00:00
[2024-05-12T20:25:07.313+0500] {logging_mixin.py:188} INFO - [2024-05-12T20:25:07.313+0500] {dag.py:3954} INFO - Setting next_dagrun for example_subdag_operator.section-1 to None, run_after=None
[2024-05-12T20:25:07.314+0500] {logging_mixin.py:188} INFO - [2024-05-12T20:25:07.314+0500] {dag.py:3954} INFO - Setting next_dagrun for example_subdag_operator.section-2 to None, run_after=None
[2024-05-12T20:25:07.320+0500] {logging_mixin.py:188} INFO - [2024-05-12T20:25:07.319+0500] {dag.py:3096} INFO - Sync 2 DAGs
[2024-05-12T20:25:07.323+0500] {logging_mixin.py:188} INFO - [2024-05-12T20:25:07.323+0500] {dag.py:3954} INFO - Setting next_dagrun for example_subdag_operator.section-1 to None, run_after=None
[2024-05-12T20:25:07.324+0500] {logging_mixin.py:188} INFO - [2024-05-12T20:25:07.323+0500] {dag.py:3954} INFO - Setting next_dagrun for example_subdag_operator.section-2 to None, run_after=None
[2024-05-12T20:25:07.343+0500] {processor.py:183} INFO - Processing /home/awahab02/mlops_assignment_2/myenv/lib/python3.10/site-packages/airflow/example_dags/example_subdag_operator.py took 0.085 seconds
[2024-05-12T20:25:49.347+0500] {processor.py:161} INFO - Started process (PID=11035) to work on /home/awahab02/mlops_assignment_2/myenv/lib/python3.10/site-packages/airflow/example_dags/example_subdag_operator.py
[2024-05-12T20:25:49.348+0500] {processor.py:830} INFO - Processing file /home/awahab02/mlops_assignment_2/myenv/lib/python3.10/site-packages/airflow/example_dags/example_subdag_operator.py for tasks to queue
[2024-05-12T20:25:49.350+0500] {logging_mixin.py:188} INFO - [2024-05-12T20:25:49.350+0500] {dagbag.py:545} INFO - Filling up the DagBag from /home/awahab02/mlops_assignment_2/myenv/lib/python3.10/site-packages/airflow/example_dags/example_subdag_operator.py
[2024-05-12T20:25:49.369+0500] {processor.py:840} INFO - DAG(s) 'example_subdag_operator.section-1', 'example_subdag_operator.section-2', 'example_subdag_operator' retrieved from /home/awahab02/mlops_assignment_2/myenv/lib/python3.10/site-packages/airflow/example_dags/example_subdag_operator.py
[2024-05-12T20:25:49.386+0500] {logging_mixin.py:188} INFO - [2024-05-12T20:25:49.386+0500] {dag.py:3096} INFO - Sync 3 DAGs
[2024-05-12T20:25:49.406+0500] {logging_mixin.py:188} INFO - [2024-05-12T20:25:49.406+0500] {dag.py:3954} INFO - Setting next_dagrun for example_subdag_operator to 2022-01-01 00:00:00+00:00, run_after=2022-01-01 00:00:00+00:00
[2024-05-12T20:25:49.412+0500] {logging_mixin.py:188} INFO - [2024-05-12T20:25:49.412+0500] {dag.py:3954} INFO - Setting next_dagrun for example_subdag_operator.section-1 to None, run_after=None
[2024-05-12T20:25:49.414+0500] {logging_mixin.py:188} INFO - [2024-05-12T20:25:49.413+0500] {dag.py:3954} INFO - Setting next_dagrun for example_subdag_operator.section-2 to None, run_after=None
[2024-05-12T20:25:49.420+0500] {logging_mixin.py:188} INFO - [2024-05-12T20:25:49.419+0500] {dag.py:3096} INFO - Sync 2 DAGs
[2024-05-12T20:25:49.424+0500] {logging_mixin.py:188} INFO - [2024-05-12T20:25:49.423+0500] {dag.py:3954} INFO - Setting next_dagrun for example_subdag_operator.section-1 to None, run_after=None
[2024-05-12T20:25:49.424+0500] {logging_mixin.py:188} INFO - [2024-05-12T20:25:49.424+0500] {dag.py:3954} INFO - Setting next_dagrun for example_subdag_operator.section-2 to None, run_after=None
[2024-05-12T20:25:49.448+0500] {processor.py:183} INFO - Processing /home/awahab02/mlops_assignment_2/myenv/lib/python3.10/site-packages/airflow/example_dags/example_subdag_operator.py took 0.109 seconds
[2024-05-12T20:26:32.302+0500] {processor.py:161} INFO - Started process (PID=11238) to work on /home/awahab02/mlops_assignment_2/myenv/lib/python3.10/site-packages/airflow/example_dags/example_subdag_operator.py
[2024-05-12T20:26:32.303+0500] {processor.py:830} INFO - Processing file /home/awahab02/mlops_assignment_2/myenv/lib/python3.10/site-packages/airflow/example_dags/example_subdag_operator.py for tasks to queue
[2024-05-12T20:26:32.305+0500] {logging_mixin.py:188} INFO - [2024-05-12T20:26:32.305+0500] {dagbag.py:545} INFO - Filling up the DagBag from /home/awahab02/mlops_assignment_2/myenv/lib/python3.10/site-packages/airflow/example_dags/example_subdag_operator.py
[2024-05-12T20:26:32.321+0500] {processor.py:840} INFO - DAG(s) 'example_subdag_operator.section-1', 'example_subdag_operator.section-2', 'example_subdag_operator' retrieved from /home/awahab02/mlops_assignment_2/myenv/lib/python3.10/site-packages/airflow/example_dags/example_subdag_operator.py
[2024-05-12T20:26:32.339+0500] {logging_mixin.py:188} INFO - [2024-05-12T20:26:32.338+0500] {dag.py:3096} INFO - Sync 3 DAGs
[2024-05-12T20:26:32.361+0500] {logging_mixin.py:188} INFO - [2024-05-12T20:26:32.361+0500] {dag.py:3954} INFO - Setting next_dagrun for example_subdag_operator to 2022-01-01 00:00:00+00:00, run_after=2022-01-01 00:00:00+00:00
[2024-05-12T20:26:32.364+0500] {logging_mixin.py:188} INFO - [2024-05-12T20:26:32.364+0500] {dag.py:3954} INFO - Setting next_dagrun for example_subdag_operator.section-1 to None, run_after=None
[2024-05-12T20:26:32.366+0500] {logging_mixin.py:188} INFO - [2024-05-12T20:26:32.366+0500] {dag.py:3954} INFO - Setting next_dagrun for example_subdag_operator.section-2 to None, run_after=None
[2024-05-12T20:26:32.374+0500] {logging_mixin.py:188} INFO - [2024-05-12T20:26:32.373+0500] {dag.py:3096} INFO - Sync 2 DAGs
[2024-05-12T20:26:32.378+0500] {logging_mixin.py:188} INFO - [2024-05-12T20:26:32.378+0500] {dag.py:3954} INFO - Setting next_dagrun for example_subdag_operator.section-1 to None, run_after=None
[2024-05-12T20:26:32.379+0500] {logging_mixin.py:188} INFO - [2024-05-12T20:26:32.378+0500] {dag.py:3954} INFO - Setting next_dagrun for example_subdag_operator.section-2 to None, run_after=None
[2024-05-12T20:26:32.403+0500] {processor.py:183} INFO - Processing /home/awahab02/mlops_assignment_2/myenv/lib/python3.10/site-packages/airflow/example_dags/example_subdag_operator.py took 0.106 seconds
[2024-05-12T20:27:14.740+0500] {processor.py:161} INFO - Started process (PID=11621) to work on /home/awahab02/mlops_assignment_2/myenv/lib/python3.10/site-packages/airflow/example_dags/example_subdag_operator.py
[2024-05-12T20:27:14.763+0500] {processor.py:830} INFO - Processing file /home/awahab02/mlops_assignment_2/myenv/lib/python3.10/site-packages/airflow/example_dags/example_subdag_operator.py for tasks to queue
[2024-05-12T20:27:14.764+0500] {logging_mixin.py:188} INFO - [2024-05-12T20:27:14.764+0500] {dagbag.py:545} INFO - Filling up the DagBag from /home/awahab02/mlops_assignment_2/myenv/lib/python3.10/site-packages/airflow/example_dags/example_subdag_operator.py
[2024-05-12T20:27:14.780+0500] {processor.py:840} INFO - DAG(s) 'example_subdag_operator.section-1', 'example_subdag_operator.section-2', 'example_subdag_operator' retrieved from /home/awahab02/mlops_assignment_2/myenv/lib/python3.10/site-packages/airflow/example_dags/example_subdag_operator.py
[2024-05-12T20:27:14.791+0500] {logging_mixin.py:188} INFO - [2024-05-12T20:27:14.791+0500] {dag.py:3096} INFO - Sync 3 DAGs
[2024-05-12T20:27:14.807+0500] {logging_mixin.py:188} INFO - [2024-05-12T20:27:14.807+0500] {dag.py:3954} INFO - Setting next_dagrun for example_subdag_operator to 2022-01-01 00:00:00+00:00, run_after=2022-01-01 00:00:00+00:00
[2024-05-12T20:27:14.810+0500] {logging_mixin.py:188} INFO - [2024-05-12T20:27:14.810+0500] {dag.py:3954} INFO - Setting next_dagrun for example_subdag_operator.section-1 to None, run_after=None
[2024-05-12T20:27:14.812+0500] {logging_mixin.py:188} INFO - [2024-05-12T20:27:14.811+0500] {dag.py:3954} INFO - Setting next_dagrun for example_subdag_operator.section-2 to None, run_after=None
[2024-05-12T20:27:14.817+0500] {logging_mixin.py:188} INFO - [2024-05-12T20:27:14.816+0500] {dag.py:3096} INFO - Sync 2 DAGs
[2024-05-12T20:27:14.821+0500] {logging_mixin.py:188} INFO - [2024-05-12T20:27:14.821+0500] {dag.py:3954} INFO - Setting next_dagrun for example_subdag_operator.section-1 to None, run_after=None
[2024-05-12T20:27:14.821+0500] {logging_mixin.py:188} INFO - [2024-05-12T20:27:14.821+0500] {dag.py:3954} INFO - Setting next_dagrun for example_subdag_operator.section-2 to None, run_after=None
[2024-05-12T20:27:14.842+0500] {processor.py:183} INFO - Processing /home/awahab02/mlops_assignment_2/myenv/lib/python3.10/site-packages/airflow/example_dags/example_subdag_operator.py took 0.107 seconds
[2024-05-12T20:27:41.856+0500] {processor.py:161} INFO - Started process (PID=11859) to work on /home/awahab02/mlops_assignment_2/myenv/lib/python3.10/site-packages/airflow/example_dags/example_subdag_operator.py
[2024-05-12T20:27:41.857+0500] {processor.py:830} INFO - Processing file /home/awahab02/mlops_assignment_2/myenv/lib/python3.10/site-packages/airflow/example_dags/example_subdag_operator.py for tasks to queue
[2024-05-12T20:27:41.860+0500] {logging_mixin.py:188} INFO - [2024-05-12T20:27:41.859+0500] {dagbag.py:545} INFO - Filling up the DagBag from /home/awahab02/mlops_assignment_2/myenv/lib/python3.10/site-packages/airflow/example_dags/example_subdag_operator.py
[2024-05-12T20:27:41.877+0500] {processor.py:840} INFO - DAG(s) 'example_subdag_operator.section-1', 'example_subdag_operator.section-2', 'example_subdag_operator' retrieved from /home/awahab02/mlops_assignment_2/myenv/lib/python3.10/site-packages/airflow/example_dags/example_subdag_operator.py
[2024-05-12T20:27:41.893+0500] {logging_mixin.py:188} INFO - [2024-05-12T20:27:41.892+0500] {dag.py:3096} INFO - Sync 3 DAGs
[2024-05-12T20:27:41.909+0500] {logging_mixin.py:188} INFO - [2024-05-12T20:27:41.909+0500] {dag.py:3954} INFO - Setting next_dagrun for example_subdag_operator to 2022-01-01 00:00:00+00:00, run_after=2022-01-01 00:00:00+00:00
[2024-05-12T20:27:41.911+0500] {logging_mixin.py:188} INFO - [2024-05-12T20:27:41.911+0500] {dag.py:3954} INFO - Setting next_dagrun for example_subdag_operator.section-1 to None, run_after=None
[2024-05-12T20:27:41.912+0500] {logging_mixin.py:188} INFO - [2024-05-12T20:27:41.912+0500] {dag.py:3954} INFO - Setting next_dagrun for example_subdag_operator.section-2 to None, run_after=None
[2024-05-12T20:27:41.921+0500] {logging_mixin.py:188} INFO - [2024-05-12T20:27:41.920+0500] {dag.py:3096} INFO - Sync 2 DAGs
[2024-05-12T20:27:41.925+0500] {logging_mixin.py:188} INFO - [2024-05-12T20:27:41.925+0500] {dag.py:3954} INFO - Setting next_dagrun for example_subdag_operator.section-1 to None, run_after=None
[2024-05-12T20:27:41.925+0500] {logging_mixin.py:188} INFO - [2024-05-12T20:27:41.925+0500] {dag.py:3954} INFO - Setting next_dagrun for example_subdag_operator.section-2 to None, run_after=None
[2024-05-12T20:27:41.945+0500] {processor.py:183} INFO - Processing /home/awahab02/mlops_assignment_2/myenv/lib/python3.10/site-packages/airflow/example_dags/example_subdag_operator.py took 0.095 seconds
[2024-05-12T20:28:32.817+0500] {processor.py:161} INFO - Started process (PID=12171) to work on /home/awahab02/mlops_assignment_2/myenv/lib/python3.10/site-packages/airflow/example_dags/example_subdag_operator.py
[2024-05-12T20:28:32.850+0500] {processor.py:830} INFO - Processing file /home/awahab02/mlops_assignment_2/myenv/lib/python3.10/site-packages/airflow/example_dags/example_subdag_operator.py for tasks to queue
[2024-05-12T20:28:32.851+0500] {logging_mixin.py:188} INFO - [2024-05-12T20:28:32.851+0500] {dagbag.py:545} INFO - Filling up the DagBag from /home/awahab02/mlops_assignment_2/myenv/lib/python3.10/site-packages/airflow/example_dags/example_subdag_operator.py
[2024-05-12T20:28:32.866+0500] {processor.py:840} INFO - DAG(s) 'example_subdag_operator.section-1', 'example_subdag_operator.section-2', 'example_subdag_operator' retrieved from /home/awahab02/mlops_assignment_2/myenv/lib/python3.10/site-packages/airflow/example_dags/example_subdag_operator.py
[2024-05-12T20:28:32.878+0500] {logging_mixin.py:188} INFO - [2024-05-12T20:28:32.878+0500] {dag.py:3096} INFO - Sync 3 DAGs
[2024-05-12T20:28:32.893+0500] {logging_mixin.py:188} INFO - [2024-05-12T20:28:32.892+0500] {dag.py:3954} INFO - Setting next_dagrun for example_subdag_operator to 2022-01-01 00:00:00+00:00, run_after=2022-01-01 00:00:00+00:00
[2024-05-12T20:28:32.895+0500] {logging_mixin.py:188} INFO - [2024-05-12T20:28:32.895+0500] {dag.py:3954} INFO - Setting next_dagrun for example_subdag_operator.section-1 to None, run_after=None
[2024-05-12T20:28:32.896+0500] {logging_mixin.py:188} INFO - [2024-05-12T20:28:32.895+0500] {dag.py:3954} INFO - Setting next_dagrun for example_subdag_operator.section-2 to None, run_after=None
[2024-05-12T20:28:32.900+0500] {logging_mixin.py:188} INFO - [2024-05-12T20:28:32.899+0500] {dag.py:3096} INFO - Sync 2 DAGs
[2024-05-12T20:28:32.902+0500] {logging_mixin.py:188} INFO - [2024-05-12T20:28:32.902+0500] {dag.py:3954} INFO - Setting next_dagrun for example_subdag_operator.section-1 to None, run_after=None
[2024-05-12T20:28:32.903+0500] {logging_mixin.py:188} INFO - [2024-05-12T20:28:32.903+0500] {dag.py:3954} INFO - Setting next_dagrun for example_subdag_operator.section-2 to None, run_after=None
[2024-05-12T20:28:32.924+0500] {processor.py:183} INFO - Processing /home/awahab02/mlops_assignment_2/myenv/lib/python3.10/site-packages/airflow/example_dags/example_subdag_operator.py took 0.112 seconds
[2024-05-12T20:29:18.427+0500] {processor.py:161} INFO - Started process (PID=12392) to work on /home/awahab02/mlops_assignment_2/myenv/lib/python3.10/site-packages/airflow/example_dags/example_subdag_operator.py
[2024-05-12T20:29:18.429+0500] {processor.py:830} INFO - Processing file /home/awahab02/mlops_assignment_2/myenv/lib/python3.10/site-packages/airflow/example_dags/example_subdag_operator.py for tasks to queue
[2024-05-12T20:29:18.431+0500] {logging_mixin.py:188} INFO - [2024-05-12T20:29:18.431+0500] {dagbag.py:545} INFO - Filling up the DagBag from /home/awahab02/mlops_assignment_2/myenv/lib/python3.10/site-packages/airflow/example_dags/example_subdag_operator.py
[2024-05-12T20:29:18.449+0500] {processor.py:840} INFO - DAG(s) 'example_subdag_operator.section-1', 'example_subdag_operator.section-2', 'example_subdag_operator' retrieved from /home/awahab02/mlops_assignment_2/myenv/lib/python3.10/site-packages/airflow/example_dags/example_subdag_operator.py
[2024-05-12T20:29:18.461+0500] {logging_mixin.py:188} INFO - [2024-05-12T20:29:18.461+0500] {dag.py:3096} INFO - Sync 3 DAGs
[2024-05-12T20:29:18.478+0500] {logging_mixin.py:188} INFO - [2024-05-12T20:29:18.477+0500] {dag.py:3954} INFO - Setting next_dagrun for example_subdag_operator to 2022-01-01 00:00:00+00:00, run_after=2022-01-01 00:00:00+00:00
[2024-05-12T20:29:18.480+0500] {logging_mixin.py:188} INFO - [2024-05-12T20:29:18.480+0500] {dag.py:3954} INFO - Setting next_dagrun for example_subdag_operator.section-1 to None, run_after=None
[2024-05-12T20:29:18.481+0500] {logging_mixin.py:188} INFO - [2024-05-12T20:29:18.481+0500] {dag.py:3954} INFO - Setting next_dagrun for example_subdag_operator.section-2 to None, run_after=None
[2024-05-12T20:29:18.486+0500] {logging_mixin.py:188} INFO - [2024-05-12T20:29:18.486+0500] {dag.py:3096} INFO - Sync 2 DAGs
[2024-05-12T20:29:18.490+0500] {logging_mixin.py:188} INFO - [2024-05-12T20:29:18.489+0500] {dag.py:3954} INFO - Setting next_dagrun for example_subdag_operator.section-1 to None, run_after=None
[2024-05-12T20:29:18.490+0500] {logging_mixin.py:188} INFO - [2024-05-12T20:29:18.490+0500] {dag.py:3954} INFO - Setting next_dagrun for example_subdag_operator.section-2 to None, run_after=None
[2024-05-12T20:29:18.509+0500] {processor.py:183} INFO - Processing /home/awahab02/mlops_assignment_2/myenv/lib/python3.10/site-packages/airflow/example_dags/example_subdag_operator.py took 0.087 seconds
[2024-05-12T20:30:27.078+0500] {processor.py:161} INFO - Started process (PID=12933) to work on /home/awahab02/mlops_assignment_2/myenv/lib/python3.10/site-packages/airflow/example_dags/example_subdag_operator.py
[2024-05-12T20:30:27.079+0500] {processor.py:830} INFO - Processing file /home/awahab02/mlops_assignment_2/myenv/lib/python3.10/site-packages/airflow/example_dags/example_subdag_operator.py for tasks to queue
[2024-05-12T20:30:27.081+0500] {logging_mixin.py:188} INFO - [2024-05-12T20:30:27.080+0500] {dagbag.py:545} INFO - Filling up the DagBag from /home/awahab02/mlops_assignment_2/myenv/lib/python3.10/site-packages/airflow/example_dags/example_subdag_operator.py
[2024-05-12T20:30:27.096+0500] {processor.py:840} INFO - DAG(s) 'example_subdag_operator.section-1', 'example_subdag_operator.section-2', 'example_subdag_operator' retrieved from /home/awahab02/mlops_assignment_2/myenv/lib/python3.10/site-packages/airflow/example_dags/example_subdag_operator.py
[2024-05-12T20:30:27.109+0500] {logging_mixin.py:188} INFO - [2024-05-12T20:30:27.109+0500] {dag.py:3096} INFO - Sync 3 DAGs
[2024-05-12T20:30:27.125+0500] {logging_mixin.py:188} INFO - [2024-05-12T20:30:27.125+0500] {dag.py:3954} INFO - Setting next_dagrun for example_subdag_operator to 2022-01-01 00:00:00+00:00, run_after=2022-01-01 00:00:00+00:00
[2024-05-12T20:30:27.128+0500] {logging_mixin.py:188} INFO - [2024-05-12T20:30:27.127+0500] {dag.py:3954} INFO - Setting next_dagrun for example_subdag_operator.section-1 to None, run_after=None
[2024-05-12T20:30:27.128+0500] {logging_mixin.py:188} INFO - [2024-05-12T20:30:27.128+0500] {dag.py:3954} INFO - Setting next_dagrun for example_subdag_operator.section-2 to None, run_after=None
[2024-05-12T20:30:27.133+0500] {logging_mixin.py:188} INFO - [2024-05-12T20:30:27.133+0500] {dag.py:3096} INFO - Sync 2 DAGs
[2024-05-12T20:30:27.137+0500] {logging_mixin.py:188} INFO - [2024-05-12T20:30:27.137+0500] {dag.py:3954} INFO - Setting next_dagrun for example_subdag_operator.section-1 to None, run_after=None
[2024-05-12T20:30:27.137+0500] {logging_mixin.py:188} INFO - [2024-05-12T20:30:27.137+0500] {dag.py:3954} INFO - Setting next_dagrun for example_subdag_operator.section-2 to None, run_after=None
[2024-05-12T20:30:27.157+0500] {processor.py:183} INFO - Processing /home/awahab02/mlops_assignment_2/myenv/lib/python3.10/site-packages/airflow/example_dags/example_subdag_operator.py took 0.085 seconds
[2024-05-12T20:31:28.681+0500] {processor.py:161} INFO - Started process (PID=13288) to work on /home/awahab02/mlops_assignment_2/myenv/lib/python3.10/site-packages/airflow/example_dags/example_subdag_operator.py
[2024-05-12T20:31:28.713+0500] {processor.py:830} INFO - Processing file /home/awahab02/mlops_assignment_2/myenv/lib/python3.10/site-packages/airflow/example_dags/example_subdag_operator.py for tasks to queue
[2024-05-12T20:31:28.715+0500] {logging_mixin.py:188} INFO - [2024-05-12T20:31:28.715+0500] {dagbag.py:545} INFO - Filling up the DagBag from /home/awahab02/mlops_assignment_2/myenv/lib/python3.10/site-packages/airflow/example_dags/example_subdag_operator.py
[2024-05-12T20:31:28.731+0500] {processor.py:840} INFO - DAG(s) 'example_subdag_operator.section-1', 'example_subdag_operator.section-2', 'example_subdag_operator' retrieved from /home/awahab02/mlops_assignment_2/myenv/lib/python3.10/site-packages/airflow/example_dags/example_subdag_operator.py
[2024-05-12T20:31:28.743+0500] {logging_mixin.py:188} INFO - [2024-05-12T20:31:28.742+0500] {dag.py:3096} INFO - Sync 3 DAGs
[2024-05-12T20:31:28.758+0500] {logging_mixin.py:188} INFO - [2024-05-12T20:31:28.758+0500] {dag.py:3954} INFO - Setting next_dagrun for example_subdag_operator to 2022-01-01 00:00:00+00:00, run_after=2022-01-01 00:00:00+00:00
[2024-05-12T20:31:28.761+0500] {logging_mixin.py:188} INFO - [2024-05-12T20:31:28.761+0500] {dag.py:3954} INFO - Setting next_dagrun for example_subdag_operator.section-1 to None, run_after=None
[2024-05-12T20:31:28.762+0500] {logging_mixin.py:188} INFO - [2024-05-12T20:31:28.762+0500] {dag.py:3954} INFO - Setting next_dagrun for example_subdag_operator.section-2 to None, run_after=None
[2024-05-12T20:31:28.766+0500] {logging_mixin.py:188} INFO - [2024-05-12T20:31:28.766+0500] {dag.py:3096} INFO - Sync 2 DAGs
[2024-05-12T20:31:28.769+0500] {logging_mixin.py:188} INFO - [2024-05-12T20:31:28.769+0500] {dag.py:3954} INFO - Setting next_dagrun for example_subdag_operator.section-1 to None, run_after=None
[2024-05-12T20:31:28.769+0500] {logging_mixin.py:188} INFO - [2024-05-12T20:31:28.769+0500] {dag.py:3954} INFO - Setting next_dagrun for example_subdag_operator.section-2 to None, run_after=None
[2024-05-12T20:31:28.789+0500] {processor.py:183} INFO - Processing /home/awahab02/mlops_assignment_2/myenv/lib/python3.10/site-packages/airflow/example_dags/example_subdag_operator.py took 0.114 seconds
[2024-05-12T20:32:13.059+0500] {processor.py:161} INFO - Started process (PID=13476) to work on /home/awahab02/mlops_assignment_2/myenv/lib/python3.10/site-packages/airflow/example_dags/example_subdag_operator.py
[2024-05-12T20:32:13.061+0500] {processor.py:830} INFO - Processing file /home/awahab02/mlops_assignment_2/myenv/lib/python3.10/site-packages/airflow/example_dags/example_subdag_operator.py for tasks to queue
[2024-05-12T20:32:13.063+0500] {logging_mixin.py:188} INFO - [2024-05-12T20:32:13.062+0500] {dagbag.py:545} INFO - Filling up the DagBag from /home/awahab02/mlops_assignment_2/myenv/lib/python3.10/site-packages/airflow/example_dags/example_subdag_operator.py
[2024-05-12T20:32:13.102+0500] {processor.py:840} INFO - DAG(s) 'example_subdag_operator.section-1', 'example_subdag_operator.section-2', 'example_subdag_operator' retrieved from /home/awahab02/mlops_assignment_2/myenv/lib/python3.10/site-packages/airflow/example_dags/example_subdag_operator.py
[2024-05-12T20:32:13.117+0500] {logging_mixin.py:188} INFO - [2024-05-12T20:32:13.117+0500] {dag.py:3096} INFO - Sync 3 DAGs
[2024-05-12T20:32:13.136+0500] {logging_mixin.py:188} INFO - [2024-05-12T20:32:13.136+0500] {dag.py:3954} INFO - Setting next_dagrun for example_subdag_operator to 2022-01-01 00:00:00+00:00, run_after=2022-01-01 00:00:00+00:00
[2024-05-12T20:32:13.160+0500] {logging_mixin.py:188} INFO - [2024-05-12T20:32:13.160+0500] {dag.py:3954} INFO - Setting next_dagrun for example_subdag_operator.section-1 to None, run_after=None
[2024-05-12T20:32:13.161+0500] {logging_mixin.py:188} INFO - [2024-05-12T20:32:13.161+0500] {dag.py:3954} INFO - Setting next_dagrun for example_subdag_operator.section-2 to None, run_after=None
[2024-05-12T20:32:13.166+0500] {logging_mixin.py:188} INFO - [2024-05-12T20:32:13.166+0500] {dag.py:3096} INFO - Sync 2 DAGs
[2024-05-12T20:32:13.170+0500] {logging_mixin.py:188} INFO - [2024-05-12T20:32:13.169+0500] {dag.py:3954} INFO - Setting next_dagrun for example_subdag_operator.section-1 to None, run_after=None
[2024-05-12T20:32:13.171+0500] {logging_mixin.py:188} INFO - [2024-05-12T20:32:13.170+0500] {dag.py:3954} INFO - Setting next_dagrun for example_subdag_operator.section-2 to None, run_after=None
[2024-05-12T20:32:13.199+0500] {processor.py:183} INFO - Processing /home/awahab02/mlops_assignment_2/myenv/lib/python3.10/site-packages/airflow/example_dags/example_subdag_operator.py took 0.151 seconds
[2024-05-12T20:34:21.397+0500] {processor.py:161} INFO - Started process (PID=14492) to work on /home/awahab02/mlops_assignment_2/myenv/lib/python3.10/site-packages/airflow/example_dags/example_subdag_operator.py
[2024-05-12T20:34:21.438+0500] {processor.py:830} INFO - Processing file /home/awahab02/mlops_assignment_2/myenv/lib/python3.10/site-packages/airflow/example_dags/example_subdag_operator.py for tasks to queue
[2024-05-12T20:34:21.439+0500] {logging_mixin.py:188} INFO - [2024-05-12T20:34:21.439+0500] {dagbag.py:545} INFO - Filling up the DagBag from /home/awahab02/mlops_assignment_2/myenv/lib/python3.10/site-packages/airflow/example_dags/example_subdag_operator.py
[2024-05-12T20:34:21.458+0500] {processor.py:840} INFO - DAG(s) 'example_subdag_operator.section-1', 'example_subdag_operator.section-2', 'example_subdag_operator' retrieved from /home/awahab02/mlops_assignment_2/myenv/lib/python3.10/site-packages/airflow/example_dags/example_subdag_operator.py
[2024-05-12T20:34:21.473+0500] {logging_mixin.py:188} INFO - [2024-05-12T20:34:21.473+0500] {dag.py:3096} INFO - Sync 3 DAGs
[2024-05-12T20:34:21.487+0500] {logging_mixin.py:188} INFO - [2024-05-12T20:34:21.486+0500] {dag.py:3954} INFO - Setting next_dagrun for example_subdag_operator to 2022-01-01 00:00:00+00:00, run_after=2022-01-01 00:00:00+00:00
[2024-05-12T20:34:21.489+0500] {logging_mixin.py:188} INFO - [2024-05-12T20:34:21.489+0500] {dag.py:3954} INFO - Setting next_dagrun for example_subdag_operator.section-1 to None, run_after=None
[2024-05-12T20:34:21.490+0500] {logging_mixin.py:188} INFO - [2024-05-12T20:34:21.490+0500] {dag.py:3954} INFO - Setting next_dagrun for example_subdag_operator.section-2 to None, run_after=None
[2024-05-12T20:34:21.495+0500] {logging_mixin.py:188} INFO - [2024-05-12T20:34:21.495+0500] {dag.py:3096} INFO - Sync 2 DAGs
[2024-05-12T20:34:21.498+0500] {logging_mixin.py:188} INFO - [2024-05-12T20:34:21.498+0500] {dag.py:3954} INFO - Setting next_dagrun for example_subdag_operator.section-1 to None, run_after=None
[2024-05-12T20:34:21.499+0500] {logging_mixin.py:188} INFO - [2024-05-12T20:34:21.499+0500] {dag.py:3954} INFO - Setting next_dagrun for example_subdag_operator.section-2 to None, run_after=None
[2024-05-12T20:34:21.519+0500] {processor.py:183} INFO - Processing /home/awahab02/mlops_assignment_2/myenv/lib/python3.10/site-packages/airflow/example_dags/example_subdag_operator.py took 0.127 seconds
[2024-05-12T20:35:13.232+0500] {processor.py:161} INFO - Started process (PID=14787) to work on /home/awahab02/mlops_assignment_2/myenv/lib/python3.10/site-packages/airflow/example_dags/example_subdag_operator.py
[2024-05-12T20:35:13.233+0500] {processor.py:830} INFO - Processing file /home/awahab02/mlops_assignment_2/myenv/lib/python3.10/site-packages/airflow/example_dags/example_subdag_operator.py for tasks to queue
[2024-05-12T20:35:13.234+0500] {logging_mixin.py:188} INFO - [2024-05-12T20:35:13.234+0500] {dagbag.py:545} INFO - Filling up the DagBag from /home/awahab02/mlops_assignment_2/myenv/lib/python3.10/site-packages/airflow/example_dags/example_subdag_operator.py
[2024-05-12T20:35:13.251+0500] {processor.py:840} INFO - DAG(s) 'example_subdag_operator.section-1', 'example_subdag_operator.section-2', 'example_subdag_operator' retrieved from /home/awahab02/mlops_assignment_2/myenv/lib/python3.10/site-packages/airflow/example_dags/example_subdag_operator.py
[2024-05-12T20:35:13.264+0500] {logging_mixin.py:188} INFO - [2024-05-12T20:35:13.264+0500] {dag.py:3096} INFO - Sync 3 DAGs
[2024-05-12T20:35:13.277+0500] {logging_mixin.py:188} INFO - [2024-05-12T20:35:13.277+0500] {dag.py:3954} INFO - Setting next_dagrun for example_subdag_operator to 2022-01-01 00:00:00+00:00, run_after=2022-01-01 00:00:00+00:00
[2024-05-12T20:35:13.280+0500] {logging_mixin.py:188} INFO - [2024-05-12T20:35:13.279+0500] {dag.py:3954} INFO - Setting next_dagrun for example_subdag_operator.section-1 to None, run_after=None
[2024-05-12T20:35:13.280+0500] {logging_mixin.py:188} INFO - [2024-05-12T20:35:13.280+0500] {dag.py:3954} INFO - Setting next_dagrun for example_subdag_operator.section-2 to None, run_after=None
[2024-05-12T20:35:13.286+0500] {logging_mixin.py:188} INFO - [2024-05-12T20:35:13.285+0500] {dag.py:3096} INFO - Sync 2 DAGs
[2024-05-12T20:35:13.289+0500] {logging_mixin.py:188} INFO - [2024-05-12T20:35:13.289+0500] {dag.py:3954} INFO - Setting next_dagrun for example_subdag_operator.section-1 to None, run_after=None
[2024-05-12T20:35:13.289+0500] {logging_mixin.py:188} INFO - [2024-05-12T20:35:13.289+0500] {dag.py:3954} INFO - Setting next_dagrun for example_subdag_operator.section-2 to None, run_after=None
[2024-05-12T20:35:13.308+0500] {processor.py:183} INFO - Processing /home/awahab02/mlops_assignment_2/myenv/lib/python3.10/site-packages/airflow/example_dags/example_subdag_operator.py took 0.080 seconds
[2024-05-12T20:35:58.796+0500] {processor.py:161} INFO - Started process (PID=14988) to work on /home/awahab02/mlops_assignment_2/myenv/lib/python3.10/site-packages/airflow/example_dags/example_subdag_operator.py
[2024-05-12T20:35:58.797+0500] {processor.py:830} INFO - Processing file /home/awahab02/mlops_assignment_2/myenv/lib/python3.10/site-packages/airflow/example_dags/example_subdag_operator.py for tasks to queue
[2024-05-12T20:35:58.798+0500] {logging_mixin.py:188} INFO - [2024-05-12T20:35:58.798+0500] {dagbag.py:545} INFO - Filling up the DagBag from /home/awahab02/mlops_assignment_2/myenv/lib/python3.10/site-packages/airflow/example_dags/example_subdag_operator.py
[2024-05-12T20:35:58.814+0500] {processor.py:840} INFO - DAG(s) 'example_subdag_operator.section-1', 'example_subdag_operator.section-2', 'example_subdag_operator' retrieved from /home/awahab02/mlops_assignment_2/myenv/lib/python3.10/site-packages/airflow/example_dags/example_subdag_operator.py
[2024-05-12T20:35:58.825+0500] {logging_mixin.py:188} INFO - [2024-05-12T20:35:58.825+0500] {dag.py:3096} INFO - Sync 3 DAGs
[2024-05-12T20:35:58.838+0500] {logging_mixin.py:188} INFO - [2024-05-12T20:35:58.838+0500] {dag.py:3954} INFO - Setting next_dagrun for example_subdag_operator to 2022-01-01 00:00:00+00:00, run_after=2022-01-01 00:00:00+00:00
[2024-05-12T20:35:58.840+0500] {logging_mixin.py:188} INFO - [2024-05-12T20:35:58.840+0500] {dag.py:3954} INFO - Setting next_dagrun for example_subdag_operator.section-1 to None, run_after=None
[2024-05-12T20:35:58.841+0500] {logging_mixin.py:188} INFO - [2024-05-12T20:35:58.841+0500] {dag.py:3954} INFO - Setting next_dagrun for example_subdag_operator.section-2 to None, run_after=None
[2024-05-12T20:35:58.845+0500] {logging_mixin.py:188} INFO - [2024-05-12T20:35:58.845+0500] {dag.py:3096} INFO - Sync 2 DAGs
[2024-05-12T20:35:58.848+0500] {logging_mixin.py:188} INFO - [2024-05-12T20:35:58.848+0500] {dag.py:3954} INFO - Setting next_dagrun for example_subdag_operator.section-1 to None, run_after=None
[2024-05-12T20:35:58.848+0500] {logging_mixin.py:188} INFO - [2024-05-12T20:35:58.848+0500] {dag.py:3954} INFO - Setting next_dagrun for example_subdag_operator.section-2 to None, run_after=None
[2024-05-12T20:35:58.867+0500] {processor.py:183} INFO - Processing /home/awahab02/mlops_assignment_2/myenv/lib/python3.10/site-packages/airflow/example_dags/example_subdag_operator.py took 0.076 seconds
[2024-05-12T20:36:45.288+0500] {processor.py:161} INFO - Started process (PID=15226) to work on /home/awahab02/mlops_assignment_2/myenv/lib/python3.10/site-packages/airflow/example_dags/example_subdag_operator.py
[2024-05-12T20:36:45.289+0500] {processor.py:830} INFO - Processing file /home/awahab02/mlops_assignment_2/myenv/lib/python3.10/site-packages/airflow/example_dags/example_subdag_operator.py for tasks to queue
[2024-05-12T20:36:45.290+0500] {logging_mixin.py:188} INFO - [2024-05-12T20:36:45.290+0500] {dagbag.py:545} INFO - Filling up the DagBag from /home/awahab02/mlops_assignment_2/myenv/lib/python3.10/site-packages/airflow/example_dags/example_subdag_operator.py
[2024-05-12T20:36:45.306+0500] {processor.py:840} INFO - DAG(s) 'example_subdag_operator.section-1', 'example_subdag_operator.section-2', 'example_subdag_operator' retrieved from /home/awahab02/mlops_assignment_2/myenv/lib/python3.10/site-packages/airflow/example_dags/example_subdag_operator.py
[2024-05-12T20:36:45.317+0500] {logging_mixin.py:188} INFO - [2024-05-12T20:36:45.317+0500] {dag.py:3096} INFO - Sync 3 DAGs
[2024-05-12T20:36:45.331+0500] {logging_mixin.py:188} INFO - [2024-05-12T20:36:45.331+0500] {dag.py:3954} INFO - Setting next_dagrun for example_subdag_operator to 2022-01-01 00:00:00+00:00, run_after=2022-01-01 00:00:00+00:00
[2024-05-12T20:36:45.334+0500] {logging_mixin.py:188} INFO - [2024-05-12T20:36:45.333+0500] {dag.py:3954} INFO - Setting next_dagrun for example_subdag_operator.section-1 to None, run_after=None
[2024-05-12T20:36:45.335+0500] {logging_mixin.py:188} INFO - [2024-05-12T20:36:45.334+0500] {dag.py:3954} INFO - Setting next_dagrun for example_subdag_operator.section-2 to None, run_after=None
[2024-05-12T20:36:45.340+0500] {logging_mixin.py:188} INFO - [2024-05-12T20:36:45.340+0500] {dag.py:3096} INFO - Sync 2 DAGs
[2024-05-12T20:36:45.343+0500] {logging_mixin.py:188} INFO - [2024-05-12T20:36:45.343+0500] {dag.py:3954} INFO - Setting next_dagrun for example_subdag_operator.section-1 to None, run_after=None
[2024-05-12T20:36:45.343+0500] {logging_mixin.py:188} INFO - [2024-05-12T20:36:45.343+0500] {dag.py:3954} INFO - Setting next_dagrun for example_subdag_operator.section-2 to None, run_after=None
[2024-05-12T20:36:45.365+0500] {processor.py:183} INFO - Processing /home/awahab02/mlops_assignment_2/myenv/lib/python3.10/site-packages/airflow/example_dags/example_subdag_operator.py took 0.082 seconds
[2024-05-12T20:38:54.901+0500] {processor.py:161} INFO - Started process (PID=16322) to work on /home/awahab02/mlops_assignment_2/myenv/lib/python3.10/site-packages/airflow/example_dags/example_subdag_operator.py
[2024-05-12T20:38:54.936+0500] {processor.py:830} INFO - Processing file /home/awahab02/mlops_assignment_2/myenv/lib/python3.10/site-packages/airflow/example_dags/example_subdag_operator.py for tasks to queue
[2024-05-12T20:38:54.940+0500] {logging_mixin.py:188} INFO - [2024-05-12T20:38:54.938+0500] {dagbag.py:545} INFO - Filling up the DagBag from /home/awahab02/mlops_assignment_2/myenv/lib/python3.10/site-packages/airflow/example_dags/example_subdag_operator.py
[2024-05-12T20:38:54.976+0500] {processor.py:840} INFO - DAG(s) 'example_subdag_operator.section-1', 'example_subdag_operator.section-2', 'example_subdag_operator' retrieved from /home/awahab02/mlops_assignment_2/myenv/lib/python3.10/site-packages/airflow/example_dags/example_subdag_operator.py
[2024-05-12T20:38:54.989+0500] {logging_mixin.py:188} INFO - [2024-05-12T20:38:54.989+0500] {dag.py:3096} INFO - Sync 3 DAGs
[2024-05-12T20:38:55.002+0500] {logging_mixin.py:188} INFO - [2024-05-12T20:38:55.002+0500] {dag.py:3954} INFO - Setting next_dagrun for example_subdag_operator to 2022-01-01 00:00:00+00:00, run_after=2022-01-01 00:00:00+00:00
[2024-05-12T20:38:55.004+0500] {logging_mixin.py:188} INFO - [2024-05-12T20:38:55.004+0500] {dag.py:3954} INFO - Setting next_dagrun for example_subdag_operator.section-1 to None, run_after=None
[2024-05-12T20:38:55.005+0500] {logging_mixin.py:188} INFO - [2024-05-12T20:38:55.005+0500] {dag.py:3954} INFO - Setting next_dagrun for example_subdag_operator.section-2 to None, run_after=None
[2024-05-12T20:38:55.009+0500] {logging_mixin.py:188} INFO - [2024-05-12T20:38:55.009+0500] {dag.py:3096} INFO - Sync 2 DAGs
[2024-05-12T20:38:55.012+0500] {logging_mixin.py:188} INFO - [2024-05-12T20:38:55.012+0500] {dag.py:3954} INFO - Setting next_dagrun for example_subdag_operator.section-1 to None, run_after=None
[2024-05-12T20:38:55.012+0500] {logging_mixin.py:188} INFO - [2024-05-12T20:38:55.012+0500] {dag.py:3954} INFO - Setting next_dagrun for example_subdag_operator.section-2 to None, run_after=None
[2024-05-12T20:38:55.034+0500] {processor.py:183} INFO - Processing /home/awahab02/mlops_assignment_2/myenv/lib/python3.10/site-packages/airflow/example_dags/example_subdag_operator.py took 0.138 seconds
[2024-05-12T20:39:46.764+0500] {processor.py:161} INFO - Started process (PID=16587) to work on /home/awahab02/mlops_assignment_2/myenv/lib/python3.10/site-packages/airflow/example_dags/example_subdag_operator.py
[2024-05-12T20:39:46.786+0500] {processor.py:830} INFO - Processing file /home/awahab02/mlops_assignment_2/myenv/lib/python3.10/site-packages/airflow/example_dags/example_subdag_operator.py for tasks to queue
[2024-05-12T20:39:46.787+0500] {logging_mixin.py:188} INFO - [2024-05-12T20:39:46.787+0500] {dagbag.py:545} INFO - Filling up the DagBag from /home/awahab02/mlops_assignment_2/myenv/lib/python3.10/site-packages/airflow/example_dags/example_subdag_operator.py
[2024-05-12T20:39:46.803+0500] {processor.py:840} INFO - DAG(s) 'example_subdag_operator.section-1', 'example_subdag_operator.section-2', 'example_subdag_operator' retrieved from /home/awahab02/mlops_assignment_2/myenv/lib/python3.10/site-packages/airflow/example_dags/example_subdag_operator.py
[2024-05-12T20:39:46.814+0500] {logging_mixin.py:188} INFO - [2024-05-12T20:39:46.814+0500] {dag.py:3096} INFO - Sync 3 DAGs
[2024-05-12T20:39:46.831+0500] {logging_mixin.py:188} INFO - [2024-05-12T20:39:46.830+0500] {dag.py:3954} INFO - Setting next_dagrun for example_subdag_operator to 2022-01-01 00:00:00+00:00, run_after=2022-01-01 00:00:00+00:00
[2024-05-12T20:39:46.834+0500] {logging_mixin.py:188} INFO - [2024-05-12T20:39:46.833+0500] {dag.py:3954} INFO - Setting next_dagrun for example_subdag_operator.section-1 to None, run_after=None
[2024-05-12T20:39:46.834+0500] {logging_mixin.py:188} INFO - [2024-05-12T20:39:46.834+0500] {dag.py:3954} INFO - Setting next_dagrun for example_subdag_operator.section-2 to None, run_after=None
[2024-05-12T20:39:46.838+0500] {logging_mixin.py:188} INFO - [2024-05-12T20:39:46.838+0500] {dag.py:3096} INFO - Sync 2 DAGs
[2024-05-12T20:39:46.841+0500] {logging_mixin.py:188} INFO - [2024-05-12T20:39:46.841+0500] {dag.py:3954} INFO - Setting next_dagrun for example_subdag_operator.section-1 to None, run_after=None
[2024-05-12T20:39:46.841+0500] {logging_mixin.py:188} INFO - [2024-05-12T20:39:46.841+0500] {dag.py:3954} INFO - Setting next_dagrun for example_subdag_operator.section-2 to None, run_after=None
[2024-05-12T20:39:46.862+0500] {processor.py:183} INFO - Processing /home/awahab02/mlops_assignment_2/myenv/lib/python3.10/site-packages/airflow/example_dags/example_subdag_operator.py took 0.104 seconds
[2024-05-12T20:40:31.965+0500] {processor.py:161} INFO - Started process (PID=16890) to work on /home/awahab02/mlops_assignment_2/myenv/lib/python3.10/site-packages/airflow/example_dags/example_subdag_operator.py
[2024-05-12T20:40:32.006+0500] {processor.py:830} INFO - Processing file /home/awahab02/mlops_assignment_2/myenv/lib/python3.10/site-packages/airflow/example_dags/example_subdag_operator.py for tasks to queue
[2024-05-12T20:40:32.007+0500] {logging_mixin.py:188} INFO - [2024-05-12T20:40:32.007+0500] {dagbag.py:545} INFO - Filling up the DagBag from /home/awahab02/mlops_assignment_2/myenv/lib/python3.10/site-packages/airflow/example_dags/example_subdag_operator.py
[2024-05-12T20:40:32.026+0500] {processor.py:840} INFO - DAG(s) 'example_subdag_operator.section-1', 'example_subdag_operator.section-2', 'example_subdag_operator' retrieved from /home/awahab02/mlops_assignment_2/myenv/lib/python3.10/site-packages/airflow/example_dags/example_subdag_operator.py
[2024-05-12T20:40:32.040+0500] {logging_mixin.py:188} INFO - [2024-05-12T20:40:32.040+0500] {dag.py:3096} INFO - Sync 3 DAGs
[2024-05-12T20:40:32.057+0500] {logging_mixin.py:188} INFO - [2024-05-12T20:40:32.056+0500] {dag.py:3954} INFO - Setting next_dagrun for example_subdag_operator to 2022-01-01 00:00:00+00:00, run_after=2022-01-01 00:00:00+00:00
[2024-05-12T20:40:32.059+0500] {logging_mixin.py:188} INFO - [2024-05-12T20:40:32.059+0500] {dag.py:3954} INFO - Setting next_dagrun for example_subdag_operator.section-1 to None, run_after=None
[2024-05-12T20:40:32.060+0500] {logging_mixin.py:188} INFO - [2024-05-12T20:40:32.060+0500] {dag.py:3954} INFO - Setting next_dagrun for example_subdag_operator.section-2 to None, run_after=None
[2024-05-12T20:40:32.067+0500] {logging_mixin.py:188} INFO - [2024-05-12T20:40:32.066+0500] {dag.py:3096} INFO - Sync 2 DAGs
[2024-05-12T20:40:32.070+0500] {logging_mixin.py:188} INFO - [2024-05-12T20:40:32.070+0500] {dag.py:3954} INFO - Setting next_dagrun for example_subdag_operator.section-1 to None, run_after=None
[2024-05-12T20:40:32.071+0500] {logging_mixin.py:188} INFO - [2024-05-12T20:40:32.070+0500] {dag.py:3954} INFO - Setting next_dagrun for example_subdag_operator.section-2 to None, run_after=None
[2024-05-12T20:40:32.093+0500] {processor.py:183} INFO - Processing /home/awahab02/mlops_assignment_2/myenv/lib/python3.10/site-packages/airflow/example_dags/example_subdag_operator.py took 0.132 seconds
[2024-05-12T20:41:17.984+0500] {processor.py:161} INFO - Started process (PID=17195) to work on /home/awahab02/mlops_assignment_2/myenv/lib/python3.10/site-packages/airflow/example_dags/example_subdag_operator.py
[2024-05-12T20:41:18.011+0500] {processor.py:830} INFO - Processing file /home/awahab02/mlops_assignment_2/myenv/lib/python3.10/site-packages/airflow/example_dags/example_subdag_operator.py for tasks to queue
[2024-05-12T20:41:18.012+0500] {logging_mixin.py:188} INFO - [2024-05-12T20:41:18.012+0500] {dagbag.py:545} INFO - Filling up the DagBag from /home/awahab02/mlops_assignment_2/myenv/lib/python3.10/site-packages/airflow/example_dags/example_subdag_operator.py
[2024-05-12T20:41:18.028+0500] {processor.py:840} INFO - DAG(s) 'example_subdag_operator.section-1', 'example_subdag_operator.section-2', 'example_subdag_operator' retrieved from /home/awahab02/mlops_assignment_2/myenv/lib/python3.10/site-packages/airflow/example_dags/example_subdag_operator.py
[2024-05-12T20:41:18.042+0500] {logging_mixin.py:188} INFO - [2024-05-12T20:41:18.041+0500] {dag.py:3096} INFO - Sync 3 DAGs
[2024-05-12T20:41:18.056+0500] {logging_mixin.py:188} INFO - [2024-05-12T20:41:18.056+0500] {dag.py:3954} INFO - Setting next_dagrun for example_subdag_operator to 2022-01-01 00:00:00+00:00, run_after=2022-01-01 00:00:00+00:00
[2024-05-12T20:41:18.058+0500] {logging_mixin.py:188} INFO - [2024-05-12T20:41:18.058+0500] {dag.py:3954} INFO - Setting next_dagrun for example_subdag_operator.section-1 to None, run_after=None
[2024-05-12T20:41:18.059+0500] {logging_mixin.py:188} INFO - [2024-05-12T20:41:18.059+0500] {dag.py:3954} INFO - Setting next_dagrun for example_subdag_operator.section-2 to None, run_after=None
[2024-05-12T20:41:18.063+0500] {logging_mixin.py:188} INFO - [2024-05-12T20:41:18.063+0500] {dag.py:3096} INFO - Sync 2 DAGs
[2024-05-12T20:41:18.067+0500] {logging_mixin.py:188} INFO - [2024-05-12T20:41:18.067+0500] {dag.py:3954} INFO - Setting next_dagrun for example_subdag_operator.section-1 to None, run_after=None
[2024-05-12T20:41:18.067+0500] {logging_mixin.py:188} INFO - [2024-05-12T20:41:18.067+0500] {dag.py:3954} INFO - Setting next_dagrun for example_subdag_operator.section-2 to None, run_after=None
[2024-05-12T20:41:18.088+0500] {processor.py:183} INFO - Processing /home/awahab02/mlops_assignment_2/myenv/lib/python3.10/site-packages/airflow/example_dags/example_subdag_operator.py took 0.110 seconds
[2024-05-12T20:42:10.044+0500] {processor.py:161} INFO - Started process (PID=17535) to work on /home/awahab02/mlops_assignment_2/myenv/lib/python3.10/site-packages/airflow/example_dags/example_subdag_operator.py
[2024-05-12T20:42:10.085+0500] {processor.py:830} INFO - Processing file /home/awahab02/mlops_assignment_2/myenv/lib/python3.10/site-packages/airflow/example_dags/example_subdag_operator.py for tasks to queue
[2024-05-12T20:42:10.086+0500] {logging_mixin.py:188} INFO - [2024-05-12T20:42:10.086+0500] {dagbag.py:545} INFO - Filling up the DagBag from /home/awahab02/mlops_assignment_2/myenv/lib/python3.10/site-packages/airflow/example_dags/example_subdag_operator.py
[2024-05-12T20:42:10.103+0500] {processor.py:840} INFO - DAG(s) 'example_subdag_operator.section-1', 'example_subdag_operator.section-2', 'example_subdag_operator' retrieved from /home/awahab02/mlops_assignment_2/myenv/lib/python3.10/site-packages/airflow/example_dags/example_subdag_operator.py
[2024-05-12T20:42:10.116+0500] {logging_mixin.py:188} INFO - [2024-05-12T20:42:10.116+0500] {dag.py:3096} INFO - Sync 3 DAGs
[2024-05-12T20:42:10.136+0500] {logging_mixin.py:188} INFO - [2024-05-12T20:42:10.136+0500] {dag.py:3954} INFO - Setting next_dagrun for example_subdag_operator to 2022-01-01 00:00:00+00:00, run_after=2022-01-01 00:00:00+00:00
[2024-05-12T20:42:10.139+0500] {logging_mixin.py:188} INFO - [2024-05-12T20:42:10.139+0500] {dag.py:3954} INFO - Setting next_dagrun for example_subdag_operator.section-1 to None, run_after=None
[2024-05-12T20:42:10.141+0500] {logging_mixin.py:188} INFO - [2024-05-12T20:42:10.140+0500] {dag.py:3954} INFO - Setting next_dagrun for example_subdag_operator.section-2 to None, run_after=None
[2024-05-12T20:42:10.146+0500] {logging_mixin.py:188} INFO - [2024-05-12T20:42:10.146+0500] {dag.py:3096} INFO - Sync 2 DAGs
[2024-05-12T20:42:10.150+0500] {logging_mixin.py:188} INFO - [2024-05-12T20:42:10.150+0500] {dag.py:3954} INFO - Setting next_dagrun for example_subdag_operator.section-1 to None, run_after=None
[2024-05-12T20:42:10.151+0500] {logging_mixin.py:188} INFO - [2024-05-12T20:42:10.151+0500] {dag.py:3954} INFO - Setting next_dagrun for example_subdag_operator.section-2 to None, run_after=None
[2024-05-12T20:42:10.173+0500] {processor.py:183} INFO - Processing /home/awahab02/mlops_assignment_2/myenv/lib/python3.10/site-packages/airflow/example_dags/example_subdag_operator.py took 0.137 seconds
[2024-05-12T20:42:54.660+0500] {processor.py:161} INFO - Started process (PID=17838) to work on /home/awahab02/mlops_assignment_2/myenv/lib/python3.10/site-packages/airflow/example_dags/example_subdag_operator.py
[2024-05-12T20:42:54.683+0500] {processor.py:830} INFO - Processing file /home/awahab02/mlops_assignment_2/myenv/lib/python3.10/site-packages/airflow/example_dags/example_subdag_operator.py for tasks to queue
[2024-05-12T20:42:54.684+0500] {logging_mixin.py:188} INFO - [2024-05-12T20:42:54.684+0500] {dagbag.py:545} INFO - Filling up the DagBag from /home/awahab02/mlops_assignment_2/myenv/lib/python3.10/site-packages/airflow/example_dags/example_subdag_operator.py
[2024-05-12T20:42:54.700+0500] {processor.py:840} INFO - DAG(s) 'example_subdag_operator.section-1', 'example_subdag_operator.section-2', 'example_subdag_operator' retrieved from /home/awahab02/mlops_assignment_2/myenv/lib/python3.10/site-packages/airflow/example_dags/example_subdag_operator.py
[2024-05-12T20:42:54.711+0500] {logging_mixin.py:188} INFO - [2024-05-12T20:42:54.711+0500] {dag.py:3096} INFO - Sync 3 DAGs
[2024-05-12T20:42:54.725+0500] {logging_mixin.py:188} INFO - [2024-05-12T20:42:54.724+0500] {dag.py:3954} INFO - Setting next_dagrun for example_subdag_operator to 2022-01-01 00:00:00+00:00, run_after=2022-01-01 00:00:00+00:00
[2024-05-12T20:42:54.726+0500] {logging_mixin.py:188} INFO - [2024-05-12T20:42:54.726+0500] {dag.py:3954} INFO - Setting next_dagrun for example_subdag_operator.section-1 to None, run_after=None
[2024-05-12T20:42:54.728+0500] {logging_mixin.py:188} INFO - [2024-05-12T20:42:54.727+0500] {dag.py:3954} INFO - Setting next_dagrun for example_subdag_operator.section-2 to None, run_after=None
[2024-05-12T20:42:54.733+0500] {logging_mixin.py:188} INFO - [2024-05-12T20:42:54.733+0500] {dag.py:3096} INFO - Sync 2 DAGs
[2024-05-12T20:42:54.737+0500] {logging_mixin.py:188} INFO - [2024-05-12T20:42:54.736+0500] {dag.py:3954} INFO - Setting next_dagrun for example_subdag_operator.section-1 to None, run_after=None
[2024-05-12T20:42:54.737+0500] {logging_mixin.py:188} INFO - [2024-05-12T20:42:54.737+0500] {dag.py:3954} INFO - Setting next_dagrun for example_subdag_operator.section-2 to None, run_after=None
[2024-05-12T20:42:54.766+0500] {processor.py:183} INFO - Processing /home/awahab02/mlops_assignment_2/myenv/lib/python3.10/site-packages/airflow/example_dags/example_subdag_operator.py took 0.112 seconds
[2024-05-12T20:43:40.082+0500] {processor.py:161} INFO - Started process (PID=18144) to work on /home/awahab02/mlops_assignment_2/myenv/lib/python3.10/site-packages/airflow/example_dags/example_subdag_operator.py
[2024-05-12T20:43:40.106+0500] {processor.py:830} INFO - Processing file /home/awahab02/mlops_assignment_2/myenv/lib/python3.10/site-packages/airflow/example_dags/example_subdag_operator.py for tasks to queue
[2024-05-12T20:43:40.107+0500] {logging_mixin.py:188} INFO - [2024-05-12T20:43:40.107+0500] {dagbag.py:545} INFO - Filling up the DagBag from /home/awahab02/mlops_assignment_2/myenv/lib/python3.10/site-packages/airflow/example_dags/example_subdag_operator.py
[2024-05-12T20:43:40.122+0500] {processor.py:840} INFO - DAG(s) 'example_subdag_operator.section-1', 'example_subdag_operator.section-2', 'example_subdag_operator' retrieved from /home/awahab02/mlops_assignment_2/myenv/lib/python3.10/site-packages/airflow/example_dags/example_subdag_operator.py
[2024-05-12T20:43:40.133+0500] {logging_mixin.py:188} INFO - [2024-05-12T20:43:40.133+0500] {dag.py:3096} INFO - Sync 3 DAGs
[2024-05-12T20:43:40.147+0500] {logging_mixin.py:188} INFO - [2024-05-12T20:43:40.147+0500] {dag.py:3954} INFO - Setting next_dagrun for example_subdag_operator to 2022-01-01 00:00:00+00:00, run_after=2022-01-01 00:00:00+00:00
[2024-05-12T20:43:40.149+0500] {logging_mixin.py:188} INFO - [2024-05-12T20:43:40.149+0500] {dag.py:3954} INFO - Setting next_dagrun for example_subdag_operator.section-1 to None, run_after=None
[2024-05-12T20:43:40.150+0500] {logging_mixin.py:188} INFO - [2024-05-12T20:43:40.150+0500] {dag.py:3954} INFO - Setting next_dagrun for example_subdag_operator.section-2 to None, run_after=None
[2024-05-12T20:43:40.154+0500] {logging_mixin.py:188} INFO - [2024-05-12T20:43:40.154+0500] {dag.py:3096} INFO - Sync 2 DAGs
[2024-05-12T20:43:40.157+0500] {logging_mixin.py:188} INFO - [2024-05-12T20:43:40.157+0500] {dag.py:3954} INFO - Setting next_dagrun for example_subdag_operator.section-1 to None, run_after=None
[2024-05-12T20:43:40.157+0500] {logging_mixin.py:188} INFO - [2024-05-12T20:43:40.157+0500] {dag.py:3954} INFO - Setting next_dagrun for example_subdag_operator.section-2 to None, run_after=None
[2024-05-12T20:43:40.179+0500] {processor.py:183} INFO - Processing /home/awahab02/mlops_assignment_2/myenv/lib/python3.10/site-packages/airflow/example_dags/example_subdag_operator.py took 0.103 seconds
