[2024-05-12T20:21:09.700+0500] {processor.py:161} INFO - Started process (PID=9489) to work on /home/awahab02/mlops_assignment_2/myenv/lib/python3.10/site-packages/airflow/example_dags/example_dynamic_task_mapping.py
[2024-05-12T20:21:09.701+0500] {processor.py:830} INFO - Processing file /home/awahab02/mlops_assignment_2/myenv/lib/python3.10/site-packages/airflow/example_dags/example_dynamic_task_mapping.py for tasks to queue
[2024-05-12T20:21:09.703+0500] {logging_mixin.py:188} INFO - [2024-05-12T20:21:09.702+0500] {dagbag.py:545} INFO - Filling up the DagBag from /home/awahab02/mlops_assignment_2/myenv/lib/python3.10/site-packages/airflow/example_dags/example_dynamic_task_mapping.py
[2024-05-12T20:21:09.709+0500] {processor.py:840} INFO - DAG(s) 'example_dynamic_task_mapping' retrieved from /home/awahab02/mlops_assignment_2/myenv/lib/python3.10/site-packages/airflow/example_dags/example_dynamic_task_mapping.py
[2024-05-12T20:21:09.844+0500] {logging_mixin.py:188} INFO - [2024-05-12T20:21:09.843+0500] {override.py:1829} INFO - Created Permission View: can read on DAG:example_dynamic_task_mapping
[2024-05-12T20:21:09.860+0500] {logging_mixin.py:188} INFO - [2024-05-12T20:21:09.859+0500] {override.py:1829} INFO - Created Permission View: can edit on DAG:example_dynamic_task_mapping
[2024-05-12T20:21:09.874+0500] {logging_mixin.py:188} INFO - [2024-05-12T20:21:09.873+0500] {override.py:1829} INFO - Created Permission View: can delete on DAG:example_dynamic_task_mapping
[2024-05-12T20:21:09.874+0500] {logging_mixin.py:188} INFO - [2024-05-12T20:21:09.874+0500] {dag.py:3096} INFO - Sync 1 DAGs
[2024-05-12T20:21:09.881+0500] {logging_mixin.py:188} INFO - [2024-05-12T20:21:09.881+0500] {dag.py:3118} INFO - Creating ORM DAG for example_dynamic_task_mapping
[2024-05-12T20:21:09.888+0500] {logging_mixin.py:188} INFO - [2024-05-12T20:21:09.887+0500] {dag.py:3954} INFO - Setting next_dagrun for example_dynamic_task_mapping to 2022-03-04 00:00:00+00:00, run_after=2022-03-05 00:00:00+00:00
[2024-05-12T20:21:09.910+0500] {processor.py:183} INFO - Processing /home/awahab02/mlops_assignment_2/myenv/lib/python3.10/site-packages/airflow/example_dags/example_dynamic_task_mapping.py took 0.216 seconds
[2024-05-12T20:22:01.705+0500] {processor.py:161} INFO - Started process (PID=9693) to work on /home/awahab02/mlops_assignment_2/myenv/lib/python3.10/site-packages/airflow/example_dags/example_dynamic_task_mapping.py
[2024-05-12T20:22:01.707+0500] {processor.py:830} INFO - Processing file /home/awahab02/mlops_assignment_2/myenv/lib/python3.10/site-packages/airflow/example_dags/example_dynamic_task_mapping.py for tasks to queue
[2024-05-12T20:22:01.708+0500] {logging_mixin.py:188} INFO - [2024-05-12T20:22:01.708+0500] {dagbag.py:545} INFO - Filling up the DagBag from /home/awahab02/mlops_assignment_2/myenv/lib/python3.10/site-packages/airflow/example_dags/example_dynamic_task_mapping.py
[2024-05-12T20:22:01.714+0500] {processor.py:840} INFO - DAG(s) 'example_dynamic_task_mapping' retrieved from /home/awahab02/mlops_assignment_2/myenv/lib/python3.10/site-packages/airflow/example_dags/example_dynamic_task_mapping.py
[2024-05-12T20:22:01.725+0500] {logging_mixin.py:188} INFO - [2024-05-12T20:22:01.725+0500] {dag.py:3096} INFO - Sync 1 DAGs
[2024-05-12T20:22:01.743+0500] {logging_mixin.py:188} INFO - [2024-05-12T20:22:01.743+0500] {dag.py:3954} INFO - Setting next_dagrun for example_dynamic_task_mapping to 2022-03-04 00:00:00+00:00, run_after=2022-03-05 00:00:00+00:00
[2024-05-12T20:22:01.767+0500] {processor.py:183} INFO - Processing /home/awahab02/mlops_assignment_2/myenv/lib/python3.10/site-packages/airflow/example_dags/example_dynamic_task_mapping.py took 0.068 seconds
[2024-05-12T20:23:00.261+0500] {processor.py:161} INFO - Started process (PID=10018) to work on /home/awahab02/mlops_assignment_2/myenv/lib/python3.10/site-packages/airflow/example_dags/example_dynamic_task_mapping.py
[2024-05-12T20:23:00.263+0500] {processor.py:830} INFO - Processing file /home/awahab02/mlops_assignment_2/myenv/lib/python3.10/site-packages/airflow/example_dags/example_dynamic_task_mapping.py for tasks to queue
[2024-05-12T20:23:00.264+0500] {logging_mixin.py:188} INFO - [2024-05-12T20:23:00.264+0500] {dagbag.py:545} INFO - Filling up the DagBag from /home/awahab02/mlops_assignment_2/myenv/lib/python3.10/site-packages/airflow/example_dags/example_dynamic_task_mapping.py
[2024-05-12T20:23:00.270+0500] {processor.py:840} INFO - DAG(s) 'example_dynamic_task_mapping' retrieved from /home/awahab02/mlops_assignment_2/myenv/lib/python3.10/site-packages/airflow/example_dags/example_dynamic_task_mapping.py
[2024-05-12T20:23:00.282+0500] {logging_mixin.py:188} INFO - [2024-05-12T20:23:00.282+0500] {dag.py:3096} INFO - Sync 1 DAGs
[2024-05-12T20:23:00.303+0500] {logging_mixin.py:188} INFO - [2024-05-12T20:23:00.303+0500] {dag.py:3954} INFO - Setting next_dagrun for example_dynamic_task_mapping to 2022-03-04 00:00:00+00:00, run_after=2022-03-05 00:00:00+00:00
[2024-05-12T20:23:00.330+0500] {processor.py:183} INFO - Processing /home/awahab02/mlops_assignment_2/myenv/lib/python3.10/site-packages/airflow/example_dags/example_dynamic_task_mapping.py took 0.074 seconds
[2024-05-12T20:24:00.038+0500] {processor.py:161} INFO - Started process (PID=10492) to work on /home/awahab02/mlops_assignment_2/myenv/lib/python3.10/site-packages/airflow/example_dags/example_dynamic_task_mapping.py
[2024-05-12T20:24:00.040+0500] {processor.py:830} INFO - Processing file /home/awahab02/mlops_assignment_2/myenv/lib/python3.10/site-packages/airflow/example_dags/example_dynamic_task_mapping.py for tasks to queue
[2024-05-12T20:24:00.042+0500] {logging_mixin.py:188} INFO - [2024-05-12T20:24:00.041+0500] {dagbag.py:545} INFO - Filling up the DagBag from /home/awahab02/mlops_assignment_2/myenv/lib/python3.10/site-packages/airflow/example_dags/example_dynamic_task_mapping.py
[2024-05-12T20:24:00.048+0500] {processor.py:840} INFO - DAG(s) 'example_dynamic_task_mapping' retrieved from /home/awahab02/mlops_assignment_2/myenv/lib/python3.10/site-packages/airflow/example_dags/example_dynamic_task_mapping.py
[2024-05-12T20:24:00.061+0500] {logging_mixin.py:188} INFO - [2024-05-12T20:24:00.061+0500] {dag.py:3096} INFO - Sync 1 DAGs
[2024-05-12T20:24:00.077+0500] {logging_mixin.py:188} INFO - [2024-05-12T20:24:00.077+0500] {dag.py:3954} INFO - Setting next_dagrun for example_dynamic_task_mapping to 2022-03-04 00:00:00+00:00, run_after=2022-03-05 00:00:00+00:00
[2024-05-12T20:24:00.101+0500] {processor.py:183} INFO - Processing /home/awahab02/mlops_assignment_2/myenv/lib/python3.10/site-packages/airflow/example_dags/example_dynamic_task_mapping.py took 0.071 seconds
[2024-05-12T20:24:59.588+0500] {processor.py:161} INFO - Started process (PID=10766) to work on /home/awahab02/mlops_assignment_2/myenv/lib/python3.10/site-packages/airflow/example_dags/example_dynamic_task_mapping.py
[2024-05-12T20:24:59.633+0500] {processor.py:830} INFO - Processing file /home/awahab02/mlops_assignment_2/myenv/lib/python3.10/site-packages/airflow/example_dags/example_dynamic_task_mapping.py for tasks to queue
[2024-05-12T20:24:59.634+0500] {logging_mixin.py:188} INFO - [2024-05-12T20:24:59.634+0500] {dagbag.py:545} INFO - Filling up the DagBag from /home/awahab02/mlops_assignment_2/myenv/lib/python3.10/site-packages/airflow/example_dags/example_dynamic_task_mapping.py
[2024-05-12T20:24:59.639+0500] {processor.py:840} INFO - DAG(s) 'example_dynamic_task_mapping' retrieved from /home/awahab02/mlops_assignment_2/myenv/lib/python3.10/site-packages/airflow/example_dags/example_dynamic_task_mapping.py
[2024-05-12T20:24:59.651+0500] {logging_mixin.py:188} INFO - [2024-05-12T20:24:59.651+0500] {dag.py:3096} INFO - Sync 1 DAGs
[2024-05-12T20:24:59.667+0500] {logging_mixin.py:188} INFO - [2024-05-12T20:24:59.666+0500] {dag.py:3954} INFO - Setting next_dagrun for example_dynamic_task_mapping to 2022-03-04 00:00:00+00:00, run_after=2022-03-05 00:00:00+00:00
[2024-05-12T20:24:59.691+0500] {processor.py:183} INFO - Processing /home/awahab02/mlops_assignment_2/myenv/lib/python3.10/site-packages/airflow/example_dags/example_dynamic_task_mapping.py took 0.108 seconds
[2024-05-12T20:26:02.313+0500] {processor.py:161} INFO - Started process (PID=11090) to work on /home/awahab02/mlops_assignment_2/myenv/lib/python3.10/site-packages/airflow/example_dags/example_dynamic_task_mapping.py
[2024-05-12T20:26:02.314+0500] {processor.py:830} INFO - Processing file /home/awahab02/mlops_assignment_2/myenv/lib/python3.10/site-packages/airflow/example_dags/example_dynamic_task_mapping.py for tasks to queue
[2024-05-12T20:26:02.316+0500] {logging_mixin.py:188} INFO - [2024-05-12T20:26:02.316+0500] {dagbag.py:545} INFO - Filling up the DagBag from /home/awahab02/mlops_assignment_2/myenv/lib/python3.10/site-packages/airflow/example_dags/example_dynamic_task_mapping.py
[2024-05-12T20:26:02.322+0500] {processor.py:840} INFO - DAG(s) 'example_dynamic_task_mapping' retrieved from /home/awahab02/mlops_assignment_2/myenv/lib/python3.10/site-packages/airflow/example_dags/example_dynamic_task_mapping.py
[2024-05-12T20:26:02.335+0500] {logging_mixin.py:188} INFO - [2024-05-12T20:26:02.335+0500] {dag.py:3096} INFO - Sync 1 DAGs
[2024-05-12T20:26:02.351+0500] {logging_mixin.py:188} INFO - [2024-05-12T20:26:02.351+0500] {dag.py:3954} INFO - Setting next_dagrun for example_dynamic_task_mapping to 2022-03-04 00:00:00+00:00, run_after=2022-03-05 00:00:00+00:00
[2024-05-12T20:26:02.377+0500] {processor.py:183} INFO - Processing /home/awahab02/mlops_assignment_2/myenv/lib/python3.10/site-packages/airflow/example_dags/example_dynamic_task_mapping.py took 0.071 seconds
[2024-05-12T20:27:06.452+0500] {processor.py:161} INFO - Started process (PID=11535) to work on /home/awahab02/mlops_assignment_2/myenv/lib/python3.10/site-packages/airflow/example_dags/example_dynamic_task_mapping.py
[2024-05-12T20:27:06.478+0500] {processor.py:830} INFO - Processing file /home/awahab02/mlops_assignment_2/myenv/lib/python3.10/site-packages/airflow/example_dags/example_dynamic_task_mapping.py for tasks to queue
[2024-05-12T20:27:06.479+0500] {logging_mixin.py:188} INFO - [2024-05-12T20:27:06.479+0500] {dagbag.py:545} INFO - Filling up the DagBag from /home/awahab02/mlops_assignment_2/myenv/lib/python3.10/site-packages/airflow/example_dags/example_dynamic_task_mapping.py
[2024-05-12T20:27:06.485+0500] {processor.py:840} INFO - DAG(s) 'example_dynamic_task_mapping' retrieved from /home/awahab02/mlops_assignment_2/myenv/lib/python3.10/site-packages/airflow/example_dags/example_dynamic_task_mapping.py
[2024-05-12T20:27:06.499+0500] {logging_mixin.py:188} INFO - [2024-05-12T20:27:06.498+0500] {dag.py:3096} INFO - Sync 1 DAGs
[2024-05-12T20:27:06.514+0500] {logging_mixin.py:188} INFO - [2024-05-12T20:27:06.514+0500] {dag.py:3954} INFO - Setting next_dagrun for example_dynamic_task_mapping to 2022-03-04 00:00:00+00:00, run_after=2022-03-05 00:00:00+00:00
[2024-05-12T20:27:06.537+0500] {processor.py:183} INFO - Processing /home/awahab02/mlops_assignment_2/myenv/lib/python3.10/site-packages/airflow/example_dags/example_dynamic_task_mapping.py took 0.090 seconds
[2024-05-12T20:28:11.830+0500] {processor.py:161} INFO - Started process (PID=12071) to work on /home/awahab02/mlops_assignment_2/myenv/lib/python3.10/site-packages/airflow/example_dags/example_dynamic_task_mapping.py
[2024-05-12T20:28:11.860+0500] {processor.py:830} INFO - Processing file /home/awahab02/mlops_assignment_2/myenv/lib/python3.10/site-packages/airflow/example_dags/example_dynamic_task_mapping.py for tasks to queue
[2024-05-12T20:28:11.862+0500] {logging_mixin.py:188} INFO - [2024-05-12T20:28:11.862+0500] {dagbag.py:545} INFO - Filling up the DagBag from /home/awahab02/mlops_assignment_2/myenv/lib/python3.10/site-packages/airflow/example_dags/example_dynamic_task_mapping.py
[2024-05-12T20:28:11.869+0500] {processor.py:840} INFO - DAG(s) 'example_dynamic_task_mapping' retrieved from /home/awahab02/mlops_assignment_2/myenv/lib/python3.10/site-packages/airflow/example_dags/example_dynamic_task_mapping.py
[2024-05-12T20:28:11.885+0500] {logging_mixin.py:188} INFO - [2024-05-12T20:28:11.885+0500] {dag.py:3096} INFO - Sync 1 DAGs
[2024-05-12T20:28:11.904+0500] {logging_mixin.py:188} INFO - [2024-05-12T20:28:11.904+0500] {dag.py:3954} INFO - Setting next_dagrun for example_dynamic_task_mapping to 2022-03-04 00:00:00+00:00, run_after=2022-03-05 00:00:00+00:00
[2024-05-12T20:28:11.933+0500] {processor.py:183} INFO - Processing /home/awahab02/mlops_assignment_2/myenv/lib/python3.10/site-packages/airflow/example_dags/example_dynamic_task_mapping.py took 0.108 seconds
[2024-05-12T20:29:04.288+0500] {processor.py:161} INFO - Started process (PID=12324) to work on /home/awahab02/mlops_assignment_2/myenv/lib/python3.10/site-packages/airflow/example_dags/example_dynamic_task_mapping.py
[2024-05-12T20:29:04.290+0500] {processor.py:830} INFO - Processing file /home/awahab02/mlops_assignment_2/myenv/lib/python3.10/site-packages/airflow/example_dags/example_dynamic_task_mapping.py for tasks to queue
[2024-05-12T20:29:04.292+0500] {logging_mixin.py:188} INFO - [2024-05-12T20:29:04.291+0500] {dagbag.py:545} INFO - Filling up the DagBag from /home/awahab02/mlops_assignment_2/myenv/lib/python3.10/site-packages/airflow/example_dags/example_dynamic_task_mapping.py
[2024-05-12T20:29:04.298+0500] {processor.py:840} INFO - DAG(s) 'example_dynamic_task_mapping' retrieved from /home/awahab02/mlops_assignment_2/myenv/lib/python3.10/site-packages/airflow/example_dags/example_dynamic_task_mapping.py
[2024-05-12T20:29:04.310+0500] {logging_mixin.py:188} INFO - [2024-05-12T20:29:04.310+0500] {dag.py:3096} INFO - Sync 1 DAGs
[2024-05-12T20:29:04.325+0500] {logging_mixin.py:188} INFO - [2024-05-12T20:29:04.325+0500] {dag.py:3954} INFO - Setting next_dagrun for example_dynamic_task_mapping to 2022-03-04 00:00:00+00:00, run_after=2022-03-05 00:00:00+00:00
[2024-05-12T20:29:04.353+0500] {processor.py:183} INFO - Processing /home/awahab02/mlops_assignment_2/myenv/lib/python3.10/site-packages/airflow/example_dags/example_dynamic_task_mapping.py took 0.071 seconds
[2024-05-12T20:30:35.579+0500] {processor.py:161} INFO - Started process (PID=13015) to work on /home/awahab02/mlops_assignment_2/myenv/lib/python3.10/site-packages/airflow/example_dags/example_dynamic_task_mapping.py
[2024-05-12T20:30:35.580+0500] {processor.py:830} INFO - Processing file /home/awahab02/mlops_assignment_2/myenv/lib/python3.10/site-packages/airflow/example_dags/example_dynamic_task_mapping.py for tasks to queue
[2024-05-12T20:30:35.582+0500] {logging_mixin.py:188} INFO - [2024-05-12T20:30:35.581+0500] {dagbag.py:545} INFO - Filling up the DagBag from /home/awahab02/mlops_assignment_2/myenv/lib/python3.10/site-packages/airflow/example_dags/example_dynamic_task_mapping.py
[2024-05-12T20:30:35.587+0500] {processor.py:840} INFO - DAG(s) 'example_dynamic_task_mapping' retrieved from /home/awahab02/mlops_assignment_2/myenv/lib/python3.10/site-packages/airflow/example_dags/example_dynamic_task_mapping.py
[2024-05-12T20:30:35.599+0500] {logging_mixin.py:188} INFO - [2024-05-12T20:30:35.598+0500] {dag.py:3096} INFO - Sync 1 DAGs
[2024-05-12T20:30:35.615+0500] {logging_mixin.py:188} INFO - [2024-05-12T20:30:35.615+0500] {dag.py:3954} INFO - Setting next_dagrun for example_dynamic_task_mapping to 2022-03-04 00:00:00+00:00, run_after=2022-03-05 00:00:00+00:00
[2024-05-12T20:30:35.644+0500] {processor.py:183} INFO - Processing /home/awahab02/mlops_assignment_2/myenv/lib/python3.10/site-packages/airflow/example_dags/example_dynamic_task_mapping.py took 0.070 seconds
[2024-05-12T20:31:37.671+0500] {processor.py:161} INFO - Started process (PID=13327) to work on /home/awahab02/mlops_assignment_2/myenv/lib/python3.10/site-packages/airflow/example_dags/example_dynamic_task_mapping.py
[2024-05-12T20:31:37.708+0500] {processor.py:830} INFO - Processing file /home/awahab02/mlops_assignment_2/myenv/lib/python3.10/site-packages/airflow/example_dags/example_dynamic_task_mapping.py for tasks to queue
[2024-05-12T20:31:37.709+0500] {logging_mixin.py:188} INFO - [2024-05-12T20:31:37.709+0500] {dagbag.py:545} INFO - Filling up the DagBag from /home/awahab02/mlops_assignment_2/myenv/lib/python3.10/site-packages/airflow/example_dags/example_dynamic_task_mapping.py
[2024-05-12T20:31:37.715+0500] {processor.py:840} INFO - DAG(s) 'example_dynamic_task_mapping' retrieved from /home/awahab02/mlops_assignment_2/myenv/lib/python3.10/site-packages/airflow/example_dags/example_dynamic_task_mapping.py
[2024-05-12T20:31:37.727+0500] {logging_mixin.py:188} INFO - [2024-05-12T20:31:37.727+0500] {dag.py:3096} INFO - Sync 1 DAGs
[2024-05-12T20:31:37.744+0500] {logging_mixin.py:188} INFO - [2024-05-12T20:31:37.744+0500] {dag.py:3954} INFO - Setting next_dagrun for example_dynamic_task_mapping to 2022-03-04 00:00:00+00:00, run_after=2022-03-05 00:00:00+00:00
[2024-05-12T20:31:37.768+0500] {processor.py:183} INFO - Processing /home/awahab02/mlops_assignment_2/myenv/lib/python3.10/site-packages/airflow/example_dags/example_dynamic_task_mapping.py took 0.101 seconds
[2024-05-12T20:34:52.443+0500] {processor.py:161} INFO - Started process (PID=14638) to work on /home/awahab02/mlops_assignment_2/myenv/lib/python3.10/site-packages/airflow/example_dags/example_dynamic_task_mapping.py
[2024-05-12T20:34:52.480+0500] {processor.py:830} INFO - Processing file /home/awahab02/mlops_assignment_2/myenv/lib/python3.10/site-packages/airflow/example_dags/example_dynamic_task_mapping.py for tasks to queue
[2024-05-12T20:34:52.481+0500] {logging_mixin.py:188} INFO - [2024-05-12T20:34:52.481+0500] {dagbag.py:545} INFO - Filling up the DagBag from /home/awahab02/mlops_assignment_2/myenv/lib/python3.10/site-packages/airflow/example_dags/example_dynamic_task_mapping.py
[2024-05-12T20:34:52.488+0500] {processor.py:840} INFO - DAG(s) 'example_dynamic_task_mapping' retrieved from /home/awahab02/mlops_assignment_2/myenv/lib/python3.10/site-packages/airflow/example_dags/example_dynamic_task_mapping.py
[2024-05-12T20:34:52.506+0500] {logging_mixin.py:188} INFO - [2024-05-12T20:34:52.506+0500] {dag.py:3096} INFO - Sync 1 DAGs
[2024-05-12T20:34:52.522+0500] {logging_mixin.py:188} INFO - [2024-05-12T20:34:52.522+0500] {dag.py:3954} INFO - Setting next_dagrun for example_dynamic_task_mapping to 2022-03-04 00:00:00+00:00, run_after=2022-03-05 00:00:00+00:00
[2024-05-12T20:34:52.549+0500] {processor.py:183} INFO - Processing /home/awahab02/mlops_assignment_2/myenv/lib/python3.10/site-packages/airflow/example_dags/example_dynamic_task_mapping.py took 0.112 seconds
[2024-05-12T20:36:01.010+0500] {processor.py:161} INFO - Started process (PID=15000) to work on /home/awahab02/mlops_assignment_2/myenv/lib/python3.10/site-packages/airflow/example_dags/example_dynamic_task_mapping.py
[2024-05-12T20:36:01.058+0500] {processor.py:830} INFO - Processing file /home/awahab02/mlops_assignment_2/myenv/lib/python3.10/site-packages/airflow/example_dags/example_dynamic_task_mapping.py for tasks to queue
[2024-05-12T20:36:01.058+0500] {logging_mixin.py:188} INFO - [2024-05-12T20:36:01.058+0500] {dagbag.py:545} INFO - Filling up the DagBag from /home/awahab02/mlops_assignment_2/myenv/lib/python3.10/site-packages/airflow/example_dags/example_dynamic_task_mapping.py
[2024-05-12T20:36:01.065+0500] {processor.py:840} INFO - DAG(s) 'example_dynamic_task_mapping' retrieved from /home/awahab02/mlops_assignment_2/myenv/lib/python3.10/site-packages/airflow/example_dags/example_dynamic_task_mapping.py
[2024-05-12T20:36:01.076+0500] {logging_mixin.py:188} INFO - [2024-05-12T20:36:01.076+0500] {dag.py:3096} INFO - Sync 1 DAGs
[2024-05-12T20:36:01.089+0500] {logging_mixin.py:188} INFO - [2024-05-12T20:36:01.089+0500] {dag.py:3954} INFO - Setting next_dagrun for example_dynamic_task_mapping to 2022-03-04 00:00:00+00:00, run_after=2022-03-05 00:00:00+00:00
[2024-05-12T20:36:01.115+0500] {processor.py:183} INFO - Processing /home/awahab02/mlops_assignment_2/myenv/lib/python3.10/site-packages/airflow/example_dags/example_dynamic_task_mapping.py took 0.109 seconds
[2024-05-12T20:36:53.037+0500] {processor.py:161} INFO - Started process (PID=15258) to work on /home/awahab02/mlops_assignment_2/myenv/lib/python3.10/site-packages/airflow/example_dags/example_dynamic_task_mapping.py
[2024-05-12T20:36:53.039+0500] {processor.py:830} INFO - Processing file /home/awahab02/mlops_assignment_2/myenv/lib/python3.10/site-packages/airflow/example_dags/example_dynamic_task_mapping.py for tasks to queue
[2024-05-12T20:36:53.040+0500] {logging_mixin.py:188} INFO - [2024-05-12T20:36:53.039+0500] {dagbag.py:545} INFO - Filling up the DagBag from /home/awahab02/mlops_assignment_2/myenv/lib/python3.10/site-packages/airflow/example_dags/example_dynamic_task_mapping.py
[2024-05-12T20:36:53.045+0500] {processor.py:840} INFO - DAG(s) 'example_dynamic_task_mapping' retrieved from /home/awahab02/mlops_assignment_2/myenv/lib/python3.10/site-packages/airflow/example_dags/example_dynamic_task_mapping.py
[2024-05-12T20:36:53.068+0500] {logging_mixin.py:188} INFO - [2024-05-12T20:36:53.064+0500] {dag.py:3096} INFO - Sync 1 DAGs
[2024-05-12T20:36:53.109+0500] {logging_mixin.py:188} INFO - [2024-05-12T20:36:53.109+0500] {dag.py:3954} INFO - Setting next_dagrun for example_dynamic_task_mapping to 2022-03-04 00:00:00+00:00, run_after=2022-03-05 00:00:00+00:00
[2024-05-12T20:36:53.143+0500] {processor.py:183} INFO - Processing /home/awahab02/mlops_assignment_2/myenv/lib/python3.10/site-packages/airflow/example_dags/example_dynamic_task_mapping.py took 0.112 seconds
[2024-05-12T20:39:26.195+0500] {processor.py:161} INFO - Started process (PID=16458) to work on /home/awahab02/mlops_assignment_2/myenv/lib/python3.10/site-packages/airflow/example_dags/example_dynamic_task_mapping.py
[2024-05-12T20:39:26.196+0500] {processor.py:830} INFO - Processing file /home/awahab02/mlops_assignment_2/myenv/lib/python3.10/site-packages/airflow/example_dags/example_dynamic_task_mapping.py for tasks to queue
[2024-05-12T20:39:26.197+0500] {logging_mixin.py:188} INFO - [2024-05-12T20:39:26.196+0500] {dagbag.py:545} INFO - Filling up the DagBag from /home/awahab02/mlops_assignment_2/myenv/lib/python3.10/site-packages/airflow/example_dags/example_dynamic_task_mapping.py
[2024-05-12T20:39:26.202+0500] {processor.py:840} INFO - DAG(s) 'example_dynamic_task_mapping' retrieved from /home/awahab02/mlops_assignment_2/myenv/lib/python3.10/site-packages/airflow/example_dags/example_dynamic_task_mapping.py
[2024-05-12T20:39:26.217+0500] {logging_mixin.py:188} INFO - [2024-05-12T20:39:26.217+0500] {dag.py:3096} INFO - Sync 1 DAGs
[2024-05-12T20:39:26.232+0500] {logging_mixin.py:188} INFO - [2024-05-12T20:39:26.232+0500] {dag.py:3954} INFO - Setting next_dagrun for example_dynamic_task_mapping to 2022-03-04 00:00:00+00:00, run_after=2022-03-05 00:00:00+00:00
[2024-05-12T20:39:26.258+0500] {processor.py:183} INFO - Processing /home/awahab02/mlops_assignment_2/myenv/lib/python3.10/site-packages/airflow/example_dags/example_dynamic_task_mapping.py took 0.068 seconds
[2024-05-12T20:40:34.369+0500] {processor.py:161} INFO - Started process (PID=16903) to work on /home/awahab02/mlops_assignment_2/myenv/lib/python3.10/site-packages/airflow/example_dags/example_dynamic_task_mapping.py
[2024-05-12T20:40:34.370+0500] {processor.py:830} INFO - Processing file /home/awahab02/mlops_assignment_2/myenv/lib/python3.10/site-packages/airflow/example_dags/example_dynamic_task_mapping.py for tasks to queue
[2024-05-12T20:40:34.371+0500] {logging_mixin.py:188} INFO - [2024-05-12T20:40:34.371+0500] {dagbag.py:545} INFO - Filling up the DagBag from /home/awahab02/mlops_assignment_2/myenv/lib/python3.10/site-packages/airflow/example_dags/example_dynamic_task_mapping.py
[2024-05-12T20:40:34.377+0500] {processor.py:840} INFO - DAG(s) 'example_dynamic_task_mapping' retrieved from /home/awahab02/mlops_assignment_2/myenv/lib/python3.10/site-packages/airflow/example_dags/example_dynamic_task_mapping.py
[2024-05-12T20:40:34.390+0500] {logging_mixin.py:188} INFO - [2024-05-12T20:40:34.390+0500] {dag.py:3096} INFO - Sync 1 DAGs
[2024-05-12T20:40:34.407+0500] {logging_mixin.py:188} INFO - [2024-05-12T20:40:34.407+0500] {dag.py:3954} INFO - Setting next_dagrun for example_dynamic_task_mapping to 2022-03-04 00:00:00+00:00, run_after=2022-03-05 00:00:00+00:00
[2024-05-12T20:40:34.442+0500] {processor.py:183} INFO - Processing /home/awahab02/mlops_assignment_2/myenv/lib/python3.10/site-packages/airflow/example_dags/example_dynamic_task_mapping.py took 0.080 seconds
[2024-05-12T20:41:40.550+0500] {processor.py:161} INFO - Started process (PID=17348) to work on /home/awahab02/mlops_assignment_2/myenv/lib/python3.10/site-packages/airflow/example_dags/example_dynamic_task_mapping.py
[2024-05-12T20:41:40.573+0500] {processor.py:830} INFO - Processing file /home/awahab02/mlops_assignment_2/myenv/lib/python3.10/site-packages/airflow/example_dags/example_dynamic_task_mapping.py for tasks to queue
[2024-05-12T20:41:40.574+0500] {logging_mixin.py:188} INFO - [2024-05-12T20:41:40.573+0500] {dagbag.py:545} INFO - Filling up the DagBag from /home/awahab02/mlops_assignment_2/myenv/lib/python3.10/site-packages/airflow/example_dags/example_dynamic_task_mapping.py
[2024-05-12T20:41:40.579+0500] {processor.py:840} INFO - DAG(s) 'example_dynamic_task_mapping' retrieved from /home/awahab02/mlops_assignment_2/myenv/lib/python3.10/site-packages/airflow/example_dags/example_dynamic_task_mapping.py
[2024-05-12T20:41:40.592+0500] {logging_mixin.py:188} INFO - [2024-05-12T20:41:40.592+0500] {dag.py:3096} INFO - Sync 1 DAGs
[2024-05-12T20:41:40.605+0500] {logging_mixin.py:188} INFO - [2024-05-12T20:41:40.605+0500] {dag.py:3954} INFO - Setting next_dagrun for example_dynamic_task_mapping to 2022-03-04 00:00:00+00:00, run_after=2022-03-05 00:00:00+00:00
[2024-05-12T20:41:40.631+0500] {processor.py:183} INFO - Processing /home/awahab02/mlops_assignment_2/myenv/lib/python3.10/site-packages/airflow/example_dags/example_dynamic_task_mapping.py took 0.086 seconds
[2024-05-12T20:42:46.937+0500] {processor.py:161} INFO - Started process (PID=17806) to work on /home/awahab02/mlops_assignment_2/myenv/lib/python3.10/site-packages/airflow/example_dags/example_dynamic_task_mapping.py
[2024-05-12T20:42:47.001+0500] {processor.py:830} INFO - Processing file /home/awahab02/mlops_assignment_2/myenv/lib/python3.10/site-packages/airflow/example_dags/example_dynamic_task_mapping.py for tasks to queue
[2024-05-12T20:42:47.003+0500] {logging_mixin.py:188} INFO - [2024-05-12T20:42:47.002+0500] {dagbag.py:545} INFO - Filling up the DagBag from /home/awahab02/mlops_assignment_2/myenv/lib/python3.10/site-packages/airflow/example_dags/example_dynamic_task_mapping.py
[2024-05-12T20:42:47.009+0500] {processor.py:840} INFO - DAG(s) 'example_dynamic_task_mapping' retrieved from /home/awahab02/mlops_assignment_2/myenv/lib/python3.10/site-packages/airflow/example_dags/example_dynamic_task_mapping.py
[2024-05-12T20:42:47.022+0500] {logging_mixin.py:188} INFO - [2024-05-12T20:42:47.022+0500] {dag.py:3096} INFO - Sync 1 DAGs
[2024-05-12T20:42:47.035+0500] {logging_mixin.py:188} INFO - [2024-05-12T20:42:47.035+0500] {dag.py:3954} INFO - Setting next_dagrun for example_dynamic_task_mapping to 2022-03-04 00:00:00+00:00, run_after=2022-03-05 00:00:00+00:00
[2024-05-12T20:42:47.059+0500] {processor.py:183} INFO - Processing /home/awahab02/mlops_assignment_2/myenv/lib/python3.10/site-packages/airflow/example_dags/example_dynamic_task_mapping.py took 0.126 seconds
[2024-05-12T20:43:38.830+0500] {processor.py:161} INFO - Started process (PID=18137) to work on /home/awahab02/mlops_assignment_2/myenv/lib/python3.10/site-packages/airflow/example_dags/example_dynamic_task_mapping.py
[2024-05-12T20:43:38.860+0500] {processor.py:830} INFO - Processing file /home/awahab02/mlops_assignment_2/myenv/lib/python3.10/site-packages/airflow/example_dags/example_dynamic_task_mapping.py for tasks to queue
[2024-05-12T20:43:38.861+0500] {logging_mixin.py:188} INFO - [2024-05-12T20:43:38.861+0500] {dagbag.py:545} INFO - Filling up the DagBag from /home/awahab02/mlops_assignment_2/myenv/lib/python3.10/site-packages/airflow/example_dags/example_dynamic_task_mapping.py
[2024-05-12T20:43:38.869+0500] {processor.py:840} INFO - DAG(s) 'example_dynamic_task_mapping' retrieved from /home/awahab02/mlops_assignment_2/myenv/lib/python3.10/site-packages/airflow/example_dags/example_dynamic_task_mapping.py
[2024-05-12T20:43:38.890+0500] {logging_mixin.py:188} INFO - [2024-05-12T20:43:38.890+0500] {dag.py:3096} INFO - Sync 1 DAGs
[2024-05-12T20:43:38.906+0500] {logging_mixin.py:188} INFO - [2024-05-12T20:43:38.906+0500] {dag.py:3954} INFO - Setting next_dagrun for example_dynamic_task_mapping to 2022-03-04 00:00:00+00:00, run_after=2022-03-05 00:00:00+00:00
[2024-05-12T20:43:38.955+0500] {processor.py:183} INFO - Processing /home/awahab02/mlops_assignment_2/myenv/lib/python3.10/site-packages/airflow/example_dags/example_dynamic_task_mapping.py took 0.142 seconds
