[2024-05-12T20:20:54.487+0500] {processor.py:161} INFO - Started process (PID=9409) to work on /home/awahab02/mlops_assignment_2/myenv/lib/python3.10/site-packages/airflow/example_dags/example_branch_python_dop_operator_3.py
[2024-05-12T20:20:54.488+0500] {processor.py:830} INFO - Processing file /home/awahab02/mlops_assignment_2/myenv/lib/python3.10/site-packages/airflow/example_dags/example_branch_python_dop_operator_3.py for tasks to queue
[2024-05-12T20:20:54.489+0500] {logging_mixin.py:188} INFO - [2024-05-12T20:20:54.489+0500] {dagbag.py:545} INFO - Filling up the DagBag from /home/awahab02/mlops_assignment_2/myenv/lib/python3.10/site-packages/airflow/example_dags/example_branch_python_dop_operator_3.py
[2024-05-12T20:20:54.496+0500] {processor.py:840} INFO - DAG(s) 'example_branch_dop_operator_v3' retrieved from /home/awahab02/mlops_assignment_2/myenv/lib/python3.10/site-packages/airflow/example_dags/example_branch_python_dop_operator_3.py
[2024-05-12T20:20:54.615+0500] {logging_mixin.py:188} INFO - [2024-05-12T20:20:54.614+0500] {override.py:1829} INFO - Created Permission View: can read on DAG:example_branch_dop_operator_v3
[2024-05-12T20:20:54.634+0500] {logging_mixin.py:188} INFO - [2024-05-12T20:20:54.634+0500] {override.py:1829} INFO - Created Permission View: can edit on DAG:example_branch_dop_operator_v3
[2024-05-12T20:20:54.649+0500] {logging_mixin.py:188} INFO - [2024-05-12T20:20:54.649+0500] {override.py:1829} INFO - Created Permission View: can delete on DAG:example_branch_dop_operator_v3
[2024-05-12T20:20:54.649+0500] {logging_mixin.py:188} INFO - [2024-05-12T20:20:54.649+0500] {dag.py:3096} INFO - Sync 1 DAGs
[2024-05-12T20:20:54.657+0500] {logging_mixin.py:188} INFO - [2024-05-12T20:20:54.657+0500] {dag.py:3118} INFO - Creating ORM DAG for example_branch_dop_operator_v3
[2024-05-12T20:20:54.667+0500] {logging_mixin.py:188} INFO - [2024-05-12T20:20:54.667+0500] {dag.py:3954} INFO - Setting next_dagrun for example_branch_dop_operator_v3 to 2024-05-12 15:19:00+00:00, run_after=2024-05-12 15:20:00+00:00
[2024-05-12T20:20:54.690+0500] {processor.py:183} INFO - Processing /home/awahab02/mlops_assignment_2/myenv/lib/python3.10/site-packages/airflow/example_dags/example_branch_python_dop_operator_3.py took 0.209 seconds
[2024-05-12T20:21:47.981+0500] {processor.py:161} INFO - Started process (PID=9636) to work on /home/awahab02/mlops_assignment_2/myenv/lib/python3.10/site-packages/airflow/example_dags/example_branch_python_dop_operator_3.py
[2024-05-12T20:21:47.994+0500] {processor.py:830} INFO - Processing file /home/awahab02/mlops_assignment_2/myenv/lib/python3.10/site-packages/airflow/example_dags/example_branch_python_dop_operator_3.py for tasks to queue
[2024-05-12T20:21:47.995+0500] {logging_mixin.py:188} INFO - [2024-05-12T20:21:47.995+0500] {dagbag.py:545} INFO - Filling up the DagBag from /home/awahab02/mlops_assignment_2/myenv/lib/python3.10/site-packages/airflow/example_dags/example_branch_python_dop_operator_3.py
[2024-05-12T20:21:48.004+0500] {processor.py:840} INFO - DAG(s) 'example_branch_dop_operator_v3' retrieved from /home/awahab02/mlops_assignment_2/myenv/lib/python3.10/site-packages/airflow/example_dags/example_branch_python_dop_operator_3.py
[2024-05-12T20:21:48.017+0500] {logging_mixin.py:188} INFO - [2024-05-12T20:21:48.017+0500] {dag.py:3096} INFO - Sync 1 DAGs
[2024-05-12T20:21:48.036+0500] {logging_mixin.py:188} INFO - [2024-05-12T20:21:48.036+0500] {dag.py:3954} INFO - Setting next_dagrun for example_branch_dop_operator_v3 to 2024-05-12 15:20:00+00:00, run_after=2024-05-12 15:21:00+00:00
[2024-05-12T20:21:48.063+0500] {processor.py:183} INFO - Processing /home/awahab02/mlops_assignment_2/myenv/lib/python3.10/site-packages/airflow/example_dags/example_branch_python_dop_operator_3.py took 0.090 seconds
[2024-05-12T20:22:38.052+0500] {processor.py:161} INFO - Started process (PID=9845) to work on /home/awahab02/mlops_assignment_2/myenv/lib/python3.10/site-packages/airflow/example_dags/example_branch_python_dop_operator_3.py
[2024-05-12T20:22:38.082+0500] {processor.py:830} INFO - Processing file /home/awahab02/mlops_assignment_2/myenv/lib/python3.10/site-packages/airflow/example_dags/example_branch_python_dop_operator_3.py for tasks to queue
[2024-05-12T20:22:38.083+0500] {logging_mixin.py:188} INFO - [2024-05-12T20:22:38.083+0500] {dagbag.py:545} INFO - Filling up the DagBag from /home/awahab02/mlops_assignment_2/myenv/lib/python3.10/site-packages/airflow/example_dags/example_branch_python_dop_operator_3.py
[2024-05-12T20:22:38.093+0500] {processor.py:840} INFO - DAG(s) 'example_branch_dop_operator_v3' retrieved from /home/awahab02/mlops_assignment_2/myenv/lib/python3.10/site-packages/airflow/example_dags/example_branch_python_dop_operator_3.py
[2024-05-12T20:22:38.106+0500] {logging_mixin.py:188} INFO - [2024-05-12T20:22:38.105+0500] {dag.py:3096} INFO - Sync 1 DAGs
[2024-05-12T20:22:38.124+0500] {logging_mixin.py:188} INFO - [2024-05-12T20:22:38.124+0500] {dag.py:3954} INFO - Setting next_dagrun for example_branch_dop_operator_v3 to 2024-05-12 15:21:00+00:00, run_after=2024-05-12 15:22:00+00:00
[2024-05-12T20:22:38.149+0500] {processor.py:183} INFO - Processing /home/awahab02/mlops_assignment_2/myenv/lib/python3.10/site-packages/airflow/example_dags/example_branch_python_dop_operator_3.py took 0.102 seconds
[2024-05-12T20:23:34.190+0500] {processor.py:161} INFO - Started process (PID=10334) to work on /home/awahab02/mlops_assignment_2/myenv/lib/python3.10/site-packages/airflow/example_dags/example_branch_python_dop_operator_3.py
[2024-05-12T20:23:34.192+0500] {processor.py:830} INFO - Processing file /home/awahab02/mlops_assignment_2/myenv/lib/python3.10/site-packages/airflow/example_dags/example_branch_python_dop_operator_3.py for tasks to queue
[2024-05-12T20:23:34.196+0500] {logging_mixin.py:188} INFO - [2024-05-12T20:23:34.195+0500] {dagbag.py:545} INFO - Filling up the DagBag from /home/awahab02/mlops_assignment_2/myenv/lib/python3.10/site-packages/airflow/example_dags/example_branch_python_dop_operator_3.py
[2024-05-12T20:23:34.204+0500] {processor.py:840} INFO - DAG(s) 'example_branch_dop_operator_v3' retrieved from /home/awahab02/mlops_assignment_2/myenv/lib/python3.10/site-packages/airflow/example_dags/example_branch_python_dop_operator_3.py
[2024-05-12T20:23:34.223+0500] {logging_mixin.py:188} INFO - [2024-05-12T20:23:34.223+0500] {dag.py:3096} INFO - Sync 1 DAGs
[2024-05-12T20:23:34.252+0500] {logging_mixin.py:188} INFO - [2024-05-12T20:23:34.252+0500] {dag.py:3954} INFO - Setting next_dagrun for example_branch_dop_operator_v3 to 2024-05-12 15:22:00+00:00, run_after=2024-05-12 15:23:00+00:00
[2024-05-12T20:23:34.287+0500] {processor.py:183} INFO - Processing /home/awahab02/mlops_assignment_2/myenv/lib/python3.10/site-packages/airflow/example_dags/example_branch_python_dop_operator_3.py took 0.103 seconds
[2024-05-12T20:24:35.954+0500] {processor.py:161} INFO - Started process (PID=10659) to work on /home/awahab02/mlops_assignment_2/myenv/lib/python3.10/site-packages/airflow/example_dags/example_branch_python_dop_operator_3.py
[2024-05-12T20:24:35.980+0500] {processor.py:830} INFO - Processing file /home/awahab02/mlops_assignment_2/myenv/lib/python3.10/site-packages/airflow/example_dags/example_branch_python_dop_operator_3.py for tasks to queue
[2024-05-12T20:24:35.982+0500] {logging_mixin.py:188} INFO - [2024-05-12T20:24:35.982+0500] {dagbag.py:545} INFO - Filling up the DagBag from /home/awahab02/mlops_assignment_2/myenv/lib/python3.10/site-packages/airflow/example_dags/example_branch_python_dop_operator_3.py
[2024-05-12T20:24:35.991+0500] {processor.py:840} INFO - DAG(s) 'example_branch_dop_operator_v3' retrieved from /home/awahab02/mlops_assignment_2/myenv/lib/python3.10/site-packages/airflow/example_dags/example_branch_python_dop_operator_3.py
[2024-05-12T20:24:36.004+0500] {logging_mixin.py:188} INFO - [2024-05-12T20:24:36.004+0500] {dag.py:3096} INFO - Sync 1 DAGs
[2024-05-12T20:24:36.026+0500] {logging_mixin.py:188} INFO - [2024-05-12T20:24:36.025+0500] {dag.py:3954} INFO - Setting next_dagrun for example_branch_dop_operator_v3 to 2024-05-12 15:23:00+00:00, run_after=2024-05-12 15:24:00+00:00
[2024-05-12T20:24:36.065+0500] {processor.py:183} INFO - Processing /home/awahab02/mlops_assignment_2/myenv/lib/python3.10/site-packages/airflow/example_dags/example_branch_python_dop_operator_3.py took 0.117 seconds
[2024-05-12T20:25:35.592+0500] {processor.py:161} INFO - Started process (PID=10941) to work on /home/awahab02/mlops_assignment_2/myenv/lib/python3.10/site-packages/airflow/example_dags/example_branch_python_dop_operator_3.py
[2024-05-12T20:25:35.637+0500] {processor.py:830} INFO - Processing file /home/awahab02/mlops_assignment_2/myenv/lib/python3.10/site-packages/airflow/example_dags/example_branch_python_dop_operator_3.py for tasks to queue
[2024-05-12T20:25:35.639+0500] {logging_mixin.py:188} INFO - [2024-05-12T20:25:35.638+0500] {dagbag.py:545} INFO - Filling up the DagBag from /home/awahab02/mlops_assignment_2/myenv/lib/python3.10/site-packages/airflow/example_dags/example_branch_python_dop_operator_3.py
[2024-05-12T20:25:35.647+0500] {processor.py:840} INFO - DAG(s) 'example_branch_dop_operator_v3' retrieved from /home/awahab02/mlops_assignment_2/myenv/lib/python3.10/site-packages/airflow/example_dags/example_branch_python_dop_operator_3.py
[2024-05-12T20:25:35.660+0500] {logging_mixin.py:188} INFO - [2024-05-12T20:25:35.660+0500] {dag.py:3096} INFO - Sync 1 DAGs
[2024-05-12T20:25:35.677+0500] {logging_mixin.py:188} INFO - [2024-05-12T20:25:35.677+0500] {dag.py:3954} INFO - Setting next_dagrun for example_branch_dop_operator_v3 to 2024-05-12 15:24:00+00:00, run_after=2024-05-12 15:25:00+00:00
[2024-05-12T20:25:35.704+0500] {processor.py:183} INFO - Processing /home/awahab02/mlops_assignment_2/myenv/lib/python3.10/site-packages/airflow/example_dags/example_branch_python_dop_operator_3.py took 0.117 seconds
[2024-05-12T20:26:40.112+0500] {processor.py:161} INFO - Started process (PID=11319) to work on /home/awahab02/mlops_assignment_2/myenv/lib/python3.10/site-packages/airflow/example_dags/example_branch_python_dop_operator_3.py
[2024-05-12T20:26:40.114+0500] {processor.py:830} INFO - Processing file /home/awahab02/mlops_assignment_2/myenv/lib/python3.10/site-packages/airflow/example_dags/example_branch_python_dop_operator_3.py for tasks to queue
[2024-05-12T20:26:40.115+0500] {logging_mixin.py:188} INFO - [2024-05-12T20:26:40.115+0500] {dagbag.py:545} INFO - Filling up the DagBag from /home/awahab02/mlops_assignment_2/myenv/lib/python3.10/site-packages/airflow/example_dags/example_branch_python_dop_operator_3.py
[2024-05-12T20:26:40.122+0500] {processor.py:840} INFO - DAG(s) 'example_branch_dop_operator_v3' retrieved from /home/awahab02/mlops_assignment_2/myenv/lib/python3.10/site-packages/airflow/example_dags/example_branch_python_dop_operator_3.py
[2024-05-12T20:26:40.135+0500] {logging_mixin.py:188} INFO - [2024-05-12T20:26:40.135+0500] {dag.py:3096} INFO - Sync 1 DAGs
[2024-05-12T20:26:40.156+0500] {logging_mixin.py:188} INFO - [2024-05-12T20:26:40.155+0500] {dag.py:3954} INFO - Setting next_dagrun for example_branch_dop_operator_v3 to 2024-05-12 15:25:00+00:00, run_after=2024-05-12 15:26:00+00:00
[2024-05-12T20:26:40.181+0500] {processor.py:183} INFO - Processing /home/awahab02/mlops_assignment_2/myenv/lib/python3.10/site-packages/airflow/example_dags/example_branch_python_dop_operator_3.py took 0.074 seconds
[2024-05-12T20:27:58.390+0500] {processor.py:161} INFO - Started process (PID=12010) to work on /home/awahab02/mlops_assignment_2/myenv/lib/python3.10/site-packages/airflow/example_dags/example_branch_python_dop_operator_3.py
[2024-05-12T20:27:58.391+0500] {processor.py:830} INFO - Processing file /home/awahab02/mlops_assignment_2/myenv/lib/python3.10/site-packages/airflow/example_dags/example_branch_python_dop_operator_3.py for tasks to queue
[2024-05-12T20:27:58.393+0500] {logging_mixin.py:188} INFO - [2024-05-12T20:27:58.393+0500] {dagbag.py:545} INFO - Filling up the DagBag from /home/awahab02/mlops_assignment_2/myenv/lib/python3.10/site-packages/airflow/example_dags/example_branch_python_dop_operator_3.py
[2024-05-12T20:27:58.401+0500] {processor.py:840} INFO - DAG(s) 'example_branch_dop_operator_v3' retrieved from /home/awahab02/mlops_assignment_2/myenv/lib/python3.10/site-packages/airflow/example_dags/example_branch_python_dop_operator_3.py
[2024-05-12T20:27:58.417+0500] {logging_mixin.py:188} INFO - [2024-05-12T20:27:58.417+0500] {dag.py:3096} INFO - Sync 1 DAGs
[2024-05-12T20:27:58.440+0500] {logging_mixin.py:188} INFO - [2024-05-12T20:27:58.440+0500] {dag.py:3954} INFO - Setting next_dagrun for example_branch_dop_operator_v3 to 2024-05-12 15:26:00+00:00, run_after=2024-05-12 15:27:00+00:00
[2024-05-12T20:27:58.468+0500] {processor.py:183} INFO - Processing /home/awahab02/mlops_assignment_2/myenv/lib/python3.10/site-packages/airflow/example_dags/example_branch_python_dop_operator_3.py took 0.084 seconds
[2024-05-12T20:28:51.138+0500] {processor.py:161} INFO - Started process (PID=12261) to work on /home/awahab02/mlops_assignment_2/myenv/lib/python3.10/site-packages/airflow/example_dags/example_branch_python_dop_operator_3.py
[2024-05-12T20:28:51.139+0500] {processor.py:830} INFO - Processing file /home/awahab02/mlops_assignment_2/myenv/lib/python3.10/site-packages/airflow/example_dags/example_branch_python_dop_operator_3.py for tasks to queue
[2024-05-12T20:28:51.141+0500] {logging_mixin.py:188} INFO - [2024-05-12T20:28:51.140+0500] {dagbag.py:545} INFO - Filling up the DagBag from /home/awahab02/mlops_assignment_2/myenv/lib/python3.10/site-packages/airflow/example_dags/example_branch_python_dop_operator_3.py
[2024-05-12T20:28:51.149+0500] {processor.py:840} INFO - DAG(s) 'example_branch_dop_operator_v3' retrieved from /home/awahab02/mlops_assignment_2/myenv/lib/python3.10/site-packages/airflow/example_dags/example_branch_python_dop_operator_3.py
[2024-05-12T20:28:51.161+0500] {logging_mixin.py:188} INFO - [2024-05-12T20:28:51.161+0500] {dag.py:3096} INFO - Sync 1 DAGs
[2024-05-12T20:28:51.180+0500] {logging_mixin.py:188} INFO - [2024-05-12T20:28:51.180+0500] {dag.py:3954} INFO - Setting next_dagrun for example_branch_dop_operator_v3 to 2024-05-12 15:27:00+00:00, run_after=2024-05-12 15:28:00+00:00
[2024-05-12T20:28:51.205+0500] {processor.py:183} INFO - Processing /home/awahab02/mlops_assignment_2/myenv/lib/python3.10/site-packages/airflow/example_dags/example_branch_python_dop_operator_3.py took 0.072 seconds
[2024-05-12T20:29:44.111+0500] {processor.py:161} INFO - Started process (PID=12568) to work on /home/awahab02/mlops_assignment_2/myenv/lib/python3.10/site-packages/airflow/example_dags/example_branch_python_dop_operator_3.py
[2024-05-12T20:29:44.156+0500] {processor.py:830} INFO - Processing file /home/awahab02/mlops_assignment_2/myenv/lib/python3.10/site-packages/airflow/example_dags/example_branch_python_dop_operator_3.py for tasks to queue
[2024-05-12T20:29:44.157+0500] {logging_mixin.py:188} INFO - [2024-05-12T20:29:44.157+0500] {dagbag.py:545} INFO - Filling up the DagBag from /home/awahab02/mlops_assignment_2/myenv/lib/python3.10/site-packages/airflow/example_dags/example_branch_python_dop_operator_3.py
[2024-05-12T20:29:44.165+0500] {processor.py:840} INFO - DAG(s) 'example_branch_dop_operator_v3' retrieved from /home/awahab02/mlops_assignment_2/myenv/lib/python3.10/site-packages/airflow/example_dags/example_branch_python_dop_operator_3.py
[2024-05-12T20:29:44.177+0500] {logging_mixin.py:188} INFO - [2024-05-12T20:29:44.177+0500] {dag.py:3096} INFO - Sync 1 DAGs
[2024-05-12T20:29:44.196+0500] {logging_mixin.py:188} INFO - [2024-05-12T20:29:44.195+0500] {dag.py:3954} INFO - Setting next_dagrun for example_branch_dop_operator_v3 to 2024-05-12 15:28:00+00:00, run_after=2024-05-12 15:29:00+00:00
[2024-05-12T20:29:44.222+0500] {processor.py:183} INFO - Processing /home/awahab02/mlops_assignment_2/myenv/lib/python3.10/site-packages/airflow/example_dags/example_branch_python_dop_operator_3.py took 0.121 seconds
[2024-05-12T20:31:05.029+0500] {processor.py:161} INFO - Started process (PID=13170) to work on /home/awahab02/mlops_assignment_2/myenv/lib/python3.10/site-packages/airflow/example_dags/example_branch_python_dop_operator_3.py
[2024-05-12T20:31:05.057+0500] {processor.py:830} INFO - Processing file /home/awahab02/mlops_assignment_2/myenv/lib/python3.10/site-packages/airflow/example_dags/example_branch_python_dop_operator_3.py for tasks to queue
[2024-05-12T20:31:05.058+0500] {logging_mixin.py:188} INFO - [2024-05-12T20:31:05.058+0500] {dagbag.py:545} INFO - Filling up the DagBag from /home/awahab02/mlops_assignment_2/myenv/lib/python3.10/site-packages/airflow/example_dags/example_branch_python_dop_operator_3.py
[2024-05-12T20:31:05.067+0500] {processor.py:840} INFO - DAG(s) 'example_branch_dop_operator_v3' retrieved from /home/awahab02/mlops_assignment_2/myenv/lib/python3.10/site-packages/airflow/example_dags/example_branch_python_dop_operator_3.py
[2024-05-12T20:31:05.079+0500] {logging_mixin.py:188} INFO - [2024-05-12T20:31:05.079+0500] {dag.py:3096} INFO - Sync 1 DAGs
[2024-05-12T20:31:05.098+0500] {logging_mixin.py:188} INFO - [2024-05-12T20:31:05.098+0500] {dag.py:3954} INFO - Setting next_dagrun for example_branch_dop_operator_v3 to 2024-05-12 15:30:00+00:00, run_after=2024-05-12 15:31:00+00:00
[2024-05-12T20:31:05.124+0500] {processor.py:183} INFO - Processing /home/awahab02/mlops_assignment_2/myenv/lib/python3.10/site-packages/airflow/example_dags/example_branch_python_dop_operator_3.py took 0.101 seconds
[2024-05-12T20:31:56.054+0500] {processor.py:161} INFO - Started process (PID=13404) to work on /home/awahab02/mlops_assignment_2/myenv/lib/python3.10/site-packages/airflow/example_dags/example_branch_python_dop_operator_3.py
[2024-05-12T20:31:56.056+0500] {processor.py:830} INFO - Processing file /home/awahab02/mlops_assignment_2/myenv/lib/python3.10/site-packages/airflow/example_dags/example_branch_python_dop_operator_3.py for tasks to queue
[2024-05-12T20:31:56.059+0500] {logging_mixin.py:188} INFO - [2024-05-12T20:31:56.058+0500] {dagbag.py:545} INFO - Filling up the DagBag from /home/awahab02/mlops_assignment_2/myenv/lib/python3.10/site-packages/airflow/example_dags/example_branch_python_dop_operator_3.py
[2024-05-12T20:31:56.070+0500] {processor.py:840} INFO - DAG(s) 'example_branch_dop_operator_v3' retrieved from /home/awahab02/mlops_assignment_2/myenv/lib/python3.10/site-packages/airflow/example_dags/example_branch_python_dop_operator_3.py
[2024-05-12T20:31:56.091+0500] {logging_mixin.py:188} INFO - [2024-05-12T20:31:56.091+0500] {dag.py:3096} INFO - Sync 1 DAGs
[2024-05-12T20:31:56.118+0500] {logging_mixin.py:188} INFO - [2024-05-12T20:31:56.118+0500] {dag.py:3954} INFO - Setting next_dagrun for example_branch_dop_operator_v3 to 2024-05-12 15:30:00+00:00, run_after=2024-05-12 15:31:00+00:00
[2024-05-12T20:31:56.147+0500] {processor.py:183} INFO - Processing /home/awahab02/mlops_assignment_2/myenv/lib/python3.10/site-packages/airflow/example_dags/example_branch_python_dop_operator_3.py took 0.110 seconds
[2024-05-12T20:34:39.325+0500] {processor.py:161} INFO - Started process (PID=14580) to work on /home/awahab02/mlops_assignment_2/myenv/lib/python3.10/site-packages/airflow/example_dags/example_branch_python_dop_operator_3.py
[2024-05-12T20:34:39.364+0500] {processor.py:830} INFO - Processing file /home/awahab02/mlops_assignment_2/myenv/lib/python3.10/site-packages/airflow/example_dags/example_branch_python_dop_operator_3.py for tasks to queue
[2024-05-12T20:34:39.365+0500] {logging_mixin.py:188} INFO - [2024-05-12T20:34:39.365+0500] {dagbag.py:545} INFO - Filling up the DagBag from /home/awahab02/mlops_assignment_2/myenv/lib/python3.10/site-packages/airflow/example_dags/example_branch_python_dop_operator_3.py
[2024-05-12T20:34:39.374+0500] {processor.py:840} INFO - DAG(s) 'example_branch_dop_operator_v3' retrieved from /home/awahab02/mlops_assignment_2/myenv/lib/python3.10/site-packages/airflow/example_dags/example_branch_python_dop_operator_3.py
[2024-05-12T20:34:39.388+0500] {logging_mixin.py:188} INFO - [2024-05-12T20:34:39.388+0500] {dag.py:3096} INFO - Sync 1 DAGs
[2024-05-12T20:34:39.409+0500] {logging_mixin.py:188} INFO - [2024-05-12T20:34:39.409+0500] {dag.py:3954} INFO - Setting next_dagrun for example_branch_dop_operator_v3 to 2024-05-12 15:33:00+00:00, run_after=2024-05-12 15:34:00+00:00
[2024-05-12T20:34:39.436+0500] {processor.py:183} INFO - Processing /home/awahab02/mlops_assignment_2/myenv/lib/python3.10/site-packages/airflow/example_dags/example_branch_python_dop_operator_3.py took 0.116 seconds
[2024-05-12T20:35:31.996+0500] {processor.py:161} INFO - Started process (PID=14863) to work on /home/awahab02/mlops_assignment_2/myenv/lib/python3.10/site-packages/airflow/example_dags/example_branch_python_dop_operator_3.py
[2024-05-12T20:35:32.019+0500] {processor.py:830} INFO - Processing file /home/awahab02/mlops_assignment_2/myenv/lib/python3.10/site-packages/airflow/example_dags/example_branch_python_dop_operator_3.py for tasks to queue
[2024-05-12T20:35:32.020+0500] {logging_mixin.py:188} INFO - [2024-05-12T20:35:32.019+0500] {dagbag.py:545} INFO - Filling up the DagBag from /home/awahab02/mlops_assignment_2/myenv/lib/python3.10/site-packages/airflow/example_dags/example_branch_python_dop_operator_3.py
[2024-05-12T20:35:32.027+0500] {processor.py:840} INFO - DAG(s) 'example_branch_dop_operator_v3' retrieved from /home/awahab02/mlops_assignment_2/myenv/lib/python3.10/site-packages/airflow/example_dags/example_branch_python_dop_operator_3.py
[2024-05-12T20:35:32.040+0500] {logging_mixin.py:188} INFO - [2024-05-12T20:35:32.040+0500] {dag.py:3096} INFO - Sync 1 DAGs
[2024-05-12T20:35:32.057+0500] {logging_mixin.py:188} INFO - [2024-05-12T20:35:32.057+0500] {dag.py:3954} INFO - Setting next_dagrun for example_branch_dop_operator_v3 to 2024-05-12 15:34:00+00:00, run_after=2024-05-12 15:35:00+00:00
[2024-05-12T20:35:32.081+0500] {processor.py:183} INFO - Processing /home/awahab02/mlops_assignment_2/myenv/lib/python3.10/site-packages/airflow/example_dags/example_branch_python_dop_operator_3.py took 0.090 seconds
[2024-05-12T20:36:25.992+0500] {processor.py:161} INFO - Started process (PID=15143) to work on /home/awahab02/mlops_assignment_2/myenv/lib/python3.10/site-packages/airflow/example_dags/example_branch_python_dop_operator_3.py
[2024-05-12T20:36:25.994+0500] {processor.py:830} INFO - Processing file /home/awahab02/mlops_assignment_2/myenv/lib/python3.10/site-packages/airflow/example_dags/example_branch_python_dop_operator_3.py for tasks to queue
[2024-05-12T20:36:25.995+0500] {logging_mixin.py:188} INFO - [2024-05-12T20:36:25.995+0500] {dagbag.py:545} INFO - Filling up the DagBag from /home/awahab02/mlops_assignment_2/myenv/lib/python3.10/site-packages/airflow/example_dags/example_branch_python_dop_operator_3.py
[2024-05-12T20:36:26.002+0500] {processor.py:840} INFO - DAG(s) 'example_branch_dop_operator_v3' retrieved from /home/awahab02/mlops_assignment_2/myenv/lib/python3.10/site-packages/airflow/example_dags/example_branch_python_dop_operator_3.py
[2024-05-12T20:36:26.017+0500] {logging_mixin.py:188} INFO - [2024-05-12T20:36:26.017+0500] {dag.py:3096} INFO - Sync 1 DAGs
[2024-05-12T20:36:26.034+0500] {logging_mixin.py:188} INFO - [2024-05-12T20:36:26.034+0500] {dag.py:3954} INFO - Setting next_dagrun for example_branch_dop_operator_v3 to 2024-05-12 15:35:00+00:00, run_after=2024-05-12 15:36:00+00:00
[2024-05-12T20:36:26.061+0500] {processor.py:183} INFO - Processing /home/awahab02/mlops_assignment_2/myenv/lib/python3.10/site-packages/airflow/example_dags/example_branch_python_dop_operator_3.py took 0.074 seconds
[2024-05-12T20:39:12.807+0500] {processor.py:161} INFO - Started process (PID=16394) to work on /home/awahab02/mlops_assignment_2/myenv/lib/python3.10/site-packages/airflow/example_dags/example_branch_python_dop_operator_3.py
[2024-05-12T20:39:12.848+0500] {processor.py:830} INFO - Processing file /home/awahab02/mlops_assignment_2/myenv/lib/python3.10/site-packages/airflow/example_dags/example_branch_python_dop_operator_3.py for tasks to queue
[2024-05-12T20:39:12.849+0500] {logging_mixin.py:188} INFO - [2024-05-12T20:39:12.849+0500] {dagbag.py:545} INFO - Filling up the DagBag from /home/awahab02/mlops_assignment_2/myenv/lib/python3.10/site-packages/airflow/example_dags/example_branch_python_dop_operator_3.py
[2024-05-12T20:39:12.857+0500] {processor.py:840} INFO - DAG(s) 'example_branch_dop_operator_v3' retrieved from /home/awahab02/mlops_assignment_2/myenv/lib/python3.10/site-packages/airflow/example_dags/example_branch_python_dop_operator_3.py
[2024-05-12T20:39:12.871+0500] {logging_mixin.py:188} INFO - [2024-05-12T20:39:12.871+0500] {dag.py:3096} INFO - Sync 1 DAGs
[2024-05-12T20:39:12.888+0500] {logging_mixin.py:188} INFO - [2024-05-12T20:39:12.888+0500] {dag.py:3954} INFO - Setting next_dagrun for example_branch_dop_operator_v3 to 2024-05-12 15:38:00+00:00, run_after=2024-05-12 15:39:00+00:00
[2024-05-12T20:39:12.913+0500] {processor.py:183} INFO - Processing /home/awahab02/mlops_assignment_2/myenv/lib/python3.10/site-packages/airflow/example_dags/example_branch_python_dop_operator_3.py took 0.111 seconds
[2024-05-12T20:40:05.594+0500] {processor.py:161} INFO - Started process (PID=16719) to work on /home/awahab02/mlops_assignment_2/myenv/lib/python3.10/site-packages/airflow/example_dags/example_branch_python_dop_operator_3.py
[2024-05-12T20:40:05.626+0500] {processor.py:830} INFO - Processing file /home/awahab02/mlops_assignment_2/myenv/lib/python3.10/site-packages/airflow/example_dags/example_branch_python_dop_operator_3.py for tasks to queue
[2024-05-12T20:40:05.627+0500] {logging_mixin.py:188} INFO - [2024-05-12T20:40:05.627+0500] {dagbag.py:545} INFO - Filling up the DagBag from /home/awahab02/mlops_assignment_2/myenv/lib/python3.10/site-packages/airflow/example_dags/example_branch_python_dop_operator_3.py
[2024-05-12T20:40:05.634+0500] {processor.py:840} INFO - DAG(s) 'example_branch_dop_operator_v3' retrieved from /home/awahab02/mlops_assignment_2/myenv/lib/python3.10/site-packages/airflow/example_dags/example_branch_python_dop_operator_3.py
[2024-05-12T20:40:05.646+0500] {logging_mixin.py:188} INFO - [2024-05-12T20:40:05.646+0500] {dag.py:3096} INFO - Sync 1 DAGs
[2024-05-12T20:40:05.663+0500] {logging_mixin.py:188} INFO - [2024-05-12T20:40:05.663+0500] {dag.py:3954} INFO - Setting next_dagrun for example_branch_dop_operator_v3 to 2024-05-12 15:39:00+00:00, run_after=2024-05-12 15:40:00+00:00
[2024-05-12T20:40:05.688+0500] {processor.py:183} INFO - Processing /home/awahab02/mlops_assignment_2/myenv/lib/python3.10/site-packages/airflow/example_dags/example_branch_python_dop_operator_3.py took 0.100 seconds
[2024-05-12T20:40:57.511+0500] {processor.py:161} INFO - Started process (PID=17091) to work on /home/awahab02/mlops_assignment_2/myenv/lib/python3.10/site-packages/airflow/example_dags/example_branch_python_dop_operator_3.py
[2024-05-12T20:40:57.553+0500] {processor.py:830} INFO - Processing file /home/awahab02/mlops_assignment_2/myenv/lib/python3.10/site-packages/airflow/example_dags/example_branch_python_dop_operator_3.py for tasks to queue
[2024-05-12T20:40:57.554+0500] {logging_mixin.py:188} INFO - [2024-05-12T20:40:57.554+0500] {dagbag.py:545} INFO - Filling up the DagBag from /home/awahab02/mlops_assignment_2/myenv/lib/python3.10/site-packages/airflow/example_dags/example_branch_python_dop_operator_3.py
[2024-05-12T20:40:57.562+0500] {processor.py:840} INFO - DAG(s) 'example_branch_dop_operator_v3' retrieved from /home/awahab02/mlops_assignment_2/myenv/lib/python3.10/site-packages/airflow/example_dags/example_branch_python_dop_operator_3.py
[2024-05-12T20:40:57.575+0500] {logging_mixin.py:188} INFO - [2024-05-12T20:40:57.575+0500] {dag.py:3096} INFO - Sync 1 DAGs
[2024-05-12T20:40:57.592+0500] {logging_mixin.py:188} INFO - [2024-05-12T20:40:57.592+0500] {dag.py:3954} INFO - Setting next_dagrun for example_branch_dop_operator_v3 to 2024-05-12 15:39:00+00:00, run_after=2024-05-12 15:40:00+00:00
[2024-05-12T20:40:57.617+0500] {processor.py:183} INFO - Processing /home/awahab02/mlops_assignment_2/myenv/lib/python3.10/site-packages/airflow/example_dags/example_branch_python_dop_operator_3.py took 0.111 seconds
[2024-05-12T20:42:01.971+0500] {processor.py:161} INFO - Started process (PID=17481) to work on /home/awahab02/mlops_assignment_2/myenv/lib/python3.10/site-packages/airflow/example_dags/example_branch_python_dop_operator_3.py
[2024-05-12T20:42:02.004+0500] {processor.py:830} INFO - Processing file /home/awahab02/mlops_assignment_2/myenv/lib/python3.10/site-packages/airflow/example_dags/example_branch_python_dop_operator_3.py for tasks to queue
[2024-05-12T20:42:02.005+0500] {logging_mixin.py:188} INFO - [2024-05-12T20:42:02.005+0500] {dagbag.py:545} INFO - Filling up the DagBag from /home/awahab02/mlops_assignment_2/myenv/lib/python3.10/site-packages/airflow/example_dags/example_branch_python_dop_operator_3.py
[2024-05-12T20:42:02.012+0500] {processor.py:840} INFO - DAG(s) 'example_branch_dop_operator_v3' retrieved from /home/awahab02/mlops_assignment_2/myenv/lib/python3.10/site-packages/airflow/example_dags/example_branch_python_dop_operator_3.py
[2024-05-12T20:42:02.024+0500] {logging_mixin.py:188} INFO - [2024-05-12T20:42:02.024+0500] {dag.py:3096} INFO - Sync 1 DAGs
[2024-05-12T20:42:02.041+0500] {logging_mixin.py:188} INFO - [2024-05-12T20:42:02.041+0500] {dag.py:3954} INFO - Setting next_dagrun for example_branch_dop_operator_v3 to 2024-05-12 15:41:00+00:00, run_after=2024-05-12 15:42:00+00:00
[2024-05-12T20:42:02.066+0500] {processor.py:183} INFO - Processing /home/awahab02/mlops_assignment_2/myenv/lib/python3.10/site-packages/airflow/example_dags/example_branch_python_dop_operator_3.py took 0.103 seconds
[2024-05-12T20:43:10.156+0500] {processor.py:161} INFO - Started process (PID=18012) to work on /home/awahab02/mlops_assignment_2/myenv/lib/python3.10/site-packages/airflow/example_dags/example_branch_python_dop_operator_3.py
[2024-05-12T20:43:10.159+0500] {processor.py:830} INFO - Processing file /home/awahab02/mlops_assignment_2/myenv/lib/python3.10/site-packages/airflow/example_dags/example_branch_python_dop_operator_3.py for tasks to queue
[2024-05-12T20:43:10.163+0500] {logging_mixin.py:188} INFO - [2024-05-12T20:43:10.162+0500] {dagbag.py:545} INFO - Filling up the DagBag from /home/awahab02/mlops_assignment_2/myenv/lib/python3.10/site-packages/airflow/example_dags/example_branch_python_dop_operator_3.py
[2024-05-12T20:43:10.172+0500] {processor.py:840} INFO - DAG(s) 'example_branch_dop_operator_v3' retrieved from /home/awahab02/mlops_assignment_2/myenv/lib/python3.10/site-packages/airflow/example_dags/example_branch_python_dop_operator_3.py
[2024-05-12T20:43:10.192+0500] {logging_mixin.py:188} INFO - [2024-05-12T20:43:10.192+0500] {dag.py:3096} INFO - Sync 1 DAGs
[2024-05-12T20:43:10.214+0500] {logging_mixin.py:188} INFO - [2024-05-12T20:43:10.214+0500] {dag.py:3954} INFO - Setting next_dagrun for example_branch_dop_operator_v3 to 2024-05-12 15:42:00+00:00, run_after=2024-05-12 15:43:00+00:00
[2024-05-12T20:43:10.246+0500] {processor.py:183} INFO - Processing /home/awahab02/mlops_assignment_2/myenv/lib/python3.10/site-packages/airflow/example_dags/example_branch_python_dop_operator_3.py took 0.098 seconds
