[2024-05-12T20:21:02.920+0500] {processor.py:161} INFO - Started process (PID=9460) to work on /home/awahab02/mlops_assignment_2/myenv/lib/python3.10/site-packages/airflow/example_dags/example_bash_operator.py
[2024-05-12T20:21:02.921+0500] {processor.py:830} INFO - Processing file /home/awahab02/mlops_assignment_2/myenv/lib/python3.10/site-packages/airflow/example_dags/example_bash_operator.py for tasks to queue
[2024-05-12T20:21:02.922+0500] {logging_mixin.py:188} INFO - [2024-05-12T20:21:02.922+0500] {dagbag.py:545} INFO - Filling up the DagBag from /home/awahab02/mlops_assignment_2/myenv/lib/python3.10/site-packages/airflow/example_dags/example_bash_operator.py
[2024-05-12T20:21:02.933+0500] {processor.py:840} INFO - DAG(s) 'example_bash_operator' retrieved from /home/awahab02/mlops_assignment_2/myenv/lib/python3.10/site-packages/airflow/example_dags/example_bash_operator.py
[2024-05-12T20:21:03.062+0500] {logging_mixin.py:188} INFO - [2024-05-12T20:21:03.061+0500] {override.py:1829} INFO - Created Permission View: can read on DAG:example_bash_operator
[2024-05-12T20:21:03.079+0500] {logging_mixin.py:188} INFO - [2024-05-12T20:21:03.078+0500] {override.py:1829} INFO - Created Permission View: can edit on DAG:example_bash_operator
[2024-05-12T20:21:03.094+0500] {logging_mixin.py:188} INFO - [2024-05-12T20:21:03.093+0500] {override.py:1829} INFO - Created Permission View: can delete on DAG:example_bash_operator
[2024-05-12T20:21:03.094+0500] {logging_mixin.py:188} INFO - [2024-05-12T20:21:03.094+0500] {dag.py:3096} INFO - Sync 1 DAGs
[2024-05-12T20:21:03.102+0500] {logging_mixin.py:188} INFO - [2024-05-12T20:21:03.101+0500] {dag.py:3118} INFO - Creating ORM DAG for example_bash_operator
[2024-05-12T20:21:03.109+0500] {logging_mixin.py:188} INFO - [2024-05-12T20:21:03.108+0500] {dag.py:3954} INFO - Setting next_dagrun for example_bash_operator to 2024-05-11 00:00:00+00:00, run_after=2024-05-12 00:00:00+00:00
[2024-05-12T20:21:03.133+0500] {processor.py:183} INFO - Processing /home/awahab02/mlops_assignment_2/myenv/lib/python3.10/site-packages/airflow/example_dags/example_bash_operator.py took 0.218 seconds
[2024-05-12T20:21:56.562+0500] {processor.py:161} INFO - Started process (PID=9676) to work on /home/awahab02/mlops_assignment_2/myenv/lib/python3.10/site-packages/airflow/example_dags/example_bash_operator.py
[2024-05-12T20:21:56.584+0500] {processor.py:830} INFO - Processing file /home/awahab02/mlops_assignment_2/myenv/lib/python3.10/site-packages/airflow/example_dags/example_bash_operator.py for tasks to queue
[2024-05-12T20:21:56.586+0500] {logging_mixin.py:188} INFO - [2024-05-12T20:21:56.585+0500] {dagbag.py:545} INFO - Filling up the DagBag from /home/awahab02/mlops_assignment_2/myenv/lib/python3.10/site-packages/airflow/example_dags/example_bash_operator.py
[2024-05-12T20:21:56.595+0500] {processor.py:840} INFO - DAG(s) 'example_bash_operator' retrieved from /home/awahab02/mlops_assignment_2/myenv/lib/python3.10/site-packages/airflow/example_dags/example_bash_operator.py
[2024-05-12T20:21:56.614+0500] {logging_mixin.py:188} INFO - [2024-05-12T20:21:56.613+0500] {dag.py:3096} INFO - Sync 1 DAGs
[2024-05-12T20:21:56.630+0500] {logging_mixin.py:188} INFO - [2024-05-12T20:21:56.630+0500] {dag.py:3954} INFO - Setting next_dagrun for example_bash_operator to 2024-05-11 00:00:00+00:00, run_after=2024-05-12 00:00:00+00:00
[2024-05-12T20:21:56.655+0500] {processor.py:183} INFO - Processing /home/awahab02/mlops_assignment_2/myenv/lib/python3.10/site-packages/airflow/example_dags/example_bash_operator.py took 0.099 seconds
[2024-05-12T20:22:55.179+0500] {processor.py:161} INFO - Started process (PID=9963) to work on /home/awahab02/mlops_assignment_2/myenv/lib/python3.10/site-packages/airflow/example_dags/example_bash_operator.py
[2024-05-12T20:22:55.210+0500] {processor.py:830} INFO - Processing file /home/awahab02/mlops_assignment_2/myenv/lib/python3.10/site-packages/airflow/example_dags/example_bash_operator.py for tasks to queue
[2024-05-12T20:22:55.212+0500] {logging_mixin.py:188} INFO - [2024-05-12T20:22:55.211+0500] {dagbag.py:545} INFO - Filling up the DagBag from /home/awahab02/mlops_assignment_2/myenv/lib/python3.10/site-packages/airflow/example_dags/example_bash_operator.py
[2024-05-12T20:22:55.221+0500] {processor.py:840} INFO - DAG(s) 'example_bash_operator' retrieved from /home/awahab02/mlops_assignment_2/myenv/lib/python3.10/site-packages/airflow/example_dags/example_bash_operator.py
[2024-05-12T20:22:55.240+0500] {logging_mixin.py:188} INFO - [2024-05-12T20:22:55.240+0500] {dag.py:3096} INFO - Sync 1 DAGs
[2024-05-12T20:22:55.257+0500] {logging_mixin.py:188} INFO - [2024-05-12T20:22:55.256+0500] {dag.py:3954} INFO - Setting next_dagrun for example_bash_operator to 2024-05-11 00:00:00+00:00, run_after=2024-05-12 00:00:00+00:00
[2024-05-12T20:22:55.282+0500] {processor.py:183} INFO - Processing /home/awahab02/mlops_assignment_2/myenv/lib/python3.10/site-packages/airflow/example_dags/example_bash_operator.py took 0.111 seconds
[2024-05-12T20:23:55.648+0500] {processor.py:161} INFO - Started process (PID=10472) to work on /home/awahab02/mlops_assignment_2/myenv/lib/python3.10/site-packages/airflow/example_dags/example_bash_operator.py
[2024-05-12T20:23:55.679+0500] {processor.py:830} INFO - Processing file /home/awahab02/mlops_assignment_2/myenv/lib/python3.10/site-packages/airflow/example_dags/example_bash_operator.py for tasks to queue
[2024-05-12T20:23:55.681+0500] {logging_mixin.py:188} INFO - [2024-05-12T20:23:55.680+0500] {dagbag.py:545} INFO - Filling up the DagBag from /home/awahab02/mlops_assignment_2/myenv/lib/python3.10/site-packages/airflow/example_dags/example_bash_operator.py
[2024-05-12T20:23:55.690+0500] {processor.py:840} INFO - DAG(s) 'example_bash_operator' retrieved from /home/awahab02/mlops_assignment_2/myenv/lib/python3.10/site-packages/airflow/example_dags/example_bash_operator.py
[2024-05-12T20:23:55.709+0500] {logging_mixin.py:188} INFO - [2024-05-12T20:23:55.709+0500] {dag.py:3096} INFO - Sync 1 DAGs
[2024-05-12T20:23:55.724+0500] {logging_mixin.py:188} INFO - [2024-05-12T20:23:55.724+0500] {dag.py:3954} INFO - Setting next_dagrun for example_bash_operator to 2024-05-11 00:00:00+00:00, run_after=2024-05-12 00:00:00+00:00
[2024-05-12T20:23:55.750+0500] {processor.py:183} INFO - Processing /home/awahab02/mlops_assignment_2/myenv/lib/python3.10/site-packages/airflow/example_dags/example_bash_operator.py took 0.107 seconds
[2024-05-12T20:24:54.348+0500] {processor.py:161} INFO - Started process (PID=10738) to work on /home/awahab02/mlops_assignment_2/myenv/lib/python3.10/site-packages/airflow/example_dags/example_bash_operator.py
[2024-05-12T20:24:54.370+0500] {processor.py:830} INFO - Processing file /home/awahab02/mlops_assignment_2/myenv/lib/python3.10/site-packages/airflow/example_dags/example_bash_operator.py for tasks to queue
[2024-05-12T20:24:54.373+0500] {logging_mixin.py:188} INFO - [2024-05-12T20:24:54.372+0500] {dagbag.py:545} INFO - Filling up the DagBag from /home/awahab02/mlops_assignment_2/myenv/lib/python3.10/site-packages/airflow/example_dags/example_bash_operator.py
[2024-05-12T20:24:54.385+0500] {processor.py:840} INFO - DAG(s) 'example_bash_operator' retrieved from /home/awahab02/mlops_assignment_2/myenv/lib/python3.10/site-packages/airflow/example_dags/example_bash_operator.py
[2024-05-12T20:24:54.404+0500] {logging_mixin.py:188} INFO - [2024-05-12T20:24:54.404+0500] {dag.py:3096} INFO - Sync 1 DAGs
[2024-05-12T20:24:54.422+0500] {logging_mixin.py:188} INFO - [2024-05-12T20:24:54.421+0500] {dag.py:3954} INFO - Setting next_dagrun for example_bash_operator to 2024-05-11 00:00:00+00:00, run_after=2024-05-12 00:00:00+00:00
[2024-05-12T20:24:54.449+0500] {processor.py:183} INFO - Processing /home/awahab02/mlops_assignment_2/myenv/lib/python3.10/site-packages/airflow/example_dags/example_bash_operator.py took 0.112 seconds
[2024-05-12T20:25:57.314+0500] {processor.py:161} INFO - Started process (PID=11067) to work on /home/awahab02/mlops_assignment_2/myenv/lib/python3.10/site-packages/airflow/example_dags/example_bash_operator.py
[2024-05-12T20:25:57.315+0500] {processor.py:830} INFO - Processing file /home/awahab02/mlops_assignment_2/myenv/lib/python3.10/site-packages/airflow/example_dags/example_bash_operator.py for tasks to queue
[2024-05-12T20:25:57.317+0500] {logging_mixin.py:188} INFO - [2024-05-12T20:25:57.316+0500] {dagbag.py:545} INFO - Filling up the DagBag from /home/awahab02/mlops_assignment_2/myenv/lib/python3.10/site-packages/airflow/example_dags/example_bash_operator.py
[2024-05-12T20:25:57.327+0500] {processor.py:840} INFO - DAG(s) 'example_bash_operator' retrieved from /home/awahab02/mlops_assignment_2/myenv/lib/python3.10/site-packages/airflow/example_dags/example_bash_operator.py
[2024-05-12T20:25:57.352+0500] {logging_mixin.py:188} INFO - [2024-05-12T20:25:57.352+0500] {dag.py:3096} INFO - Sync 1 DAGs
[2024-05-12T20:25:57.369+0500] {logging_mixin.py:188} INFO - [2024-05-12T20:25:57.368+0500] {dag.py:3954} INFO - Setting next_dagrun for example_bash_operator to 2024-05-11 00:00:00+00:00, run_after=2024-05-12 00:00:00+00:00
[2024-05-12T20:25:57.395+0500] {processor.py:183} INFO - Processing /home/awahab02/mlops_assignment_2/myenv/lib/python3.10/site-packages/airflow/example_dags/example_bash_operator.py took 0.086 seconds
[2024-05-12T20:27:02.068+0500] {processor.py:161} INFO - Started process (PID=11500) to work on /home/awahab02/mlops_assignment_2/myenv/lib/python3.10/site-packages/airflow/example_dags/example_bash_operator.py
[2024-05-12T20:27:02.070+0500] {processor.py:830} INFO - Processing file /home/awahab02/mlops_assignment_2/myenv/lib/python3.10/site-packages/airflow/example_dags/example_bash_operator.py for tasks to queue
[2024-05-12T20:27:02.071+0500] {logging_mixin.py:188} INFO - [2024-05-12T20:27:02.071+0500] {dagbag.py:545} INFO - Filling up the DagBag from /home/awahab02/mlops_assignment_2/myenv/lib/python3.10/site-packages/airflow/example_dags/example_bash_operator.py
[2024-05-12T20:27:02.080+0500] {processor.py:840} INFO - DAG(s) 'example_bash_operator' retrieved from /home/awahab02/mlops_assignment_2/myenv/lib/python3.10/site-packages/airflow/example_dags/example_bash_operator.py
[2024-05-12T20:27:02.098+0500] {logging_mixin.py:188} INFO - [2024-05-12T20:27:02.098+0500] {dag.py:3096} INFO - Sync 1 DAGs
[2024-05-12T20:27:02.115+0500] {logging_mixin.py:188} INFO - [2024-05-12T20:27:02.114+0500] {dag.py:3954} INFO - Setting next_dagrun for example_bash_operator to 2024-05-11 00:00:00+00:00, run_after=2024-05-12 00:00:00+00:00
[2024-05-12T20:27:02.144+0500] {processor.py:183} INFO - Processing /home/awahab02/mlops_assignment_2/myenv/lib/python3.10/site-packages/airflow/example_dags/example_bash_operator.py took 0.080 seconds
[2024-05-12T20:28:07.119+0500] {processor.py:161} INFO - Started process (PID=12050) to work on /home/awahab02/mlops_assignment_2/myenv/lib/python3.10/site-packages/airflow/example_dags/example_bash_operator.py
[2024-05-12T20:28:07.160+0500] {processor.py:830} INFO - Processing file /home/awahab02/mlops_assignment_2/myenv/lib/python3.10/site-packages/airflow/example_dags/example_bash_operator.py for tasks to queue
[2024-05-12T20:28:07.162+0500] {logging_mixin.py:188} INFO - [2024-05-12T20:28:07.162+0500] {dagbag.py:545} INFO - Filling up the DagBag from /home/awahab02/mlops_assignment_2/myenv/lib/python3.10/site-packages/airflow/example_dags/example_bash_operator.py
[2024-05-12T20:28:07.173+0500] {processor.py:840} INFO - DAG(s) 'example_bash_operator' retrieved from /home/awahab02/mlops_assignment_2/myenv/lib/python3.10/site-packages/airflow/example_dags/example_bash_operator.py
[2024-05-12T20:28:07.197+0500] {logging_mixin.py:188} INFO - [2024-05-12T20:28:07.197+0500] {dag.py:3096} INFO - Sync 1 DAGs
[2024-05-12T20:28:07.214+0500] {logging_mixin.py:188} INFO - [2024-05-12T20:28:07.214+0500] {dag.py:3954} INFO - Setting next_dagrun for example_bash_operator to 2024-05-11 00:00:00+00:00, run_after=2024-05-12 00:00:00+00:00
[2024-05-12T20:28:07.255+0500] {processor.py:183} INFO - Processing /home/awahab02/mlops_assignment_2/myenv/lib/python3.10/site-packages/airflow/example_dags/example_bash_operator.py took 0.142 seconds
[2024-05-12T20:28:59.150+0500] {processor.py:161} INFO - Started process (PID=12297) to work on /home/awahab02/mlops_assignment_2/myenv/lib/python3.10/site-packages/airflow/example_dags/example_bash_operator.py
[2024-05-12T20:28:59.152+0500] {processor.py:830} INFO - Processing file /home/awahab02/mlops_assignment_2/myenv/lib/python3.10/site-packages/airflow/example_dags/example_bash_operator.py for tasks to queue
[2024-05-12T20:28:59.154+0500] {logging_mixin.py:188} INFO - [2024-05-12T20:28:59.153+0500] {dagbag.py:545} INFO - Filling up the DagBag from /home/awahab02/mlops_assignment_2/myenv/lib/python3.10/site-packages/airflow/example_dags/example_bash_operator.py
[2024-05-12T20:28:59.165+0500] {processor.py:840} INFO - DAG(s) 'example_bash_operator' retrieved from /home/awahab02/mlops_assignment_2/myenv/lib/python3.10/site-packages/airflow/example_dags/example_bash_operator.py
[2024-05-12T20:28:59.186+0500] {logging_mixin.py:188} INFO - [2024-05-12T20:28:59.186+0500] {dag.py:3096} INFO - Sync 1 DAGs
[2024-05-12T20:28:59.202+0500] {logging_mixin.py:188} INFO - [2024-05-12T20:28:59.201+0500] {dag.py:3954} INFO - Setting next_dagrun for example_bash_operator to 2024-05-11 00:00:00+00:00, run_after=2024-05-12 00:00:00+00:00
[2024-05-12T20:28:59.227+0500] {processor.py:183} INFO - Processing /home/awahab02/mlops_assignment_2/myenv/lib/python3.10/site-packages/airflow/example_dags/example_bash_operator.py took 0.084 seconds
[2024-05-12T20:30:30.558+0500] {processor.py:161} INFO - Started process (PID=12963) to work on /home/awahab02/mlops_assignment_2/myenv/lib/python3.10/site-packages/airflow/example_dags/example_bash_operator.py
[2024-05-12T20:30:30.583+0500] {processor.py:830} INFO - Processing file /home/awahab02/mlops_assignment_2/myenv/lib/python3.10/site-packages/airflow/example_dags/example_bash_operator.py for tasks to queue
[2024-05-12T20:30:30.584+0500] {logging_mixin.py:188} INFO - [2024-05-12T20:30:30.584+0500] {dagbag.py:545} INFO - Filling up the DagBag from /home/awahab02/mlops_assignment_2/myenv/lib/python3.10/site-packages/airflow/example_dags/example_bash_operator.py
[2024-05-12T20:30:30.596+0500] {processor.py:840} INFO - DAG(s) 'example_bash_operator' retrieved from /home/awahab02/mlops_assignment_2/myenv/lib/python3.10/site-packages/airflow/example_dags/example_bash_operator.py
[2024-05-12T20:30:30.615+0500] {logging_mixin.py:188} INFO - [2024-05-12T20:30:30.615+0500] {dag.py:3096} INFO - Sync 1 DAGs
[2024-05-12T20:30:30.633+0500] {logging_mixin.py:188} INFO - [2024-05-12T20:30:30.633+0500] {dag.py:3954} INFO - Setting next_dagrun for example_bash_operator to 2024-05-11 00:00:00+00:00, run_after=2024-05-12 00:00:00+00:00
[2024-05-12T20:30:30.658+0500] {processor.py:183} INFO - Processing /home/awahab02/mlops_assignment_2/myenv/lib/python3.10/site-packages/airflow/example_dags/example_bash_operator.py took 0.106 seconds
[2024-05-12T20:31:32.205+0500] {processor.py:161} INFO - Started process (PID=13304) to work on /home/awahab02/mlops_assignment_2/myenv/lib/python3.10/site-packages/airflow/example_dags/example_bash_operator.py
[2024-05-12T20:31:32.206+0500] {processor.py:830} INFO - Processing file /home/awahab02/mlops_assignment_2/myenv/lib/python3.10/site-packages/airflow/example_dags/example_bash_operator.py for tasks to queue
[2024-05-12T20:31:32.207+0500] {logging_mixin.py:188} INFO - [2024-05-12T20:31:32.207+0500] {dagbag.py:545} INFO - Filling up the DagBag from /home/awahab02/mlops_assignment_2/myenv/lib/python3.10/site-packages/airflow/example_dags/example_bash_operator.py
[2024-05-12T20:31:32.216+0500] {processor.py:840} INFO - DAG(s) 'example_bash_operator' retrieved from /home/awahab02/mlops_assignment_2/myenv/lib/python3.10/site-packages/airflow/example_dags/example_bash_operator.py
[2024-05-12T20:31:32.235+0500] {logging_mixin.py:188} INFO - [2024-05-12T20:31:32.235+0500] {dag.py:3096} INFO - Sync 1 DAGs
[2024-05-12T20:31:32.251+0500] {logging_mixin.py:188} INFO - [2024-05-12T20:31:32.250+0500] {dag.py:3954} INFO - Setting next_dagrun for example_bash_operator to 2024-05-11 00:00:00+00:00, run_after=2024-05-12 00:00:00+00:00
[2024-05-12T20:31:32.275+0500] {processor.py:183} INFO - Processing /home/awahab02/mlops_assignment_2/myenv/lib/python3.10/site-packages/airflow/example_dags/example_bash_operator.py took 0.076 seconds
[2024-05-12T20:34:47.285+0500] {processor.py:161} INFO - Started process (PID=14612) to work on /home/awahab02/mlops_assignment_2/myenv/lib/python3.10/site-packages/airflow/example_dags/example_bash_operator.py
[2024-05-12T20:34:47.287+0500] {processor.py:830} INFO - Processing file /home/awahab02/mlops_assignment_2/myenv/lib/python3.10/site-packages/airflow/example_dags/example_bash_operator.py for tasks to queue
[2024-05-12T20:34:47.287+0500] {logging_mixin.py:188} INFO - [2024-05-12T20:34:47.287+0500] {dagbag.py:545} INFO - Filling up the DagBag from /home/awahab02/mlops_assignment_2/myenv/lib/python3.10/site-packages/airflow/example_dags/example_bash_operator.py
[2024-05-12T20:34:47.297+0500] {processor.py:840} INFO - DAG(s) 'example_bash_operator' retrieved from /home/awahab02/mlops_assignment_2/myenv/lib/python3.10/site-packages/airflow/example_dags/example_bash_operator.py
[2024-05-12T20:34:47.316+0500] {logging_mixin.py:188} INFO - [2024-05-12T20:34:47.316+0500] {dag.py:3096} INFO - Sync 1 DAGs
[2024-05-12T20:34:47.330+0500] {logging_mixin.py:188} INFO - [2024-05-12T20:34:47.330+0500] {dag.py:3954} INFO - Setting next_dagrun for example_bash_operator to 2024-05-11 00:00:00+00:00, run_after=2024-05-12 00:00:00+00:00
[2024-05-12T20:34:47.355+0500] {processor.py:183} INFO - Processing /home/awahab02/mlops_assignment_2/myenv/lib/python3.10/site-packages/airflow/example_dags/example_bash_operator.py took 0.077 seconds
[2024-05-12T20:35:40.441+0500] {processor.py:161} INFO - Started process (PID=14901) to work on /home/awahab02/mlops_assignment_2/myenv/lib/python3.10/site-packages/airflow/example_dags/example_bash_operator.py
[2024-05-12T20:35:40.482+0500] {processor.py:830} INFO - Processing file /home/awahab02/mlops_assignment_2/myenv/lib/python3.10/site-packages/airflow/example_dags/example_bash_operator.py for tasks to queue
[2024-05-12T20:35:40.483+0500] {logging_mixin.py:188} INFO - [2024-05-12T20:35:40.482+0500] {dagbag.py:545} INFO - Filling up the DagBag from /home/awahab02/mlops_assignment_2/myenv/lib/python3.10/site-packages/airflow/example_dags/example_bash_operator.py
[2024-05-12T20:35:40.492+0500] {processor.py:840} INFO - DAG(s) 'example_bash_operator' retrieved from /home/awahab02/mlops_assignment_2/myenv/lib/python3.10/site-packages/airflow/example_dags/example_bash_operator.py
[2024-05-12T20:35:40.511+0500] {logging_mixin.py:188} INFO - [2024-05-12T20:35:40.511+0500] {dag.py:3096} INFO - Sync 1 DAGs
[2024-05-12T20:35:40.525+0500] {logging_mixin.py:188} INFO - [2024-05-12T20:35:40.525+0500] {dag.py:3954} INFO - Setting next_dagrun for example_bash_operator to 2024-05-11 00:00:00+00:00, run_after=2024-05-12 00:00:00+00:00
[2024-05-12T20:35:40.550+0500] {processor.py:183} INFO - Processing /home/awahab02/mlops_assignment_2/myenv/lib/python3.10/site-packages/airflow/example_dags/example_bash_operator.py took 0.115 seconds
[2024-05-12T20:36:48.790+0500] {processor.py:161} INFO - Started process (PID=15241) to work on /home/awahab02/mlops_assignment_2/myenv/lib/python3.10/site-packages/airflow/example_dags/example_bash_operator.py
[2024-05-12T20:36:48.817+0500] {processor.py:830} INFO - Processing file /home/awahab02/mlops_assignment_2/myenv/lib/python3.10/site-packages/airflow/example_dags/example_bash_operator.py for tasks to queue
[2024-05-12T20:36:48.818+0500] {logging_mixin.py:188} INFO - [2024-05-12T20:36:48.818+0500] {dagbag.py:545} INFO - Filling up the DagBag from /home/awahab02/mlops_assignment_2/myenv/lib/python3.10/site-packages/airflow/example_dags/example_bash_operator.py
[2024-05-12T20:36:48.828+0500] {processor.py:840} INFO - DAG(s) 'example_bash_operator' retrieved from /home/awahab02/mlops_assignment_2/myenv/lib/python3.10/site-packages/airflow/example_dags/example_bash_operator.py
[2024-05-12T20:36:48.846+0500] {logging_mixin.py:188} INFO - [2024-05-12T20:36:48.846+0500] {dag.py:3096} INFO - Sync 1 DAGs
[2024-05-12T20:36:48.862+0500] {logging_mixin.py:188} INFO - [2024-05-12T20:36:48.861+0500] {dag.py:3954} INFO - Setting next_dagrun for example_bash_operator to 2024-05-11 00:00:00+00:00, run_after=2024-05-12 00:00:00+00:00
[2024-05-12T20:36:48.895+0500] {processor.py:183} INFO - Processing /home/awahab02/mlops_assignment_2/myenv/lib/python3.10/site-packages/airflow/example_dags/example_bash_operator.py took 0.110 seconds
[2024-05-12T20:39:20.947+0500] {processor.py:161} INFO - Started process (PID=16426) to work on /home/awahab02/mlops_assignment_2/myenv/lib/python3.10/site-packages/airflow/example_dags/example_bash_operator.py
[2024-05-12T20:39:20.948+0500] {processor.py:830} INFO - Processing file /home/awahab02/mlops_assignment_2/myenv/lib/python3.10/site-packages/airflow/example_dags/example_bash_operator.py for tasks to queue
[2024-05-12T20:39:20.949+0500] {logging_mixin.py:188} INFO - [2024-05-12T20:39:20.949+0500] {dagbag.py:545} INFO - Filling up the DagBag from /home/awahab02/mlops_assignment_2/myenv/lib/python3.10/site-packages/airflow/example_dags/example_bash_operator.py
[2024-05-12T20:39:20.959+0500] {processor.py:840} INFO - DAG(s) 'example_bash_operator' retrieved from /home/awahab02/mlops_assignment_2/myenv/lib/python3.10/site-packages/airflow/example_dags/example_bash_operator.py
[2024-05-12T20:39:20.979+0500] {logging_mixin.py:188} INFO - [2024-05-12T20:39:20.979+0500] {dag.py:3096} INFO - Sync 1 DAGs
[2024-05-12T20:39:20.995+0500] {logging_mixin.py:188} INFO - [2024-05-12T20:39:20.995+0500] {dag.py:3954} INFO - Setting next_dagrun for example_bash_operator to 2024-05-11 00:00:00+00:00, run_after=2024-05-12 00:00:00+00:00
[2024-05-12T20:39:21.021+0500] {processor.py:183} INFO - Processing /home/awahab02/mlops_assignment_2/myenv/lib/python3.10/site-packages/airflow/example_dags/example_bash_operator.py took 0.079 seconds
[2024-05-12T20:40:13.856+0500] {processor.py:161} INFO - Started process (PID=16769) to work on /home/awahab02/mlops_assignment_2/myenv/lib/python3.10/site-packages/airflow/example_dags/example_bash_operator.py
[2024-05-12T20:40:13.859+0500] {processor.py:830} INFO - Processing file /home/awahab02/mlops_assignment_2/myenv/lib/python3.10/site-packages/airflow/example_dags/example_bash_operator.py for tasks to queue
[2024-05-12T20:40:13.861+0500] {logging_mixin.py:188} INFO - [2024-05-12T20:40:13.860+0500] {dagbag.py:545} INFO - Filling up the DagBag from /home/awahab02/mlops_assignment_2/myenv/lib/python3.10/site-packages/airflow/example_dags/example_bash_operator.py
[2024-05-12T20:40:13.878+0500] {processor.py:840} INFO - DAG(s) 'example_bash_operator' retrieved from /home/awahab02/mlops_assignment_2/myenv/lib/python3.10/site-packages/airflow/example_dags/example_bash_operator.py
[2024-05-12T20:40:13.906+0500] {logging_mixin.py:188} INFO - [2024-05-12T20:40:13.905+0500] {dag.py:3096} INFO - Sync 1 DAGs
[2024-05-12T20:40:13.929+0500] {logging_mixin.py:188} INFO - [2024-05-12T20:40:13.929+0500] {dag.py:3954} INFO - Setting next_dagrun for example_bash_operator to 2024-05-11 00:00:00+00:00, run_after=2024-05-12 00:00:00+00:00
[2024-05-12T20:40:13.955+0500] {processor.py:183} INFO - Processing /home/awahab02/mlops_assignment_2/myenv/lib/python3.10/site-packages/airflow/example_dags/example_bash_operator.py took 0.106 seconds
[2024-05-12T20:41:21.062+0500] {processor.py:161} INFO - Started process (PID=17210) to work on /home/awahab02/mlops_assignment_2/myenv/lib/python3.10/site-packages/airflow/example_dags/example_bash_operator.py
[2024-05-12T20:41:21.064+0500] {processor.py:830} INFO - Processing file /home/awahab02/mlops_assignment_2/myenv/lib/python3.10/site-packages/airflow/example_dags/example_bash_operator.py for tasks to queue
[2024-05-12T20:41:21.065+0500] {logging_mixin.py:188} INFO - [2024-05-12T20:41:21.064+0500] {dagbag.py:545} INFO - Filling up the DagBag from /home/awahab02/mlops_assignment_2/myenv/lib/python3.10/site-packages/airflow/example_dags/example_bash_operator.py
[2024-05-12T20:41:21.075+0500] {processor.py:840} INFO - DAG(s) 'example_bash_operator' retrieved from /home/awahab02/mlops_assignment_2/myenv/lib/python3.10/site-packages/airflow/example_dags/example_bash_operator.py
[2024-05-12T20:41:21.094+0500] {logging_mixin.py:188} INFO - [2024-05-12T20:41:21.094+0500] {dag.py:3096} INFO - Sync 1 DAGs
[2024-05-12T20:41:21.109+0500] {logging_mixin.py:188} INFO - [2024-05-12T20:41:21.109+0500] {dag.py:3954} INFO - Setting next_dagrun for example_bash_operator to 2024-05-11 00:00:00+00:00, run_after=2024-05-12 00:00:00+00:00
[2024-05-12T20:41:21.134+0500] {processor.py:183} INFO - Processing /home/awahab02/mlops_assignment_2/myenv/lib/python3.10/site-packages/airflow/example_dags/example_bash_operator.py took 0.077 seconds
[2024-05-12T20:42:26.703+0500] {processor.py:161} INFO - Started process (PID=17651) to work on /home/awahab02/mlops_assignment_2/myenv/lib/python3.10/site-packages/airflow/example_dags/example_bash_operator.py
[2024-05-12T20:42:26.747+0500] {processor.py:830} INFO - Processing file /home/awahab02/mlops_assignment_2/myenv/lib/python3.10/site-packages/airflow/example_dags/example_bash_operator.py for tasks to queue
[2024-05-12T20:42:26.748+0500] {logging_mixin.py:188} INFO - [2024-05-12T20:42:26.747+0500] {dagbag.py:545} INFO - Filling up the DagBag from /home/awahab02/mlops_assignment_2/myenv/lib/python3.10/site-packages/airflow/example_dags/example_bash_operator.py
[2024-05-12T20:42:26.758+0500] {processor.py:840} INFO - DAG(s) 'example_bash_operator' retrieved from /home/awahab02/mlops_assignment_2/myenv/lib/python3.10/site-packages/airflow/example_dags/example_bash_operator.py
[2024-05-12T20:42:26.777+0500] {logging_mixin.py:188} INFO - [2024-05-12T20:42:26.777+0500] {dag.py:3096} INFO - Sync 1 DAGs
[2024-05-12T20:42:26.796+0500] {logging_mixin.py:188} INFO - [2024-05-12T20:42:26.795+0500] {dag.py:3954} INFO - Setting next_dagrun for example_bash_operator to 2024-05-11 00:00:00+00:00, run_after=2024-05-12 00:00:00+00:00
[2024-05-12T20:42:26.823+0500] {processor.py:183} INFO - Processing /home/awahab02/mlops_assignment_2/myenv/lib/python3.10/site-packages/airflow/example_dags/example_bash_operator.py took 0.125 seconds
[2024-05-12T20:43:33.622+0500] {processor.py:161} INFO - Started process (PID=18108) to work on /home/awahab02/mlops_assignment_2/myenv/lib/python3.10/site-packages/airflow/example_dags/example_bash_operator.py
[2024-05-12T20:43:33.624+0500] {processor.py:830} INFO - Processing file /home/awahab02/mlops_assignment_2/myenv/lib/python3.10/site-packages/airflow/example_dags/example_bash_operator.py for tasks to queue
[2024-05-12T20:43:33.624+0500] {logging_mixin.py:188} INFO - [2024-05-12T20:43:33.624+0500] {dagbag.py:545} INFO - Filling up the DagBag from /home/awahab02/mlops_assignment_2/myenv/lib/python3.10/site-packages/airflow/example_dags/example_bash_operator.py
[2024-05-12T20:43:33.634+0500] {processor.py:840} INFO - DAG(s) 'example_bash_operator' retrieved from /home/awahab02/mlops_assignment_2/myenv/lib/python3.10/site-packages/airflow/example_dags/example_bash_operator.py
[2024-05-12T20:43:33.651+0500] {logging_mixin.py:188} INFO - [2024-05-12T20:43:33.651+0500] {dag.py:3096} INFO - Sync 1 DAGs
[2024-05-12T20:43:33.665+0500] {logging_mixin.py:188} INFO - [2024-05-12T20:43:33.665+0500] {dag.py:3954} INFO - Setting next_dagrun for example_bash_operator to 2024-05-11 00:00:00+00:00, run_after=2024-05-12 00:00:00+00:00
[2024-05-12T20:43:33.690+0500] {processor.py:183} INFO - Processing /home/awahab02/mlops_assignment_2/myenv/lib/python3.10/site-packages/airflow/example_dags/example_bash_operator.py took 0.073 seconds
