[2024-05-12T20:20:46.442+0500] {processor.py:161} INFO - Started process (PID=9329) to work on /home/awahab02/mlops_assignment_2/myenv/lib/python3.10/site-packages/airflow/example_dags/example_short_circuit_operator.py
[2024-05-12T20:20:46.442+0500] {processor.py:830} INFO - Processing file /home/awahab02/mlops_assignment_2/myenv/lib/python3.10/site-packages/airflow/example_dags/example_short_circuit_operator.py for tasks to queue
[2024-05-12T20:20:46.444+0500] {logging_mixin.py:188} INFO - [2024-05-12T20:20:46.443+0500] {dagbag.py:545} INFO - Filling up the DagBag from /home/awahab02/mlops_assignment_2/myenv/lib/python3.10/site-packages/airflow/example_dags/example_short_circuit_operator.py
[2024-05-12T20:20:46.450+0500] {processor.py:840} INFO - DAG(s) 'example_short_circuit_operator' retrieved from /home/awahab02/mlops_assignment_2/myenv/lib/python3.10/site-packages/airflow/example_dags/example_short_circuit_operator.py
[2024-05-12T20:20:46.574+0500] {logging_mixin.py:188} INFO - [2024-05-12T20:20:46.574+0500] {override.py:1829} INFO - Created Permission View: can read on DAG:example_short_circuit_operator
[2024-05-12T20:20:46.592+0500] {logging_mixin.py:188} INFO - [2024-05-12T20:20:46.591+0500] {override.py:1829} INFO - Created Permission View: can edit on DAG:example_short_circuit_operator
[2024-05-12T20:20:46.608+0500] {logging_mixin.py:188} INFO - [2024-05-12T20:20:46.608+0500] {override.py:1829} INFO - Created Permission View: can delete on DAG:example_short_circuit_operator
[2024-05-12T20:20:46.609+0500] {logging_mixin.py:188} INFO - [2024-05-12T20:20:46.609+0500] {dag.py:3096} INFO - Sync 1 DAGs
[2024-05-12T20:20:46.617+0500] {logging_mixin.py:188} INFO - [2024-05-12T20:20:46.617+0500] {dag.py:3118} INFO - Creating ORM DAG for example_short_circuit_operator
[2024-05-12T20:20:46.625+0500] {logging_mixin.py:188} INFO - [2024-05-12T20:20:46.625+0500] {dag.py:3954} INFO - Setting next_dagrun for example_short_circuit_operator to 2024-05-11 00:00:00+00:00, run_after=2024-05-12 00:00:00+00:00
[2024-05-12T20:20:46.652+0500] {processor.py:183} INFO - Processing /home/awahab02/mlops_assignment_2/myenv/lib/python3.10/site-packages/airflow/example_dags/example_short_circuit_operator.py took 0.215 seconds
[2024-05-12T20:21:41.435+0500] {processor.py:161} INFO - Started process (PID=9611) to work on /home/awahab02/mlops_assignment_2/myenv/lib/python3.10/site-packages/airflow/example_dags/example_short_circuit_operator.py
[2024-05-12T20:21:41.475+0500] {processor.py:830} INFO - Processing file /home/awahab02/mlops_assignment_2/myenv/lib/python3.10/site-packages/airflow/example_dags/example_short_circuit_operator.py for tasks to queue
[2024-05-12T20:21:41.479+0500] {logging_mixin.py:188} INFO - [2024-05-12T20:21:41.478+0500] {dagbag.py:545} INFO - Filling up the DagBag from /home/awahab02/mlops_assignment_2/myenv/lib/python3.10/site-packages/airflow/example_dags/example_short_circuit_operator.py
[2024-05-12T20:21:41.490+0500] {processor.py:840} INFO - DAG(s) 'example_short_circuit_operator' retrieved from /home/awahab02/mlops_assignment_2/myenv/lib/python3.10/site-packages/airflow/example_dags/example_short_circuit_operator.py
[2024-05-12T20:21:41.509+0500] {logging_mixin.py:188} INFO - [2024-05-12T20:21:41.509+0500] {dag.py:3096} INFO - Sync 1 DAGs
[2024-05-12T20:21:41.523+0500] {logging_mixin.py:188} INFO - [2024-05-12T20:21:41.523+0500] {dag.py:3954} INFO - Setting next_dagrun for example_short_circuit_operator to 2024-05-11 00:00:00+00:00, run_after=2024-05-12 00:00:00+00:00
[2024-05-12T20:21:41.547+0500] {processor.py:183} INFO - Processing /home/awahab02/mlops_assignment_2/myenv/lib/python3.10/site-packages/airflow/example_dags/example_short_circuit_operator.py took 0.118 seconds
[2024-05-12T20:22:31.198+0500] {processor.py:161} INFO - Started process (PID=9814) to work on /home/awahab02/mlops_assignment_2/myenv/lib/python3.10/site-packages/airflow/example_dags/example_short_circuit_operator.py
[2024-05-12T20:22:31.223+0500] {processor.py:830} INFO - Processing file /home/awahab02/mlops_assignment_2/myenv/lib/python3.10/site-packages/airflow/example_dags/example_short_circuit_operator.py for tasks to queue
[2024-05-12T20:22:31.224+0500] {logging_mixin.py:188} INFO - [2024-05-12T20:22:31.224+0500] {dagbag.py:545} INFO - Filling up the DagBag from /home/awahab02/mlops_assignment_2/myenv/lib/python3.10/site-packages/airflow/example_dags/example_short_circuit_operator.py
[2024-05-12T20:22:31.230+0500] {processor.py:840} INFO - DAG(s) 'example_short_circuit_operator' retrieved from /home/awahab02/mlops_assignment_2/myenv/lib/python3.10/site-packages/airflow/example_dags/example_short_circuit_operator.py
[2024-05-12T20:22:31.244+0500] {logging_mixin.py:188} INFO - [2024-05-12T20:22:31.244+0500] {dag.py:3096} INFO - Sync 1 DAGs
[2024-05-12T20:22:31.260+0500] {logging_mixin.py:188} INFO - [2024-05-12T20:22:31.259+0500] {dag.py:3954} INFO - Setting next_dagrun for example_short_circuit_operator to 2024-05-11 00:00:00+00:00, run_after=2024-05-12 00:00:00+00:00
[2024-05-12T20:22:31.286+0500] {processor.py:183} INFO - Processing /home/awahab02/mlops_assignment_2/myenv/lib/python3.10/site-packages/airflow/example_dags/example_short_circuit_operator.py took 0.094 seconds
[2024-05-12T20:23:15.795+0500] {processor.py:161} INFO - Started process (PID=10135) to work on /home/awahab02/mlops_assignment_2/myenv/lib/python3.10/site-packages/airflow/example_dags/example_short_circuit_operator.py
[2024-05-12T20:23:15.829+0500] {processor.py:830} INFO - Processing file /home/awahab02/mlops_assignment_2/myenv/lib/python3.10/site-packages/airflow/example_dags/example_short_circuit_operator.py for tasks to queue
[2024-05-12T20:23:15.831+0500] {logging_mixin.py:188} INFO - [2024-05-12T20:23:15.830+0500] {dagbag.py:545} INFO - Filling up the DagBag from /home/awahab02/mlops_assignment_2/myenv/lib/python3.10/site-packages/airflow/example_dags/example_short_circuit_operator.py
[2024-05-12T20:23:15.837+0500] {processor.py:840} INFO - DAG(s) 'example_short_circuit_operator' retrieved from /home/awahab02/mlops_assignment_2/myenv/lib/python3.10/site-packages/airflow/example_dags/example_short_circuit_operator.py
[2024-05-12T20:23:15.853+0500] {logging_mixin.py:188} INFO - [2024-05-12T20:23:15.852+0500] {dag.py:3096} INFO - Sync 1 DAGs
[2024-05-12T20:23:15.868+0500] {logging_mixin.py:188} INFO - [2024-05-12T20:23:15.867+0500] {dag.py:3954} INFO - Setting next_dagrun for example_short_circuit_operator to 2024-05-11 00:00:00+00:00, run_after=2024-05-12 00:00:00+00:00
[2024-05-12T20:23:15.893+0500] {processor.py:183} INFO - Processing /home/awahab02/mlops_assignment_2/myenv/lib/python3.10/site-packages/airflow/example_dags/example_short_circuit_operator.py took 0.103 seconds
[2024-05-12T20:24:15.105+0500] {processor.py:161} INFO - Started process (PID=10551) to work on /home/awahab02/mlops_assignment_2/myenv/lib/python3.10/site-packages/airflow/example_dags/example_short_circuit_operator.py
[2024-05-12T20:24:15.147+0500] {processor.py:830} INFO - Processing file /home/awahab02/mlops_assignment_2/myenv/lib/python3.10/site-packages/airflow/example_dags/example_short_circuit_operator.py for tasks to queue
[2024-05-12T20:24:15.148+0500] {logging_mixin.py:188} INFO - [2024-05-12T20:24:15.148+0500] {dagbag.py:545} INFO - Filling up the DagBag from /home/awahab02/mlops_assignment_2/myenv/lib/python3.10/site-packages/airflow/example_dags/example_short_circuit_operator.py
[2024-05-12T20:24:15.154+0500] {processor.py:840} INFO - DAG(s) 'example_short_circuit_operator' retrieved from /home/awahab02/mlops_assignment_2/myenv/lib/python3.10/site-packages/airflow/example_dags/example_short_circuit_operator.py
[2024-05-12T20:24:15.169+0500] {logging_mixin.py:188} INFO - [2024-05-12T20:24:15.169+0500] {dag.py:3096} INFO - Sync 1 DAGs
[2024-05-12T20:24:15.184+0500] {logging_mixin.py:188} INFO - [2024-05-12T20:24:15.184+0500] {dag.py:3954} INFO - Setting next_dagrun for example_short_circuit_operator to 2024-05-11 00:00:00+00:00, run_after=2024-05-12 00:00:00+00:00
[2024-05-12T20:24:15.209+0500] {processor.py:183} INFO - Processing /home/awahab02/mlops_assignment_2/myenv/lib/python3.10/site-packages/airflow/example_dags/example_short_circuit_operator.py took 0.112 seconds
[2024-05-12T20:25:12.723+0500] {processor.py:161} INFO - Started process (PID=10830) to work on /home/awahab02/mlops_assignment_2/myenv/lib/python3.10/site-packages/airflow/example_dags/example_short_circuit_operator.py
[2024-05-12T20:25:12.756+0500] {processor.py:830} INFO - Processing file /home/awahab02/mlops_assignment_2/myenv/lib/python3.10/site-packages/airflow/example_dags/example_short_circuit_operator.py for tasks to queue
[2024-05-12T20:25:12.758+0500] {logging_mixin.py:188} INFO - [2024-05-12T20:25:12.757+0500] {dagbag.py:545} INFO - Filling up the DagBag from /home/awahab02/mlops_assignment_2/myenv/lib/python3.10/site-packages/airflow/example_dags/example_short_circuit_operator.py
[2024-05-12T20:25:12.763+0500] {processor.py:840} INFO - DAG(s) 'example_short_circuit_operator' retrieved from /home/awahab02/mlops_assignment_2/myenv/lib/python3.10/site-packages/airflow/example_dags/example_short_circuit_operator.py
[2024-05-12T20:25:12.780+0500] {logging_mixin.py:188} INFO - [2024-05-12T20:25:12.780+0500] {dag.py:3096} INFO - Sync 1 DAGs
[2024-05-12T20:25:12.796+0500] {logging_mixin.py:188} INFO - [2024-05-12T20:25:12.795+0500] {dag.py:3954} INFO - Setting next_dagrun for example_short_circuit_operator to 2024-05-11 00:00:00+00:00, run_after=2024-05-12 00:00:00+00:00
[2024-05-12T20:25:12.821+0500] {processor.py:183} INFO - Processing /home/awahab02/mlops_assignment_2/myenv/lib/python3.10/site-packages/airflow/example_dags/example_short_circuit_operator.py took 0.105 seconds
[2024-05-12T20:25:55.034+0500] {processor.py:161} INFO - Started process (PID=11059) to work on /home/awahab02/mlops_assignment_2/myenv/lib/python3.10/site-packages/airflow/example_dags/example_short_circuit_operator.py
[2024-05-12T20:25:55.035+0500] {processor.py:830} INFO - Processing file /home/awahab02/mlops_assignment_2/myenv/lib/python3.10/site-packages/airflow/example_dags/example_short_circuit_operator.py for tasks to queue
[2024-05-12T20:25:55.037+0500] {logging_mixin.py:188} INFO - [2024-05-12T20:25:55.036+0500] {dagbag.py:545} INFO - Filling up the DagBag from /home/awahab02/mlops_assignment_2/myenv/lib/python3.10/site-packages/airflow/example_dags/example_short_circuit_operator.py
[2024-05-12T20:25:55.043+0500] {processor.py:840} INFO - DAG(s) 'example_short_circuit_operator' retrieved from /home/awahab02/mlops_assignment_2/myenv/lib/python3.10/site-packages/airflow/example_dags/example_short_circuit_operator.py
[2024-05-12T20:25:55.064+0500] {logging_mixin.py:188} INFO - [2024-05-12T20:25:55.064+0500] {dag.py:3096} INFO - Sync 1 DAGs
[2024-05-12T20:25:55.084+0500] {logging_mixin.py:188} INFO - [2024-05-12T20:25:55.084+0500] {dag.py:3954} INFO - Setting next_dagrun for example_short_circuit_operator to 2024-05-11 00:00:00+00:00, run_after=2024-05-12 00:00:00+00:00
[2024-05-12T20:25:55.110+0500] {processor.py:183} INFO - Processing /home/awahab02/mlops_assignment_2/myenv/lib/python3.10/site-packages/airflow/example_dags/example_short_circuit_operator.py took 0.082 seconds
[2024-05-12T20:26:37.654+0500] {processor.py:161} INFO - Started process (PID=11307) to work on /home/awahab02/mlops_assignment_2/myenv/lib/python3.10/site-packages/airflow/example_dags/example_short_circuit_operator.py
[2024-05-12T20:26:37.694+0500] {processor.py:830} INFO - Processing file /home/awahab02/mlops_assignment_2/myenv/lib/python3.10/site-packages/airflow/example_dags/example_short_circuit_operator.py for tasks to queue
[2024-05-12T20:26:37.695+0500] {logging_mixin.py:188} INFO - [2024-05-12T20:26:37.695+0500] {dagbag.py:545} INFO - Filling up the DagBag from /home/awahab02/mlops_assignment_2/myenv/lib/python3.10/site-packages/airflow/example_dags/example_short_circuit_operator.py
[2024-05-12T20:26:37.701+0500] {processor.py:840} INFO - DAG(s) 'example_short_circuit_operator' retrieved from /home/awahab02/mlops_assignment_2/myenv/lib/python3.10/site-packages/airflow/example_dags/example_short_circuit_operator.py
[2024-05-12T20:26:37.715+0500] {logging_mixin.py:188} INFO - [2024-05-12T20:26:37.715+0500] {dag.py:3096} INFO - Sync 1 DAGs
[2024-05-12T20:26:37.731+0500] {logging_mixin.py:188} INFO - [2024-05-12T20:26:37.731+0500] {dag.py:3954} INFO - Setting next_dagrun for example_short_circuit_operator to 2024-05-11 00:00:00+00:00, run_after=2024-05-12 00:00:00+00:00
[2024-05-12T20:26:37.757+0500] {processor.py:183} INFO - Processing /home/awahab02/mlops_assignment_2/myenv/lib/python3.10/site-packages/airflow/example_dags/example_short_circuit_operator.py took 0.108 seconds
[2024-05-12T20:27:20.452+0500] {processor.py:161} INFO - Started process (PID=11661) to work on /home/awahab02/mlops_assignment_2/myenv/lib/python3.10/site-packages/airflow/example_dags/example_short_circuit_operator.py
[2024-05-12T20:27:20.475+0500] {processor.py:830} INFO - Processing file /home/awahab02/mlops_assignment_2/myenv/lib/python3.10/site-packages/airflow/example_dags/example_short_circuit_operator.py for tasks to queue
[2024-05-12T20:27:20.476+0500] {logging_mixin.py:188} INFO - [2024-05-12T20:27:20.476+0500] {dagbag.py:545} INFO - Filling up the DagBag from /home/awahab02/mlops_assignment_2/myenv/lib/python3.10/site-packages/airflow/example_dags/example_short_circuit_operator.py
[2024-05-12T20:27:20.483+0500] {processor.py:840} INFO - DAG(s) 'example_short_circuit_operator' retrieved from /home/awahab02/mlops_assignment_2/myenv/lib/python3.10/site-packages/airflow/example_dags/example_short_circuit_operator.py
[2024-05-12T20:27:20.499+0500] {logging_mixin.py:188} INFO - [2024-05-12T20:27:20.498+0500] {dag.py:3096} INFO - Sync 1 DAGs
[2024-05-12T20:27:20.515+0500] {logging_mixin.py:188} INFO - [2024-05-12T20:27:20.514+0500] {dag.py:3954} INFO - Setting next_dagrun for example_short_circuit_operator to 2024-05-11 00:00:00+00:00, run_after=2024-05-12 00:00:00+00:00
[2024-05-12T20:27:20.543+0500] {processor.py:183} INFO - Processing /home/awahab02/mlops_assignment_2/myenv/lib/python3.10/site-packages/airflow/example_dags/example_short_circuit_operator.py took 0.096 seconds
[2024-05-12T20:27:52.122+0500] {processor.py:161} INFO - Started process (PID=11981) to work on /home/awahab02/mlops_assignment_2/myenv/lib/python3.10/site-packages/airflow/example_dags/example_short_circuit_operator.py
[2024-05-12T20:27:52.122+0500] {processor.py:830} INFO - Processing file /home/awahab02/mlops_assignment_2/myenv/lib/python3.10/site-packages/airflow/example_dags/example_short_circuit_operator.py for tasks to queue
[2024-05-12T20:27:52.124+0500] {logging_mixin.py:188} INFO - [2024-05-12T20:27:52.124+0500] {dagbag.py:545} INFO - Filling up the DagBag from /home/awahab02/mlops_assignment_2/myenv/lib/python3.10/site-packages/airflow/example_dags/example_short_circuit_operator.py
[2024-05-12T20:27:52.130+0500] {processor.py:840} INFO - DAG(s) 'example_short_circuit_operator' retrieved from /home/awahab02/mlops_assignment_2/myenv/lib/python3.10/site-packages/airflow/example_dags/example_short_circuit_operator.py
[2024-05-12T20:27:52.150+0500] {logging_mixin.py:188} INFO - [2024-05-12T20:27:52.150+0500] {dag.py:3096} INFO - Sync 1 DAGs
[2024-05-12T20:27:52.168+0500] {logging_mixin.py:188} INFO - [2024-05-12T20:27:52.168+0500] {dag.py:3954} INFO - Setting next_dagrun for example_short_circuit_operator to 2024-05-11 00:00:00+00:00, run_after=2024-05-12 00:00:00+00:00
[2024-05-12T20:27:52.206+0500] {processor.py:183} INFO - Processing /home/awahab02/mlops_assignment_2/myenv/lib/python3.10/site-packages/airflow/example_dags/example_short_circuit_operator.py took 0.089 seconds
[2024-05-12T20:28:43.545+0500] {processor.py:161} INFO - Started process (PID=12226) to work on /home/awahab02/mlops_assignment_2/myenv/lib/python3.10/site-packages/airflow/example_dags/example_short_circuit_operator.py
[2024-05-12T20:28:43.575+0500] {processor.py:830} INFO - Processing file /home/awahab02/mlops_assignment_2/myenv/lib/python3.10/site-packages/airflow/example_dags/example_short_circuit_operator.py for tasks to queue
[2024-05-12T20:28:43.577+0500] {logging_mixin.py:188} INFO - [2024-05-12T20:28:43.576+0500] {dagbag.py:545} INFO - Filling up the DagBag from /home/awahab02/mlops_assignment_2/myenv/lib/python3.10/site-packages/airflow/example_dags/example_short_circuit_operator.py
[2024-05-12T20:28:43.582+0500] {processor.py:840} INFO - DAG(s) 'example_short_circuit_operator' retrieved from /home/awahab02/mlops_assignment_2/myenv/lib/python3.10/site-packages/airflow/example_dags/example_short_circuit_operator.py
[2024-05-12T20:28:43.597+0500] {logging_mixin.py:188} INFO - [2024-05-12T20:28:43.596+0500] {dag.py:3096} INFO - Sync 1 DAGs
[2024-05-12T20:28:43.611+0500] {logging_mixin.py:188} INFO - [2024-05-12T20:28:43.611+0500] {dag.py:3954} INFO - Setting next_dagrun for example_short_circuit_operator to 2024-05-11 00:00:00+00:00, run_after=2024-05-12 00:00:00+00:00
[2024-05-12T20:28:43.636+0500] {processor.py:183} INFO - Processing /home/awahab02/mlops_assignment_2/myenv/lib/python3.10/site-packages/airflow/example_dags/example_short_circuit_operator.py took 0.098 seconds
[2024-05-12T20:29:37.545+0500] {processor.py:161} INFO - Started process (PID=12510) to work on /home/awahab02/mlops_assignment_2/myenv/lib/python3.10/site-packages/airflow/example_dags/example_short_circuit_operator.py
[2024-05-12T20:29:37.569+0500] {processor.py:830} INFO - Processing file /home/awahab02/mlops_assignment_2/myenv/lib/python3.10/site-packages/airflow/example_dags/example_short_circuit_operator.py for tasks to queue
[2024-05-12T20:29:37.570+0500] {logging_mixin.py:188} INFO - [2024-05-12T20:29:37.570+0500] {dagbag.py:545} INFO - Filling up the DagBag from /home/awahab02/mlops_assignment_2/myenv/lib/python3.10/site-packages/airflow/example_dags/example_short_circuit_operator.py
[2024-05-12T20:29:37.576+0500] {processor.py:840} INFO - DAG(s) 'example_short_circuit_operator' retrieved from /home/awahab02/mlops_assignment_2/myenv/lib/python3.10/site-packages/airflow/example_dags/example_short_circuit_operator.py
[2024-05-12T20:29:37.594+0500] {logging_mixin.py:188} INFO - [2024-05-12T20:29:37.594+0500] {dag.py:3096} INFO - Sync 1 DAGs
[2024-05-12T20:29:37.610+0500] {logging_mixin.py:188} INFO - [2024-05-12T20:29:37.610+0500] {dag.py:3954} INFO - Setting next_dagrun for example_short_circuit_operator to 2024-05-11 00:00:00+00:00, run_after=2024-05-12 00:00:00+00:00
[2024-05-12T20:29:37.641+0500] {processor.py:183} INFO - Processing /home/awahab02/mlops_assignment_2/myenv/lib/python3.10/site-packages/airflow/example_dags/example_short_circuit_operator.py took 0.101 seconds
[2024-05-12T20:30:57.578+0500] {processor.py:161} INFO - Started process (PID=13131) to work on /home/awahab02/mlops_assignment_2/myenv/lib/python3.10/site-packages/airflow/example_dags/example_short_circuit_operator.py
[2024-05-12T20:30:57.579+0500] {processor.py:830} INFO - Processing file /home/awahab02/mlops_assignment_2/myenv/lib/python3.10/site-packages/airflow/example_dags/example_short_circuit_operator.py for tasks to queue
[2024-05-12T20:30:57.581+0500] {logging_mixin.py:188} INFO - [2024-05-12T20:30:57.580+0500] {dagbag.py:545} INFO - Filling up the DagBag from /home/awahab02/mlops_assignment_2/myenv/lib/python3.10/site-packages/airflow/example_dags/example_short_circuit_operator.py
[2024-05-12T20:30:57.587+0500] {processor.py:840} INFO - DAG(s) 'example_short_circuit_operator' retrieved from /home/awahab02/mlops_assignment_2/myenv/lib/python3.10/site-packages/airflow/example_dags/example_short_circuit_operator.py
[2024-05-12T20:30:57.602+0500] {logging_mixin.py:188} INFO - [2024-05-12T20:30:57.601+0500] {dag.py:3096} INFO - Sync 1 DAGs
[2024-05-12T20:30:57.618+0500] {logging_mixin.py:188} INFO - [2024-05-12T20:30:57.618+0500] {dag.py:3954} INFO - Setting next_dagrun for example_short_circuit_operator to 2024-05-11 00:00:00+00:00, run_after=2024-05-12 00:00:00+00:00
[2024-05-12T20:30:57.645+0500] {processor.py:183} INFO - Processing /home/awahab02/mlops_assignment_2/myenv/lib/python3.10/site-packages/airflow/example_dags/example_short_circuit_operator.py took 0.073 seconds
[2024-05-12T20:31:49.398+0500] {processor.py:161} INFO - Started process (PID=13374) to work on /home/awahab02/mlops_assignment_2/myenv/lib/python3.10/site-packages/airflow/example_dags/example_short_circuit_operator.py
[2024-05-12T20:31:49.428+0500] {processor.py:830} INFO - Processing file /home/awahab02/mlops_assignment_2/myenv/lib/python3.10/site-packages/airflow/example_dags/example_short_circuit_operator.py for tasks to queue
[2024-05-12T20:31:49.430+0500] {logging_mixin.py:188} INFO - [2024-05-12T20:31:49.429+0500] {dagbag.py:545} INFO - Filling up the DagBag from /home/awahab02/mlops_assignment_2/myenv/lib/python3.10/site-packages/airflow/example_dags/example_short_circuit_operator.py
[2024-05-12T20:31:49.436+0500] {processor.py:840} INFO - DAG(s) 'example_short_circuit_operator' retrieved from /home/awahab02/mlops_assignment_2/myenv/lib/python3.10/site-packages/airflow/example_dags/example_short_circuit_operator.py
[2024-05-12T20:31:49.451+0500] {logging_mixin.py:188} INFO - [2024-05-12T20:31:49.451+0500] {dag.py:3096} INFO - Sync 1 DAGs
[2024-05-12T20:31:49.466+0500] {logging_mixin.py:188} INFO - [2024-05-12T20:31:49.466+0500] {dag.py:3954} INFO - Setting next_dagrun for example_short_circuit_operator to 2024-05-11 00:00:00+00:00, run_after=2024-05-12 00:00:00+00:00
[2024-05-12T20:31:49.490+0500] {processor.py:183} INFO - Processing /home/awahab02/mlops_assignment_2/myenv/lib/python3.10/site-packages/airflow/example_dags/example_short_circuit_operator.py took 0.097 seconds
[2024-05-12T20:34:31.810+0500] {processor.py:161} INFO - Started process (PID=14551) to work on /home/awahab02/mlops_assignment_2/myenv/lib/python3.10/site-packages/airflow/example_dags/example_short_circuit_operator.py
[2024-05-12T20:34:31.812+0500] {processor.py:830} INFO - Processing file /home/awahab02/mlops_assignment_2/myenv/lib/python3.10/site-packages/airflow/example_dags/example_short_circuit_operator.py for tasks to queue
[2024-05-12T20:34:31.813+0500] {logging_mixin.py:188} INFO - [2024-05-12T20:34:31.812+0500] {dagbag.py:545} INFO - Filling up the DagBag from /home/awahab02/mlops_assignment_2/myenv/lib/python3.10/site-packages/airflow/example_dags/example_short_circuit_operator.py
[2024-05-12T20:34:31.818+0500] {processor.py:840} INFO - DAG(s) 'example_short_circuit_operator' retrieved from /home/awahab02/mlops_assignment_2/myenv/lib/python3.10/site-packages/airflow/example_dags/example_short_circuit_operator.py
[2024-05-12T20:34:31.837+0500] {logging_mixin.py:188} INFO - [2024-05-12T20:34:31.837+0500] {dag.py:3096} INFO - Sync 1 DAGs
[2024-05-12T20:34:31.851+0500] {logging_mixin.py:188} INFO - [2024-05-12T20:34:31.851+0500] {dag.py:3954} INFO - Setting next_dagrun for example_short_circuit_operator to 2024-05-11 00:00:00+00:00, run_after=2024-05-12 00:00:00+00:00
[2024-05-12T20:34:31.876+0500] {processor.py:183} INFO - Processing /home/awahab02/mlops_assignment_2/myenv/lib/python3.10/site-packages/airflow/example_dags/example_short_circuit_operator.py took 0.072 seconds
[2024-05-12T20:35:25.641+0500] {processor.py:161} INFO - Started process (PID=14838) to work on /home/awahab02/mlops_assignment_2/myenv/lib/python3.10/site-packages/airflow/example_dags/example_short_circuit_operator.py
[2024-05-12T20:35:25.642+0500] {processor.py:830} INFO - Processing file /home/awahab02/mlops_assignment_2/myenv/lib/python3.10/site-packages/airflow/example_dags/example_short_circuit_operator.py for tasks to queue
[2024-05-12T20:35:25.643+0500] {logging_mixin.py:188} INFO - [2024-05-12T20:35:25.643+0500] {dagbag.py:545} INFO - Filling up the DagBag from /home/awahab02/mlops_assignment_2/myenv/lib/python3.10/site-packages/airflow/example_dags/example_short_circuit_operator.py
[2024-05-12T20:35:25.649+0500] {processor.py:840} INFO - DAG(s) 'example_short_circuit_operator' retrieved from /home/awahab02/mlops_assignment_2/myenv/lib/python3.10/site-packages/airflow/example_dags/example_short_circuit_operator.py
[2024-05-12T20:35:25.665+0500] {logging_mixin.py:188} INFO - [2024-05-12T20:35:25.665+0500] {dag.py:3096} INFO - Sync 1 DAGs
[2024-05-12T20:35:25.679+0500] {logging_mixin.py:188} INFO - [2024-05-12T20:35:25.679+0500] {dag.py:3954} INFO - Setting next_dagrun for example_short_circuit_operator to 2024-05-11 00:00:00+00:00, run_after=2024-05-12 00:00:00+00:00
[2024-05-12T20:35:25.705+0500] {processor.py:183} INFO - Processing /home/awahab02/mlops_assignment_2/myenv/lib/python3.10/site-packages/airflow/example_dags/example_short_circuit_operator.py took 0.069 seconds
[2024-05-12T20:36:19.183+0500] {processor.py:161} INFO - Started process (PID=15091) to work on /home/awahab02/mlops_assignment_2/myenv/lib/python3.10/site-packages/airflow/example_dags/example_short_circuit_operator.py
[2024-05-12T20:36:19.185+0500] {processor.py:830} INFO - Processing file /home/awahab02/mlops_assignment_2/myenv/lib/python3.10/site-packages/airflow/example_dags/example_short_circuit_operator.py for tasks to queue
[2024-05-12T20:36:19.185+0500] {logging_mixin.py:188} INFO - [2024-05-12T20:36:19.185+0500] {dagbag.py:545} INFO - Filling up the DagBag from /home/awahab02/mlops_assignment_2/myenv/lib/python3.10/site-packages/airflow/example_dags/example_short_circuit_operator.py
[2024-05-12T20:36:19.190+0500] {processor.py:840} INFO - DAG(s) 'example_short_circuit_operator' retrieved from /home/awahab02/mlops_assignment_2/myenv/lib/python3.10/site-packages/airflow/example_dags/example_short_circuit_operator.py
[2024-05-12T20:36:19.205+0500] {logging_mixin.py:188} INFO - [2024-05-12T20:36:19.205+0500] {dag.py:3096} INFO - Sync 1 DAGs
[2024-05-12T20:36:19.218+0500] {logging_mixin.py:188} INFO - [2024-05-12T20:36:19.218+0500] {dag.py:3954} INFO - Setting next_dagrun for example_short_circuit_operator to 2024-05-11 00:00:00+00:00, run_after=2024-05-12 00:00:00+00:00
[2024-05-12T20:36:19.242+0500] {processor.py:183} INFO - Processing /home/awahab02/mlops_assignment_2/myenv/lib/python3.10/site-packages/airflow/example_dags/example_short_circuit_operator.py took 0.064 seconds
[2024-05-12T20:37:05.895+0500] {processor.py:161} INFO - Started process (PID=15313) to work on /home/awahab02/mlops_assignment_2/myenv/lib/python3.10/site-packages/airflow/example_dags/example_short_circuit_operator.py
[2024-05-12T20:37:05.917+0500] {processor.py:830} INFO - Processing file /home/awahab02/mlops_assignment_2/myenv/lib/python3.10/site-packages/airflow/example_dags/example_short_circuit_operator.py for tasks to queue
[2024-05-12T20:37:05.918+0500] {logging_mixin.py:188} INFO - [2024-05-12T20:37:05.918+0500] {dagbag.py:545} INFO - Filling up the DagBag from /home/awahab02/mlops_assignment_2/myenv/lib/python3.10/site-packages/airflow/example_dags/example_short_circuit_operator.py
[2024-05-12T20:37:05.926+0500] {processor.py:840} INFO - DAG(s) 'example_short_circuit_operator' retrieved from /home/awahab02/mlops_assignment_2/myenv/lib/python3.10/site-packages/airflow/example_dags/example_short_circuit_operator.py
[2024-05-12T20:37:05.941+0500] {logging_mixin.py:188} INFO - [2024-05-12T20:37:05.941+0500] {dag.py:3096} INFO - Sync 1 DAGs
[2024-05-12T20:37:05.955+0500] {logging_mixin.py:188} INFO - [2024-05-12T20:37:05.955+0500] {dag.py:3954} INFO - Setting next_dagrun for example_short_circuit_operator to 2024-05-11 00:00:00+00:00, run_after=2024-05-12 00:00:00+00:00
[2024-05-12T20:37:05.982+0500] {processor.py:183} INFO - Processing /home/awahab02/mlops_assignment_2/myenv/lib/python3.10/site-packages/airflow/example_dags/example_short_circuit_operator.py took 0.093 seconds
[2024-05-12T20:39:05.302+0500] {processor.py:161} INFO - Started process (PID=16363) to work on /home/awahab02/mlops_assignment_2/myenv/lib/python3.10/site-packages/airflow/example_dags/example_short_circuit_operator.py
[2024-05-12T20:39:05.327+0500] {processor.py:830} INFO - Processing file /home/awahab02/mlops_assignment_2/myenv/lib/python3.10/site-packages/airflow/example_dags/example_short_circuit_operator.py for tasks to queue
[2024-05-12T20:39:05.329+0500] {logging_mixin.py:188} INFO - [2024-05-12T20:39:05.328+0500] {dagbag.py:545} INFO - Filling up the DagBag from /home/awahab02/mlops_assignment_2/myenv/lib/python3.10/site-packages/airflow/example_dags/example_short_circuit_operator.py
[2024-05-12T20:39:05.342+0500] {processor.py:840} INFO - DAG(s) 'example_short_circuit_operator' retrieved from /home/awahab02/mlops_assignment_2/myenv/lib/python3.10/site-packages/airflow/example_dags/example_short_circuit_operator.py
[2024-05-12T20:39:05.361+0500] {logging_mixin.py:188} INFO - [2024-05-12T20:39:05.361+0500] {dag.py:3096} INFO - Sync 1 DAGs
[2024-05-12T20:39:05.375+0500] {logging_mixin.py:188} INFO - [2024-05-12T20:39:05.375+0500] {dag.py:3954} INFO - Setting next_dagrun for example_short_circuit_operator to 2024-05-11 00:00:00+00:00, run_after=2024-05-12 00:00:00+00:00
[2024-05-12T20:39:05.402+0500] {processor.py:183} INFO - Processing /home/awahab02/mlops_assignment_2/myenv/lib/python3.10/site-packages/airflow/example_dags/example_short_circuit_operator.py took 0.106 seconds
[2024-05-12T20:39:58.303+0500] {processor.py:161} INFO - Started process (PID=16684) to work on /home/awahab02/mlops_assignment_2/myenv/lib/python3.10/site-packages/airflow/example_dags/example_short_circuit_operator.py
[2024-05-12T20:39:58.329+0500] {processor.py:830} INFO - Processing file /home/awahab02/mlops_assignment_2/myenv/lib/python3.10/site-packages/airflow/example_dags/example_short_circuit_operator.py for tasks to queue
[2024-05-12T20:39:58.330+0500] {logging_mixin.py:188} INFO - [2024-05-12T20:39:58.329+0500] {dagbag.py:545} INFO - Filling up the DagBag from /home/awahab02/mlops_assignment_2/myenv/lib/python3.10/site-packages/airflow/example_dags/example_short_circuit_operator.py
[2024-05-12T20:39:58.336+0500] {processor.py:840} INFO - DAG(s) 'example_short_circuit_operator' retrieved from /home/awahab02/mlops_assignment_2/myenv/lib/python3.10/site-packages/airflow/example_dags/example_short_circuit_operator.py
[2024-05-12T20:39:58.353+0500] {logging_mixin.py:188} INFO - [2024-05-12T20:39:58.353+0500] {dag.py:3096} INFO - Sync 1 DAGs
[2024-05-12T20:39:58.367+0500] {logging_mixin.py:188} INFO - [2024-05-12T20:39:58.366+0500] {dag.py:3954} INFO - Setting next_dagrun for example_short_circuit_operator to 2024-05-11 00:00:00+00:00, run_after=2024-05-12 00:00:00+00:00
[2024-05-12T20:39:58.392+0500] {processor.py:183} INFO - Processing /home/awahab02/mlops_assignment_2/myenv/lib/python3.10/site-packages/airflow/example_dags/example_short_circuit_operator.py took 0.095 seconds
[2024-05-12T20:40:49.876+0500] {processor.py:161} INFO - Started process (PID=17008) to work on /home/awahab02/mlops_assignment_2/myenv/lib/python3.10/site-packages/airflow/example_dags/example_short_circuit_operator.py
[2024-05-12T20:40:49.878+0500] {processor.py:830} INFO - Processing file /home/awahab02/mlops_assignment_2/myenv/lib/python3.10/site-packages/airflow/example_dags/example_short_circuit_operator.py for tasks to queue
[2024-05-12T20:40:49.878+0500] {logging_mixin.py:188} INFO - [2024-05-12T20:40:49.878+0500] {dagbag.py:545} INFO - Filling up the DagBag from /home/awahab02/mlops_assignment_2/myenv/lib/python3.10/site-packages/airflow/example_dags/example_short_circuit_operator.py
[2024-05-12T20:40:49.885+0500] {processor.py:840} INFO - DAG(s) 'example_short_circuit_operator' retrieved from /home/awahab02/mlops_assignment_2/myenv/lib/python3.10/site-packages/airflow/example_dags/example_short_circuit_operator.py
[2024-05-12T20:40:49.902+0500] {logging_mixin.py:188} INFO - [2024-05-12T20:40:49.901+0500] {dag.py:3096} INFO - Sync 1 DAGs
[2024-05-12T20:40:49.921+0500] {logging_mixin.py:188} INFO - [2024-05-12T20:40:49.920+0500] {dag.py:3954} INFO - Setting next_dagrun for example_short_circuit_operator to 2024-05-11 00:00:00+00:00, run_after=2024-05-12 00:00:00+00:00
[2024-05-12T20:40:49.950+0500] {processor.py:183} INFO - Processing /home/awahab02/mlops_assignment_2/myenv/lib/python3.10/site-packages/airflow/example_dags/example_short_circuit_operator.py took 0.079 seconds
