[2024-05-12T20:20:56.783+0500] {processor.py:161} INFO - Started process (PID=9432) to work on /home/awahab02/mlops_assignment_2/myenv/lib/python3.10/site-packages/airflow/example_dags/example_params_trigger_ui.py
[2024-05-12T20:20:56.783+0500] {processor.py:830} INFO - Processing file /home/awahab02/mlops_assignment_2/myenv/lib/python3.10/site-packages/airflow/example_dags/example_params_trigger_ui.py for tasks to queue
[2024-05-12T20:20:56.785+0500] {logging_mixin.py:188} INFO - [2024-05-12T20:20:56.785+0500] {dagbag.py:545} INFO - Filling up the DagBag from /home/awahab02/mlops_assignment_2/myenv/lib/python3.10/site-packages/airflow/example_dags/example_params_trigger_ui.py
[2024-05-12T20:20:56.796+0500] {processor.py:840} INFO - DAG(s) 'example_params_trigger_ui' retrieved from /home/awahab02/mlops_assignment_2/myenv/lib/python3.10/site-packages/airflow/example_dags/example_params_trigger_ui.py
[2024-05-12T20:20:56.955+0500] {logging_mixin.py:188} INFO - [2024-05-12T20:20:56.954+0500] {override.py:1829} INFO - Created Permission View: can read on DAG:example_params_trigger_ui
[2024-05-12T20:20:56.971+0500] {logging_mixin.py:188} INFO - [2024-05-12T20:20:56.970+0500] {override.py:1829} INFO - Created Permission View: can edit on DAG:example_params_trigger_ui
[2024-05-12T20:20:56.985+0500] {logging_mixin.py:188} INFO - [2024-05-12T20:20:56.984+0500] {override.py:1829} INFO - Created Permission View: can delete on DAG:example_params_trigger_ui
[2024-05-12T20:20:56.985+0500] {logging_mixin.py:188} INFO - [2024-05-12T20:20:56.985+0500] {dag.py:3096} INFO - Sync 1 DAGs
[2024-05-12T20:20:56.992+0500] {logging_mixin.py:188} INFO - [2024-05-12T20:20:56.992+0500] {dag.py:3118} INFO - Creating ORM DAG for example_params_trigger_ui
[2024-05-12T20:20:56.993+0500] {logging_mixin.py:188} INFO - [2024-05-12T20:20:56.993+0500] {dag.py:3954} INFO - Setting next_dagrun for example_params_trigger_ui to None, run_after=None
[2024-05-12T20:20:57.022+0500] {processor.py:183} INFO - Processing /home/awahab02/mlops_assignment_2/myenv/lib/python3.10/site-packages/airflow/example_dags/example_params_trigger_ui.py took 0.245 seconds
[2024-05-12T20:21:50.335+0500] {processor.py:161} INFO - Started process (PID=9647) to work on /home/awahab02/mlops_assignment_2/myenv/lib/python3.10/site-packages/airflow/example_dags/example_params_trigger_ui.py
[2024-05-12T20:21:50.373+0500] {processor.py:830} INFO - Processing file /home/awahab02/mlops_assignment_2/myenv/lib/python3.10/site-packages/airflow/example_dags/example_params_trigger_ui.py for tasks to queue
[2024-05-12T20:21:50.375+0500] {logging_mixin.py:188} INFO - [2024-05-12T20:21:50.375+0500] {dagbag.py:545} INFO - Filling up the DagBag from /home/awahab02/mlops_assignment_2/myenv/lib/python3.10/site-packages/airflow/example_dags/example_params_trigger_ui.py
[2024-05-12T20:21:50.386+0500] {processor.py:840} INFO - DAG(s) 'example_params_trigger_ui' retrieved from /home/awahab02/mlops_assignment_2/myenv/lib/python3.10/site-packages/airflow/example_dags/example_params_trigger_ui.py
[2024-05-12T20:21:50.422+0500] {logging_mixin.py:188} INFO - [2024-05-12T20:21:50.422+0500] {dag.py:3096} INFO - Sync 1 DAGs
[2024-05-12T20:21:50.432+0500] {logging_mixin.py:188} INFO - [2024-05-12T20:21:50.431+0500] {dag.py:3954} INFO - Setting next_dagrun for example_params_trigger_ui to None, run_after=None
[2024-05-12T20:21:50.456+0500] {processor.py:183} INFO - Processing /home/awahab02/mlops_assignment_2/myenv/lib/python3.10/site-packages/airflow/example_dags/example_params_trigger_ui.py took 0.127 seconds
[2024-05-12T20:22:38.852+0500] {processor.py:161} INFO - Started process (PID=9847) to work on /home/awahab02/mlops_assignment_2/myenv/lib/python3.10/site-packages/airflow/example_dags/example_params_trigger_ui.py
[2024-05-12T20:22:38.854+0500] {processor.py:830} INFO - Processing file /home/awahab02/mlops_assignment_2/myenv/lib/python3.10/site-packages/airflow/example_dags/example_params_trigger_ui.py for tasks to queue
[2024-05-12T20:22:38.855+0500] {logging_mixin.py:188} INFO - [2024-05-12T20:22:38.855+0500] {dagbag.py:545} INFO - Filling up the DagBag from /home/awahab02/mlops_assignment_2/myenv/lib/python3.10/site-packages/airflow/example_dags/example_params_trigger_ui.py
[2024-05-12T20:22:38.867+0500] {processor.py:840} INFO - DAG(s) 'example_params_trigger_ui' retrieved from /home/awahab02/mlops_assignment_2/myenv/lib/python3.10/site-packages/airflow/example_dags/example_params_trigger_ui.py
[2024-05-12T20:22:38.899+0500] {logging_mixin.py:188} INFO - [2024-05-12T20:22:38.899+0500] {dag.py:3096} INFO - Sync 1 DAGs
[2024-05-12T20:22:38.908+0500] {logging_mixin.py:188} INFO - [2024-05-12T20:22:38.908+0500] {dag.py:3954} INFO - Setting next_dagrun for example_params_trigger_ui to None, run_after=None
[2024-05-12T20:22:38.934+0500] {processor.py:183} INFO - Processing /home/awahab02/mlops_assignment_2/myenv/lib/python3.10/site-packages/airflow/example_dags/example_params_trigger_ui.py took 0.086 seconds
[2024-05-12T20:23:36.493+0500] {processor.py:161} INFO - Started process (PID=10342) to work on /home/awahab02/mlops_assignment_2/myenv/lib/python3.10/site-packages/airflow/example_dags/example_params_trigger_ui.py
[2024-05-12T20:23:36.508+0500] {processor.py:830} INFO - Processing file /home/awahab02/mlops_assignment_2/myenv/lib/python3.10/site-packages/airflow/example_dags/example_params_trigger_ui.py for tasks to queue
[2024-05-12T20:23:36.510+0500] {logging_mixin.py:188} INFO - [2024-05-12T20:23:36.509+0500] {dagbag.py:545} INFO - Filling up the DagBag from /home/awahab02/mlops_assignment_2/myenv/lib/python3.10/site-packages/airflow/example_dags/example_params_trigger_ui.py
[2024-05-12T20:23:36.521+0500] {processor.py:840} INFO - DAG(s) 'example_params_trigger_ui' retrieved from /home/awahab02/mlops_assignment_2/myenv/lib/python3.10/site-packages/airflow/example_dags/example_params_trigger_ui.py
[2024-05-12T20:23:36.564+0500] {logging_mixin.py:188} INFO - [2024-05-12T20:23:36.564+0500] {dag.py:3096} INFO - Sync 1 DAGs
[2024-05-12T20:23:36.574+0500] {logging_mixin.py:188} INFO - [2024-05-12T20:23:36.574+0500] {dag.py:3954} INFO - Setting next_dagrun for example_params_trigger_ui to None, run_after=None
[2024-05-12T20:23:36.625+0500] {processor.py:183} INFO - Processing /home/awahab02/mlops_assignment_2/myenv/lib/python3.10/site-packages/airflow/example_dags/example_params_trigger_ui.py took 0.137 seconds
[2024-05-12T20:24:37.422+0500] {processor.py:161} INFO - Started process (PID=10673) to work on /home/awahab02/mlops_assignment_2/myenv/lib/python3.10/site-packages/airflow/example_dags/example_params_trigger_ui.py
[2024-05-12T20:24:37.424+0500] {processor.py:830} INFO - Processing file /home/awahab02/mlops_assignment_2/myenv/lib/python3.10/site-packages/airflow/example_dags/example_params_trigger_ui.py for tasks to queue
[2024-05-12T20:24:37.425+0500] {logging_mixin.py:188} INFO - [2024-05-12T20:24:37.425+0500] {dagbag.py:545} INFO - Filling up the DagBag from /home/awahab02/mlops_assignment_2/myenv/lib/python3.10/site-packages/airflow/example_dags/example_params_trigger_ui.py
[2024-05-12T20:24:37.437+0500] {processor.py:840} INFO - DAG(s) 'example_params_trigger_ui' retrieved from /home/awahab02/mlops_assignment_2/myenv/lib/python3.10/site-packages/airflow/example_dags/example_params_trigger_ui.py
[2024-05-12T20:24:37.476+0500] {logging_mixin.py:188} INFO - [2024-05-12T20:24:37.475+0500] {dag.py:3096} INFO - Sync 1 DAGs
[2024-05-12T20:24:37.488+0500] {logging_mixin.py:188} INFO - [2024-05-12T20:24:37.488+0500] {dag.py:3954} INFO - Setting next_dagrun for example_params_trigger_ui to None, run_after=None
[2024-05-12T20:24:37.514+0500] {processor.py:183} INFO - Processing /home/awahab02/mlops_assignment_2/myenv/lib/python3.10/site-packages/airflow/example_dags/example_params_trigger_ui.py took 0.097 seconds
[2024-05-12T20:25:38.057+0500] {processor.py:161} INFO - Started process (PID=10964) to work on /home/awahab02/mlops_assignment_2/myenv/lib/python3.10/site-packages/airflow/example_dags/example_params_trigger_ui.py
[2024-05-12T20:25:38.092+0500] {processor.py:830} INFO - Processing file /home/awahab02/mlops_assignment_2/myenv/lib/python3.10/site-packages/airflow/example_dags/example_params_trigger_ui.py for tasks to queue
[2024-05-12T20:25:38.094+0500] {logging_mixin.py:188} INFO - [2024-05-12T20:25:38.093+0500] {dagbag.py:545} INFO - Filling up the DagBag from /home/awahab02/mlops_assignment_2/myenv/lib/python3.10/site-packages/airflow/example_dags/example_params_trigger_ui.py
[2024-05-12T20:25:38.105+0500] {processor.py:840} INFO - DAG(s) 'example_params_trigger_ui' retrieved from /home/awahab02/mlops_assignment_2/myenv/lib/python3.10/site-packages/airflow/example_dags/example_params_trigger_ui.py
[2024-05-12T20:25:38.138+0500] {logging_mixin.py:188} INFO - [2024-05-12T20:25:38.138+0500] {dag.py:3096} INFO - Sync 1 DAGs
[2024-05-12T20:25:38.147+0500] {logging_mixin.py:188} INFO - [2024-05-12T20:25:38.147+0500] {dag.py:3954} INFO - Setting next_dagrun for example_params_trigger_ui to None, run_after=None
[2024-05-12T20:25:38.177+0500] {processor.py:183} INFO - Processing /home/awahab02/mlops_assignment_2/myenv/lib/python3.10/site-packages/airflow/example_dags/example_params_trigger_ui.py took 0.128 seconds
[2024-05-12T20:26:41.658+0500] {processor.py:161} INFO - Started process (PID=11359) to work on /home/awahab02/mlops_assignment_2/myenv/lib/python3.10/site-packages/airflow/example_dags/example_params_trigger_ui.py
[2024-05-12T20:26:41.659+0500] {processor.py:830} INFO - Processing file /home/awahab02/mlops_assignment_2/myenv/lib/python3.10/site-packages/airflow/example_dags/example_params_trigger_ui.py for tasks to queue
[2024-05-12T20:26:41.660+0500] {logging_mixin.py:188} INFO - [2024-05-12T20:26:41.660+0500] {dagbag.py:545} INFO - Filling up the DagBag from /home/awahab02/mlops_assignment_2/myenv/lib/python3.10/site-packages/airflow/example_dags/example_params_trigger_ui.py
[2024-05-12T20:26:41.676+0500] {processor.py:840} INFO - DAG(s) 'example_params_trigger_ui' retrieved from /home/awahab02/mlops_assignment_2/myenv/lib/python3.10/site-packages/airflow/example_dags/example_params_trigger_ui.py
[2024-05-12T20:26:41.720+0500] {logging_mixin.py:188} INFO - [2024-05-12T20:26:41.720+0500] {dag.py:3096} INFO - Sync 1 DAGs
[2024-05-12T20:26:41.732+0500] {logging_mixin.py:188} INFO - [2024-05-12T20:26:41.731+0500] {dag.py:3954} INFO - Setting next_dagrun for example_params_trigger_ui to None, run_after=None
[2024-05-12T20:26:41.762+0500] {processor.py:183} INFO - Processing /home/awahab02/mlops_assignment_2/myenv/lib/python3.10/site-packages/airflow/example_dags/example_params_trigger_ui.py took 0.111 seconds
[2024-05-12T20:28:00.803+0500] {processor.py:161} INFO - Started process (PID=12022) to work on /home/awahab02/mlops_assignment_2/myenv/lib/python3.10/site-packages/airflow/example_dags/example_params_trigger_ui.py
[2024-05-12T20:28:00.805+0500] {processor.py:830} INFO - Processing file /home/awahab02/mlops_assignment_2/myenv/lib/python3.10/site-packages/airflow/example_dags/example_params_trigger_ui.py for tasks to queue
[2024-05-12T20:28:00.808+0500] {logging_mixin.py:188} INFO - [2024-05-12T20:28:00.808+0500] {dagbag.py:545} INFO - Filling up the DagBag from /home/awahab02/mlops_assignment_2/myenv/lib/python3.10/site-packages/airflow/example_dags/example_params_trigger_ui.py
[2024-05-12T20:28:00.829+0500] {processor.py:840} INFO - DAG(s) 'example_params_trigger_ui' retrieved from /home/awahab02/mlops_assignment_2/myenv/lib/python3.10/site-packages/airflow/example_dags/example_params_trigger_ui.py
[2024-05-12T20:28:00.897+0500] {logging_mixin.py:188} INFO - [2024-05-12T20:28:00.897+0500] {dag.py:3096} INFO - Sync 1 DAGs
[2024-05-12T20:28:00.912+0500] {logging_mixin.py:188} INFO - [2024-05-12T20:28:00.911+0500] {dag.py:3954} INFO - Setting next_dagrun for example_params_trigger_ui to None, run_after=None
[2024-05-12T20:28:00.952+0500] {processor.py:183} INFO - Processing /home/awahab02/mlops_assignment_2/myenv/lib/python3.10/site-packages/airflow/example_dags/example_params_trigger_ui.py took 0.158 seconds
[2024-05-12T20:28:53.420+0500] {processor.py:161} INFO - Started process (PID=12269) to work on /home/awahab02/mlops_assignment_2/myenv/lib/python3.10/site-packages/airflow/example_dags/example_params_trigger_ui.py
[2024-05-12T20:28:53.421+0500] {processor.py:830} INFO - Processing file /home/awahab02/mlops_assignment_2/myenv/lib/python3.10/site-packages/airflow/example_dags/example_params_trigger_ui.py for tasks to queue
[2024-05-12T20:28:53.423+0500] {logging_mixin.py:188} INFO - [2024-05-12T20:28:53.422+0500] {dagbag.py:545} INFO - Filling up the DagBag from /home/awahab02/mlops_assignment_2/myenv/lib/python3.10/site-packages/airflow/example_dags/example_params_trigger_ui.py
[2024-05-12T20:28:53.435+0500] {processor.py:840} INFO - DAG(s) 'example_params_trigger_ui' retrieved from /home/awahab02/mlops_assignment_2/myenv/lib/python3.10/site-packages/airflow/example_dags/example_params_trigger_ui.py
[2024-05-12T20:28:53.468+0500] {logging_mixin.py:188} INFO - [2024-05-12T20:28:53.468+0500] {dag.py:3096} INFO - Sync 1 DAGs
[2024-05-12T20:28:53.477+0500] {logging_mixin.py:188} INFO - [2024-05-12T20:28:53.477+0500] {dag.py:3954} INFO - Setting next_dagrun for example_params_trigger_ui to None, run_after=None
[2024-05-12T20:28:53.501+0500] {processor.py:183} INFO - Processing /home/awahab02/mlops_assignment_2/myenv/lib/python3.10/site-packages/airflow/example_dags/example_params_trigger_ui.py took 0.087 seconds
[2024-05-12T20:29:46.400+0500] {processor.py:161} INFO - Started process (PID=12576) to work on /home/awahab02/mlops_assignment_2/myenv/lib/python3.10/site-packages/airflow/example_dags/example_params_trigger_ui.py
[2024-05-12T20:29:46.437+0500] {processor.py:830} INFO - Processing file /home/awahab02/mlops_assignment_2/myenv/lib/python3.10/site-packages/airflow/example_dags/example_params_trigger_ui.py for tasks to queue
[2024-05-12T20:29:46.439+0500] {logging_mixin.py:188} INFO - [2024-05-12T20:29:46.439+0500] {dagbag.py:545} INFO - Filling up the DagBag from /home/awahab02/mlops_assignment_2/myenv/lib/python3.10/site-packages/airflow/example_dags/example_params_trigger_ui.py
[2024-05-12T20:29:46.450+0500] {processor.py:840} INFO - DAG(s) 'example_params_trigger_ui' retrieved from /home/awahab02/mlops_assignment_2/myenv/lib/python3.10/site-packages/airflow/example_dags/example_params_trigger_ui.py
[2024-05-12T20:29:46.485+0500] {logging_mixin.py:188} INFO - [2024-05-12T20:29:46.485+0500] {dag.py:3096} INFO - Sync 1 DAGs
[2024-05-12T20:29:46.495+0500] {logging_mixin.py:188} INFO - [2024-05-12T20:29:46.494+0500] {dag.py:3954} INFO - Setting next_dagrun for example_params_trigger_ui to None, run_after=None
[2024-05-12T20:29:46.520+0500] {processor.py:183} INFO - Processing /home/awahab02/mlops_assignment_2/myenv/lib/python3.10/site-packages/airflow/example_dags/example_params_trigger_ui.py took 0.124 seconds
[2024-05-12T20:31:07.501+0500] {processor.py:161} INFO - Started process (PID=13178) to work on /home/awahab02/mlops_assignment_2/myenv/lib/python3.10/site-packages/airflow/example_dags/example_params_trigger_ui.py
[2024-05-12T20:31:07.524+0500] {processor.py:830} INFO - Processing file /home/awahab02/mlops_assignment_2/myenv/lib/python3.10/site-packages/airflow/example_dags/example_params_trigger_ui.py for tasks to queue
[2024-05-12T20:31:07.525+0500] {logging_mixin.py:188} INFO - [2024-05-12T20:31:07.525+0500] {dagbag.py:545} INFO - Filling up the DagBag from /home/awahab02/mlops_assignment_2/myenv/lib/python3.10/site-packages/airflow/example_dags/example_params_trigger_ui.py
[2024-05-12T20:31:07.537+0500] {processor.py:840} INFO - DAG(s) 'example_params_trigger_ui' retrieved from /home/awahab02/mlops_assignment_2/myenv/lib/python3.10/site-packages/airflow/example_dags/example_params_trigger_ui.py
[2024-05-12T20:31:07.576+0500] {logging_mixin.py:188} INFO - [2024-05-12T20:31:07.575+0500] {dag.py:3096} INFO - Sync 1 DAGs
[2024-05-12T20:31:07.585+0500] {logging_mixin.py:188} INFO - [2024-05-12T20:31:07.585+0500] {dag.py:3954} INFO - Setting next_dagrun for example_params_trigger_ui to None, run_after=None
[2024-05-12T20:31:07.610+0500] {processor.py:183} INFO - Processing /home/awahab02/mlops_assignment_2/myenv/lib/python3.10/site-packages/airflow/example_dags/example_params_trigger_ui.py took 0.116 seconds
[2024-05-12T20:31:57.828+0500] {processor.py:161} INFO - Started process (PID=13412) to work on /home/awahab02/mlops_assignment_2/myenv/lib/python3.10/site-packages/airflow/example_dags/example_params_trigger_ui.py
[2024-05-12T20:31:57.843+0500] {processor.py:830} INFO - Processing file /home/awahab02/mlops_assignment_2/myenv/lib/python3.10/site-packages/airflow/example_dags/example_params_trigger_ui.py for tasks to queue
[2024-05-12T20:31:57.844+0500] {logging_mixin.py:188} INFO - [2024-05-12T20:31:57.844+0500] {dagbag.py:545} INFO - Filling up the DagBag from /home/awahab02/mlops_assignment_2/myenv/lib/python3.10/site-packages/airflow/example_dags/example_params_trigger_ui.py
[2024-05-12T20:31:57.856+0500] {processor.py:840} INFO - DAG(s) 'example_params_trigger_ui' retrieved from /home/awahab02/mlops_assignment_2/myenv/lib/python3.10/site-packages/airflow/example_dags/example_params_trigger_ui.py
[2024-05-12T20:31:57.890+0500] {logging_mixin.py:188} INFO - [2024-05-12T20:31:57.890+0500] {dag.py:3096} INFO - Sync 1 DAGs
[2024-05-12T20:31:57.899+0500] {logging_mixin.py:188} INFO - [2024-05-12T20:31:57.898+0500] {dag.py:3954} INFO - Setting next_dagrun for example_params_trigger_ui to None, run_after=None
[2024-05-12T20:31:57.925+0500] {processor.py:183} INFO - Processing /home/awahab02/mlops_assignment_2/myenv/lib/python3.10/site-packages/airflow/example_dags/example_params_trigger_ui.py took 0.102 seconds
[2024-05-12T20:34:40.963+0500] {processor.py:161} INFO - Started process (PID=14588) to work on /home/awahab02/mlops_assignment_2/myenv/lib/python3.10/site-packages/airflow/example_dags/example_params_trigger_ui.py
[2024-05-12T20:34:40.964+0500] {processor.py:830} INFO - Processing file /home/awahab02/mlops_assignment_2/myenv/lib/python3.10/site-packages/airflow/example_dags/example_params_trigger_ui.py for tasks to queue
[2024-05-12T20:34:40.965+0500] {logging_mixin.py:188} INFO - [2024-05-12T20:34:40.964+0500] {dagbag.py:545} INFO - Filling up the DagBag from /home/awahab02/mlops_assignment_2/myenv/lib/python3.10/site-packages/airflow/example_dags/example_params_trigger_ui.py
[2024-05-12T20:34:40.976+0500] {processor.py:840} INFO - DAG(s) 'example_params_trigger_ui' retrieved from /home/awahab02/mlops_assignment_2/myenv/lib/python3.10/site-packages/airflow/example_dags/example_params_trigger_ui.py
[2024-05-12T20:34:41.012+0500] {logging_mixin.py:188} INFO - [2024-05-12T20:34:41.012+0500] {dag.py:3096} INFO - Sync 1 DAGs
[2024-05-12T20:34:41.021+0500] {logging_mixin.py:188} INFO - [2024-05-12T20:34:41.021+0500] {dag.py:3954} INFO - Setting next_dagrun for example_params_trigger_ui to None, run_after=None
[2024-05-12T20:34:41.047+0500] {processor.py:183} INFO - Processing /home/awahab02/mlops_assignment_2/myenv/lib/python3.10/site-packages/airflow/example_dags/example_params_trigger_ui.py took 0.090 seconds
[2024-05-12T20:35:33.962+0500] {processor.py:161} INFO - Started process (PID=14871) to work on /home/awahab02/mlops_assignment_2/myenv/lib/python3.10/site-packages/airflow/example_dags/example_params_trigger_ui.py
[2024-05-12T20:35:34.007+0500] {processor.py:830} INFO - Processing file /home/awahab02/mlops_assignment_2/myenv/lib/python3.10/site-packages/airflow/example_dags/example_params_trigger_ui.py for tasks to queue
[2024-05-12T20:35:34.008+0500] {logging_mixin.py:188} INFO - [2024-05-12T20:35:34.008+0500] {dagbag.py:545} INFO - Filling up the DagBag from /home/awahab02/mlops_assignment_2/myenv/lib/python3.10/site-packages/airflow/example_dags/example_params_trigger_ui.py
[2024-05-12T20:35:34.019+0500] {processor.py:840} INFO - DAG(s) 'example_params_trigger_ui' retrieved from /home/awahab02/mlops_assignment_2/myenv/lib/python3.10/site-packages/airflow/example_dags/example_params_trigger_ui.py
[2024-05-12T20:35:34.053+0500] {logging_mixin.py:188} INFO - [2024-05-12T20:35:34.053+0500] {dag.py:3096} INFO - Sync 1 DAGs
[2024-05-12T20:35:34.062+0500] {logging_mixin.py:188} INFO - [2024-05-12T20:35:34.062+0500] {dag.py:3954} INFO - Setting next_dagrun for example_params_trigger_ui to None, run_after=None
[2024-05-12T20:35:34.087+0500] {processor.py:183} INFO - Processing /home/awahab02/mlops_assignment_2/myenv/lib/python3.10/site-packages/airflow/example_dags/example_params_trigger_ui.py took 0.131 seconds
[2024-05-12T20:36:27.617+0500] {processor.py:161} INFO - Started process (PID=15145) to work on /home/awahab02/mlops_assignment_2/myenv/lib/python3.10/site-packages/airflow/example_dags/example_params_trigger_ui.py
[2024-05-12T20:36:27.652+0500] {processor.py:830} INFO - Processing file /home/awahab02/mlops_assignment_2/myenv/lib/python3.10/site-packages/airflow/example_dags/example_params_trigger_ui.py for tasks to queue
[2024-05-12T20:36:27.653+0500] {logging_mixin.py:188} INFO - [2024-05-12T20:36:27.652+0500] {dagbag.py:545} INFO - Filling up the DagBag from /home/awahab02/mlops_assignment_2/myenv/lib/python3.10/site-packages/airflow/example_dags/example_params_trigger_ui.py
[2024-05-12T20:36:27.664+0500] {processor.py:840} INFO - DAG(s) 'example_params_trigger_ui' retrieved from /home/awahab02/mlops_assignment_2/myenv/lib/python3.10/site-packages/airflow/example_dags/example_params_trigger_ui.py
[2024-05-12T20:36:27.695+0500] {logging_mixin.py:188} INFO - [2024-05-12T20:36:27.695+0500] {dag.py:3096} INFO - Sync 1 DAGs
[2024-05-12T20:36:27.704+0500] {logging_mixin.py:188} INFO - [2024-05-12T20:36:27.703+0500] {dag.py:3954} INFO - Setting next_dagrun for example_params_trigger_ui to None, run_after=None
[2024-05-12T20:36:27.728+0500] {processor.py:183} INFO - Processing /home/awahab02/mlops_assignment_2/myenv/lib/python3.10/site-packages/airflow/example_dags/example_params_trigger_ui.py took 0.117 seconds
[2024-05-12T20:39:14.453+0500] {processor.py:161} INFO - Started process (PID=16402) to work on /home/awahab02/mlops_assignment_2/myenv/lib/python3.10/site-packages/airflow/example_dags/example_params_trigger_ui.py
[2024-05-12T20:39:14.454+0500] {processor.py:830} INFO - Processing file /home/awahab02/mlops_assignment_2/myenv/lib/python3.10/site-packages/airflow/example_dags/example_params_trigger_ui.py for tasks to queue
[2024-05-12T20:39:14.455+0500] {logging_mixin.py:188} INFO - [2024-05-12T20:39:14.455+0500] {dagbag.py:545} INFO - Filling up the DagBag from /home/awahab02/mlops_assignment_2/myenv/lib/python3.10/site-packages/airflow/example_dags/example_params_trigger_ui.py
[2024-05-12T20:39:14.468+0500] {processor.py:840} INFO - DAG(s) 'example_params_trigger_ui' retrieved from /home/awahab02/mlops_assignment_2/myenv/lib/python3.10/site-packages/airflow/example_dags/example_params_trigger_ui.py
[2024-05-12T20:39:14.514+0500] {logging_mixin.py:188} INFO - [2024-05-12T20:39:14.513+0500] {dag.py:3096} INFO - Sync 1 DAGs
[2024-05-12T20:39:14.529+0500] {logging_mixin.py:188} INFO - [2024-05-12T20:39:14.528+0500] {dag.py:3954} INFO - Setting next_dagrun for example_params_trigger_ui to None, run_after=None
[2024-05-12T20:39:14.566+0500] {processor.py:183} INFO - Processing /home/awahab02/mlops_assignment_2/myenv/lib/python3.10/site-packages/airflow/example_dags/example_params_trigger_ui.py took 0.120 seconds
[2024-05-12T20:40:07.366+0500] {processor.py:161} INFO - Started process (PID=16731) to work on /home/awahab02/mlops_assignment_2/myenv/lib/python3.10/site-packages/airflow/example_dags/example_params_trigger_ui.py
[2024-05-12T20:40:07.368+0500] {processor.py:830} INFO - Processing file /home/awahab02/mlops_assignment_2/myenv/lib/python3.10/site-packages/airflow/example_dags/example_params_trigger_ui.py for tasks to queue
[2024-05-12T20:40:07.369+0500] {logging_mixin.py:188} INFO - [2024-05-12T20:40:07.368+0500] {dagbag.py:545} INFO - Filling up the DagBag from /home/awahab02/mlops_assignment_2/myenv/lib/python3.10/site-packages/airflow/example_dags/example_params_trigger_ui.py
[2024-05-12T20:40:07.387+0500] {processor.py:840} INFO - DAG(s) 'example_params_trigger_ui' retrieved from /home/awahab02/mlops_assignment_2/myenv/lib/python3.10/site-packages/airflow/example_dags/example_params_trigger_ui.py
[2024-05-12T20:40:07.428+0500] {logging_mixin.py:188} INFO - [2024-05-12T20:40:07.428+0500] {dag.py:3096} INFO - Sync 1 DAGs
[2024-05-12T20:40:07.438+0500] {logging_mixin.py:188} INFO - [2024-05-12T20:40:07.438+0500] {dag.py:3954} INFO - Setting next_dagrun for example_params_trigger_ui to None, run_after=None
[2024-05-12T20:40:07.474+0500] {processor.py:183} INFO - Processing /home/awahab02/mlops_assignment_2/myenv/lib/python3.10/site-packages/airflow/example_dags/example_params_trigger_ui.py took 0.115 seconds
[2024-05-12T20:40:59.153+0500] {processor.py:161} INFO - Started process (PID=17102) to work on /home/awahab02/mlops_assignment_2/myenv/lib/python3.10/site-packages/airflow/example_dags/example_params_trigger_ui.py
[2024-05-12T20:40:59.155+0500] {processor.py:830} INFO - Processing file /home/awahab02/mlops_assignment_2/myenv/lib/python3.10/site-packages/airflow/example_dags/example_params_trigger_ui.py for tasks to queue
[2024-05-12T20:40:59.156+0500] {logging_mixin.py:188} INFO - [2024-05-12T20:40:59.156+0500] {dagbag.py:545} INFO - Filling up the DagBag from /home/awahab02/mlops_assignment_2/myenv/lib/python3.10/site-packages/airflow/example_dags/example_params_trigger_ui.py
[2024-05-12T20:40:59.169+0500] {processor.py:840} INFO - DAG(s) 'example_params_trigger_ui' retrieved from /home/awahab02/mlops_assignment_2/myenv/lib/python3.10/site-packages/airflow/example_dags/example_params_trigger_ui.py
[2024-05-12T20:40:59.201+0500] {logging_mixin.py:188} INFO - [2024-05-12T20:40:59.201+0500] {dag.py:3096} INFO - Sync 1 DAGs
[2024-05-12T20:40:59.209+0500] {logging_mixin.py:188} INFO - [2024-05-12T20:40:59.209+0500] {dag.py:3954} INFO - Setting next_dagrun for example_params_trigger_ui to None, run_after=None
[2024-05-12T20:40:59.234+0500] {processor.py:183} INFO - Processing /home/awahab02/mlops_assignment_2/myenv/lib/python3.10/site-packages/airflow/example_dags/example_params_trigger_ui.py took 0.089 seconds
[2024-05-12T20:42:04.461+0500] {processor.py:161} INFO - Started process (PID=17508) to work on /home/awahab02/mlops_assignment_2/myenv/lib/python3.10/site-packages/airflow/example_dags/example_params_trigger_ui.py
[2024-05-12T20:42:04.494+0500] {processor.py:830} INFO - Processing file /home/awahab02/mlops_assignment_2/myenv/lib/python3.10/site-packages/airflow/example_dags/example_params_trigger_ui.py for tasks to queue
[2024-05-12T20:42:04.495+0500] {logging_mixin.py:188} INFO - [2024-05-12T20:42:04.494+0500] {dagbag.py:545} INFO - Filling up the DagBag from /home/awahab02/mlops_assignment_2/myenv/lib/python3.10/site-packages/airflow/example_dags/example_params_trigger_ui.py
[2024-05-12T20:42:04.506+0500] {processor.py:840} INFO - DAG(s) 'example_params_trigger_ui' retrieved from /home/awahab02/mlops_assignment_2/myenv/lib/python3.10/site-packages/airflow/example_dags/example_params_trigger_ui.py
[2024-05-12T20:42:04.538+0500] {logging_mixin.py:188} INFO - [2024-05-12T20:42:04.538+0500] {dag.py:3096} INFO - Sync 1 DAGs
[2024-05-12T20:42:04.547+0500] {logging_mixin.py:188} INFO - [2024-05-12T20:42:04.547+0500] {dag.py:3954} INFO - Setting next_dagrun for example_params_trigger_ui to None, run_after=None
[2024-05-12T20:42:04.574+0500] {processor.py:183} INFO - Processing /home/awahab02/mlops_assignment_2/myenv/lib/python3.10/site-packages/airflow/example_dags/example_params_trigger_ui.py took 0.118 seconds
[2024-05-12T20:43:12.525+0500] {processor.py:161} INFO - Started process (PID=18020) to work on /home/awahab02/mlops_assignment_2/myenv/lib/python3.10/site-packages/airflow/example_dags/example_params_trigger_ui.py
[2024-05-12T20:43:12.529+0500] {processor.py:830} INFO - Processing file /home/awahab02/mlops_assignment_2/myenv/lib/python3.10/site-packages/airflow/example_dags/example_params_trigger_ui.py for tasks to queue
[2024-05-12T20:43:12.531+0500] {logging_mixin.py:188} INFO - [2024-05-12T20:43:12.530+0500] {dagbag.py:545} INFO - Filling up the DagBag from /home/awahab02/mlops_assignment_2/myenv/lib/python3.10/site-packages/airflow/example_dags/example_params_trigger_ui.py
[2024-05-12T20:43:12.550+0500] {processor.py:840} INFO - DAG(s) 'example_params_trigger_ui' retrieved from /home/awahab02/mlops_assignment_2/myenv/lib/python3.10/site-packages/airflow/example_dags/example_params_trigger_ui.py
[2024-05-12T20:43:12.605+0500] {logging_mixin.py:188} INFO - [2024-05-12T20:43:12.605+0500] {dag.py:3096} INFO - Sync 1 DAGs
[2024-05-12T20:43:12.618+0500] {logging_mixin.py:188} INFO - [2024-05-12T20:43:12.618+0500] {dag.py:3954} INFO - Setting next_dagrun for example_params_trigger_ui to None, run_after=None
[2024-05-12T20:43:12.665+0500] {processor.py:183} INFO - Processing /home/awahab02/mlops_assignment_2/myenv/lib/python3.10/site-packages/airflow/example_dags/example_params_trigger_ui.py took 0.147 seconds
