[2024-05-12T20:21:01.793+0500] {processor.py:161} INFO - Started process (PID=9459) to work on /home/awahab02/mlops_assignment_2/myenv/lib/python3.10/site-packages/airflow/example_dags/example_branch_operator_decorator.py
[2024-05-12T20:21:01.794+0500] {processor.py:830} INFO - Processing file /home/awahab02/mlops_assignment_2/myenv/lib/python3.10/site-packages/airflow/example_dags/example_branch_operator_decorator.py for tasks to queue
[2024-05-12T20:21:01.796+0500] {logging_mixin.py:188} INFO - [2024-05-12T20:21:01.795+0500] {dagbag.py:545} INFO - Filling up the DagBag from /home/awahab02/mlops_assignment_2/myenv/lib/python3.10/site-packages/airflow/example_dags/example_branch_operator_decorator.py
[2024-05-12T20:21:01.864+0500] {processor.py:842} WARNING - No viable dags retrieved from /home/awahab02/mlops_assignment_2/myenv/lib/python3.10/site-packages/airflow/example_dags/example_branch_operator_decorator.py
[2024-05-12T20:21:01.872+0500] {processor.py:183} INFO - Processing /home/awahab02/mlops_assignment_2/myenv/lib/python3.10/site-packages/airflow/example_dags/example_branch_operator_decorator.py took 0.087 seconds
[2024-05-12T20:21:55.333+0500] {processor.py:161} INFO - Started process (PID=9669) to work on /home/awahab02/mlops_assignment_2/myenv/lib/python3.10/site-packages/airflow/example_dags/example_branch_operator_decorator.py
[2024-05-12T20:21:55.358+0500] {processor.py:830} INFO - Processing file /home/awahab02/mlops_assignment_2/myenv/lib/python3.10/site-packages/airflow/example_dags/example_branch_operator_decorator.py for tasks to queue
[2024-05-12T20:21:55.359+0500] {logging_mixin.py:188} INFO - [2024-05-12T20:21:55.359+0500] {dagbag.py:545} INFO - Filling up the DagBag from /home/awahab02/mlops_assignment_2/myenv/lib/python3.10/site-packages/airflow/example_dags/example_branch_operator_decorator.py
[2024-05-12T20:21:55.422+0500] {processor.py:842} WARNING - No viable dags retrieved from /home/awahab02/mlops_assignment_2/myenv/lib/python3.10/site-packages/airflow/example_dags/example_branch_operator_decorator.py
[2024-05-12T20:21:55.430+0500] {processor.py:183} INFO - Processing /home/awahab02/mlops_assignment_2/myenv/lib/python3.10/site-packages/airflow/example_dags/example_branch_operator_decorator.py took 0.102 seconds
[2024-05-12T20:22:53.915+0500] {processor.py:161} INFO - Started process (PID=9950) to work on /home/awahab02/mlops_assignment_2/myenv/lib/python3.10/site-packages/airflow/example_dags/example_branch_operator_decorator.py
[2024-05-12T20:22:53.948+0500] {processor.py:830} INFO - Processing file /home/awahab02/mlops_assignment_2/myenv/lib/python3.10/site-packages/airflow/example_dags/example_branch_operator_decorator.py for tasks to queue
[2024-05-12T20:22:53.950+0500] {logging_mixin.py:188} INFO - [2024-05-12T20:22:53.949+0500] {dagbag.py:545} INFO - Filling up the DagBag from /home/awahab02/mlops_assignment_2/myenv/lib/python3.10/site-packages/airflow/example_dags/example_branch_operator_decorator.py
[2024-05-12T20:22:53.998+0500] {processor.py:842} WARNING - No viable dags retrieved from /home/awahab02/mlops_assignment_2/myenv/lib/python3.10/site-packages/airflow/example_dags/example_branch_operator_decorator.py
[2024-05-12T20:22:54.007+0500] {processor.py:183} INFO - Processing /home/awahab02/mlops_assignment_2/myenv/lib/python3.10/site-packages/airflow/example_dags/example_branch_operator_decorator.py took 0.099 seconds
[2024-05-12T20:23:54.417+0500] {processor.py:161} INFO - Started process (PID=10465) to work on /home/awahab02/mlops_assignment_2/myenv/lib/python3.10/site-packages/airflow/example_dags/example_branch_operator_decorator.py
[2024-05-12T20:23:54.455+0500] {processor.py:830} INFO - Processing file /home/awahab02/mlops_assignment_2/myenv/lib/python3.10/site-packages/airflow/example_dags/example_branch_operator_decorator.py for tasks to queue
[2024-05-12T20:23:54.457+0500] {logging_mixin.py:188} INFO - [2024-05-12T20:23:54.456+0500] {dagbag.py:545} INFO - Filling up the DagBag from /home/awahab02/mlops_assignment_2/myenv/lib/python3.10/site-packages/airflow/example_dags/example_branch_operator_decorator.py
[2024-05-12T20:23:54.518+0500] {processor.py:842} WARNING - No viable dags retrieved from /home/awahab02/mlops_assignment_2/myenv/lib/python3.10/site-packages/airflow/example_dags/example_branch_operator_decorator.py
[2024-05-12T20:23:54.526+0500] {processor.py:183} INFO - Processing /home/awahab02/mlops_assignment_2/myenv/lib/python3.10/site-packages/airflow/example_dags/example_branch_operator_decorator.py took 0.114 seconds
[2024-05-12T20:24:53.188+0500] {processor.py:161} INFO - Started process (PID=10736) to work on /home/awahab02/mlops_assignment_2/myenv/lib/python3.10/site-packages/airflow/example_dags/example_branch_operator_decorator.py
[2024-05-12T20:24:53.190+0500] {processor.py:830} INFO - Processing file /home/awahab02/mlops_assignment_2/myenv/lib/python3.10/site-packages/airflow/example_dags/example_branch_operator_decorator.py for tasks to queue
[2024-05-12T20:24:53.193+0500] {logging_mixin.py:188} INFO - [2024-05-12T20:24:53.192+0500] {dagbag.py:545} INFO - Filling up the DagBag from /home/awahab02/mlops_assignment_2/myenv/lib/python3.10/site-packages/airflow/example_dags/example_branch_operator_decorator.py
[2024-05-12T20:24:53.254+0500] {processor.py:842} WARNING - No viable dags retrieved from /home/awahab02/mlops_assignment_2/myenv/lib/python3.10/site-packages/airflow/example_dags/example_branch_operator_decorator.py
[2024-05-12T20:24:53.264+0500] {processor.py:183} INFO - Processing /home/awahab02/mlops_assignment_2/myenv/lib/python3.10/site-packages/airflow/example_dags/example_branch_operator_decorator.py took 0.081 seconds
[2024-05-12T20:25:43.207+0500] {processor.py:161} INFO - Started process (PID=11011) to work on /home/awahab02/mlops_assignment_2/myenv/lib/python3.10/site-packages/airflow/example_dags/example_branch_operator_decorator.py
[2024-05-12T20:25:43.208+0500] {processor.py:830} INFO - Processing file /home/awahab02/mlops_assignment_2/myenv/lib/python3.10/site-packages/airflow/example_dags/example_branch_operator_decorator.py for tasks to queue
[2024-05-12T20:25:43.209+0500] {logging_mixin.py:188} INFO - [2024-05-12T20:25:43.209+0500] {dagbag.py:545} INFO - Filling up the DagBag from /home/awahab02/mlops_assignment_2/myenv/lib/python3.10/site-packages/airflow/example_dags/example_branch_operator_decorator.py
[2024-05-12T20:25:43.271+0500] {processor.py:842} WARNING - No viable dags retrieved from /home/awahab02/mlops_assignment_2/myenv/lib/python3.10/site-packages/airflow/example_dags/example_branch_operator_decorator.py
[2024-05-12T20:25:43.278+0500] {processor.py:183} INFO - Processing /home/awahab02/mlops_assignment_2/myenv/lib/python3.10/site-packages/airflow/example_dags/example_branch_operator_decorator.py took 0.078 seconds
[2024-05-12T20:26:46.907+0500] {processor.py:161} INFO - Started process (PID=11414) to work on /home/awahab02/mlops_assignment_2/myenv/lib/python3.10/site-packages/airflow/example_dags/example_branch_operator_decorator.py
[2024-05-12T20:26:46.939+0500] {processor.py:830} INFO - Processing file /home/awahab02/mlops_assignment_2/myenv/lib/python3.10/site-packages/airflow/example_dags/example_branch_operator_decorator.py for tasks to queue
[2024-05-12T20:26:46.941+0500] {logging_mixin.py:188} INFO - [2024-05-12T20:26:46.940+0500] {dagbag.py:545} INFO - Filling up the DagBag from /home/awahab02/mlops_assignment_2/myenv/lib/python3.10/site-packages/airflow/example_dags/example_branch_operator_decorator.py
[2024-05-12T20:26:47.005+0500] {processor.py:842} WARNING - No viable dags retrieved from /home/awahab02/mlops_assignment_2/myenv/lib/python3.10/site-packages/airflow/example_dags/example_branch_operator_decorator.py
[2024-05-12T20:26:47.013+0500] {processor.py:183} INFO - Processing /home/awahab02/mlops_assignment_2/myenv/lib/python3.10/site-packages/airflow/example_dags/example_branch_operator_decorator.py took 0.110 seconds
[2024-05-12T20:28:06.006+0500] {processor.py:161} INFO - Started process (PID=12043) to work on /home/awahab02/mlops_assignment_2/myenv/lib/python3.10/site-packages/airflow/example_dags/example_branch_operator_decorator.py
[2024-05-12T20:28:06.031+0500] {processor.py:830} INFO - Processing file /home/awahab02/mlops_assignment_2/myenv/lib/python3.10/site-packages/airflow/example_dags/example_branch_operator_decorator.py for tasks to queue
[2024-05-12T20:28:06.033+0500] {logging_mixin.py:188} INFO - [2024-05-12T20:28:06.033+0500] {dagbag.py:545} INFO - Filling up the DagBag from /home/awahab02/mlops_assignment_2/myenv/lib/python3.10/site-packages/airflow/example_dags/example_branch_operator_decorator.py
[2024-05-12T20:28:06.098+0500] {processor.py:842} WARNING - No viable dags retrieved from /home/awahab02/mlops_assignment_2/myenv/lib/python3.10/site-packages/airflow/example_dags/example_branch_operator_decorator.py
[2024-05-12T20:28:06.107+0500] {processor.py:183} INFO - Processing /home/awahab02/mlops_assignment_2/myenv/lib/python3.10/site-packages/airflow/example_dags/example_branch_operator_decorator.py took 0.105 seconds
[2024-05-12T20:28:57.946+0500] {processor.py:161} INFO - Started process (PID=12296) to work on /home/awahab02/mlops_assignment_2/myenv/lib/python3.10/site-packages/airflow/example_dags/example_branch_operator_decorator.py
[2024-05-12T20:28:57.986+0500] {processor.py:830} INFO - Processing file /home/awahab02/mlops_assignment_2/myenv/lib/python3.10/site-packages/airflow/example_dags/example_branch_operator_decorator.py for tasks to queue
[2024-05-12T20:28:57.987+0500] {logging_mixin.py:188} INFO - [2024-05-12T20:28:57.987+0500] {dagbag.py:545} INFO - Filling up the DagBag from /home/awahab02/mlops_assignment_2/myenv/lib/python3.10/site-packages/airflow/example_dags/example_branch_operator_decorator.py
[2024-05-12T20:28:58.037+0500] {processor.py:842} WARNING - No viable dags retrieved from /home/awahab02/mlops_assignment_2/myenv/lib/python3.10/site-packages/airflow/example_dags/example_branch_operator_decorator.py
[2024-05-12T20:28:58.044+0500] {processor.py:183} INFO - Processing /home/awahab02/mlops_assignment_2/myenv/lib/python3.10/site-packages/airflow/example_dags/example_branch_operator_decorator.py took 0.104 seconds
[2024-05-12T20:29:51.552+0500] {processor.py:161} INFO - Started process (PID=12601) to work on /home/awahab02/mlops_assignment_2/myenv/lib/python3.10/site-packages/airflow/example_dags/example_branch_operator_decorator.py
[2024-05-12T20:29:51.554+0500] {processor.py:830} INFO - Processing file /home/awahab02/mlops_assignment_2/myenv/lib/python3.10/site-packages/airflow/example_dags/example_branch_operator_decorator.py for tasks to queue
[2024-05-12T20:29:51.557+0500] {logging_mixin.py:188} INFO - [2024-05-12T20:29:51.556+0500] {dagbag.py:545} INFO - Filling up the DagBag from /home/awahab02/mlops_assignment_2/myenv/lib/python3.10/site-packages/airflow/example_dags/example_branch_operator_decorator.py
[2024-05-12T20:29:51.630+0500] {processor.py:842} WARNING - No viable dags retrieved from /home/awahab02/mlops_assignment_2/myenv/lib/python3.10/site-packages/airflow/example_dags/example_branch_operator_decorator.py
[2024-05-12T20:29:51.638+0500] {processor.py:183} INFO - Processing /home/awahab02/mlops_assignment_2/myenv/lib/python3.10/site-packages/airflow/example_dags/example_branch_operator_decorator.py took 0.092 seconds
[2024-05-12T20:31:11.500+0500] {processor.py:161} INFO - Started process (PID=13201) to work on /home/awahab02/mlops_assignment_2/myenv/lib/python3.10/site-packages/airflow/example_dags/example_branch_operator_decorator.py
[2024-05-12T20:31:11.534+0500] {processor.py:830} INFO - Processing file /home/awahab02/mlops_assignment_2/myenv/lib/python3.10/site-packages/airflow/example_dags/example_branch_operator_decorator.py for tasks to queue
[2024-05-12T20:31:11.536+0500] {logging_mixin.py:188} INFO - [2024-05-12T20:31:11.536+0500] {dagbag.py:545} INFO - Filling up the DagBag from /home/awahab02/mlops_assignment_2/myenv/lib/python3.10/site-packages/airflow/example_dags/example_branch_operator_decorator.py
[2024-05-12T20:31:11.603+0500] {processor.py:842} WARNING - No viable dags retrieved from /home/awahab02/mlops_assignment_2/myenv/lib/python3.10/site-packages/airflow/example_dags/example_branch_operator_decorator.py
[2024-05-12T20:31:11.610+0500] {processor.py:183} INFO - Processing /home/awahab02/mlops_assignment_2/myenv/lib/python3.10/site-packages/airflow/example_dags/example_branch_operator_decorator.py took 0.116 seconds
[2024-05-12T20:32:16.873+0500] {processor.py:161} INFO - Started process (PID=13522) to work on /home/awahab02/mlops_assignment_2/myenv/lib/python3.10/site-packages/airflow/example_dags/example_branch_operator_decorator.py
[2024-05-12T20:32:16.898+0500] {processor.py:830} INFO - Processing file /home/awahab02/mlops_assignment_2/myenv/lib/python3.10/site-packages/airflow/example_dags/example_branch_operator_decorator.py for tasks to queue
[2024-05-12T20:32:16.899+0500] {logging_mixin.py:188} INFO - [2024-05-12T20:32:16.899+0500] {dagbag.py:545} INFO - Filling up the DagBag from /home/awahab02/mlops_assignment_2/myenv/lib/python3.10/site-packages/airflow/example_dags/example_branch_operator_decorator.py
[2024-05-12T20:32:16.964+0500] {processor.py:842} WARNING - No viable dags retrieved from /home/awahab02/mlops_assignment_2/myenv/lib/python3.10/site-packages/airflow/example_dags/example_branch_operator_decorator.py
[2024-05-12T20:32:16.972+0500] {processor.py:183} INFO - Processing /home/awahab02/mlops_assignment_2/myenv/lib/python3.10/site-packages/airflow/example_dags/example_branch_operator_decorator.py took 0.104 seconds
[2024-05-12T20:34:46.118+0500] {processor.py:161} INFO - Started process (PID=14611) to work on /home/awahab02/mlops_assignment_2/myenv/lib/python3.10/site-packages/airflow/example_dags/example_branch_operator_decorator.py
[2024-05-12T20:34:46.119+0500] {processor.py:830} INFO - Processing file /home/awahab02/mlops_assignment_2/myenv/lib/python3.10/site-packages/airflow/example_dags/example_branch_operator_decorator.py for tasks to queue
[2024-05-12T20:34:46.120+0500] {logging_mixin.py:188} INFO - [2024-05-12T20:34:46.120+0500] {dagbag.py:545} INFO - Filling up the DagBag from /home/awahab02/mlops_assignment_2/myenv/lib/python3.10/site-packages/airflow/example_dags/example_branch_operator_decorator.py
[2024-05-12T20:34:46.180+0500] {processor.py:842} WARNING - No viable dags retrieved from /home/awahab02/mlops_assignment_2/myenv/lib/python3.10/site-packages/airflow/example_dags/example_branch_operator_decorator.py
[2024-05-12T20:34:46.190+0500] {processor.py:183} INFO - Processing /home/awahab02/mlops_assignment_2/myenv/lib/python3.10/site-packages/airflow/example_dags/example_branch_operator_decorator.py took 0.077 seconds
[2024-05-12T20:35:39.208+0500] {processor.py:161} INFO - Started process (PID=14894) to work on /home/awahab02/mlops_assignment_2/myenv/lib/python3.10/site-packages/airflow/example_dags/example_branch_operator_decorator.py
[2024-05-12T20:35:39.248+0500] {processor.py:830} INFO - Processing file /home/awahab02/mlops_assignment_2/myenv/lib/python3.10/site-packages/airflow/example_dags/example_branch_operator_decorator.py for tasks to queue
[2024-05-12T20:35:39.249+0500] {logging_mixin.py:188} INFO - [2024-05-12T20:35:39.249+0500] {dagbag.py:545} INFO - Filling up the DagBag from /home/awahab02/mlops_assignment_2/myenv/lib/python3.10/site-packages/airflow/example_dags/example_branch_operator_decorator.py
[2024-05-12T20:35:39.380+0500] {processor.py:842} WARNING - No viable dags retrieved from /home/awahab02/mlops_assignment_2/myenv/lib/python3.10/site-packages/airflow/example_dags/example_branch_operator_decorator.py
[2024-05-12T20:35:39.391+0500] {processor.py:183} INFO - Processing /home/awahab02/mlops_assignment_2/myenv/lib/python3.10/site-packages/airflow/example_dags/example_branch_operator_decorator.py took 0.189 seconds
[2024-05-12T20:36:47.654+0500] {processor.py:161} INFO - Started process (PID=15234) to work on /home/awahab02/mlops_assignment_2/myenv/lib/python3.10/site-packages/airflow/example_dags/example_branch_operator_decorator.py
[2024-05-12T20:36:47.681+0500] {processor.py:830} INFO - Processing file /home/awahab02/mlops_assignment_2/myenv/lib/python3.10/site-packages/airflow/example_dags/example_branch_operator_decorator.py for tasks to queue
[2024-05-12T20:36:47.682+0500] {logging_mixin.py:188} INFO - [2024-05-12T20:36:47.682+0500] {dagbag.py:545} INFO - Filling up the DagBag from /home/awahab02/mlops_assignment_2/myenv/lib/python3.10/site-packages/airflow/example_dags/example_branch_operator_decorator.py
[2024-05-12T20:36:47.736+0500] {processor.py:842} WARNING - No viable dags retrieved from /home/awahab02/mlops_assignment_2/myenv/lib/python3.10/site-packages/airflow/example_dags/example_branch_operator_decorator.py
[2024-05-12T20:36:47.745+0500] {processor.py:183} INFO - Processing /home/awahab02/mlops_assignment_2/myenv/lib/python3.10/site-packages/airflow/example_dags/example_branch_operator_decorator.py took 0.096 seconds
[2024-05-12T20:39:19.698+0500] {processor.py:161} INFO - Started process (PID=16422) to work on /home/awahab02/mlops_assignment_2/myenv/lib/python3.10/site-packages/airflow/example_dags/example_branch_operator_decorator.py
[2024-05-12T20:39:19.723+0500] {processor.py:830} INFO - Processing file /home/awahab02/mlops_assignment_2/myenv/lib/python3.10/site-packages/airflow/example_dags/example_branch_operator_decorator.py for tasks to queue
[2024-05-12T20:39:19.724+0500] {logging_mixin.py:188} INFO - [2024-05-12T20:39:19.724+0500] {dagbag.py:545} INFO - Filling up the DagBag from /home/awahab02/mlops_assignment_2/myenv/lib/python3.10/site-packages/airflow/example_dags/example_branch_operator_decorator.py
[2024-05-12T20:39:19.786+0500] {processor.py:842} WARNING - No viable dags retrieved from /home/awahab02/mlops_assignment_2/myenv/lib/python3.10/site-packages/airflow/example_dags/example_branch_operator_decorator.py
[2024-05-12T20:39:19.794+0500] {processor.py:183} INFO - Processing /home/awahab02/mlops_assignment_2/myenv/lib/python3.10/site-packages/airflow/example_dags/example_branch_operator_decorator.py took 0.101 seconds
[2024-05-12T20:40:12.613+0500] {processor.py:161} INFO - Started process (PID=16762) to work on /home/awahab02/mlops_assignment_2/myenv/lib/python3.10/site-packages/airflow/example_dags/example_branch_operator_decorator.py
[2024-05-12T20:40:12.649+0500] {processor.py:830} INFO - Processing file /home/awahab02/mlops_assignment_2/myenv/lib/python3.10/site-packages/airflow/example_dags/example_branch_operator_decorator.py for tasks to queue
[2024-05-12T20:40:12.650+0500] {logging_mixin.py:188} INFO - [2024-05-12T20:40:12.649+0500] {dagbag.py:545} INFO - Filling up the DagBag from /home/awahab02/mlops_assignment_2/myenv/lib/python3.10/site-packages/airflow/example_dags/example_branch_operator_decorator.py
[2024-05-12T20:40:12.718+0500] {processor.py:842} WARNING - No viable dags retrieved from /home/awahab02/mlops_assignment_2/myenv/lib/python3.10/site-packages/airflow/example_dags/example_branch_operator_decorator.py
[2024-05-12T20:40:12.726+0500] {processor.py:183} INFO - Processing /home/awahab02/mlops_assignment_2/myenv/lib/python3.10/site-packages/airflow/example_dags/example_branch_operator_decorator.py took 0.119 seconds
[2024-05-12T20:41:19.828+0500] {processor.py:161} INFO - Started process (PID=17203) to work on /home/awahab02/mlops_assignment_2/myenv/lib/python3.10/site-packages/airflow/example_dags/example_branch_operator_decorator.py
[2024-05-12T20:41:19.865+0500] {processor.py:830} INFO - Processing file /home/awahab02/mlops_assignment_2/myenv/lib/python3.10/site-packages/airflow/example_dags/example_branch_operator_decorator.py for tasks to queue
[2024-05-12T20:41:19.868+0500] {logging_mixin.py:188} INFO - [2024-05-12T20:41:19.867+0500] {dagbag.py:545} INFO - Filling up the DagBag from /home/awahab02/mlops_assignment_2/myenv/lib/python3.10/site-packages/airflow/example_dags/example_branch_operator_decorator.py
[2024-05-12T20:41:19.948+0500] {processor.py:842} WARNING - No viable dags retrieved from /home/awahab02/mlops_assignment_2/myenv/lib/python3.10/site-packages/airflow/example_dags/example_branch_operator_decorator.py
[2024-05-12T20:41:19.956+0500] {processor.py:183} INFO - Processing /home/awahab02/mlops_assignment_2/myenv/lib/python3.10/site-packages/airflow/example_dags/example_branch_operator_decorator.py took 0.133 seconds
[2024-05-12T20:42:26.187+0500] {processor.py:161} INFO - Started process (PID=17650) to work on /home/awahab02/mlops_assignment_2/myenv/lib/python3.10/site-packages/airflow/example_dags/example_branch_operator_decorator.py
[2024-05-12T20:42:26.231+0500] {processor.py:830} INFO - Processing file /home/awahab02/mlops_assignment_2/myenv/lib/python3.10/site-packages/airflow/example_dags/example_branch_operator_decorator.py for tasks to queue
[2024-05-12T20:42:26.232+0500] {logging_mixin.py:188} INFO - [2024-05-12T20:42:26.231+0500] {dagbag.py:545} INFO - Filling up the DagBag from /home/awahab02/mlops_assignment_2/myenv/lib/python3.10/site-packages/airflow/example_dags/example_branch_operator_decorator.py
[2024-05-12T20:42:26.283+0500] {processor.py:842} WARNING - No viable dags retrieved from /home/awahab02/mlops_assignment_2/myenv/lib/python3.10/site-packages/airflow/example_dags/example_branch_operator_decorator.py
[2024-05-12T20:42:26.291+0500] {processor.py:183} INFO - Processing /home/awahab02/mlops_assignment_2/myenv/lib/python3.10/site-packages/airflow/example_dags/example_branch_operator_decorator.py took 0.109 seconds
[2024-05-12T20:43:33.119+0500] {processor.py:161} INFO - Started process (PID=18107) to work on /home/awahab02/mlops_assignment_2/myenv/lib/python3.10/site-packages/airflow/example_dags/example_branch_operator_decorator.py
[2024-05-12T20:43:33.147+0500] {processor.py:830} INFO - Processing file /home/awahab02/mlops_assignment_2/myenv/lib/python3.10/site-packages/airflow/example_dags/example_branch_operator_decorator.py for tasks to queue
[2024-05-12T20:43:33.148+0500] {logging_mixin.py:188} INFO - [2024-05-12T20:43:33.147+0500] {dagbag.py:545} INFO - Filling up the DagBag from /home/awahab02/mlops_assignment_2/myenv/lib/python3.10/site-packages/airflow/example_dags/example_branch_operator_decorator.py
[2024-05-12T20:43:33.210+0500] {processor.py:842} WARNING - No viable dags retrieved from /home/awahab02/mlops_assignment_2/myenv/lib/python3.10/site-packages/airflow/example_dags/example_branch_operator_decorator.py
[2024-05-12T20:43:33.219+0500] {processor.py:183} INFO - Processing /home/awahab02/mlops_assignment_2/myenv/lib/python3.10/site-packages/airflow/example_dags/example_branch_operator_decorator.py took 0.105 seconds
