[2024-05-12T20:21:12.776+0500] {processor.py:161} INFO - Started process (PID=9498) to work on /home/awahab02/mlops_assignment_2/myenv/lib/python3.10/site-packages/airflow/example_dags/example_dynamic_task_mapping_with_no_taskflow_operators.py
[2024-05-12T20:21:12.777+0500] {processor.py:830} INFO - Processing file /home/awahab02/mlops_assignment_2/myenv/lib/python3.10/site-packages/airflow/example_dags/example_dynamic_task_mapping_with_no_taskflow_operators.py for tasks to queue
[2024-05-12T20:21:12.779+0500] {logging_mixin.py:188} INFO - [2024-05-12T20:21:12.778+0500] {dagbag.py:545} INFO - Filling up the DagBag from /home/awahab02/mlops_assignment_2/myenv/lib/python3.10/site-packages/airflow/example_dags/example_dynamic_task_mapping_with_no_taskflow_operators.py
[2024-05-12T20:21:12.785+0500] {processor.py:840} INFO - DAG(s) 'example_dynamic_task_mapping_with_no_taskflow_operators' retrieved from /home/awahab02/mlops_assignment_2/myenv/lib/python3.10/site-packages/airflow/example_dags/example_dynamic_task_mapping_with_no_taskflow_operators.py
[2024-05-12T20:21:12.914+0500] {logging_mixin.py:188} INFO - [2024-05-12T20:21:12.913+0500] {override.py:1829} INFO - Created Permission View: can read on DAG:example_dynamic_task_mapping_with_no_taskflow_operators
[2024-05-12T20:21:12.930+0500] {logging_mixin.py:188} INFO - [2024-05-12T20:21:12.929+0500] {override.py:1829} INFO - Created Permission View: can edit on DAG:example_dynamic_task_mapping_with_no_taskflow_operators
[2024-05-12T20:21:12.944+0500] {logging_mixin.py:188} INFO - [2024-05-12T20:21:12.943+0500] {override.py:1829} INFO - Created Permission View: can delete on DAG:example_dynamic_task_mapping_with_no_taskflow_operators
[2024-05-12T20:21:12.944+0500] {logging_mixin.py:188} INFO - [2024-05-12T20:21:12.944+0500] {dag.py:3096} INFO - Sync 1 DAGs
[2024-05-12T20:21:12.952+0500] {logging_mixin.py:188} INFO - [2024-05-12T20:21:12.951+0500] {dag.py:3118} INFO - Creating ORM DAG for example_dynamic_task_mapping_with_no_taskflow_operators
[2024-05-12T20:21:12.958+0500] {logging_mixin.py:188} INFO - [2024-05-12T20:21:12.958+0500] {dag.py:3954} INFO - Setting next_dagrun for example_dynamic_task_mapping_with_no_taskflow_operators to 2024-05-11 00:00:00+00:00, run_after=2024-05-12 00:00:00+00:00
[2024-05-12T20:21:12.984+0500] {processor.py:183} INFO - Processing /home/awahab02/mlops_assignment_2/myenv/lib/python3.10/site-packages/airflow/example_dags/example_dynamic_task_mapping_with_no_taskflow_operators.py took 0.212 seconds
[2024-05-12T20:22:20.750+0500] {processor.py:161} INFO - Started process (PID=9768) to work on /home/awahab02/mlops_assignment_2/myenv/lib/python3.10/site-packages/airflow/example_dags/example_dynamic_task_mapping_with_no_taskflow_operators.py
[2024-05-12T20:22:20.751+0500] {processor.py:830} INFO - Processing file /home/awahab02/mlops_assignment_2/myenv/lib/python3.10/site-packages/airflow/example_dags/example_dynamic_task_mapping_with_no_taskflow_operators.py for tasks to queue
[2024-05-12T20:22:20.753+0500] {logging_mixin.py:188} INFO - [2024-05-12T20:22:20.753+0500] {dagbag.py:545} INFO - Filling up the DagBag from /home/awahab02/mlops_assignment_2/myenv/lib/python3.10/site-packages/airflow/example_dags/example_dynamic_task_mapping_with_no_taskflow_operators.py
[2024-05-12T20:22:20.759+0500] {processor.py:840} INFO - DAG(s) 'example_dynamic_task_mapping_with_no_taskflow_operators' retrieved from /home/awahab02/mlops_assignment_2/myenv/lib/python3.10/site-packages/airflow/example_dags/example_dynamic_task_mapping_with_no_taskflow_operators.py
[2024-05-12T20:22:20.771+0500] {logging_mixin.py:188} INFO - [2024-05-12T20:22:20.771+0500] {dag.py:3096} INFO - Sync 1 DAGs
[2024-05-12T20:22:20.786+0500] {logging_mixin.py:188} INFO - [2024-05-12T20:22:20.786+0500] {dag.py:3954} INFO - Setting next_dagrun for example_dynamic_task_mapping_with_no_taskflow_operators to 2024-05-11 00:00:00+00:00, run_after=2024-05-12 00:00:00+00:00
[2024-05-12T20:22:20.811+0500] {processor.py:183} INFO - Processing /home/awahab02/mlops_assignment_2/myenv/lib/python3.10/site-packages/airflow/example_dags/example_dynamic_task_mapping_with_no_taskflow_operators.py took 0.067 seconds
[2024-05-12T20:23:19.043+0500] {processor.py:161} INFO - Started process (PID=10166) to work on /home/awahab02/mlops_assignment_2/myenv/lib/python3.10/site-packages/airflow/example_dags/example_dynamic_task_mapping_with_no_taskflow_operators.py
[2024-05-12T20:23:19.045+0500] {processor.py:830} INFO - Processing file /home/awahab02/mlops_assignment_2/myenv/lib/python3.10/site-packages/airflow/example_dags/example_dynamic_task_mapping_with_no_taskflow_operators.py for tasks to queue
[2024-05-12T20:23:19.046+0500] {logging_mixin.py:188} INFO - [2024-05-12T20:23:19.046+0500] {dagbag.py:545} INFO - Filling up the DagBag from /home/awahab02/mlops_assignment_2/myenv/lib/python3.10/site-packages/airflow/example_dags/example_dynamic_task_mapping_with_no_taskflow_operators.py
[2024-05-12T20:23:19.052+0500] {processor.py:840} INFO - DAG(s) 'example_dynamic_task_mapping_with_no_taskflow_operators' retrieved from /home/awahab02/mlops_assignment_2/myenv/lib/python3.10/site-packages/airflow/example_dags/example_dynamic_task_mapping_with_no_taskflow_operators.py
[2024-05-12T20:23:19.064+0500] {logging_mixin.py:188} INFO - [2024-05-12T20:23:19.063+0500] {dag.py:3096} INFO - Sync 1 DAGs
[2024-05-12T20:23:19.082+0500] {logging_mixin.py:188} INFO - [2024-05-12T20:23:19.082+0500] {dag.py:3954} INFO - Setting next_dagrun for example_dynamic_task_mapping_with_no_taskflow_operators to 2024-05-11 00:00:00+00:00, run_after=2024-05-12 00:00:00+00:00
[2024-05-12T20:23:19.113+0500] {processor.py:183} INFO - Processing /home/awahab02/mlops_assignment_2/myenv/lib/python3.10/site-packages/airflow/example_dags/example_dynamic_task_mapping_with_no_taskflow_operators.py took 0.075 seconds
[2024-05-12T20:24:20.327+0500] {processor.py:161} INFO - Started process (PID=10576) to work on /home/awahab02/mlops_assignment_2/myenv/lib/python3.10/site-packages/airflow/example_dags/example_dynamic_task_mapping_with_no_taskflow_operators.py
[2024-05-12T20:24:20.354+0500] {processor.py:830} INFO - Processing file /home/awahab02/mlops_assignment_2/myenv/lib/python3.10/site-packages/airflow/example_dags/example_dynamic_task_mapping_with_no_taskflow_operators.py for tasks to queue
[2024-05-12T20:24:20.356+0500] {logging_mixin.py:188} INFO - [2024-05-12T20:24:20.356+0500] {dagbag.py:545} INFO - Filling up the DagBag from /home/awahab02/mlops_assignment_2/myenv/lib/python3.10/site-packages/airflow/example_dags/example_dynamic_task_mapping_with_no_taskflow_operators.py
[2024-05-12T20:24:20.363+0500] {processor.py:840} INFO - DAG(s) 'example_dynamic_task_mapping_with_no_taskflow_operators' retrieved from /home/awahab02/mlops_assignment_2/myenv/lib/python3.10/site-packages/airflow/example_dags/example_dynamic_task_mapping_with_no_taskflow_operators.py
[2024-05-12T20:24:20.377+0500] {logging_mixin.py:188} INFO - [2024-05-12T20:24:20.376+0500] {dag.py:3096} INFO - Sync 1 DAGs
[2024-05-12T20:24:20.392+0500] {logging_mixin.py:188} INFO - [2024-05-12T20:24:20.392+0500] {dag.py:3954} INFO - Setting next_dagrun for example_dynamic_task_mapping_with_no_taskflow_operators to 2024-05-11 00:00:00+00:00, run_after=2024-05-12 00:00:00+00:00
[2024-05-12T20:24:20.418+0500] {processor.py:183} INFO - Processing /home/awahab02/mlops_assignment_2/myenv/lib/python3.10/site-packages/airflow/example_dags/example_dynamic_task_mapping_with_no_taskflow_operators.py took 0.100 seconds
[2024-05-12T20:25:20.147+0500] {processor.py:161} INFO - Started process (PID=10858) to work on /home/awahab02/mlops_assignment_2/myenv/lib/python3.10/site-packages/airflow/example_dags/example_dynamic_task_mapping_with_no_taskflow_operators.py
[2024-05-12T20:25:20.170+0500] {processor.py:830} INFO - Processing file /home/awahab02/mlops_assignment_2/myenv/lib/python3.10/site-packages/airflow/example_dags/example_dynamic_task_mapping_with_no_taskflow_operators.py for tasks to queue
[2024-05-12T20:25:20.172+0500] {logging_mixin.py:188} INFO - [2024-05-12T20:25:20.172+0500] {dagbag.py:545} INFO - Filling up the DagBag from /home/awahab02/mlops_assignment_2/myenv/lib/python3.10/site-packages/airflow/example_dags/example_dynamic_task_mapping_with_no_taskflow_operators.py
[2024-05-12T20:25:20.178+0500] {processor.py:840} INFO - DAG(s) 'example_dynamic_task_mapping_with_no_taskflow_operators' retrieved from /home/awahab02/mlops_assignment_2/myenv/lib/python3.10/site-packages/airflow/example_dags/example_dynamic_task_mapping_with_no_taskflow_operators.py
[2024-05-12T20:25:20.190+0500] {logging_mixin.py:188} INFO - [2024-05-12T20:25:20.190+0500] {dag.py:3096} INFO - Sync 1 DAGs
[2024-05-12T20:25:20.206+0500] {logging_mixin.py:188} INFO - [2024-05-12T20:25:20.206+0500] {dag.py:3954} INFO - Setting next_dagrun for example_dynamic_task_mapping_with_no_taskflow_operators to 2024-05-11 00:00:00+00:00, run_after=2024-05-12 00:00:00+00:00
[2024-05-12T20:25:20.232+0500] {processor.py:183} INFO - Processing /home/awahab02/mlops_assignment_2/myenv/lib/python3.10/site-packages/airflow/example_dags/example_dynamic_task_mapping_with_no_taskflow_operators.py took 0.089 seconds
[2024-05-12T20:26:22.585+0500] {processor.py:161} INFO - Started process (PID=11176) to work on /home/awahab02/mlops_assignment_2/myenv/lib/python3.10/site-packages/airflow/example_dags/example_dynamic_task_mapping_with_no_taskflow_operators.py
[2024-05-12T20:26:22.615+0500] {processor.py:830} INFO - Processing file /home/awahab02/mlops_assignment_2/myenv/lib/python3.10/site-packages/airflow/example_dags/example_dynamic_task_mapping_with_no_taskflow_operators.py for tasks to queue
[2024-05-12T20:26:22.616+0500] {logging_mixin.py:188} INFO - [2024-05-12T20:26:22.616+0500] {dagbag.py:545} INFO - Filling up the DagBag from /home/awahab02/mlops_assignment_2/myenv/lib/python3.10/site-packages/airflow/example_dags/example_dynamic_task_mapping_with_no_taskflow_operators.py
[2024-05-12T20:26:22.622+0500] {processor.py:840} INFO - DAG(s) 'example_dynamic_task_mapping_with_no_taskflow_operators' retrieved from /home/awahab02/mlops_assignment_2/myenv/lib/python3.10/site-packages/airflow/example_dags/example_dynamic_task_mapping_with_no_taskflow_operators.py
[2024-05-12T20:26:22.634+0500] {logging_mixin.py:188} INFO - [2024-05-12T20:26:22.634+0500] {dag.py:3096} INFO - Sync 1 DAGs
[2024-05-12T20:26:22.650+0500] {logging_mixin.py:188} INFO - [2024-05-12T20:26:22.650+0500] {dag.py:3954} INFO - Setting next_dagrun for example_dynamic_task_mapping_with_no_taskflow_operators to 2024-05-11 00:00:00+00:00, run_after=2024-05-12 00:00:00+00:00
[2024-05-12T20:26:22.678+0500] {processor.py:183} INFO - Processing /home/awahab02/mlops_assignment_2/myenv/lib/python3.10/site-packages/airflow/example_dags/example_dynamic_task_mapping_with_no_taskflow_operators.py took 0.099 seconds
[2024-05-12T20:28:15.035+0500] {processor.py:161} INFO - Started process (PID=12093) to work on /home/awahab02/mlops_assignment_2/myenv/lib/python3.10/site-packages/airflow/example_dags/example_dynamic_task_mapping_with_no_taskflow_operators.py
[2024-05-12T20:28:15.058+0500] {processor.py:830} INFO - Processing file /home/awahab02/mlops_assignment_2/myenv/lib/python3.10/site-packages/airflow/example_dags/example_dynamic_task_mapping_with_no_taskflow_operators.py for tasks to queue
[2024-05-12T20:28:15.059+0500] {logging_mixin.py:188} INFO - [2024-05-12T20:28:15.059+0500] {dagbag.py:545} INFO - Filling up the DagBag from /home/awahab02/mlops_assignment_2/myenv/lib/python3.10/site-packages/airflow/example_dags/example_dynamic_task_mapping_with_no_taskflow_operators.py
[2024-05-12T20:28:15.065+0500] {processor.py:840} INFO - DAG(s) 'example_dynamic_task_mapping_with_no_taskflow_operators' retrieved from /home/awahab02/mlops_assignment_2/myenv/lib/python3.10/site-packages/airflow/example_dags/example_dynamic_task_mapping_with_no_taskflow_operators.py
[2024-05-12T20:28:15.080+0500] {logging_mixin.py:188} INFO - [2024-05-12T20:28:15.079+0500] {dag.py:3096} INFO - Sync 1 DAGs
[2024-05-12T20:28:15.095+0500] {logging_mixin.py:188} INFO - [2024-05-12T20:28:15.095+0500] {dag.py:3954} INFO - Setting next_dagrun for example_dynamic_task_mapping_with_no_taskflow_operators to 2024-05-11 00:00:00+00:00, run_after=2024-05-12 00:00:00+00:00
[2024-05-12T20:28:15.122+0500] {processor.py:183} INFO - Processing /home/awahab02/mlops_assignment_2/myenv/lib/python3.10/site-packages/airflow/example_dags/example_dynamic_task_mapping_with_no_taskflow_operators.py took 0.092 seconds
[2024-05-12T20:29:24.192+0500] {processor.py:161} INFO - Started process (PID=12419) to work on /home/awahab02/mlops_assignment_2/myenv/lib/python3.10/site-packages/airflow/example_dags/example_dynamic_task_mapping_with_no_taskflow_operators.py
[2024-05-12T20:29:24.233+0500] {processor.py:830} INFO - Processing file /home/awahab02/mlops_assignment_2/myenv/lib/python3.10/site-packages/airflow/example_dags/example_dynamic_task_mapping_with_no_taskflow_operators.py for tasks to queue
[2024-05-12T20:29:24.234+0500] {logging_mixin.py:188} INFO - [2024-05-12T20:29:24.234+0500] {dagbag.py:545} INFO - Filling up the DagBag from /home/awahab02/mlops_assignment_2/myenv/lib/python3.10/site-packages/airflow/example_dags/example_dynamic_task_mapping_with_no_taskflow_operators.py
[2024-05-12T20:29:24.241+0500] {processor.py:840} INFO - DAG(s) 'example_dynamic_task_mapping_with_no_taskflow_operators' retrieved from /home/awahab02/mlops_assignment_2/myenv/lib/python3.10/site-packages/airflow/example_dags/example_dynamic_task_mapping_with_no_taskflow_operators.py
[2024-05-12T20:29:24.252+0500] {logging_mixin.py:188} INFO - [2024-05-12T20:29:24.252+0500] {dag.py:3096} INFO - Sync 1 DAGs
[2024-05-12T20:29:24.267+0500] {logging_mixin.py:188} INFO - [2024-05-12T20:29:24.267+0500] {dag.py:3954} INFO - Setting next_dagrun for example_dynamic_task_mapping_with_no_taskflow_operators to 2024-05-11 00:00:00+00:00, run_after=2024-05-12 00:00:00+00:00
[2024-05-12T20:29:24.290+0500] {processor.py:183} INFO - Processing /home/awahab02/mlops_assignment_2/myenv/lib/python3.10/site-packages/airflow/example_dags/example_dynamic_task_mapping_with_no_taskflow_operators.py took 0.102 seconds
[2024-05-12T20:31:13.036+0500] {processor.py:161} INFO - Started process (PID=13209) to work on /home/awahab02/mlops_assignment_2/myenv/lib/python3.10/site-packages/airflow/example_dags/example_dynamic_task_mapping_with_no_taskflow_operators.py
[2024-05-12T20:31:13.080+0500] {processor.py:830} INFO - Processing file /home/awahab02/mlops_assignment_2/myenv/lib/python3.10/site-packages/airflow/example_dags/example_dynamic_task_mapping_with_no_taskflow_operators.py for tasks to queue
[2024-05-12T20:31:13.081+0500] {logging_mixin.py:188} INFO - [2024-05-12T20:31:13.081+0500] {dagbag.py:545} INFO - Filling up the DagBag from /home/awahab02/mlops_assignment_2/myenv/lib/python3.10/site-packages/airflow/example_dags/example_dynamic_task_mapping_with_no_taskflow_operators.py
[2024-05-12T20:31:13.089+0500] {processor.py:840} INFO - DAG(s) 'example_dynamic_task_mapping_with_no_taskflow_operators' retrieved from /home/awahab02/mlops_assignment_2/myenv/lib/python3.10/site-packages/airflow/example_dags/example_dynamic_task_mapping_with_no_taskflow_operators.py
[2024-05-12T20:31:13.104+0500] {logging_mixin.py:188} INFO - [2024-05-12T20:31:13.104+0500] {dag.py:3096} INFO - Sync 1 DAGs
[2024-05-12T20:31:13.122+0500] {logging_mixin.py:188} INFO - [2024-05-12T20:31:13.122+0500] {dag.py:3954} INFO - Setting next_dagrun for example_dynamic_task_mapping_with_no_taskflow_operators to 2024-05-11 00:00:00+00:00, run_after=2024-05-12 00:00:00+00:00
[2024-05-12T20:31:13.150+0500] {processor.py:183} INFO - Processing /home/awahab02/mlops_assignment_2/myenv/lib/python3.10/site-packages/airflow/example_dags/example_dynamic_task_mapping_with_no_taskflow_operators.py took 0.119 seconds
[2024-05-12T20:32:18.663+0500] {processor.py:161} INFO - Started process (PID=13530) to work on /home/awahab02/mlops_assignment_2/myenv/lib/python3.10/site-packages/airflow/example_dags/example_dynamic_task_mapping_with_no_taskflow_operators.py
[2024-05-12T20:32:18.687+0500] {processor.py:830} INFO - Processing file /home/awahab02/mlops_assignment_2/myenv/lib/python3.10/site-packages/airflow/example_dags/example_dynamic_task_mapping_with_no_taskflow_operators.py for tasks to queue
[2024-05-12T20:32:18.688+0500] {logging_mixin.py:188} INFO - [2024-05-12T20:32:18.688+0500] {dagbag.py:545} INFO - Filling up the DagBag from /home/awahab02/mlops_assignment_2/myenv/lib/python3.10/site-packages/airflow/example_dags/example_dynamic_task_mapping_with_no_taskflow_operators.py
[2024-05-12T20:32:18.693+0500] {processor.py:840} INFO - DAG(s) 'example_dynamic_task_mapping_with_no_taskflow_operators' retrieved from /home/awahab02/mlops_assignment_2/myenv/lib/python3.10/site-packages/airflow/example_dags/example_dynamic_task_mapping_with_no_taskflow_operators.py
[2024-05-12T20:32:18.705+0500] {logging_mixin.py:188} INFO - [2024-05-12T20:32:18.705+0500] {dag.py:3096} INFO - Sync 1 DAGs
[2024-05-12T20:32:18.720+0500] {logging_mixin.py:188} INFO - [2024-05-12T20:32:18.720+0500] {dag.py:3954} INFO - Setting next_dagrun for example_dynamic_task_mapping_with_no_taskflow_operators to 2024-05-11 00:00:00+00:00, run_after=2024-05-12 00:00:00+00:00
[2024-05-12T20:32:18.747+0500] {processor.py:183} INFO - Processing /home/awahab02/mlops_assignment_2/myenv/lib/python3.10/site-packages/airflow/example_dags/example_dynamic_task_mapping_with_no_taskflow_operators.py took 0.088 seconds
[2024-05-12T20:34:55.266+0500] {processor.py:161} INFO - Started process (PID=14647) to work on /home/awahab02/mlops_assignment_2/myenv/lib/python3.10/site-packages/airflow/example_dags/example_dynamic_task_mapping_with_no_taskflow_operators.py
[2024-05-12T20:34:55.305+0500] {processor.py:830} INFO - Processing file /home/awahab02/mlops_assignment_2/myenv/lib/python3.10/site-packages/airflow/example_dags/example_dynamic_task_mapping_with_no_taskflow_operators.py for tasks to queue
[2024-05-12T20:34:55.306+0500] {logging_mixin.py:188} INFO - [2024-05-12T20:34:55.306+0500] {dagbag.py:545} INFO - Filling up the DagBag from /home/awahab02/mlops_assignment_2/myenv/lib/python3.10/site-packages/airflow/example_dags/example_dynamic_task_mapping_with_no_taskflow_operators.py
[2024-05-12T20:34:55.311+0500] {processor.py:840} INFO - DAG(s) 'example_dynamic_task_mapping_with_no_taskflow_operators' retrieved from /home/awahab02/mlops_assignment_2/myenv/lib/python3.10/site-packages/airflow/example_dags/example_dynamic_task_mapping_with_no_taskflow_operators.py
[2024-05-12T20:34:55.326+0500] {logging_mixin.py:188} INFO - [2024-05-12T20:34:55.326+0500] {dag.py:3096} INFO - Sync 1 DAGs
[2024-05-12T20:34:55.340+0500] {logging_mixin.py:188} INFO - [2024-05-12T20:34:55.339+0500] {dag.py:3954} INFO - Setting next_dagrun for example_dynamic_task_mapping_with_no_taskflow_operators to 2024-05-11 00:00:00+00:00, run_after=2024-05-12 00:00:00+00:00
[2024-05-12T20:34:55.365+0500] {processor.py:183} INFO - Processing /home/awahab02/mlops_assignment_2/myenv/lib/python3.10/site-packages/airflow/example_dags/example_dynamic_task_mapping_with_no_taskflow_operators.py took 0.104 seconds
[2024-05-12T20:36:03.941+0500] {processor.py:161} INFO - Started process (PID=15015) to work on /home/awahab02/mlops_assignment_2/myenv/lib/python3.10/site-packages/airflow/example_dags/example_dynamic_task_mapping_with_no_taskflow_operators.py
[2024-05-12T20:36:03.969+0500] {processor.py:830} INFO - Processing file /home/awahab02/mlops_assignment_2/myenv/lib/python3.10/site-packages/airflow/example_dags/example_dynamic_task_mapping_with_no_taskflow_operators.py for tasks to queue
[2024-05-12T20:36:03.970+0500] {logging_mixin.py:188} INFO - [2024-05-12T20:36:03.970+0500] {dagbag.py:545} INFO - Filling up the DagBag from /home/awahab02/mlops_assignment_2/myenv/lib/python3.10/site-packages/airflow/example_dags/example_dynamic_task_mapping_with_no_taskflow_operators.py
[2024-05-12T20:36:03.975+0500] {processor.py:840} INFO - DAG(s) 'example_dynamic_task_mapping_with_no_taskflow_operators' retrieved from /home/awahab02/mlops_assignment_2/myenv/lib/python3.10/site-packages/airflow/example_dags/example_dynamic_task_mapping_with_no_taskflow_operators.py
[2024-05-12T20:36:03.988+0500] {logging_mixin.py:188} INFO - [2024-05-12T20:36:03.987+0500] {dag.py:3096} INFO - Sync 1 DAGs
[2024-05-12T20:36:04.002+0500] {logging_mixin.py:188} INFO - [2024-05-12T20:36:04.002+0500] {dag.py:3954} INFO - Setting next_dagrun for example_dynamic_task_mapping_with_no_taskflow_operators to 2024-05-11 00:00:00+00:00, run_after=2024-05-12 00:00:00+00:00
[2024-05-12T20:36:04.026+0500] {processor.py:183} INFO - Processing /home/awahab02/mlops_assignment_2/myenv/lib/python3.10/site-packages/airflow/example_dags/example_dynamic_task_mapping_with_no_taskflow_operators.py took 0.090 seconds
[2024-05-12T20:37:13.263+0500] {processor.py:161} INFO - Started process (PID=15406) to work on /home/awahab02/mlops_assignment_2/myenv/lib/python3.10/site-packages/airflow/example_dags/example_dynamic_task_mapping_with_no_taskflow_operators.py
[2024-05-12T20:37:13.290+0500] {processor.py:830} INFO - Processing file /home/awahab02/mlops_assignment_2/myenv/lib/python3.10/site-packages/airflow/example_dags/example_dynamic_task_mapping_with_no_taskflow_operators.py for tasks to queue
[2024-05-12T20:37:13.292+0500] {logging_mixin.py:188} INFO - [2024-05-12T20:37:13.291+0500] {dagbag.py:545} INFO - Filling up the DagBag from /home/awahab02/mlops_assignment_2/myenv/lib/python3.10/site-packages/airflow/example_dags/example_dynamic_task_mapping_with_no_taskflow_operators.py
[2024-05-12T20:37:13.297+0500] {processor.py:840} INFO - DAG(s) 'example_dynamic_task_mapping_with_no_taskflow_operators' retrieved from /home/awahab02/mlops_assignment_2/myenv/lib/python3.10/site-packages/airflow/example_dags/example_dynamic_task_mapping_with_no_taskflow_operators.py
[2024-05-12T20:37:13.311+0500] {logging_mixin.py:188} INFO - [2024-05-12T20:37:13.310+0500] {dag.py:3096} INFO - Sync 1 DAGs
[2024-05-12T20:37:13.326+0500] {logging_mixin.py:188} INFO - [2024-05-12T20:37:13.326+0500] {dag.py:3954} INFO - Setting next_dagrun for example_dynamic_task_mapping_with_no_taskflow_operators to 2024-05-11 00:00:00+00:00, run_after=2024-05-12 00:00:00+00:00
[2024-05-12T20:37:13.352+0500] {processor.py:183} INFO - Processing /home/awahab02/mlops_assignment_2/myenv/lib/python3.10/site-packages/airflow/example_dags/example_dynamic_task_mapping_with_no_taskflow_operators.py took 0.095 seconds
[2024-05-12T20:39:28.839+0500] {processor.py:161} INFO - Started process (PID=16467) to work on /home/awahab02/mlops_assignment_2/myenv/lib/python3.10/site-packages/airflow/example_dags/example_dynamic_task_mapping_with_no_taskflow_operators.py
[2024-05-12T20:39:28.862+0500] {processor.py:830} INFO - Processing file /home/awahab02/mlops_assignment_2/myenv/lib/python3.10/site-packages/airflow/example_dags/example_dynamic_task_mapping_with_no_taskflow_operators.py for tasks to queue
[2024-05-12T20:39:28.863+0500] {logging_mixin.py:188} INFO - [2024-05-12T20:39:28.862+0500] {dagbag.py:545} INFO - Filling up the DagBag from /home/awahab02/mlops_assignment_2/myenv/lib/python3.10/site-packages/airflow/example_dags/example_dynamic_task_mapping_with_no_taskflow_operators.py
[2024-05-12T20:39:28.868+0500] {processor.py:840} INFO - DAG(s) 'example_dynamic_task_mapping_with_no_taskflow_operators' retrieved from /home/awahab02/mlops_assignment_2/myenv/lib/python3.10/site-packages/airflow/example_dags/example_dynamic_task_mapping_with_no_taskflow_operators.py
[2024-05-12T20:39:28.882+0500] {logging_mixin.py:188} INFO - [2024-05-12T20:39:28.881+0500] {dag.py:3096} INFO - Sync 1 DAGs
[2024-05-12T20:39:28.896+0500] {logging_mixin.py:188} INFO - [2024-05-12T20:39:28.896+0500] {dag.py:3954} INFO - Setting next_dagrun for example_dynamic_task_mapping_with_no_taskflow_operators to 2024-05-11 00:00:00+00:00, run_after=2024-05-12 00:00:00+00:00
[2024-05-12T20:39:28.942+0500] {processor.py:183} INFO - Processing /home/awahab02/mlops_assignment_2/myenv/lib/python3.10/site-packages/airflow/example_dags/example_dynamic_task_mapping_with_no_taskflow_operators.py took 0.108 seconds
[2024-05-12T20:40:37.100+0500] {processor.py:161} INFO - Started process (PID=16912) to work on /home/awahab02/mlops_assignment_2/myenv/lib/python3.10/site-packages/airflow/example_dags/example_dynamic_task_mapping_with_no_taskflow_operators.py
[2024-05-12T20:40:37.123+0500] {processor.py:830} INFO - Processing file /home/awahab02/mlops_assignment_2/myenv/lib/python3.10/site-packages/airflow/example_dags/example_dynamic_task_mapping_with_no_taskflow_operators.py for tasks to queue
[2024-05-12T20:40:37.124+0500] {logging_mixin.py:188} INFO - [2024-05-12T20:40:37.123+0500] {dagbag.py:545} INFO - Filling up the DagBag from /home/awahab02/mlops_assignment_2/myenv/lib/python3.10/site-packages/airflow/example_dags/example_dynamic_task_mapping_with_no_taskflow_operators.py
[2024-05-12T20:40:37.129+0500] {processor.py:840} INFO - DAG(s) 'example_dynamic_task_mapping_with_no_taskflow_operators' retrieved from /home/awahab02/mlops_assignment_2/myenv/lib/python3.10/site-packages/airflow/example_dags/example_dynamic_task_mapping_with_no_taskflow_operators.py
[2024-05-12T20:40:37.141+0500] {logging_mixin.py:188} INFO - [2024-05-12T20:40:37.141+0500] {dag.py:3096} INFO - Sync 1 DAGs
[2024-05-12T20:40:37.156+0500] {logging_mixin.py:188} INFO - [2024-05-12T20:40:37.156+0500] {dag.py:3954} INFO - Setting next_dagrun for example_dynamic_task_mapping_with_no_taskflow_operators to 2024-05-11 00:00:00+00:00, run_after=2024-05-12 00:00:00+00:00
[2024-05-12T20:40:37.180+0500] {processor.py:183} INFO - Processing /home/awahab02/mlops_assignment_2/myenv/lib/python3.10/site-packages/airflow/example_dags/example_dynamic_task_mapping_with_no_taskflow_operators.py took 0.085 seconds
