[2024-05-12T20:20:36.855+0500] {processor.py:161} INFO - Started process (PID=9244) to work on /home/awahab02/mlops_assignment_2/myenv/lib/python3.10/site-packages/airflow/example_dags/example_params_ui_tutorial.py
[2024-05-12T20:20:36.856+0500] {processor.py:830} INFO - Processing file /home/awahab02/mlops_assignment_2/myenv/lib/python3.10/site-packages/airflow/example_dags/example_params_ui_tutorial.py for tasks to queue
[2024-05-12T20:20:36.858+0500] {logging_mixin.py:188} INFO - [2024-05-12T20:20:36.857+0500] {dagbag.py:545} INFO - Filling up the DagBag from /home/awahab02/mlops_assignment_2/myenv/lib/python3.10/site-packages/airflow/example_dags/example_params_ui_tutorial.py
[2024-05-12T20:20:36.870+0500] {processor.py:840} INFO - DAG(s) 'example_params_ui_tutorial' retrieved from /home/awahab02/mlops_assignment_2/myenv/lib/python3.10/site-packages/airflow/example_dags/example_params_ui_tutorial.py
[2024-05-12T20:20:37.021+0500] {logging_mixin.py:188} INFO - [2024-05-12T20:20:37.021+0500] {override.py:1829} INFO - Created Permission View: can read on DAG:example_params_ui_tutorial
[2024-05-12T20:20:37.038+0500] {logging_mixin.py:188} INFO - [2024-05-12T20:20:37.038+0500] {override.py:1829} INFO - Created Permission View: can edit on DAG:example_params_ui_tutorial
[2024-05-12T20:20:37.053+0500] {logging_mixin.py:188} INFO - [2024-05-12T20:20:37.053+0500] {override.py:1829} INFO - Created Permission View: can delete on DAG:example_params_ui_tutorial
[2024-05-12T20:20:37.053+0500] {logging_mixin.py:188} INFO - [2024-05-12T20:20:37.053+0500] {dag.py:3096} INFO - Sync 1 DAGs
[2024-05-12T20:20:37.062+0500] {logging_mixin.py:188} INFO - [2024-05-12T20:20:37.062+0500] {dag.py:3118} INFO - Creating ORM DAG for example_params_ui_tutorial
[2024-05-12T20:20:37.063+0500] {logging_mixin.py:188} INFO - [2024-05-12T20:20:37.062+0500] {dag.py:3954} INFO - Setting next_dagrun for example_params_ui_tutorial to None, run_after=None
[2024-05-12T20:20:37.088+0500] {processor.py:183} INFO - Processing /home/awahab02/mlops_assignment_2/myenv/lib/python3.10/site-packages/airflow/example_dags/example_params_ui_tutorial.py took 0.238 seconds
[2024-05-12T20:21:36.307+0500] {processor.py:161} INFO - Started process (PID=9594) to work on /home/awahab02/mlops_assignment_2/myenv/lib/python3.10/site-packages/airflow/example_dags/example_params_ui_tutorial.py
[2024-05-12T20:21:36.309+0500] {processor.py:830} INFO - Processing file /home/awahab02/mlops_assignment_2/myenv/lib/python3.10/site-packages/airflow/example_dags/example_params_ui_tutorial.py for tasks to queue
[2024-05-12T20:21:36.311+0500] {logging_mixin.py:188} INFO - [2024-05-12T20:21:36.310+0500] {dagbag.py:545} INFO - Filling up the DagBag from /home/awahab02/mlops_assignment_2/myenv/lib/python3.10/site-packages/airflow/example_dags/example_params_ui_tutorial.py
[2024-05-12T20:21:36.320+0500] {processor.py:840} INFO - DAG(s) 'example_params_ui_tutorial' retrieved from /home/awahab02/mlops_assignment_2/myenv/lib/python3.10/site-packages/airflow/example_dags/example_params_ui_tutorial.py
[2024-05-12T20:21:36.357+0500] {logging_mixin.py:188} INFO - [2024-05-12T20:21:36.357+0500] {dag.py:3096} INFO - Sync 1 DAGs
[2024-05-12T20:21:36.367+0500] {logging_mixin.py:188} INFO - [2024-05-12T20:21:36.367+0500] {dag.py:3954} INFO - Setting next_dagrun for example_params_ui_tutorial to None, run_after=None
[2024-05-12T20:21:36.394+0500] {processor.py:183} INFO - Processing /home/awahab02/mlops_assignment_2/myenv/lib/python3.10/site-packages/airflow/example_dags/example_params_ui_tutorial.py took 0.093 seconds
[2024-05-12T20:22:26.305+0500] {processor.py:161} INFO - Started process (PID=9791) to work on /home/awahab02/mlops_assignment_2/myenv/lib/python3.10/site-packages/airflow/example_dags/example_params_ui_tutorial.py
[2024-05-12T20:22:26.307+0500] {processor.py:830} INFO - Processing file /home/awahab02/mlops_assignment_2/myenv/lib/python3.10/site-packages/airflow/example_dags/example_params_ui_tutorial.py for tasks to queue
[2024-05-12T20:22:26.308+0500] {logging_mixin.py:188} INFO - [2024-05-12T20:22:26.308+0500] {dagbag.py:545} INFO - Filling up the DagBag from /home/awahab02/mlops_assignment_2/myenv/lib/python3.10/site-packages/airflow/example_dags/example_params_ui_tutorial.py
[2024-05-12T20:22:26.318+0500] {processor.py:840} INFO - DAG(s) 'example_params_ui_tutorial' retrieved from /home/awahab02/mlops_assignment_2/myenv/lib/python3.10/site-packages/airflow/example_dags/example_params_ui_tutorial.py
[2024-05-12T20:22:26.353+0500] {logging_mixin.py:188} INFO - [2024-05-12T20:22:26.353+0500] {dag.py:3096} INFO - Sync 1 DAGs
[2024-05-12T20:22:26.363+0500] {logging_mixin.py:188} INFO - [2024-05-12T20:22:26.362+0500] {dag.py:3954} INFO - Setting next_dagrun for example_params_ui_tutorial to None, run_after=None
[2024-05-12T20:22:26.388+0500] {processor.py:183} INFO - Processing /home/awahab02/mlops_assignment_2/myenv/lib/python3.10/site-packages/airflow/example_dags/example_params_ui_tutorial.py took 0.088 seconds
[2024-05-12T20:23:10.556+0500] {processor.py:161} INFO - Started process (PID=10097) to work on /home/awahab02/mlops_assignment_2/myenv/lib/python3.10/site-packages/airflow/example_dags/example_params_ui_tutorial.py
[2024-05-12T20:23:10.581+0500] {processor.py:830} INFO - Processing file /home/awahab02/mlops_assignment_2/myenv/lib/python3.10/site-packages/airflow/example_dags/example_params_ui_tutorial.py for tasks to queue
[2024-05-12T20:23:10.587+0500] {logging_mixin.py:188} INFO - [2024-05-12T20:23:10.586+0500] {dagbag.py:545} INFO - Filling up the DagBag from /home/awahab02/mlops_assignment_2/myenv/lib/python3.10/site-packages/airflow/example_dags/example_params_ui_tutorial.py
[2024-05-12T20:23:10.611+0500] {processor.py:840} INFO - DAG(s) 'example_params_ui_tutorial' retrieved from /home/awahab02/mlops_assignment_2/myenv/lib/python3.10/site-packages/airflow/example_dags/example_params_ui_tutorial.py
[2024-05-12T20:23:10.651+0500] {logging_mixin.py:188} INFO - [2024-05-12T20:23:10.651+0500] {dag.py:3096} INFO - Sync 1 DAGs
[2024-05-12T20:23:10.660+0500] {logging_mixin.py:188} INFO - [2024-05-12T20:23:10.659+0500] {dag.py:3954} INFO - Setting next_dagrun for example_params_ui_tutorial to None, run_after=None
[2024-05-12T20:23:10.686+0500] {processor.py:183} INFO - Processing /home/awahab02/mlops_assignment_2/myenv/lib/python3.10/site-packages/airflow/example_dags/example_params_ui_tutorial.py took 0.134 seconds
[2024-05-12T20:23:53.286+0500] {processor.py:161} INFO - Started process (PID=10464) to work on /home/awahab02/mlops_assignment_2/myenv/lib/python3.10/site-packages/airflow/example_dags/example_params_ui_tutorial.py
[2024-05-12T20:23:53.287+0500] {processor.py:830} INFO - Processing file /home/awahab02/mlops_assignment_2/myenv/lib/python3.10/site-packages/airflow/example_dags/example_params_ui_tutorial.py for tasks to queue
[2024-05-12T20:23:53.288+0500] {logging_mixin.py:188} INFO - [2024-05-12T20:23:53.288+0500] {dagbag.py:545} INFO - Filling up the DagBag from /home/awahab02/mlops_assignment_2/myenv/lib/python3.10/site-packages/airflow/example_dags/example_params_ui_tutorial.py
[2024-05-12T20:23:53.298+0500] {processor.py:840} INFO - DAG(s) 'example_params_ui_tutorial' retrieved from /home/awahab02/mlops_assignment_2/myenv/lib/python3.10/site-packages/airflow/example_dags/example_params_ui_tutorial.py
[2024-05-12T20:23:53.333+0500] {logging_mixin.py:188} INFO - [2024-05-12T20:23:53.333+0500] {dag.py:3096} INFO - Sync 1 DAGs
[2024-05-12T20:23:53.342+0500] {logging_mixin.py:188} INFO - [2024-05-12T20:23:53.341+0500] {dag.py:3954} INFO - Setting next_dagrun for example_params_ui_tutorial to None, run_after=None
[2024-05-12T20:23:53.367+0500] {processor.py:183} INFO - Processing /home/awahab02/mlops_assignment_2/myenv/lib/python3.10/site-packages/airflow/example_dags/example_params_ui_tutorial.py took 0.086 seconds
[2024-05-12T20:24:34.722+0500] {processor.py:161} INFO - Started process (PID=10655) to work on /home/awahab02/mlops_assignment_2/myenv/lib/python3.10/site-packages/airflow/example_dags/example_params_ui_tutorial.py
[2024-05-12T20:24:34.751+0500] {processor.py:830} INFO - Processing file /home/awahab02/mlops_assignment_2/myenv/lib/python3.10/site-packages/airflow/example_dags/example_params_ui_tutorial.py for tasks to queue
[2024-05-12T20:24:34.753+0500] {logging_mixin.py:188} INFO - [2024-05-12T20:24:34.752+0500] {dagbag.py:545} INFO - Filling up the DagBag from /home/awahab02/mlops_assignment_2/myenv/lib/python3.10/site-packages/airflow/example_dags/example_params_ui_tutorial.py
[2024-05-12T20:24:34.762+0500] {processor.py:840} INFO - DAG(s) 'example_params_ui_tutorial' retrieved from /home/awahab02/mlops_assignment_2/myenv/lib/python3.10/site-packages/airflow/example_dags/example_params_ui_tutorial.py
[2024-05-12T20:24:34.803+0500] {logging_mixin.py:188} INFO - [2024-05-12T20:24:34.803+0500] {dag.py:3096} INFO - Sync 1 DAGs
[2024-05-12T20:24:34.813+0500] {logging_mixin.py:188} INFO - [2024-05-12T20:24:34.812+0500] {dag.py:3954} INFO - Setting next_dagrun for example_params_ui_tutorial to None, run_after=None
[2024-05-12T20:24:34.842+0500] {processor.py:183} INFO - Processing /home/awahab02/mlops_assignment_2/myenv/lib/python3.10/site-packages/airflow/example_dags/example_params_ui_tutorial.py took 0.124 seconds
[2024-05-12T20:25:32.984+0500] {processor.py:161} INFO - Started process (PID=10908) to work on /home/awahab02/mlops_assignment_2/myenv/lib/python3.10/site-packages/airflow/example_dags/example_params_ui_tutorial.py
[2024-05-12T20:25:32.986+0500] {processor.py:830} INFO - Processing file /home/awahab02/mlops_assignment_2/myenv/lib/python3.10/site-packages/airflow/example_dags/example_params_ui_tutorial.py for tasks to queue
[2024-05-12T20:25:32.987+0500] {logging_mixin.py:188} INFO - [2024-05-12T20:25:32.987+0500] {dagbag.py:545} INFO - Filling up the DagBag from /home/awahab02/mlops_assignment_2/myenv/lib/python3.10/site-packages/airflow/example_dags/example_params_ui_tutorial.py
[2024-05-12T20:25:32.997+0500] {processor.py:840} INFO - DAG(s) 'example_params_ui_tutorial' retrieved from /home/awahab02/mlops_assignment_2/myenv/lib/python3.10/site-packages/airflow/example_dags/example_params_ui_tutorial.py
[2024-05-12T20:25:33.036+0500] {logging_mixin.py:188} INFO - [2024-05-12T20:25:33.036+0500] {dag.py:3096} INFO - Sync 1 DAGs
[2024-05-12T20:25:33.046+0500] {logging_mixin.py:188} INFO - [2024-05-12T20:25:33.046+0500] {dag.py:3954} INFO - Setting next_dagrun for example_params_ui_tutorial to None, run_after=None
[2024-05-12T20:25:33.071+0500] {processor.py:183} INFO - Processing /home/awahab02/mlops_assignment_2/myenv/lib/python3.10/site-packages/airflow/example_dags/example_params_ui_tutorial.py took 0.093 seconds
[2024-05-12T20:26:15.619+0500] {processor.py:161} INFO - Started process (PID=11143) to work on /home/awahab02/mlops_assignment_2/myenv/lib/python3.10/site-packages/airflow/example_dags/example_params_ui_tutorial.py
[2024-05-12T20:26:15.620+0500] {processor.py:830} INFO - Processing file /home/awahab02/mlops_assignment_2/myenv/lib/python3.10/site-packages/airflow/example_dags/example_params_ui_tutorial.py for tasks to queue
[2024-05-12T20:26:15.622+0500] {logging_mixin.py:188} INFO - [2024-05-12T20:26:15.621+0500] {dagbag.py:545} INFO - Filling up the DagBag from /home/awahab02/mlops_assignment_2/myenv/lib/python3.10/site-packages/airflow/example_dags/example_params_ui_tutorial.py
[2024-05-12T20:26:15.631+0500] {processor.py:840} INFO - DAG(s) 'example_params_ui_tutorial' retrieved from /home/awahab02/mlops_assignment_2/myenv/lib/python3.10/site-packages/airflow/example_dags/example_params_ui_tutorial.py
[2024-05-12T20:26:15.667+0500] {logging_mixin.py:188} INFO - [2024-05-12T20:26:15.666+0500] {dag.py:3096} INFO - Sync 1 DAGs
[2024-05-12T20:26:15.678+0500] {logging_mixin.py:188} INFO - [2024-05-12T20:26:15.677+0500] {dag.py:3954} INFO - Setting next_dagrun for example_params_ui_tutorial to None, run_after=None
[2024-05-12T20:26:15.702+0500] {processor.py:183} INFO - Processing /home/awahab02/mlops_assignment_2/myenv/lib/python3.10/site-packages/airflow/example_dags/example_params_ui_tutorial.py took 0.089 seconds
[2024-05-12T20:26:58.480+0500] {processor.py:161} INFO - Started process (PID=11485) to work on /home/awahab02/mlops_assignment_2/myenv/lib/python3.10/site-packages/airflow/example_dags/example_params_ui_tutorial.py
[2024-05-12T20:26:58.508+0500] {processor.py:830} INFO - Processing file /home/awahab02/mlops_assignment_2/myenv/lib/python3.10/site-packages/airflow/example_dags/example_params_ui_tutorial.py for tasks to queue
[2024-05-12T20:26:58.509+0500] {logging_mixin.py:188} INFO - [2024-05-12T20:26:58.509+0500] {dagbag.py:545} INFO - Filling up the DagBag from /home/awahab02/mlops_assignment_2/myenv/lib/python3.10/site-packages/airflow/example_dags/example_params_ui_tutorial.py
[2024-05-12T20:26:58.518+0500] {processor.py:840} INFO - DAG(s) 'example_params_ui_tutorial' retrieved from /home/awahab02/mlops_assignment_2/myenv/lib/python3.10/site-packages/airflow/example_dags/example_params_ui_tutorial.py
[2024-05-12T20:26:58.555+0500] {logging_mixin.py:188} INFO - [2024-05-12T20:26:58.555+0500] {dag.py:3096} INFO - Sync 1 DAGs
[2024-05-12T20:26:58.564+0500] {logging_mixin.py:188} INFO - [2024-05-12T20:26:58.563+0500] {dag.py:3954} INFO - Setting next_dagrun for example_params_ui_tutorial to None, run_after=None
[2024-05-12T20:26:58.588+0500] {processor.py:183} INFO - Processing /home/awahab02/mlops_assignment_2/myenv/lib/python3.10/site-packages/airflow/example_dags/example_params_ui_tutorial.py took 0.113 seconds
[2024-05-12T20:27:46.989+0500] {processor.py:161} INFO - Started process (PID=11928) to work on /home/awahab02/mlops_assignment_2/myenv/lib/python3.10/site-packages/airflow/example_dags/example_params_ui_tutorial.py
[2024-05-12T20:27:46.991+0500] {processor.py:830} INFO - Processing file /home/awahab02/mlops_assignment_2/myenv/lib/python3.10/site-packages/airflow/example_dags/example_params_ui_tutorial.py for tasks to queue
[2024-05-12T20:27:46.993+0500] {logging_mixin.py:188} INFO - [2024-05-12T20:27:46.992+0500] {dagbag.py:545} INFO - Filling up the DagBag from /home/awahab02/mlops_assignment_2/myenv/lib/python3.10/site-packages/airflow/example_dags/example_params_ui_tutorial.py
[2024-05-12T20:27:47.002+0500] {processor.py:840} INFO - DAG(s) 'example_params_ui_tutorial' retrieved from /home/awahab02/mlops_assignment_2/myenv/lib/python3.10/site-packages/airflow/example_dags/example_params_ui_tutorial.py
[2024-05-12T20:27:47.040+0500] {logging_mixin.py:188} INFO - [2024-05-12T20:27:47.040+0500] {dag.py:3096} INFO - Sync 1 DAGs
[2024-05-12T20:27:47.048+0500] {logging_mixin.py:188} INFO - [2024-05-12T20:27:47.048+0500] {dag.py:3954} INFO - Setting next_dagrun for example_params_ui_tutorial to None, run_after=None
[2024-05-12T20:27:47.077+0500] {processor.py:183} INFO - Processing /home/awahab02/mlops_assignment_2/myenv/lib/python3.10/site-packages/airflow/example_dags/example_params_ui_tutorial.py took 0.093 seconds
[2024-05-12T20:28:38.451+0500] {processor.py:161} INFO - Started process (PID=12199) to work on /home/awahab02/mlops_assignment_2/myenv/lib/python3.10/site-packages/airflow/example_dags/example_params_ui_tutorial.py
[2024-05-12T20:28:38.453+0500] {processor.py:830} INFO - Processing file /home/awahab02/mlops_assignment_2/myenv/lib/python3.10/site-packages/airflow/example_dags/example_params_ui_tutorial.py for tasks to queue
[2024-05-12T20:28:38.455+0500] {logging_mixin.py:188} INFO - [2024-05-12T20:28:38.455+0500] {dagbag.py:545} INFO - Filling up the DagBag from /home/awahab02/mlops_assignment_2/myenv/lib/python3.10/site-packages/airflow/example_dags/example_params_ui_tutorial.py
[2024-05-12T20:28:38.469+0500] {processor.py:840} INFO - DAG(s) 'example_params_ui_tutorial' retrieved from /home/awahab02/mlops_assignment_2/myenv/lib/python3.10/site-packages/airflow/example_dags/example_params_ui_tutorial.py
[2024-05-12T20:28:38.504+0500] {logging_mixin.py:188} INFO - [2024-05-12T20:28:38.504+0500] {dag.py:3096} INFO - Sync 1 DAGs
[2024-05-12T20:28:38.514+0500] {logging_mixin.py:188} INFO - [2024-05-12T20:28:38.513+0500] {dag.py:3954} INFO - Setting next_dagrun for example_params_ui_tutorial to None, run_after=None
[2024-05-12T20:28:38.541+0500] {processor.py:183} INFO - Processing /home/awahab02/mlops_assignment_2/myenv/lib/python3.10/site-packages/airflow/example_dags/example_params_ui_tutorial.py took 0.098 seconds
[2024-05-12T20:29:31.983+0500] {processor.py:161} INFO - Started process (PID=12455) to work on /home/awahab02/mlops_assignment_2/myenv/lib/python3.10/site-packages/airflow/example_dags/example_params_ui_tutorial.py
[2024-05-12T20:29:32.009+0500] {processor.py:830} INFO - Processing file /home/awahab02/mlops_assignment_2/myenv/lib/python3.10/site-packages/airflow/example_dags/example_params_ui_tutorial.py for tasks to queue
[2024-05-12T20:29:32.010+0500] {logging_mixin.py:188} INFO - [2024-05-12T20:29:32.010+0500] {dagbag.py:545} INFO - Filling up the DagBag from /home/awahab02/mlops_assignment_2/myenv/lib/python3.10/site-packages/airflow/example_dags/example_params_ui_tutorial.py
[2024-05-12T20:29:32.020+0500] {processor.py:840} INFO - DAG(s) 'example_params_ui_tutorial' retrieved from /home/awahab02/mlops_assignment_2/myenv/lib/python3.10/site-packages/airflow/example_dags/example_params_ui_tutorial.py
[2024-05-12T20:29:32.058+0500] {logging_mixin.py:188} INFO - [2024-05-12T20:29:32.057+0500] {dag.py:3096} INFO - Sync 1 DAGs
[2024-05-12T20:29:32.069+0500] {logging_mixin.py:188} INFO - [2024-05-12T20:29:32.068+0500] {dag.py:3954} INFO - Setting next_dagrun for example_params_ui_tutorial to None, run_after=None
[2024-05-12T20:29:32.098+0500] {processor.py:183} INFO - Processing /home/awahab02/mlops_assignment_2/myenv/lib/python3.10/site-packages/airflow/example_dags/example_params_ui_tutorial.py took 0.121 seconds
[2024-05-12T20:30:52.579+0500] {processor.py:161} INFO - Started process (PID=13114) to work on /home/awahab02/mlops_assignment_2/myenv/lib/python3.10/site-packages/airflow/example_dags/example_params_ui_tutorial.py
[2024-05-12T20:30:52.580+0500] {processor.py:830} INFO - Processing file /home/awahab02/mlops_assignment_2/myenv/lib/python3.10/site-packages/airflow/example_dags/example_params_ui_tutorial.py for tasks to queue
[2024-05-12T20:30:52.581+0500] {logging_mixin.py:188} INFO - [2024-05-12T20:30:52.581+0500] {dagbag.py:545} INFO - Filling up the DagBag from /home/awahab02/mlops_assignment_2/myenv/lib/python3.10/site-packages/airflow/example_dags/example_params_ui_tutorial.py
[2024-05-12T20:30:52.591+0500] {processor.py:840} INFO - DAG(s) 'example_params_ui_tutorial' retrieved from /home/awahab02/mlops_assignment_2/myenv/lib/python3.10/site-packages/airflow/example_dags/example_params_ui_tutorial.py
[2024-05-12T20:30:52.627+0500] {logging_mixin.py:188} INFO - [2024-05-12T20:30:52.627+0500] {dag.py:3096} INFO - Sync 1 DAGs
[2024-05-12T20:30:52.637+0500] {logging_mixin.py:188} INFO - [2024-05-12T20:30:52.636+0500] {dag.py:3954} INFO - Setting next_dagrun for example_params_ui_tutorial to None, run_after=None
[2024-05-12T20:30:52.662+0500] {processor.py:183} INFO - Processing /home/awahab02/mlops_assignment_2/myenv/lib/python3.10/site-packages/airflow/example_dags/example_params_ui_tutorial.py took 0.088 seconds
[2024-05-12T20:31:43.828+0500] {processor.py:161} INFO - Started process (PID=13351) to work on /home/awahab02/mlops_assignment_2/myenv/lib/python3.10/site-packages/airflow/example_dags/example_params_ui_tutorial.py
[2024-05-12T20:31:43.829+0500] {processor.py:830} INFO - Processing file /home/awahab02/mlops_assignment_2/myenv/lib/python3.10/site-packages/airflow/example_dags/example_params_ui_tutorial.py for tasks to queue
[2024-05-12T20:31:43.831+0500] {logging_mixin.py:188} INFO - [2024-05-12T20:31:43.831+0500] {dagbag.py:545} INFO - Filling up the DagBag from /home/awahab02/mlops_assignment_2/myenv/lib/python3.10/site-packages/airflow/example_dags/example_params_ui_tutorial.py
[2024-05-12T20:31:43.840+0500] {processor.py:840} INFO - DAG(s) 'example_params_ui_tutorial' retrieved from /home/awahab02/mlops_assignment_2/myenv/lib/python3.10/site-packages/airflow/example_dags/example_params_ui_tutorial.py
[2024-05-12T20:31:43.876+0500] {logging_mixin.py:188} INFO - [2024-05-12T20:31:43.876+0500] {dag.py:3096} INFO - Sync 1 DAGs
[2024-05-12T20:31:43.885+0500] {logging_mixin.py:188} INFO - [2024-05-12T20:31:43.885+0500] {dag.py:3954} INFO - Setting next_dagrun for example_params_ui_tutorial to None, run_after=None
[2024-05-12T20:31:43.910+0500] {processor.py:183} INFO - Processing /home/awahab02/mlops_assignment_2/myenv/lib/python3.10/site-packages/airflow/example_dags/example_params_ui_tutorial.py took 0.087 seconds
[2024-05-12T20:34:27.691+0500] {processor.py:161} INFO - Started process (PID=14526) to work on /home/awahab02/mlops_assignment_2/myenv/lib/python3.10/site-packages/airflow/example_dags/example_params_ui_tutorial.py
[2024-05-12T20:34:27.698+0500] {processor.py:830} INFO - Processing file /home/awahab02/mlops_assignment_2/myenv/lib/python3.10/site-packages/airflow/example_dags/example_params_ui_tutorial.py for tasks to queue
[2024-05-12T20:34:27.700+0500] {logging_mixin.py:188} INFO - [2024-05-12T20:34:27.699+0500] {dagbag.py:545} INFO - Filling up the DagBag from /home/awahab02/mlops_assignment_2/myenv/lib/python3.10/site-packages/airflow/example_dags/example_params_ui_tutorial.py
[2024-05-12T20:34:27.711+0500] {processor.py:840} INFO - DAG(s) 'example_params_ui_tutorial' retrieved from /home/awahab02/mlops_assignment_2/myenv/lib/python3.10/site-packages/airflow/example_dags/example_params_ui_tutorial.py
[2024-05-12T20:34:27.754+0500] {logging_mixin.py:188} INFO - [2024-05-12T20:34:27.754+0500] {dag.py:3096} INFO - Sync 1 DAGs
[2024-05-12T20:34:27.764+0500] {logging_mixin.py:188} INFO - [2024-05-12T20:34:27.764+0500] {dag.py:3954} INFO - Setting next_dagrun for example_params_ui_tutorial to None, run_after=None
[2024-05-12T20:34:27.795+0500] {processor.py:183} INFO - Processing /home/awahab02/mlops_assignment_2/myenv/lib/python3.10/site-packages/airflow/example_dags/example_params_ui_tutorial.py took 0.109 seconds
[2024-05-12T20:35:19.528+0500] {processor.py:161} INFO - Started process (PID=14814) to work on /home/awahab02/mlops_assignment_2/myenv/lib/python3.10/site-packages/airflow/example_dags/example_params_ui_tutorial.py
[2024-05-12T20:35:19.564+0500] {processor.py:830} INFO - Processing file /home/awahab02/mlops_assignment_2/myenv/lib/python3.10/site-packages/airflow/example_dags/example_params_ui_tutorial.py for tasks to queue
[2024-05-12T20:35:19.565+0500] {logging_mixin.py:188} INFO - [2024-05-12T20:35:19.565+0500] {dagbag.py:545} INFO - Filling up the DagBag from /home/awahab02/mlops_assignment_2/myenv/lib/python3.10/site-packages/airflow/example_dags/example_params_ui_tutorial.py
[2024-05-12T20:35:19.575+0500] {processor.py:840} INFO - DAG(s) 'example_params_ui_tutorial' retrieved from /home/awahab02/mlops_assignment_2/myenv/lib/python3.10/site-packages/airflow/example_dags/example_params_ui_tutorial.py
[2024-05-12T20:35:19.612+0500] {logging_mixin.py:188} INFO - [2024-05-12T20:35:19.612+0500] {dag.py:3096} INFO - Sync 1 DAGs
[2024-05-12T20:35:19.622+0500] {logging_mixin.py:188} INFO - [2024-05-12T20:35:19.622+0500] {dag.py:3954} INFO - Setting next_dagrun for example_params_ui_tutorial to None, run_after=None
[2024-05-12T20:35:19.647+0500] {processor.py:183} INFO - Processing /home/awahab02/mlops_assignment_2/myenv/lib/python3.10/site-packages/airflow/example_dags/example_params_ui_tutorial.py took 0.125 seconds
[2024-05-12T20:36:13.514+0500] {processor.py:161} INFO - Started process (PID=15067) to work on /home/awahab02/mlops_assignment_2/myenv/lib/python3.10/site-packages/airflow/example_dags/example_params_ui_tutorial.py
[2024-05-12T20:36:13.567+0500] {processor.py:830} INFO - Processing file /home/awahab02/mlops_assignment_2/myenv/lib/python3.10/site-packages/airflow/example_dags/example_params_ui_tutorial.py for tasks to queue
[2024-05-12T20:36:13.568+0500] {logging_mixin.py:188} INFO - [2024-05-12T20:36:13.567+0500] {dagbag.py:545} INFO - Filling up the DagBag from /home/awahab02/mlops_assignment_2/myenv/lib/python3.10/site-packages/airflow/example_dags/example_params_ui_tutorial.py
[2024-05-12T20:36:13.577+0500] {processor.py:840} INFO - DAG(s) 'example_params_ui_tutorial' retrieved from /home/awahab02/mlops_assignment_2/myenv/lib/python3.10/site-packages/airflow/example_dags/example_params_ui_tutorial.py
[2024-05-12T20:36:13.618+0500] {logging_mixin.py:188} INFO - [2024-05-12T20:36:13.618+0500] {dag.py:3096} INFO - Sync 1 DAGs
[2024-05-12T20:36:13.628+0500] {logging_mixin.py:188} INFO - [2024-05-12T20:36:13.628+0500] {dag.py:3954} INFO - Setting next_dagrun for example_params_ui_tutorial to None, run_after=None
[2024-05-12T20:36:13.657+0500] {processor.py:183} INFO - Processing /home/awahab02/mlops_assignment_2/myenv/lib/python3.10/site-packages/airflow/example_dags/example_params_ui_tutorial.py took 0.149 seconds
[2024-05-12T20:37:00.750+0500] {processor.py:161} INFO - Started process (PID=15293) to work on /home/awahab02/mlops_assignment_2/myenv/lib/python3.10/site-packages/airflow/example_dags/example_params_ui_tutorial.py
[2024-05-12T20:37:00.751+0500] {processor.py:830} INFO - Processing file /home/awahab02/mlops_assignment_2/myenv/lib/python3.10/site-packages/airflow/example_dags/example_params_ui_tutorial.py for tasks to queue
[2024-05-12T20:37:00.752+0500] {logging_mixin.py:188} INFO - [2024-05-12T20:37:00.752+0500] {dagbag.py:545} INFO - Filling up the DagBag from /home/awahab02/mlops_assignment_2/myenv/lib/python3.10/site-packages/airflow/example_dags/example_params_ui_tutorial.py
[2024-05-12T20:37:00.762+0500] {processor.py:840} INFO - DAG(s) 'example_params_ui_tutorial' retrieved from /home/awahab02/mlops_assignment_2/myenv/lib/python3.10/site-packages/airflow/example_dags/example_params_ui_tutorial.py
[2024-05-12T20:37:00.798+0500] {logging_mixin.py:188} INFO - [2024-05-12T20:37:00.798+0500] {dag.py:3096} INFO - Sync 1 DAGs
[2024-05-12T20:37:00.807+0500] {logging_mixin.py:188} INFO - [2024-05-12T20:37:00.807+0500] {dag.py:3954} INFO - Setting next_dagrun for example_params_ui_tutorial to None, run_after=None
[2024-05-12T20:37:00.834+0500] {processor.py:183} INFO - Processing /home/awahab02/mlops_assignment_2/myenv/lib/python3.10/site-packages/airflow/example_dags/example_params_ui_tutorial.py took 0.089 seconds
[2024-05-12T20:39:00.056+0500] {processor.py:161} INFO - Started process (PID=16346) to work on /home/awahab02/mlops_assignment_2/myenv/lib/python3.10/site-packages/airflow/example_dags/example_params_ui_tutorial.py
[2024-05-12T20:39:00.057+0500] {processor.py:830} INFO - Processing file /home/awahab02/mlops_assignment_2/myenv/lib/python3.10/site-packages/airflow/example_dags/example_params_ui_tutorial.py for tasks to queue
[2024-05-12T20:39:00.058+0500] {logging_mixin.py:188} INFO - [2024-05-12T20:39:00.058+0500] {dagbag.py:545} INFO - Filling up the DagBag from /home/awahab02/mlops_assignment_2/myenv/lib/python3.10/site-packages/airflow/example_dags/example_params_ui_tutorial.py
[2024-05-12T20:39:00.070+0500] {processor.py:840} INFO - DAG(s) 'example_params_ui_tutorial' retrieved from /home/awahab02/mlops_assignment_2/myenv/lib/python3.10/site-packages/airflow/example_dags/example_params_ui_tutorial.py
[2024-05-12T20:39:00.114+0500] {logging_mixin.py:188} INFO - [2024-05-12T20:39:00.114+0500] {dag.py:3096} INFO - Sync 1 DAGs
[2024-05-12T20:39:00.123+0500] {logging_mixin.py:188} INFO - [2024-05-12T20:39:00.123+0500] {dag.py:3954} INFO - Setting next_dagrun for example_params_ui_tutorial to None, run_after=None
[2024-05-12T20:39:00.148+0500] {processor.py:183} INFO - Processing /home/awahab02/mlops_assignment_2/myenv/lib/python3.10/site-packages/airflow/example_dags/example_params_ui_tutorial.py took 0.097 seconds
[2024-05-12T20:39:53.053+0500] {processor.py:161} INFO - Started process (PID=16657) to work on /home/awahab02/mlops_assignment_2/myenv/lib/python3.10/site-packages/airflow/example_dags/example_params_ui_tutorial.py
[2024-05-12T20:39:53.101+0500] {processor.py:830} INFO - Processing file /home/awahab02/mlops_assignment_2/myenv/lib/python3.10/site-packages/airflow/example_dags/example_params_ui_tutorial.py for tasks to queue
[2024-05-12T20:39:53.102+0500] {logging_mixin.py:188} INFO - [2024-05-12T20:39:53.102+0500] {dagbag.py:545} INFO - Filling up the DagBag from /home/awahab02/mlops_assignment_2/myenv/lib/python3.10/site-packages/airflow/example_dags/example_params_ui_tutorial.py
[2024-05-12T20:39:53.112+0500] {processor.py:840} INFO - DAG(s) 'example_params_ui_tutorial' retrieved from /home/awahab02/mlops_assignment_2/myenv/lib/python3.10/site-packages/airflow/example_dags/example_params_ui_tutorial.py
[2024-05-12T20:39:53.147+0500] {logging_mixin.py:188} INFO - [2024-05-12T20:39:53.147+0500] {dag.py:3096} INFO - Sync 1 DAGs
[2024-05-12T20:39:53.155+0500] {logging_mixin.py:188} INFO - [2024-05-12T20:39:53.155+0500] {dag.py:3954} INFO - Setting next_dagrun for example_params_ui_tutorial to None, run_after=None
[2024-05-12T20:39:53.180+0500] {processor.py:183} INFO - Processing /home/awahab02/mlops_assignment_2/myenv/lib/python3.10/site-packages/airflow/example_dags/example_params_ui_tutorial.py took 0.132 seconds
[2024-05-12T20:40:44.836+0500] {processor.py:161} INFO - Started process (PID=16960) to work on /home/awahab02/mlops_assignment_2/myenv/lib/python3.10/site-packages/airflow/example_dags/example_params_ui_tutorial.py
[2024-05-12T20:40:44.837+0500] {processor.py:830} INFO - Processing file /home/awahab02/mlops_assignment_2/myenv/lib/python3.10/site-packages/airflow/example_dags/example_params_ui_tutorial.py for tasks to queue
[2024-05-12T20:40:44.838+0500] {logging_mixin.py:188} INFO - [2024-05-12T20:40:44.838+0500] {dagbag.py:545} INFO - Filling up the DagBag from /home/awahab02/mlops_assignment_2/myenv/lib/python3.10/site-packages/airflow/example_dags/example_params_ui_tutorial.py
[2024-05-12T20:40:44.850+0500] {processor.py:840} INFO - DAG(s) 'example_params_ui_tutorial' retrieved from /home/awahab02/mlops_assignment_2/myenv/lib/python3.10/site-packages/airflow/example_dags/example_params_ui_tutorial.py
[2024-05-12T20:40:44.886+0500] {logging_mixin.py:188} INFO - [2024-05-12T20:40:44.886+0500] {dag.py:3096} INFO - Sync 1 DAGs
[2024-05-12T20:40:44.895+0500] {logging_mixin.py:188} INFO - [2024-05-12T20:40:44.895+0500] {dag.py:3954} INFO - Setting next_dagrun for example_params_ui_tutorial to None, run_after=None
[2024-05-12T20:40:44.920+0500] {processor.py:183} INFO - Processing /home/awahab02/mlops_assignment_2/myenv/lib/python3.10/site-packages/airflow/example_dags/example_params_ui_tutorial.py took 0.091 seconds
