[2024-05-12T20:20:38.760+0500] {processor.py:161} INFO - Started process (PID=9262) to work on /home/awahab02/mlops_assignment_2/myenv/lib/python3.10/site-packages/airflow/example_dags/example_python_decorator.py
[2024-05-12T20:20:38.761+0500] {processor.py:830} INFO - Processing file /home/awahab02/mlops_assignment_2/myenv/lib/python3.10/site-packages/airflow/example_dags/example_python_decorator.py for tasks to queue
[2024-05-12T20:20:38.762+0500] {logging_mixin.py:188} INFO - [2024-05-12T20:20:38.762+0500] {dagbag.py:545} INFO - Filling up the DagBag from /home/awahab02/mlops_assignment_2/myenv/lib/python3.10/site-packages/airflow/example_dags/example_python_decorator.py
[2024-05-12T20:20:38.849+0500] {logging_mixin.py:188} INFO - [2024-05-12T20:20:38.849+0500] {example_python_decorator.py:80} WARNING - The virtalenv_python example task requires virtualenv, please install it.
[2024-05-12T20:20:38.850+0500] {processor.py:840} INFO - DAG(s) 'example_python_decorator' retrieved from /home/awahab02/mlops_assignment_2/myenv/lib/python3.10/site-packages/airflow/example_dags/example_python_decorator.py
[2024-05-12T20:20:39.081+0500] {logging_mixin.py:188} INFO - [2024-05-12T20:20:39.080+0500] {override.py:1829} INFO - Created Permission View: can read on DAG:example_python_decorator
[2024-05-12T20:20:39.633+0500] {logging_mixin.py:188} INFO - [2024-05-12T20:20:39.633+0500] {override.py:1829} INFO - Created Permission View: can edit on DAG:example_python_decorator
[2024-05-12T20:20:39.651+0500] {logging_mixin.py:188} INFO - [2024-05-12T20:20:39.651+0500] {override.py:1829} INFO - Created Permission View: can delete on DAG:example_python_decorator
[2024-05-12T20:20:39.652+0500] {logging_mixin.py:188} INFO - [2024-05-12T20:20:39.652+0500] {dag.py:3096} INFO - Sync 1 DAGs
[2024-05-12T20:20:39.743+0500] {logging_mixin.py:188} INFO - [2024-05-12T20:20:39.743+0500] {dag.py:3118} INFO - Creating ORM DAG for example_python_decorator
[2024-05-12T20:20:39.744+0500] {logging_mixin.py:188} INFO - [2024-05-12T20:20:39.744+0500] {dag.py:3954} INFO - Setting next_dagrun for example_python_decorator to None, run_after=None
[2024-05-12T20:20:40.035+0500] {processor.py:183} INFO - Processing /home/awahab02/mlops_assignment_2/myenv/lib/python3.10/site-packages/airflow/example_dags/example_python_decorator.py took 1.281 seconds
[2024-05-12T20:21:37.449+0500] {processor.py:161} INFO - Started process (PID=9595) to work on /home/awahab02/mlops_assignment_2/myenv/lib/python3.10/site-packages/airflow/example_dags/example_python_decorator.py
[2024-05-12T20:21:37.485+0500] {processor.py:830} INFO - Processing file /home/awahab02/mlops_assignment_2/myenv/lib/python3.10/site-packages/airflow/example_dags/example_python_decorator.py for tasks to queue
[2024-05-12T20:21:37.487+0500] {logging_mixin.py:188} INFO - [2024-05-12T20:21:37.486+0500] {dagbag.py:545} INFO - Filling up the DagBag from /home/awahab02/mlops_assignment_2/myenv/lib/python3.10/site-packages/airflow/example_dags/example_python_decorator.py
[2024-05-12T20:21:37.553+0500] {logging_mixin.py:188} INFO - [2024-05-12T20:21:37.553+0500] {example_python_decorator.py:80} WARNING - The virtalenv_python example task requires virtualenv, please install it.
[2024-05-12T20:21:37.553+0500] {processor.py:840} INFO - DAG(s) 'example_python_decorator' retrieved from /home/awahab02/mlops_assignment_2/myenv/lib/python3.10/site-packages/airflow/example_dags/example_python_decorator.py
[2024-05-12T20:21:37.567+0500] {logging_mixin.py:188} INFO - [2024-05-12T20:21:37.567+0500] {dag.py:3096} INFO - Sync 1 DAGs
[2024-05-12T20:21:37.577+0500] {logging_mixin.py:188} INFO - [2024-05-12T20:21:37.576+0500] {dag.py:3954} INFO - Setting next_dagrun for example_python_decorator to None, run_after=None
[2024-05-12T20:21:37.603+0500] {processor.py:183} INFO - Processing /home/awahab02/mlops_assignment_2/myenv/lib/python3.10/site-packages/airflow/example_dags/example_python_decorator.py took 0.161 seconds
[2024-05-12T20:22:27.438+0500] {processor.py:161} INFO - Started process (PID=9798) to work on /home/awahab02/mlops_assignment_2/myenv/lib/python3.10/site-packages/airflow/example_dags/example_python_decorator.py
[2024-05-12T20:22:27.451+0500] {processor.py:830} INFO - Processing file /home/awahab02/mlops_assignment_2/myenv/lib/python3.10/site-packages/airflow/example_dags/example_python_decorator.py for tasks to queue
[2024-05-12T20:22:27.452+0500] {logging_mixin.py:188} INFO - [2024-05-12T20:22:27.452+0500] {dagbag.py:545} INFO - Filling up the DagBag from /home/awahab02/mlops_assignment_2/myenv/lib/python3.10/site-packages/airflow/example_dags/example_python_decorator.py
[2024-05-12T20:22:27.507+0500] {logging_mixin.py:188} INFO - [2024-05-12T20:22:27.506+0500] {example_python_decorator.py:80} WARNING - The virtalenv_python example task requires virtualenv, please install it.
[2024-05-12T20:22:27.507+0500] {processor.py:840} INFO - DAG(s) 'example_python_decorator' retrieved from /home/awahab02/mlops_assignment_2/myenv/lib/python3.10/site-packages/airflow/example_dags/example_python_decorator.py
[2024-05-12T20:22:27.520+0500] {logging_mixin.py:188} INFO - [2024-05-12T20:22:27.520+0500] {dag.py:3096} INFO - Sync 1 DAGs
[2024-05-12T20:22:27.529+0500] {logging_mixin.py:188} INFO - [2024-05-12T20:22:27.529+0500] {dag.py:3954} INFO - Setting next_dagrun for example_python_decorator to None, run_after=None
[2024-05-12T20:22:27.554+0500] {processor.py:183} INFO - Processing /home/awahab02/mlops_assignment_2/myenv/lib/python3.10/site-packages/airflow/example_dags/example_python_decorator.py took 0.123 seconds
[2024-05-12T20:23:11.785+0500] {processor.py:161} INFO - Started process (PID=10098) to work on /home/awahab02/mlops_assignment_2/myenv/lib/python3.10/site-packages/airflow/example_dags/example_python_decorator.py
[2024-05-12T20:23:11.829+0500] {processor.py:830} INFO - Processing file /home/awahab02/mlops_assignment_2/myenv/lib/python3.10/site-packages/airflow/example_dags/example_python_decorator.py for tasks to queue
[2024-05-12T20:23:11.831+0500] {logging_mixin.py:188} INFO - [2024-05-12T20:23:11.830+0500] {dagbag.py:545} INFO - Filling up the DagBag from /home/awahab02/mlops_assignment_2/myenv/lib/python3.10/site-packages/airflow/example_dags/example_python_decorator.py
[2024-05-12T20:23:11.897+0500] {logging_mixin.py:188} INFO - [2024-05-12T20:23:11.897+0500] {example_python_decorator.py:80} WARNING - The virtalenv_python example task requires virtualenv, please install it.
[2024-05-12T20:23:11.898+0500] {processor.py:840} INFO - DAG(s) 'example_python_decorator' retrieved from /home/awahab02/mlops_assignment_2/myenv/lib/python3.10/site-packages/airflow/example_dags/example_python_decorator.py
[2024-05-12T20:23:11.912+0500] {logging_mixin.py:188} INFO - [2024-05-12T20:23:11.912+0500] {dag.py:3096} INFO - Sync 1 DAGs
[2024-05-12T20:23:11.922+0500] {logging_mixin.py:188} INFO - [2024-05-12T20:23:11.921+0500] {dag.py:3954} INFO - Setting next_dagrun for example_python_decorator to None, run_after=None
[2024-05-12T20:23:11.949+0500] {processor.py:183} INFO - Processing /home/awahab02/mlops_assignment_2/myenv/lib/python3.10/site-packages/airflow/example_dags/example_python_decorator.py took 0.170 seconds
[2024-05-12T20:24:11.324+0500] {processor.py:161} INFO - Started process (PID=10535) to work on /home/awahab02/mlops_assignment_2/myenv/lib/python3.10/site-packages/airflow/example_dags/example_python_decorator.py
[2024-05-12T20:24:11.326+0500] {processor.py:830} INFO - Processing file /home/awahab02/mlops_assignment_2/myenv/lib/python3.10/site-packages/airflow/example_dags/example_python_decorator.py for tasks to queue
[2024-05-12T20:24:11.328+0500] {logging_mixin.py:188} INFO - [2024-05-12T20:24:11.327+0500] {dagbag.py:545} INFO - Filling up the DagBag from /home/awahab02/mlops_assignment_2/myenv/lib/python3.10/site-packages/airflow/example_dags/example_python_decorator.py
[2024-05-12T20:24:11.398+0500] {logging_mixin.py:188} INFO - [2024-05-12T20:24:11.398+0500] {example_python_decorator.py:80} WARNING - The virtalenv_python example task requires virtualenv, please install it.
[2024-05-12T20:24:11.399+0500] {processor.py:840} INFO - DAG(s) 'example_python_decorator' retrieved from /home/awahab02/mlops_assignment_2/myenv/lib/python3.10/site-packages/airflow/example_dags/example_python_decorator.py
[2024-05-12T20:24:11.412+0500] {logging_mixin.py:188} INFO - [2024-05-12T20:24:11.412+0500] {dag.py:3096} INFO - Sync 1 DAGs
[2024-05-12T20:24:11.422+0500] {logging_mixin.py:188} INFO - [2024-05-12T20:24:11.422+0500] {dag.py:3954} INFO - Setting next_dagrun for example_python_decorator to None, run_after=None
[2024-05-12T20:24:11.447+0500] {processor.py:183} INFO - Processing /home/awahab02/mlops_assignment_2/myenv/lib/python3.10/site-packages/airflow/example_dags/example_python_decorator.py took 0.133 seconds
[2024-05-12T20:24:50.920+0500] {processor.py:161} INFO - Started process (PID=10728) to work on /home/awahab02/mlops_assignment_2/myenv/lib/python3.10/site-packages/airflow/example_dags/example_python_decorator.py
[2024-05-12T20:24:50.960+0500] {processor.py:830} INFO - Processing file /home/awahab02/mlops_assignment_2/myenv/lib/python3.10/site-packages/airflow/example_dags/example_python_decorator.py for tasks to queue
[2024-05-12T20:24:50.962+0500] {logging_mixin.py:188} INFO - [2024-05-12T20:24:50.961+0500] {dagbag.py:545} INFO - Filling up the DagBag from /home/awahab02/mlops_assignment_2/myenv/lib/python3.10/site-packages/airflow/example_dags/example_python_decorator.py
[2024-05-12T20:24:51.057+0500] {logging_mixin.py:188} INFO - [2024-05-12T20:24:51.056+0500] {example_python_decorator.py:80} WARNING - The virtalenv_python example task requires virtualenv, please install it.
[2024-05-12T20:24:51.057+0500] {processor.py:840} INFO - DAG(s) 'example_python_decorator' retrieved from /home/awahab02/mlops_assignment_2/myenv/lib/python3.10/site-packages/airflow/example_dags/example_python_decorator.py
[2024-05-12T20:24:51.070+0500] {logging_mixin.py:188} INFO - [2024-05-12T20:24:51.070+0500] {dag.py:3096} INFO - Sync 1 DAGs
[2024-05-12T20:24:51.081+0500] {logging_mixin.py:188} INFO - [2024-05-12T20:24:51.081+0500] {dag.py:3954} INFO - Setting next_dagrun for example_python_decorator to None, run_after=None
[2024-05-12T20:24:51.116+0500] {processor.py:183} INFO - Processing /home/awahab02/mlops_assignment_2/myenv/lib/python3.10/site-packages/airflow/example_dags/example_python_decorator.py took 0.201 seconds
[2024-05-12T20:25:34.112+0500] {processor.py:161} INFO - Started process (PID=10915) to work on /home/awahab02/mlops_assignment_2/myenv/lib/python3.10/site-packages/airflow/example_dags/example_python_decorator.py
[2024-05-12T20:25:34.113+0500] {processor.py:830} INFO - Processing file /home/awahab02/mlops_assignment_2/myenv/lib/python3.10/site-packages/airflow/example_dags/example_python_decorator.py for tasks to queue
[2024-05-12T20:25:34.114+0500] {logging_mixin.py:188} INFO - [2024-05-12T20:25:34.114+0500] {dagbag.py:545} INFO - Filling up the DagBag from /home/awahab02/mlops_assignment_2/myenv/lib/python3.10/site-packages/airflow/example_dags/example_python_decorator.py
[2024-05-12T20:25:34.174+0500] {logging_mixin.py:188} INFO - [2024-05-12T20:25:34.174+0500] {example_python_decorator.py:80} WARNING - The virtalenv_python example task requires virtualenv, please install it.
[2024-05-12T20:25:34.174+0500] {processor.py:840} INFO - DAG(s) 'example_python_decorator' retrieved from /home/awahab02/mlops_assignment_2/myenv/lib/python3.10/site-packages/airflow/example_dags/example_python_decorator.py
[2024-05-12T20:25:34.190+0500] {logging_mixin.py:188} INFO - [2024-05-12T20:25:34.190+0500] {dag.py:3096} INFO - Sync 1 DAGs
[2024-05-12T20:25:34.199+0500] {logging_mixin.py:188} INFO - [2024-05-12T20:25:34.199+0500] {dag.py:3954} INFO - Setting next_dagrun for example_python_decorator to None, run_after=None
[2024-05-12T20:25:34.225+0500] {processor.py:183} INFO - Processing /home/awahab02/mlops_assignment_2/myenv/lib/python3.10/site-packages/airflow/example_dags/example_python_decorator.py took 0.118 seconds
[2024-05-12T20:26:16.386+0500] {processor.py:161} INFO - Started process (PID=11150) to work on /home/awahab02/mlops_assignment_2/myenv/lib/python3.10/site-packages/airflow/example_dags/example_python_decorator.py
[2024-05-12T20:26:16.418+0500] {processor.py:830} INFO - Processing file /home/awahab02/mlops_assignment_2/myenv/lib/python3.10/site-packages/airflow/example_dags/example_python_decorator.py for tasks to queue
[2024-05-12T20:26:16.419+0500] {logging_mixin.py:188} INFO - [2024-05-12T20:26:16.419+0500] {dagbag.py:545} INFO - Filling up the DagBag from /home/awahab02/mlops_assignment_2/myenv/lib/python3.10/site-packages/airflow/example_dags/example_python_decorator.py
[2024-05-12T20:26:16.490+0500] {logging_mixin.py:188} INFO - [2024-05-12T20:26:16.490+0500] {example_python_decorator.py:80} WARNING - The virtalenv_python example task requires virtualenv, please install it.
[2024-05-12T20:26:16.491+0500] {processor.py:840} INFO - DAG(s) 'example_python_decorator' retrieved from /home/awahab02/mlops_assignment_2/myenv/lib/python3.10/site-packages/airflow/example_dags/example_python_decorator.py
[2024-05-12T20:26:16.506+0500] {logging_mixin.py:188} INFO - [2024-05-12T20:26:16.506+0500] {dag.py:3096} INFO - Sync 1 DAGs
[2024-05-12T20:26:16.516+0500] {logging_mixin.py:188} INFO - [2024-05-12T20:26:16.516+0500] {dag.py:3954} INFO - Setting next_dagrun for example_python_decorator to None, run_after=None
[2024-05-12T20:26:16.544+0500] {processor.py:183} INFO - Processing /home/awahab02/mlops_assignment_2/myenv/lib/python3.10/site-packages/airflow/example_dags/example_python_decorator.py took 0.163 seconds
[2024-05-12T20:26:59.711+0500] {processor.py:161} INFO - Started process (PID=11492) to work on /home/awahab02/mlops_assignment_2/myenv/lib/python3.10/site-packages/airflow/example_dags/example_python_decorator.py
[2024-05-12T20:26:59.742+0500] {processor.py:830} INFO - Processing file /home/awahab02/mlops_assignment_2/myenv/lib/python3.10/site-packages/airflow/example_dags/example_python_decorator.py for tasks to queue
[2024-05-12T20:26:59.743+0500] {logging_mixin.py:188} INFO - [2024-05-12T20:26:59.743+0500] {dagbag.py:545} INFO - Filling up the DagBag from /home/awahab02/mlops_assignment_2/myenv/lib/python3.10/site-packages/airflow/example_dags/example_python_decorator.py
[2024-05-12T20:26:59.809+0500] {logging_mixin.py:188} INFO - [2024-05-12T20:26:59.809+0500] {example_python_decorator.py:80} WARNING - The virtalenv_python example task requires virtualenv, please install it.
[2024-05-12T20:26:59.810+0500] {processor.py:840} INFO - DAG(s) 'example_python_decorator' retrieved from /home/awahab02/mlops_assignment_2/myenv/lib/python3.10/site-packages/airflow/example_dags/example_python_decorator.py
[2024-05-12T20:26:59.824+0500] {logging_mixin.py:188} INFO - [2024-05-12T20:26:59.824+0500] {dag.py:3096} INFO - Sync 1 DAGs
[2024-05-12T20:26:59.833+0500] {logging_mixin.py:188} INFO - [2024-05-12T20:26:59.832+0500] {dag.py:3954} INFO - Setting next_dagrun for example_python_decorator to None, run_after=None
[2024-05-12T20:26:59.858+0500] {processor.py:183} INFO - Processing /home/awahab02/mlops_assignment_2/myenv/lib/python3.10/site-packages/airflow/example_dags/example_python_decorator.py took 0.152 seconds
[2024-05-12T20:27:48.122+0500] {processor.py:161} INFO - Started process (PID=11935) to work on /home/awahab02/mlops_assignment_2/myenv/lib/python3.10/site-packages/airflow/example_dags/example_python_decorator.py
[2024-05-12T20:27:48.124+0500] {processor.py:830} INFO - Processing file /home/awahab02/mlops_assignment_2/myenv/lib/python3.10/site-packages/airflow/example_dags/example_python_decorator.py for tasks to queue
[2024-05-12T20:27:48.126+0500] {logging_mixin.py:188} INFO - [2024-05-12T20:27:48.125+0500] {dagbag.py:545} INFO - Filling up the DagBag from /home/awahab02/mlops_assignment_2/myenv/lib/python3.10/site-packages/airflow/example_dags/example_python_decorator.py
[2024-05-12T20:27:48.192+0500] {logging_mixin.py:188} INFO - [2024-05-12T20:27:48.192+0500] {example_python_decorator.py:80} WARNING - The virtalenv_python example task requires virtualenv, please install it.
[2024-05-12T20:27:48.193+0500] {processor.py:840} INFO - DAG(s) 'example_python_decorator' retrieved from /home/awahab02/mlops_assignment_2/myenv/lib/python3.10/site-packages/airflow/example_dags/example_python_decorator.py
[2024-05-12T20:27:48.208+0500] {logging_mixin.py:188} INFO - [2024-05-12T20:27:48.207+0500] {dag.py:3096} INFO - Sync 1 DAGs
[2024-05-12T20:27:48.216+0500] {logging_mixin.py:188} INFO - [2024-05-12T20:27:48.216+0500] {dag.py:3954} INFO - Setting next_dagrun for example_python_decorator to None, run_after=None
[2024-05-12T20:27:48.239+0500] {processor.py:183} INFO - Processing /home/awahab02/mlops_assignment_2/myenv/lib/python3.10/site-packages/airflow/example_dags/example_python_decorator.py took 0.122 seconds
[2024-05-12T20:28:39.684+0500] {processor.py:161} INFO - Started process (PID=12210) to work on /home/awahab02/mlops_assignment_2/myenv/lib/python3.10/site-packages/airflow/example_dags/example_python_decorator.py
[2024-05-12T20:28:39.685+0500] {processor.py:830} INFO - Processing file /home/awahab02/mlops_assignment_2/myenv/lib/python3.10/site-packages/airflow/example_dags/example_python_decorator.py for tasks to queue
[2024-05-12T20:28:39.686+0500] {logging_mixin.py:188} INFO - [2024-05-12T20:28:39.686+0500] {dagbag.py:545} INFO - Filling up the DagBag from /home/awahab02/mlops_assignment_2/myenv/lib/python3.10/site-packages/airflow/example_dags/example_python_decorator.py
[2024-05-12T20:28:39.754+0500] {logging_mixin.py:188} INFO - [2024-05-12T20:28:39.754+0500] {example_python_decorator.py:80} WARNING - The virtalenv_python example task requires virtualenv, please install it.
[2024-05-12T20:28:39.754+0500] {processor.py:840} INFO - DAG(s) 'example_python_decorator' retrieved from /home/awahab02/mlops_assignment_2/myenv/lib/python3.10/site-packages/airflow/example_dags/example_python_decorator.py
[2024-05-12T20:28:39.767+0500] {logging_mixin.py:188} INFO - [2024-05-12T20:28:39.767+0500] {dag.py:3096} INFO - Sync 1 DAGs
[2024-05-12T20:28:39.777+0500] {logging_mixin.py:188} INFO - [2024-05-12T20:28:39.777+0500] {dag.py:3954} INFO - Setting next_dagrun for example_python_decorator to None, run_after=None
[2024-05-12T20:28:39.804+0500] {processor.py:183} INFO - Processing /home/awahab02/mlops_assignment_2/myenv/lib/python3.10/site-packages/airflow/example_dags/example_python_decorator.py took 0.125 seconds
[2024-05-12T20:29:33.214+0500] {processor.py:161} INFO - Started process (PID=12463) to work on /home/awahab02/mlops_assignment_2/myenv/lib/python3.10/site-packages/airflow/example_dags/example_python_decorator.py
[2024-05-12T20:29:33.217+0500] {processor.py:830} INFO - Processing file /home/awahab02/mlops_assignment_2/myenv/lib/python3.10/site-packages/airflow/example_dags/example_python_decorator.py for tasks to queue
[2024-05-12T20:29:33.219+0500] {logging_mixin.py:188} INFO - [2024-05-12T20:29:33.219+0500] {dagbag.py:545} INFO - Filling up the DagBag from /home/awahab02/mlops_assignment_2/myenv/lib/python3.10/site-packages/airflow/example_dags/example_python_decorator.py
[2024-05-12T20:29:33.294+0500] {logging_mixin.py:188} INFO - [2024-05-12T20:29:33.293+0500] {example_python_decorator.py:80} WARNING - The virtalenv_python example task requires virtualenv, please install it.
[2024-05-12T20:29:33.294+0500] {processor.py:840} INFO - DAG(s) 'example_python_decorator' retrieved from /home/awahab02/mlops_assignment_2/myenv/lib/python3.10/site-packages/airflow/example_dags/example_python_decorator.py
[2024-05-12T20:29:33.312+0500] {logging_mixin.py:188} INFO - [2024-05-12T20:29:33.311+0500] {dag.py:3096} INFO - Sync 1 DAGs
[2024-05-12T20:29:33.323+0500] {logging_mixin.py:188} INFO - [2024-05-12T20:29:33.323+0500] {dag.py:3954} INFO - Setting next_dagrun for example_python_decorator to None, run_after=None
[2024-05-12T20:29:33.356+0500] {processor.py:183} INFO - Processing /home/awahab02/mlops_assignment_2/myenv/lib/python3.10/site-packages/airflow/example_dags/example_python_decorator.py took 0.148 seconds
[2024-05-12T20:30:53.723+0500] {processor.py:161} INFO - Started process (PID=13115) to work on /home/awahab02/mlops_assignment_2/myenv/lib/python3.10/site-packages/airflow/example_dags/example_python_decorator.py
[2024-05-12T20:30:53.747+0500] {processor.py:830} INFO - Processing file /home/awahab02/mlops_assignment_2/myenv/lib/python3.10/site-packages/airflow/example_dags/example_python_decorator.py for tasks to queue
[2024-05-12T20:30:53.749+0500] {logging_mixin.py:188} INFO - [2024-05-12T20:30:53.748+0500] {dagbag.py:545} INFO - Filling up the DagBag from /home/awahab02/mlops_assignment_2/myenv/lib/python3.10/site-packages/airflow/example_dags/example_python_decorator.py
[2024-05-12T20:30:53.817+0500] {logging_mixin.py:188} INFO - [2024-05-12T20:30:53.817+0500] {example_python_decorator.py:80} WARNING - The virtalenv_python example task requires virtualenv, please install it.
[2024-05-12T20:30:53.818+0500] {processor.py:840} INFO - DAG(s) 'example_python_decorator' retrieved from /home/awahab02/mlops_assignment_2/myenv/lib/python3.10/site-packages/airflow/example_dags/example_python_decorator.py
[2024-05-12T20:30:53.831+0500] {logging_mixin.py:188} INFO - [2024-05-12T20:30:53.831+0500] {dag.py:3096} INFO - Sync 1 DAGs
[2024-05-12T20:30:53.841+0500] {logging_mixin.py:188} INFO - [2024-05-12T20:30:53.841+0500] {dag.py:3954} INFO - Setting next_dagrun for example_python_decorator to None, run_after=None
[2024-05-12T20:30:53.867+0500] {processor.py:183} INFO - Processing /home/awahab02/mlops_assignment_2/myenv/lib/python3.10/site-packages/airflow/example_dags/example_python_decorator.py took 0.150 seconds
[2024-05-12T20:31:44.426+0500] {processor.py:161} INFO - Started process (PID=13352) to work on /home/awahab02/mlops_assignment_2/myenv/lib/python3.10/site-packages/airflow/example_dags/example_python_decorator.py
[2024-05-12T20:31:44.454+0500] {processor.py:830} INFO - Processing file /home/awahab02/mlops_assignment_2/myenv/lib/python3.10/site-packages/airflow/example_dags/example_python_decorator.py for tasks to queue
[2024-05-12T20:31:44.456+0500] {logging_mixin.py:188} INFO - [2024-05-12T20:31:44.455+0500] {dagbag.py:545} INFO - Filling up the DagBag from /home/awahab02/mlops_assignment_2/myenv/lib/python3.10/site-packages/airflow/example_dags/example_python_decorator.py
[2024-05-12T20:31:44.524+0500] {logging_mixin.py:188} INFO - [2024-05-12T20:31:44.524+0500] {example_python_decorator.py:80} WARNING - The virtalenv_python example task requires virtualenv, please install it.
[2024-05-12T20:31:44.524+0500] {processor.py:840} INFO - DAG(s) 'example_python_decorator' retrieved from /home/awahab02/mlops_assignment_2/myenv/lib/python3.10/site-packages/airflow/example_dags/example_python_decorator.py
[2024-05-12T20:31:44.538+0500] {logging_mixin.py:188} INFO - [2024-05-12T20:31:44.538+0500] {dag.py:3096} INFO - Sync 1 DAGs
[2024-05-12T20:31:44.547+0500] {logging_mixin.py:188} INFO - [2024-05-12T20:31:44.547+0500] {dag.py:3954} INFO - Setting next_dagrun for example_python_decorator to None, run_after=None
[2024-05-12T20:31:44.573+0500] {processor.py:183} INFO - Processing /home/awahab02/mlops_assignment_2/myenv/lib/python3.10/site-packages/airflow/example_dags/example_python_decorator.py took 0.151 seconds
[2024-05-12T20:34:28.364+0500] {processor.py:161} INFO - Started process (PID=14529) to work on /home/awahab02/mlops_assignment_2/myenv/lib/python3.10/site-packages/airflow/example_dags/example_python_decorator.py
[2024-05-12T20:34:28.407+0500] {processor.py:830} INFO - Processing file /home/awahab02/mlops_assignment_2/myenv/lib/python3.10/site-packages/airflow/example_dags/example_python_decorator.py for tasks to queue
[2024-05-12T20:34:28.408+0500] {logging_mixin.py:188} INFO - [2024-05-12T20:34:28.408+0500] {dagbag.py:545} INFO - Filling up the DagBag from /home/awahab02/mlops_assignment_2/myenv/lib/python3.10/site-packages/airflow/example_dags/example_python_decorator.py
[2024-05-12T20:34:28.478+0500] {logging_mixin.py:188} INFO - [2024-05-12T20:34:28.478+0500] {example_python_decorator.py:80} WARNING - The virtalenv_python example task requires virtualenv, please install it.
[2024-05-12T20:34:28.479+0500] {processor.py:840} INFO - DAG(s) 'example_python_decorator' retrieved from /home/awahab02/mlops_assignment_2/myenv/lib/python3.10/site-packages/airflow/example_dags/example_python_decorator.py
[2024-05-12T20:34:28.493+0500] {logging_mixin.py:188} INFO - [2024-05-12T20:34:28.493+0500] {dag.py:3096} INFO - Sync 1 DAGs
[2024-05-12T20:34:28.502+0500] {logging_mixin.py:188} INFO - [2024-05-12T20:34:28.502+0500] {dag.py:3954} INFO - Setting next_dagrun for example_python_decorator to None, run_after=None
[2024-05-12T20:34:28.528+0500] {processor.py:183} INFO - Processing /home/awahab02/mlops_assignment_2/myenv/lib/python3.10/site-packages/airflow/example_dags/example_python_decorator.py took 0.169 seconds
[2024-05-12T20:35:20.655+0500] {processor.py:161} INFO - Started process (PID=14821) to work on /home/awahab02/mlops_assignment_2/myenv/lib/python3.10/site-packages/airflow/example_dags/example_python_decorator.py
[2024-05-12T20:35:20.657+0500] {processor.py:830} INFO - Processing file /home/awahab02/mlops_assignment_2/myenv/lib/python3.10/site-packages/airflow/example_dags/example_python_decorator.py for tasks to queue
[2024-05-12T20:35:20.658+0500] {logging_mixin.py:188} INFO - [2024-05-12T20:35:20.657+0500] {dagbag.py:545} INFO - Filling up the DagBag from /home/awahab02/mlops_assignment_2/myenv/lib/python3.10/site-packages/airflow/example_dags/example_python_decorator.py
[2024-05-12T20:35:20.732+0500] {logging_mixin.py:188} INFO - [2024-05-12T20:35:20.731+0500] {example_python_decorator.py:80} WARNING - The virtalenv_python example task requires virtualenv, please install it.
[2024-05-12T20:35:20.732+0500] {processor.py:840} INFO - DAG(s) 'example_python_decorator' retrieved from /home/awahab02/mlops_assignment_2/myenv/lib/python3.10/site-packages/airflow/example_dags/example_python_decorator.py
[2024-05-12T20:35:20.746+0500] {logging_mixin.py:188} INFO - [2024-05-12T20:35:20.745+0500] {dag.py:3096} INFO - Sync 1 DAGs
[2024-05-12T20:35:20.756+0500] {logging_mixin.py:188} INFO - [2024-05-12T20:35:20.756+0500] {dag.py:3954} INFO - Setting next_dagrun for example_python_decorator to None, run_after=None
[2024-05-12T20:35:20.782+0500] {processor.py:183} INFO - Processing /home/awahab02/mlops_assignment_2/myenv/lib/python3.10/site-packages/airflow/example_dags/example_python_decorator.py took 0.134 seconds
[2024-05-12T20:36:14.235+0500] {processor.py:161} INFO - Started process (PID=15068) to work on /home/awahab02/mlops_assignment_2/myenv/lib/python3.10/site-packages/airflow/example_dags/example_python_decorator.py
[2024-05-12T20:36:14.236+0500] {processor.py:830} INFO - Processing file /home/awahab02/mlops_assignment_2/myenv/lib/python3.10/site-packages/airflow/example_dags/example_python_decorator.py for tasks to queue
[2024-05-12T20:36:14.237+0500] {logging_mixin.py:188} INFO - [2024-05-12T20:36:14.237+0500] {dagbag.py:545} INFO - Filling up the DagBag from /home/awahab02/mlops_assignment_2/myenv/lib/python3.10/site-packages/airflow/example_dags/example_python_decorator.py
[2024-05-12T20:36:14.293+0500] {logging_mixin.py:188} INFO - [2024-05-12T20:36:14.293+0500] {example_python_decorator.py:80} WARNING - The virtalenv_python example task requires virtualenv, please install it.
[2024-05-12T20:36:14.293+0500] {processor.py:840} INFO - DAG(s) 'example_python_decorator' retrieved from /home/awahab02/mlops_assignment_2/myenv/lib/python3.10/site-packages/airflow/example_dags/example_python_decorator.py
[2024-05-12T20:36:14.306+0500] {logging_mixin.py:188} INFO - [2024-05-12T20:36:14.306+0500] {dag.py:3096} INFO - Sync 1 DAGs
[2024-05-12T20:36:14.315+0500] {logging_mixin.py:188} INFO - [2024-05-12T20:36:14.315+0500] {dag.py:3954} INFO - Setting next_dagrun for example_python_decorator to None, run_after=None
[2024-05-12T20:36:14.341+0500] {processor.py:183} INFO - Processing /home/awahab02/mlops_assignment_2/myenv/lib/python3.10/site-packages/airflow/example_dags/example_python_decorator.py took 0.111 seconds
[2024-05-12T20:37:01.894+0500] {processor.py:161} INFO - Started process (PID=15294) to work on /home/awahab02/mlops_assignment_2/myenv/lib/python3.10/site-packages/airflow/example_dags/example_python_decorator.py
[2024-05-12T20:37:01.896+0500] {processor.py:830} INFO - Processing file /home/awahab02/mlops_assignment_2/myenv/lib/python3.10/site-packages/airflow/example_dags/example_python_decorator.py for tasks to queue
[2024-05-12T20:37:01.897+0500] {logging_mixin.py:188} INFO - [2024-05-12T20:37:01.897+0500] {dagbag.py:545} INFO - Filling up the DagBag from /home/awahab02/mlops_assignment_2/myenv/lib/python3.10/site-packages/airflow/example_dags/example_python_decorator.py
[2024-05-12T20:37:01.965+0500] {logging_mixin.py:188} INFO - [2024-05-12T20:37:01.965+0500] {example_python_decorator.py:80} WARNING - The virtalenv_python example task requires virtualenv, please install it.
[2024-05-12T20:37:01.965+0500] {processor.py:840} INFO - DAG(s) 'example_python_decorator' retrieved from /home/awahab02/mlops_assignment_2/myenv/lib/python3.10/site-packages/airflow/example_dags/example_python_decorator.py
[2024-05-12T20:37:01.977+0500] {logging_mixin.py:188} INFO - [2024-05-12T20:37:01.977+0500] {dag.py:3096} INFO - Sync 1 DAGs
[2024-05-12T20:37:01.986+0500] {logging_mixin.py:188} INFO - [2024-05-12T20:37:01.986+0500] {dag.py:3954} INFO - Setting next_dagrun for example_python_decorator to None, run_after=None
[2024-05-12T20:37:02.012+0500] {processor.py:183} INFO - Processing /home/awahab02/mlops_assignment_2/myenv/lib/python3.10/site-packages/airflow/example_dags/example_python_decorator.py took 0.123 seconds
[2024-05-12T20:39:01.189+0500] {processor.py:161} INFO - Started process (PID=16347) to work on /home/awahab02/mlops_assignment_2/myenv/lib/python3.10/site-packages/airflow/example_dags/example_python_decorator.py
[2024-05-12T20:39:01.221+0500] {processor.py:830} INFO - Processing file /home/awahab02/mlops_assignment_2/myenv/lib/python3.10/site-packages/airflow/example_dags/example_python_decorator.py for tasks to queue
[2024-05-12T20:39:01.222+0500] {logging_mixin.py:188} INFO - [2024-05-12T20:39:01.222+0500] {dagbag.py:545} INFO - Filling up the DagBag from /home/awahab02/mlops_assignment_2/myenv/lib/python3.10/site-packages/airflow/example_dags/example_python_decorator.py
[2024-05-12T20:39:01.288+0500] {logging_mixin.py:188} INFO - [2024-05-12T20:39:01.288+0500] {example_python_decorator.py:80} WARNING - The virtalenv_python example task requires virtualenv, please install it.
[2024-05-12T20:39:01.288+0500] {processor.py:840} INFO - DAG(s) 'example_python_decorator' retrieved from /home/awahab02/mlops_assignment_2/myenv/lib/python3.10/site-packages/airflow/example_dags/example_python_decorator.py
[2024-05-12T20:39:01.304+0500] {logging_mixin.py:188} INFO - [2024-05-12T20:39:01.303+0500] {dag.py:3096} INFO - Sync 1 DAGs
[2024-05-12T20:39:01.312+0500] {logging_mixin.py:188} INFO - [2024-05-12T20:39:01.312+0500] {dag.py:3954} INFO - Setting next_dagrun for example_python_decorator to None, run_after=None
[2024-05-12T20:39:01.336+0500] {processor.py:183} INFO - Processing /home/awahab02/mlops_assignment_2/myenv/lib/python3.10/site-packages/airflow/example_dags/example_python_decorator.py took 0.152 seconds
[2024-05-12T20:39:54.218+0500] {processor.py:161} INFO - Started process (PID=16661) to work on /home/awahab02/mlops_assignment_2/myenv/lib/python3.10/site-packages/airflow/example_dags/example_python_decorator.py
[2024-05-12T20:39:54.220+0500] {processor.py:830} INFO - Processing file /home/awahab02/mlops_assignment_2/myenv/lib/python3.10/site-packages/airflow/example_dags/example_python_decorator.py for tasks to queue
[2024-05-12T20:39:54.221+0500] {logging_mixin.py:188} INFO - [2024-05-12T20:39:54.221+0500] {dagbag.py:545} INFO - Filling up the DagBag from /home/awahab02/mlops_assignment_2/myenv/lib/python3.10/site-packages/airflow/example_dags/example_python_decorator.py
[2024-05-12T20:39:54.299+0500] {logging_mixin.py:188} INFO - [2024-05-12T20:39:54.299+0500] {example_python_decorator.py:80} WARNING - The virtalenv_python example task requires virtualenv, please install it.
[2024-05-12T20:39:54.300+0500] {processor.py:840} INFO - DAG(s) 'example_python_decorator' retrieved from /home/awahab02/mlops_assignment_2/myenv/lib/python3.10/site-packages/airflow/example_dags/example_python_decorator.py
[2024-05-12T20:39:54.314+0500] {logging_mixin.py:188} INFO - [2024-05-12T20:39:54.314+0500] {dag.py:3096} INFO - Sync 1 DAGs
[2024-05-12T20:39:54.324+0500] {logging_mixin.py:188} INFO - [2024-05-12T20:39:54.324+0500] {dag.py:3954} INFO - Setting next_dagrun for example_python_decorator to None, run_after=None
[2024-05-12T20:39:54.350+0500] {processor.py:183} INFO - Processing /home/awahab02/mlops_assignment_2/myenv/lib/python3.10/site-packages/airflow/example_dags/example_python_decorator.py took 0.138 seconds
[2024-05-12T20:40:44.967+0500] {processor.py:161} INFO - Started process (PID=16961) to work on /home/awahab02/mlops_assignment_2/myenv/lib/python3.10/site-packages/airflow/example_dags/example_python_decorator.py
[2024-05-12T20:40:44.968+0500] {processor.py:830} INFO - Processing file /home/awahab02/mlops_assignment_2/myenv/lib/python3.10/site-packages/airflow/example_dags/example_python_decorator.py for tasks to queue
[2024-05-12T20:40:44.969+0500] {logging_mixin.py:188} INFO - [2024-05-12T20:40:44.969+0500] {dagbag.py:545} INFO - Filling up the DagBag from /home/awahab02/mlops_assignment_2/myenv/lib/python3.10/site-packages/airflow/example_dags/example_python_decorator.py
[2024-05-12T20:40:45.040+0500] {logging_mixin.py:188} INFO - [2024-05-12T20:40:45.039+0500] {example_python_decorator.py:80} WARNING - The virtalenv_python example task requires virtualenv, please install it.
[2024-05-12T20:40:45.040+0500] {processor.py:840} INFO - DAG(s) 'example_python_decorator' retrieved from /home/awahab02/mlops_assignment_2/myenv/lib/python3.10/site-packages/airflow/example_dags/example_python_decorator.py
[2024-05-12T20:40:45.053+0500] {logging_mixin.py:188} INFO - [2024-05-12T20:40:45.053+0500] {dag.py:3096} INFO - Sync 1 DAGs
[2024-05-12T20:40:45.062+0500] {logging_mixin.py:188} INFO - [2024-05-12T20:40:45.062+0500] {dag.py:3954} INFO - Setting next_dagrun for example_python_decorator to None, run_after=None
[2024-05-12T20:40:45.087+0500] {processor.py:183} INFO - Processing /home/awahab02/mlops_assignment_2/myenv/lib/python3.10/site-packages/airflow/example_dags/example_python_decorator.py took 0.124 seconds
