[2024-05-12T20:20:21.127+0500] {processor.py:161} INFO - Started process (PID=9125) to work on /home/awahab02/mlops_assignment_2/myenv/lib/python3.10/site-packages/airflow/example_dags/example_time_delta_sensor_async.py
[2024-05-12T20:20:21.128+0500] {processor.py:830} INFO - Processing file /home/awahab02/mlops_assignment_2/myenv/lib/python3.10/site-packages/airflow/example_dags/example_time_delta_sensor_async.py for tasks to queue
[2024-05-12T20:20:21.130+0500] {logging_mixin.py:188} INFO - [2024-05-12T20:20:21.130+0500] {dagbag.py:545} INFO - Filling up the DagBag from /home/awahab02/mlops_assignment_2/myenv/lib/python3.10/site-packages/airflow/example_dags/example_time_delta_sensor_async.py
[2024-05-12T20:20:21.140+0500] {processor.py:840} INFO - DAG(s) 'example_time_delta_sensor_async' retrieved from /home/awahab02/mlops_assignment_2/myenv/lib/python3.10/site-packages/airflow/example_dags/example_time_delta_sensor_async.py
[2024-05-12T20:20:21.336+0500] {logging_mixin.py:188} INFO - [2024-05-12T20:20:21.336+0500] {override.py:1829} INFO - Created Permission View: can read on DAG:example_time_delta_sensor_async
[2024-05-12T20:20:21.353+0500] {logging_mixin.py:188} INFO - [2024-05-12T20:20:21.352+0500] {override.py:1829} INFO - Created Permission View: can edit on DAG:example_time_delta_sensor_async
[2024-05-12T20:20:21.368+0500] {logging_mixin.py:188} INFO - [2024-05-12T20:20:21.367+0500] {override.py:1829} INFO - Created Permission View: can delete on DAG:example_time_delta_sensor_async
[2024-05-12T20:20:21.368+0500] {logging_mixin.py:188} INFO - [2024-05-12T20:20:21.368+0500] {dag.py:3096} INFO - Sync 1 DAGs
[2024-05-12T20:20:21.375+0500] {logging_mixin.py:188} INFO - [2024-05-12T20:20:21.375+0500] {dag.py:3118} INFO - Creating ORM DAG for example_time_delta_sensor_async
[2024-05-12T20:20:21.375+0500] {logging_mixin.py:188} INFO - [2024-05-12T20:20:21.375+0500] {dag.py:3954} INFO - Setting next_dagrun for example_time_delta_sensor_async to None, run_after=None
[2024-05-12T20:20:21.398+0500] {processor.py:183} INFO - Processing /home/awahab02/mlops_assignment_2/myenv/lib/python3.10/site-packages/airflow/example_dags/example_time_delta_sensor_async.py took 0.281 seconds
[2024-05-12T20:21:20.780+0500] {processor.py:161} INFO - Started process (PID=9530) to work on /home/awahab02/mlops_assignment_2/myenv/lib/python3.10/site-packages/airflow/example_dags/example_time_delta_sensor_async.py
[2024-05-12T20:21:20.781+0500] {processor.py:830} INFO - Processing file /home/awahab02/mlops_assignment_2/myenv/lib/python3.10/site-packages/airflow/example_dags/example_time_delta_sensor_async.py for tasks to queue
[2024-05-12T20:21:20.783+0500] {logging_mixin.py:188} INFO - [2024-05-12T20:21:20.783+0500] {dagbag.py:545} INFO - Filling up the DagBag from /home/awahab02/mlops_assignment_2/myenv/lib/python3.10/site-packages/airflow/example_dags/example_time_delta_sensor_async.py
[2024-05-12T20:21:20.792+0500] {processor.py:840} INFO - DAG(s) 'example_time_delta_sensor_async' retrieved from /home/awahab02/mlops_assignment_2/myenv/lib/python3.10/site-packages/airflow/example_dags/example_time_delta_sensor_async.py
[2024-05-12T20:21:20.810+0500] {logging_mixin.py:188} INFO - [2024-05-12T20:21:20.809+0500] {dag.py:3096} INFO - Sync 1 DAGs
[2024-05-12T20:21:20.819+0500] {logging_mixin.py:188} INFO - [2024-05-12T20:21:20.819+0500] {dag.py:3954} INFO - Setting next_dagrun for example_time_delta_sensor_async to None, run_after=None
[2024-05-12T20:21:20.847+0500] {processor.py:183} INFO - Processing /home/awahab02/mlops_assignment_2/myenv/lib/python3.10/site-packages/airflow/example_dags/example_time_delta_sensor_async.py took 0.072 seconds
[2024-05-12T20:22:08.344+0500] {processor.py:161} INFO - Started process (PID=9718) to work on /home/awahab02/mlops_assignment_2/myenv/lib/python3.10/site-packages/airflow/example_dags/example_time_delta_sensor_async.py
[2024-05-12T20:22:08.345+0500] {processor.py:830} INFO - Processing file /home/awahab02/mlops_assignment_2/myenv/lib/python3.10/site-packages/airflow/example_dags/example_time_delta_sensor_async.py for tasks to queue
[2024-05-12T20:22:08.347+0500] {logging_mixin.py:188} INFO - [2024-05-12T20:22:08.347+0500] {dagbag.py:545} INFO - Filling up the DagBag from /home/awahab02/mlops_assignment_2/myenv/lib/python3.10/site-packages/airflow/example_dags/example_time_delta_sensor_async.py
[2024-05-12T20:22:08.351+0500] {processor.py:840} INFO - DAG(s) 'example_time_delta_sensor_async' retrieved from /home/awahab02/mlops_assignment_2/myenv/lib/python3.10/site-packages/airflow/example_dags/example_time_delta_sensor_async.py
[2024-05-12T20:22:08.363+0500] {logging_mixin.py:188} INFO - [2024-05-12T20:22:08.362+0500] {dag.py:3096} INFO - Sync 1 DAGs
[2024-05-12T20:22:08.372+0500] {logging_mixin.py:188} INFO - [2024-05-12T20:22:08.372+0500] {dag.py:3954} INFO - Setting next_dagrun for example_time_delta_sensor_async to None, run_after=None
[2024-05-12T20:22:08.399+0500] {processor.py:183} INFO - Processing /home/awahab02/mlops_assignment_2/myenv/lib/python3.10/site-packages/airflow/example_dags/example_time_delta_sensor_async.py took 0.060 seconds
[2024-05-12T20:22:48.768+0500] {processor.py:161} INFO - Started process (PID=9894) to work on /home/awahab02/mlops_assignment_2/myenv/lib/python3.10/site-packages/airflow/example_dags/example_time_delta_sensor_async.py
[2024-05-12T20:22:48.791+0500] {processor.py:830} INFO - Processing file /home/awahab02/mlops_assignment_2/myenv/lib/python3.10/site-packages/airflow/example_dags/example_time_delta_sensor_async.py for tasks to queue
[2024-05-12T20:22:48.793+0500] {logging_mixin.py:188} INFO - [2024-05-12T20:22:48.792+0500] {dagbag.py:545} INFO - Filling up the DagBag from /home/awahab02/mlops_assignment_2/myenv/lib/python3.10/site-packages/airflow/example_dags/example_time_delta_sensor_async.py
[2024-05-12T20:22:48.796+0500] {processor.py:840} INFO - DAG(s) 'example_time_delta_sensor_async' retrieved from /home/awahab02/mlops_assignment_2/myenv/lib/python3.10/site-packages/airflow/example_dags/example_time_delta_sensor_async.py
[2024-05-12T20:22:48.808+0500] {logging_mixin.py:188} INFO - [2024-05-12T20:22:48.808+0500] {dag.py:3096} INFO - Sync 1 DAGs
[2024-05-12T20:22:48.820+0500] {logging_mixin.py:188} INFO - [2024-05-12T20:22:48.819+0500] {dag.py:3954} INFO - Setting next_dagrun for example_time_delta_sensor_async to None, run_after=None
[2024-05-12T20:22:48.844+0500] {processor.py:183} INFO - Processing /home/awahab02/mlops_assignment_2/myenv/lib/python3.10/site-packages/airflow/example_dags/example_time_delta_sensor_async.py took 0.081 seconds
[2024-05-12T20:23:26.094+0500] {processor.py:161} INFO - Started process (PID=10240) to work on /home/awahab02/mlops_assignment_2/myenv/lib/python3.10/site-packages/airflow/example_dags/example_time_delta_sensor_async.py
[2024-05-12T20:23:26.096+0500] {processor.py:830} INFO - Processing file /home/awahab02/mlops_assignment_2/myenv/lib/python3.10/site-packages/airflow/example_dags/example_time_delta_sensor_async.py for tasks to queue
[2024-05-12T20:23:26.098+0500] {logging_mixin.py:188} INFO - [2024-05-12T20:23:26.097+0500] {dagbag.py:545} INFO - Filling up the DagBag from /home/awahab02/mlops_assignment_2/myenv/lib/python3.10/site-packages/airflow/example_dags/example_time_delta_sensor_async.py
[2024-05-12T20:23:26.102+0500] {processor.py:840} INFO - DAG(s) 'example_time_delta_sensor_async' retrieved from /home/awahab02/mlops_assignment_2/myenv/lib/python3.10/site-packages/airflow/example_dags/example_time_delta_sensor_async.py
[2024-05-12T20:23:26.114+0500] {logging_mixin.py:188} INFO - [2024-05-12T20:23:26.113+0500] {dag.py:3096} INFO - Sync 1 DAGs
[2024-05-12T20:23:26.123+0500] {logging_mixin.py:188} INFO - [2024-05-12T20:23:26.123+0500] {dag.py:3954} INFO - Setting next_dagrun for example_time_delta_sensor_async to None, run_after=None
[2024-05-12T20:23:26.165+0500] {processor.py:183} INFO - Processing /home/awahab02/mlops_assignment_2/myenv/lib/python3.10/site-packages/airflow/example_dags/example_time_delta_sensor_async.py took 0.078 seconds
[2024-05-12T20:24:07.588+0500] {processor.py:161} INFO - Started process (PID=10523) to work on /home/awahab02/mlops_assignment_2/myenv/lib/python3.10/site-packages/airflow/example_dags/example_time_delta_sensor_async.py
[2024-05-12T20:24:07.589+0500] {processor.py:830} INFO - Processing file /home/awahab02/mlops_assignment_2/myenv/lib/python3.10/site-packages/airflow/example_dags/example_time_delta_sensor_async.py for tasks to queue
[2024-05-12T20:24:07.590+0500] {logging_mixin.py:188} INFO - [2024-05-12T20:24:07.590+0500] {dagbag.py:545} INFO - Filling up the DagBag from /home/awahab02/mlops_assignment_2/myenv/lib/python3.10/site-packages/airflow/example_dags/example_time_delta_sensor_async.py
[2024-05-12T20:24:07.594+0500] {processor.py:840} INFO - DAG(s) 'example_time_delta_sensor_async' retrieved from /home/awahab02/mlops_assignment_2/myenv/lib/python3.10/site-packages/airflow/example_dags/example_time_delta_sensor_async.py
[2024-05-12T20:24:07.606+0500] {logging_mixin.py:188} INFO - [2024-05-12T20:24:07.606+0500] {dag.py:3096} INFO - Sync 1 DAGs
[2024-05-12T20:24:07.615+0500] {logging_mixin.py:188} INFO - [2024-05-12T20:24:07.615+0500] {dag.py:3954} INFO - Setting next_dagrun for example_time_delta_sensor_async to None, run_after=None
[2024-05-12T20:24:07.642+0500] {processor.py:183} INFO - Processing /home/awahab02/mlops_assignment_2/myenv/lib/python3.10/site-packages/airflow/example_dags/example_time_delta_sensor_async.py took 0.058 seconds
[2024-05-12T20:24:47.426+0500] {processor.py:161} INFO - Started process (PID=10712) to work on /home/awahab02/mlops_assignment_2/myenv/lib/python3.10/site-packages/airflow/example_dags/example_time_delta_sensor_async.py
[2024-05-12T20:24:47.428+0500] {processor.py:830} INFO - Processing file /home/awahab02/mlops_assignment_2/myenv/lib/python3.10/site-packages/airflow/example_dags/example_time_delta_sensor_async.py for tasks to queue
[2024-05-12T20:24:47.429+0500] {logging_mixin.py:188} INFO - [2024-05-12T20:24:47.429+0500] {dagbag.py:545} INFO - Filling up the DagBag from /home/awahab02/mlops_assignment_2/myenv/lib/python3.10/site-packages/airflow/example_dags/example_time_delta_sensor_async.py
[2024-05-12T20:24:47.434+0500] {processor.py:840} INFO - DAG(s) 'example_time_delta_sensor_async' retrieved from /home/awahab02/mlops_assignment_2/myenv/lib/python3.10/site-packages/airflow/example_dags/example_time_delta_sensor_async.py
[2024-05-12T20:24:47.447+0500] {logging_mixin.py:188} INFO - [2024-05-12T20:24:47.446+0500] {dag.py:3096} INFO - Sync 1 DAGs
[2024-05-12T20:24:47.456+0500] {logging_mixin.py:188} INFO - [2024-05-12T20:24:47.456+0500] {dag.py:3954} INFO - Setting next_dagrun for example_time_delta_sensor_async to None, run_after=None
[2024-05-12T20:24:47.482+0500] {processor.py:183} INFO - Processing /home/awahab02/mlops_assignment_2/myenv/lib/python3.10/site-packages/airflow/example_dags/example_time_delta_sensor_async.py took 0.062 seconds
[2024-05-12T20:25:27.555+0500] {processor.py:161} INFO - Started process (PID=10890) to work on /home/awahab02/mlops_assignment_2/myenv/lib/python3.10/site-packages/airflow/example_dags/example_time_delta_sensor_async.py
[2024-05-12T20:25:27.557+0500] {processor.py:830} INFO - Processing file /home/awahab02/mlops_assignment_2/myenv/lib/python3.10/site-packages/airflow/example_dags/example_time_delta_sensor_async.py for tasks to queue
[2024-05-12T20:25:27.559+0500] {logging_mixin.py:188} INFO - [2024-05-12T20:25:27.558+0500] {dagbag.py:545} INFO - Filling up the DagBag from /home/awahab02/mlops_assignment_2/myenv/lib/python3.10/site-packages/airflow/example_dags/example_time_delta_sensor_async.py
[2024-05-12T20:25:27.562+0500] {processor.py:840} INFO - DAG(s) 'example_time_delta_sensor_async' retrieved from /home/awahab02/mlops_assignment_2/myenv/lib/python3.10/site-packages/airflow/example_dags/example_time_delta_sensor_async.py
[2024-05-12T20:25:27.574+0500] {logging_mixin.py:188} INFO - [2024-05-12T20:25:27.574+0500] {dag.py:3096} INFO - Sync 1 DAGs
[2024-05-12T20:25:27.585+0500] {logging_mixin.py:188} INFO - [2024-05-12T20:25:27.585+0500] {dag.py:3954} INFO - Setting next_dagrun for example_time_delta_sensor_async to None, run_after=None
[2024-05-12T20:25:27.610+0500] {processor.py:183} INFO - Processing /home/awahab02/mlops_assignment_2/myenv/lib/python3.10/site-packages/airflow/example_dags/example_time_delta_sensor_async.py took 0.060 seconds
[2024-05-12T20:26:10.062+0500] {processor.py:161} INFO - Started process (PID=11121) to work on /home/awahab02/mlops_assignment_2/myenv/lib/python3.10/site-packages/airflow/example_dags/example_time_delta_sensor_async.py
[2024-05-12T20:26:10.103+0500] {processor.py:830} INFO - Processing file /home/awahab02/mlops_assignment_2/myenv/lib/python3.10/site-packages/airflow/example_dags/example_time_delta_sensor_async.py for tasks to queue
[2024-05-12T20:26:10.105+0500] {logging_mixin.py:188} INFO - [2024-05-12T20:26:10.104+0500] {dagbag.py:545} INFO - Filling up the DagBag from /home/awahab02/mlops_assignment_2/myenv/lib/python3.10/site-packages/airflow/example_dags/example_time_delta_sensor_async.py
[2024-05-12T20:26:10.108+0500] {processor.py:840} INFO - DAG(s) 'example_time_delta_sensor_async' retrieved from /home/awahab02/mlops_assignment_2/myenv/lib/python3.10/site-packages/airflow/example_dags/example_time_delta_sensor_async.py
[2024-05-12T20:26:10.121+0500] {logging_mixin.py:188} INFO - [2024-05-12T20:26:10.120+0500] {dag.py:3096} INFO - Sync 1 DAGs
[2024-05-12T20:26:10.130+0500] {logging_mixin.py:188} INFO - [2024-05-12T20:26:10.130+0500] {dag.py:3954} INFO - Setting next_dagrun for example_time_delta_sensor_async to None, run_after=None
[2024-05-12T20:26:10.155+0500] {processor.py:183} INFO - Processing /home/awahab02/mlops_assignment_2/myenv/lib/python3.10/site-packages/airflow/example_dags/example_time_delta_sensor_async.py took 0.098 seconds
[2024-05-12T20:26:52.189+0500] {processor.py:161} INFO - Started process (PID=11461) to work on /home/awahab02/mlops_assignment_2/myenv/lib/python3.10/site-packages/airflow/example_dags/example_time_delta_sensor_async.py
[2024-05-12T20:26:52.192+0500] {processor.py:830} INFO - Processing file /home/awahab02/mlops_assignment_2/myenv/lib/python3.10/site-packages/airflow/example_dags/example_time_delta_sensor_async.py for tasks to queue
[2024-05-12T20:26:52.194+0500] {logging_mixin.py:188} INFO - [2024-05-12T20:26:52.193+0500] {dagbag.py:545} INFO - Filling up the DagBag from /home/awahab02/mlops_assignment_2/myenv/lib/python3.10/site-packages/airflow/example_dags/example_time_delta_sensor_async.py
[2024-05-12T20:26:52.198+0500] {processor.py:840} INFO - DAG(s) 'example_time_delta_sensor_async' retrieved from /home/awahab02/mlops_assignment_2/myenv/lib/python3.10/site-packages/airflow/example_dags/example_time_delta_sensor_async.py
[2024-05-12T20:26:52.211+0500] {logging_mixin.py:188} INFO - [2024-05-12T20:26:52.210+0500] {dag.py:3096} INFO - Sync 1 DAGs
[2024-05-12T20:26:52.221+0500] {logging_mixin.py:188} INFO - [2024-05-12T20:26:52.221+0500] {dag.py:3954} INFO - Setting next_dagrun for example_time_delta_sensor_async to None, run_after=None
[2024-05-12T20:26:52.248+0500] {processor.py:183} INFO - Processing /home/awahab02/mlops_assignment_2/myenv/lib/python3.10/site-packages/airflow/example_dags/example_time_delta_sensor_async.py took 0.071 seconds
[2024-05-12T20:27:31.571+0500] {processor.py:161} INFO - Started process (PID=11757) to work on /home/awahab02/mlops_assignment_2/myenv/lib/python3.10/site-packages/airflow/example_dags/example_time_delta_sensor_async.py
[2024-05-12T20:27:31.607+0500] {processor.py:830} INFO - Processing file /home/awahab02/mlops_assignment_2/myenv/lib/python3.10/site-packages/airflow/example_dags/example_time_delta_sensor_async.py for tasks to queue
[2024-05-12T20:27:31.609+0500] {logging_mixin.py:188} INFO - [2024-05-12T20:27:31.609+0500] {dagbag.py:545} INFO - Filling up the DagBag from /home/awahab02/mlops_assignment_2/myenv/lib/python3.10/site-packages/airflow/example_dags/example_time_delta_sensor_async.py
[2024-05-12T20:27:31.615+0500] {processor.py:840} INFO - DAG(s) 'example_time_delta_sensor_async' retrieved from /home/awahab02/mlops_assignment_2/myenv/lib/python3.10/site-packages/airflow/example_dags/example_time_delta_sensor_async.py
[2024-05-12T20:27:31.634+0500] {logging_mixin.py:188} INFO - [2024-05-12T20:27:31.634+0500] {dag.py:3096} INFO - Sync 1 DAGs
[2024-05-12T20:27:31.646+0500] {logging_mixin.py:188} INFO - [2024-05-12T20:27:31.646+0500] {dag.py:3954} INFO - Setting next_dagrun for example_time_delta_sensor_async to None, run_after=None
[2024-05-12T20:27:31.746+0500] {processor.py:183} INFO - Processing /home/awahab02/mlops_assignment_2/myenv/lib/python3.10/site-packages/airflow/example_dags/example_time_delta_sensor_async.py took 0.181 seconds
[2024-05-12T20:28:24.177+0500] {processor.py:161} INFO - Started process (PID=12130) to work on /home/awahab02/mlops_assignment_2/myenv/lib/python3.10/site-packages/airflow/example_dags/example_time_delta_sensor_async.py
[2024-05-12T20:28:24.209+0500] {processor.py:830} INFO - Processing file /home/awahab02/mlops_assignment_2/myenv/lib/python3.10/site-packages/airflow/example_dags/example_time_delta_sensor_async.py for tasks to queue
[2024-05-12T20:28:24.210+0500] {logging_mixin.py:188} INFO - [2024-05-12T20:28:24.210+0500] {dagbag.py:545} INFO - Filling up the DagBag from /home/awahab02/mlops_assignment_2/myenv/lib/python3.10/site-packages/airflow/example_dags/example_time_delta_sensor_async.py
[2024-05-12T20:28:24.214+0500] {processor.py:840} INFO - DAG(s) 'example_time_delta_sensor_async' retrieved from /home/awahab02/mlops_assignment_2/myenv/lib/python3.10/site-packages/airflow/example_dags/example_time_delta_sensor_async.py
[2024-05-12T20:28:24.226+0500] {logging_mixin.py:188} INFO - [2024-05-12T20:28:24.226+0500] {dag.py:3096} INFO - Sync 1 DAGs
[2024-05-12T20:28:24.235+0500] {logging_mixin.py:188} INFO - [2024-05-12T20:28:24.235+0500] {dag.py:3954} INFO - Setting next_dagrun for example_time_delta_sensor_async to None, run_after=None
[2024-05-12T20:28:24.262+0500] {processor.py:183} INFO - Processing /home/awahab02/mlops_assignment_2/myenv/lib/python3.10/site-packages/airflow/example_dags/example_time_delta_sensor_async.py took 0.091 seconds
[2024-05-12T20:29:09.419+0500] {processor.py:161} INFO - Started process (PID=12345) to work on /home/awahab02/mlops_assignment_2/myenv/lib/python3.10/site-packages/airflow/example_dags/example_time_delta_sensor_async.py
[2024-05-12T20:29:09.442+0500] {processor.py:830} INFO - Processing file /home/awahab02/mlops_assignment_2/myenv/lib/python3.10/site-packages/airflow/example_dags/example_time_delta_sensor_async.py for tasks to queue
[2024-05-12T20:29:09.444+0500] {logging_mixin.py:188} INFO - [2024-05-12T20:29:09.443+0500] {dagbag.py:545} INFO - Filling up the DagBag from /home/awahab02/mlops_assignment_2/myenv/lib/python3.10/site-packages/airflow/example_dags/example_time_delta_sensor_async.py
[2024-05-12T20:29:09.448+0500] {processor.py:840} INFO - DAG(s) 'example_time_delta_sensor_async' retrieved from /home/awahab02/mlops_assignment_2/myenv/lib/python3.10/site-packages/airflow/example_dags/example_time_delta_sensor_async.py
[2024-05-12T20:29:09.460+0500] {logging_mixin.py:188} INFO - [2024-05-12T20:29:09.460+0500] {dag.py:3096} INFO - Sync 1 DAGs
[2024-05-12T20:29:09.471+0500] {logging_mixin.py:188} INFO - [2024-05-12T20:29:09.471+0500] {dag.py:3954} INFO - Setting next_dagrun for example_time_delta_sensor_async to None, run_after=None
[2024-05-12T20:29:09.497+0500] {processor.py:183} INFO - Processing /home/awahab02/mlops_assignment_2/myenv/lib/python3.10/site-packages/airflow/example_dags/example_time_delta_sensor_async.py took 0.084 seconds
[2024-05-12T20:29:56.690+0500] {processor.py:161} INFO - Started process (PID=12649) to work on /home/awahab02/mlops_assignment_2/myenv/lib/python3.10/site-packages/airflow/example_dags/example_time_delta_sensor_async.py
[2024-05-12T20:29:56.718+0500] {processor.py:830} INFO - Processing file /home/awahab02/mlops_assignment_2/myenv/lib/python3.10/site-packages/airflow/example_dags/example_time_delta_sensor_async.py for tasks to queue
[2024-05-12T20:29:56.720+0500] {logging_mixin.py:188} INFO - [2024-05-12T20:29:56.719+0500] {dagbag.py:545} INFO - Filling up the DagBag from /home/awahab02/mlops_assignment_2/myenv/lib/python3.10/site-packages/airflow/example_dags/example_time_delta_sensor_async.py
[2024-05-12T20:29:56.725+0500] {processor.py:840} INFO - DAG(s) 'example_time_delta_sensor_async' retrieved from /home/awahab02/mlops_assignment_2/myenv/lib/python3.10/site-packages/airflow/example_dags/example_time_delta_sensor_async.py
[2024-05-12T20:29:56.738+0500] {logging_mixin.py:188} INFO - [2024-05-12T20:29:56.737+0500] {dag.py:3096} INFO - Sync 1 DAGs
[2024-05-12T20:29:56.749+0500] {logging_mixin.py:188} INFO - [2024-05-12T20:29:56.749+0500] {dag.py:3954} INFO - Setting next_dagrun for example_time_delta_sensor_async to None, run_after=None
[2024-05-12T20:29:56.780+0500] {processor.py:183} INFO - Processing /home/awahab02/mlops_assignment_2/myenv/lib/python3.10/site-packages/airflow/example_dags/example_time_delta_sensor_async.py took 0.096 seconds
[2024-05-12T20:30:41.735+0500] {processor.py:161} INFO - Started process (PID=13058) to work on /home/awahab02/mlops_assignment_2/myenv/lib/python3.10/site-packages/airflow/example_dags/example_time_delta_sensor_async.py
[2024-05-12T20:30:41.761+0500] {processor.py:830} INFO - Processing file /home/awahab02/mlops_assignment_2/myenv/lib/python3.10/site-packages/airflow/example_dags/example_time_delta_sensor_async.py for tasks to queue
[2024-05-12T20:30:41.762+0500] {logging_mixin.py:188} INFO - [2024-05-12T20:30:41.762+0500] {dagbag.py:545} INFO - Filling up the DagBag from /home/awahab02/mlops_assignment_2/myenv/lib/python3.10/site-packages/airflow/example_dags/example_time_delta_sensor_async.py
[2024-05-12T20:30:41.767+0500] {processor.py:840} INFO - DAG(s) 'example_time_delta_sensor_async' retrieved from /home/awahab02/mlops_assignment_2/myenv/lib/python3.10/site-packages/airflow/example_dags/example_time_delta_sensor_async.py
[2024-05-12T20:30:41.778+0500] {logging_mixin.py:188} INFO - [2024-05-12T20:30:41.778+0500] {dag.py:3096} INFO - Sync 1 DAGs
[2024-05-12T20:30:41.788+0500] {logging_mixin.py:188} INFO - [2024-05-12T20:30:41.788+0500] {dag.py:3954} INFO - Setting next_dagrun for example_time_delta_sensor_async to None, run_after=None
[2024-05-12T20:30:41.813+0500] {processor.py:183} INFO - Processing /home/awahab02/mlops_assignment_2/myenv/lib/python3.10/site-packages/airflow/example_dags/example_time_delta_sensor_async.py took 0.082 seconds
[2024-05-12T20:31:22.924+0500] {processor.py:161} INFO - Started process (PID=13262) to work on /home/awahab02/mlops_assignment_2/myenv/lib/python3.10/site-packages/airflow/example_dags/example_time_delta_sensor_async.py
[2024-05-12T20:31:22.926+0500] {processor.py:830} INFO - Processing file /home/awahab02/mlops_assignment_2/myenv/lib/python3.10/site-packages/airflow/example_dags/example_time_delta_sensor_async.py for tasks to queue
[2024-05-12T20:31:22.928+0500] {logging_mixin.py:188} INFO - [2024-05-12T20:31:22.928+0500] {dagbag.py:545} INFO - Filling up the DagBag from /home/awahab02/mlops_assignment_2/myenv/lib/python3.10/site-packages/airflow/example_dags/example_time_delta_sensor_async.py
[2024-05-12T20:31:22.933+0500] {processor.py:840} INFO - DAG(s) 'example_time_delta_sensor_async' retrieved from /home/awahab02/mlops_assignment_2/myenv/lib/python3.10/site-packages/airflow/example_dags/example_time_delta_sensor_async.py
[2024-05-12T20:31:22.946+0500] {logging_mixin.py:188} INFO - [2024-05-12T20:31:22.946+0500] {dag.py:3096} INFO - Sync 1 DAGs
[2024-05-12T20:31:22.957+0500] {logging_mixin.py:188} INFO - [2024-05-12T20:31:22.956+0500] {dag.py:3954} INFO - Setting next_dagrun for example_time_delta_sensor_async to None, run_after=None
[2024-05-12T20:31:22.984+0500] {processor.py:183} INFO - Processing /home/awahab02/mlops_assignment_2/myenv/lib/python3.10/site-packages/airflow/example_dags/example_time_delta_sensor_async.py took 0.066 seconds
[2024-05-12T20:32:04.802+0500] {processor.py:161} INFO - Started process (PID=13442) to work on /home/awahab02/mlops_assignment_2/myenv/lib/python3.10/site-packages/airflow/example_dags/example_time_delta_sensor_async.py
[2024-05-12T20:32:04.803+0500] {processor.py:830} INFO - Processing file /home/awahab02/mlops_assignment_2/myenv/lib/python3.10/site-packages/airflow/example_dags/example_time_delta_sensor_async.py for tasks to queue
[2024-05-12T20:32:04.805+0500] {logging_mixin.py:188} INFO - [2024-05-12T20:32:04.805+0500] {dagbag.py:545} INFO - Filling up the DagBag from /home/awahab02/mlops_assignment_2/myenv/lib/python3.10/site-packages/airflow/example_dags/example_time_delta_sensor_async.py
[2024-05-12T20:32:04.809+0500] {processor.py:840} INFO - DAG(s) 'example_time_delta_sensor_async' retrieved from /home/awahab02/mlops_assignment_2/myenv/lib/python3.10/site-packages/airflow/example_dags/example_time_delta_sensor_async.py
[2024-05-12T20:32:04.820+0500] {logging_mixin.py:188} INFO - [2024-05-12T20:32:04.820+0500] {dag.py:3096} INFO - Sync 1 DAGs
[2024-05-12T20:32:04.830+0500] {logging_mixin.py:188} INFO - [2024-05-12T20:32:04.830+0500] {dag.py:3954} INFO - Setting next_dagrun for example_time_delta_sensor_async to None, run_after=None
[2024-05-12T20:32:04.854+0500] {processor.py:183} INFO - Processing /home/awahab02/mlops_assignment_2/myenv/lib/python3.10/site-packages/airflow/example_dags/example_time_delta_sensor_async.py took 0.057 seconds
[2024-05-12T20:34:13.389+0500] {processor.py:161} INFO - Started process (PID=14450) to work on /home/awahab02/mlops_assignment_2/myenv/lib/python3.10/site-packages/airflow/example_dags/example_time_delta_sensor_async.py
[2024-05-12T20:34:13.390+0500] {processor.py:830} INFO - Processing file /home/awahab02/mlops_assignment_2/myenv/lib/python3.10/site-packages/airflow/example_dags/example_time_delta_sensor_async.py for tasks to queue
[2024-05-12T20:34:13.391+0500] {logging_mixin.py:188} INFO - [2024-05-12T20:34:13.391+0500] {dagbag.py:545} INFO - Filling up the DagBag from /home/awahab02/mlops_assignment_2/myenv/lib/python3.10/site-packages/airflow/example_dags/example_time_delta_sensor_async.py
[2024-05-12T20:34:13.398+0500] {processor.py:840} INFO - DAG(s) 'example_time_delta_sensor_async' retrieved from /home/awahab02/mlops_assignment_2/myenv/lib/python3.10/site-packages/airflow/example_dags/example_time_delta_sensor_async.py
[2024-05-12T20:34:13.416+0500] {logging_mixin.py:188} INFO - [2024-05-12T20:34:13.416+0500] {dag.py:3096} INFO - Sync 1 DAGs
[2024-05-12T20:34:13.429+0500] {logging_mixin.py:188} INFO - [2024-05-12T20:34:13.428+0500] {dag.py:3954} INFO - Setting next_dagrun for example_time_delta_sensor_async to None, run_after=None
[2024-05-12T20:34:13.456+0500] {processor.py:183} INFO - Processing /home/awahab02/mlops_assignment_2/myenv/lib/python3.10/site-packages/airflow/example_dags/example_time_delta_sensor_async.py took 0.073 seconds
[2024-05-12T20:35:05.209+0500] {processor.py:161} INFO - Started process (PID=14694) to work on /home/awahab02/mlops_assignment_2/myenv/lib/python3.10/site-packages/airflow/example_dags/example_time_delta_sensor_async.py
[2024-05-12T20:35:05.232+0500] {processor.py:830} INFO - Processing file /home/awahab02/mlops_assignment_2/myenv/lib/python3.10/site-packages/airflow/example_dags/example_time_delta_sensor_async.py for tasks to queue
[2024-05-12T20:35:05.233+0500] {logging_mixin.py:188} INFO - [2024-05-12T20:35:05.233+0500] {dagbag.py:545} INFO - Filling up the DagBag from /home/awahab02/mlops_assignment_2/myenv/lib/python3.10/site-packages/airflow/example_dags/example_time_delta_sensor_async.py
[2024-05-12T20:35:05.238+0500] {processor.py:840} INFO - DAG(s) 'example_time_delta_sensor_async' retrieved from /home/awahab02/mlops_assignment_2/myenv/lib/python3.10/site-packages/airflow/example_dags/example_time_delta_sensor_async.py
[2024-05-12T20:35:05.288+0500] {logging_mixin.py:188} INFO - [2024-05-12T20:35:05.287+0500] {dag.py:3096} INFO - Sync 1 DAGs
[2024-05-12T20:35:05.304+0500] {logging_mixin.py:188} INFO - [2024-05-12T20:35:05.304+0500] {dag.py:3954} INFO - Setting next_dagrun for example_time_delta_sensor_async to None, run_after=None
[2024-05-12T20:35:05.332+0500] {processor.py:183} INFO - Processing /home/awahab02/mlops_assignment_2/myenv/lib/python3.10/site-packages/airflow/example_dags/example_time_delta_sensor_async.py took 0.130 seconds
[2024-05-12T20:35:49.538+0500] {processor.py:161} INFO - Started process (PID=14948) to work on /home/awahab02/mlops_assignment_2/myenv/lib/python3.10/site-packages/airflow/example_dags/example_time_delta_sensor_async.py
[2024-05-12T20:35:49.585+0500] {processor.py:830} INFO - Processing file /home/awahab02/mlops_assignment_2/myenv/lib/python3.10/site-packages/airflow/example_dags/example_time_delta_sensor_async.py for tasks to queue
[2024-05-12T20:35:49.586+0500] {logging_mixin.py:188} INFO - [2024-05-12T20:35:49.586+0500] {dagbag.py:545} INFO - Filling up the DagBag from /home/awahab02/mlops_assignment_2/myenv/lib/python3.10/site-packages/airflow/example_dags/example_time_delta_sensor_async.py
[2024-05-12T20:35:49.591+0500] {processor.py:840} INFO - DAG(s) 'example_time_delta_sensor_async' retrieved from /home/awahab02/mlops_assignment_2/myenv/lib/python3.10/site-packages/airflow/example_dags/example_time_delta_sensor_async.py
[2024-05-12T20:35:49.606+0500] {logging_mixin.py:188} INFO - [2024-05-12T20:35:49.606+0500] {dag.py:3096} INFO - Sync 1 DAGs
[2024-05-12T20:35:49.616+0500] {logging_mixin.py:188} INFO - [2024-05-12T20:35:49.616+0500] {dag.py:3954} INFO - Setting next_dagrun for example_time_delta_sensor_async to None, run_after=None
[2024-05-12T20:35:49.642+0500] {processor.py:183} INFO - Processing /home/awahab02/mlops_assignment_2/myenv/lib/python3.10/site-packages/airflow/example_dags/example_time_delta_sensor_async.py took 0.110 seconds
[2024-05-12T20:36:37.350+0500] {processor.py:161} INFO - Started process (PID=15193) to work on /home/awahab02/mlops_assignment_2/myenv/lib/python3.10/site-packages/airflow/example_dags/example_time_delta_sensor_async.py
[2024-05-12T20:36:37.370+0500] {processor.py:830} INFO - Processing file /home/awahab02/mlops_assignment_2/myenv/lib/python3.10/site-packages/airflow/example_dags/example_time_delta_sensor_async.py for tasks to queue
[2024-05-12T20:36:37.371+0500] {logging_mixin.py:188} INFO - [2024-05-12T20:36:37.371+0500] {dagbag.py:545} INFO - Filling up the DagBag from /home/awahab02/mlops_assignment_2/myenv/lib/python3.10/site-packages/airflow/example_dags/example_time_delta_sensor_async.py
[2024-05-12T20:36:37.378+0500] {processor.py:840} INFO - DAG(s) 'example_time_delta_sensor_async' retrieved from /home/awahab02/mlops_assignment_2/myenv/lib/python3.10/site-packages/airflow/example_dags/example_time_delta_sensor_async.py
[2024-05-12T20:36:37.394+0500] {logging_mixin.py:188} INFO - [2024-05-12T20:36:37.394+0500] {dag.py:3096} INFO - Sync 1 DAGs
[2024-05-12T20:36:37.404+0500] {logging_mixin.py:188} INFO - [2024-05-12T20:36:37.404+0500] {dag.py:3954} INFO - Setting next_dagrun for example_time_delta_sensor_async to None, run_after=None
[2024-05-12T20:36:37.436+0500] {processor.py:183} INFO - Processing /home/awahab02/mlops_assignment_2/myenv/lib/python3.10/site-packages/airflow/example_dags/example_time_delta_sensor_async.py took 0.095 seconds
[2024-05-12T20:37:21.341+0500] {processor.py:161} INFO - Started process (PID=15440) to work on /home/awahab02/mlops_assignment_2/myenv/lib/python3.10/site-packages/airflow/example_dags/example_time_delta_sensor_async.py
[2024-05-12T20:37:21.342+0500] {processor.py:830} INFO - Processing file /home/awahab02/mlops_assignment_2/myenv/lib/python3.10/site-packages/airflow/example_dags/example_time_delta_sensor_async.py for tasks to queue
[2024-05-12T20:37:21.343+0500] {logging_mixin.py:188} INFO - [2024-05-12T20:37:21.343+0500] {dagbag.py:545} INFO - Filling up the DagBag from /home/awahab02/mlops_assignment_2/myenv/lib/python3.10/site-packages/airflow/example_dags/example_time_delta_sensor_async.py
[2024-05-12T20:37:21.348+0500] {processor.py:840} INFO - DAG(s) 'example_time_delta_sensor_async' retrieved from /home/awahab02/mlops_assignment_2/myenv/lib/python3.10/site-packages/airflow/example_dags/example_time_delta_sensor_async.py
[2024-05-12T20:37:21.362+0500] {logging_mixin.py:188} INFO - [2024-05-12T20:37:21.361+0500] {dag.py:3096} INFO - Sync 1 DAGs
[2024-05-12T20:37:21.371+0500] {logging_mixin.py:188} INFO - [2024-05-12T20:37:21.371+0500] {dag.py:3954} INFO - Setting next_dagrun for example_time_delta_sensor_async to None, run_after=None
[2024-05-12T20:37:21.398+0500] {processor.py:183} INFO - Processing /home/awahab02/mlops_assignment_2/myenv/lib/python3.10/site-packages/airflow/example_dags/example_time_delta_sensor_async.py took 0.063 seconds
[2024-05-12T20:38:47.220+0500] {processor.py:161} INFO - Started process (PID=16265) to work on /home/awahab02/mlops_assignment_2/myenv/lib/python3.10/site-packages/airflow/example_dags/example_time_delta_sensor_async.py
[2024-05-12T20:38:47.222+0500] {processor.py:830} INFO - Processing file /home/awahab02/mlops_assignment_2/myenv/lib/python3.10/site-packages/airflow/example_dags/example_time_delta_sensor_async.py for tasks to queue
[2024-05-12T20:38:47.223+0500] {logging_mixin.py:188} INFO - [2024-05-12T20:38:47.222+0500] {dagbag.py:545} INFO - Filling up the DagBag from /home/awahab02/mlops_assignment_2/myenv/lib/python3.10/site-packages/airflow/example_dags/example_time_delta_sensor_async.py
[2024-05-12T20:38:47.228+0500] {processor.py:840} INFO - DAG(s) 'example_time_delta_sensor_async' retrieved from /home/awahab02/mlops_assignment_2/myenv/lib/python3.10/site-packages/airflow/example_dags/example_time_delta_sensor_async.py
[2024-05-12T20:38:47.246+0500] {logging_mixin.py:188} INFO - [2024-05-12T20:38:47.246+0500] {dag.py:3096} INFO - Sync 1 DAGs
[2024-05-12T20:38:47.255+0500] {logging_mixin.py:188} INFO - [2024-05-12T20:38:47.255+0500] {dag.py:3954} INFO - Setting next_dagrun for example_time_delta_sensor_async to None, run_after=None
[2024-05-12T20:38:47.282+0500] {processor.py:183} INFO - Processing /home/awahab02/mlops_assignment_2/myenv/lib/python3.10/site-packages/airflow/example_dags/example_time_delta_sensor_async.py took 0.070 seconds
[2024-05-12T20:39:38.725+0500] {processor.py:161} INFO - Started process (PID=16517) to work on /home/awahab02/mlops_assignment_2/myenv/lib/python3.10/site-packages/airflow/example_dags/example_time_delta_sensor_async.py
[2024-05-12T20:39:38.727+0500] {processor.py:830} INFO - Processing file /home/awahab02/mlops_assignment_2/myenv/lib/python3.10/site-packages/airflow/example_dags/example_time_delta_sensor_async.py for tasks to queue
[2024-05-12T20:39:38.727+0500] {logging_mixin.py:188} INFO - [2024-05-12T20:39:38.727+0500] {dagbag.py:545} INFO - Filling up the DagBag from /home/awahab02/mlops_assignment_2/myenv/lib/python3.10/site-packages/airflow/example_dags/example_time_delta_sensor_async.py
[2024-05-12T20:39:38.731+0500] {processor.py:840} INFO - DAG(s) 'example_time_delta_sensor_async' retrieved from /home/awahab02/mlops_assignment_2/myenv/lib/python3.10/site-packages/airflow/example_dags/example_time_delta_sensor_async.py
[2024-05-12T20:39:38.744+0500] {logging_mixin.py:188} INFO - [2024-05-12T20:39:38.744+0500] {dag.py:3096} INFO - Sync 1 DAGs
[2024-05-12T20:39:38.753+0500] {logging_mixin.py:188} INFO - [2024-05-12T20:39:38.753+0500] {dag.py:3954} INFO - Setting next_dagrun for example_time_delta_sensor_async to None, run_after=None
[2024-05-12T20:39:38.778+0500] {processor.py:183} INFO - Processing /home/awahab02/mlops_assignment_2/myenv/lib/python3.10/site-packages/airflow/example_dags/example_time_delta_sensor_async.py took 0.057 seconds
[2024-05-12T20:40:24.247+0500] {processor.py:161} INFO - Started process (PID=16835) to work on /home/awahab02/mlops_assignment_2/myenv/lib/python3.10/site-packages/airflow/example_dags/example_time_delta_sensor_async.py
[2024-05-12T20:40:24.249+0500] {processor.py:830} INFO - Processing file /home/awahab02/mlops_assignment_2/myenv/lib/python3.10/site-packages/airflow/example_dags/example_time_delta_sensor_async.py for tasks to queue
[2024-05-12T20:40:24.249+0500] {logging_mixin.py:188} INFO - [2024-05-12T20:40:24.249+0500] {dagbag.py:545} INFO - Filling up the DagBag from /home/awahab02/mlops_assignment_2/myenv/lib/python3.10/site-packages/airflow/example_dags/example_time_delta_sensor_async.py
[2024-05-12T20:40:24.253+0500] {processor.py:840} INFO - DAG(s) 'example_time_delta_sensor_async' retrieved from /home/awahab02/mlops_assignment_2/myenv/lib/python3.10/site-packages/airflow/example_dags/example_time_delta_sensor_async.py
[2024-05-12T20:40:24.265+0500] {logging_mixin.py:188} INFO - [2024-05-12T20:40:24.265+0500] {dag.py:3096} INFO - Sync 1 DAGs
[2024-05-12T20:40:24.274+0500] {logging_mixin.py:188} INFO - [2024-05-12T20:40:24.274+0500] {dag.py:3954} INFO - Setting next_dagrun for example_time_delta_sensor_async to None, run_after=None
[2024-05-12T20:40:24.300+0500] {processor.py:183} INFO - Processing /home/awahab02/mlops_assignment_2/myenv/lib/python3.10/site-packages/airflow/example_dags/example_time_delta_sensor_async.py took 0.057 seconds
[2024-05-12T20:41:09.432+0500] {processor.py:161} INFO - Started process (PID=17150) to work on /home/awahab02/mlops_assignment_2/myenv/lib/python3.10/site-packages/airflow/example_dags/example_time_delta_sensor_async.py
[2024-05-12T20:41:09.433+0500] {processor.py:830} INFO - Processing file /home/awahab02/mlops_assignment_2/myenv/lib/python3.10/site-packages/airflow/example_dags/example_time_delta_sensor_async.py for tasks to queue
[2024-05-12T20:41:09.434+0500] {logging_mixin.py:188} INFO - [2024-05-12T20:41:09.434+0500] {dagbag.py:545} INFO - Filling up the DagBag from /home/awahab02/mlops_assignment_2/myenv/lib/python3.10/site-packages/airflow/example_dags/example_time_delta_sensor_async.py
[2024-05-12T20:41:09.438+0500] {processor.py:840} INFO - DAG(s) 'example_time_delta_sensor_async' retrieved from /home/awahab02/mlops_assignment_2/myenv/lib/python3.10/site-packages/airflow/example_dags/example_time_delta_sensor_async.py
[2024-05-12T20:41:09.450+0500] {logging_mixin.py:188} INFO - [2024-05-12T20:41:09.450+0500] {dag.py:3096} INFO - Sync 1 DAGs
[2024-05-12T20:41:09.460+0500] {logging_mixin.py:188} INFO - [2024-05-12T20:41:09.460+0500] {dag.py:3954} INFO - Setting next_dagrun for example_time_delta_sensor_async to None, run_after=None
[2024-05-12T20:41:09.488+0500] {processor.py:183} INFO - Processing /home/awahab02/mlops_assignment_2/myenv/lib/python3.10/site-packages/airflow/example_dags/example_time_delta_sensor_async.py took 0.060 seconds
[2024-05-12T20:41:52.070+0500] {processor.py:161} INFO - Started process (PID=17429) to work on /home/awahab02/mlops_assignment_2/myenv/lib/python3.10/site-packages/airflow/example_dags/example_time_delta_sensor_async.py
[2024-05-12T20:41:52.072+0500] {processor.py:830} INFO - Processing file /home/awahab02/mlops_assignment_2/myenv/lib/python3.10/site-packages/airflow/example_dags/example_time_delta_sensor_async.py for tasks to queue
[2024-05-12T20:41:52.073+0500] {logging_mixin.py:188} INFO - [2024-05-12T20:41:52.072+0500] {dagbag.py:545} INFO - Filling up the DagBag from /home/awahab02/mlops_assignment_2/myenv/lib/python3.10/site-packages/airflow/example_dags/example_time_delta_sensor_async.py
[2024-05-12T20:41:52.077+0500] {processor.py:840} INFO - DAG(s) 'example_time_delta_sensor_async' retrieved from /home/awahab02/mlops_assignment_2/myenv/lib/python3.10/site-packages/airflow/example_dags/example_time_delta_sensor_async.py
[2024-05-12T20:41:52.090+0500] {logging_mixin.py:188} INFO - [2024-05-12T20:41:52.090+0500] {dag.py:3096} INFO - Sync 1 DAGs
[2024-05-12T20:41:52.099+0500] {logging_mixin.py:188} INFO - [2024-05-12T20:41:52.099+0500] {dag.py:3954} INFO - Setting next_dagrun for example_time_delta_sensor_async to None, run_after=None
[2024-05-12T20:41:52.122+0500] {processor.py:183} INFO - Processing /home/awahab02/mlops_assignment_2/myenv/lib/python3.10/site-packages/airflow/example_dags/example_time_delta_sensor_async.py took 0.056 seconds
[2024-05-12T20:42:36.448+0500] {processor.py:161} INFO - Started process (PID=17740) to work on /home/awahab02/mlops_assignment_2/myenv/lib/python3.10/site-packages/airflow/example_dags/example_time_delta_sensor_async.py
[2024-05-12T20:42:36.491+0500] {processor.py:830} INFO - Processing file /home/awahab02/mlops_assignment_2/myenv/lib/python3.10/site-packages/airflow/example_dags/example_time_delta_sensor_async.py for tasks to queue
[2024-05-12T20:42:36.492+0500] {logging_mixin.py:188} INFO - [2024-05-12T20:42:36.492+0500] {dagbag.py:545} INFO - Filling up the DagBag from /home/awahab02/mlops_assignment_2/myenv/lib/python3.10/site-packages/airflow/example_dags/example_time_delta_sensor_async.py
[2024-05-12T20:42:36.497+0500] {processor.py:840} INFO - DAG(s) 'example_time_delta_sensor_async' retrieved from /home/awahab02/mlops_assignment_2/myenv/lib/python3.10/site-packages/airflow/example_dags/example_time_delta_sensor_async.py
[2024-05-12T20:42:36.511+0500] {logging_mixin.py:188} INFO - [2024-05-12T20:42:36.510+0500] {dag.py:3096} INFO - Sync 1 DAGs
[2024-05-12T20:42:36.521+0500] {logging_mixin.py:188} INFO - [2024-05-12T20:42:36.521+0500] {dag.py:3954} INFO - Setting next_dagrun for example_time_delta_sensor_async to None, run_after=None
[2024-05-12T20:42:36.547+0500] {processor.py:183} INFO - Processing /home/awahab02/mlops_assignment_2/myenv/lib/python3.10/site-packages/airflow/example_dags/example_time_delta_sensor_async.py took 0.105 seconds
[2024-05-12T20:43:22.920+0500] {processor.py:161} INFO - Started process (PID=18060) to work on /home/awahab02/mlops_assignment_2/myenv/lib/python3.10/site-packages/airflow/example_dags/example_time_delta_sensor_async.py
[2024-05-12T20:43:22.944+0500] {processor.py:830} INFO - Processing file /home/awahab02/mlops_assignment_2/myenv/lib/python3.10/site-packages/airflow/example_dags/example_time_delta_sensor_async.py for tasks to queue
[2024-05-12T20:43:22.945+0500] {logging_mixin.py:188} INFO - [2024-05-12T20:43:22.945+0500] {dagbag.py:545} INFO - Filling up the DagBag from /home/awahab02/mlops_assignment_2/myenv/lib/python3.10/site-packages/airflow/example_dags/example_time_delta_sensor_async.py
[2024-05-12T20:43:22.950+0500] {processor.py:840} INFO - DAG(s) 'example_time_delta_sensor_async' retrieved from /home/awahab02/mlops_assignment_2/myenv/lib/python3.10/site-packages/airflow/example_dags/example_time_delta_sensor_async.py
[2024-05-12T20:43:22.967+0500] {logging_mixin.py:188} INFO - [2024-05-12T20:43:22.967+0500] {dag.py:3096} INFO - Sync 1 DAGs
[2024-05-12T20:43:22.977+0500] {logging_mixin.py:188} INFO - [2024-05-12T20:43:22.977+0500] {dag.py:3954} INFO - Setting next_dagrun for example_time_delta_sensor_async to None, run_after=None
[2024-05-12T20:43:23.011+0500] {processor.py:183} INFO - Processing /home/awahab02/mlops_assignment_2/myenv/lib/python3.10/site-packages/airflow/example_dags/example_time_delta_sensor_async.py took 0.097 seconds
[2024-05-12T20:44:07.114+0500] {processor.py:161} INFO - Started process (PID=18289) to work on /home/awahab02/mlops_assignment_2/myenv/lib/python3.10/site-packages/airflow/example_dags/example_time_delta_sensor_async.py
[2024-05-12T20:44:07.116+0500] {processor.py:830} INFO - Processing file /home/awahab02/mlops_assignment_2/myenv/lib/python3.10/site-packages/airflow/example_dags/example_time_delta_sensor_async.py for tasks to queue
[2024-05-12T20:44:07.117+0500] {logging_mixin.py:188} INFO - [2024-05-12T20:44:07.116+0500] {dagbag.py:545} INFO - Filling up the DagBag from /home/awahab02/mlops_assignment_2/myenv/lib/python3.10/site-packages/airflow/example_dags/example_time_delta_sensor_async.py
[2024-05-12T20:44:07.122+0500] {processor.py:840} INFO - DAG(s) 'example_time_delta_sensor_async' retrieved from /home/awahab02/mlops_assignment_2/myenv/lib/python3.10/site-packages/airflow/example_dags/example_time_delta_sensor_async.py
[2024-05-12T20:44:07.136+0500] {logging_mixin.py:188} INFO - [2024-05-12T20:44:07.135+0500] {dag.py:3096} INFO - Sync 1 DAGs
[2024-05-12T20:44:07.145+0500] {logging_mixin.py:188} INFO - [2024-05-12T20:44:07.144+0500] {dag.py:3954} INFO - Setting next_dagrun for example_time_delta_sensor_async to None, run_after=None
[2024-05-12T20:44:07.178+0500] {processor.py:183} INFO - Processing /home/awahab02/mlops_assignment_2/myenv/lib/python3.10/site-packages/airflow/example_dags/example_time_delta_sensor_async.py took 0.069 seconds
