[2024-05-12T20:21:01.151+0500] {processor.py:161} INFO - Started process (PID=9452) to work on /home/awahab02/mlops_assignment_2/myenv/lib/python3.10/site-packages/airflow/example_dags/example_branch_datetime_operator.py
[2024-05-12T20:21:01.152+0500] {processor.py:830} INFO - Processing file /home/awahab02/mlops_assignment_2/myenv/lib/python3.10/site-packages/airflow/example_dags/example_branch_datetime_operator.py for tasks to queue
[2024-05-12T20:21:01.154+0500] {logging_mixin.py:188} INFO - [2024-05-12T20:21:01.153+0500] {dagbag.py:545} INFO - Filling up the DagBag from /home/awahab02/mlops_assignment_2/myenv/lib/python3.10/site-packages/airflow/example_dags/example_branch_datetime_operator.py
[2024-05-12T20:21:01.162+0500] {processor.py:840} INFO - DAG(s) 'example_branch_datetime_operator_3', 'example_branch_datetime_operator', 'example_branch_datetime_operator_2' retrieved from /home/awahab02/mlops_assignment_2/myenv/lib/python3.10/site-packages/airflow/example_dags/example_branch_datetime_operator.py
[2024-05-12T20:21:01.290+0500] {logging_mixin.py:188} INFO - [2024-05-12T20:21:01.290+0500] {override.py:1829} INFO - Created Permission View: can read on DAG:example_branch_datetime_operator_3
[2024-05-12T20:21:01.307+0500] {logging_mixin.py:188} INFO - [2024-05-12T20:21:01.307+0500] {override.py:1829} INFO - Created Permission View: can edit on DAG:example_branch_datetime_operator_3
[2024-05-12T20:21:01.325+0500] {logging_mixin.py:188} INFO - [2024-05-12T20:21:01.325+0500] {override.py:1829} INFO - Created Permission View: can delete on DAG:example_branch_datetime_operator_3
[2024-05-12T20:21:01.361+0500] {logging_mixin.py:188} INFO - [2024-05-12T20:21:01.360+0500] {override.py:1829} INFO - Created Permission View: can read on DAG:example_branch_datetime_operator
[2024-05-12T20:21:01.375+0500] {logging_mixin.py:188} INFO - [2024-05-12T20:21:01.374+0500] {override.py:1829} INFO - Created Permission View: can edit on DAG:example_branch_datetime_operator
[2024-05-12T20:21:01.390+0500] {logging_mixin.py:188} INFO - [2024-05-12T20:21:01.390+0500] {override.py:1829} INFO - Created Permission View: can delete on DAG:example_branch_datetime_operator
[2024-05-12T20:21:01.422+0500] {logging_mixin.py:188} INFO - [2024-05-12T20:21:01.422+0500] {override.py:1829} INFO - Created Permission View: can read on DAG:example_branch_datetime_operator_2
[2024-05-12T20:21:01.437+0500] {logging_mixin.py:188} INFO - [2024-05-12T20:21:01.436+0500] {override.py:1829} INFO - Created Permission View: can edit on DAG:example_branch_datetime_operator_2
[2024-05-12T20:21:01.454+0500] {logging_mixin.py:188} INFO - [2024-05-12T20:21:01.453+0500] {override.py:1829} INFO - Created Permission View: can delete on DAG:example_branch_datetime_operator_2
[2024-05-12T20:21:01.454+0500] {logging_mixin.py:188} INFO - [2024-05-12T20:21:01.454+0500] {dag.py:3096} INFO - Sync 3 DAGs
[2024-05-12T20:21:01.474+0500] {logging_mixin.py:188} INFO - [2024-05-12T20:21:01.474+0500] {dag.py:3118} INFO - Creating ORM DAG for example_branch_datetime_operator_3
[2024-05-12T20:21:01.475+0500] {logging_mixin.py:188} INFO - [2024-05-12T20:21:01.475+0500] {dag.py:3118} INFO - Creating ORM DAG for example_branch_datetime_operator
[2024-05-12T20:21:01.477+0500] {logging_mixin.py:188} INFO - [2024-05-12T20:21:01.477+0500] {dag.py:3118} INFO - Creating ORM DAG for example_branch_datetime_operator_2
[2024-05-12T20:21:01.492+0500] {logging_mixin.py:188} INFO - [2024-05-12T20:21:01.492+0500] {dag.py:3954} INFO - Setting next_dagrun for example_branch_datetime_operator to 2024-05-11 00:00:00+00:00, run_after=2024-05-12 00:00:00+00:00
[2024-05-12T20:21:01.494+0500] {logging_mixin.py:188} INFO - [2024-05-12T20:21:01.494+0500] {dag.py:3954} INFO - Setting next_dagrun for example_branch_datetime_operator_2 to 2024-05-11 00:00:00+00:00, run_after=2024-05-12 00:00:00+00:00
[2024-05-12T20:21:01.496+0500] {logging_mixin.py:188} INFO - [2024-05-12T20:21:01.496+0500] {dag.py:3954} INFO - Setting next_dagrun for example_branch_datetime_operator_3 to 2024-05-11 00:00:00+00:00, run_after=2024-05-12 00:00:00+00:00
[2024-05-12T20:21:01.528+0500] {processor.py:183} INFO - Processing /home/awahab02/mlops_assignment_2/myenv/lib/python3.10/site-packages/airflow/example_dags/example_branch_datetime_operator.py took 0.382 seconds
[2024-05-12T20:21:54.203+0500] {processor.py:161} INFO - Started process (PID=9662) to work on /home/awahab02/mlops_assignment_2/myenv/lib/python3.10/site-packages/airflow/example_dags/example_branch_datetime_operator.py
[2024-05-12T20:21:54.213+0500] {processor.py:830} INFO - Processing file /home/awahab02/mlops_assignment_2/myenv/lib/python3.10/site-packages/airflow/example_dags/example_branch_datetime_operator.py for tasks to queue
[2024-05-12T20:21:54.214+0500] {logging_mixin.py:188} INFO - [2024-05-12T20:21:54.214+0500] {dagbag.py:545} INFO - Filling up the DagBag from /home/awahab02/mlops_assignment_2/myenv/lib/python3.10/site-packages/airflow/example_dags/example_branch_datetime_operator.py
[2024-05-12T20:21:54.223+0500] {processor.py:840} INFO - DAG(s) 'example_branch_datetime_operator_3', 'example_branch_datetime_operator_2', 'example_branch_datetime_operator' retrieved from /home/awahab02/mlops_assignment_2/myenv/lib/python3.10/site-packages/airflow/example_dags/example_branch_datetime_operator.py
[2024-05-12T20:21:54.248+0500] {logging_mixin.py:188} INFO - [2024-05-12T20:21:54.248+0500] {dag.py:3096} INFO - Sync 3 DAGs
[2024-05-12T20:21:54.265+0500] {logging_mixin.py:188} INFO - [2024-05-12T20:21:54.265+0500] {dag.py:3954} INFO - Setting next_dagrun for example_branch_datetime_operator to 2024-05-11 00:00:00+00:00, run_after=2024-05-12 00:00:00+00:00
[2024-05-12T20:21:54.269+0500] {logging_mixin.py:188} INFO - [2024-05-12T20:21:54.268+0500] {dag.py:3954} INFO - Setting next_dagrun for example_branch_datetime_operator_2 to 2024-05-11 00:00:00+00:00, run_after=2024-05-12 00:00:00+00:00
[2024-05-12T20:21:54.270+0500] {logging_mixin.py:188} INFO - [2024-05-12T20:21:54.270+0500] {dag.py:3954} INFO - Setting next_dagrun for example_branch_datetime_operator_3 to 2024-05-11 00:00:00+00:00, run_after=2024-05-12 00:00:00+00:00
[2024-05-12T20:21:54.294+0500] {processor.py:183} INFO - Processing /home/awahab02/mlops_assignment_2/myenv/lib/python3.10/site-packages/airflow/example_dags/example_branch_datetime_operator.py took 0.096 seconds
[2024-05-12T20:22:43.591+0500] {processor.py:161} INFO - Started process (PID=9873) to work on /home/awahab02/mlops_assignment_2/myenv/lib/python3.10/site-packages/airflow/example_dags/example_branch_datetime_operator.py
[2024-05-12T20:22:43.628+0500] {processor.py:830} INFO - Processing file /home/awahab02/mlops_assignment_2/myenv/lib/python3.10/site-packages/airflow/example_dags/example_branch_datetime_operator.py for tasks to queue
[2024-05-12T20:22:43.630+0500] {logging_mixin.py:188} INFO - [2024-05-12T20:22:43.630+0500] {dagbag.py:545} INFO - Filling up the DagBag from /home/awahab02/mlops_assignment_2/myenv/lib/python3.10/site-packages/airflow/example_dags/example_branch_datetime_operator.py
[2024-05-12T20:22:43.641+0500] {processor.py:840} INFO - DAG(s) 'example_branch_datetime_operator_3', 'example_branch_datetime_operator', 'example_branch_datetime_operator_2' retrieved from /home/awahab02/mlops_assignment_2/myenv/lib/python3.10/site-packages/airflow/example_dags/example_branch_datetime_operator.py
[2024-05-12T20:22:43.661+0500] {logging_mixin.py:188} INFO - [2024-05-12T20:22:43.660+0500] {dag.py:3096} INFO - Sync 3 DAGs
[2024-05-12T20:22:43.679+0500] {logging_mixin.py:188} INFO - [2024-05-12T20:22:43.679+0500] {dag.py:3954} INFO - Setting next_dagrun for example_branch_datetime_operator to 2024-05-11 00:00:00+00:00, run_after=2024-05-12 00:00:00+00:00
[2024-05-12T20:22:43.684+0500] {logging_mixin.py:188} INFO - [2024-05-12T20:22:43.684+0500] {dag.py:3954} INFO - Setting next_dagrun for example_branch_datetime_operator_2 to 2024-05-11 00:00:00+00:00, run_after=2024-05-12 00:00:00+00:00
[2024-05-12T20:22:43.686+0500] {logging_mixin.py:188} INFO - [2024-05-12T20:22:43.686+0500] {dag.py:3954} INFO - Setting next_dagrun for example_branch_datetime_operator_3 to 2024-05-11 00:00:00+00:00, run_after=2024-05-12 00:00:00+00:00
[2024-05-12T20:22:43.714+0500] {processor.py:183} INFO - Processing /home/awahab02/mlops_assignment_2/myenv/lib/python3.10/site-packages/airflow/example_dags/example_branch_datetime_operator.py took 0.129 seconds
[2024-05-12T20:23:40.493+0500] {processor.py:161} INFO - Started process (PID=10392) to work on /home/awahab02/mlops_assignment_2/myenv/lib/python3.10/site-packages/airflow/example_dags/example_branch_datetime_operator.py
[2024-05-12T20:23:40.529+0500] {processor.py:830} INFO - Processing file /home/awahab02/mlops_assignment_2/myenv/lib/python3.10/site-packages/airflow/example_dags/example_branch_datetime_operator.py for tasks to queue
[2024-05-12T20:23:40.531+0500] {logging_mixin.py:188} INFO - [2024-05-12T20:23:40.530+0500] {dagbag.py:545} INFO - Filling up the DagBag from /home/awahab02/mlops_assignment_2/myenv/lib/python3.10/site-packages/airflow/example_dags/example_branch_datetime_operator.py
[2024-05-12T20:23:40.540+0500] {processor.py:840} INFO - DAG(s) 'example_branch_datetime_operator_2', 'example_branch_datetime_operator_3', 'example_branch_datetime_operator' retrieved from /home/awahab02/mlops_assignment_2/myenv/lib/python3.10/site-packages/airflow/example_dags/example_branch_datetime_operator.py
[2024-05-12T20:23:40.568+0500] {logging_mixin.py:188} INFO - [2024-05-12T20:23:40.567+0500] {dag.py:3096} INFO - Sync 3 DAGs
[2024-05-12T20:23:40.585+0500] {logging_mixin.py:188} INFO - [2024-05-12T20:23:40.585+0500] {dag.py:3954} INFO - Setting next_dagrun for example_branch_datetime_operator to 2024-05-11 00:00:00+00:00, run_after=2024-05-12 00:00:00+00:00
[2024-05-12T20:23:40.589+0500] {logging_mixin.py:188} INFO - [2024-05-12T20:23:40.588+0500] {dag.py:3954} INFO - Setting next_dagrun for example_branch_datetime_operator_2 to 2024-05-11 00:00:00+00:00, run_after=2024-05-12 00:00:00+00:00
[2024-05-12T20:23:40.590+0500] {logging_mixin.py:188} INFO - [2024-05-12T20:23:40.590+0500] {dag.py:3954} INFO - Setting next_dagrun for example_branch_datetime_operator_3 to 2024-05-11 00:00:00+00:00, run_after=2024-05-12 00:00:00+00:00
[2024-05-12T20:23:40.615+0500] {processor.py:183} INFO - Processing /home/awahab02/mlops_assignment_2/myenv/lib/python3.10/site-packages/airflow/example_dags/example_branch_datetime_operator.py took 0.128 seconds
[2024-05-12T20:24:41.917+0500] {processor.py:161} INFO - Started process (PID=10689) to work on /home/awahab02/mlops_assignment_2/myenv/lib/python3.10/site-packages/airflow/example_dags/example_branch_datetime_operator.py
[2024-05-12T20:24:41.956+0500] {processor.py:830} INFO - Processing file /home/awahab02/mlops_assignment_2/myenv/lib/python3.10/site-packages/airflow/example_dags/example_branch_datetime_operator.py for tasks to queue
[2024-05-12T20:24:41.957+0500] {logging_mixin.py:188} INFO - [2024-05-12T20:24:41.957+0500] {dagbag.py:545} INFO - Filling up the DagBag from /home/awahab02/mlops_assignment_2/myenv/lib/python3.10/site-packages/airflow/example_dags/example_branch_datetime_operator.py
[2024-05-12T20:24:41.966+0500] {processor.py:840} INFO - DAG(s) 'example_branch_datetime_operator', 'example_branch_datetime_operator_2', 'example_branch_datetime_operator_3' retrieved from /home/awahab02/mlops_assignment_2/myenv/lib/python3.10/site-packages/airflow/example_dags/example_branch_datetime_operator.py
[2024-05-12T20:24:41.986+0500] {logging_mixin.py:188} INFO - [2024-05-12T20:24:41.986+0500] {dag.py:3096} INFO - Sync 3 DAGs
[2024-05-12T20:24:42.003+0500] {logging_mixin.py:188} INFO - [2024-05-12T20:24:42.003+0500] {dag.py:3954} INFO - Setting next_dagrun for example_branch_datetime_operator to 2024-05-11 00:00:00+00:00, run_after=2024-05-12 00:00:00+00:00
[2024-05-12T20:24:42.007+0500] {logging_mixin.py:188} INFO - [2024-05-12T20:24:42.007+0500] {dag.py:3954} INFO - Setting next_dagrun for example_branch_datetime_operator_2 to 2024-05-11 00:00:00+00:00, run_after=2024-05-12 00:00:00+00:00
[2024-05-12T20:24:42.008+0500] {logging_mixin.py:188} INFO - [2024-05-12T20:24:42.008+0500] {dag.py:3954} INFO - Setting next_dagrun for example_branch_datetime_operator_3 to 2024-05-11 00:00:00+00:00, run_after=2024-05-12 00:00:00+00:00
[2024-05-12T20:24:42.035+0500] {processor.py:183} INFO - Processing /home/awahab02/mlops_assignment_2/myenv/lib/python3.10/site-packages/airflow/example_dags/example_branch_datetime_operator.py took 0.123 seconds
[2024-05-12T20:25:41.970+0500] {processor.py:161} INFO - Started process (PID=11010) to work on /home/awahab02/mlops_assignment_2/myenv/lib/python3.10/site-packages/airflow/example_dags/example_branch_datetime_operator.py
[2024-05-12T20:25:42.020+0500] {processor.py:830} INFO - Processing file /home/awahab02/mlops_assignment_2/myenv/lib/python3.10/site-packages/airflow/example_dags/example_branch_datetime_operator.py for tasks to queue
[2024-05-12T20:25:42.021+0500] {logging_mixin.py:188} INFO - [2024-05-12T20:25:42.021+0500] {dagbag.py:545} INFO - Filling up the DagBag from /home/awahab02/mlops_assignment_2/myenv/lib/python3.10/site-packages/airflow/example_dags/example_branch_datetime_operator.py
[2024-05-12T20:25:42.030+0500] {processor.py:840} INFO - DAG(s) 'example_branch_datetime_operator_2', 'example_branch_datetime_operator_3', 'example_branch_datetime_operator' retrieved from /home/awahab02/mlops_assignment_2/myenv/lib/python3.10/site-packages/airflow/example_dags/example_branch_datetime_operator.py
[2024-05-12T20:25:42.047+0500] {logging_mixin.py:188} INFO - [2024-05-12T20:25:42.047+0500] {dag.py:3096} INFO - Sync 3 DAGs
[2024-05-12T20:25:42.063+0500] {logging_mixin.py:188} INFO - [2024-05-12T20:25:42.063+0500] {dag.py:3954} INFO - Setting next_dagrun for example_branch_datetime_operator to 2024-05-11 00:00:00+00:00, run_after=2024-05-12 00:00:00+00:00
[2024-05-12T20:25:42.067+0500] {logging_mixin.py:188} INFO - [2024-05-12T20:25:42.067+0500] {dag.py:3954} INFO - Setting next_dagrun for example_branch_datetime_operator_2 to 2024-05-11 00:00:00+00:00, run_after=2024-05-12 00:00:00+00:00
[2024-05-12T20:25:42.069+0500] {logging_mixin.py:188} INFO - [2024-05-12T20:25:42.068+0500] {dag.py:3954} INFO - Setting next_dagrun for example_branch_datetime_operator_3 to 2024-05-11 00:00:00+00:00, run_after=2024-05-12 00:00:00+00:00
[2024-05-12T20:25:42.092+0500] {processor.py:183} INFO - Processing /home/awahab02/mlops_assignment_2/myenv/lib/python3.10/site-packages/airflow/example_dags/example_branch_datetime_operator.py took 0.127 seconds
[2024-05-12T20:26:46.523+0500] {processor.py:161} INFO - Started process (PID=11407) to work on /home/awahab02/mlops_assignment_2/myenv/lib/python3.10/site-packages/airflow/example_dags/example_branch_datetime_operator.py
[2024-05-12T20:26:46.525+0500] {processor.py:830} INFO - Processing file /home/awahab02/mlops_assignment_2/myenv/lib/python3.10/site-packages/airflow/example_dags/example_branch_datetime_operator.py for tasks to queue
[2024-05-12T20:26:46.526+0500] {logging_mixin.py:188} INFO - [2024-05-12T20:26:46.525+0500] {dagbag.py:545} INFO - Filling up the DagBag from /home/awahab02/mlops_assignment_2/myenv/lib/python3.10/site-packages/airflow/example_dags/example_branch_datetime_operator.py
[2024-05-12T20:26:46.534+0500] {processor.py:840} INFO - DAG(s) 'example_branch_datetime_operator_3', 'example_branch_datetime_operator', 'example_branch_datetime_operator_2' retrieved from /home/awahab02/mlops_assignment_2/myenv/lib/python3.10/site-packages/airflow/example_dags/example_branch_datetime_operator.py
[2024-05-12T20:26:46.551+0500] {logging_mixin.py:188} INFO - [2024-05-12T20:26:46.551+0500] {dag.py:3096} INFO - Sync 3 DAGs
[2024-05-12T20:26:46.567+0500] {logging_mixin.py:188} INFO - [2024-05-12T20:26:46.567+0500] {dag.py:3954} INFO - Setting next_dagrun for example_branch_datetime_operator to 2024-05-11 00:00:00+00:00, run_after=2024-05-12 00:00:00+00:00
[2024-05-12T20:26:46.570+0500] {logging_mixin.py:188} INFO - [2024-05-12T20:26:46.570+0500] {dag.py:3954} INFO - Setting next_dagrun for example_branch_datetime_operator_2 to 2024-05-11 00:00:00+00:00, run_after=2024-05-12 00:00:00+00:00
[2024-05-12T20:26:46.572+0500] {logging_mixin.py:188} INFO - [2024-05-12T20:26:46.572+0500] {dag.py:3954} INFO - Setting next_dagrun for example_branch_datetime_operator_3 to 2024-05-11 00:00:00+00:00, run_after=2024-05-12 00:00:00+00:00
[2024-05-12T20:26:46.594+0500] {processor.py:183} INFO - Processing /home/awahab02/mlops_assignment_2/myenv/lib/python3.10/site-packages/airflow/example_dags/example_branch_datetime_operator.py took 0.076 seconds
[2024-05-12T20:28:04.779+0500] {processor.py:161} INFO - Started process (PID=12042) to work on /home/awahab02/mlops_assignment_2/myenv/lib/python3.10/site-packages/airflow/example_dags/example_branch_datetime_operator.py
[2024-05-12T20:28:04.802+0500] {processor.py:830} INFO - Processing file /home/awahab02/mlops_assignment_2/myenv/lib/python3.10/site-packages/airflow/example_dags/example_branch_datetime_operator.py for tasks to queue
[2024-05-12T20:28:04.804+0500] {logging_mixin.py:188} INFO - [2024-05-12T20:28:04.804+0500] {dagbag.py:545} INFO - Filling up the DagBag from /home/awahab02/mlops_assignment_2/myenv/lib/python3.10/site-packages/airflow/example_dags/example_branch_datetime_operator.py
[2024-05-12T20:28:04.817+0500] {processor.py:840} INFO - DAG(s) 'example_branch_datetime_operator_2', 'example_branch_datetime_operator_3', 'example_branch_datetime_operator' retrieved from /home/awahab02/mlops_assignment_2/myenv/lib/python3.10/site-packages/airflow/example_dags/example_branch_datetime_operator.py
[2024-05-12T20:28:04.840+0500] {logging_mixin.py:188} INFO - [2024-05-12T20:28:04.840+0500] {dag.py:3096} INFO - Sync 3 DAGs
[2024-05-12T20:28:04.862+0500] {logging_mixin.py:188} INFO - [2024-05-12T20:28:04.862+0500] {dag.py:3954} INFO - Setting next_dagrun for example_branch_datetime_operator to 2024-05-11 00:00:00+00:00, run_after=2024-05-12 00:00:00+00:00
[2024-05-12T20:28:04.868+0500] {logging_mixin.py:188} INFO - [2024-05-12T20:28:04.868+0500] {dag.py:3954} INFO - Setting next_dagrun for example_branch_datetime_operator_2 to 2024-05-11 00:00:00+00:00, run_after=2024-05-12 00:00:00+00:00
[2024-05-12T20:28:04.871+0500] {logging_mixin.py:188} INFO - [2024-05-12T20:28:04.870+0500] {dag.py:3954} INFO - Setting next_dagrun for example_branch_datetime_operator_3 to 2024-05-11 00:00:00+00:00, run_after=2024-05-12 00:00:00+00:00
[2024-05-12T20:28:04.900+0500] {processor.py:183} INFO - Processing /home/awahab02/mlops_assignment_2/myenv/lib/python3.10/site-packages/airflow/example_dags/example_branch_datetime_operator.py took 0.128 seconds
[2024-05-12T20:28:57.537+0500] {processor.py:161} INFO - Started process (PID=12292) to work on /home/awahab02/mlops_assignment_2/myenv/lib/python3.10/site-packages/airflow/example_dags/example_branch_datetime_operator.py
[2024-05-12T20:28:57.538+0500] {processor.py:830} INFO - Processing file /home/awahab02/mlops_assignment_2/myenv/lib/python3.10/site-packages/airflow/example_dags/example_branch_datetime_operator.py for tasks to queue
[2024-05-12T20:28:57.540+0500] {logging_mixin.py:188} INFO - [2024-05-12T20:28:57.540+0500] {dagbag.py:545} INFO - Filling up the DagBag from /home/awahab02/mlops_assignment_2/myenv/lib/python3.10/site-packages/airflow/example_dags/example_branch_datetime_operator.py
[2024-05-12T20:28:57.549+0500] {processor.py:840} INFO - DAG(s) 'example_branch_datetime_operator_3', 'example_branch_datetime_operator_2', 'example_branch_datetime_operator' retrieved from /home/awahab02/mlops_assignment_2/myenv/lib/python3.10/site-packages/airflow/example_dags/example_branch_datetime_operator.py
[2024-05-12T20:28:57.565+0500] {logging_mixin.py:188} INFO - [2024-05-12T20:28:57.565+0500] {dag.py:3096} INFO - Sync 3 DAGs
[2024-05-12T20:28:57.581+0500] {logging_mixin.py:188} INFO - [2024-05-12T20:28:57.581+0500] {dag.py:3954} INFO - Setting next_dagrun for example_branch_datetime_operator to 2024-05-11 00:00:00+00:00, run_after=2024-05-12 00:00:00+00:00
[2024-05-12T20:28:57.584+0500] {logging_mixin.py:188} INFO - [2024-05-12T20:28:57.584+0500] {dag.py:3954} INFO - Setting next_dagrun for example_branch_datetime_operator_2 to 2024-05-11 00:00:00+00:00, run_after=2024-05-12 00:00:00+00:00
[2024-05-12T20:28:57.586+0500] {logging_mixin.py:188} INFO - [2024-05-12T20:28:57.586+0500] {dag.py:3954} INFO - Setting next_dagrun for example_branch_datetime_operator_3 to 2024-05-11 00:00:00+00:00, run_after=2024-05-12 00:00:00+00:00
[2024-05-12T20:28:57.610+0500] {processor.py:183} INFO - Processing /home/awahab02/mlops_assignment_2/myenv/lib/python3.10/site-packages/airflow/example_dags/example_branch_datetime_operator.py took 0.078 seconds
[2024-05-12T20:29:50.400+0500] {processor.py:161} INFO - Started process (PID=12592) to work on /home/awahab02/mlops_assignment_2/myenv/lib/python3.10/site-packages/airflow/example_dags/example_branch_datetime_operator.py
[2024-05-12T20:29:50.402+0500] {processor.py:830} INFO - Processing file /home/awahab02/mlops_assignment_2/myenv/lib/python3.10/site-packages/airflow/example_dags/example_branch_datetime_operator.py for tasks to queue
[2024-05-12T20:29:50.404+0500] {logging_mixin.py:188} INFO - [2024-05-12T20:29:50.403+0500] {dagbag.py:545} INFO - Filling up the DagBag from /home/awahab02/mlops_assignment_2/myenv/lib/python3.10/site-packages/airflow/example_dags/example_branch_datetime_operator.py
[2024-05-12T20:29:50.414+0500] {processor.py:840} INFO - DAG(s) 'example_branch_datetime_operator_3', 'example_branch_datetime_operator_2', 'example_branch_datetime_operator' retrieved from /home/awahab02/mlops_assignment_2/myenv/lib/python3.10/site-packages/airflow/example_dags/example_branch_datetime_operator.py
[2024-05-12T20:29:50.431+0500] {logging_mixin.py:188} INFO - [2024-05-12T20:29:50.431+0500] {dag.py:3096} INFO - Sync 3 DAGs
[2024-05-12T20:29:50.449+0500] {logging_mixin.py:188} INFO - [2024-05-12T20:29:50.449+0500] {dag.py:3954} INFO - Setting next_dagrun for example_branch_datetime_operator to 2024-05-11 00:00:00+00:00, run_after=2024-05-12 00:00:00+00:00
[2024-05-12T20:29:50.452+0500] {logging_mixin.py:188} INFO - [2024-05-12T20:29:50.452+0500] {dag.py:3954} INFO - Setting next_dagrun for example_branch_datetime_operator_2 to 2024-05-11 00:00:00+00:00, run_after=2024-05-12 00:00:00+00:00
[2024-05-12T20:29:50.454+0500] {logging_mixin.py:188} INFO - [2024-05-12T20:29:50.454+0500] {dag.py:3954} INFO - Setting next_dagrun for example_branch_datetime_operator_3 to 2024-05-11 00:00:00+00:00, run_after=2024-05-12 00:00:00+00:00
[2024-05-12T20:29:50.478+0500] {processor.py:183} INFO - Processing /home/awahab02/mlops_assignment_2/myenv/lib/python3.10/site-packages/airflow/example_dags/example_branch_datetime_operator.py took 0.083 seconds
[2024-05-12T20:31:10.267+0500] {processor.py:161} INFO - Started process (PID=13190) to work on /home/awahab02/mlops_assignment_2/myenv/lib/python3.10/site-packages/airflow/example_dags/example_branch_datetime_operator.py
[2024-05-12T20:31:10.268+0500] {processor.py:830} INFO - Processing file /home/awahab02/mlops_assignment_2/myenv/lib/python3.10/site-packages/airflow/example_dags/example_branch_datetime_operator.py for tasks to queue
[2024-05-12T20:31:10.270+0500] {logging_mixin.py:188} INFO - [2024-05-12T20:31:10.269+0500] {dagbag.py:545} INFO - Filling up the DagBag from /home/awahab02/mlops_assignment_2/myenv/lib/python3.10/site-packages/airflow/example_dags/example_branch_datetime_operator.py
[2024-05-12T20:31:10.279+0500] {processor.py:840} INFO - DAG(s) 'example_branch_datetime_operator_2', 'example_branch_datetime_operator', 'example_branch_datetime_operator_3' retrieved from /home/awahab02/mlops_assignment_2/myenv/lib/python3.10/site-packages/airflow/example_dags/example_branch_datetime_operator.py
[2024-05-12T20:31:10.297+0500] {logging_mixin.py:188} INFO - [2024-05-12T20:31:10.297+0500] {dag.py:3096} INFO - Sync 3 DAGs
[2024-05-12T20:31:10.326+0500] {logging_mixin.py:188} INFO - [2024-05-12T20:31:10.325+0500] {dag.py:3954} INFO - Setting next_dagrun for example_branch_datetime_operator to 2024-05-11 00:00:00+00:00, run_after=2024-05-12 00:00:00+00:00
[2024-05-12T20:31:10.333+0500] {logging_mixin.py:188} INFO - [2024-05-12T20:31:10.333+0500] {dag.py:3954} INFO - Setting next_dagrun for example_branch_datetime_operator_2 to 2024-05-11 00:00:00+00:00, run_after=2024-05-12 00:00:00+00:00
[2024-05-12T20:31:10.335+0500] {logging_mixin.py:188} INFO - [2024-05-12T20:31:10.335+0500] {dag.py:3954} INFO - Setting next_dagrun for example_branch_datetime_operator_3 to 2024-05-11 00:00:00+00:00, run_after=2024-05-12 00:00:00+00:00
[2024-05-12T20:31:10.363+0500] {processor.py:183} INFO - Processing /home/awahab02/mlops_assignment_2/myenv/lib/python3.10/site-packages/airflow/example_dags/example_branch_datetime_operator.py took 0.102 seconds
[2024-05-12T20:32:15.626+0500] {processor.py:161} INFO - Started process (PID=13515) to work on /home/awahab02/mlops_assignment_2/myenv/lib/python3.10/site-packages/airflow/example_dags/example_branch_datetime_operator.py
[2024-05-12T20:32:15.651+0500] {processor.py:830} INFO - Processing file /home/awahab02/mlops_assignment_2/myenv/lib/python3.10/site-packages/airflow/example_dags/example_branch_datetime_operator.py for tasks to queue
[2024-05-12T20:32:15.658+0500] {logging_mixin.py:188} INFO - [2024-05-12T20:32:15.657+0500] {dagbag.py:545} INFO - Filling up the DagBag from /home/awahab02/mlops_assignment_2/myenv/lib/python3.10/site-packages/airflow/example_dags/example_branch_datetime_operator.py
[2024-05-12T20:32:15.693+0500] {processor.py:840} INFO - DAG(s) 'example_branch_datetime_operator_3', 'example_branch_datetime_operator_2', 'example_branch_datetime_operator' retrieved from /home/awahab02/mlops_assignment_2/myenv/lib/python3.10/site-packages/airflow/example_dags/example_branch_datetime_operator.py
[2024-05-12T20:32:15.721+0500] {logging_mixin.py:188} INFO - [2024-05-12T20:32:15.721+0500] {dag.py:3096} INFO - Sync 3 DAGs
[2024-05-12T20:32:15.738+0500] {logging_mixin.py:188} INFO - [2024-05-12T20:32:15.737+0500] {dag.py:3954} INFO - Setting next_dagrun for example_branch_datetime_operator to 2024-05-11 00:00:00+00:00, run_after=2024-05-12 00:00:00+00:00
[2024-05-12T20:32:15.741+0500] {logging_mixin.py:188} INFO - [2024-05-12T20:32:15.741+0500] {dag.py:3954} INFO - Setting next_dagrun for example_branch_datetime_operator_2 to 2024-05-11 00:00:00+00:00, run_after=2024-05-12 00:00:00+00:00
[2024-05-12T20:32:15.743+0500] {logging_mixin.py:188} INFO - [2024-05-12T20:32:15.743+0500] {dag.py:3954} INFO - Setting next_dagrun for example_branch_datetime_operator_3 to 2024-05-11 00:00:00+00:00, run_after=2024-05-12 00:00:00+00:00
[2024-05-12T20:32:15.767+0500] {processor.py:183} INFO - Processing /home/awahab02/mlops_assignment_2/myenv/lib/python3.10/site-packages/airflow/example_dags/example_branch_datetime_operator.py took 0.147 seconds
[2024-05-12T20:34:45.816+0500] {processor.py:161} INFO - Started process (PID=14610) to work on /home/awahab02/mlops_assignment_2/myenv/lib/python3.10/site-packages/airflow/example_dags/example_branch_datetime_operator.py
[2024-05-12T20:34:45.817+0500] {processor.py:830} INFO - Processing file /home/awahab02/mlops_assignment_2/myenv/lib/python3.10/site-packages/airflow/example_dags/example_branch_datetime_operator.py for tasks to queue
[2024-05-12T20:34:45.818+0500] {logging_mixin.py:188} INFO - [2024-05-12T20:34:45.818+0500] {dagbag.py:545} INFO - Filling up the DagBag from /home/awahab02/mlops_assignment_2/myenv/lib/python3.10/site-packages/airflow/example_dags/example_branch_datetime_operator.py
[2024-05-12T20:34:45.828+0500] {processor.py:840} INFO - DAG(s) 'example_branch_datetime_operator', 'example_branch_datetime_operator_2', 'example_branch_datetime_operator_3' retrieved from /home/awahab02/mlops_assignment_2/myenv/lib/python3.10/site-packages/airflow/example_dags/example_branch_datetime_operator.py
[2024-05-12T20:34:45.848+0500] {logging_mixin.py:188} INFO - [2024-05-12T20:34:45.848+0500] {dag.py:3096} INFO - Sync 3 DAGs
[2024-05-12T20:34:45.862+0500] {logging_mixin.py:188} INFO - [2024-05-12T20:34:45.862+0500] {dag.py:3954} INFO - Setting next_dagrun for example_branch_datetime_operator to 2024-05-11 00:00:00+00:00, run_after=2024-05-12 00:00:00+00:00
[2024-05-12T20:34:45.865+0500] {logging_mixin.py:188} INFO - [2024-05-12T20:34:45.865+0500] {dag.py:3954} INFO - Setting next_dagrun for example_branch_datetime_operator_2 to 2024-05-11 00:00:00+00:00, run_after=2024-05-12 00:00:00+00:00
[2024-05-12T20:34:45.867+0500] {logging_mixin.py:188} INFO - [2024-05-12T20:34:45.867+0500] {dag.py:3954} INFO - Setting next_dagrun for example_branch_datetime_operator_3 to 2024-05-11 00:00:00+00:00, run_after=2024-05-12 00:00:00+00:00
[2024-05-12T20:34:45.890+0500] {processor.py:183} INFO - Processing /home/awahab02/mlops_assignment_2/myenv/lib/python3.10/site-packages/airflow/example_dags/example_branch_datetime_operator.py took 0.079 seconds
[2024-05-12T20:35:37.958+0500] {processor.py:161} INFO - Started process (PID=14887) to work on /home/awahab02/mlops_assignment_2/myenv/lib/python3.10/site-packages/airflow/example_dags/example_branch_datetime_operator.py
[2024-05-12T20:35:37.994+0500] {processor.py:830} INFO - Processing file /home/awahab02/mlops_assignment_2/myenv/lib/python3.10/site-packages/airflow/example_dags/example_branch_datetime_operator.py for tasks to queue
[2024-05-12T20:35:37.995+0500] {logging_mixin.py:188} INFO - [2024-05-12T20:35:37.994+0500] {dagbag.py:545} INFO - Filling up the DagBag from /home/awahab02/mlops_assignment_2/myenv/lib/python3.10/site-packages/airflow/example_dags/example_branch_datetime_operator.py
[2024-05-12T20:35:38.003+0500] {processor.py:840} INFO - DAG(s) 'example_branch_datetime_operator_2', 'example_branch_datetime_operator', 'example_branch_datetime_operator_3' retrieved from /home/awahab02/mlops_assignment_2/myenv/lib/python3.10/site-packages/airflow/example_dags/example_branch_datetime_operator.py
[2024-05-12T20:35:38.025+0500] {logging_mixin.py:188} INFO - [2024-05-12T20:35:38.024+0500] {dag.py:3096} INFO - Sync 3 DAGs
[2024-05-12T20:35:38.040+0500] {logging_mixin.py:188} INFO - [2024-05-12T20:35:38.040+0500] {dag.py:3954} INFO - Setting next_dagrun for example_branch_datetime_operator to 2024-05-11 00:00:00+00:00, run_after=2024-05-12 00:00:00+00:00
[2024-05-12T20:35:38.044+0500] {logging_mixin.py:188} INFO - [2024-05-12T20:35:38.044+0500] {dag.py:3954} INFO - Setting next_dagrun for example_branch_datetime_operator_2 to 2024-05-11 00:00:00+00:00, run_after=2024-05-12 00:00:00+00:00
[2024-05-12T20:35:38.045+0500] {logging_mixin.py:188} INFO - [2024-05-12T20:35:38.045+0500] {dag.py:3954} INFO - Setting next_dagrun for example_branch_datetime_operator_3 to 2024-05-11 00:00:00+00:00, run_after=2024-05-12 00:00:00+00:00
[2024-05-12T20:35:38.069+0500] {processor.py:183} INFO - Processing /home/awahab02/mlops_assignment_2/myenv/lib/python3.10/site-packages/airflow/example_dags/example_branch_datetime_operator.py took 0.116 seconds
[2024-05-12T20:36:31.542+0500] {processor.py:161} INFO - Started process (PID=15166) to work on /home/awahab02/mlops_assignment_2/myenv/lib/python3.10/site-packages/airflow/example_dags/example_branch_datetime_operator.py
[2024-05-12T20:36:31.545+0500] {processor.py:830} INFO - Processing file /home/awahab02/mlops_assignment_2/myenv/lib/python3.10/site-packages/airflow/example_dags/example_branch_datetime_operator.py for tasks to queue
[2024-05-12T20:36:31.546+0500] {logging_mixin.py:188} INFO - [2024-05-12T20:36:31.546+0500] {dagbag.py:545} INFO - Filling up the DagBag from /home/awahab02/mlops_assignment_2/myenv/lib/python3.10/site-packages/airflow/example_dags/example_branch_datetime_operator.py
[2024-05-12T20:36:31.560+0500] {processor.py:840} INFO - DAG(s) 'example_branch_datetime_operator_2', 'example_branch_datetime_operator', 'example_branch_datetime_operator_3' retrieved from /home/awahab02/mlops_assignment_2/myenv/lib/python3.10/site-packages/airflow/example_dags/example_branch_datetime_operator.py
[2024-05-12T20:36:31.581+0500] {logging_mixin.py:188} INFO - [2024-05-12T20:36:31.581+0500] {dag.py:3096} INFO - Sync 3 DAGs
[2024-05-12T20:36:31.603+0500] {logging_mixin.py:188} INFO - [2024-05-12T20:36:31.602+0500] {dag.py:3954} INFO - Setting next_dagrun for example_branch_datetime_operator to 2024-05-11 00:00:00+00:00, run_after=2024-05-12 00:00:00+00:00
[2024-05-12T20:36:31.607+0500] {logging_mixin.py:188} INFO - [2024-05-12T20:36:31.606+0500] {dag.py:3954} INFO - Setting next_dagrun for example_branch_datetime_operator_2 to 2024-05-11 00:00:00+00:00, run_after=2024-05-12 00:00:00+00:00
[2024-05-12T20:36:31.609+0500] {logging_mixin.py:188} INFO - [2024-05-12T20:36:31.608+0500] {dag.py:3954} INFO - Setting next_dagrun for example_branch_datetime_operator_3 to 2024-05-11 00:00:00+00:00, run_after=2024-05-12 00:00:00+00:00
[2024-05-12T20:36:31.640+0500] {processor.py:183} INFO - Processing /home/awahab02/mlops_assignment_2/myenv/lib/python3.10/site-packages/airflow/example_dags/example_branch_datetime_operator.py took 0.105 seconds
[2024-05-12T20:39:19.195+0500] {processor.py:161} INFO - Started process (PID=16418) to work on /home/awahab02/mlops_assignment_2/myenv/lib/python3.10/site-packages/airflow/example_dags/example_branch_datetime_operator.py
[2024-05-12T20:39:19.196+0500] {processor.py:830} INFO - Processing file /home/awahab02/mlops_assignment_2/myenv/lib/python3.10/site-packages/airflow/example_dags/example_branch_datetime_operator.py for tasks to queue
[2024-05-12T20:39:19.197+0500] {logging_mixin.py:188} INFO - [2024-05-12T20:39:19.196+0500] {dagbag.py:545} INFO - Filling up the DagBag from /home/awahab02/mlops_assignment_2/myenv/lib/python3.10/site-packages/airflow/example_dags/example_branch_datetime_operator.py
[2024-05-12T20:39:19.206+0500] {processor.py:840} INFO - DAG(s) 'example_branch_datetime_operator', 'example_branch_datetime_operator_2', 'example_branch_datetime_operator_3' retrieved from /home/awahab02/mlops_assignment_2/myenv/lib/python3.10/site-packages/airflow/example_dags/example_branch_datetime_operator.py
[2024-05-12T20:39:19.224+0500] {logging_mixin.py:188} INFO - [2024-05-12T20:39:19.224+0500] {dag.py:3096} INFO - Sync 3 DAGs
[2024-05-12T20:39:19.240+0500] {logging_mixin.py:188} INFO - [2024-05-12T20:39:19.240+0500] {dag.py:3954} INFO - Setting next_dagrun for example_branch_datetime_operator to 2024-05-11 00:00:00+00:00, run_after=2024-05-12 00:00:00+00:00
[2024-05-12T20:39:19.243+0500] {logging_mixin.py:188} INFO - [2024-05-12T20:39:19.243+0500] {dag.py:3954} INFO - Setting next_dagrun for example_branch_datetime_operator_2 to 2024-05-11 00:00:00+00:00, run_after=2024-05-12 00:00:00+00:00
[2024-05-12T20:39:19.246+0500] {logging_mixin.py:188} INFO - [2024-05-12T20:39:19.246+0500] {dag.py:3954} INFO - Setting next_dagrun for example_branch_datetime_operator_3 to 2024-05-11 00:00:00+00:00, run_after=2024-05-12 00:00:00+00:00
[2024-05-12T20:39:19.268+0500] {processor.py:183} INFO - Processing /home/awahab02/mlops_assignment_2/myenv/lib/python3.10/site-packages/airflow/example_dags/example_branch_datetime_operator.py took 0.079 seconds
[2024-05-12T20:40:11.363+0500] {processor.py:161} INFO - Started process (PID=16751) to work on /home/awahab02/mlops_assignment_2/myenv/lib/python3.10/site-packages/airflow/example_dags/example_branch_datetime_operator.py
[2024-05-12T20:40:11.385+0500] {processor.py:830} INFO - Processing file /home/awahab02/mlops_assignment_2/myenv/lib/python3.10/site-packages/airflow/example_dags/example_branch_datetime_operator.py for tasks to queue
[2024-05-12T20:40:11.385+0500] {logging_mixin.py:188} INFO - [2024-05-12T20:40:11.385+0500] {dagbag.py:545} INFO - Filling up the DagBag from /home/awahab02/mlops_assignment_2/myenv/lib/python3.10/site-packages/airflow/example_dags/example_branch_datetime_operator.py
[2024-05-12T20:40:11.395+0500] {processor.py:840} INFO - DAG(s) 'example_branch_datetime_operator', 'example_branch_datetime_operator_2', 'example_branch_datetime_operator_3' retrieved from /home/awahab02/mlops_assignment_2/myenv/lib/python3.10/site-packages/airflow/example_dags/example_branch_datetime_operator.py
[2024-05-12T20:40:11.412+0500] {logging_mixin.py:188} INFO - [2024-05-12T20:40:11.412+0500] {dag.py:3096} INFO - Sync 3 DAGs
[2024-05-12T20:40:11.428+0500] {logging_mixin.py:188} INFO - [2024-05-12T20:40:11.428+0500] {dag.py:3954} INFO - Setting next_dagrun for example_branch_datetime_operator to 2024-05-11 00:00:00+00:00, run_after=2024-05-12 00:00:00+00:00
[2024-05-12T20:40:11.432+0500] {logging_mixin.py:188} INFO - [2024-05-12T20:40:11.432+0500] {dag.py:3954} INFO - Setting next_dagrun for example_branch_datetime_operator_2 to 2024-05-11 00:00:00+00:00, run_after=2024-05-12 00:00:00+00:00
[2024-05-12T20:40:11.434+0500] {logging_mixin.py:188} INFO - [2024-05-12T20:40:11.434+0500] {dag.py:3954} INFO - Setting next_dagrun for example_branch_datetime_operator_3 to 2024-05-11 00:00:00+00:00, run_after=2024-05-12 00:00:00+00:00
[2024-05-12T20:40:11.457+0500] {processor.py:183} INFO - Processing /home/awahab02/mlops_assignment_2/myenv/lib/python3.10/site-packages/airflow/example_dags/example_branch_datetime_operator.py took 0.100 seconds
[2024-05-12T20:41:03.138+0500] {processor.py:161} INFO - Started process (PID=17122) to work on /home/awahab02/mlops_assignment_2/myenv/lib/python3.10/site-packages/airflow/example_dags/example_branch_datetime_operator.py
[2024-05-12T20:41:03.139+0500] {processor.py:830} INFO - Processing file /home/awahab02/mlops_assignment_2/myenv/lib/python3.10/site-packages/airflow/example_dags/example_branch_datetime_operator.py for tasks to queue
[2024-05-12T20:41:03.140+0500] {logging_mixin.py:188} INFO - [2024-05-12T20:41:03.139+0500] {dagbag.py:545} INFO - Filling up the DagBag from /home/awahab02/mlops_assignment_2/myenv/lib/python3.10/site-packages/airflow/example_dags/example_branch_datetime_operator.py
[2024-05-12T20:41:03.148+0500] {processor.py:840} INFO - DAG(s) 'example_branch_datetime_operator_3', 'example_branch_datetime_operator_2', 'example_branch_datetime_operator' retrieved from /home/awahab02/mlops_assignment_2/myenv/lib/python3.10/site-packages/airflow/example_dags/example_branch_datetime_operator.py
[2024-05-12T20:41:03.167+0500] {logging_mixin.py:188} INFO - [2024-05-12T20:41:03.166+0500] {dag.py:3096} INFO - Sync 3 DAGs
[2024-05-12T20:41:03.182+0500] {logging_mixin.py:188} INFO - [2024-05-12T20:41:03.182+0500] {dag.py:3954} INFO - Setting next_dagrun for example_branch_datetime_operator to 2024-05-11 00:00:00+00:00, run_after=2024-05-12 00:00:00+00:00
[2024-05-12T20:41:03.185+0500] {logging_mixin.py:188} INFO - [2024-05-12T20:41:03.185+0500] {dag.py:3954} INFO - Setting next_dagrun for example_branch_datetime_operator_2 to 2024-05-11 00:00:00+00:00, run_after=2024-05-12 00:00:00+00:00
[2024-05-12T20:41:03.187+0500] {logging_mixin.py:188} INFO - [2024-05-12T20:41:03.187+0500] {dag.py:3954} INFO - Setting next_dagrun for example_branch_datetime_operator_3 to 2024-05-11 00:00:00+00:00, run_after=2024-05-12 00:00:00+00:00
[2024-05-12T20:41:03.211+0500] {processor.py:183} INFO - Processing /home/awahab02/mlops_assignment_2/myenv/lib/python3.10/site-packages/airflow/example_dags/example_branch_datetime_operator.py took 0.079 seconds
[2024-05-12T20:42:08.808+0500] {processor.py:161} INFO - Started process (PID=17528) to work on /home/awahab02/mlops_assignment_2/myenv/lib/python3.10/site-packages/airflow/example_dags/example_branch_datetime_operator.py
[2024-05-12T20:42:08.843+0500] {processor.py:830} INFO - Processing file /home/awahab02/mlops_assignment_2/myenv/lib/python3.10/site-packages/airflow/example_dags/example_branch_datetime_operator.py for tasks to queue
[2024-05-12T20:42:08.844+0500] {logging_mixin.py:188} INFO - [2024-05-12T20:42:08.844+0500] {dagbag.py:545} INFO - Filling up the DagBag from /home/awahab02/mlops_assignment_2/myenv/lib/python3.10/site-packages/airflow/example_dags/example_branch_datetime_operator.py
[2024-05-12T20:42:08.853+0500] {processor.py:840} INFO - DAG(s) 'example_branch_datetime_operator_3', 'example_branch_datetime_operator_2', 'example_branch_datetime_operator' retrieved from /home/awahab02/mlops_assignment_2/myenv/lib/python3.10/site-packages/airflow/example_dags/example_branch_datetime_operator.py
[2024-05-12T20:42:08.869+0500] {logging_mixin.py:188} INFO - [2024-05-12T20:42:08.869+0500] {dag.py:3096} INFO - Sync 3 DAGs
[2024-05-12T20:42:08.884+0500] {logging_mixin.py:188} INFO - [2024-05-12T20:42:08.884+0500] {dag.py:3954} INFO - Setting next_dagrun for example_branch_datetime_operator to 2024-05-11 00:00:00+00:00, run_after=2024-05-12 00:00:00+00:00
[2024-05-12T20:42:08.887+0500] {logging_mixin.py:188} INFO - [2024-05-12T20:42:08.887+0500] {dag.py:3954} INFO - Setting next_dagrun for example_branch_datetime_operator_2 to 2024-05-11 00:00:00+00:00, run_after=2024-05-12 00:00:00+00:00
[2024-05-12T20:42:08.889+0500] {logging_mixin.py:188} INFO - [2024-05-12T20:42:08.889+0500] {dag.py:3954} INFO - Setting next_dagrun for example_branch_datetime_operator_3 to 2024-05-11 00:00:00+00:00, run_after=2024-05-12 00:00:00+00:00
[2024-05-12T20:42:08.913+0500] {processor.py:183} INFO - Processing /home/awahab02/mlops_assignment_2/myenv/lib/python3.10/site-packages/airflow/example_dags/example_branch_datetime_operator.py took 0.109 seconds
[2024-05-12T20:43:16.641+0500] {processor.py:161} INFO - Started process (PID=18036) to work on /home/awahab02/mlops_assignment_2/myenv/lib/python3.10/site-packages/airflow/example_dags/example_branch_datetime_operator.py
[2024-05-12T20:43:16.670+0500] {processor.py:830} INFO - Processing file /home/awahab02/mlops_assignment_2/myenv/lib/python3.10/site-packages/airflow/example_dags/example_branch_datetime_operator.py for tasks to queue
[2024-05-12T20:43:16.671+0500] {logging_mixin.py:188} INFO - [2024-05-12T20:43:16.671+0500] {dagbag.py:545} INFO - Filling up the DagBag from /home/awahab02/mlops_assignment_2/myenv/lib/python3.10/site-packages/airflow/example_dags/example_branch_datetime_operator.py
[2024-05-12T20:43:16.682+0500] {processor.py:840} INFO - DAG(s) 'example_branch_datetime_operator_2', 'example_branch_datetime_operator_3', 'example_branch_datetime_operator' retrieved from /home/awahab02/mlops_assignment_2/myenv/lib/python3.10/site-packages/airflow/example_dags/example_branch_datetime_operator.py
[2024-05-12T20:43:16.702+0500] {logging_mixin.py:188} INFO - [2024-05-12T20:43:16.702+0500] {dag.py:3096} INFO - Sync 3 DAGs
[2024-05-12T20:43:16.721+0500] {logging_mixin.py:188} INFO - [2024-05-12T20:43:16.720+0500] {dag.py:3954} INFO - Setting next_dagrun for example_branch_datetime_operator to 2024-05-11 00:00:00+00:00, run_after=2024-05-12 00:00:00+00:00
[2024-05-12T20:43:16.726+0500] {logging_mixin.py:188} INFO - [2024-05-12T20:43:16.725+0500] {dag.py:3954} INFO - Setting next_dagrun for example_branch_datetime_operator_2 to 2024-05-11 00:00:00+00:00, run_after=2024-05-12 00:00:00+00:00
[2024-05-12T20:43:16.729+0500] {logging_mixin.py:188} INFO - [2024-05-12T20:43:16.729+0500] {dag.py:3954} INFO - Setting next_dagrun for example_branch_datetime_operator_3 to 2024-05-11 00:00:00+00:00, run_after=2024-05-12 00:00:00+00:00
[2024-05-12T20:43:16.756+0500] {processor.py:183} INFO - Processing /home/awahab02/mlops_assignment_2/myenv/lib/python3.10/site-packages/airflow/example_dags/example_branch_datetime_operator.py took 0.121 seconds
