[2024-05-12T20:20:41.343+0500] {processor.py:161} INFO - Started process (PID=9287) to work on /home/awahab02/mlops_assignment_2/myenv/lib/python3.10/site-packages/airflow/example_dags/example_setup_teardown_taskflow.py
[2024-05-12T20:20:41.343+0500] {processor.py:830} INFO - Processing file /home/awahab02/mlops_assignment_2/myenv/lib/python3.10/site-packages/airflow/example_dags/example_setup_teardown_taskflow.py for tasks to queue
[2024-05-12T20:20:41.345+0500] {logging_mixin.py:188} INFO - [2024-05-12T20:20:41.344+0500] {dagbag.py:545} INFO - Filling up the DagBag from /home/awahab02/mlops_assignment_2/myenv/lib/python3.10/site-packages/airflow/example_dags/example_setup_teardown_taskflow.py
[2024-05-12T20:20:41.354+0500] {processor.py:840} INFO - DAG(s) 'example_setup_teardown_taskflow' retrieved from /home/awahab02/mlops_assignment_2/myenv/lib/python3.10/site-packages/airflow/example_dags/example_setup_teardown_taskflow.py
[2024-05-12T20:20:41.536+0500] {logging_mixin.py:188} INFO - [2024-05-12T20:20:41.535+0500] {override.py:1829} INFO - Created Permission View: can read on DAG:example_setup_teardown_taskflow
[2024-05-12T20:20:41.555+0500] {logging_mixin.py:188} INFO - [2024-05-12T20:20:41.554+0500] {override.py:1829} INFO - Created Permission View: can edit on DAG:example_setup_teardown_taskflow
[2024-05-12T20:20:41.570+0500] {logging_mixin.py:188} INFO - [2024-05-12T20:20:41.570+0500] {override.py:1829} INFO - Created Permission View: can delete on DAG:example_setup_teardown_taskflow
[2024-05-12T20:20:41.571+0500] {logging_mixin.py:188} INFO - [2024-05-12T20:20:41.571+0500] {dag.py:3096} INFO - Sync 1 DAGs
[2024-05-12T20:20:41.580+0500] {logging_mixin.py:188} INFO - [2024-05-12T20:20:41.580+0500] {dag.py:3118} INFO - Creating ORM DAG for example_setup_teardown_taskflow
[2024-05-12T20:20:41.587+0500] {logging_mixin.py:188} INFO - [2024-05-12T20:20:41.587+0500] {dag.py:3954} INFO - Setting next_dagrun for example_setup_teardown_taskflow to 2024-05-11 00:00:00+00:00, run_after=2024-05-12 00:00:00+00:00
[2024-05-12T20:20:41.620+0500] {processor.py:183} INFO - Processing /home/awahab02/mlops_assignment_2/myenv/lib/python3.10/site-packages/airflow/example_dags/example_setup_teardown_taskflow.py took 0.282 seconds
[2024-05-12T20:21:37.839+0500] {processor.py:161} INFO - Started process (PID=9596) to work on /home/awahab02/mlops_assignment_2/myenv/lib/python3.10/site-packages/airflow/example_dags/example_setup_teardown_taskflow.py
[2024-05-12T20:21:37.841+0500] {processor.py:830} INFO - Processing file /home/awahab02/mlops_assignment_2/myenv/lib/python3.10/site-packages/airflow/example_dags/example_setup_teardown_taskflow.py for tasks to queue
[2024-05-12T20:21:37.842+0500] {logging_mixin.py:188} INFO - [2024-05-12T20:21:37.842+0500] {dagbag.py:545} INFO - Filling up the DagBag from /home/awahab02/mlops_assignment_2/myenv/lib/python3.10/site-packages/airflow/example_dags/example_setup_teardown_taskflow.py
[2024-05-12T20:21:37.850+0500] {processor.py:840} INFO - DAG(s) 'example_setup_teardown_taskflow' retrieved from /home/awahab02/mlops_assignment_2/myenv/lib/python3.10/site-packages/airflow/example_dags/example_setup_teardown_taskflow.py
[2024-05-12T20:21:37.864+0500] {logging_mixin.py:188} INFO - [2024-05-12T20:21:37.863+0500] {dag.py:3096} INFO - Sync 1 DAGs
[2024-05-12T20:21:37.878+0500] {logging_mixin.py:188} INFO - [2024-05-12T20:21:37.878+0500] {dag.py:3954} INFO - Setting next_dagrun for example_setup_teardown_taskflow to 2024-05-11 00:00:00+00:00, run_after=2024-05-12 00:00:00+00:00
[2024-05-12T20:21:37.903+0500] {processor.py:183} INFO - Processing /home/awahab02/mlops_assignment_2/myenv/lib/python3.10/site-packages/airflow/example_dags/example_setup_teardown_taskflow.py took 0.070 seconds
[2024-05-12T20:22:28.046+0500] {processor.py:161} INFO - Started process (PID=9799) to work on /home/awahab02/mlops_assignment_2/myenv/lib/python3.10/site-packages/airflow/example_dags/example_setup_teardown_taskflow.py
[2024-05-12T20:22:28.083+0500] {processor.py:830} INFO - Processing file /home/awahab02/mlops_assignment_2/myenv/lib/python3.10/site-packages/airflow/example_dags/example_setup_teardown_taskflow.py for tasks to queue
[2024-05-12T20:22:28.084+0500] {logging_mixin.py:188} INFO - [2024-05-12T20:22:28.084+0500] {dagbag.py:545} INFO - Filling up the DagBag from /home/awahab02/mlops_assignment_2/myenv/lib/python3.10/site-packages/airflow/example_dags/example_setup_teardown_taskflow.py
[2024-05-12T20:22:28.092+0500] {processor.py:840} INFO - DAG(s) 'example_setup_teardown_taskflow' retrieved from /home/awahab02/mlops_assignment_2/myenv/lib/python3.10/site-packages/airflow/example_dags/example_setup_teardown_taskflow.py
[2024-05-12T20:22:28.107+0500] {logging_mixin.py:188} INFO - [2024-05-12T20:22:28.107+0500] {dag.py:3096} INFO - Sync 1 DAGs
[2024-05-12T20:22:28.123+0500] {logging_mixin.py:188} INFO - [2024-05-12T20:22:28.123+0500] {dag.py:3954} INFO - Setting next_dagrun for example_setup_teardown_taskflow to 2024-05-11 00:00:00+00:00, run_after=2024-05-12 00:00:00+00:00
[2024-05-12T20:22:28.151+0500] {processor.py:183} INFO - Processing /home/awahab02/mlops_assignment_2/myenv/lib/python3.10/site-packages/airflow/example_dags/example_setup_teardown_taskflow.py took 0.110 seconds
[2024-05-12T20:23:13.016+0500] {processor.py:161} INFO - Started process (PID=10109) to work on /home/awahab02/mlops_assignment_2/myenv/lib/python3.10/site-packages/airflow/example_dags/example_setup_teardown_taskflow.py
[2024-05-12T20:23:13.022+0500] {processor.py:830} INFO - Processing file /home/awahab02/mlops_assignment_2/myenv/lib/python3.10/site-packages/airflow/example_dags/example_setup_teardown_taskflow.py for tasks to queue
[2024-05-12T20:23:13.023+0500] {logging_mixin.py:188} INFO - [2024-05-12T20:23:13.023+0500] {dagbag.py:545} INFO - Filling up the DagBag from /home/awahab02/mlops_assignment_2/myenv/lib/python3.10/site-packages/airflow/example_dags/example_setup_teardown_taskflow.py
[2024-05-12T20:23:13.032+0500] {processor.py:840} INFO - DAG(s) 'example_setup_teardown_taskflow' retrieved from /home/awahab02/mlops_assignment_2/myenv/lib/python3.10/site-packages/airflow/example_dags/example_setup_teardown_taskflow.py
[2024-05-12T20:23:13.046+0500] {logging_mixin.py:188} INFO - [2024-05-12T20:23:13.045+0500] {dag.py:3096} INFO - Sync 1 DAGs
[2024-05-12T20:23:13.061+0500] {logging_mixin.py:188} INFO - [2024-05-12T20:23:13.061+0500] {dag.py:3954} INFO - Setting next_dagrun for example_setup_teardown_taskflow to 2024-05-11 00:00:00+00:00, run_after=2024-05-12 00:00:00+00:00
[2024-05-12T20:23:13.088+0500] {processor.py:183} INFO - Processing /home/awahab02/mlops_assignment_2/myenv/lib/python3.10/site-packages/airflow/example_dags/example_setup_teardown_taskflow.py took 0.078 seconds
[2024-05-12T20:24:11.589+0500] {processor.py:161} INFO - Started process (PID=10542) to work on /home/awahab02/mlops_assignment_2/myenv/lib/python3.10/site-packages/airflow/example_dags/example_setup_teardown_taskflow.py
[2024-05-12T20:24:11.590+0500] {processor.py:830} INFO - Processing file /home/awahab02/mlops_assignment_2/myenv/lib/python3.10/site-packages/airflow/example_dags/example_setup_teardown_taskflow.py for tasks to queue
[2024-05-12T20:24:11.592+0500] {logging_mixin.py:188} INFO - [2024-05-12T20:24:11.591+0500] {dagbag.py:545} INFO - Filling up the DagBag from /home/awahab02/mlops_assignment_2/myenv/lib/python3.10/site-packages/airflow/example_dags/example_setup_teardown_taskflow.py
[2024-05-12T20:24:11.600+0500] {processor.py:840} INFO - DAG(s) 'example_setup_teardown_taskflow' retrieved from /home/awahab02/mlops_assignment_2/myenv/lib/python3.10/site-packages/airflow/example_dags/example_setup_teardown_taskflow.py
[2024-05-12T20:24:11.613+0500] {logging_mixin.py:188} INFO - [2024-05-12T20:24:11.613+0500] {dag.py:3096} INFO - Sync 1 DAGs
[2024-05-12T20:24:11.629+0500] {logging_mixin.py:188} INFO - [2024-05-12T20:24:11.629+0500] {dag.py:3954} INFO - Setting next_dagrun for example_setup_teardown_taskflow to 2024-05-11 00:00:00+00:00, run_after=2024-05-12 00:00:00+00:00
[2024-05-12T20:24:11.654+0500] {processor.py:183} INFO - Processing /home/awahab02/mlops_assignment_2/myenv/lib/python3.10/site-packages/airflow/example_dags/example_setup_teardown_taskflow.py took 0.071 seconds
[2024-05-12T20:24:52.259+0500] {processor.py:161} INFO - Started process (PID=10729) to work on /home/awahab02/mlops_assignment_2/myenv/lib/python3.10/site-packages/airflow/example_dags/example_setup_teardown_taskflow.py
[2024-05-12T20:24:52.282+0500] {processor.py:830} INFO - Processing file /home/awahab02/mlops_assignment_2/myenv/lib/python3.10/site-packages/airflow/example_dags/example_setup_teardown_taskflow.py for tasks to queue
[2024-05-12T20:24:52.284+0500] {logging_mixin.py:188} INFO - [2024-05-12T20:24:52.283+0500] {dagbag.py:545} INFO - Filling up the DagBag from /home/awahab02/mlops_assignment_2/myenv/lib/python3.10/site-packages/airflow/example_dags/example_setup_teardown_taskflow.py
[2024-05-12T20:24:52.294+0500] {processor.py:840} INFO - DAG(s) 'example_setup_teardown_taskflow' retrieved from /home/awahab02/mlops_assignment_2/myenv/lib/python3.10/site-packages/airflow/example_dags/example_setup_teardown_taskflow.py
[2024-05-12T20:24:52.314+0500] {logging_mixin.py:188} INFO - [2024-05-12T20:24:52.314+0500] {dag.py:3096} INFO - Sync 1 DAGs
[2024-05-12T20:24:52.332+0500] {logging_mixin.py:188} INFO - [2024-05-12T20:24:52.332+0500] {dag.py:3954} INFO - Setting next_dagrun for example_setup_teardown_taskflow to 2024-05-11 00:00:00+00:00, run_after=2024-05-12 00:00:00+00:00
[2024-05-12T20:24:52.361+0500] {processor.py:183} INFO - Processing /home/awahab02/mlops_assignment_2/myenv/lib/python3.10/site-packages/airflow/example_dags/example_setup_teardown_taskflow.py took 0.109 seconds
[2024-05-12T20:25:34.443+0500] {processor.py:161} INFO - Started process (PID=10916) to work on /home/awahab02/mlops_assignment_2/myenv/lib/python3.10/site-packages/airflow/example_dags/example_setup_teardown_taskflow.py
[2024-05-12T20:25:34.444+0500] {processor.py:830} INFO - Processing file /home/awahab02/mlops_assignment_2/myenv/lib/python3.10/site-packages/airflow/example_dags/example_setup_teardown_taskflow.py for tasks to queue
[2024-05-12T20:25:34.446+0500] {logging_mixin.py:188} INFO - [2024-05-12T20:25:34.445+0500] {dagbag.py:545} INFO - Filling up the DagBag from /home/awahab02/mlops_assignment_2/myenv/lib/python3.10/site-packages/airflow/example_dags/example_setup_teardown_taskflow.py
[2024-05-12T20:25:34.455+0500] {processor.py:840} INFO - DAG(s) 'example_setup_teardown_taskflow' retrieved from /home/awahab02/mlops_assignment_2/myenv/lib/python3.10/site-packages/airflow/example_dags/example_setup_teardown_taskflow.py
[2024-05-12T20:25:34.469+0500] {logging_mixin.py:188} INFO - [2024-05-12T20:25:34.469+0500] {dag.py:3096} INFO - Sync 1 DAGs
[2024-05-12T20:25:34.484+0500] {logging_mixin.py:188} INFO - [2024-05-12T20:25:34.484+0500] {dag.py:3954} INFO - Setting next_dagrun for example_setup_teardown_taskflow to 2024-05-11 00:00:00+00:00, run_after=2024-05-12 00:00:00+00:00
[2024-05-12T20:25:34.512+0500] {processor.py:183} INFO - Processing /home/awahab02/mlops_assignment_2/myenv/lib/python3.10/site-packages/airflow/example_dags/example_setup_teardown_taskflow.py took 0.075 seconds
[2024-05-12T20:26:17.205+0500] {processor.py:161} INFO - Started process (PID=11152) to work on /home/awahab02/mlops_assignment_2/myenv/lib/python3.10/site-packages/airflow/example_dags/example_setup_teardown_taskflow.py
[2024-05-12T20:26:17.238+0500] {processor.py:830} INFO - Processing file /home/awahab02/mlops_assignment_2/myenv/lib/python3.10/site-packages/airflow/example_dags/example_setup_teardown_taskflow.py for tasks to queue
[2024-05-12T20:26:17.239+0500] {logging_mixin.py:188} INFO - [2024-05-12T20:26:17.239+0500] {dagbag.py:545} INFO - Filling up the DagBag from /home/awahab02/mlops_assignment_2/myenv/lib/python3.10/site-packages/airflow/example_dags/example_setup_teardown_taskflow.py
[2024-05-12T20:26:17.247+0500] {processor.py:840} INFO - DAG(s) 'example_setup_teardown_taskflow' retrieved from /home/awahab02/mlops_assignment_2/myenv/lib/python3.10/site-packages/airflow/example_dags/example_setup_teardown_taskflow.py
[2024-05-12T20:26:17.262+0500] {logging_mixin.py:188} INFO - [2024-05-12T20:26:17.261+0500] {dag.py:3096} INFO - Sync 1 DAGs
[2024-05-12T20:26:17.277+0500] {logging_mixin.py:188} INFO - [2024-05-12T20:26:17.277+0500] {dag.py:3954} INFO - Setting next_dagrun for example_setup_teardown_taskflow to 2024-05-11 00:00:00+00:00, run_after=2024-05-12 00:00:00+00:00
[2024-05-12T20:26:17.302+0500] {processor.py:183} INFO - Processing /home/awahab02/mlops_assignment_2/myenv/lib/python3.10/site-packages/airflow/example_dags/example_setup_teardown_taskflow.py took 0.102 seconds
[2024-05-12T20:27:00.941+0500] {processor.py:161} INFO - Started process (PID=11493) to work on /home/awahab02/mlops_assignment_2/myenv/lib/python3.10/site-packages/airflow/example_dags/example_setup_teardown_taskflow.py
[2024-05-12T20:27:00.966+0500] {processor.py:830} INFO - Processing file /home/awahab02/mlops_assignment_2/myenv/lib/python3.10/site-packages/airflow/example_dags/example_setup_teardown_taskflow.py for tasks to queue
[2024-05-12T20:27:00.968+0500] {logging_mixin.py:188} INFO - [2024-05-12T20:27:00.968+0500] {dagbag.py:545} INFO - Filling up the DagBag from /home/awahab02/mlops_assignment_2/myenv/lib/python3.10/site-packages/airflow/example_dags/example_setup_teardown_taskflow.py
[2024-05-12T20:27:00.976+0500] {processor.py:840} INFO - DAG(s) 'example_setup_teardown_taskflow' retrieved from /home/awahab02/mlops_assignment_2/myenv/lib/python3.10/site-packages/airflow/example_dags/example_setup_teardown_taskflow.py
[2024-05-12T20:27:00.990+0500] {logging_mixin.py:188} INFO - [2024-05-12T20:27:00.990+0500] {dag.py:3096} INFO - Sync 1 DAGs
[2024-05-12T20:27:01.006+0500] {logging_mixin.py:188} INFO - [2024-05-12T20:27:01.006+0500] {dag.py:3954} INFO - Setting next_dagrun for example_setup_teardown_taskflow to 2024-05-11 00:00:00+00:00, run_after=2024-05-12 00:00:00+00:00
[2024-05-12T20:27:01.030+0500] {processor.py:183} INFO - Processing /home/awahab02/mlops_assignment_2/myenv/lib/python3.10/site-packages/airflow/example_dags/example_setup_teardown_taskflow.py took 0.094 seconds
[2024-05-12T20:27:49.364+0500] {processor.py:161} INFO - Started process (PID=11936) to work on /home/awahab02/mlops_assignment_2/myenv/lib/python3.10/site-packages/airflow/example_dags/example_setup_teardown_taskflow.py
[2024-05-12T20:27:49.366+0500] {processor.py:830} INFO - Processing file /home/awahab02/mlops_assignment_2/myenv/lib/python3.10/site-packages/airflow/example_dags/example_setup_teardown_taskflow.py for tasks to queue
[2024-05-12T20:27:49.368+0500] {logging_mixin.py:188} INFO - [2024-05-12T20:27:49.367+0500] {dagbag.py:545} INFO - Filling up the DagBag from /home/awahab02/mlops_assignment_2/myenv/lib/python3.10/site-packages/airflow/example_dags/example_setup_teardown_taskflow.py
[2024-05-12T20:27:49.375+0500] {processor.py:840} INFO - DAG(s) 'example_setup_teardown_taskflow' retrieved from /home/awahab02/mlops_assignment_2/myenv/lib/python3.10/site-packages/airflow/example_dags/example_setup_teardown_taskflow.py
[2024-05-12T20:27:49.390+0500] {logging_mixin.py:188} INFO - [2024-05-12T20:27:49.390+0500] {dag.py:3096} INFO - Sync 1 DAGs
[2024-05-12T20:27:49.406+0500] {logging_mixin.py:188} INFO - [2024-05-12T20:27:49.406+0500] {dag.py:3954} INFO - Setting next_dagrun for example_setup_teardown_taskflow to 2024-05-11 00:00:00+00:00, run_after=2024-05-12 00:00:00+00:00
[2024-05-12T20:27:49.434+0500] {processor.py:183} INFO - Processing /home/awahab02/mlops_assignment_2/myenv/lib/python3.10/site-packages/airflow/example_dags/example_setup_teardown_taskflow.py took 0.076 seconds
[2024-05-12T20:28:40.928+0500] {processor.py:161} INFO - Started process (PID=12211) to work on /home/awahab02/mlops_assignment_2/myenv/lib/python3.10/site-packages/airflow/example_dags/example_setup_teardown_taskflow.py
[2024-05-12T20:28:40.929+0500] {processor.py:830} INFO - Processing file /home/awahab02/mlops_assignment_2/myenv/lib/python3.10/site-packages/airflow/example_dags/example_setup_teardown_taskflow.py for tasks to queue
[2024-05-12T20:28:40.931+0500] {logging_mixin.py:188} INFO - [2024-05-12T20:28:40.931+0500] {dagbag.py:545} INFO - Filling up the DagBag from /home/awahab02/mlops_assignment_2/myenv/lib/python3.10/site-packages/airflow/example_dags/example_setup_teardown_taskflow.py
[2024-05-12T20:28:40.939+0500] {processor.py:840} INFO - DAG(s) 'example_setup_teardown_taskflow' retrieved from /home/awahab02/mlops_assignment_2/myenv/lib/python3.10/site-packages/airflow/example_dags/example_setup_teardown_taskflow.py
[2024-05-12T20:28:40.952+0500] {logging_mixin.py:188} INFO - [2024-05-12T20:28:40.952+0500] {dag.py:3096} INFO - Sync 1 DAGs
[2024-05-12T20:28:40.967+0500] {logging_mixin.py:188} INFO - [2024-05-12T20:28:40.967+0500] {dag.py:3954} INFO - Setting next_dagrun for example_setup_teardown_taskflow to 2024-05-11 00:00:00+00:00, run_after=2024-05-12 00:00:00+00:00
[2024-05-12T20:28:40.993+0500] {processor.py:183} INFO - Processing /home/awahab02/mlops_assignment_2/myenv/lib/python3.10/site-packages/airflow/example_dags/example_setup_teardown_taskflow.py took 0.073 seconds
[2024-05-12T20:29:34.446+0500] {processor.py:161} INFO - Started process (PID=12486) to work on /home/awahab02/mlops_assignment_2/myenv/lib/python3.10/site-packages/airflow/example_dags/example_setup_teardown_taskflow.py
[2024-05-12T20:29:34.447+0500] {processor.py:830} INFO - Processing file /home/awahab02/mlops_assignment_2/myenv/lib/python3.10/site-packages/airflow/example_dags/example_setup_teardown_taskflow.py for tasks to queue
[2024-05-12T20:29:34.448+0500] {logging_mixin.py:188} INFO - [2024-05-12T20:29:34.448+0500] {dagbag.py:545} INFO - Filling up the DagBag from /home/awahab02/mlops_assignment_2/myenv/lib/python3.10/site-packages/airflow/example_dags/example_setup_teardown_taskflow.py
[2024-05-12T20:29:34.456+0500] {processor.py:840} INFO - DAG(s) 'example_setup_teardown_taskflow' retrieved from /home/awahab02/mlops_assignment_2/myenv/lib/python3.10/site-packages/airflow/example_dags/example_setup_teardown_taskflow.py
[2024-05-12T20:29:34.472+0500] {logging_mixin.py:188} INFO - [2024-05-12T20:29:34.472+0500] {dag.py:3096} INFO - Sync 1 DAGs
[2024-05-12T20:29:34.490+0500] {logging_mixin.py:188} INFO - [2024-05-12T20:29:34.490+0500] {dag.py:3954} INFO - Setting next_dagrun for example_setup_teardown_taskflow to 2024-05-11 00:00:00+00:00, run_after=2024-05-12 00:00:00+00:00
[2024-05-12T20:29:34.562+0500] {processor.py:183} INFO - Processing /home/awahab02/mlops_assignment_2/myenv/lib/python3.10/site-packages/airflow/example_dags/example_setup_teardown_taskflow.py took 0.122 seconds
[2024-05-12T20:30:54.959+0500] {processor.py:161} INFO - Started process (PID=13122) to work on /home/awahab02/mlops_assignment_2/myenv/lib/python3.10/site-packages/airflow/example_dags/example_setup_teardown_taskflow.py
[2024-05-12T20:30:54.980+0500] {processor.py:830} INFO - Processing file /home/awahab02/mlops_assignment_2/myenv/lib/python3.10/site-packages/airflow/example_dags/example_setup_teardown_taskflow.py for tasks to queue
[2024-05-12T20:30:54.981+0500] {logging_mixin.py:188} INFO - [2024-05-12T20:30:54.981+0500] {dagbag.py:545} INFO - Filling up the DagBag from /home/awahab02/mlops_assignment_2/myenv/lib/python3.10/site-packages/airflow/example_dags/example_setup_teardown_taskflow.py
[2024-05-12T20:30:54.989+0500] {processor.py:840} INFO - DAG(s) 'example_setup_teardown_taskflow' retrieved from /home/awahab02/mlops_assignment_2/myenv/lib/python3.10/site-packages/airflow/example_dags/example_setup_teardown_taskflow.py
[2024-05-12T20:30:55.002+0500] {logging_mixin.py:188} INFO - [2024-05-12T20:30:55.002+0500] {dag.py:3096} INFO - Sync 1 DAGs
[2024-05-12T20:30:55.017+0500] {logging_mixin.py:188} INFO - [2024-05-12T20:30:55.017+0500] {dag.py:3954} INFO - Setting next_dagrun for example_setup_teardown_taskflow to 2024-05-11 00:00:00+00:00, run_after=2024-05-12 00:00:00+00:00
[2024-05-12T20:30:55.045+0500] {processor.py:183} INFO - Processing /home/awahab02/mlops_assignment_2/myenv/lib/python3.10/site-packages/airflow/example_dags/example_setup_teardown_taskflow.py took 0.094 seconds
[2024-05-12T20:31:45.707+0500] {processor.py:161} INFO - Started process (PID=13359) to work on /home/awahab02/mlops_assignment_2/myenv/lib/python3.10/site-packages/airflow/example_dags/example_setup_teardown_taskflow.py
[2024-05-12T20:31:45.759+0500] {processor.py:830} INFO - Processing file /home/awahab02/mlops_assignment_2/myenv/lib/python3.10/site-packages/airflow/example_dags/example_setup_teardown_taskflow.py for tasks to queue
[2024-05-12T20:31:45.761+0500] {logging_mixin.py:188} INFO - [2024-05-12T20:31:45.760+0500] {dagbag.py:545} INFO - Filling up the DagBag from /home/awahab02/mlops_assignment_2/myenv/lib/python3.10/site-packages/airflow/example_dags/example_setup_teardown_taskflow.py
[2024-05-12T20:31:45.768+0500] {processor.py:840} INFO - DAG(s) 'example_setup_teardown_taskflow' retrieved from /home/awahab02/mlops_assignment_2/myenv/lib/python3.10/site-packages/airflow/example_dags/example_setup_teardown_taskflow.py
[2024-05-12T20:31:45.783+0500] {logging_mixin.py:188} INFO - [2024-05-12T20:31:45.782+0500] {dag.py:3096} INFO - Sync 1 DAGs
[2024-05-12T20:31:45.798+0500] {logging_mixin.py:188} INFO - [2024-05-12T20:31:45.798+0500] {dag.py:3954} INFO - Setting next_dagrun for example_setup_teardown_taskflow to 2024-05-11 00:00:00+00:00, run_after=2024-05-12 00:00:00+00:00
[2024-05-12T20:31:45.823+0500] {processor.py:183} INFO - Processing /home/awahab02/mlops_assignment_2/myenv/lib/python3.10/site-packages/airflow/example_dags/example_setup_teardown_taskflow.py took 0.123 seconds
[2024-05-12T20:34:29.599+0500] {processor.py:161} INFO - Started process (PID=14539) to work on /home/awahab02/mlops_assignment_2/myenv/lib/python3.10/site-packages/airflow/example_dags/example_setup_teardown_taskflow.py
[2024-05-12T20:34:29.625+0500] {processor.py:830} INFO - Processing file /home/awahab02/mlops_assignment_2/myenv/lib/python3.10/site-packages/airflow/example_dags/example_setup_teardown_taskflow.py for tasks to queue
[2024-05-12T20:34:29.626+0500] {logging_mixin.py:188} INFO - [2024-05-12T20:34:29.626+0500] {dagbag.py:545} INFO - Filling up the DagBag from /home/awahab02/mlops_assignment_2/myenv/lib/python3.10/site-packages/airflow/example_dags/example_setup_teardown_taskflow.py
[2024-05-12T20:34:29.634+0500] {processor.py:840} INFO - DAG(s) 'example_setup_teardown_taskflow' retrieved from /home/awahab02/mlops_assignment_2/myenv/lib/python3.10/site-packages/airflow/example_dags/example_setup_teardown_taskflow.py
[2024-05-12T20:34:29.649+0500] {logging_mixin.py:188} INFO - [2024-05-12T20:34:29.649+0500] {dag.py:3096} INFO - Sync 1 DAGs
[2024-05-12T20:34:29.662+0500] {logging_mixin.py:188} INFO - [2024-05-12T20:34:29.662+0500] {dag.py:3954} INFO - Setting next_dagrun for example_setup_teardown_taskflow to 2024-05-11 00:00:00+00:00, run_after=2024-05-12 00:00:00+00:00
[2024-05-12T20:34:29.687+0500] {processor.py:183} INFO - Processing /home/awahab02/mlops_assignment_2/myenv/lib/python3.10/site-packages/airflow/example_dags/example_setup_teardown_taskflow.py took 0.092 seconds
[2024-05-12T20:35:21.887+0500] {processor.py:161} INFO - Started process (PID=14822) to work on /home/awahab02/mlops_assignment_2/myenv/lib/python3.10/site-packages/airflow/example_dags/example_setup_teardown_taskflow.py
[2024-05-12T20:35:21.888+0500] {processor.py:830} INFO - Processing file /home/awahab02/mlops_assignment_2/myenv/lib/python3.10/site-packages/airflow/example_dags/example_setup_teardown_taskflow.py for tasks to queue
[2024-05-12T20:35:21.889+0500] {logging_mixin.py:188} INFO - [2024-05-12T20:35:21.889+0500] {dagbag.py:545} INFO - Filling up the DagBag from /home/awahab02/mlops_assignment_2/myenv/lib/python3.10/site-packages/airflow/example_dags/example_setup_teardown_taskflow.py
[2024-05-12T20:35:21.897+0500] {processor.py:840} INFO - DAG(s) 'example_setup_teardown_taskflow' retrieved from /home/awahab02/mlops_assignment_2/myenv/lib/python3.10/site-packages/airflow/example_dags/example_setup_teardown_taskflow.py
[2024-05-12T20:35:21.910+0500] {logging_mixin.py:188} INFO - [2024-05-12T20:35:21.910+0500] {dag.py:3096} INFO - Sync 1 DAGs
[2024-05-12T20:35:21.926+0500] {logging_mixin.py:188} INFO - [2024-05-12T20:35:21.926+0500] {dag.py:3954} INFO - Setting next_dagrun for example_setup_teardown_taskflow to 2024-05-11 00:00:00+00:00, run_after=2024-05-12 00:00:00+00:00
[2024-05-12T20:35:21.957+0500] {processor.py:183} INFO - Processing /home/awahab02/mlops_assignment_2/myenv/lib/python3.10/site-packages/airflow/example_dags/example_setup_teardown_taskflow.py took 0.076 seconds
[2024-05-12T20:36:15.496+0500] {processor.py:161} INFO - Started process (PID=15074) to work on /home/awahab02/mlops_assignment_2/myenv/lib/python3.10/site-packages/airflow/example_dags/example_setup_teardown_taskflow.py
[2024-05-12T20:36:15.497+0500] {processor.py:830} INFO - Processing file /home/awahab02/mlops_assignment_2/myenv/lib/python3.10/site-packages/airflow/example_dags/example_setup_teardown_taskflow.py for tasks to queue
[2024-05-12T20:36:15.502+0500] {logging_mixin.py:188} INFO - [2024-05-12T20:36:15.500+0500] {dagbag.py:545} INFO - Filling up the DagBag from /home/awahab02/mlops_assignment_2/myenv/lib/python3.10/site-packages/airflow/example_dags/example_setup_teardown_taskflow.py
[2024-05-12T20:36:15.518+0500] {processor.py:840} INFO - DAG(s) 'example_setup_teardown_taskflow' retrieved from /home/awahab02/mlops_assignment_2/myenv/lib/python3.10/site-packages/airflow/example_dags/example_setup_teardown_taskflow.py
[2024-05-12T20:36:15.539+0500] {logging_mixin.py:188} INFO - [2024-05-12T20:36:15.539+0500] {dag.py:3096} INFO - Sync 1 DAGs
[2024-05-12T20:36:15.558+0500] {logging_mixin.py:188} INFO - [2024-05-12T20:36:15.557+0500] {dag.py:3954} INFO - Setting next_dagrun for example_setup_teardown_taskflow to 2024-05-11 00:00:00+00:00, run_after=2024-05-12 00:00:00+00:00
[2024-05-12T20:36:15.589+0500] {processor.py:183} INFO - Processing /home/awahab02/mlops_assignment_2/myenv/lib/python3.10/site-packages/airflow/example_dags/example_setup_teardown_taskflow.py took 0.101 seconds
[2024-05-12T20:37:03.127+0500] {processor.py:161} INFO - Started process (PID=15301) to work on /home/awahab02/mlops_assignment_2/myenv/lib/python3.10/site-packages/airflow/example_dags/example_setup_teardown_taskflow.py
[2024-05-12T20:37:03.159+0500] {processor.py:830} INFO - Processing file /home/awahab02/mlops_assignment_2/myenv/lib/python3.10/site-packages/airflow/example_dags/example_setup_teardown_taskflow.py for tasks to queue
[2024-05-12T20:37:03.160+0500] {logging_mixin.py:188} INFO - [2024-05-12T20:37:03.160+0500] {dagbag.py:545} INFO - Filling up the DagBag from /home/awahab02/mlops_assignment_2/myenv/lib/python3.10/site-packages/airflow/example_dags/example_setup_teardown_taskflow.py
[2024-05-12T20:37:03.168+0500] {processor.py:840} INFO - DAG(s) 'example_setup_teardown_taskflow' retrieved from /home/awahab02/mlops_assignment_2/myenv/lib/python3.10/site-packages/airflow/example_dags/example_setup_teardown_taskflow.py
[2024-05-12T20:37:03.182+0500] {logging_mixin.py:188} INFO - [2024-05-12T20:37:03.181+0500] {dag.py:3096} INFO - Sync 1 DAGs
[2024-05-12T20:37:03.195+0500] {logging_mixin.py:188} INFO - [2024-05-12T20:37:03.195+0500] {dag.py:3954} INFO - Setting next_dagrun for example_setup_teardown_taskflow to 2024-05-11 00:00:00+00:00, run_after=2024-05-12 00:00:00+00:00
[2024-05-12T20:37:03.220+0500] {processor.py:183} INFO - Processing /home/awahab02/mlops_assignment_2/myenv/lib/python3.10/site-packages/airflow/example_dags/example_setup_teardown_taskflow.py took 0.099 seconds
[2024-05-12T20:39:02.420+0500] {processor.py:161} INFO - Started process (PID=16354) to work on /home/awahab02/mlops_assignment_2/myenv/lib/python3.10/site-packages/airflow/example_dags/example_setup_teardown_taskflow.py
[2024-05-12T20:39:02.456+0500] {processor.py:830} INFO - Processing file /home/awahab02/mlops_assignment_2/myenv/lib/python3.10/site-packages/airflow/example_dags/example_setup_teardown_taskflow.py for tasks to queue
[2024-05-12T20:39:02.457+0500] {logging_mixin.py:188} INFO - [2024-05-12T20:39:02.456+0500] {dagbag.py:545} INFO - Filling up the DagBag from /home/awahab02/mlops_assignment_2/myenv/lib/python3.10/site-packages/airflow/example_dags/example_setup_teardown_taskflow.py
[2024-05-12T20:39:02.464+0500] {processor.py:840} INFO - DAG(s) 'example_setup_teardown_taskflow' retrieved from /home/awahab02/mlops_assignment_2/myenv/lib/python3.10/site-packages/airflow/example_dags/example_setup_teardown_taskflow.py
[2024-05-12T20:39:02.480+0500] {logging_mixin.py:188} INFO - [2024-05-12T20:39:02.479+0500] {dag.py:3096} INFO - Sync 1 DAGs
[2024-05-12T20:39:02.493+0500] {logging_mixin.py:188} INFO - [2024-05-12T20:39:02.493+0500] {dag.py:3954} INFO - Setting next_dagrun for example_setup_teardown_taskflow to 2024-05-11 00:00:00+00:00, run_after=2024-05-12 00:00:00+00:00
[2024-05-12T20:39:02.517+0500] {processor.py:183} INFO - Processing /home/awahab02/mlops_assignment_2/myenv/lib/python3.10/site-packages/airflow/example_dags/example_setup_teardown_taskflow.py took 0.102 seconds
[2024-05-12T20:39:55.452+0500] {processor.py:161} INFO - Started process (PID=16671) to work on /home/awahab02/mlops_assignment_2/myenv/lib/python3.10/site-packages/airflow/example_dags/example_setup_teardown_taskflow.py
[2024-05-12T20:39:55.490+0500] {processor.py:830} INFO - Processing file /home/awahab02/mlops_assignment_2/myenv/lib/python3.10/site-packages/airflow/example_dags/example_setup_teardown_taskflow.py for tasks to queue
[2024-05-12T20:39:55.491+0500] {logging_mixin.py:188} INFO - [2024-05-12T20:39:55.491+0500] {dagbag.py:545} INFO - Filling up the DagBag from /home/awahab02/mlops_assignment_2/myenv/lib/python3.10/site-packages/airflow/example_dags/example_setup_teardown_taskflow.py
[2024-05-12T20:39:55.498+0500] {processor.py:840} INFO - DAG(s) 'example_setup_teardown_taskflow' retrieved from /home/awahab02/mlops_assignment_2/myenv/lib/python3.10/site-packages/airflow/example_dags/example_setup_teardown_taskflow.py
[2024-05-12T20:39:55.511+0500] {logging_mixin.py:188} INFO - [2024-05-12T20:39:55.511+0500] {dag.py:3096} INFO - Sync 1 DAGs
[2024-05-12T20:39:55.525+0500] {logging_mixin.py:188} INFO - [2024-05-12T20:39:55.525+0500] {dag.py:3954} INFO - Setting next_dagrun for example_setup_teardown_taskflow to 2024-05-11 00:00:00+00:00, run_after=2024-05-12 00:00:00+00:00
[2024-05-12T20:39:55.550+0500] {processor.py:183} INFO - Processing /home/awahab02/mlops_assignment_2/myenv/lib/python3.10/site-packages/airflow/example_dags/example_setup_teardown_taskflow.py took 0.103 seconds
[2024-05-12T20:40:46.200+0500] {processor.py:161} INFO - Started process (PID=16971) to work on /home/awahab02/mlops_assignment_2/myenv/lib/python3.10/site-packages/airflow/example_dags/example_setup_teardown_taskflow.py
[2024-05-12T20:40:46.253+0500] {processor.py:830} INFO - Processing file /home/awahab02/mlops_assignment_2/myenv/lib/python3.10/site-packages/airflow/example_dags/example_setup_teardown_taskflow.py for tasks to queue
[2024-05-12T20:40:46.254+0500] {logging_mixin.py:188} INFO - [2024-05-12T20:40:46.254+0500] {dagbag.py:545} INFO - Filling up the DagBag from /home/awahab02/mlops_assignment_2/myenv/lib/python3.10/site-packages/airflow/example_dags/example_setup_teardown_taskflow.py
[2024-05-12T20:40:46.261+0500] {processor.py:840} INFO - DAG(s) 'example_setup_teardown_taskflow' retrieved from /home/awahab02/mlops_assignment_2/myenv/lib/python3.10/site-packages/airflow/example_dags/example_setup_teardown_taskflow.py
[2024-05-12T20:40:46.275+0500] {logging_mixin.py:188} INFO - [2024-05-12T20:40:46.274+0500] {dag.py:3096} INFO - Sync 1 DAGs
[2024-05-12T20:40:46.290+0500] {logging_mixin.py:188} INFO - [2024-05-12T20:40:46.290+0500] {dag.py:3954} INFO - Setting next_dagrun for example_setup_teardown_taskflow to 2024-05-11 00:00:00+00:00, run_after=2024-05-12 00:00:00+00:00
[2024-05-12T20:40:46.315+0500] {processor.py:183} INFO - Processing /home/awahab02/mlops_assignment_2/myenv/lib/python3.10/site-packages/airflow/example_dags/example_setup_teardown_taskflow.py took 0.120 seconds
