[2024-05-12T20:20:53.256+0500] {processor.py:161} INFO - Started process (PID=9393) to work on /home/awahab02/mlops_assignment_2/myenv/lib/python3.10/site-packages/airflow/example_dags/example_latest_only.py
[2024-05-12T20:20:53.257+0500] {processor.py:830} INFO - Processing file /home/awahab02/mlops_assignment_2/myenv/lib/python3.10/site-packages/airflow/example_dags/example_latest_only.py for tasks to queue
[2024-05-12T20:20:53.258+0500] {logging_mixin.py:188} INFO - [2024-05-12T20:20:53.258+0500] {dagbag.py:545} INFO - Filling up the DagBag from /home/awahab02/mlops_assignment_2/myenv/lib/python3.10/site-packages/airflow/example_dags/example_latest_only.py
[2024-05-12T20:20:53.262+0500] {processor.py:840} INFO - DAG(s) 'latest_only' retrieved from /home/awahab02/mlops_assignment_2/myenv/lib/python3.10/site-packages/airflow/example_dags/example_latest_only.py
[2024-05-12T20:20:53.355+0500] {logging_mixin.py:188} INFO - [2024-05-12T20:20:53.354+0500] {override.py:1829} INFO - Created Permission View: can read on DAG:latest_only
[2024-05-12T20:20:53.372+0500] {logging_mixin.py:188} INFO - [2024-05-12T20:20:53.371+0500] {override.py:1829} INFO - Created Permission View: can edit on DAG:latest_only
[2024-05-12T20:20:53.387+0500] {logging_mixin.py:188} INFO - [2024-05-12T20:20:53.387+0500] {override.py:1829} INFO - Created Permission View: can delete on DAG:latest_only
[2024-05-12T20:20:53.387+0500] {logging_mixin.py:188} INFO - [2024-05-12T20:20:53.387+0500] {dag.py:3096} INFO - Sync 1 DAGs
[2024-05-12T20:20:53.395+0500] {logging_mixin.py:188} INFO - [2024-05-12T20:20:53.395+0500] {dag.py:3118} INFO - Creating ORM DAG for latest_only
[2024-05-12T20:20:53.403+0500] {logging_mixin.py:188} INFO - [2024-05-12T20:20:53.403+0500] {dag.py:3954} INFO - Setting next_dagrun for latest_only to 2024-05-12 08:00:00+00:00, run_after=2024-05-12 12:00:00+00:00
[2024-05-12T20:20:53.434+0500] {processor.py:183} INFO - Processing /home/awahab02/mlops_assignment_2/myenv/lib/python3.10/site-packages/airflow/example_dags/example_latest_only.py took 0.183 seconds
[2024-05-12T20:21:47.191+0500] {processor.py:161} INFO - Started process (PID=9635) to work on /home/awahab02/mlops_assignment_2/myenv/lib/python3.10/site-packages/airflow/example_dags/example_latest_only.py
[2024-05-12T20:21:47.223+0500] {processor.py:830} INFO - Processing file /home/awahab02/mlops_assignment_2/myenv/lib/python3.10/site-packages/airflow/example_dags/example_latest_only.py for tasks to queue
[2024-05-12T20:21:47.224+0500] {logging_mixin.py:188} INFO - [2024-05-12T20:21:47.224+0500] {dagbag.py:545} INFO - Filling up the DagBag from /home/awahab02/mlops_assignment_2/myenv/lib/python3.10/site-packages/airflow/example_dags/example_latest_only.py
[2024-05-12T20:21:47.229+0500] {processor.py:840} INFO - DAG(s) 'latest_only' retrieved from /home/awahab02/mlops_assignment_2/myenv/lib/python3.10/site-packages/airflow/example_dags/example_latest_only.py
[2024-05-12T20:21:47.241+0500] {logging_mixin.py:188} INFO - [2024-05-12T20:21:47.240+0500] {dag.py:3096} INFO - Sync 1 DAGs
[2024-05-12T20:21:47.256+0500] {logging_mixin.py:188} INFO - [2024-05-12T20:21:47.256+0500] {dag.py:3954} INFO - Setting next_dagrun for latest_only to 2024-05-12 08:00:00+00:00, run_after=2024-05-12 12:00:00+00:00
[2024-05-12T20:21:47.282+0500] {processor.py:183} INFO - Processing /home/awahab02/mlops_assignment_2/myenv/lib/python3.10/site-packages/airflow/example_dags/example_latest_only.py took 0.096 seconds
[2024-05-12T20:22:36.923+0500] {processor.py:161} INFO - Started process (PID=9838) to work on /home/awahab02/mlops_assignment_2/myenv/lib/python3.10/site-packages/airflow/example_dags/example_latest_only.py
[2024-05-12T20:22:36.924+0500] {processor.py:830} INFO - Processing file /home/awahab02/mlops_assignment_2/myenv/lib/python3.10/site-packages/airflow/example_dags/example_latest_only.py for tasks to queue
[2024-05-12T20:22:36.927+0500] {logging_mixin.py:188} INFO - [2024-05-12T20:22:36.926+0500] {dagbag.py:545} INFO - Filling up the DagBag from /home/awahab02/mlops_assignment_2/myenv/lib/python3.10/site-packages/airflow/example_dags/example_latest_only.py
[2024-05-12T20:22:36.932+0500] {processor.py:840} INFO - DAG(s) 'latest_only' retrieved from /home/awahab02/mlops_assignment_2/myenv/lib/python3.10/site-packages/airflow/example_dags/example_latest_only.py
[2024-05-12T20:22:36.947+0500] {logging_mixin.py:188} INFO - [2024-05-12T20:22:36.947+0500] {dag.py:3096} INFO - Sync 1 DAGs
[2024-05-12T20:22:36.964+0500] {logging_mixin.py:188} INFO - [2024-05-12T20:22:36.964+0500] {dag.py:3954} INFO - Setting next_dagrun for latest_only to 2024-05-12 08:00:00+00:00, run_after=2024-05-12 12:00:00+00:00
[2024-05-12T20:22:36.989+0500] {processor.py:183} INFO - Processing /home/awahab02/mlops_assignment_2/myenv/lib/python3.10/site-packages/airflow/example_dags/example_latest_only.py took 0.074 seconds
[2024-05-12T20:23:33.049+0500] {processor.py:161} INFO - Started process (PID=10317) to work on /home/awahab02/mlops_assignment_2/myenv/lib/python3.10/site-packages/airflow/example_dags/example_latest_only.py
[2024-05-12T20:23:33.051+0500] {processor.py:830} INFO - Processing file /home/awahab02/mlops_assignment_2/myenv/lib/python3.10/site-packages/airflow/example_dags/example_latest_only.py for tasks to queue
[2024-05-12T20:23:33.053+0500] {logging_mixin.py:188} INFO - [2024-05-12T20:23:33.052+0500] {dagbag.py:545} INFO - Filling up the DagBag from /home/awahab02/mlops_assignment_2/myenv/lib/python3.10/site-packages/airflow/example_dags/example_latest_only.py
[2024-05-12T20:23:33.060+0500] {processor.py:840} INFO - DAG(s) 'latest_only' retrieved from /home/awahab02/mlops_assignment_2/myenv/lib/python3.10/site-packages/airflow/example_dags/example_latest_only.py
[2024-05-12T20:23:33.084+0500] {logging_mixin.py:188} INFO - [2024-05-12T20:23:33.084+0500] {dag.py:3096} INFO - Sync 1 DAGs
[2024-05-12T20:23:33.104+0500] {logging_mixin.py:188} INFO - [2024-05-12T20:23:33.104+0500] {dag.py:3954} INFO - Setting next_dagrun for latest_only to 2024-05-12 08:00:00+00:00, run_after=2024-05-12 12:00:00+00:00
[2024-05-12T20:23:33.136+0500] {processor.py:183} INFO - Processing /home/awahab02/mlops_assignment_2/myenv/lib/python3.10/site-packages/airflow/example_dags/example_latest_only.py took 0.094 seconds
[2024-05-12T20:24:19.598+0500] {processor.py:161} INFO - Started process (PID=10572) to work on /home/awahab02/mlops_assignment_2/myenv/lib/python3.10/site-packages/airflow/example_dags/example_latest_only.py
[2024-05-12T20:24:19.620+0500] {processor.py:830} INFO - Processing file /home/awahab02/mlops_assignment_2/myenv/lib/python3.10/site-packages/airflow/example_dags/example_latest_only.py for tasks to queue
[2024-05-12T20:24:19.622+0500] {logging_mixin.py:188} INFO - [2024-05-12T20:24:19.622+0500] {dagbag.py:545} INFO - Filling up the DagBag from /home/awahab02/mlops_assignment_2/myenv/lib/python3.10/site-packages/airflow/example_dags/example_latest_only.py
[2024-05-12T20:24:19.627+0500] {processor.py:840} INFO - DAG(s) 'latest_only' retrieved from /home/awahab02/mlops_assignment_2/myenv/lib/python3.10/site-packages/airflow/example_dags/example_latest_only.py
[2024-05-12T20:24:19.638+0500] {logging_mixin.py:188} INFO - [2024-05-12T20:24:19.638+0500] {dag.py:3096} INFO - Sync 1 DAGs
[2024-05-12T20:24:19.654+0500] {logging_mixin.py:188} INFO - [2024-05-12T20:24:19.654+0500] {dag.py:3954} INFO - Setting next_dagrun for latest_only to 2024-05-12 08:00:00+00:00, run_after=2024-05-12 12:00:00+00:00
[2024-05-12T20:24:19.682+0500] {processor.py:183} INFO - Processing /home/awahab02/mlops_assignment_2/myenv/lib/python3.10/site-packages/airflow/example_dags/example_latest_only.py took 0.090 seconds
[2024-05-12T20:25:18.997+0500] {processor.py:161} INFO - Started process (PID=10857) to work on /home/awahab02/mlops_assignment_2/myenv/lib/python3.10/site-packages/airflow/example_dags/example_latest_only.py
[2024-05-12T20:25:19.021+0500] {processor.py:830} INFO - Processing file /home/awahab02/mlops_assignment_2/myenv/lib/python3.10/site-packages/airflow/example_dags/example_latest_only.py for tasks to queue
[2024-05-12T20:25:19.023+0500] {logging_mixin.py:188} INFO - [2024-05-12T20:25:19.022+0500] {dagbag.py:545} INFO - Filling up the DagBag from /home/awahab02/mlops_assignment_2/myenv/lib/python3.10/site-packages/airflow/example_dags/example_latest_only.py
[2024-05-12T20:25:19.027+0500] {processor.py:840} INFO - DAG(s) 'latest_only' retrieved from /home/awahab02/mlops_assignment_2/myenv/lib/python3.10/site-packages/airflow/example_dags/example_latest_only.py
[2024-05-12T20:25:19.040+0500] {logging_mixin.py:188} INFO - [2024-05-12T20:25:19.040+0500] {dag.py:3096} INFO - Sync 1 DAGs
[2024-05-12T20:25:19.056+0500] {logging_mixin.py:188} INFO - [2024-05-12T20:25:19.056+0500] {dag.py:3954} INFO - Setting next_dagrun for latest_only to 2024-05-12 08:00:00+00:00, run_after=2024-05-12 12:00:00+00:00
[2024-05-12T20:25:19.081+0500] {processor.py:183} INFO - Processing /home/awahab02/mlops_assignment_2/myenv/lib/python3.10/site-packages/airflow/example_dags/example_latest_only.py took 0.089 seconds
[2024-05-12T20:26:21.910+0500] {processor.py:161} INFO - Started process (PID=11169) to work on /home/awahab02/mlops_assignment_2/myenv/lib/python3.10/site-packages/airflow/example_dags/example_latest_only.py
[2024-05-12T20:26:21.961+0500] {processor.py:830} INFO - Processing file /home/awahab02/mlops_assignment_2/myenv/lib/python3.10/site-packages/airflow/example_dags/example_latest_only.py for tasks to queue
[2024-05-12T20:26:21.968+0500] {logging_mixin.py:188} INFO - [2024-05-12T20:26:21.966+0500] {dagbag.py:545} INFO - Filling up the DagBag from /home/awahab02/mlops_assignment_2/myenv/lib/python3.10/site-packages/airflow/example_dags/example_latest_only.py
[2024-05-12T20:26:21.981+0500] {processor.py:840} INFO - DAG(s) 'latest_only' retrieved from /home/awahab02/mlops_assignment_2/myenv/lib/python3.10/site-packages/airflow/example_dags/example_latest_only.py
[2024-05-12T20:26:21.999+0500] {logging_mixin.py:188} INFO - [2024-05-12T20:26:21.999+0500] {dag.py:3096} INFO - Sync 1 DAGs
[2024-05-12T20:26:22.016+0500] {logging_mixin.py:188} INFO - [2024-05-12T20:26:22.015+0500] {dag.py:3954} INFO - Setting next_dagrun for latest_only to 2024-05-12 08:00:00+00:00, run_after=2024-05-12 12:00:00+00:00
[2024-05-12T20:26:22.041+0500] {processor.py:183} INFO - Processing /home/awahab02/mlops_assignment_2/myenv/lib/python3.10/site-packages/airflow/example_dags/example_latest_only.py took 0.137 seconds
[2024-05-12T20:27:57.257+0500] {processor.py:161} INFO - Started process (PID=12003) to work on /home/awahab02/mlops_assignment_2/myenv/lib/python3.10/site-packages/airflow/example_dags/example_latest_only.py
[2024-05-12T20:27:57.280+0500] {processor.py:830} INFO - Processing file /home/awahab02/mlops_assignment_2/myenv/lib/python3.10/site-packages/airflow/example_dags/example_latest_only.py for tasks to queue
[2024-05-12T20:27:57.281+0500] {logging_mixin.py:188} INFO - [2024-05-12T20:27:57.281+0500] {dagbag.py:545} INFO - Filling up the DagBag from /home/awahab02/mlops_assignment_2/myenv/lib/python3.10/site-packages/airflow/example_dags/example_latest_only.py
[2024-05-12T20:27:57.285+0500] {processor.py:840} INFO - DAG(s) 'latest_only' retrieved from /home/awahab02/mlops_assignment_2/myenv/lib/python3.10/site-packages/airflow/example_dags/example_latest_only.py
[2024-05-12T20:27:57.299+0500] {logging_mixin.py:188} INFO - [2024-05-12T20:27:57.299+0500] {dag.py:3096} INFO - Sync 1 DAGs
[2024-05-12T20:27:57.317+0500] {logging_mixin.py:188} INFO - [2024-05-12T20:27:57.317+0500] {dag.py:3954} INFO - Setting next_dagrun for latest_only to 2024-05-12 08:00:00+00:00, run_after=2024-05-12 12:00:00+00:00
[2024-05-12T20:27:57.343+0500] {processor.py:183} INFO - Processing /home/awahab02/mlops_assignment_2/myenv/lib/python3.10/site-packages/airflow/example_dags/example_latest_only.py took 0.090 seconds
[2024-05-12T20:28:49.908+0500] {processor.py:161} INFO - Started process (PID=12258) to work on /home/awahab02/mlops_assignment_2/myenv/lib/python3.10/site-packages/airflow/example_dags/example_latest_only.py
[2024-05-12T20:28:49.951+0500] {processor.py:830} INFO - Processing file /home/awahab02/mlops_assignment_2/myenv/lib/python3.10/site-packages/airflow/example_dags/example_latest_only.py for tasks to queue
[2024-05-12T20:28:49.952+0500] {logging_mixin.py:188} INFO - [2024-05-12T20:28:49.952+0500] {dagbag.py:545} INFO - Filling up the DagBag from /home/awahab02/mlops_assignment_2/myenv/lib/python3.10/site-packages/airflow/example_dags/example_latest_only.py
[2024-05-12T20:28:49.956+0500] {processor.py:840} INFO - DAG(s) 'latest_only' retrieved from /home/awahab02/mlops_assignment_2/myenv/lib/python3.10/site-packages/airflow/example_dags/example_latest_only.py
[2024-05-12T20:28:49.968+0500] {logging_mixin.py:188} INFO - [2024-05-12T20:28:49.968+0500] {dag.py:3096} INFO - Sync 1 DAGs
[2024-05-12T20:28:49.985+0500] {logging_mixin.py:188} INFO - [2024-05-12T20:28:49.985+0500] {dag.py:3954} INFO - Setting next_dagrun for latest_only to 2024-05-12 08:00:00+00:00, run_after=2024-05-12 12:00:00+00:00
[2024-05-12T20:28:50.010+0500] {processor.py:183} INFO - Processing /home/awahab02/mlops_assignment_2/myenv/lib/python3.10/site-packages/airflow/example_dags/example_latest_only.py took 0.107 seconds
[2024-05-12T20:29:42.957+0500] {processor.py:161} INFO - Started process (PID=12567) to work on /home/awahab02/mlops_assignment_2/myenv/lib/python3.10/site-packages/airflow/example_dags/example_latest_only.py
[2024-05-12T20:29:42.959+0500] {processor.py:830} INFO - Processing file /home/awahab02/mlops_assignment_2/myenv/lib/python3.10/site-packages/airflow/example_dags/example_latest_only.py for tasks to queue
[2024-05-12T20:29:42.961+0500] {logging_mixin.py:188} INFO - [2024-05-12T20:29:42.960+0500] {dagbag.py:545} INFO - Filling up the DagBag from /home/awahab02/mlops_assignment_2/myenv/lib/python3.10/site-packages/airflow/example_dags/example_latest_only.py
[2024-05-12T20:29:42.965+0500] {processor.py:840} INFO - DAG(s) 'latest_only' retrieved from /home/awahab02/mlops_assignment_2/myenv/lib/python3.10/site-packages/airflow/example_dags/example_latest_only.py
[2024-05-12T20:29:42.977+0500] {logging_mixin.py:188} INFO - [2024-05-12T20:29:42.977+0500] {dag.py:3096} INFO - Sync 1 DAGs
[2024-05-12T20:29:42.993+0500] {logging_mixin.py:188} INFO - [2024-05-12T20:29:42.993+0500] {dag.py:3954} INFO - Setting next_dagrun for latest_only to 2024-05-12 08:00:00+00:00, run_after=2024-05-12 12:00:00+00:00
[2024-05-12T20:29:43.022+0500] {processor.py:183} INFO - Processing /home/awahab02/mlops_assignment_2/myenv/lib/python3.10/site-packages/airflow/example_dags/example_latest_only.py took 0.069 seconds
[2024-05-12T20:31:03.889+0500] {processor.py:161} INFO - Started process (PID=13163) to work on /home/awahab02/mlops_assignment_2/myenv/lib/python3.10/site-packages/airflow/example_dags/example_latest_only.py
[2024-05-12T20:31:03.914+0500] {processor.py:830} INFO - Processing file /home/awahab02/mlops_assignment_2/myenv/lib/python3.10/site-packages/airflow/example_dags/example_latest_only.py for tasks to queue
[2024-05-12T20:31:03.915+0500] {logging_mixin.py:188} INFO - [2024-05-12T20:31:03.915+0500] {dagbag.py:545} INFO - Filling up the DagBag from /home/awahab02/mlops_assignment_2/myenv/lib/python3.10/site-packages/airflow/example_dags/example_latest_only.py
[2024-05-12T20:31:03.919+0500] {processor.py:840} INFO - DAG(s) 'latest_only' retrieved from /home/awahab02/mlops_assignment_2/myenv/lib/python3.10/site-packages/airflow/example_dags/example_latest_only.py
[2024-05-12T20:31:03.932+0500] {logging_mixin.py:188} INFO - [2024-05-12T20:31:03.932+0500] {dag.py:3096} INFO - Sync 1 DAGs
[2024-05-12T20:31:03.948+0500] {logging_mixin.py:188} INFO - [2024-05-12T20:31:03.948+0500] {dag.py:3954} INFO - Setting next_dagrun for latest_only to 2024-05-12 08:00:00+00:00, run_after=2024-05-12 12:00:00+00:00
[2024-05-12T20:31:03.975+0500] {processor.py:183} INFO - Processing /home/awahab02/mlops_assignment_2/myenv/lib/python3.10/site-packages/airflow/example_dags/example_latest_only.py took 0.091 seconds
[2024-05-12T20:31:54.850+0500] {processor.py:161} INFO - Started process (PID=13397) to work on /home/awahab02/mlops_assignment_2/myenv/lib/python3.10/site-packages/airflow/example_dags/example_latest_only.py
[2024-05-12T20:31:54.852+0500] {processor.py:830} INFO - Processing file /home/awahab02/mlops_assignment_2/myenv/lib/python3.10/site-packages/airflow/example_dags/example_latest_only.py for tasks to queue
[2024-05-12T20:31:54.853+0500] {logging_mixin.py:188} INFO - [2024-05-12T20:31:54.853+0500] {dagbag.py:545} INFO - Filling up the DagBag from /home/awahab02/mlops_assignment_2/myenv/lib/python3.10/site-packages/airflow/example_dags/example_latest_only.py
[2024-05-12T20:31:54.859+0500] {processor.py:840} INFO - DAG(s) 'latest_only' retrieved from /home/awahab02/mlops_assignment_2/myenv/lib/python3.10/site-packages/airflow/example_dags/example_latest_only.py
[2024-05-12T20:31:54.876+0500] {logging_mixin.py:188} INFO - [2024-05-12T20:31:54.876+0500] {dag.py:3096} INFO - Sync 1 DAGs
[2024-05-12T20:31:54.900+0500] {logging_mixin.py:188} INFO - [2024-05-12T20:31:54.900+0500] {dag.py:3954} INFO - Setting next_dagrun for latest_only to 2024-05-12 08:00:00+00:00, run_after=2024-05-12 12:00:00+00:00
[2024-05-12T20:31:54.933+0500] {processor.py:183} INFO - Processing /home/awahab02/mlops_assignment_2/myenv/lib/python3.10/site-packages/airflow/example_dags/example_latest_only.py took 0.088 seconds
[2024-05-12T20:34:38.099+0500] {processor.py:161} INFO - Started process (PID=14579) to work on /home/awahab02/mlops_assignment_2/myenv/lib/python3.10/site-packages/airflow/example_dags/example_latest_only.py
[2024-05-12T20:34:38.121+0500] {processor.py:830} INFO - Processing file /home/awahab02/mlops_assignment_2/myenv/lib/python3.10/site-packages/airflow/example_dags/example_latest_only.py for tasks to queue
[2024-05-12T20:34:38.123+0500] {logging_mixin.py:188} INFO - [2024-05-12T20:34:38.122+0500] {dagbag.py:545} INFO - Filling up the DagBag from /home/awahab02/mlops_assignment_2/myenv/lib/python3.10/site-packages/airflow/example_dags/example_latest_only.py
[2024-05-12T20:34:38.131+0500] {processor.py:840} INFO - DAG(s) 'latest_only' retrieved from /home/awahab02/mlops_assignment_2/myenv/lib/python3.10/site-packages/airflow/example_dags/example_latest_only.py
[2024-05-12T20:34:38.156+0500] {logging_mixin.py:188} INFO - [2024-05-12T20:34:38.156+0500] {dag.py:3096} INFO - Sync 1 DAGs
[2024-05-12T20:34:38.176+0500] {logging_mixin.py:188} INFO - [2024-05-12T20:34:38.176+0500] {dag.py:3954} INFO - Setting next_dagrun for latest_only to 2024-05-12 08:00:00+00:00, run_after=2024-05-12 12:00:00+00:00
[2024-05-12T20:34:38.213+0500] {processor.py:183} INFO - Processing /home/awahab02/mlops_assignment_2/myenv/lib/python3.10/site-packages/airflow/example_dags/example_latest_only.py took 0.122 seconds
[2024-05-12T20:35:30.863+0500] {processor.py:161} INFO - Started process (PID=14862) to work on /home/awahab02/mlops_assignment_2/myenv/lib/python3.10/site-packages/airflow/example_dags/example_latest_only.py
[2024-05-12T20:35:30.894+0500] {processor.py:830} INFO - Processing file /home/awahab02/mlops_assignment_2/myenv/lib/python3.10/site-packages/airflow/example_dags/example_latest_only.py for tasks to queue
[2024-05-12T20:35:30.895+0500] {logging_mixin.py:188} INFO - [2024-05-12T20:35:30.894+0500] {dagbag.py:545} INFO - Filling up the DagBag from /home/awahab02/mlops_assignment_2/myenv/lib/python3.10/site-packages/airflow/example_dags/example_latest_only.py
[2024-05-12T20:35:30.900+0500] {processor.py:840} INFO - DAG(s) 'latest_only' retrieved from /home/awahab02/mlops_assignment_2/myenv/lib/python3.10/site-packages/airflow/example_dags/example_latest_only.py
[2024-05-12T20:35:30.913+0500] {logging_mixin.py:188} INFO - [2024-05-12T20:35:30.912+0500] {dag.py:3096} INFO - Sync 1 DAGs
[2024-05-12T20:35:30.927+0500] {logging_mixin.py:188} INFO - [2024-05-12T20:35:30.927+0500] {dag.py:3954} INFO - Setting next_dagrun for latest_only to 2024-05-12 08:00:00+00:00, run_after=2024-05-12 12:00:00+00:00
[2024-05-12T20:35:30.952+0500] {processor.py:183} INFO - Processing /home/awahab02/mlops_assignment_2/myenv/lib/python3.10/site-packages/airflow/example_dags/example_latest_only.py took 0.093 seconds
[2024-05-12T20:36:24.742+0500] {processor.py:161} INFO - Started process (PID=15133) to work on /home/awahab02/mlops_assignment_2/myenv/lib/python3.10/site-packages/airflow/example_dags/example_latest_only.py
[2024-05-12T20:36:24.778+0500] {processor.py:830} INFO - Processing file /home/awahab02/mlops_assignment_2/myenv/lib/python3.10/site-packages/airflow/example_dags/example_latest_only.py for tasks to queue
[2024-05-12T20:36:24.779+0500] {logging_mixin.py:188} INFO - [2024-05-12T20:36:24.778+0500] {dagbag.py:545} INFO - Filling up the DagBag from /home/awahab02/mlops_assignment_2/myenv/lib/python3.10/site-packages/airflow/example_dags/example_latest_only.py
[2024-05-12T20:36:24.785+0500] {processor.py:840} INFO - DAG(s) 'latest_only' retrieved from /home/awahab02/mlops_assignment_2/myenv/lib/python3.10/site-packages/airflow/example_dags/example_latest_only.py
[2024-05-12T20:36:24.816+0500] {logging_mixin.py:188} INFO - [2024-05-12T20:36:24.815+0500] {dag.py:3096} INFO - Sync 1 DAGs
[2024-05-12T20:36:24.831+0500] {logging_mixin.py:188} INFO - [2024-05-12T20:36:24.830+0500] {dag.py:3954} INFO - Setting next_dagrun for latest_only to 2024-05-12 08:00:00+00:00, run_after=2024-05-12 12:00:00+00:00
[2024-05-12T20:36:24.859+0500] {processor.py:183} INFO - Processing /home/awahab02/mlops_assignment_2/myenv/lib/python3.10/site-packages/airflow/example_dags/example_latest_only.py took 0.123 seconds
[2024-05-12T20:37:11.884+0500] {processor.py:161} INFO - Started process (PID=15368) to work on /home/awahab02/mlops_assignment_2/myenv/lib/python3.10/site-packages/airflow/example_dags/example_latest_only.py
[2024-05-12T20:37:11.913+0500] {processor.py:830} INFO - Processing file /home/awahab02/mlops_assignment_2/myenv/lib/python3.10/site-packages/airflow/example_dags/example_latest_only.py for tasks to queue
[2024-05-12T20:37:11.914+0500] {logging_mixin.py:188} INFO - [2024-05-12T20:37:11.914+0500] {dagbag.py:545} INFO - Filling up the DagBag from /home/awahab02/mlops_assignment_2/myenv/lib/python3.10/site-packages/airflow/example_dags/example_latest_only.py
[2024-05-12T20:37:11.919+0500] {processor.py:840} INFO - DAG(s) 'latest_only' retrieved from /home/awahab02/mlops_assignment_2/myenv/lib/python3.10/site-packages/airflow/example_dags/example_latest_only.py
[2024-05-12T20:37:11.933+0500] {logging_mixin.py:188} INFO - [2024-05-12T20:37:11.933+0500] {dag.py:3096} INFO - Sync 1 DAGs
[2024-05-12T20:37:11.947+0500] {logging_mixin.py:188} INFO - [2024-05-12T20:37:11.947+0500] {dag.py:3954} INFO - Setting next_dagrun for latest_only to 2024-05-12 08:00:00+00:00, run_after=2024-05-12 12:00:00+00:00
[2024-05-12T20:37:11.973+0500] {processor.py:183} INFO - Processing /home/awahab02/mlops_assignment_2/myenv/lib/python3.10/site-packages/airflow/example_dags/example_latest_only.py took 0.095 seconds
[2024-05-12T20:39:11.577+0500] {processor.py:161} INFO - Started process (PID=16393) to work on /home/awahab02/mlops_assignment_2/myenv/lib/python3.10/site-packages/airflow/example_dags/example_latest_only.py
[2024-05-12T20:39:11.606+0500] {processor.py:830} INFO - Processing file /home/awahab02/mlops_assignment_2/myenv/lib/python3.10/site-packages/airflow/example_dags/example_latest_only.py for tasks to queue
[2024-05-12T20:39:11.607+0500] {logging_mixin.py:188} INFO - [2024-05-12T20:39:11.606+0500] {dagbag.py:545} INFO - Filling up the DagBag from /home/awahab02/mlops_assignment_2/myenv/lib/python3.10/site-packages/airflow/example_dags/example_latest_only.py
[2024-05-12T20:39:11.612+0500] {processor.py:840} INFO - DAG(s) 'latest_only' retrieved from /home/awahab02/mlops_assignment_2/myenv/lib/python3.10/site-packages/airflow/example_dags/example_latest_only.py
[2024-05-12T20:39:11.628+0500] {logging_mixin.py:188} INFO - [2024-05-12T20:39:11.628+0500] {dag.py:3096} INFO - Sync 1 DAGs
[2024-05-12T20:39:11.642+0500] {logging_mixin.py:188} INFO - [2024-05-12T20:39:11.642+0500] {dag.py:3954} INFO - Setting next_dagrun for latest_only to 2024-05-12 08:00:00+00:00, run_after=2024-05-12 12:00:00+00:00
[2024-05-12T20:39:11.681+0500] {processor.py:183} INFO - Processing /home/awahab02/mlops_assignment_2/myenv/lib/python3.10/site-packages/airflow/example_dags/example_latest_only.py took 0.109 seconds
[2024-05-12T20:40:04.462+0500] {processor.py:161} INFO - Started process (PID=16712) to work on /home/awahab02/mlops_assignment_2/myenv/lib/python3.10/site-packages/airflow/example_dags/example_latest_only.py
[2024-05-12T20:40:04.487+0500] {processor.py:830} INFO - Processing file /home/awahab02/mlops_assignment_2/myenv/lib/python3.10/site-packages/airflow/example_dags/example_latest_only.py for tasks to queue
[2024-05-12T20:40:04.488+0500] {logging_mixin.py:188} INFO - [2024-05-12T20:40:04.488+0500] {dagbag.py:545} INFO - Filling up the DagBag from /home/awahab02/mlops_assignment_2/myenv/lib/python3.10/site-packages/airflow/example_dags/example_latest_only.py
[2024-05-12T20:40:04.493+0500] {processor.py:840} INFO - DAG(s) 'latest_only' retrieved from /home/awahab02/mlops_assignment_2/myenv/lib/python3.10/site-packages/airflow/example_dags/example_latest_only.py
[2024-05-12T20:40:04.505+0500] {logging_mixin.py:188} INFO - [2024-05-12T20:40:04.505+0500] {dag.py:3096} INFO - Sync 1 DAGs
[2024-05-12T20:40:04.518+0500] {logging_mixin.py:188} INFO - [2024-05-12T20:40:04.518+0500] {dag.py:3954} INFO - Setting next_dagrun for latest_only to 2024-05-12 08:00:00+00:00, run_after=2024-05-12 12:00:00+00:00
[2024-05-12T20:40:04.545+0500] {processor.py:183} INFO - Processing /home/awahab02/mlops_assignment_2/myenv/lib/python3.10/site-packages/airflow/example_dags/example_latest_only.py took 0.090 seconds
[2024-05-12T20:40:56.279+0500] {processor.py:161} INFO - Started process (PID=17086) to work on /home/awahab02/mlops_assignment_2/myenv/lib/python3.10/site-packages/airflow/example_dags/example_latest_only.py
[2024-05-12T20:40:56.321+0500] {processor.py:830} INFO - Processing file /home/awahab02/mlops_assignment_2/myenv/lib/python3.10/site-packages/airflow/example_dags/example_latest_only.py for tasks to queue
[2024-05-12T20:40:56.322+0500] {logging_mixin.py:188} INFO - [2024-05-12T20:40:56.321+0500] {dagbag.py:545} INFO - Filling up the DagBag from /home/awahab02/mlops_assignment_2/myenv/lib/python3.10/site-packages/airflow/example_dags/example_latest_only.py
[2024-05-12T20:40:56.326+0500] {processor.py:840} INFO - DAG(s) 'latest_only' retrieved from /home/awahab02/mlops_assignment_2/myenv/lib/python3.10/site-packages/airflow/example_dags/example_latest_only.py
[2024-05-12T20:40:56.340+0500] {logging_mixin.py:188} INFO - [2024-05-12T20:40:56.339+0500] {dag.py:3096} INFO - Sync 1 DAGs
[2024-05-12T20:40:56.356+0500] {logging_mixin.py:188} INFO - [2024-05-12T20:40:56.356+0500] {dag.py:3954} INFO - Setting next_dagrun for latest_only to 2024-05-12 08:00:00+00:00, run_after=2024-05-12 12:00:00+00:00
[2024-05-12T20:40:56.381+0500] {processor.py:183} INFO - Processing /home/awahab02/mlops_assignment_2/myenv/lib/python3.10/site-packages/airflow/example_dags/example_latest_only.py took 0.106 seconds
