[2024-05-12T20:20:16.166+0500] {processor.py:161} INFO - Started process (PID=9082) to work on /home/awahab02/mlops_assignment_2/myenv/lib/python3.10/site-packages/airflow/example_dags/tutorial_taskflow_api.py
[2024-05-12T20:20:16.167+0500] {processor.py:830} INFO - Processing file /home/awahab02/mlops_assignment_2/myenv/lib/python3.10/site-packages/airflow/example_dags/tutorial_taskflow_api.py for tasks to queue
[2024-05-12T20:20:16.168+0500] {logging_mixin.py:188} INFO - [2024-05-12T20:20:16.168+0500] {dagbag.py:545} INFO - Filling up the DagBag from /home/awahab02/mlops_assignment_2/myenv/lib/python3.10/site-packages/airflow/example_dags/tutorial_taskflow_api.py
[2024-05-12T20:20:16.177+0500] {processor.py:840} INFO - DAG(s) 'tutorial_taskflow_api' retrieved from /home/awahab02/mlops_assignment_2/myenv/lib/python3.10/site-packages/airflow/example_dags/tutorial_taskflow_api.py
[2024-05-12T20:20:16.423+0500] {logging_mixin.py:188} INFO - [2024-05-12T20:20:16.423+0500] {override.py:1829} INFO - Created Permission View: can read on DAG:tutorial_taskflow_api
[2024-05-12T20:20:16.451+0500] {logging_mixin.py:188} INFO - [2024-05-12T20:20:16.450+0500] {override.py:1829} INFO - Created Permission View: can edit on DAG:tutorial_taskflow_api
[2024-05-12T20:20:16.481+0500] {logging_mixin.py:188} INFO - [2024-05-12T20:20:16.481+0500] {override.py:1829} INFO - Created Permission View: can delete on DAG:tutorial_taskflow_api
[2024-05-12T20:20:16.481+0500] {logging_mixin.py:188} INFO - [2024-05-12T20:20:16.481+0500] {dag.py:3096} INFO - Sync 1 DAGs
[2024-05-12T20:20:16.493+0500] {logging_mixin.py:188} INFO - [2024-05-12T20:20:16.493+0500] {dag.py:3118} INFO - Creating ORM DAG for tutorial_taskflow_api
[2024-05-12T20:20:16.494+0500] {logging_mixin.py:188} INFO - [2024-05-12T20:20:16.493+0500] {dag.py:3954} INFO - Setting next_dagrun for tutorial_taskflow_api to None, run_after=None
[2024-05-12T20:20:16.518+0500] {processor.py:183} INFO - Processing /home/awahab02/mlops_assignment_2/myenv/lib/python3.10/site-packages/airflow/example_dags/tutorial_taskflow_api.py took 0.358 seconds
[2024-05-12T20:21:16.922+0500] {processor.py:161} INFO - Started process (PID=9514) to work on /home/awahab02/mlops_assignment_2/myenv/lib/python3.10/site-packages/airflow/example_dags/tutorial_taskflow_api.py
[2024-05-12T20:21:16.947+0500] {processor.py:830} INFO - Processing file /home/awahab02/mlops_assignment_2/myenv/lib/python3.10/site-packages/airflow/example_dags/tutorial_taskflow_api.py for tasks to queue
[2024-05-12T20:21:16.949+0500] {logging_mixin.py:188} INFO - [2024-05-12T20:21:16.949+0500] {dagbag.py:545} INFO - Filling up the DagBag from /home/awahab02/mlops_assignment_2/myenv/lib/python3.10/site-packages/airflow/example_dags/tutorial_taskflow_api.py
[2024-05-12T20:21:16.954+0500] {processor.py:840} INFO - DAG(s) 'tutorial_taskflow_api' retrieved from /home/awahab02/mlops_assignment_2/myenv/lib/python3.10/site-packages/airflow/example_dags/tutorial_taskflow_api.py
[2024-05-12T20:21:16.966+0500] {logging_mixin.py:188} INFO - [2024-05-12T20:21:16.966+0500] {dag.py:3096} INFO - Sync 1 DAGs
[2024-05-12T20:21:16.976+0500] {logging_mixin.py:188} INFO - [2024-05-12T20:21:16.976+0500] {dag.py:3954} INFO - Setting next_dagrun for tutorial_taskflow_api to None, run_after=None
[2024-05-12T20:21:17.001+0500] {processor.py:183} INFO - Processing /home/awahab02/mlops_assignment_2/myenv/lib/python3.10/site-packages/airflow/example_dags/tutorial_taskflow_api.py took 0.084 seconds
[2024-05-12T20:22:04.488+0500] {processor.py:161} INFO - Started process (PID=9702) to work on /home/awahab02/mlops_assignment_2/myenv/lib/python3.10/site-packages/airflow/example_dags/tutorial_taskflow_api.py
[2024-05-12T20:22:04.490+0500] {processor.py:830} INFO - Processing file /home/awahab02/mlops_assignment_2/myenv/lib/python3.10/site-packages/airflow/example_dags/tutorial_taskflow_api.py for tasks to queue
[2024-05-12T20:22:04.491+0500] {logging_mixin.py:188} INFO - [2024-05-12T20:22:04.491+0500] {dagbag.py:545} INFO - Filling up the DagBag from /home/awahab02/mlops_assignment_2/myenv/lib/python3.10/site-packages/airflow/example_dags/tutorial_taskflow_api.py
[2024-05-12T20:22:04.496+0500] {processor.py:840} INFO - DAG(s) 'tutorial_taskflow_api' retrieved from /home/awahab02/mlops_assignment_2/myenv/lib/python3.10/site-packages/airflow/example_dags/tutorial_taskflow_api.py
[2024-05-12T20:22:04.509+0500] {logging_mixin.py:188} INFO - [2024-05-12T20:22:04.509+0500] {dag.py:3096} INFO - Sync 1 DAGs
[2024-05-12T20:22:04.519+0500] {logging_mixin.py:188} INFO - [2024-05-12T20:22:04.519+0500] {dag.py:3954} INFO - Setting next_dagrun for tutorial_taskflow_api to None, run_after=None
[2024-05-12T20:22:04.545+0500] {processor.py:183} INFO - Processing /home/awahab02/mlops_assignment_2/myenv/lib/python3.10/site-packages/airflow/example_dags/tutorial_taskflow_api.py took 0.062 seconds
[2024-05-12T20:22:44.839+0500] {processor.py:161} INFO - Started process (PID=9874) to work on /home/awahab02/mlops_assignment_2/myenv/lib/python3.10/site-packages/airflow/example_dags/tutorial_taskflow_api.py
[2024-05-12T20:22:44.874+0500] {processor.py:830} INFO - Processing file /home/awahab02/mlops_assignment_2/myenv/lib/python3.10/site-packages/airflow/example_dags/tutorial_taskflow_api.py for tasks to queue
[2024-05-12T20:22:44.875+0500] {logging_mixin.py:188} INFO - [2024-05-12T20:22:44.875+0500] {dagbag.py:545} INFO - Filling up the DagBag from /home/awahab02/mlops_assignment_2/myenv/lib/python3.10/site-packages/airflow/example_dags/tutorial_taskflow_api.py
[2024-05-12T20:22:44.880+0500] {processor.py:840} INFO - DAG(s) 'tutorial_taskflow_api' retrieved from /home/awahab02/mlops_assignment_2/myenv/lib/python3.10/site-packages/airflow/example_dags/tutorial_taskflow_api.py
[2024-05-12T20:22:44.893+0500] {logging_mixin.py:188} INFO - [2024-05-12T20:22:44.893+0500] {dag.py:3096} INFO - Sync 1 DAGs
[2024-05-12T20:22:44.902+0500] {logging_mixin.py:188} INFO - [2024-05-12T20:22:44.902+0500] {dag.py:3954} INFO - Setting next_dagrun for tutorial_taskflow_api to None, run_after=None
[2024-05-12T20:22:44.929+0500] {processor.py:183} INFO - Processing /home/awahab02/mlops_assignment_2/myenv/lib/python3.10/site-packages/airflow/example_dags/tutorial_taskflow_api.py took 0.096 seconds
[2024-05-12T20:23:22.171+0500] {processor.py:161} INFO - Started process (PID=10202) to work on /home/awahab02/mlops_assignment_2/myenv/lib/python3.10/site-packages/airflow/example_dags/tutorial_taskflow_api.py
[2024-05-12T20:23:22.199+0500] {processor.py:830} INFO - Processing file /home/awahab02/mlops_assignment_2/myenv/lib/python3.10/site-packages/airflow/example_dags/tutorial_taskflow_api.py for tasks to queue
[2024-05-12T20:23:22.201+0500] {logging_mixin.py:188} INFO - [2024-05-12T20:23:22.200+0500] {dagbag.py:545} INFO - Filling up the DagBag from /home/awahab02/mlops_assignment_2/myenv/lib/python3.10/site-packages/airflow/example_dags/tutorial_taskflow_api.py
[2024-05-12T20:23:22.206+0500] {processor.py:840} INFO - DAG(s) 'tutorial_taskflow_api' retrieved from /home/awahab02/mlops_assignment_2/myenv/lib/python3.10/site-packages/airflow/example_dags/tutorial_taskflow_api.py
[2024-05-12T20:23:22.223+0500] {logging_mixin.py:188} INFO - [2024-05-12T20:23:22.223+0500] {dag.py:3096} INFO - Sync 1 DAGs
[2024-05-12T20:23:22.233+0500] {logging_mixin.py:188} INFO - [2024-05-12T20:23:22.232+0500] {dag.py:3954} INFO - Setting next_dagrun for tutorial_taskflow_api to None, run_after=None
[2024-05-12T20:23:22.259+0500] {processor.py:183} INFO - Processing /home/awahab02/mlops_assignment_2/myenv/lib/python3.10/site-packages/airflow/example_dags/tutorial_taskflow_api.py took 0.094 seconds
[2024-05-12T20:24:03.323+0500] {processor.py:161} INFO - Started process (PID=10507) to work on /home/awahab02/mlops_assignment_2/myenv/lib/python3.10/site-packages/airflow/example_dags/tutorial_taskflow_api.py
[2024-05-12T20:24:03.346+0500] {processor.py:830} INFO - Processing file /home/awahab02/mlops_assignment_2/myenv/lib/python3.10/site-packages/airflow/example_dags/tutorial_taskflow_api.py for tasks to queue
[2024-05-12T20:24:03.348+0500] {logging_mixin.py:188} INFO - [2024-05-12T20:24:03.347+0500] {dagbag.py:545} INFO - Filling up the DagBag from /home/awahab02/mlops_assignment_2/myenv/lib/python3.10/site-packages/airflow/example_dags/tutorial_taskflow_api.py
[2024-05-12T20:24:03.353+0500] {processor.py:840} INFO - DAG(s) 'tutorial_taskflow_api' retrieved from /home/awahab02/mlops_assignment_2/myenv/lib/python3.10/site-packages/airflow/example_dags/tutorial_taskflow_api.py
[2024-05-12T20:24:03.365+0500] {logging_mixin.py:188} INFO - [2024-05-12T20:24:03.365+0500] {dag.py:3096} INFO - Sync 1 DAGs
[2024-05-12T20:24:03.374+0500] {logging_mixin.py:188} INFO - [2024-05-12T20:24:03.374+0500] {dag.py:3954} INFO - Setting next_dagrun for tutorial_taskflow_api to None, run_after=None
[2024-05-12T20:24:03.398+0500] {processor.py:183} INFO - Processing /home/awahab02/mlops_assignment_2/myenv/lib/python3.10/site-packages/airflow/example_dags/tutorial_taskflow_api.py took 0.080 seconds
[2024-05-12T20:24:42.686+0500] {processor.py:161} INFO - Started process (PID=10696) to work on /home/awahab02/mlops_assignment_2/myenv/lib/python3.10/site-packages/airflow/example_dags/tutorial_taskflow_api.py
[2024-05-12T20:24:42.721+0500] {processor.py:830} INFO - Processing file /home/awahab02/mlops_assignment_2/myenv/lib/python3.10/site-packages/airflow/example_dags/tutorial_taskflow_api.py for tasks to queue
[2024-05-12T20:24:42.722+0500] {logging_mixin.py:188} INFO - [2024-05-12T20:24:42.722+0500] {dagbag.py:545} INFO - Filling up the DagBag from /home/awahab02/mlops_assignment_2/myenv/lib/python3.10/site-packages/airflow/example_dags/tutorial_taskflow_api.py
[2024-05-12T20:24:42.728+0500] {processor.py:840} INFO - DAG(s) 'tutorial_taskflow_api' retrieved from /home/awahab02/mlops_assignment_2/myenv/lib/python3.10/site-packages/airflow/example_dags/tutorial_taskflow_api.py
[2024-05-12T20:24:42.741+0500] {logging_mixin.py:188} INFO - [2024-05-12T20:24:42.741+0500] {dag.py:3096} INFO - Sync 1 DAGs
[2024-05-12T20:24:42.751+0500] {logging_mixin.py:188} INFO - [2024-05-12T20:24:42.750+0500] {dag.py:3954} INFO - Setting next_dagrun for tutorial_taskflow_api to None, run_after=None
[2024-05-12T20:24:42.781+0500] {processor.py:183} INFO - Processing /home/awahab02/mlops_assignment_2/myenv/lib/python3.10/site-packages/airflow/example_dags/tutorial_taskflow_api.py took 0.100 seconds
[2024-05-12T20:25:23.980+0500] {processor.py:161} INFO - Started process (PID=10874) to work on /home/awahab02/mlops_assignment_2/myenv/lib/python3.10/site-packages/airflow/example_dags/tutorial_taskflow_api.py
[2024-05-12T20:25:23.980+0500] {processor.py:830} INFO - Processing file /home/awahab02/mlops_assignment_2/myenv/lib/python3.10/site-packages/airflow/example_dags/tutorial_taskflow_api.py for tasks to queue
[2024-05-12T20:25:23.982+0500] {logging_mixin.py:188} INFO - [2024-05-12T20:25:23.981+0500] {dagbag.py:545} INFO - Filling up the DagBag from /home/awahab02/mlops_assignment_2/myenv/lib/python3.10/site-packages/airflow/example_dags/tutorial_taskflow_api.py
[2024-05-12T20:25:23.987+0500] {processor.py:840} INFO - DAG(s) 'tutorial_taskflow_api' retrieved from /home/awahab02/mlops_assignment_2/myenv/lib/python3.10/site-packages/airflow/example_dags/tutorial_taskflow_api.py
[2024-05-12T20:25:23.999+0500] {logging_mixin.py:188} INFO - [2024-05-12T20:25:23.999+0500] {dag.py:3096} INFO - Sync 1 DAGs
[2024-05-12T20:25:24.008+0500] {logging_mixin.py:188} INFO - [2024-05-12T20:25:24.008+0500] {dag.py:3954} INFO - Setting next_dagrun for tutorial_taskflow_api to None, run_after=None
[2024-05-12T20:25:24.034+0500] {processor.py:183} INFO - Processing /home/awahab02/mlops_assignment_2/myenv/lib/python3.10/site-packages/airflow/example_dags/tutorial_taskflow_api.py took 0.059 seconds
[2024-05-12T20:26:05.329+0500] {processor.py:161} INFO - Started process (PID=11099) to work on /home/awahab02/mlops_assignment_2/myenv/lib/python3.10/site-packages/airflow/example_dags/tutorial_taskflow_api.py
[2024-05-12T20:26:05.330+0500] {processor.py:830} INFO - Processing file /home/awahab02/mlops_assignment_2/myenv/lib/python3.10/site-packages/airflow/example_dags/tutorial_taskflow_api.py for tasks to queue
[2024-05-12T20:26:05.331+0500] {logging_mixin.py:188} INFO - [2024-05-12T20:26:05.331+0500] {dagbag.py:545} INFO - Filling up the DagBag from /home/awahab02/mlops_assignment_2/myenv/lib/python3.10/site-packages/airflow/example_dags/tutorial_taskflow_api.py
[2024-05-12T20:26:05.337+0500] {processor.py:840} INFO - DAG(s) 'tutorial_taskflow_api' retrieved from /home/awahab02/mlops_assignment_2/myenv/lib/python3.10/site-packages/airflow/example_dags/tutorial_taskflow_api.py
[2024-05-12T20:26:05.350+0500] {logging_mixin.py:188} INFO - [2024-05-12T20:26:05.350+0500] {dag.py:3096} INFO - Sync 1 DAGs
[2024-05-12T20:26:05.360+0500] {logging_mixin.py:188} INFO - [2024-05-12T20:26:05.359+0500] {dag.py:3954} INFO - Setting next_dagrun for tutorial_taskflow_api to None, run_after=None
[2024-05-12T20:26:05.385+0500] {processor.py:183} INFO - Processing /home/awahab02/mlops_assignment_2/myenv/lib/python3.10/site-packages/airflow/example_dags/tutorial_taskflow_api.py took 0.062 seconds
[2024-05-12T20:26:48.160+0500] {processor.py:161} INFO - Started process (PID=11415) to work on /home/awahab02/mlops_assignment_2/myenv/lib/python3.10/site-packages/airflow/example_dags/tutorial_taskflow_api.py
[2024-05-12T20:26:48.161+0500] {processor.py:830} INFO - Processing file /home/awahab02/mlops_assignment_2/myenv/lib/python3.10/site-packages/airflow/example_dags/tutorial_taskflow_api.py for tasks to queue
[2024-05-12T20:26:48.163+0500] {logging_mixin.py:188} INFO - [2024-05-12T20:26:48.163+0500] {dagbag.py:545} INFO - Filling up the DagBag from /home/awahab02/mlops_assignment_2/myenv/lib/python3.10/site-packages/airflow/example_dags/tutorial_taskflow_api.py
[2024-05-12T20:26:48.169+0500] {processor.py:840} INFO - DAG(s) 'tutorial_taskflow_api' retrieved from /home/awahab02/mlops_assignment_2/myenv/lib/python3.10/site-packages/airflow/example_dags/tutorial_taskflow_api.py
[2024-05-12T20:26:48.181+0500] {logging_mixin.py:188} INFO - [2024-05-12T20:26:48.181+0500] {dag.py:3096} INFO - Sync 1 DAGs
[2024-05-12T20:26:48.191+0500] {logging_mixin.py:188} INFO - [2024-05-12T20:26:48.190+0500] {dag.py:3954} INFO - Setting next_dagrun for tutorial_taskflow_api to None, run_after=None
[2024-05-12T20:26:48.230+0500] {processor.py:183} INFO - Processing /home/awahab02/mlops_assignment_2/myenv/lib/python3.10/site-packages/airflow/example_dags/tutorial_taskflow_api.py took 0.077 seconds
[2024-05-12T20:27:26.617+0500] {processor.py:161} INFO - Started process (PID=11718) to work on /home/awahab02/mlops_assignment_2/myenv/lib/python3.10/site-packages/airflow/example_dags/tutorial_taskflow_api.py
[2024-05-12T20:27:26.619+0500] {processor.py:830} INFO - Processing file /home/awahab02/mlops_assignment_2/myenv/lib/python3.10/site-packages/airflow/example_dags/tutorial_taskflow_api.py for tasks to queue
[2024-05-12T20:27:26.620+0500] {logging_mixin.py:188} INFO - [2024-05-12T20:27:26.620+0500] {dagbag.py:545} INFO - Filling up the DagBag from /home/awahab02/mlops_assignment_2/myenv/lib/python3.10/site-packages/airflow/example_dags/tutorial_taskflow_api.py
[2024-05-12T20:27:26.628+0500] {processor.py:840} INFO - DAG(s) 'tutorial_taskflow_api' retrieved from /home/awahab02/mlops_assignment_2/myenv/lib/python3.10/site-packages/airflow/example_dags/tutorial_taskflow_api.py
[2024-05-12T20:27:26.644+0500] {logging_mixin.py:188} INFO - [2024-05-12T20:27:26.644+0500] {dag.py:3096} INFO - Sync 1 DAGs
[2024-05-12T20:27:26.654+0500] {logging_mixin.py:188} INFO - [2024-05-12T20:27:26.653+0500] {dag.py:3954} INFO - Setting next_dagrun for tutorial_taskflow_api to None, run_after=None
[2024-05-12T20:27:26.756+0500] {processor.py:183} INFO - Processing /home/awahab02/mlops_assignment_2/myenv/lib/python3.10/site-packages/airflow/example_dags/tutorial_taskflow_api.py took 0.143 seconds
[2024-05-12T20:28:20.394+0500] {processor.py:161} INFO - Started process (PID=12114) to work on /home/awahab02/mlops_assignment_2/myenv/lib/python3.10/site-packages/airflow/example_dags/tutorial_taskflow_api.py
[2024-05-12T20:28:20.433+0500] {processor.py:830} INFO - Processing file /home/awahab02/mlops_assignment_2/myenv/lib/python3.10/site-packages/airflow/example_dags/tutorial_taskflow_api.py for tasks to queue
[2024-05-12T20:28:20.435+0500] {logging_mixin.py:188} INFO - [2024-05-12T20:28:20.435+0500] {dagbag.py:545} INFO - Filling up the DagBag from /home/awahab02/mlops_assignment_2/myenv/lib/python3.10/site-packages/airflow/example_dags/tutorial_taskflow_api.py
[2024-05-12T20:28:20.443+0500] {processor.py:840} INFO - DAG(s) 'tutorial_taskflow_api' retrieved from /home/awahab02/mlops_assignment_2/myenv/lib/python3.10/site-packages/airflow/example_dags/tutorial_taskflow_api.py
[2024-05-12T20:28:20.459+0500] {logging_mixin.py:188} INFO - [2024-05-12T20:28:20.459+0500] {dag.py:3096} INFO - Sync 1 DAGs
[2024-05-12T20:28:20.472+0500] {logging_mixin.py:188} INFO - [2024-05-12T20:28:20.471+0500] {dag.py:3954} INFO - Setting next_dagrun for tutorial_taskflow_api to None, run_after=None
[2024-05-12T20:28:20.499+0500] {processor.py:183} INFO - Processing /home/awahab02/mlops_assignment_2/myenv/lib/python3.10/site-packages/airflow/example_dags/tutorial_taskflow_api.py took 0.111 seconds
[2024-05-12T20:29:05.419+0500] {processor.py:161} INFO - Started process (PID=12329) to work on /home/awahab02/mlops_assignment_2/myenv/lib/python3.10/site-packages/airflow/example_dags/tutorial_taskflow_api.py
[2024-05-12T20:29:05.461+0500] {processor.py:830} INFO - Processing file /home/awahab02/mlops_assignment_2/myenv/lib/python3.10/site-packages/airflow/example_dags/tutorial_taskflow_api.py for tasks to queue
[2024-05-12T20:29:05.463+0500] {logging_mixin.py:188} INFO - [2024-05-12T20:29:05.462+0500] {dagbag.py:545} INFO - Filling up the DagBag from /home/awahab02/mlops_assignment_2/myenv/lib/python3.10/site-packages/airflow/example_dags/tutorial_taskflow_api.py
[2024-05-12T20:29:05.470+0500] {processor.py:840} INFO - DAG(s) 'tutorial_taskflow_api' retrieved from /home/awahab02/mlops_assignment_2/myenv/lib/python3.10/site-packages/airflow/example_dags/tutorial_taskflow_api.py
[2024-05-12T20:29:05.482+0500] {logging_mixin.py:188} INFO - [2024-05-12T20:29:05.482+0500] {dag.py:3096} INFO - Sync 1 DAGs
[2024-05-12T20:29:05.492+0500] {logging_mixin.py:188} INFO - [2024-05-12T20:29:05.491+0500] {dag.py:3954} INFO - Setting next_dagrun for tutorial_taskflow_api to None, run_after=None
[2024-05-12T20:29:05.518+0500] {processor.py:183} INFO - Processing /home/awahab02/mlops_assignment_2/myenv/lib/python3.10/site-packages/airflow/example_dags/tutorial_taskflow_api.py took 0.105 seconds
[2024-05-12T20:29:52.689+0500] {processor.py:161} INFO - Started process (PID=12618) to work on /home/awahab02/mlops_assignment_2/myenv/lib/python3.10/site-packages/airflow/example_dags/tutorial_taskflow_api.py
[2024-05-12T20:29:52.690+0500] {processor.py:830} INFO - Processing file /home/awahab02/mlops_assignment_2/myenv/lib/python3.10/site-packages/airflow/example_dags/tutorial_taskflow_api.py for tasks to queue
[2024-05-12T20:29:52.692+0500] {logging_mixin.py:188} INFO - [2024-05-12T20:29:52.691+0500] {dagbag.py:545} INFO - Filling up the DagBag from /home/awahab02/mlops_assignment_2/myenv/lib/python3.10/site-packages/airflow/example_dags/tutorial_taskflow_api.py
[2024-05-12T20:29:52.697+0500] {processor.py:840} INFO - DAG(s) 'tutorial_taskflow_api' retrieved from /home/awahab02/mlops_assignment_2/myenv/lib/python3.10/site-packages/airflow/example_dags/tutorial_taskflow_api.py
[2024-05-12T20:29:52.715+0500] {logging_mixin.py:188} INFO - [2024-05-12T20:29:52.715+0500] {dag.py:3096} INFO - Sync 1 DAGs
[2024-05-12T20:29:52.732+0500] {logging_mixin.py:188} INFO - [2024-05-12T20:29:52.731+0500] {dag.py:3954} INFO - Setting next_dagrun for tutorial_taskflow_api to None, run_after=None
[2024-05-12T20:29:52.765+0500] {processor.py:183} INFO - Processing /home/awahab02/mlops_assignment_2/myenv/lib/python3.10/site-packages/airflow/example_dags/tutorial_taskflow_api.py took 0.083 seconds
[2024-05-12T20:30:37.089+0500] {processor.py:161} INFO - Started process (PID=13038) to work on /home/awahab02/mlops_assignment_2/myenv/lib/python3.10/site-packages/airflow/example_dags/tutorial_taskflow_api.py
[2024-05-12T20:30:37.130+0500] {processor.py:830} INFO - Processing file /home/awahab02/mlops_assignment_2/myenv/lib/python3.10/site-packages/airflow/example_dags/tutorial_taskflow_api.py for tasks to queue
[2024-05-12T20:30:37.132+0500] {logging_mixin.py:188} INFO - [2024-05-12T20:30:37.131+0500] {dagbag.py:545} INFO - Filling up the DagBag from /home/awahab02/mlops_assignment_2/myenv/lib/python3.10/site-packages/airflow/example_dags/tutorial_taskflow_api.py
[2024-05-12T20:30:37.137+0500] {processor.py:840} INFO - DAG(s) 'tutorial_taskflow_api' retrieved from /home/awahab02/mlops_assignment_2/myenv/lib/python3.10/site-packages/airflow/example_dags/tutorial_taskflow_api.py
[2024-05-12T20:30:37.149+0500] {logging_mixin.py:188} INFO - [2024-05-12T20:30:37.148+0500] {dag.py:3096} INFO - Sync 1 DAGs
[2024-05-12T20:30:37.159+0500] {logging_mixin.py:188} INFO - [2024-05-12T20:30:37.159+0500] {dag.py:3954} INFO - Setting next_dagrun for tutorial_taskflow_api to None, run_after=None
[2024-05-12T20:30:37.193+0500] {processor.py:183} INFO - Processing /home/awahab02/mlops_assignment_2/myenv/lib/python3.10/site-packages/airflow/example_dags/tutorial_taskflow_api.py took 0.112 seconds
[2024-05-12T20:31:18.285+0500] {processor.py:161} INFO - Started process (PID=13232) to work on /home/awahab02/mlops_assignment_2/myenv/lib/python3.10/site-packages/airflow/example_dags/tutorial_taskflow_api.py
[2024-05-12T20:31:18.311+0500] {processor.py:830} INFO - Processing file /home/awahab02/mlops_assignment_2/myenv/lib/python3.10/site-packages/airflow/example_dags/tutorial_taskflow_api.py for tasks to queue
[2024-05-12T20:31:18.313+0500] {logging_mixin.py:188} INFO - [2024-05-12T20:31:18.312+0500] {dagbag.py:545} INFO - Filling up the DagBag from /home/awahab02/mlops_assignment_2/myenv/lib/python3.10/site-packages/airflow/example_dags/tutorial_taskflow_api.py
[2024-05-12T20:31:18.318+0500] {processor.py:840} INFO - DAG(s) 'tutorial_taskflow_api' retrieved from /home/awahab02/mlops_assignment_2/myenv/lib/python3.10/site-packages/airflow/example_dags/tutorial_taskflow_api.py
[2024-05-12T20:31:18.330+0500] {logging_mixin.py:188} INFO - [2024-05-12T20:31:18.329+0500] {dag.py:3096} INFO - Sync 1 DAGs
[2024-05-12T20:31:18.339+0500] {logging_mixin.py:188} INFO - [2024-05-12T20:31:18.339+0500] {dag.py:3954} INFO - Setting next_dagrun for tutorial_taskflow_api to None, run_after=None
[2024-05-12T20:31:18.365+0500] {processor.py:183} INFO - Processing /home/awahab02/mlops_assignment_2/myenv/lib/python3.10/site-packages/airflow/example_dags/tutorial_taskflow_api.py took 0.085 seconds
[2024-05-12T20:32:00.021+0500] {processor.py:161} INFO - Started process (PID=13421) to work on /home/awahab02/mlops_assignment_2/myenv/lib/python3.10/site-packages/airflow/example_dags/tutorial_taskflow_api.py
[2024-05-12T20:32:00.041+0500] {processor.py:830} INFO - Processing file /home/awahab02/mlops_assignment_2/myenv/lib/python3.10/site-packages/airflow/example_dags/tutorial_taskflow_api.py for tasks to queue
[2024-05-12T20:32:00.043+0500] {logging_mixin.py:188} INFO - [2024-05-12T20:32:00.042+0500] {dagbag.py:545} INFO - Filling up the DagBag from /home/awahab02/mlops_assignment_2/myenv/lib/python3.10/site-packages/airflow/example_dags/tutorial_taskflow_api.py
[2024-05-12T20:32:00.049+0500] {processor.py:840} INFO - DAG(s) 'tutorial_taskflow_api' retrieved from /home/awahab02/mlops_assignment_2/myenv/lib/python3.10/site-packages/airflow/example_dags/tutorial_taskflow_api.py
[2024-05-12T20:32:00.065+0500] {logging_mixin.py:188} INFO - [2024-05-12T20:32:00.065+0500] {dag.py:3096} INFO - Sync 1 DAGs
[2024-05-12T20:32:00.076+0500] {logging_mixin.py:188} INFO - [2024-05-12T20:32:00.076+0500] {dag.py:3954} INFO - Setting next_dagrun for tutorial_taskflow_api to None, run_after=None
[2024-05-12T20:32:00.113+0500] {processor.py:183} INFO - Processing /home/awahab02/mlops_assignment_2/myenv/lib/python3.10/site-packages/airflow/example_dags/tutorial_taskflow_api.py took 0.106 seconds
[2024-05-12T20:33:31.228+0500] {processor.py:161} INFO - Started process (PID=14194) to work on /home/awahab02/mlops_assignment_2/myenv/lib/python3.10/site-packages/airflow/example_dags/tutorial_taskflow_api.py
[2024-05-12T20:33:31.229+0500] {processor.py:830} INFO - Processing file /home/awahab02/mlops_assignment_2/myenv/lib/python3.10/site-packages/airflow/example_dags/tutorial_taskflow_api.py for tasks to queue
[2024-05-12T20:33:31.230+0500] {logging_mixin.py:188} INFO - [2024-05-12T20:33:31.230+0500] {dagbag.py:545} INFO - Filling up the DagBag from /home/awahab02/mlops_assignment_2/myenv/lib/python3.10/site-packages/airflow/example_dags/tutorial_taskflow_api.py
[2024-05-12T20:33:31.235+0500] {processor.py:840} INFO - DAG(s) 'tutorial_taskflow_api' retrieved from /home/awahab02/mlops_assignment_2/myenv/lib/python3.10/site-packages/airflow/example_dags/tutorial_taskflow_api.py
[2024-05-12T20:33:31.253+0500] {logging_mixin.py:188} INFO - [2024-05-12T20:33:31.253+0500] {dag.py:3096} INFO - Sync 1 DAGs
[2024-05-12T20:33:31.264+0500] {logging_mixin.py:188} INFO - [2024-05-12T20:33:31.264+0500] {dag.py:3954} INFO - Setting next_dagrun for tutorial_taskflow_api to None, run_after=None
[2024-05-12T20:33:31.299+0500] {processor.py:183} INFO - Processing /home/awahab02/mlops_assignment_2/myenv/lib/python3.10/site-packages/airflow/example_dags/tutorial_taskflow_api.py took 0.076 seconds
[2024-05-12T20:35:00.499+0500] {processor.py:161} INFO - Started process (PID=14672) to work on /home/awahab02/mlops_assignment_2/myenv/lib/python3.10/site-packages/airflow/example_dags/tutorial_taskflow_api.py
[2024-05-12T20:35:00.501+0500] {processor.py:830} INFO - Processing file /home/awahab02/mlops_assignment_2/myenv/lib/python3.10/site-packages/airflow/example_dags/tutorial_taskflow_api.py for tasks to queue
[2024-05-12T20:35:00.502+0500] {logging_mixin.py:188} INFO - [2024-05-12T20:35:00.501+0500] {dagbag.py:545} INFO - Filling up the DagBag from /home/awahab02/mlops_assignment_2/myenv/lib/python3.10/site-packages/airflow/example_dags/tutorial_taskflow_api.py
[2024-05-12T20:35:00.506+0500] {processor.py:840} INFO - DAG(s) 'tutorial_taskflow_api' retrieved from /home/awahab02/mlops_assignment_2/myenv/lib/python3.10/site-packages/airflow/example_dags/tutorial_taskflow_api.py
[2024-05-12T20:35:00.519+0500] {logging_mixin.py:188} INFO - [2024-05-12T20:35:00.519+0500] {dag.py:3096} INFO - Sync 1 DAGs
[2024-05-12T20:35:00.528+0500] {logging_mixin.py:188} INFO - [2024-05-12T20:35:00.528+0500] {dag.py:3954} INFO - Setting next_dagrun for tutorial_taskflow_api to None, run_after=None
[2024-05-12T20:35:00.555+0500] {processor.py:183} INFO - Processing /home/awahab02/mlops_assignment_2/myenv/lib/python3.10/site-packages/airflow/example_dags/tutorial_taskflow_api.py took 0.061 seconds
[2024-05-12T20:35:45.441+0500] {processor.py:161} INFO - Started process (PID=14928) to work on /home/awahab02/mlops_assignment_2/myenv/lib/python3.10/site-packages/airflow/example_dags/tutorial_taskflow_api.py
[2024-05-12T20:35:45.487+0500] {processor.py:830} INFO - Processing file /home/awahab02/mlops_assignment_2/myenv/lib/python3.10/site-packages/airflow/example_dags/tutorial_taskflow_api.py for tasks to queue
[2024-05-12T20:35:45.488+0500] {logging_mixin.py:188} INFO - [2024-05-12T20:35:45.488+0500] {dagbag.py:545} INFO - Filling up the DagBag from /home/awahab02/mlops_assignment_2/myenv/lib/python3.10/site-packages/airflow/example_dags/tutorial_taskflow_api.py
[2024-05-12T20:35:45.493+0500] {processor.py:840} INFO - DAG(s) 'tutorial_taskflow_api' retrieved from /home/awahab02/mlops_assignment_2/myenv/lib/python3.10/site-packages/airflow/example_dags/tutorial_taskflow_api.py
[2024-05-12T20:35:45.505+0500] {logging_mixin.py:188} INFO - [2024-05-12T20:35:45.505+0500] {dag.py:3096} INFO - Sync 1 DAGs
[2024-05-12T20:35:45.514+0500] {logging_mixin.py:188} INFO - [2024-05-12T20:35:45.514+0500] {dag.py:3954} INFO - Setting next_dagrun for tutorial_taskflow_api to None, run_after=None
[2024-05-12T20:35:45.542+0500] {processor.py:183} INFO - Processing /home/awahab02/mlops_assignment_2/myenv/lib/python3.10/site-packages/airflow/example_dags/tutorial_taskflow_api.py took 0.108 seconds
[2024-05-12T20:36:32.774+0500] {processor.py:161} INFO - Started process (PID=15173) to work on /home/awahab02/mlops_assignment_2/myenv/lib/python3.10/site-packages/airflow/example_dags/tutorial_taskflow_api.py
[2024-05-12T20:36:32.776+0500] {processor.py:830} INFO - Processing file /home/awahab02/mlops_assignment_2/myenv/lib/python3.10/site-packages/airflow/example_dags/tutorial_taskflow_api.py for tasks to queue
[2024-05-12T20:36:32.777+0500] {logging_mixin.py:188} INFO - [2024-05-12T20:36:32.776+0500] {dagbag.py:545} INFO - Filling up the DagBag from /home/awahab02/mlops_assignment_2/myenv/lib/python3.10/site-packages/airflow/example_dags/tutorial_taskflow_api.py
[2024-05-12T20:36:32.782+0500] {processor.py:840} INFO - DAG(s) 'tutorial_taskflow_api' retrieved from /home/awahab02/mlops_assignment_2/myenv/lib/python3.10/site-packages/airflow/example_dags/tutorial_taskflow_api.py
[2024-05-12T20:36:32.796+0500] {logging_mixin.py:188} INFO - [2024-05-12T20:36:32.796+0500] {dag.py:3096} INFO - Sync 1 DAGs
[2024-05-12T20:36:32.805+0500] {logging_mixin.py:188} INFO - [2024-05-12T20:36:32.804+0500] {dag.py:3954} INFO - Setting next_dagrun for tutorial_taskflow_api to None, run_after=None
[2024-05-12T20:36:32.831+0500] {processor.py:183} INFO - Processing /home/awahab02/mlops_assignment_2/myenv/lib/python3.10/site-packages/airflow/example_dags/tutorial_taskflow_api.py took 0.062 seconds
[2024-05-12T20:37:17.340+0500] {processor.py:161} INFO - Started process (PID=15422) to work on /home/awahab02/mlops_assignment_2/myenv/lib/python3.10/site-packages/airflow/example_dags/tutorial_taskflow_api.py
[2024-05-12T20:37:17.366+0500] {processor.py:830} INFO - Processing file /home/awahab02/mlops_assignment_2/myenv/lib/python3.10/site-packages/airflow/example_dags/tutorial_taskflow_api.py for tasks to queue
[2024-05-12T20:37:17.367+0500] {logging_mixin.py:188} INFO - [2024-05-12T20:37:17.366+0500] {dagbag.py:545} INFO - Filling up the DagBag from /home/awahab02/mlops_assignment_2/myenv/lib/python3.10/site-packages/airflow/example_dags/tutorial_taskflow_api.py
[2024-05-12T20:37:17.374+0500] {processor.py:840} INFO - DAG(s) 'tutorial_taskflow_api' retrieved from /home/awahab02/mlops_assignment_2/myenv/lib/python3.10/site-packages/airflow/example_dags/tutorial_taskflow_api.py
[2024-05-12T20:37:17.387+0500] {logging_mixin.py:188} INFO - [2024-05-12T20:37:17.386+0500] {dag.py:3096} INFO - Sync 1 DAGs
[2024-05-12T20:37:17.396+0500] {logging_mixin.py:188} INFO - [2024-05-12T20:37:17.396+0500] {dag.py:3954} INFO - Setting next_dagrun for tutorial_taskflow_api to None, run_after=None
[2024-05-12T20:37:17.425+0500] {processor.py:183} INFO - Processing /home/awahab02/mlops_assignment_2/myenv/lib/python3.10/site-packages/airflow/example_dags/tutorial_taskflow_api.py took 0.091 seconds
[2024-05-12T20:38:29.811+0500] {processor.py:161} INFO - Started process (PID=16011) to work on /home/awahab02/mlops_assignment_2/myenv/lib/python3.10/site-packages/airflow/example_dags/tutorial_taskflow_api.py
[2024-05-12T20:38:29.814+0500] {processor.py:830} INFO - Processing file /home/awahab02/mlops_assignment_2/myenv/lib/python3.10/site-packages/airflow/example_dags/tutorial_taskflow_api.py for tasks to queue
[2024-05-12T20:38:29.815+0500] {logging_mixin.py:188} INFO - [2024-05-12T20:38:29.814+0500] {dagbag.py:545} INFO - Filling up the DagBag from /home/awahab02/mlops_assignment_2/myenv/lib/python3.10/site-packages/airflow/example_dags/tutorial_taskflow_api.py
[2024-05-12T20:38:29.819+0500] {processor.py:840} INFO - DAG(s) 'tutorial_taskflow_api' retrieved from /home/awahab02/mlops_assignment_2/myenv/lib/python3.10/site-packages/airflow/example_dags/tutorial_taskflow_api.py
[2024-05-12T20:38:29.837+0500] {logging_mixin.py:188} INFO - [2024-05-12T20:38:29.837+0500] {dag.py:3096} INFO - Sync 1 DAGs
[2024-05-12T20:38:29.846+0500] {logging_mixin.py:188} INFO - [2024-05-12T20:38:29.845+0500] {dag.py:3954} INFO - Setting next_dagrun for tutorial_taskflow_api to None, run_after=None
[2024-05-12T20:38:29.870+0500] {processor.py:183} INFO - Processing /home/awahab02/mlops_assignment_2/myenv/lib/python3.10/site-packages/airflow/example_dags/tutorial_taskflow_api.py took 0.063 seconds
[2024-05-12T20:39:34.072+0500] {processor.py:161} INFO - Started process (PID=16494) to work on /home/awahab02/mlops_assignment_2/myenv/lib/python3.10/site-packages/airflow/example_dags/tutorial_taskflow_api.py
[2024-05-12T20:39:34.074+0500] {processor.py:830} INFO - Processing file /home/awahab02/mlops_assignment_2/myenv/lib/python3.10/site-packages/airflow/example_dags/tutorial_taskflow_api.py for tasks to queue
[2024-05-12T20:39:34.075+0500] {logging_mixin.py:188} INFO - [2024-05-12T20:39:34.075+0500] {dagbag.py:545} INFO - Filling up the DagBag from /home/awahab02/mlops_assignment_2/myenv/lib/python3.10/site-packages/airflow/example_dags/tutorial_taskflow_api.py
[2024-05-12T20:39:34.081+0500] {processor.py:840} INFO - DAG(s) 'tutorial_taskflow_api' retrieved from /home/awahab02/mlops_assignment_2/myenv/lib/python3.10/site-packages/airflow/example_dags/tutorial_taskflow_api.py
[2024-05-12T20:39:34.094+0500] {logging_mixin.py:188} INFO - [2024-05-12T20:39:34.094+0500] {dag.py:3096} INFO - Sync 1 DAGs
[2024-05-12T20:39:34.103+0500] {logging_mixin.py:188} INFO - [2024-05-12T20:39:34.103+0500] {dag.py:3954} INFO - Setting next_dagrun for tutorial_taskflow_api to None, run_after=None
[2024-05-12T20:39:34.130+0500] {processor.py:183} INFO - Processing /home/awahab02/mlops_assignment_2/myenv/lib/python3.10/site-packages/airflow/example_dags/tutorial_taskflow_api.py took 0.064 seconds
[2024-05-12T20:40:20.337+0500] {processor.py:161} INFO - Started process (PID=16800) to work on /home/awahab02/mlops_assignment_2/myenv/lib/python3.10/site-packages/airflow/example_dags/tutorial_taskflow_api.py
[2024-05-12T20:40:20.354+0500] {processor.py:830} INFO - Processing file /home/awahab02/mlops_assignment_2/myenv/lib/python3.10/site-packages/airflow/example_dags/tutorial_taskflow_api.py for tasks to queue
[2024-05-12T20:40:20.355+0500] {logging_mixin.py:188} INFO - [2024-05-12T20:40:20.355+0500] {dagbag.py:545} INFO - Filling up the DagBag from /home/awahab02/mlops_assignment_2/myenv/lib/python3.10/site-packages/airflow/example_dags/tutorial_taskflow_api.py
[2024-05-12T20:40:20.361+0500] {processor.py:840} INFO - DAG(s) 'tutorial_taskflow_api' retrieved from /home/awahab02/mlops_assignment_2/myenv/lib/python3.10/site-packages/airflow/example_dags/tutorial_taskflow_api.py
[2024-05-12T20:40:20.374+0500] {logging_mixin.py:188} INFO - [2024-05-12T20:40:20.373+0500] {dag.py:3096} INFO - Sync 1 DAGs
[2024-05-12T20:40:20.384+0500] {logging_mixin.py:188} INFO - [2024-05-12T20:40:20.384+0500] {dag.py:3954} INFO - Setting next_dagrun for tutorial_taskflow_api to None, run_after=None
[2024-05-12T20:40:20.418+0500] {processor.py:183} INFO - Processing /home/awahab02/mlops_assignment_2/myenv/lib/python3.10/site-packages/airflow/example_dags/tutorial_taskflow_api.py took 0.087 seconds
[2024-05-12T20:41:05.279+0500] {processor.py:161} INFO - Started process (PID=17130) to work on /home/awahab02/mlops_assignment_2/myenv/lib/python3.10/site-packages/airflow/example_dags/tutorial_taskflow_api.py
[2024-05-12T20:41:05.330+0500] {processor.py:830} INFO - Processing file /home/awahab02/mlops_assignment_2/myenv/lib/python3.10/site-packages/airflow/example_dags/tutorial_taskflow_api.py for tasks to queue
[2024-05-12T20:41:05.331+0500] {logging_mixin.py:188} INFO - [2024-05-12T20:41:05.331+0500] {dagbag.py:545} INFO - Filling up the DagBag from /home/awahab02/mlops_assignment_2/myenv/lib/python3.10/site-packages/airflow/example_dags/tutorial_taskflow_api.py
[2024-05-12T20:41:05.336+0500] {processor.py:840} INFO - DAG(s) 'tutorial_taskflow_api' retrieved from /home/awahab02/mlops_assignment_2/myenv/lib/python3.10/site-packages/airflow/example_dags/tutorial_taskflow_api.py
[2024-05-12T20:41:05.349+0500] {logging_mixin.py:188} INFO - [2024-05-12T20:41:05.348+0500] {dag.py:3096} INFO - Sync 1 DAGs
[2024-05-12T20:41:05.358+0500] {logging_mixin.py:188} INFO - [2024-05-12T20:41:05.358+0500] {dag.py:3954} INFO - Setting next_dagrun for tutorial_taskflow_api to None, run_after=None
[2024-05-12T20:41:05.385+0500] {processor.py:183} INFO - Processing /home/awahab02/mlops_assignment_2/myenv/lib/python3.10/site-packages/airflow/example_dags/tutorial_taskflow_api.py took 0.112 seconds
