[2024-05-12T20:20:23.698+0500] {processor.py:161} INFO - Started process (PID=9137) to work on /home/awahab02/mlops_assignment_2/myenv/lib/python3.10/site-packages/airflow/example_dags/tutorial_objectstorage.py
[2024-05-12T20:20:23.699+0500] {processor.py:830} INFO - Processing file /home/awahab02/mlops_assignment_2/myenv/lib/python3.10/site-packages/airflow/example_dags/tutorial_objectstorage.py for tasks to queue
[2024-05-12T20:20:23.700+0500] {logging_mixin.py:188} INFO - [2024-05-12T20:20:23.700+0500] {dagbag.py:545} INFO - Filling up the DagBag from /home/awahab02/mlops_assignment_2/myenv/lib/python3.10/site-packages/airflow/example_dags/tutorial_objectstorage.py
[2024-05-12T20:20:23.707+0500] {processor.py:840} INFO - DAG(s) 'tutorial_objectstorage' retrieved from /home/awahab02/mlops_assignment_2/myenv/lib/python3.10/site-packages/airflow/example_dags/tutorial_objectstorage.py
[2024-05-12T20:20:23.841+0500] {logging_mixin.py:188} INFO - [2024-05-12T20:20:23.840+0500] {override.py:1829} INFO - Created Permission View: can read on DAG:tutorial_objectstorage
[2024-05-12T20:20:23.857+0500] {logging_mixin.py:188} INFO - [2024-05-12T20:20:23.857+0500] {override.py:1829} INFO - Created Permission View: can edit on DAG:tutorial_objectstorage
[2024-05-12T20:20:23.871+0500] {logging_mixin.py:188} INFO - [2024-05-12T20:20:23.871+0500] {override.py:1829} INFO - Created Permission View: can delete on DAG:tutorial_objectstorage
[2024-05-12T20:20:23.871+0500] {logging_mixin.py:188} INFO - [2024-05-12T20:20:23.871+0500] {dag.py:3096} INFO - Sync 1 DAGs
[2024-05-12T20:20:23.879+0500] {logging_mixin.py:188} INFO - [2024-05-12T20:20:23.878+0500] {dag.py:3118} INFO - Creating ORM DAG for tutorial_objectstorage
[2024-05-12T20:20:23.879+0500] {logging_mixin.py:188} INFO - [2024-05-12T20:20:23.879+0500] {dag.py:3954} INFO - Setting next_dagrun for tutorial_objectstorage to None, run_after=None
[2024-05-12T20:20:23.907+0500] {processor.py:183} INFO - Processing /home/awahab02/mlops_assignment_2/myenv/lib/python3.10/site-packages/airflow/example_dags/tutorial_objectstorage.py took 0.213 seconds
[2024-05-12T20:21:23.049+0500] {processor.py:161} INFO - Started process (PID=9538) to work on /home/awahab02/mlops_assignment_2/myenv/lib/python3.10/site-packages/airflow/example_dags/tutorial_objectstorage.py
[2024-05-12T20:21:23.072+0500] {processor.py:830} INFO - Processing file /home/awahab02/mlops_assignment_2/myenv/lib/python3.10/site-packages/airflow/example_dags/tutorial_objectstorage.py for tasks to queue
[2024-05-12T20:21:23.074+0500] {logging_mixin.py:188} INFO - [2024-05-12T20:21:23.074+0500] {dagbag.py:545} INFO - Filling up the DagBag from /home/awahab02/mlops_assignment_2/myenv/lib/python3.10/site-packages/airflow/example_dags/tutorial_objectstorage.py
[2024-05-12T20:21:23.083+0500] {processor.py:840} INFO - DAG(s) 'tutorial_objectstorage' retrieved from /home/awahab02/mlops_assignment_2/myenv/lib/python3.10/site-packages/airflow/example_dags/tutorial_objectstorage.py
[2024-05-12T20:21:23.103+0500] {logging_mixin.py:188} INFO - [2024-05-12T20:21:23.102+0500] {dag.py:3096} INFO - Sync 1 DAGs
[2024-05-12T20:21:23.118+0500] {logging_mixin.py:188} INFO - [2024-05-12T20:21:23.117+0500] {dag.py:3954} INFO - Setting next_dagrun for tutorial_objectstorage to None, run_after=None
[2024-05-12T20:21:23.146+0500] {processor.py:183} INFO - Processing /home/awahab02/mlops_assignment_2/myenv/lib/python3.10/site-packages/airflow/example_dags/tutorial_objectstorage.py took 0.102 seconds
[2024-05-12T20:22:10.704+0500] {processor.py:161} INFO - Started process (PID=9726) to work on /home/awahab02/mlops_assignment_2/myenv/lib/python3.10/site-packages/airflow/example_dags/tutorial_objectstorage.py
[2024-05-12T20:22:10.733+0500] {processor.py:830} INFO - Processing file /home/awahab02/mlops_assignment_2/myenv/lib/python3.10/site-packages/airflow/example_dags/tutorial_objectstorage.py for tasks to queue
[2024-05-12T20:22:10.735+0500] {logging_mixin.py:188} INFO - [2024-05-12T20:22:10.734+0500] {dagbag.py:545} INFO - Filling up the DagBag from /home/awahab02/mlops_assignment_2/myenv/lib/python3.10/site-packages/airflow/example_dags/tutorial_objectstorage.py
[2024-05-12T20:22:10.742+0500] {processor.py:840} INFO - DAG(s) 'tutorial_objectstorage' retrieved from /home/awahab02/mlops_assignment_2/myenv/lib/python3.10/site-packages/airflow/example_dags/tutorial_objectstorage.py
[2024-05-12T20:22:10.754+0500] {logging_mixin.py:188} INFO - [2024-05-12T20:22:10.754+0500] {dag.py:3096} INFO - Sync 1 DAGs
[2024-05-12T20:22:10.764+0500] {logging_mixin.py:188} INFO - [2024-05-12T20:22:10.764+0500] {dag.py:3954} INFO - Setting next_dagrun for tutorial_objectstorage to None, run_after=None
[2024-05-12T20:22:10.788+0500] {processor.py:183} INFO - Processing /home/awahab02/mlops_assignment_2/myenv/lib/python3.10/site-packages/airflow/example_dags/tutorial_objectstorage.py took 0.090 seconds
[2024-05-12T20:22:50.116+0500] {processor.py:161} INFO - Started process (PID=9913) to work on /home/awahab02/mlops_assignment_2/myenv/lib/python3.10/site-packages/airflow/example_dags/tutorial_objectstorage.py
[2024-05-12T20:22:50.118+0500] {processor.py:830} INFO - Processing file /home/awahab02/mlops_assignment_2/myenv/lib/python3.10/site-packages/airflow/example_dags/tutorial_objectstorage.py for tasks to queue
[2024-05-12T20:22:50.120+0500] {logging_mixin.py:188} INFO - [2024-05-12T20:22:50.119+0500] {dagbag.py:545} INFO - Filling up the DagBag from /home/awahab02/mlops_assignment_2/myenv/lib/python3.10/site-packages/airflow/example_dags/tutorial_objectstorage.py
[2024-05-12T20:22:50.126+0500] {processor.py:840} INFO - DAG(s) 'tutorial_objectstorage' retrieved from /home/awahab02/mlops_assignment_2/myenv/lib/python3.10/site-packages/airflow/example_dags/tutorial_objectstorage.py
[2024-05-12T20:22:50.139+0500] {logging_mixin.py:188} INFO - [2024-05-12T20:22:50.139+0500] {dag.py:3096} INFO - Sync 1 DAGs
[2024-05-12T20:22:50.151+0500] {logging_mixin.py:188} INFO - [2024-05-12T20:22:50.151+0500] {dag.py:3954} INFO - Setting next_dagrun for tutorial_objectstorage to None, run_after=None
[2024-05-12T20:22:50.180+0500] {processor.py:183} INFO - Processing /home/awahab02/mlops_assignment_2/myenv/lib/python3.10/site-packages/airflow/example_dags/tutorial_objectstorage.py took 0.071 seconds
[2024-05-12T20:23:28.473+0500] {processor.py:161} INFO - Started process (PID=10284) to work on /home/awahab02/mlops_assignment_2/myenv/lib/python3.10/site-packages/airflow/example_dags/tutorial_objectstorage.py
[2024-05-12T20:23:28.501+0500] {processor.py:830} INFO - Processing file /home/awahab02/mlops_assignment_2/myenv/lib/python3.10/site-packages/airflow/example_dags/tutorial_objectstorage.py for tasks to queue
[2024-05-12T20:23:28.502+0500] {logging_mixin.py:188} INFO - [2024-05-12T20:23:28.502+0500] {dagbag.py:545} INFO - Filling up the DagBag from /home/awahab02/mlops_assignment_2/myenv/lib/python3.10/site-packages/airflow/example_dags/tutorial_objectstorage.py
[2024-05-12T20:23:28.508+0500] {processor.py:840} INFO - DAG(s) 'tutorial_objectstorage' retrieved from /home/awahab02/mlops_assignment_2/myenv/lib/python3.10/site-packages/airflow/example_dags/tutorial_objectstorage.py
[2024-05-12T20:23:28.519+0500] {logging_mixin.py:188} INFO - [2024-05-12T20:23:28.519+0500] {dag.py:3096} INFO - Sync 1 DAGs
[2024-05-12T20:23:28.528+0500] {logging_mixin.py:188} INFO - [2024-05-12T20:23:28.528+0500] {dag.py:3954} INFO - Setting next_dagrun for tutorial_objectstorage to None, run_after=None
[2024-05-12T20:23:28.557+0500] {processor.py:183} INFO - Processing /home/awahab02/mlops_assignment_2/myenv/lib/python3.10/site-packages/airflow/example_dags/tutorial_objectstorage.py took 0.089 seconds
[2024-05-12T20:24:09.865+0500] {processor.py:161} INFO - Started process (PID=10531) to work on /home/awahab02/mlops_assignment_2/myenv/lib/python3.10/site-packages/airflow/example_dags/tutorial_objectstorage.py
[2024-05-12T20:24:09.867+0500] {processor.py:830} INFO - Processing file /home/awahab02/mlops_assignment_2/myenv/lib/python3.10/site-packages/airflow/example_dags/tutorial_objectstorage.py for tasks to queue
[2024-05-12T20:24:09.869+0500] {logging_mixin.py:188} INFO - [2024-05-12T20:24:09.868+0500] {dagbag.py:545} INFO - Filling up the DagBag from /home/awahab02/mlops_assignment_2/myenv/lib/python3.10/site-packages/airflow/example_dags/tutorial_objectstorage.py
[2024-05-12T20:24:09.875+0500] {processor.py:840} INFO - DAG(s) 'tutorial_objectstorage' retrieved from /home/awahab02/mlops_assignment_2/myenv/lib/python3.10/site-packages/airflow/example_dags/tutorial_objectstorage.py
[2024-05-12T20:24:09.886+0500] {logging_mixin.py:188} INFO - [2024-05-12T20:24:09.886+0500] {dag.py:3096} INFO - Sync 1 DAGs
[2024-05-12T20:24:09.895+0500] {logging_mixin.py:188} INFO - [2024-05-12T20:24:09.895+0500] {dag.py:3954} INFO - Setting next_dagrun for tutorial_objectstorage to None, run_after=None
[2024-05-12T20:24:09.921+0500] {processor.py:183} INFO - Processing /home/awahab02/mlops_assignment_2/myenv/lib/python3.10/site-packages/airflow/example_dags/tutorial_objectstorage.py took 0.061 seconds
[2024-05-12T20:24:48.725+0500] {processor.py:161} INFO - Started process (PID=10720) to work on /home/awahab02/mlops_assignment_2/myenv/lib/python3.10/site-packages/airflow/example_dags/tutorial_objectstorage.py
[2024-05-12T20:24:48.757+0500] {processor.py:830} INFO - Processing file /home/awahab02/mlops_assignment_2/myenv/lib/python3.10/site-packages/airflow/example_dags/tutorial_objectstorage.py for tasks to queue
[2024-05-12T20:24:48.758+0500] {logging_mixin.py:188} INFO - [2024-05-12T20:24:48.758+0500] {dagbag.py:545} INFO - Filling up the DagBag from /home/awahab02/mlops_assignment_2/myenv/lib/python3.10/site-packages/airflow/example_dags/tutorial_objectstorage.py
[2024-05-12T20:24:48.764+0500] {processor.py:840} INFO - DAG(s) 'tutorial_objectstorage' retrieved from /home/awahab02/mlops_assignment_2/myenv/lib/python3.10/site-packages/airflow/example_dags/tutorial_objectstorage.py
[2024-05-12T20:24:48.778+0500] {logging_mixin.py:188} INFO - [2024-05-12T20:24:48.778+0500] {dag.py:3096} INFO - Sync 1 DAGs
[2024-05-12T20:24:48.789+0500] {logging_mixin.py:188} INFO - [2024-05-12T20:24:48.789+0500] {dag.py:3954} INFO - Setting next_dagrun for tutorial_objectstorage to None, run_after=None
[2024-05-12T20:24:48.814+0500] {processor.py:183} INFO - Processing /home/awahab02/mlops_assignment_2/myenv/lib/python3.10/site-packages/airflow/example_dags/tutorial_objectstorage.py took 0.097 seconds
[2024-05-12T20:25:29.301+0500] {processor.py:161} INFO - Started process (PID=10898) to work on /home/awahab02/mlops_assignment_2/myenv/lib/python3.10/site-packages/airflow/example_dags/tutorial_objectstorage.py
[2024-05-12T20:25:29.303+0500] {processor.py:830} INFO - Processing file /home/awahab02/mlops_assignment_2/myenv/lib/python3.10/site-packages/airflow/example_dags/tutorial_objectstorage.py for tasks to queue
[2024-05-12T20:25:29.305+0500] {logging_mixin.py:188} INFO - [2024-05-12T20:25:29.305+0500] {dagbag.py:545} INFO - Filling up the DagBag from /home/awahab02/mlops_assignment_2/myenv/lib/python3.10/site-packages/airflow/example_dags/tutorial_objectstorage.py
[2024-05-12T20:25:29.311+0500] {processor.py:840} INFO - DAG(s) 'tutorial_objectstorage' retrieved from /home/awahab02/mlops_assignment_2/myenv/lib/python3.10/site-packages/airflow/example_dags/tutorial_objectstorage.py
[2024-05-12T20:25:29.324+0500] {logging_mixin.py:188} INFO - [2024-05-12T20:25:29.323+0500] {dag.py:3096} INFO - Sync 1 DAGs
[2024-05-12T20:25:29.333+0500] {logging_mixin.py:188} INFO - [2024-05-12T20:25:29.333+0500] {dag.py:3954} INFO - Setting next_dagrun for tutorial_objectstorage to None, run_after=None
[2024-05-12T20:25:29.358+0500] {processor.py:183} INFO - Processing /home/awahab02/mlops_assignment_2/myenv/lib/python3.10/site-packages/airflow/example_dags/tutorial_objectstorage.py took 0.064 seconds
[2024-05-12T20:26:11.617+0500] {processor.py:161} INFO - Started process (PID=11123) to work on /home/awahab02/mlops_assignment_2/myenv/lib/python3.10/site-packages/airflow/example_dags/tutorial_objectstorage.py
[2024-05-12T20:26:11.649+0500] {processor.py:830} INFO - Processing file /home/awahab02/mlops_assignment_2/myenv/lib/python3.10/site-packages/airflow/example_dags/tutorial_objectstorage.py for tasks to queue
[2024-05-12T20:26:11.650+0500] {logging_mixin.py:188} INFO - [2024-05-12T20:26:11.650+0500] {dagbag.py:545} INFO - Filling up the DagBag from /home/awahab02/mlops_assignment_2/myenv/lib/python3.10/site-packages/airflow/example_dags/tutorial_objectstorage.py
[2024-05-12T20:26:11.656+0500] {processor.py:840} INFO - DAG(s) 'tutorial_objectstorage' retrieved from /home/awahab02/mlops_assignment_2/myenv/lib/python3.10/site-packages/airflow/example_dags/tutorial_objectstorage.py
[2024-05-12T20:26:11.668+0500] {logging_mixin.py:188} INFO - [2024-05-12T20:26:11.668+0500] {dag.py:3096} INFO - Sync 1 DAGs
[2024-05-12T20:26:11.677+0500] {logging_mixin.py:188} INFO - [2024-05-12T20:26:11.677+0500] {dag.py:3954} INFO - Setting next_dagrun for tutorial_objectstorage to None, run_after=None
[2024-05-12T20:26:11.704+0500] {processor.py:183} INFO - Processing /home/awahab02/mlops_assignment_2/myenv/lib/python3.10/site-packages/airflow/example_dags/tutorial_objectstorage.py took 0.092 seconds
[2024-05-12T20:26:54.374+0500] {processor.py:161} INFO - Started process (PID=11469) to work on /home/awahab02/mlops_assignment_2/myenv/lib/python3.10/site-packages/airflow/example_dags/tutorial_objectstorage.py
[2024-05-12T20:26:54.401+0500] {processor.py:830} INFO - Processing file /home/awahab02/mlops_assignment_2/myenv/lib/python3.10/site-packages/airflow/example_dags/tutorial_objectstorage.py for tasks to queue
[2024-05-12T20:26:54.402+0500] {logging_mixin.py:188} INFO - [2024-05-12T20:26:54.402+0500] {dagbag.py:545} INFO - Filling up the DagBag from /home/awahab02/mlops_assignment_2/myenv/lib/python3.10/site-packages/airflow/example_dags/tutorial_objectstorage.py
[2024-05-12T20:26:54.408+0500] {processor.py:840} INFO - DAG(s) 'tutorial_objectstorage' retrieved from /home/awahab02/mlops_assignment_2/myenv/lib/python3.10/site-packages/airflow/example_dags/tutorial_objectstorage.py
[2024-05-12T20:26:54.419+0500] {logging_mixin.py:188} INFO - [2024-05-12T20:26:54.419+0500] {dag.py:3096} INFO - Sync 1 DAGs
[2024-05-12T20:26:54.429+0500] {logging_mixin.py:188} INFO - [2024-05-12T20:26:54.428+0500] {dag.py:3954} INFO - Setting next_dagrun for tutorial_objectstorage to None, run_after=None
[2024-05-12T20:26:54.456+0500] {processor.py:183} INFO - Processing /home/awahab02/mlops_assignment_2/myenv/lib/python3.10/site-packages/airflow/example_dags/tutorial_objectstorage.py took 0.087 seconds
[2024-05-12T20:27:34.160+0500] {processor.py:161} INFO - Started process (PID=11786) to work on /home/awahab02/mlops_assignment_2/myenv/lib/python3.10/site-packages/airflow/example_dags/tutorial_objectstorage.py
[2024-05-12T20:27:34.204+0500] {processor.py:830} INFO - Processing file /home/awahab02/mlops_assignment_2/myenv/lib/python3.10/site-packages/airflow/example_dags/tutorial_objectstorage.py for tasks to queue
[2024-05-12T20:27:34.206+0500] {logging_mixin.py:188} INFO - [2024-05-12T20:27:34.206+0500] {dagbag.py:545} INFO - Filling up the DagBag from /home/awahab02/mlops_assignment_2/myenv/lib/python3.10/site-packages/airflow/example_dags/tutorial_objectstorage.py
[2024-05-12T20:27:34.214+0500] {processor.py:840} INFO - DAG(s) 'tutorial_objectstorage' retrieved from /home/awahab02/mlops_assignment_2/myenv/lib/python3.10/site-packages/airflow/example_dags/tutorial_objectstorage.py
[2024-05-12T20:27:34.230+0500] {logging_mixin.py:188} INFO - [2024-05-12T20:27:34.230+0500] {dag.py:3096} INFO - Sync 1 DAGs
[2024-05-12T20:27:34.241+0500] {logging_mixin.py:188} INFO - [2024-05-12T20:27:34.241+0500] {dag.py:3954} INFO - Setting next_dagrun for tutorial_objectstorage to None, run_after=None
[2024-05-12T20:27:34.266+0500] {processor.py:183} INFO - Processing /home/awahab02/mlops_assignment_2/myenv/lib/python3.10/site-packages/airflow/example_dags/tutorial_objectstorage.py took 0.111 seconds
[2024-05-12T20:28:26.452+0500] {processor.py:161} INFO - Started process (PID=12142) to work on /home/awahab02/mlops_assignment_2/myenv/lib/python3.10/site-packages/airflow/example_dags/tutorial_objectstorage.py
[2024-05-12T20:28:26.497+0500] {processor.py:830} INFO - Processing file /home/awahab02/mlops_assignment_2/myenv/lib/python3.10/site-packages/airflow/example_dags/tutorial_objectstorage.py for tasks to queue
[2024-05-12T20:28:26.499+0500] {logging_mixin.py:188} INFO - [2024-05-12T20:28:26.498+0500] {dagbag.py:545} INFO - Filling up the DagBag from /home/awahab02/mlops_assignment_2/myenv/lib/python3.10/site-packages/airflow/example_dags/tutorial_objectstorage.py
[2024-05-12T20:28:26.505+0500] {processor.py:840} INFO - DAG(s) 'tutorial_objectstorage' retrieved from /home/awahab02/mlops_assignment_2/myenv/lib/python3.10/site-packages/airflow/example_dags/tutorial_objectstorage.py
[2024-05-12T20:28:26.515+0500] {logging_mixin.py:188} INFO - [2024-05-12T20:28:26.515+0500] {dag.py:3096} INFO - Sync 1 DAGs
[2024-05-12T20:28:26.525+0500] {logging_mixin.py:188} INFO - [2024-05-12T20:28:26.525+0500] {dag.py:3954} INFO - Setting next_dagrun for tutorial_objectstorage to None, run_after=None
[2024-05-12T20:28:26.549+0500] {processor.py:183} INFO - Processing /home/awahab02/mlops_assignment_2/myenv/lib/python3.10/site-packages/airflow/example_dags/tutorial_objectstorage.py took 0.102 seconds
[2024-05-12T20:29:11.781+0500] {processor.py:161} INFO - Started process (PID=12357) to work on /home/awahab02/mlops_assignment_2/myenv/lib/python3.10/site-packages/airflow/example_dags/tutorial_objectstorage.py
[2024-05-12T20:29:11.804+0500] {processor.py:830} INFO - Processing file /home/awahab02/mlops_assignment_2/myenv/lib/python3.10/site-packages/airflow/example_dags/tutorial_objectstorage.py for tasks to queue
[2024-05-12T20:29:11.805+0500] {logging_mixin.py:188} INFO - [2024-05-12T20:29:11.805+0500] {dagbag.py:545} INFO - Filling up the DagBag from /home/awahab02/mlops_assignment_2/myenv/lib/python3.10/site-packages/airflow/example_dags/tutorial_objectstorage.py
[2024-05-12T20:29:11.811+0500] {processor.py:840} INFO - DAG(s) 'tutorial_objectstorage' retrieved from /home/awahab02/mlops_assignment_2/myenv/lib/python3.10/site-packages/airflow/example_dags/tutorial_objectstorage.py
[2024-05-12T20:29:11.824+0500] {logging_mixin.py:188} INFO - [2024-05-12T20:29:11.823+0500] {dag.py:3096} INFO - Sync 1 DAGs
[2024-05-12T20:29:11.833+0500] {logging_mixin.py:188} INFO - [2024-05-12T20:29:11.833+0500] {dag.py:3954} INFO - Setting next_dagrun for tutorial_objectstorage to None, run_after=None
[2024-05-12T20:29:11.858+0500] {processor.py:183} INFO - Processing /home/awahab02/mlops_assignment_2/myenv/lib/python3.10/site-packages/airflow/example_dags/tutorial_objectstorage.py took 0.082 seconds
[2024-05-12T20:29:58.089+0500] {processor.py:161} INFO - Started process (PID=12687) to work on /home/awahab02/mlops_assignment_2/myenv/lib/python3.10/site-packages/airflow/example_dags/tutorial_objectstorage.py
[2024-05-12T20:29:58.106+0500] {processor.py:830} INFO - Processing file /home/awahab02/mlops_assignment_2/myenv/lib/python3.10/site-packages/airflow/example_dags/tutorial_objectstorage.py for tasks to queue
[2024-05-12T20:29:58.108+0500] {logging_mixin.py:188} INFO - [2024-05-12T20:29:58.108+0500] {dagbag.py:545} INFO - Filling up the DagBag from /home/awahab02/mlops_assignment_2/myenv/lib/python3.10/site-packages/airflow/example_dags/tutorial_objectstorage.py
[2024-05-12T20:29:58.114+0500] {processor.py:840} INFO - DAG(s) 'tutorial_objectstorage' retrieved from /home/awahab02/mlops_assignment_2/myenv/lib/python3.10/site-packages/airflow/example_dags/tutorial_objectstorage.py
[2024-05-12T20:29:58.125+0500] {logging_mixin.py:188} INFO - [2024-05-12T20:29:58.125+0500] {dag.py:3096} INFO - Sync 1 DAGs
[2024-05-12T20:29:58.135+0500] {logging_mixin.py:188} INFO - [2024-05-12T20:29:58.135+0500] {dag.py:3954} INFO - Setting next_dagrun for tutorial_objectstorage to None, run_after=None
[2024-05-12T20:29:58.159+0500] {processor.py:183} INFO - Processing /home/awahab02/mlops_assignment_2/myenv/lib/python3.10/site-packages/airflow/example_dags/tutorial_objectstorage.py took 0.075 seconds
[2024-05-12T20:30:42.337+0500] {processor.py:161} INFO - Started process (PID=13066) to work on /home/awahab02/mlops_assignment_2/myenv/lib/python3.10/site-packages/airflow/example_dags/tutorial_objectstorage.py
[2024-05-12T20:30:42.339+0500] {processor.py:830} INFO - Processing file /home/awahab02/mlops_assignment_2/myenv/lib/python3.10/site-packages/airflow/example_dags/tutorial_objectstorage.py for tasks to queue
[2024-05-12T20:30:42.340+0500] {logging_mixin.py:188} INFO - [2024-05-12T20:30:42.340+0500] {dagbag.py:545} INFO - Filling up the DagBag from /home/awahab02/mlops_assignment_2/myenv/lib/python3.10/site-packages/airflow/example_dags/tutorial_objectstorage.py
[2024-05-12T20:30:42.346+0500] {processor.py:840} INFO - DAG(s) 'tutorial_objectstorage' retrieved from /home/awahab02/mlops_assignment_2/myenv/lib/python3.10/site-packages/airflow/example_dags/tutorial_objectstorage.py
[2024-05-12T20:30:42.357+0500] {logging_mixin.py:188} INFO - [2024-05-12T20:30:42.357+0500] {dag.py:3096} INFO - Sync 1 DAGs
[2024-05-12T20:30:42.367+0500] {logging_mixin.py:188} INFO - [2024-05-12T20:30:42.366+0500] {dag.py:3954} INFO - Setting next_dagrun for tutorial_objectstorage to None, run_after=None
[2024-05-12T20:30:42.391+0500] {processor.py:183} INFO - Processing /home/awahab02/mlops_assignment_2/myenv/lib/python3.10/site-packages/airflow/example_dags/tutorial_objectstorage.py took 0.059 seconds
[2024-05-12T20:31:24.685+0500] {processor.py:161} INFO - Started process (PID=13264) to work on /home/awahab02/mlops_assignment_2/myenv/lib/python3.10/site-packages/airflow/example_dags/tutorial_objectstorage.py
[2024-05-12T20:31:24.686+0500] {processor.py:830} INFO - Processing file /home/awahab02/mlops_assignment_2/myenv/lib/python3.10/site-packages/airflow/example_dags/tutorial_objectstorage.py for tasks to queue
[2024-05-12T20:31:24.687+0500] {logging_mixin.py:188} INFO - [2024-05-12T20:31:24.687+0500] {dagbag.py:545} INFO - Filling up the DagBag from /home/awahab02/mlops_assignment_2/myenv/lib/python3.10/site-packages/airflow/example_dags/tutorial_objectstorage.py
[2024-05-12T20:31:24.695+0500] {processor.py:840} INFO - DAG(s) 'tutorial_objectstorage' retrieved from /home/awahab02/mlops_assignment_2/myenv/lib/python3.10/site-packages/airflow/example_dags/tutorial_objectstorage.py
[2024-05-12T20:31:24.708+0500] {logging_mixin.py:188} INFO - [2024-05-12T20:31:24.707+0500] {dag.py:3096} INFO - Sync 1 DAGs
[2024-05-12T20:31:24.719+0500] {logging_mixin.py:188} INFO - [2024-05-12T20:31:24.719+0500] {dag.py:3954} INFO - Setting next_dagrun for tutorial_objectstorage to None, run_after=None
[2024-05-12T20:31:24.748+0500] {processor.py:183} INFO - Processing /home/awahab02/mlops_assignment_2/myenv/lib/python3.10/site-packages/airflow/example_dags/tutorial_objectstorage.py took 0.071 seconds
[2024-05-12T20:32:06.560+0500] {processor.py:161} INFO - Started process (PID=13450) to work on /home/awahab02/mlops_assignment_2/myenv/lib/python3.10/site-packages/airflow/example_dags/tutorial_objectstorage.py
[2024-05-12T20:32:06.591+0500] {processor.py:830} INFO - Processing file /home/awahab02/mlops_assignment_2/myenv/lib/python3.10/site-packages/airflow/example_dags/tutorial_objectstorage.py for tasks to queue
[2024-05-12T20:32:06.593+0500] {logging_mixin.py:188} INFO - [2024-05-12T20:32:06.592+0500] {dagbag.py:545} INFO - Filling up the DagBag from /home/awahab02/mlops_assignment_2/myenv/lib/python3.10/site-packages/airflow/example_dags/tutorial_objectstorage.py
[2024-05-12T20:32:06.599+0500] {processor.py:840} INFO - DAG(s) 'tutorial_objectstorage' retrieved from /home/awahab02/mlops_assignment_2/myenv/lib/python3.10/site-packages/airflow/example_dags/tutorial_objectstorage.py
[2024-05-12T20:32:06.614+0500] {logging_mixin.py:188} INFO - [2024-05-12T20:32:06.614+0500] {dag.py:3096} INFO - Sync 1 DAGs
[2024-05-12T20:32:06.626+0500] {logging_mixin.py:188} INFO - [2024-05-12T20:32:06.625+0500] {dag.py:3954} INFO - Setting next_dagrun for tutorial_objectstorage to None, run_after=None
[2024-05-12T20:32:06.651+0500] {processor.py:183} INFO - Processing /home/awahab02/mlops_assignment_2/myenv/lib/python3.10/site-packages/airflow/example_dags/tutorial_objectstorage.py took 0.097 seconds
[2024-05-12T20:34:15.001+0500] {processor.py:161} INFO - Started process (PID=14458) to work on /home/awahab02/mlops_assignment_2/myenv/lib/python3.10/site-packages/airflow/example_dags/tutorial_objectstorage.py
[2024-05-12T20:34:15.035+0500] {processor.py:830} INFO - Processing file /home/awahab02/mlops_assignment_2/myenv/lib/python3.10/site-packages/airflow/example_dags/tutorial_objectstorage.py for tasks to queue
[2024-05-12T20:34:15.035+0500] {logging_mixin.py:188} INFO - [2024-05-12T20:34:15.035+0500] {dagbag.py:545} INFO - Filling up the DagBag from /home/awahab02/mlops_assignment_2/myenv/lib/python3.10/site-packages/airflow/example_dags/tutorial_objectstorage.py
[2024-05-12T20:34:15.042+0500] {processor.py:840} INFO - DAG(s) 'tutorial_objectstorage' retrieved from /home/awahab02/mlops_assignment_2/myenv/lib/python3.10/site-packages/airflow/example_dags/tutorial_objectstorage.py
[2024-05-12T20:34:15.059+0500] {logging_mixin.py:188} INFO - [2024-05-12T20:34:15.059+0500] {dag.py:3096} INFO - Sync 1 DAGs
[2024-05-12T20:34:15.067+0500] {logging_mixin.py:188} INFO - [2024-05-12T20:34:15.067+0500] {dag.py:3954} INFO - Setting next_dagrun for tutorial_objectstorage to None, run_after=None
[2024-05-12T20:34:15.094+0500] {processor.py:183} INFO - Processing /home/awahab02/mlops_assignment_2/myenv/lib/python3.10/site-packages/airflow/example_dags/tutorial_objectstorage.py took 0.098 seconds
[2024-05-12T20:35:06.838+0500] {processor.py:161} INFO - Started process (PID=14717) to work on /home/awahab02/mlops_assignment_2/myenv/lib/python3.10/site-packages/airflow/example_dags/tutorial_objectstorage.py
[2024-05-12T20:35:06.839+0500] {processor.py:830} INFO - Processing file /home/awahab02/mlops_assignment_2/myenv/lib/python3.10/site-packages/airflow/example_dags/tutorial_objectstorage.py for tasks to queue
[2024-05-12T20:35:06.840+0500] {logging_mixin.py:188} INFO - [2024-05-12T20:35:06.840+0500] {dagbag.py:545} INFO - Filling up the DagBag from /home/awahab02/mlops_assignment_2/myenv/lib/python3.10/site-packages/airflow/example_dags/tutorial_objectstorage.py
[2024-05-12T20:35:06.847+0500] {processor.py:840} INFO - DAG(s) 'tutorial_objectstorage' retrieved from /home/awahab02/mlops_assignment_2/myenv/lib/python3.10/site-packages/airflow/example_dags/tutorial_objectstorage.py
[2024-05-12T20:35:06.859+0500] {logging_mixin.py:188} INFO - [2024-05-12T20:35:06.859+0500] {dag.py:3096} INFO - Sync 1 DAGs
[2024-05-12T20:35:06.868+0500] {logging_mixin.py:188} INFO - [2024-05-12T20:35:06.867+0500] {dag.py:3954} INFO - Setting next_dagrun for tutorial_objectstorage to None, run_after=None
[2024-05-12T20:35:06.894+0500] {processor.py:183} INFO - Processing /home/awahab02/mlops_assignment_2/myenv/lib/python3.10/site-packages/airflow/example_dags/tutorial_objectstorage.py took 0.061 seconds
[2024-05-12T20:35:52.010+0500] {processor.py:161} INFO - Started process (PID=14959) to work on /home/awahab02/mlops_assignment_2/myenv/lib/python3.10/site-packages/airflow/example_dags/tutorial_objectstorage.py
[2024-05-12T20:35:52.053+0500] {processor.py:830} INFO - Processing file /home/awahab02/mlops_assignment_2/myenv/lib/python3.10/site-packages/airflow/example_dags/tutorial_objectstorage.py for tasks to queue
[2024-05-12T20:35:52.054+0500] {logging_mixin.py:188} INFO - [2024-05-12T20:35:52.054+0500] {dagbag.py:545} INFO - Filling up the DagBag from /home/awahab02/mlops_assignment_2/myenv/lib/python3.10/site-packages/airflow/example_dags/tutorial_objectstorage.py
[2024-05-12T20:35:52.063+0500] {processor.py:840} INFO - DAG(s) 'tutorial_objectstorage' retrieved from /home/awahab02/mlops_assignment_2/myenv/lib/python3.10/site-packages/airflow/example_dags/tutorial_objectstorage.py
[2024-05-12T20:35:52.075+0500] {logging_mixin.py:188} INFO - [2024-05-12T20:35:52.075+0500] {dag.py:3096} INFO - Sync 1 DAGs
[2024-05-12T20:35:52.084+0500] {logging_mixin.py:188} INFO - [2024-05-12T20:35:52.083+0500] {dag.py:3954} INFO - Setting next_dagrun for tutorial_objectstorage to None, run_after=None
[2024-05-12T20:35:52.108+0500] {processor.py:183} INFO - Processing /home/awahab02/mlops_assignment_2/myenv/lib/python3.10/site-packages/airflow/example_dags/tutorial_objectstorage.py took 0.102 seconds
[2024-05-12T20:36:39.613+0500] {processor.py:161} INFO - Started process (PID=15201) to work on /home/awahab02/mlops_assignment_2/myenv/lib/python3.10/site-packages/airflow/example_dags/tutorial_objectstorage.py
[2024-05-12T20:36:39.614+0500] {processor.py:830} INFO - Processing file /home/awahab02/mlops_assignment_2/myenv/lib/python3.10/site-packages/airflow/example_dags/tutorial_objectstorage.py for tasks to queue
[2024-05-12T20:36:39.615+0500] {logging_mixin.py:188} INFO - [2024-05-12T20:36:39.615+0500] {dagbag.py:545} INFO - Filling up the DagBag from /home/awahab02/mlops_assignment_2/myenv/lib/python3.10/site-packages/airflow/example_dags/tutorial_objectstorage.py
[2024-05-12T20:36:39.623+0500] {processor.py:840} INFO - DAG(s) 'tutorial_objectstorage' retrieved from /home/awahab02/mlops_assignment_2/myenv/lib/python3.10/site-packages/airflow/example_dags/tutorial_objectstorage.py
[2024-05-12T20:36:39.635+0500] {logging_mixin.py:188} INFO - [2024-05-12T20:36:39.635+0500] {dag.py:3096} INFO - Sync 1 DAGs
[2024-05-12T20:36:39.646+0500] {logging_mixin.py:188} INFO - [2024-05-12T20:36:39.646+0500] {dag.py:3954} INFO - Setting next_dagrun for tutorial_objectstorage to None, run_after=None
[2024-05-12T20:36:39.671+0500] {processor.py:183} INFO - Processing /home/awahab02/mlops_assignment_2/myenv/lib/python3.10/site-packages/airflow/example_dags/tutorial_objectstorage.py took 0.065 seconds
[2024-05-12T20:38:48.604+0500] {processor.py:161} INFO - Started process (PID=16267) to work on /home/awahab02/mlops_assignment_2/myenv/lib/python3.10/site-packages/airflow/example_dags/tutorial_objectstorage.py
[2024-05-12T20:38:48.637+0500] {processor.py:830} INFO - Processing file /home/awahab02/mlops_assignment_2/myenv/lib/python3.10/site-packages/airflow/example_dags/tutorial_objectstorage.py for tasks to queue
[2024-05-12T20:38:48.638+0500] {logging_mixin.py:188} INFO - [2024-05-12T20:38:48.637+0500] {dagbag.py:545} INFO - Filling up the DagBag from /home/awahab02/mlops_assignment_2/myenv/lib/python3.10/site-packages/airflow/example_dags/tutorial_objectstorage.py
[2024-05-12T20:38:48.644+0500] {processor.py:840} INFO - DAG(s) 'tutorial_objectstorage' retrieved from /home/awahab02/mlops_assignment_2/myenv/lib/python3.10/site-packages/airflow/example_dags/tutorial_objectstorage.py
[2024-05-12T20:38:48.662+0500] {logging_mixin.py:188} INFO - [2024-05-12T20:38:48.662+0500] {dag.py:3096} INFO - Sync 1 DAGs
[2024-05-12T20:38:48.671+0500] {logging_mixin.py:188} INFO - [2024-05-12T20:38:48.670+0500] {dag.py:3954} INFO - Setting next_dagrun for tutorial_objectstorage to None, run_after=None
[2024-05-12T20:38:48.696+0500] {processor.py:183} INFO - Processing /home/awahab02/mlops_assignment_2/myenv/lib/python3.10/site-packages/airflow/example_dags/tutorial_objectstorage.py took 0.097 seconds
[2024-05-12T20:39:40.360+0500] {processor.py:161} INFO - Started process (PID=16525) to work on /home/awahab02/mlops_assignment_2/myenv/lib/python3.10/site-packages/airflow/example_dags/tutorial_objectstorage.py
[2024-05-12T20:39:40.361+0500] {processor.py:830} INFO - Processing file /home/awahab02/mlops_assignment_2/myenv/lib/python3.10/site-packages/airflow/example_dags/tutorial_objectstorage.py for tasks to queue
[2024-05-12T20:39:40.362+0500] {logging_mixin.py:188} INFO - [2024-05-12T20:39:40.362+0500] {dagbag.py:545} INFO - Filling up the DagBag from /home/awahab02/mlops_assignment_2/myenv/lib/python3.10/site-packages/airflow/example_dags/tutorial_objectstorage.py
[2024-05-12T20:39:40.369+0500] {processor.py:840} INFO - DAG(s) 'tutorial_objectstorage' retrieved from /home/awahab02/mlops_assignment_2/myenv/lib/python3.10/site-packages/airflow/example_dags/tutorial_objectstorage.py
[2024-05-12T20:39:40.380+0500] {logging_mixin.py:188} INFO - [2024-05-12T20:39:40.380+0500] {dag.py:3096} INFO - Sync 1 DAGs
[2024-05-12T20:39:40.389+0500] {logging_mixin.py:188} INFO - [2024-05-12T20:39:40.389+0500] {dag.py:3954} INFO - Setting next_dagrun for tutorial_objectstorage to None, run_after=None
[2024-05-12T20:39:40.415+0500] {processor.py:183} INFO - Processing /home/awahab02/mlops_assignment_2/myenv/lib/python3.10/site-packages/airflow/example_dags/tutorial_objectstorage.py took 0.060 seconds
[2024-05-12T20:40:25.733+0500] {processor.py:161} INFO - Started process (PID=16843) to work on /home/awahab02/mlops_assignment_2/myenv/lib/python3.10/site-packages/airflow/example_dags/tutorial_objectstorage.py
[2024-05-12T20:40:25.764+0500] {processor.py:830} INFO - Processing file /home/awahab02/mlops_assignment_2/myenv/lib/python3.10/site-packages/airflow/example_dags/tutorial_objectstorage.py for tasks to queue
[2024-05-12T20:40:25.765+0500] {logging_mixin.py:188} INFO - [2024-05-12T20:40:25.764+0500] {dagbag.py:545} INFO - Filling up the DagBag from /home/awahab02/mlops_assignment_2/myenv/lib/python3.10/site-packages/airflow/example_dags/tutorial_objectstorage.py
[2024-05-12T20:40:25.774+0500] {processor.py:840} INFO - DAG(s) 'tutorial_objectstorage' retrieved from /home/awahab02/mlops_assignment_2/myenv/lib/python3.10/site-packages/airflow/example_dags/tutorial_objectstorage.py
[2024-05-12T20:40:25.792+0500] {logging_mixin.py:188} INFO - [2024-05-12T20:40:25.792+0500] {dag.py:3096} INFO - Sync 1 DAGs
[2024-05-12T20:40:25.809+0500] {logging_mixin.py:188} INFO - [2024-05-12T20:40:25.809+0500] {dag.py:3954} INFO - Setting next_dagrun for tutorial_objectstorage to None, run_after=None
[2024-05-12T20:40:25.855+0500] {processor.py:183} INFO - Processing /home/awahab02/mlops_assignment_2/myenv/lib/python3.10/site-packages/airflow/example_dags/tutorial_objectstorage.py took 0.128 seconds
[2024-05-12T20:41:11.705+0500] {processor.py:161} INFO - Started process (PID=17161) to work on /home/awahab02/mlops_assignment_2/myenv/lib/python3.10/site-packages/airflow/example_dags/tutorial_objectstorage.py
[2024-05-12T20:41:11.723+0500] {processor.py:830} INFO - Processing file /home/awahab02/mlops_assignment_2/myenv/lib/python3.10/site-packages/airflow/example_dags/tutorial_objectstorage.py for tasks to queue
[2024-05-12T20:41:11.725+0500] {logging_mixin.py:188} INFO - [2024-05-12T20:41:11.724+0500] {dagbag.py:545} INFO - Filling up the DagBag from /home/awahab02/mlops_assignment_2/myenv/lib/python3.10/site-packages/airflow/example_dags/tutorial_objectstorage.py
[2024-05-12T20:41:11.734+0500] {processor.py:840} INFO - DAG(s) 'tutorial_objectstorage' retrieved from /home/awahab02/mlops_assignment_2/myenv/lib/python3.10/site-packages/airflow/example_dags/tutorial_objectstorage.py
[2024-05-12T20:41:11.762+0500] {logging_mixin.py:188} INFO - [2024-05-12T20:41:11.762+0500] {dag.py:3096} INFO - Sync 1 DAGs
[2024-05-12T20:41:11.775+0500] {logging_mixin.py:188} INFO - [2024-05-12T20:41:11.775+0500] {dag.py:3954} INFO - Setting next_dagrun for tutorial_objectstorage to None, run_after=None
[2024-05-12T20:41:11.809+0500] {processor.py:183} INFO - Processing /home/awahab02/mlops_assignment_2/myenv/lib/python3.10/site-packages/airflow/example_dags/tutorial_objectstorage.py took 0.109 seconds
[2024-05-12T20:41:54.332+0500] {processor.py:161} INFO - Started process (PID=17442) to work on /home/awahab02/mlops_assignment_2/myenv/lib/python3.10/site-packages/airflow/example_dags/tutorial_objectstorage.py
[2024-05-12T20:41:54.334+0500] {processor.py:830} INFO - Processing file /home/awahab02/mlops_assignment_2/myenv/lib/python3.10/site-packages/airflow/example_dags/tutorial_objectstorage.py for tasks to queue
[2024-05-12T20:41:54.334+0500] {logging_mixin.py:188} INFO - [2024-05-12T20:41:54.334+0500] {dagbag.py:545} INFO - Filling up the DagBag from /home/awahab02/mlops_assignment_2/myenv/lib/python3.10/site-packages/airflow/example_dags/tutorial_objectstorage.py
[2024-05-12T20:41:54.341+0500] {processor.py:840} INFO - DAG(s) 'tutorial_objectstorage' retrieved from /home/awahab02/mlops_assignment_2/myenv/lib/python3.10/site-packages/airflow/example_dags/tutorial_objectstorage.py
[2024-05-12T20:41:54.353+0500] {logging_mixin.py:188} INFO - [2024-05-12T20:41:54.353+0500] {dag.py:3096} INFO - Sync 1 DAGs
[2024-05-12T20:41:54.363+0500] {logging_mixin.py:188} INFO - [2024-05-12T20:41:54.362+0500] {dag.py:3954} INFO - Setting next_dagrun for tutorial_objectstorage to None, run_after=None
[2024-05-12T20:41:54.386+0500] {processor.py:183} INFO - Processing /home/awahab02/mlops_assignment_2/myenv/lib/python3.10/site-packages/airflow/example_dags/tutorial_objectstorage.py took 0.059 seconds
[2024-05-12T20:42:38.195+0500] {processor.py:161} INFO - Started process (PID=17742) to work on /home/awahab02/mlops_assignment_2/myenv/lib/python3.10/site-packages/airflow/example_dags/tutorial_objectstorage.py
[2024-05-12T20:42:38.197+0500] {processor.py:830} INFO - Processing file /home/awahab02/mlops_assignment_2/myenv/lib/python3.10/site-packages/airflow/example_dags/tutorial_objectstorage.py for tasks to queue
[2024-05-12T20:42:38.197+0500] {logging_mixin.py:188} INFO - [2024-05-12T20:42:38.197+0500] {dagbag.py:545} INFO - Filling up the DagBag from /home/awahab02/mlops_assignment_2/myenv/lib/python3.10/site-packages/airflow/example_dags/tutorial_objectstorage.py
[2024-05-12T20:42:38.205+0500] {processor.py:840} INFO - DAG(s) 'tutorial_objectstorage' retrieved from /home/awahab02/mlops_assignment_2/myenv/lib/python3.10/site-packages/airflow/example_dags/tutorial_objectstorage.py
[2024-05-12T20:42:38.217+0500] {logging_mixin.py:188} INFO - [2024-05-12T20:42:38.216+0500] {dag.py:3096} INFO - Sync 1 DAGs
[2024-05-12T20:42:38.225+0500] {logging_mixin.py:188} INFO - [2024-05-12T20:42:38.225+0500] {dag.py:3954} INFO - Setting next_dagrun for tutorial_objectstorage to None, run_after=None
[2024-05-12T20:42:38.249+0500] {processor.py:183} INFO - Processing /home/awahab02/mlops_assignment_2/myenv/lib/python3.10/site-packages/airflow/example_dags/tutorial_objectstorage.py took 0.062 seconds
[2024-05-12T20:43:24.474+0500] {processor.py:161} INFO - Started process (PID=18068) to work on /home/awahab02/mlops_assignment_2/myenv/lib/python3.10/site-packages/airflow/example_dags/tutorial_objectstorage.py
[2024-05-12T20:43:24.476+0500] {processor.py:830} INFO - Processing file /home/awahab02/mlops_assignment_2/myenv/lib/python3.10/site-packages/airflow/example_dags/tutorial_objectstorage.py for tasks to queue
[2024-05-12T20:43:24.477+0500] {logging_mixin.py:188} INFO - [2024-05-12T20:43:24.476+0500] {dagbag.py:545} INFO - Filling up the DagBag from /home/awahab02/mlops_assignment_2/myenv/lib/python3.10/site-packages/airflow/example_dags/tutorial_objectstorage.py
[2024-05-12T20:43:24.483+0500] {processor.py:840} INFO - DAG(s) 'tutorial_objectstorage' retrieved from /home/awahab02/mlops_assignment_2/myenv/lib/python3.10/site-packages/airflow/example_dags/tutorial_objectstorage.py
[2024-05-12T20:43:24.497+0500] {logging_mixin.py:188} INFO - [2024-05-12T20:43:24.497+0500] {dag.py:3096} INFO - Sync 1 DAGs
[2024-05-12T20:43:24.510+0500] {logging_mixin.py:188} INFO - [2024-05-12T20:43:24.510+0500] {dag.py:3954} INFO - Setting next_dagrun for tutorial_objectstorage to None, run_after=None
[2024-05-12T20:43:24.538+0500] {processor.py:183} INFO - Processing /home/awahab02/mlops_assignment_2/myenv/lib/python3.10/site-packages/airflow/example_dags/tutorial_objectstorage.py took 0.070 seconds
[2024-05-12T20:44:09.478+0500] {processor.py:161} INFO - Started process (PID=18297) to work on /home/awahab02/mlops_assignment_2/myenv/lib/python3.10/site-packages/airflow/example_dags/tutorial_objectstorage.py
[2024-05-12T20:44:09.479+0500] {processor.py:830} INFO - Processing file /home/awahab02/mlops_assignment_2/myenv/lib/python3.10/site-packages/airflow/example_dags/tutorial_objectstorage.py for tasks to queue
[2024-05-12T20:44:09.479+0500] {logging_mixin.py:188} INFO - [2024-05-12T20:44:09.479+0500] {dagbag.py:545} INFO - Filling up the DagBag from /home/awahab02/mlops_assignment_2/myenv/lib/python3.10/site-packages/airflow/example_dags/tutorial_objectstorage.py
[2024-05-12T20:44:09.486+0500] {processor.py:840} INFO - DAG(s) 'tutorial_objectstorage' retrieved from /home/awahab02/mlops_assignment_2/myenv/lib/python3.10/site-packages/airflow/example_dags/tutorial_objectstorage.py
[2024-05-12T20:44:09.498+0500] {logging_mixin.py:188} INFO - [2024-05-12T20:44:09.498+0500] {dag.py:3096} INFO - Sync 1 DAGs
[2024-05-12T20:44:09.507+0500] {logging_mixin.py:188} INFO - [2024-05-12T20:44:09.506+0500] {dag.py:3954} INFO - Setting next_dagrun for tutorial_objectstorage to None, run_after=None
[2024-05-12T20:44:09.534+0500] {processor.py:183} INFO - Processing /home/awahab02/mlops_assignment_2/myenv/lib/python3.10/site-packages/airflow/example_dags/tutorial_objectstorage.py took 0.062 seconds
