[2024-05-12T20:20:17.628+0500] {processor.py:161} INFO - Started process (PID=9094) to work on /home/awahab02/mlops_assignment_2/myenv/lib/python3.10/site-packages/airflow/example_dags/tutorial_dag.py
[2024-05-12T20:20:17.628+0500] {processor.py:830} INFO - Processing file /home/awahab02/mlops_assignment_2/myenv/lib/python3.10/site-packages/airflow/example_dags/tutorial_dag.py for tasks to queue
[2024-05-12T20:20:17.630+0500] {logging_mixin.py:188} INFO - [2024-05-12T20:20:17.629+0500] {dagbag.py:545} INFO - Filling up the DagBag from /home/awahab02/mlops_assignment_2/myenv/lib/python3.10/site-packages/airflow/example_dags/tutorial_dag.py
[2024-05-12T20:20:17.636+0500] {processor.py:840} INFO - DAG(s) 'tutorial_dag' retrieved from /home/awahab02/mlops_assignment_2/myenv/lib/python3.10/site-packages/airflow/example_dags/tutorial_dag.py
[2024-05-12T20:20:17.845+0500] {logging_mixin.py:188} INFO - [2024-05-12T20:20:17.844+0500] {override.py:1829} INFO - Created Permission View: can read on DAG:tutorial_dag
[2024-05-12T20:20:17.862+0500] {logging_mixin.py:188} INFO - [2024-05-12T20:20:17.862+0500] {override.py:1829} INFO - Created Permission View: can edit on DAG:tutorial_dag
[2024-05-12T20:20:17.879+0500] {logging_mixin.py:188} INFO - [2024-05-12T20:20:17.879+0500] {override.py:1829} INFO - Created Permission View: can delete on DAG:tutorial_dag
[2024-05-12T20:20:17.880+0500] {logging_mixin.py:188} INFO - [2024-05-12T20:20:17.880+0500] {dag.py:3096} INFO - Sync 1 DAGs
[2024-05-12T20:20:17.889+0500] {logging_mixin.py:188} INFO - [2024-05-12T20:20:17.888+0500] {dag.py:3118} INFO - Creating ORM DAG for tutorial_dag
[2024-05-12T20:20:17.889+0500] {logging_mixin.py:188} INFO - [2024-05-12T20:20:17.889+0500] {dag.py:3954} INFO - Setting next_dagrun for tutorial_dag to None, run_after=None
[2024-05-12T20:20:17.916+0500] {processor.py:183} INFO - Processing /home/awahab02/mlops_assignment_2/myenv/lib/python3.10/site-packages/airflow/example_dags/tutorial_dag.py took 0.293 seconds
[2024-05-12T20:21:17.463+0500] {processor.py:161} INFO - Started process (PID=9515) to work on /home/awahab02/mlops_assignment_2/myenv/lib/python3.10/site-packages/airflow/example_dags/tutorial_dag.py
[2024-05-12T20:21:17.517+0500] {processor.py:830} INFO - Processing file /home/awahab02/mlops_assignment_2/myenv/lib/python3.10/site-packages/airflow/example_dags/tutorial_dag.py for tasks to queue
[2024-05-12T20:21:17.519+0500] {logging_mixin.py:188} INFO - [2024-05-12T20:21:17.518+0500] {dagbag.py:545} INFO - Filling up the DagBag from /home/awahab02/mlops_assignment_2/myenv/lib/python3.10/site-packages/airflow/example_dags/tutorial_dag.py
[2024-05-12T20:21:17.524+0500] {processor.py:840} INFO - DAG(s) 'tutorial_dag' retrieved from /home/awahab02/mlops_assignment_2/myenv/lib/python3.10/site-packages/airflow/example_dags/tutorial_dag.py
[2024-05-12T20:21:17.539+0500] {logging_mixin.py:188} INFO - [2024-05-12T20:21:17.539+0500] {dag.py:3096} INFO - Sync 1 DAGs
[2024-05-12T20:21:17.550+0500] {logging_mixin.py:188} INFO - [2024-05-12T20:21:17.550+0500] {dag.py:3954} INFO - Setting next_dagrun for tutorial_dag to None, run_after=None
[2024-05-12T20:21:17.578+0500] {processor.py:183} INFO - Processing /home/awahab02/mlops_assignment_2/myenv/lib/python3.10/site-packages/airflow/example_dags/tutorial_dag.py took 0.122 seconds
[2024-05-12T20:22:05.621+0500] {processor.py:161} INFO - Started process (PID=9709) to work on /home/awahab02/mlops_assignment_2/myenv/lib/python3.10/site-packages/airflow/example_dags/tutorial_dag.py
[2024-05-12T20:22:05.622+0500] {processor.py:830} INFO - Processing file /home/awahab02/mlops_assignment_2/myenv/lib/python3.10/site-packages/airflow/example_dags/tutorial_dag.py for tasks to queue
[2024-05-12T20:22:05.629+0500] {logging_mixin.py:188} INFO - [2024-05-12T20:22:05.624+0500] {dagbag.py:545} INFO - Filling up the DagBag from /home/awahab02/mlops_assignment_2/myenv/lib/python3.10/site-packages/airflow/example_dags/tutorial_dag.py
[2024-05-12T20:22:05.635+0500] {processor.py:840} INFO - DAG(s) 'tutorial_dag' retrieved from /home/awahab02/mlops_assignment_2/myenv/lib/python3.10/site-packages/airflow/example_dags/tutorial_dag.py
[2024-05-12T20:22:05.657+0500] {logging_mixin.py:188} INFO - [2024-05-12T20:22:05.657+0500] {dag.py:3096} INFO - Sync 1 DAGs
[2024-05-12T20:22:05.670+0500] {logging_mixin.py:188} INFO - [2024-05-12T20:22:05.670+0500] {dag.py:3954} INFO - Setting next_dagrun for tutorial_dag to None, run_after=None
[2024-05-12T20:22:05.708+0500] {processor.py:183} INFO - Processing /home/awahab02/mlops_assignment_2/myenv/lib/python3.10/site-packages/airflow/example_dags/tutorial_dag.py took 0.094 seconds
[2024-05-12T20:22:45.969+0500] {processor.py:161} INFO - Started process (PID=9881) to work on /home/awahab02/mlops_assignment_2/myenv/lib/python3.10/site-packages/airflow/example_dags/tutorial_dag.py
[2024-05-12T20:22:45.996+0500] {processor.py:830} INFO - Processing file /home/awahab02/mlops_assignment_2/myenv/lib/python3.10/site-packages/airflow/example_dags/tutorial_dag.py for tasks to queue
[2024-05-12T20:22:45.997+0500] {logging_mixin.py:188} INFO - [2024-05-12T20:22:45.997+0500] {dagbag.py:545} INFO - Filling up the DagBag from /home/awahab02/mlops_assignment_2/myenv/lib/python3.10/site-packages/airflow/example_dags/tutorial_dag.py
[2024-05-12T20:22:46.001+0500] {processor.py:840} INFO - DAG(s) 'tutorial_dag' retrieved from /home/awahab02/mlops_assignment_2/myenv/lib/python3.10/site-packages/airflow/example_dags/tutorial_dag.py
[2024-05-12T20:22:46.013+0500] {logging_mixin.py:188} INFO - [2024-05-12T20:22:46.013+0500] {dag.py:3096} INFO - Sync 1 DAGs
[2024-05-12T20:22:46.023+0500] {logging_mixin.py:188} INFO - [2024-05-12T20:22:46.022+0500] {dag.py:3954} INFO - Setting next_dagrun for tutorial_dag to None, run_after=None
[2024-05-12T20:22:46.048+0500] {processor.py:183} INFO - Processing /home/awahab02/mlops_assignment_2/myenv/lib/python3.10/site-packages/airflow/example_dags/tutorial_dag.py took 0.083 seconds
[2024-05-12T20:23:23.300+0500] {processor.py:161} INFO - Started process (PID=10228) to work on /home/awahab02/mlops_assignment_2/myenv/lib/python3.10/site-packages/airflow/example_dags/tutorial_dag.py
[2024-05-12T20:23:23.322+0500] {processor.py:830} INFO - Processing file /home/awahab02/mlops_assignment_2/myenv/lib/python3.10/site-packages/airflow/example_dags/tutorial_dag.py for tasks to queue
[2024-05-12T20:23:23.323+0500] {logging_mixin.py:188} INFO - [2024-05-12T20:23:23.323+0500] {dagbag.py:545} INFO - Filling up the DagBag from /home/awahab02/mlops_assignment_2/myenv/lib/python3.10/site-packages/airflow/example_dags/tutorial_dag.py
[2024-05-12T20:23:23.327+0500] {processor.py:840} INFO - DAG(s) 'tutorial_dag' retrieved from /home/awahab02/mlops_assignment_2/myenv/lib/python3.10/site-packages/airflow/example_dags/tutorial_dag.py
[2024-05-12T20:23:23.339+0500] {logging_mixin.py:188} INFO - [2024-05-12T20:23:23.339+0500] {dag.py:3096} INFO - Sync 1 DAGs
[2024-05-12T20:23:23.349+0500] {logging_mixin.py:188} INFO - [2024-05-12T20:23:23.349+0500] {dag.py:3954} INFO - Setting next_dagrun for tutorial_dag to None, run_after=None
[2024-05-12T20:23:23.374+0500] {processor.py:183} INFO - Processing /home/awahab02/mlops_assignment_2/myenv/lib/python3.10/site-packages/airflow/example_dags/tutorial_dag.py took 0.078 seconds
[2024-05-12T20:24:04.466+0500] {processor.py:161} INFO - Started process (PID=10508) to work on /home/awahab02/mlops_assignment_2/myenv/lib/python3.10/site-packages/airflow/example_dags/tutorial_dag.py
[2024-05-12T20:24:04.469+0500] {processor.py:830} INFO - Processing file /home/awahab02/mlops_assignment_2/myenv/lib/python3.10/site-packages/airflow/example_dags/tutorial_dag.py for tasks to queue
[2024-05-12T20:24:04.471+0500] {logging_mixin.py:188} INFO - [2024-05-12T20:24:04.471+0500] {dagbag.py:545} INFO - Filling up the DagBag from /home/awahab02/mlops_assignment_2/myenv/lib/python3.10/site-packages/airflow/example_dags/tutorial_dag.py
[2024-05-12T20:24:04.477+0500] {processor.py:840} INFO - DAG(s) 'tutorial_dag' retrieved from /home/awahab02/mlops_assignment_2/myenv/lib/python3.10/site-packages/airflow/example_dags/tutorial_dag.py
[2024-05-12T20:24:04.490+0500] {logging_mixin.py:188} INFO - [2024-05-12T20:24:04.489+0500] {dag.py:3096} INFO - Sync 1 DAGs
[2024-05-12T20:24:04.499+0500] {logging_mixin.py:188} INFO - [2024-05-12T20:24:04.499+0500] {dag.py:3954} INFO - Setting next_dagrun for tutorial_dag to None, run_after=None
[2024-05-12T20:24:04.525+0500] {processor.py:183} INFO - Processing /home/awahab02/mlops_assignment_2/myenv/lib/python3.10/site-packages/airflow/example_dags/tutorial_dag.py took 0.068 seconds
[2024-05-12T20:24:43.934+0500] {processor.py:161} INFO - Started process (PID=10697) to work on /home/awahab02/mlops_assignment_2/myenv/lib/python3.10/site-packages/airflow/example_dags/tutorial_dag.py
[2024-05-12T20:24:43.936+0500] {processor.py:830} INFO - Processing file /home/awahab02/mlops_assignment_2/myenv/lib/python3.10/site-packages/airflow/example_dags/tutorial_dag.py for tasks to queue
[2024-05-12T20:24:43.937+0500] {logging_mixin.py:188} INFO - [2024-05-12T20:24:43.937+0500] {dagbag.py:545} INFO - Filling up the DagBag from /home/awahab02/mlops_assignment_2/myenv/lib/python3.10/site-packages/airflow/example_dags/tutorial_dag.py
[2024-05-12T20:24:43.942+0500] {processor.py:840} INFO - DAG(s) 'tutorial_dag' retrieved from /home/awahab02/mlops_assignment_2/myenv/lib/python3.10/site-packages/airflow/example_dags/tutorial_dag.py
[2024-05-12T20:24:43.955+0500] {logging_mixin.py:188} INFO - [2024-05-12T20:24:43.955+0500] {dag.py:3096} INFO - Sync 1 DAGs
[2024-05-12T20:24:43.966+0500] {logging_mixin.py:188} INFO - [2024-05-12T20:24:43.966+0500] {dag.py:3954} INFO - Setting next_dagrun for tutorial_dag to None, run_after=None
[2024-05-12T20:24:43.993+0500] {processor.py:183} INFO - Processing /home/awahab02/mlops_assignment_2/myenv/lib/python3.10/site-packages/airflow/example_dags/tutorial_dag.py took 0.064 seconds
[2024-05-12T20:25:24.147+0500] {processor.py:161} INFO - Started process (PID=10875) to work on /home/awahab02/mlops_assignment_2/myenv/lib/python3.10/site-packages/airflow/example_dags/tutorial_dag.py
[2024-05-12T20:25:24.147+0500] {processor.py:830} INFO - Processing file /home/awahab02/mlops_assignment_2/myenv/lib/python3.10/site-packages/airflow/example_dags/tutorial_dag.py for tasks to queue
[2024-05-12T20:25:24.149+0500] {logging_mixin.py:188} INFO - [2024-05-12T20:25:24.148+0500] {dagbag.py:545} INFO - Filling up the DagBag from /home/awahab02/mlops_assignment_2/myenv/lib/python3.10/site-packages/airflow/example_dags/tutorial_dag.py
[2024-05-12T20:25:24.153+0500] {processor.py:840} INFO - DAG(s) 'tutorial_dag' retrieved from /home/awahab02/mlops_assignment_2/myenv/lib/python3.10/site-packages/airflow/example_dags/tutorial_dag.py
[2024-05-12T20:25:24.165+0500] {logging_mixin.py:188} INFO - [2024-05-12T20:25:24.165+0500] {dag.py:3096} INFO - Sync 1 DAGs
[2024-05-12T20:25:24.175+0500] {logging_mixin.py:188} INFO - [2024-05-12T20:25:24.175+0500] {dag.py:3954} INFO - Setting next_dagrun for tutorial_dag to None, run_after=None
[2024-05-12T20:25:24.200+0500] {processor.py:183} INFO - Processing /home/awahab02/mlops_assignment_2/myenv/lib/python3.10/site-packages/airflow/example_dags/tutorial_dag.py took 0.058 seconds
[2024-05-12T20:26:06.472+0500] {processor.py:161} INFO - Started process (PID=11106) to work on /home/awahab02/mlops_assignment_2/myenv/lib/python3.10/site-packages/airflow/example_dags/tutorial_dag.py
[2024-05-12T20:26:06.503+0500] {processor.py:830} INFO - Processing file /home/awahab02/mlops_assignment_2/myenv/lib/python3.10/site-packages/airflow/example_dags/tutorial_dag.py for tasks to queue
[2024-05-12T20:26:06.504+0500] {logging_mixin.py:188} INFO - [2024-05-12T20:26:06.504+0500] {dagbag.py:545} INFO - Filling up the DagBag from /home/awahab02/mlops_assignment_2/myenv/lib/python3.10/site-packages/airflow/example_dags/tutorial_dag.py
[2024-05-12T20:26:06.509+0500] {processor.py:840} INFO - DAG(s) 'tutorial_dag' retrieved from /home/awahab02/mlops_assignment_2/myenv/lib/python3.10/site-packages/airflow/example_dags/tutorial_dag.py
[2024-05-12T20:26:06.521+0500] {logging_mixin.py:188} INFO - [2024-05-12T20:26:06.520+0500] {dag.py:3096} INFO - Sync 1 DAGs
[2024-05-12T20:26:06.530+0500] {logging_mixin.py:188} INFO - [2024-05-12T20:26:06.530+0500] {dag.py:3954} INFO - Setting next_dagrun for tutorial_dag to None, run_after=None
[2024-05-12T20:26:06.555+0500] {processor.py:183} INFO - Processing /home/awahab02/mlops_assignment_2/myenv/lib/python3.10/site-packages/airflow/example_dags/tutorial_dag.py took 0.089 seconds
[2024-05-12T20:26:49.285+0500] {processor.py:161} INFO - Started process (PID=11422) to work on /home/awahab02/mlops_assignment_2/myenv/lib/python3.10/site-packages/airflow/example_dags/tutorial_dag.py
[2024-05-12T20:26:49.287+0500] {processor.py:830} INFO - Processing file /home/awahab02/mlops_assignment_2/myenv/lib/python3.10/site-packages/airflow/example_dags/tutorial_dag.py for tasks to queue
[2024-05-12T20:26:49.289+0500] {logging_mixin.py:188} INFO - [2024-05-12T20:26:49.288+0500] {dagbag.py:545} INFO - Filling up the DagBag from /home/awahab02/mlops_assignment_2/myenv/lib/python3.10/site-packages/airflow/example_dags/tutorial_dag.py
[2024-05-12T20:26:49.293+0500] {processor.py:840} INFO - DAG(s) 'tutorial_dag' retrieved from /home/awahab02/mlops_assignment_2/myenv/lib/python3.10/site-packages/airflow/example_dags/tutorial_dag.py
[2024-05-12T20:26:49.305+0500] {logging_mixin.py:188} INFO - [2024-05-12T20:26:49.305+0500] {dag.py:3096} INFO - Sync 1 DAGs
[2024-05-12T20:26:49.314+0500] {logging_mixin.py:188} INFO - [2024-05-12T20:26:49.314+0500] {dag.py:3954} INFO - Setting next_dagrun for tutorial_dag to None, run_after=None
[2024-05-12T20:26:49.340+0500] {processor.py:183} INFO - Processing /home/awahab02/mlops_assignment_2/myenv/lib/python3.10/site-packages/airflow/example_dags/tutorial_dag.py took 0.060 seconds
[2024-05-12T20:27:27.878+0500] {processor.py:161} INFO - Started process (PID=11729) to work on /home/awahab02/mlops_assignment_2/myenv/lib/python3.10/site-packages/airflow/example_dags/tutorial_dag.py
[2024-05-12T20:27:27.901+0500] {processor.py:830} INFO - Processing file /home/awahab02/mlops_assignment_2/myenv/lib/python3.10/site-packages/airflow/example_dags/tutorial_dag.py for tasks to queue
[2024-05-12T20:27:27.902+0500] {logging_mixin.py:188} INFO - [2024-05-12T20:27:27.902+0500] {dagbag.py:545} INFO - Filling up the DagBag from /home/awahab02/mlops_assignment_2/myenv/lib/python3.10/site-packages/airflow/example_dags/tutorial_dag.py
[2024-05-12T20:27:27.909+0500] {processor.py:840} INFO - DAG(s) 'tutorial_dag' retrieved from /home/awahab02/mlops_assignment_2/myenv/lib/python3.10/site-packages/airflow/example_dags/tutorial_dag.py
[2024-05-12T20:27:27.929+0500] {logging_mixin.py:188} INFO - [2024-05-12T20:27:27.929+0500] {dag.py:3096} INFO - Sync 1 DAGs
[2024-05-12T20:27:27.939+0500] {logging_mixin.py:188} INFO - [2024-05-12T20:27:27.939+0500] {dag.py:3954} INFO - Setting next_dagrun for tutorial_dag to None, run_after=None
[2024-05-12T20:27:28.043+0500] {processor.py:183} INFO - Processing /home/awahab02/mlops_assignment_2/myenv/lib/python3.10/site-packages/airflow/example_dags/tutorial_dag.py took 0.169 seconds
[2024-05-12T20:28:21.625+0500] {processor.py:161} INFO - Started process (PID=12121) to work on /home/awahab02/mlops_assignment_2/myenv/lib/python3.10/site-packages/airflow/example_dags/tutorial_dag.py
[2024-05-12T20:28:21.652+0500] {processor.py:830} INFO - Processing file /home/awahab02/mlops_assignment_2/myenv/lib/python3.10/site-packages/airflow/example_dags/tutorial_dag.py for tasks to queue
[2024-05-12T20:28:21.656+0500] {logging_mixin.py:188} INFO - [2024-05-12T20:28:21.655+0500] {dagbag.py:545} INFO - Filling up the DagBag from /home/awahab02/mlops_assignment_2/myenv/lib/python3.10/site-packages/airflow/example_dags/tutorial_dag.py
[2024-05-12T20:28:21.664+0500] {processor.py:840} INFO - DAG(s) 'tutorial_dag' retrieved from /home/awahab02/mlops_assignment_2/myenv/lib/python3.10/site-packages/airflow/example_dags/tutorial_dag.py
[2024-05-12T20:28:21.679+0500] {logging_mixin.py:188} INFO - [2024-05-12T20:28:21.679+0500] {dag.py:3096} INFO - Sync 1 DAGs
[2024-05-12T20:28:21.692+0500] {logging_mixin.py:188} INFO - [2024-05-12T20:28:21.692+0500] {dag.py:3954} INFO - Setting next_dagrun for tutorial_dag to None, run_after=None
[2024-05-12T20:28:21.722+0500] {processor.py:183} INFO - Processing /home/awahab02/mlops_assignment_2/myenv/lib/python3.10/site-packages/airflow/example_dags/tutorial_dag.py took 0.103 seconds
[2024-05-12T20:29:06.679+0500] {processor.py:161} INFO - Started process (PID=12336) to work on /home/awahab02/mlops_assignment_2/myenv/lib/python3.10/site-packages/airflow/example_dags/tutorial_dag.py
[2024-05-12T20:29:06.711+0500] {processor.py:830} INFO - Processing file /home/awahab02/mlops_assignment_2/myenv/lib/python3.10/site-packages/airflow/example_dags/tutorial_dag.py for tasks to queue
[2024-05-12T20:29:06.713+0500] {logging_mixin.py:188} INFO - [2024-05-12T20:29:06.712+0500] {dagbag.py:545} INFO - Filling up the DagBag from /home/awahab02/mlops_assignment_2/myenv/lib/python3.10/site-packages/airflow/example_dags/tutorial_dag.py
[2024-05-12T20:29:06.718+0500] {processor.py:840} INFO - DAG(s) 'tutorial_dag' retrieved from /home/awahab02/mlops_assignment_2/myenv/lib/python3.10/site-packages/airflow/example_dags/tutorial_dag.py
[2024-05-12T20:29:06.731+0500] {logging_mixin.py:188} INFO - [2024-05-12T20:29:06.731+0500] {dag.py:3096} INFO - Sync 1 DAGs
[2024-05-12T20:29:06.742+0500] {logging_mixin.py:188} INFO - [2024-05-12T20:29:06.741+0500] {dag.py:3954} INFO - Setting next_dagrun for tutorial_dag to None, run_after=None
[2024-05-12T20:29:06.767+0500] {processor.py:183} INFO - Processing /home/awahab02/mlops_assignment_2/myenv/lib/python3.10/site-packages/airflow/example_dags/tutorial_dag.py took 0.094 seconds
[2024-05-12T20:29:53.829+0500] {processor.py:161} INFO - Started process (PID=12640) to work on /home/awahab02/mlops_assignment_2/myenv/lib/python3.10/site-packages/airflow/example_dags/tutorial_dag.py
[2024-05-12T20:29:53.860+0500] {processor.py:830} INFO - Processing file /home/awahab02/mlops_assignment_2/myenv/lib/python3.10/site-packages/airflow/example_dags/tutorial_dag.py for tasks to queue
[2024-05-12T20:29:53.861+0500] {logging_mixin.py:188} INFO - [2024-05-12T20:29:53.861+0500] {dagbag.py:545} INFO - Filling up the DagBag from /home/awahab02/mlops_assignment_2/myenv/lib/python3.10/site-packages/airflow/example_dags/tutorial_dag.py
[2024-05-12T20:29:53.866+0500] {processor.py:840} INFO - DAG(s) 'tutorial_dag' retrieved from /home/awahab02/mlops_assignment_2/myenv/lib/python3.10/site-packages/airflow/example_dags/tutorial_dag.py
[2024-05-12T20:29:53.878+0500] {logging_mixin.py:188} INFO - [2024-05-12T20:29:53.878+0500] {dag.py:3096} INFO - Sync 1 DAGs
[2024-05-12T20:29:53.888+0500] {logging_mixin.py:188} INFO - [2024-05-12T20:29:53.888+0500] {dag.py:3954} INFO - Setting next_dagrun for tutorial_dag to None, run_after=None
[2024-05-12T20:29:53.912+0500] {processor.py:183} INFO - Processing /home/awahab02/mlops_assignment_2/myenv/lib/python3.10/site-packages/airflow/example_dags/tutorial_dag.py took 0.088 seconds
[2024-05-12T20:30:38.335+0500] {processor.py:161} INFO - Started process (PID=13045) to work on /home/awahab02/mlops_assignment_2/myenv/lib/python3.10/site-packages/airflow/example_dags/tutorial_dag.py
[2024-05-12T20:30:38.337+0500] {processor.py:830} INFO - Processing file /home/awahab02/mlops_assignment_2/myenv/lib/python3.10/site-packages/airflow/example_dags/tutorial_dag.py for tasks to queue
[2024-05-12T20:30:38.338+0500] {logging_mixin.py:188} INFO - [2024-05-12T20:30:38.338+0500] {dagbag.py:545} INFO - Filling up the DagBag from /home/awahab02/mlops_assignment_2/myenv/lib/python3.10/site-packages/airflow/example_dags/tutorial_dag.py
[2024-05-12T20:30:38.343+0500] {processor.py:840} INFO - DAG(s) 'tutorial_dag' retrieved from /home/awahab02/mlops_assignment_2/myenv/lib/python3.10/site-packages/airflow/example_dags/tutorial_dag.py
[2024-05-12T20:30:38.356+0500] {logging_mixin.py:188} INFO - [2024-05-12T20:30:38.356+0500] {dag.py:3096} INFO - Sync 1 DAGs
[2024-05-12T20:30:38.365+0500] {logging_mixin.py:188} INFO - [2024-05-12T20:30:38.365+0500] {dag.py:3954} INFO - Setting next_dagrun for tutorial_dag to None, run_after=None
[2024-05-12T20:30:38.390+0500] {processor.py:183} INFO - Processing /home/awahab02/mlops_assignment_2/myenv/lib/python3.10/site-packages/airflow/example_dags/tutorial_dag.py took 0.059 seconds
[2024-05-12T20:31:19.431+0500] {processor.py:161} INFO - Started process (PID=13239) to work on /home/awahab02/mlops_assignment_2/myenv/lib/python3.10/site-packages/airflow/example_dags/tutorial_dag.py
[2024-05-12T20:31:19.465+0500] {processor.py:830} INFO - Processing file /home/awahab02/mlops_assignment_2/myenv/lib/python3.10/site-packages/airflow/example_dags/tutorial_dag.py for tasks to queue
[2024-05-12T20:31:19.467+0500] {logging_mixin.py:188} INFO - [2024-05-12T20:31:19.466+0500] {dagbag.py:545} INFO - Filling up the DagBag from /home/awahab02/mlops_assignment_2/myenv/lib/python3.10/site-packages/airflow/example_dags/tutorial_dag.py
[2024-05-12T20:31:19.471+0500] {processor.py:840} INFO - DAG(s) 'tutorial_dag' retrieved from /home/awahab02/mlops_assignment_2/myenv/lib/python3.10/site-packages/airflow/example_dags/tutorial_dag.py
[2024-05-12T20:31:19.483+0500] {logging_mixin.py:188} INFO - [2024-05-12T20:31:19.483+0500] {dag.py:3096} INFO - Sync 1 DAGs
[2024-05-12T20:31:19.493+0500] {logging_mixin.py:188} INFO - [2024-05-12T20:31:19.493+0500] {dag.py:3954} INFO - Setting next_dagrun for tutorial_dag to None, run_after=None
[2024-05-12T20:31:19.517+0500] {processor.py:183} INFO - Processing /home/awahab02/mlops_assignment_2/myenv/lib/python3.10/site-packages/airflow/example_dags/tutorial_dag.py took 0.091 seconds
[2024-05-12T20:32:01.294+0500] {processor.py:161} INFO - Started process (PID=13422) to work on /home/awahab02/mlops_assignment_2/myenv/lib/python3.10/site-packages/airflow/example_dags/tutorial_dag.py
[2024-05-12T20:32:01.325+0500] {processor.py:830} INFO - Processing file /home/awahab02/mlops_assignment_2/myenv/lib/python3.10/site-packages/airflow/example_dags/tutorial_dag.py for tasks to queue
[2024-05-12T20:32:01.326+0500] {logging_mixin.py:188} INFO - [2024-05-12T20:32:01.326+0500] {dagbag.py:545} INFO - Filling up the DagBag from /home/awahab02/mlops_assignment_2/myenv/lib/python3.10/site-packages/airflow/example_dags/tutorial_dag.py
[2024-05-12T20:32:01.331+0500] {processor.py:840} INFO - DAG(s) 'tutorial_dag' retrieved from /home/awahab02/mlops_assignment_2/myenv/lib/python3.10/site-packages/airflow/example_dags/tutorial_dag.py
[2024-05-12T20:32:01.345+0500] {logging_mixin.py:188} INFO - [2024-05-12T20:32:01.345+0500] {dag.py:3096} INFO - Sync 1 DAGs
[2024-05-12T20:32:01.356+0500] {logging_mixin.py:188} INFO - [2024-05-12T20:32:01.356+0500] {dag.py:3954} INFO - Setting next_dagrun for tutorial_dag to None, run_after=None
[2024-05-12T20:32:01.382+0500] {processor.py:183} INFO - Processing /home/awahab02/mlops_assignment_2/myenv/lib/python3.10/site-packages/airflow/example_dags/tutorial_dag.py took 0.093 seconds
[2024-05-12T20:34:09.969+0500] {processor.py:161} INFO - Started process (PID=14428) to work on /home/awahab02/mlops_assignment_2/myenv/lib/python3.10/site-packages/airflow/example_dags/tutorial_dag.py
[2024-05-12T20:34:09.970+0500] {processor.py:830} INFO - Processing file /home/awahab02/mlops_assignment_2/myenv/lib/python3.10/site-packages/airflow/example_dags/tutorial_dag.py for tasks to queue
[2024-05-12T20:34:09.971+0500] {logging_mixin.py:188} INFO - [2024-05-12T20:34:09.971+0500] {dagbag.py:545} INFO - Filling up the DagBag from /home/awahab02/mlops_assignment_2/myenv/lib/python3.10/site-packages/airflow/example_dags/tutorial_dag.py
[2024-05-12T20:34:09.975+0500] {processor.py:840} INFO - DAG(s) 'tutorial_dag' retrieved from /home/awahab02/mlops_assignment_2/myenv/lib/python3.10/site-packages/airflow/example_dags/tutorial_dag.py
[2024-05-12T20:34:09.994+0500] {logging_mixin.py:188} INFO - [2024-05-12T20:34:09.994+0500] {dag.py:3096} INFO - Sync 1 DAGs
[2024-05-12T20:34:10.005+0500] {logging_mixin.py:188} INFO - [2024-05-12T20:34:10.005+0500] {dag.py:3954} INFO - Setting next_dagrun for tutorial_dag to None, run_after=None
[2024-05-12T20:34:10.029+0500] {processor.py:183} INFO - Processing /home/awahab02/mlops_assignment_2/myenv/lib/python3.10/site-packages/airflow/example_dags/tutorial_dag.py took 0.064 seconds
[2024-05-12T20:35:01.589+0500] {processor.py:161} INFO - Started process (PID=14673) to work on /home/awahab02/mlops_assignment_2/myenv/lib/python3.10/site-packages/airflow/example_dags/tutorial_dag.py
[2024-05-12T20:35:01.644+0500] {processor.py:830} INFO - Processing file /home/awahab02/mlops_assignment_2/myenv/lib/python3.10/site-packages/airflow/example_dags/tutorial_dag.py for tasks to queue
[2024-05-12T20:35:01.645+0500] {logging_mixin.py:188} INFO - [2024-05-12T20:35:01.645+0500] {dagbag.py:545} INFO - Filling up the DagBag from /home/awahab02/mlops_assignment_2/myenv/lib/python3.10/site-packages/airflow/example_dags/tutorial_dag.py
[2024-05-12T20:35:01.651+0500] {processor.py:840} INFO - DAG(s) 'tutorial_dag' retrieved from /home/awahab02/mlops_assignment_2/myenv/lib/python3.10/site-packages/airflow/example_dags/tutorial_dag.py
[2024-05-12T20:35:01.663+0500] {logging_mixin.py:188} INFO - [2024-05-12T20:35:01.663+0500] {dag.py:3096} INFO - Sync 1 DAGs
[2024-05-12T20:35:01.672+0500] {logging_mixin.py:188} INFO - [2024-05-12T20:35:01.672+0500] {dag.py:3954} INFO - Setting next_dagrun for tutorial_dag to None, run_after=None
[2024-05-12T20:35:01.697+0500] {processor.py:183} INFO - Processing /home/awahab02/mlops_assignment_2/myenv/lib/python3.10/site-packages/airflow/example_dags/tutorial_dag.py took 0.114 seconds
[2024-05-12T20:35:46.665+0500] {processor.py:161} INFO - Started process (PID=14929) to work on /home/awahab02/mlops_assignment_2/myenv/lib/python3.10/site-packages/airflow/example_dags/tutorial_dag.py
[2024-05-12T20:35:46.689+0500] {processor.py:830} INFO - Processing file /home/awahab02/mlops_assignment_2/myenv/lib/python3.10/site-packages/airflow/example_dags/tutorial_dag.py for tasks to queue
[2024-05-12T20:35:46.690+0500] {logging_mixin.py:188} INFO - [2024-05-12T20:35:46.689+0500] {dagbag.py:545} INFO - Filling up the DagBag from /home/awahab02/mlops_assignment_2/myenv/lib/python3.10/site-packages/airflow/example_dags/tutorial_dag.py
[2024-05-12T20:35:46.694+0500] {processor.py:840} INFO - DAG(s) 'tutorial_dag' retrieved from /home/awahab02/mlops_assignment_2/myenv/lib/python3.10/site-packages/airflow/example_dags/tutorial_dag.py
[2024-05-12T20:35:46.705+0500] {logging_mixin.py:188} INFO - [2024-05-12T20:35:46.705+0500] {dag.py:3096} INFO - Sync 1 DAGs
[2024-05-12T20:35:46.714+0500] {logging_mixin.py:188} INFO - [2024-05-12T20:35:46.714+0500] {dag.py:3954} INFO - Setting next_dagrun for tutorial_dag to None, run_after=None
[2024-05-12T20:35:46.738+0500] {processor.py:183} INFO - Processing /home/awahab02/mlops_assignment_2/myenv/lib/python3.10/site-packages/airflow/example_dags/tutorial_dag.py took 0.078 seconds
[2024-05-12T20:36:33.930+0500] {processor.py:161} INFO - Started process (PID=15177) to work on /home/awahab02/mlops_assignment_2/myenv/lib/python3.10/site-packages/airflow/example_dags/tutorial_dag.py
[2024-05-12T20:36:33.952+0500] {processor.py:830} INFO - Processing file /home/awahab02/mlops_assignment_2/myenv/lib/python3.10/site-packages/airflow/example_dags/tutorial_dag.py for tasks to queue
[2024-05-12T20:36:33.953+0500] {logging_mixin.py:188} INFO - [2024-05-12T20:36:33.953+0500] {dagbag.py:545} INFO - Filling up the DagBag from /home/awahab02/mlops_assignment_2/myenv/lib/python3.10/site-packages/airflow/example_dags/tutorial_dag.py
[2024-05-12T20:36:33.958+0500] {processor.py:840} INFO - DAG(s) 'tutorial_dag' retrieved from /home/awahab02/mlops_assignment_2/myenv/lib/python3.10/site-packages/airflow/example_dags/tutorial_dag.py
[2024-05-12T20:36:33.970+0500] {logging_mixin.py:188} INFO - [2024-05-12T20:36:33.970+0500] {dag.py:3096} INFO - Sync 1 DAGs
[2024-05-12T20:36:33.979+0500] {logging_mixin.py:188} INFO - [2024-05-12T20:36:33.979+0500] {dag.py:3954} INFO - Setting next_dagrun for tutorial_dag to None, run_after=None
[2024-05-12T20:36:34.005+0500] {processor.py:183} INFO - Processing /home/awahab02/mlops_assignment_2/myenv/lib/python3.10/site-packages/airflow/example_dags/tutorial_dag.py took 0.080 seconds
[2024-05-12T20:37:18.490+0500] {processor.py:161} INFO - Started process (PID=15423) to work on /home/awahab02/mlops_assignment_2/myenv/lib/python3.10/site-packages/airflow/example_dags/tutorial_dag.py
[2024-05-12T20:37:18.520+0500] {processor.py:830} INFO - Processing file /home/awahab02/mlops_assignment_2/myenv/lib/python3.10/site-packages/airflow/example_dags/tutorial_dag.py for tasks to queue
[2024-05-12T20:37:18.521+0500] {logging_mixin.py:188} INFO - [2024-05-12T20:37:18.520+0500] {dagbag.py:545} INFO - Filling up the DagBag from /home/awahab02/mlops_assignment_2/myenv/lib/python3.10/site-packages/airflow/example_dags/tutorial_dag.py
[2024-05-12T20:37:18.526+0500] {processor.py:840} INFO - DAG(s) 'tutorial_dag' retrieved from /home/awahab02/mlops_assignment_2/myenv/lib/python3.10/site-packages/airflow/example_dags/tutorial_dag.py
[2024-05-12T20:37:18.542+0500] {logging_mixin.py:188} INFO - [2024-05-12T20:37:18.541+0500] {dag.py:3096} INFO - Sync 1 DAGs
[2024-05-12T20:37:18.551+0500] {logging_mixin.py:188} INFO - [2024-05-12T20:37:18.551+0500] {dag.py:3954} INFO - Setting next_dagrun for tutorial_dag to None, run_after=None
[2024-05-12T20:37:18.578+0500] {processor.py:183} INFO - Processing /home/awahab02/mlops_assignment_2/myenv/lib/python3.10/site-packages/airflow/example_dags/tutorial_dag.py took 0.095 seconds
[2024-05-12T20:38:43.565+0500] {processor.py:161} INFO - Started process (PID=16218) to work on /home/awahab02/mlops_assignment_2/myenv/lib/python3.10/site-packages/airflow/example_dags/tutorial_dag.py
[2024-05-12T20:38:43.566+0500] {processor.py:830} INFO - Processing file /home/awahab02/mlops_assignment_2/myenv/lib/python3.10/site-packages/airflow/example_dags/tutorial_dag.py for tasks to queue
[2024-05-12T20:38:43.567+0500] {logging_mixin.py:188} INFO - [2024-05-12T20:38:43.567+0500] {dagbag.py:545} INFO - Filling up the DagBag from /home/awahab02/mlops_assignment_2/myenv/lib/python3.10/site-packages/airflow/example_dags/tutorial_dag.py
[2024-05-12T20:38:43.571+0500] {processor.py:840} INFO - DAG(s) 'tutorial_dag' retrieved from /home/awahab02/mlops_assignment_2/myenv/lib/python3.10/site-packages/airflow/example_dags/tutorial_dag.py
[2024-05-12T20:38:43.590+0500] {logging_mixin.py:188} INFO - [2024-05-12T20:38:43.590+0500] {dag.py:3096} INFO - Sync 1 DAGs
[2024-05-12T20:38:43.598+0500] {logging_mixin.py:188} INFO - [2024-05-12T20:38:43.598+0500] {dag.py:3954} INFO - Setting next_dagrun for tutorial_dag to None, run_after=None
[2024-05-12T20:38:43.625+0500] {processor.py:183} INFO - Processing /home/awahab02/mlops_assignment_2/myenv/lib/python3.10/site-packages/airflow/example_dags/tutorial_dag.py took 0.067 seconds
[2024-05-12T20:39:35.210+0500] {processor.py:161} INFO - Started process (PID=16495) to work on /home/awahab02/mlops_assignment_2/myenv/lib/python3.10/site-packages/airflow/example_dags/tutorial_dag.py
[2024-05-12T20:39:35.211+0500] {processor.py:830} INFO - Processing file /home/awahab02/mlops_assignment_2/myenv/lib/python3.10/site-packages/airflow/example_dags/tutorial_dag.py for tasks to queue
[2024-05-12T20:39:35.212+0500] {logging_mixin.py:188} INFO - [2024-05-12T20:39:35.212+0500] {dagbag.py:545} INFO - Filling up the DagBag from /home/awahab02/mlops_assignment_2/myenv/lib/python3.10/site-packages/airflow/example_dags/tutorial_dag.py
[2024-05-12T20:39:35.217+0500] {processor.py:840} INFO - DAG(s) 'tutorial_dag' retrieved from /home/awahab02/mlops_assignment_2/myenv/lib/python3.10/site-packages/airflow/example_dags/tutorial_dag.py
[2024-05-12T20:39:35.232+0500] {logging_mixin.py:188} INFO - [2024-05-12T20:39:35.232+0500] {dag.py:3096} INFO - Sync 1 DAGs
[2024-05-12T20:39:35.245+0500] {logging_mixin.py:188} INFO - [2024-05-12T20:39:35.244+0500] {dag.py:3954} INFO - Setting next_dagrun for tutorial_dag to None, run_after=None
[2024-05-12T20:39:35.271+0500] {processor.py:183} INFO - Processing /home/awahab02/mlops_assignment_2/myenv/lib/python3.10/site-packages/airflow/example_dags/tutorial_dag.py took 0.067 seconds
[2024-05-12T20:40:21.466+0500] {processor.py:161} INFO - Started process (PID=16819) to work on /home/awahab02/mlops_assignment_2/myenv/lib/python3.10/site-packages/airflow/example_dags/tutorial_dag.py
[2024-05-12T20:40:21.496+0500] {processor.py:830} INFO - Processing file /home/awahab02/mlops_assignment_2/myenv/lib/python3.10/site-packages/airflow/example_dags/tutorial_dag.py for tasks to queue
[2024-05-12T20:40:21.499+0500] {logging_mixin.py:188} INFO - [2024-05-12T20:40:21.498+0500] {dagbag.py:545} INFO - Filling up the DagBag from /home/awahab02/mlops_assignment_2/myenv/lib/python3.10/site-packages/airflow/example_dags/tutorial_dag.py
[2024-05-12T20:40:21.509+0500] {processor.py:840} INFO - DAG(s) 'tutorial_dag' retrieved from /home/awahab02/mlops_assignment_2/myenv/lib/python3.10/site-packages/airflow/example_dags/tutorial_dag.py
[2024-05-12T20:40:21.529+0500] {logging_mixin.py:188} INFO - [2024-05-12T20:40:21.529+0500] {dag.py:3096} INFO - Sync 1 DAGs
[2024-05-12T20:40:21.546+0500] {logging_mixin.py:188} INFO - [2024-05-12T20:40:21.546+0500] {dag.py:3954} INFO - Setting next_dagrun for tutorial_dag to None, run_after=None
[2024-05-12T20:40:21.572+0500] {processor.py:183} INFO - Processing /home/awahab02/mlops_assignment_2/myenv/lib/python3.10/site-packages/airflow/example_dags/tutorial_dag.py took 0.111 seconds
[2024-05-12T20:41:06.514+0500] {processor.py:161} INFO - Started process (PID=17137) to work on /home/awahab02/mlops_assignment_2/myenv/lib/python3.10/site-packages/airflow/example_dags/tutorial_dag.py
[2024-05-12T20:41:06.561+0500] {processor.py:830} INFO - Processing file /home/awahab02/mlops_assignment_2/myenv/lib/python3.10/site-packages/airflow/example_dags/tutorial_dag.py for tasks to queue
[2024-05-12T20:41:06.561+0500] {logging_mixin.py:188} INFO - [2024-05-12T20:41:06.561+0500] {dagbag.py:545} INFO - Filling up the DagBag from /home/awahab02/mlops_assignment_2/myenv/lib/python3.10/site-packages/airflow/example_dags/tutorial_dag.py
[2024-05-12T20:41:06.566+0500] {processor.py:840} INFO - DAG(s) 'tutorial_dag' retrieved from /home/awahab02/mlops_assignment_2/myenv/lib/python3.10/site-packages/airflow/example_dags/tutorial_dag.py
[2024-05-12T20:41:06.579+0500] {logging_mixin.py:188} INFO - [2024-05-12T20:41:06.579+0500] {dag.py:3096} INFO - Sync 1 DAGs
[2024-05-12T20:41:06.588+0500] {logging_mixin.py:188} INFO - [2024-05-12T20:41:06.588+0500] {dag.py:3954} INFO - Setting next_dagrun for tutorial_dag to None, run_after=None
[2024-05-12T20:41:06.613+0500] {processor.py:183} INFO - Processing /home/awahab02/mlops_assignment_2/myenv/lib/python3.10/site-packages/airflow/example_dags/tutorial_dag.py took 0.104 seconds
[2024-05-12T20:41:49.613+0500] {processor.py:161} INFO - Started process (PID=17420) to work on /home/awahab02/mlops_assignment_2/myenv/lib/python3.10/site-packages/airflow/example_dags/tutorial_dag.py
[2024-05-12T20:41:49.654+0500] {processor.py:830} INFO - Processing file /home/awahab02/mlops_assignment_2/myenv/lib/python3.10/site-packages/airflow/example_dags/tutorial_dag.py for tasks to queue
[2024-05-12T20:41:49.655+0500] {logging_mixin.py:188} INFO - [2024-05-12T20:41:49.655+0500] {dagbag.py:545} INFO - Filling up the DagBag from /home/awahab02/mlops_assignment_2/myenv/lib/python3.10/site-packages/airflow/example_dags/tutorial_dag.py
[2024-05-12T20:41:49.659+0500] {processor.py:840} INFO - DAG(s) 'tutorial_dag' retrieved from /home/awahab02/mlops_assignment_2/myenv/lib/python3.10/site-packages/airflow/example_dags/tutorial_dag.py
[2024-05-12T20:41:49.672+0500] {logging_mixin.py:188} INFO - [2024-05-12T20:41:49.672+0500] {dag.py:3096} INFO - Sync 1 DAGs
[2024-05-12T20:41:49.681+0500] {logging_mixin.py:188} INFO - [2024-05-12T20:41:49.680+0500] {dag.py:3954} INFO - Setting next_dagrun for tutorial_dag to None, run_after=None
[2024-05-12T20:41:49.705+0500] {processor.py:183} INFO - Processing /home/awahab02/mlops_assignment_2/myenv/lib/python3.10/site-packages/airflow/example_dags/tutorial_dag.py took 0.097 seconds
[2024-05-12T20:42:33.692+0500] {processor.py:161} INFO - Started process (PID=17706) to work on /home/awahab02/mlops_assignment_2/myenv/lib/python3.10/site-packages/airflow/example_dags/tutorial_dag.py
[2024-05-12T20:42:33.694+0500] {processor.py:830} INFO - Processing file /home/awahab02/mlops_assignment_2/myenv/lib/python3.10/site-packages/airflow/example_dags/tutorial_dag.py for tasks to queue
[2024-05-12T20:42:33.695+0500] {logging_mixin.py:188} INFO - [2024-05-12T20:42:33.694+0500] {dagbag.py:545} INFO - Filling up the DagBag from /home/awahab02/mlops_assignment_2/myenv/lib/python3.10/site-packages/airflow/example_dags/tutorial_dag.py
[2024-05-12T20:42:33.698+0500] {processor.py:840} INFO - DAG(s) 'tutorial_dag' retrieved from /home/awahab02/mlops_assignment_2/myenv/lib/python3.10/site-packages/airflow/example_dags/tutorial_dag.py
[2024-05-12T20:42:33.711+0500] {logging_mixin.py:188} INFO - [2024-05-12T20:42:33.711+0500] {dag.py:3096} INFO - Sync 1 DAGs
[2024-05-12T20:42:33.720+0500] {logging_mixin.py:188} INFO - [2024-05-12T20:42:33.720+0500] {dag.py:3954} INFO - Setting next_dagrun for tutorial_dag to None, run_after=None
[2024-05-12T20:42:33.746+0500] {processor.py:183} INFO - Processing /home/awahab02/mlops_assignment_2/myenv/lib/python3.10/site-packages/airflow/example_dags/tutorial_dag.py took 0.059 seconds
[2024-05-12T20:43:19.321+0500] {processor.py:161} INFO - Started process (PID=18045) to work on /home/awahab02/mlops_assignment_2/myenv/lib/python3.10/site-packages/airflow/example_dags/tutorial_dag.py
[2024-05-12T20:43:19.359+0500] {processor.py:830} INFO - Processing file /home/awahab02/mlops_assignment_2/myenv/lib/python3.10/site-packages/airflow/example_dags/tutorial_dag.py for tasks to queue
[2024-05-12T20:43:19.360+0500] {logging_mixin.py:188} INFO - [2024-05-12T20:43:19.360+0500] {dagbag.py:545} INFO - Filling up the DagBag from /home/awahab02/mlops_assignment_2/myenv/lib/python3.10/site-packages/airflow/example_dags/tutorial_dag.py
[2024-05-12T20:43:19.365+0500] {processor.py:840} INFO - DAG(s) 'tutorial_dag' retrieved from /home/awahab02/mlops_assignment_2/myenv/lib/python3.10/site-packages/airflow/example_dags/tutorial_dag.py
[2024-05-12T20:43:19.378+0500] {logging_mixin.py:188} INFO - [2024-05-12T20:43:19.377+0500] {dag.py:3096} INFO - Sync 1 DAGs
[2024-05-12T20:43:19.388+0500] {logging_mixin.py:188} INFO - [2024-05-12T20:43:19.388+0500] {dag.py:3954} INFO - Setting next_dagrun for tutorial_dag to None, run_after=None
[2024-05-12T20:43:19.417+0500] {processor.py:183} INFO - Processing /home/awahab02/mlops_assignment_2/myenv/lib/python3.10/site-packages/airflow/example_dags/tutorial_dag.py took 0.102 seconds
[2024-05-12T20:44:03.605+0500] {processor.py:161} INFO - Started process (PID=18268) to work on /home/awahab02/mlops_assignment_2/myenv/lib/python3.10/site-packages/airflow/example_dags/tutorial_dag.py
[2024-05-12T20:44:03.606+0500] {processor.py:830} INFO - Processing file /home/awahab02/mlops_assignment_2/myenv/lib/python3.10/site-packages/airflow/example_dags/tutorial_dag.py for tasks to queue
[2024-05-12T20:44:03.607+0500] {logging_mixin.py:188} INFO - [2024-05-12T20:44:03.606+0500] {dagbag.py:545} INFO - Filling up the DagBag from /home/awahab02/mlops_assignment_2/myenv/lib/python3.10/site-packages/airflow/example_dags/tutorial_dag.py
[2024-05-12T20:44:03.611+0500] {processor.py:840} INFO - DAG(s) 'tutorial_dag' retrieved from /home/awahab02/mlops_assignment_2/myenv/lib/python3.10/site-packages/airflow/example_dags/tutorial_dag.py
[2024-05-12T20:44:03.630+0500] {logging_mixin.py:188} INFO - [2024-05-12T20:44:03.629+0500] {dag.py:3096} INFO - Sync 1 DAGs
[2024-05-12T20:44:03.639+0500] {logging_mixin.py:188} INFO - [2024-05-12T20:44:03.639+0500] {dag.py:3954} INFO - Setting next_dagrun for tutorial_dag to None, run_after=None
[2024-05-12T20:44:03.672+0500] {processor.py:183} INFO - Processing /home/awahab02/mlops_assignment_2/myenv/lib/python3.10/site-packages/airflow/example_dags/tutorial_dag.py took 0.072 seconds
