[2024-05-12T20:32:24.256+0500] {local_task_job_runner.py:120} INFO - ::group::Pre task execution logs
[2024-05-12T20:32:24.269+0500] {taskinstance.py:2076} INFO - Dependencies all met for dep_context=non-requeueable deps ti=<TaskInstance: extract_transform_load_data_dag.extract_data manual__2024-05-12T15:32:20.356671+00:00 [queued]>
[2024-05-12T20:32:24.273+0500] {taskinstance.py:2076} INFO - Dependencies all met for dep_context=requeueable deps ti=<TaskInstance: extract_transform_load_data_dag.extract_data manual__2024-05-12T15:32:20.356671+00:00 [queued]>
[2024-05-12T20:32:24.273+0500] {taskinstance.py:2306} INFO - Starting attempt 1 of 2
[2024-05-12T20:32:24.293+0500] {taskinstance.py:2330} INFO - Executing <Task(PythonOperator): extract_data> on 2024-05-12 15:32:20.356671+00:00
[2024-05-12T20:32:24.296+0500] {standard_task_runner.py:63} INFO - Started process 13602 to run task
[2024-05-12T20:32:24.299+0500] {standard_task_runner.py:90} INFO - Running: ['airflow', 'tasks', 'run', 'extract_transform_load_data_dag', 'extract_data', 'manual__2024-05-12T15:32:20.356671+00:00', '--job-id', '4', '--raw', '--subdir', '/home/awahab02/mlops_assignment_2/myenv/lib/python3.10/site-packages/airflow/example_dags/dagfile.py', '--cfg-path', '/tmp/tmpbtjneqy4']
[2024-05-12T20:32:24.299+0500] {standard_task_runner.py:91} INFO - Job 4: Subtask extract_data
[2024-05-12T20:32:24.339+0500] {task_command.py:426} INFO - Running <TaskInstance: extract_transform_load_data_dag.extract_data manual__2024-05-12T15:32:20.356671+00:00 [running]> on host LAPTOP-DNNCGPVF.
[2024-05-12T20:32:24.481+0500] {taskinstance.py:2648} INFO - Exporting env vars: AIRFLOW_CTX_DAG_OWNER='airflow' AIRFLOW_CTX_DAG_ID='extract_transform_load_data_dag' AIRFLOW_CTX_TASK_ID='extract_data' AIRFLOW_CTX_EXECUTION_DATE='2024-05-12T15:32:20.356671+00:00' AIRFLOW_CTX_TRY_NUMBER='1' AIRFLOW_CTX_DAG_RUN_ID='manual__2024-05-12T15:32:20.356671+00:00'
[2024-05-12T20:32:24.482+0500] {taskinstance.py:430} INFO - ::endgroup::
[2024-05-12T20:32:25.333+0500] {logging_mixin.py:188} INFO - Total links: 522
[2024-05-12T20:32:25.333+0500] {logging_mixin.py:188} INFO - Extracting articles from BBC...
[2024-05-12T20:32:25.840+0500] {logging_mixin.py:188} INFO - 83/522 links done from BBC.
[2024-05-12T20:32:26.271+0500] {logging_mixin.py:188} INFO - 146/522 links done from BBC.
[2024-05-12T20:32:26.848+0500] {logging_mixin.py:188} INFO - 156/522 links done from BBC.
[2024-05-12T20:32:27.249+0500] {logging_mixin.py:188} INFO - 183/522 links done from BBC.
[2024-05-12T20:32:27.640+0500] {logging_mixin.py:188} INFO - 194/522 links done from BBC.
[2024-05-12T20:32:28.734+0500] {logging_mixin.py:188} INFO - 198/522 links done from BBC.
[2024-05-12T20:32:29.050+0500] {logging_mixin.py:188} INFO - 199/522 links done from BBC.
[2024-05-12T20:32:29.549+0500] {logging_mixin.py:188} INFO - 202/522 links done from BBC.
[2024-05-12T20:32:29.886+0500] {logging_mixin.py:188} INFO - 203/522 links done from BBC.
[2024-05-12T20:32:30.155+0500] {logging_mixin.py:188} INFO - 204/522 links done from BBC.
[2024-05-12T20:32:30.155+0500] {logging_mixin.py:188} INFO - Extracting articles from Dawn...
[2024-05-12T20:32:31.033+0500] {logging_mixin.py:188} INFO - 212/522 links done from Dawn.
[2024-05-12T20:32:31.552+0500] {logging_mixin.py:188} INFO - 214/522 links done from Dawn.
[2024-05-12T20:32:31.960+0500] {logging_mixin.py:188} INFO - 217/522 links done from Dawn.
[2024-05-12T20:32:32.273+0500] {logging_mixin.py:188} INFO - 221/522 links done from Dawn.
[2024-05-12T20:32:32.688+0500] {logging_mixin.py:188} INFO - 237/522 links done from Dawn.
[2024-05-12T20:32:33.024+0500] {logging_mixin.py:188} INFO - 254/522 links done from Dawn.
[2024-05-12T20:32:33.374+0500] {logging_mixin.py:188} INFO - 255/522 links done from Dawn.
[2024-05-12T20:32:33.712+0500] {logging_mixin.py:188} INFO - 256/522 links done from Dawn.
[2024-05-12T20:32:34.039+0500] {logging_mixin.py:188} INFO - 257/522 links done from Dawn.
[2024-05-12T20:32:34.359+0500] {logging_mixin.py:188} INFO - 258/522 links done from Dawn.
[2024-05-12T20:32:34.667+0500] {logging_mixin.py:188} INFO - 259/522 links done from Dawn.
[2024-05-12T20:32:34.993+0500] {logging_mixin.py:188} INFO - 260/522 links done from Dawn.
[2024-05-12T20:32:35.325+0500] {logging_mixin.py:188} INFO - 261/522 links done from Dawn.
[2024-05-12T20:32:35.634+0500] {logging_mixin.py:188} INFO - 262/522 links done from Dawn.
[2024-05-12T20:32:36.045+0500] {logging_mixin.py:188} INFO - 263/522 links done from Dawn.
[2024-05-12T20:32:36.356+0500] {logging_mixin.py:188} INFO - 264/522 links done from Dawn.
[2024-05-12T20:32:36.676+0500] {logging_mixin.py:188} INFO - 265/522 links done from Dawn.
[2024-05-12T20:32:37.027+0500] {logging_mixin.py:188} INFO - 266/522 links done from Dawn.
[2024-05-12T20:32:37.375+0500] {logging_mixin.py:188} INFO - 267/522 links done from Dawn.
[2024-05-12T20:32:37.745+0500] {logging_mixin.py:188} INFO - 268/522 links done from Dawn.
[2024-05-12T20:32:38.099+0500] {logging_mixin.py:188} INFO - 269/522 links done from Dawn.
[2024-05-12T20:32:38.445+0500] {logging_mixin.py:188} INFO - 270/522 links done from Dawn.
[2024-05-12T20:32:38.839+0500] {logging_mixin.py:188} INFO - 271/522 links done from Dawn.
[2024-05-12T20:32:39.154+0500] {logging_mixin.py:188} INFO - 272/522 links done from Dawn.
[2024-05-12T20:32:39.567+0500] {logging_mixin.py:188} INFO - 273/522 links done from Dawn.
[2024-05-12T20:32:39.873+0500] {logging_mixin.py:188} INFO - 274/522 links done from Dawn.
[2024-05-12T20:32:40.196+0500] {logging_mixin.py:188} INFO - 275/522 links done from Dawn.
[2024-05-12T20:32:40.527+0500] {logging_mixin.py:188} INFO - 276/522 links done from Dawn.
[2024-05-12T20:32:40.869+0500] {logging_mixin.py:188} INFO - 296/522 links done from Dawn.
[2024-05-12T20:32:41.229+0500] {logging_mixin.py:188} INFO - 297/522 links done from Dawn.
[2024-05-12T20:32:41.559+0500] {logging_mixin.py:188} INFO - 298/522 links done from Dawn.
[2024-05-12T20:32:41.837+0500] {logging_mixin.py:188} INFO - 299/522 links done from Dawn.
[2024-05-12T20:32:42.113+0500] {logging_mixin.py:188} INFO - 300/522 links done from Dawn.
[2024-05-12T20:32:42.434+0500] {logging_mixin.py:188} INFO - 301/522 links done from Dawn.
[2024-05-12T20:32:42.693+0500] {logging_mixin.py:188} INFO - 302/522 links done from Dawn.
[2024-05-12T20:32:43.014+0500] {logging_mixin.py:188} INFO - 303/522 links done from Dawn.
[2024-05-12T20:32:43.343+0500] {logging_mixin.py:188} INFO - 304/522 links done from Dawn.
[2024-05-12T20:32:43.695+0500] {logging_mixin.py:188} INFO - 305/522 links done from Dawn.
[2024-05-12T20:32:43.987+0500] {logging_mixin.py:188} INFO - 308/522 links done from Dawn.
[2024-05-12T20:32:44.254+0500] {logging_mixin.py:188} INFO - 309/522 links done from Dawn.
[2024-05-12T20:32:44.565+0500] {logging_mixin.py:188} INFO - 310/522 links done from Dawn.
[2024-05-12T20:32:44.854+0500] {logging_mixin.py:188} INFO - 311/522 links done from Dawn.
[2024-05-12T20:32:45.464+0500] {logging_mixin.py:188} INFO - 312/522 links done from Dawn.
[2024-05-12T20:32:46.104+0500] {logging_mixin.py:188} INFO - 313/522 links done from Dawn.
[2024-05-12T20:32:46.496+0500] {logging_mixin.py:188} INFO - 314/522 links done from Dawn.
[2024-05-12T20:32:46.758+0500] {logging_mixin.py:188} INFO - 315/522 links done from Dawn.
[2024-05-12T20:32:47.246+0500] {logging_mixin.py:188} INFO - 316/522 links done from Dawn.
[2024-05-12T20:32:47.598+0500] {logging_mixin.py:188} INFO - 317/522 links done from Dawn.
[2024-05-12T20:32:48.095+0500] {logging_mixin.py:188} INFO - 318/522 links done from Dawn.
[2024-05-12T20:32:48.393+0500] {logging_mixin.py:188} INFO - 319/522 links done from Dawn.
[2024-05-12T20:32:48.671+0500] {logging_mixin.py:188} INFO - 320/522 links done from Dawn.
[2024-05-12T20:32:48.956+0500] {logging_mixin.py:188} INFO - 321/522 links done from Dawn.
[2024-05-12T20:32:49.222+0500] {logging_mixin.py:188} INFO - 322/522 links done from Dawn.
[2024-05-12T20:32:49.493+0500] {logging_mixin.py:188} INFO - 323/522 links done from Dawn.
[2024-05-12T20:32:49.754+0500] {logging_mixin.py:188} INFO - 324/522 links done from Dawn.
[2024-05-12T20:32:50.024+0500] {logging_mixin.py:188} INFO - 325/522 links done from Dawn.
[2024-05-12T20:32:50.285+0500] {logging_mixin.py:188} INFO - 326/522 links done from Dawn.
[2024-05-12T20:32:50.534+0500] {logging_mixin.py:188} INFO - 327/522 links done from Dawn.
[2024-05-12T20:32:50.793+0500] {logging_mixin.py:188} INFO - 328/522 links done from Dawn.
[2024-05-12T20:32:51.046+0500] {logging_mixin.py:188} INFO - 330/522 links done from Dawn.
[2024-05-12T20:32:51.367+0500] {logging_mixin.py:188} INFO - 331/522 links done from Dawn.
[2024-05-12T20:32:51.625+0500] {logging_mixin.py:188} INFO - 333/522 links done from Dawn.
[2024-05-12T20:32:51.896+0500] {logging_mixin.py:188} INFO - 334/522 links done from Dawn.
[2024-05-12T20:32:52.157+0500] {logging_mixin.py:188} INFO - 336/522 links done from Dawn.
[2024-05-12T20:32:52.414+0500] {logging_mixin.py:188} INFO - 337/522 links done from Dawn.
[2024-05-12T20:32:52.690+0500] {logging_mixin.py:188} INFO - 339/522 links done from Dawn.
[2024-05-12T20:32:52.963+0500] {logging_mixin.py:188} INFO - 340/522 links done from Dawn.
[2024-05-12T20:32:53.705+0500] {logging_mixin.py:188} INFO - 342/522 links done from Dawn.
[2024-05-12T20:32:53.954+0500] {logging_mixin.py:188} INFO - 344/522 links done from Dawn.
[2024-05-12T20:32:54.269+0500] {logging_mixin.py:188} INFO - 345/522 links done from Dawn.
[2024-05-12T20:32:54.545+0500] {logging_mixin.py:188} INFO - 346/522 links done from Dawn.
[2024-05-12T20:32:54.815+0500] {logging_mixin.py:188} INFO - 347/522 links done from Dawn.
[2024-05-12T20:32:55.078+0500] {logging_mixin.py:188} INFO - 348/522 links done from Dawn.
[2024-05-12T20:32:55.377+0500] {logging_mixin.py:188} INFO - 349/522 links done from Dawn.
[2024-05-12T20:32:55.638+0500] {logging_mixin.py:188} INFO - 350/522 links done from Dawn.
[2024-05-12T20:32:55.897+0500] {logging_mixin.py:188} INFO - 351/522 links done from Dawn.
[2024-05-12T20:32:56.159+0500] {logging_mixin.py:188} INFO - 352/522 links done from Dawn.
[2024-05-12T20:32:56.426+0500] {logging_mixin.py:188} INFO - 353/522 links done from Dawn.
[2024-05-12T20:32:56.699+0500] {logging_mixin.py:188} INFO - 354/522 links done from Dawn.
[2024-05-12T20:32:56.950+0500] {logging_mixin.py:188} INFO - 355/522 links done from Dawn.
[2024-05-12T20:32:57.228+0500] {logging_mixin.py:188} INFO - 356/522 links done from Dawn.
[2024-05-12T20:32:57.555+0500] {logging_mixin.py:188} INFO - 357/522 links done from Dawn.
[2024-05-12T20:32:57.828+0500] {logging_mixin.py:188} INFO - 358/522 links done from Dawn.
[2024-05-12T20:32:58.092+0500] {logging_mixin.py:188} INFO - 360/522 links done from Dawn.
[2024-05-12T20:32:58.378+0500] {logging_mixin.py:188} INFO - 361/522 links done from Dawn.
[2024-05-12T20:32:59.756+0500] {logging_mixin.py:188} INFO - 362/522 links done from Dawn.
[2024-05-12T20:33:00.026+0500] {logging_mixin.py:188} INFO - 363/522 links done from Dawn.
[2024-05-12T20:33:00.322+0500] {logging_mixin.py:188} INFO - 364/522 links done from Dawn.
[2024-05-12T20:33:00.605+0500] {logging_mixin.py:188} INFO - 365/522 links done from Dawn.
[2024-05-12T20:33:00.936+0500] {logging_mixin.py:188} INFO - 366/522 links done from Dawn.
[2024-05-12T20:33:01.224+0500] {logging_mixin.py:188} INFO - 367/522 links done from Dawn.
[2024-05-12T20:33:01.492+0500] {logging_mixin.py:188} INFO - 368/522 links done from Dawn.
[2024-05-12T20:33:01.769+0500] {logging_mixin.py:188} INFO - 369/522 links done from Dawn.
[2024-05-12T20:33:02.041+0500] {logging_mixin.py:188} INFO - 370/522 links done from Dawn.
[2024-05-12T20:33:02.300+0500] {logging_mixin.py:188} INFO - 371/522 links done from Dawn.
[2024-05-12T20:33:02.569+0500] {logging_mixin.py:188} INFO - 372/522 links done from Dawn.
[2024-05-12T20:33:02.831+0500] {logging_mixin.py:188} INFO - 373/522 links done from Dawn.
[2024-05-12T20:33:03.093+0500] {logging_mixin.py:188} INFO - 374/522 links done from Dawn.
[2024-05-12T20:33:03.353+0500] {logging_mixin.py:188} INFO - 375/522 links done from Dawn.
[2024-05-12T20:33:03.661+0500] {logging_mixin.py:188} INFO - 377/522 links done from Dawn.
[2024-05-12T20:33:03.929+0500] {logging_mixin.py:188} INFO - 378/522 links done from Dawn.
[2024-05-12T20:33:04.191+0500] {logging_mixin.py:188} INFO - 379/522 links done from Dawn.
[2024-05-12T20:33:04.450+0500] {logging_mixin.py:188} INFO - 380/522 links done from Dawn.
[2024-05-12T20:33:04.702+0500] {logging_mixin.py:188} INFO - 381/522 links done from Dawn.
[2024-05-12T20:33:04.954+0500] {logging_mixin.py:188} INFO - 382/522 links done from Dawn.
[2024-05-12T20:33:05.241+0500] {logging_mixin.py:188} INFO - 383/522 links done from Dawn.
[2024-05-12T20:33:05.499+0500] {logging_mixin.py:188} INFO - 384/522 links done from Dawn.
[2024-05-12T20:33:05.814+0500] {logging_mixin.py:188} INFO - 385/522 links done from Dawn.
[2024-05-12T20:33:06.069+0500] {logging_mixin.py:188} INFO - 386/522 links done from Dawn.
[2024-05-12T20:33:06.322+0500] {logging_mixin.py:188} INFO - 387/522 links done from Dawn.
[2024-05-12T20:33:06.726+0500] {logging_mixin.py:188} INFO - 388/522 links done from Dawn.
[2024-05-12T20:33:07.039+0500] {logging_mixin.py:188} INFO - 390/522 links done from Dawn.
[2024-05-12T20:33:07.319+0500] {logging_mixin.py:188} INFO - 391/522 links done from Dawn.
[2024-05-12T20:33:07.573+0500] {logging_mixin.py:188} INFO - 392/522 links done from Dawn.
[2024-05-12T20:33:07.838+0500] {logging_mixin.py:188} INFO - 393/522 links done from Dawn.
[2024-05-12T20:33:08.095+0500] {logging_mixin.py:188} INFO - 394/522 links done from Dawn.
[2024-05-12T20:33:08.364+0500] {logging_mixin.py:188} INFO - 395/522 links done from Dawn.
[2024-05-12T20:33:08.617+0500] {logging_mixin.py:188} INFO - 396/522 links done from Dawn.
[2024-05-12T20:33:08.883+0500] {logging_mixin.py:188} INFO - 397/522 links done from Dawn.
[2024-05-12T20:33:09.141+0500] {logging_mixin.py:188} INFO - 398/522 links done from Dawn.
[2024-05-12T20:33:09.417+0500] {logging_mixin.py:188} INFO - 399/522 links done from Dawn.
[2024-05-12T20:33:09.685+0500] {logging_mixin.py:188} INFO - 400/522 links done from Dawn.
[2024-05-12T20:33:09.950+0500] {logging_mixin.py:188} INFO - 401/522 links done from Dawn.
[2024-05-12T20:33:10.212+0500] {logging_mixin.py:188} INFO - 403/522 links done from Dawn.
[2024-05-12T20:33:10.474+0500] {logging_mixin.py:188} INFO - 404/522 links done from Dawn.
[2024-05-12T20:33:10.739+0500] {logging_mixin.py:188} INFO - 405/522 links done from Dawn.
[2024-05-12T20:33:10.994+0500] {logging_mixin.py:188} INFO - 406/522 links done from Dawn.
[2024-05-12T20:33:11.250+0500] {logging_mixin.py:188} INFO - 407/522 links done from Dawn.
[2024-05-12T20:33:11.567+0500] {logging_mixin.py:188} INFO - 408/522 links done from Dawn.
[2024-05-12T20:33:11.889+0500] {logging_mixin.py:188} INFO - 409/522 links done from Dawn.
[2024-05-12T20:33:12.180+0500] {logging_mixin.py:188} INFO - 410/522 links done from Dawn.
[2024-05-12T20:33:12.450+0500] {logging_mixin.py:188} INFO - 411/522 links done from Dawn.
[2024-05-12T20:33:12.703+0500] {logging_mixin.py:188} INFO - 412/522 links done from Dawn.
[2024-05-12T20:33:13.027+0500] {logging_mixin.py:188} INFO - 413/522 links done from Dawn.
[2024-05-12T20:33:13.288+0500] {logging_mixin.py:188} INFO - 414/522 links done from Dawn.
[2024-05-12T20:33:13.594+0500] {logging_mixin.py:188} INFO - 418/522 links done from Dawn.
[2024-05-12T20:33:13.851+0500] {logging_mixin.py:188} INFO - 421/522 links done from Dawn.
[2024-05-12T20:33:14.117+0500] {logging_mixin.py:188} INFO - 424/522 links done from Dawn.
[2024-05-12T20:33:14.382+0500] {logging_mixin.py:188} INFO - 426/522 links done from Dawn.
[2024-05-12T20:33:14.646+0500] {logging_mixin.py:188} INFO - 427/522 links done from Dawn.
[2024-05-12T20:33:14.912+0500] {logging_mixin.py:188} INFO - 428/522 links done from Dawn.
[2024-05-12T20:33:15.170+0500] {logging_mixin.py:188} INFO - 429/522 links done from Dawn.
[2024-05-12T20:33:15.438+0500] {logging_mixin.py:188} INFO - 430/522 links done from Dawn.
[2024-05-12T20:33:15.702+0500] {logging_mixin.py:188} INFO - 431/522 links done from Dawn.
[2024-05-12T20:33:15.979+0500] {logging_mixin.py:188} INFO - 432/522 links done from Dawn.
[2024-05-12T20:33:16.236+0500] {logging_mixin.py:188} INFO - 433/522 links done from Dawn.
[2024-05-12T20:33:16.511+0500] {logging_mixin.py:188} INFO - 434/522 links done from Dawn.
[2024-05-12T20:33:16.761+0500] {logging_mixin.py:188} INFO - 436/522 links done from Dawn.
[2024-05-12T20:33:17.080+0500] {logging_mixin.py:188} INFO - 437/522 links done from Dawn.
[2024-05-12T20:33:17.357+0500] {logging_mixin.py:188} INFO - 438/522 links done from Dawn.
[2024-05-12T20:33:17.651+0500] {logging_mixin.py:188} INFO - 439/522 links done from Dawn.
[2024-05-12T20:33:17.979+0500] {logging_mixin.py:188} INFO - 440/522 links done from Dawn.
[2024-05-12T20:33:18.251+0500] {logging_mixin.py:188} INFO - 441/522 links done from Dawn.
[2024-05-12T20:33:18.556+0500] {logging_mixin.py:188} INFO - 442/522 links done from Dawn.
[2024-05-12T20:33:18.817+0500] {logging_mixin.py:188} INFO - 443/522 links done from Dawn.
[2024-05-12T20:33:19.105+0500] {logging_mixin.py:188} INFO - 444/522 links done from Dawn.
[2024-05-12T20:33:19.394+0500] {logging_mixin.py:188} INFO - 446/522 links done from Dawn.
[2024-05-12T20:33:20.209+0500] {logging_mixin.py:188} INFO - 447/522 links done from Dawn.
[2024-05-12T20:33:20.473+0500] {logging_mixin.py:188} INFO - 448/522 links done from Dawn.
[2024-05-12T20:33:20.730+0500] {logging_mixin.py:188} INFO - 449/522 links done from Dawn.
[2024-05-12T20:33:20.991+0500] {logging_mixin.py:188} INFO - 450/522 links done from Dawn.
[2024-05-12T20:33:21.249+0500] {logging_mixin.py:188} INFO - 451/522 links done from Dawn.
[2024-05-12T20:33:21.524+0500] {logging_mixin.py:188} INFO - 452/522 links done from Dawn.
[2024-05-12T20:33:21.880+0500] {logging_mixin.py:188} INFO - 453/522 links done from Dawn.
[2024-05-12T20:33:22.135+0500] {logging_mixin.py:188} INFO - 454/522 links done from Dawn.
[2024-05-12T20:33:22.425+0500] {logging_mixin.py:188} INFO - 456/522 links done from Dawn.
[2024-05-12T20:33:22.693+0500] {logging_mixin.py:188} INFO - 457/522 links done from Dawn.
[2024-05-12T20:33:22.953+0500] {logging_mixin.py:188} INFO - 458/522 links done from Dawn.
[2024-05-12T20:33:23.209+0500] {logging_mixin.py:188} INFO - 459/522 links done from Dawn.
[2024-05-12T20:33:23.471+0500] {logging_mixin.py:188} INFO - 460/522 links done from Dawn.
[2024-05-12T20:33:23.730+0500] {logging_mixin.py:188} INFO - 461/522 links done from Dawn.
[2024-05-12T20:33:23.989+0500] {logging_mixin.py:188} INFO - 462/522 links done from Dawn.
[2024-05-12T20:33:24.242+0500] {logging_mixin.py:188} INFO - 463/522 links done from Dawn.
[2024-05-12T20:33:24.505+0500] {logging_mixin.py:188} INFO - 464/522 links done from Dawn.
[2024-05-12T20:33:24.753+0500] {logging_mixin.py:188} INFO - 466/522 links done from Dawn.
[2024-05-12T20:33:25.070+0500] {logging_mixin.py:188} INFO - 467/522 links done from Dawn.
[2024-05-12T20:33:25.326+0500] {logging_mixin.py:188} INFO - 468/522 links done from Dawn.
[2024-05-12T20:33:25.588+0500] {logging_mixin.py:188} INFO - 469/522 links done from Dawn.
[2024-05-12T20:33:25.849+0500] {logging_mixin.py:188} INFO - 471/522 links done from Dawn.
[2024-05-12T20:33:26.134+0500] {logging_mixin.py:188} INFO - 472/522 links done from Dawn.
[2024-05-12T20:33:26.465+0500] {logging_mixin.py:188} INFO - 473/522 links done from Dawn.
[2024-05-12T20:33:26.741+0500] {logging_mixin.py:188} INFO - 474/522 links done from Dawn.
[2024-05-12T20:33:27.324+0500] {logging_mixin.py:188} INFO - 488/522 links done from Dawn.
[2024-05-12T20:33:27.784+0500] {logging_mixin.py:188} INFO - 490/522 links done from Dawn.
[2024-05-12T20:33:27.786+0500] {logging_mixin.py:188} INFO - Data saved to data.csv
[2024-05-12T20:33:27.787+0500] {python.py:237} INFO - Done. Returned value was: None
[2024-05-12T20:33:27.787+0500] {taskinstance.py:441} INFO - ::group::Post task execution logs
[2024-05-12T20:33:27.792+0500] {taskinstance.py:1206} INFO - Marking task as SUCCESS. dag_id=extract_transform_load_data_dag, task_id=extract_data, run_id=manual__2024-05-12T15:32:20.356671+00:00, execution_date=20240512T153220, start_date=20240512T153224, end_date=20240512T153327
[2024-05-12T20:33:27.854+0500] {local_task_job_runner.py:240} INFO - Task exited with return code 0
[2024-05-12T20:33:27.868+0500] {taskinstance.py:3498} INFO - 1 downstream tasks scheduled from follow-on schedule check
[2024-05-12T20:33:27.880+0500] {local_task_job_runner.py:222} INFO - ::endgroup::
